Mon Dec 16 07:29:22 2024       
+-----------------------------------------------------------------------------------------+
| NVIDIA-SMI 565.57.01              Driver Version: 565.57.01      CUDA Version: 12.7     |
|-----------------------------------------+------------------------+----------------------+
| GPU  Name                 Persistence-M | Bus-Id          Disp.A | Volatile Uncorr. ECC |
| Fan  Temp   Perf          Pwr:Usage/Cap |           Memory-Usage | GPU-Util  Compute M. |
|                                         |                        |               MIG M. |
|=========================================+========================+======================|
|   0  Tesla V100-PCIE-32GB           On  |   00000000:D8:00.0 Off |                    0 |
| N/A   28C    P0             24W /  250W |       1MiB /  32768MiB |      0%   E. Process |
|                                         |                        |                  N/A |
+-----------------------------------------+------------------------+----------------------+
                                                                                         
+-----------------------------------------------------------------------------------------+
| Processes:                                                                              |
|  GPU   GI   CI        PID   Type   Process name                              GPU Memory |
|        ID   ID                                                               Usage      |
|=========================================================================================|
|  No running processes found                                                             |
+-----------------------------------------------------------------------------------------+
cuda
Tesla V100-PCIE-32GB
Epoch: 1	TL: 4.794e-01	VL: 7.419e-02	 7.419e-02	 adam_lr:0.0005
Epoch: 2	TL: 4.747e-02	VL: 3.320e-02	 7.009e-02	 adam_lr:0.0005
Epoch: 3	TL: 2.249e-02	VL: 4.009e-02	 6.709e-02	 adam_lr:0.0005
Epoch: 4	TL: 1.533e-02	VL: 1.944e-02	 6.232e-02	 adam_lr:0.0005
Epoch: 5	TL: 1.207e-02	VL: 1.681e-02	 5.777e-02	 adam_lr:0.0005
Epoch: 6	TL: 1.044e-02	VL: 6.239e-03	 5.262e-02	 adam_lr:0.0005
Epoch: 7	TL: 9.315e-03	VL: 6.581e-03	 4.802e-02	 adam_lr:0.0005
Epoch: 8	TL: 8.330e-03	VL: 1.239e-02	 4.445e-02	 adam_lr:0.0005
Epoch: 9	TL: 7.308e-03	VL: 7.078e-03	 4.072e-02	 adam_lr:0.0005
Epoch: 10	TL: 7.210e-03	VL: 5.795e-03	 3.722e-02	 adam_lr:0.0005
Epoch: 11	TL: 6.533e-03	VL: 7.802e-03	 3.428e-02	 adam_lr:0.0005
Epoch: 12	TL: 5.856e-03	VL: 1.012e-02	 3.187e-02	 adam_lr:0.0005
Epoch: 13	TL: 5.622e-03	VL: 5.614e-03	 2.924e-02	 adam_lr:0.0005
Epoch: 14	TL: 5.701e-03	VL: 5.757e-03	 2.689e-02	 adam_lr:0.0005
Epoch: 15	TL: 4.764e-03	VL: 3.539e-03	 2.456e-02	 adam_lr:0.0005
Epoch: 16	TL: 4.746e-03	VL: 5.325e-03	 2.263e-02	 adam_lr:0.0005
Epoch: 17	TL: 4.630e-03	VL: 3.293e-03	 2.070e-02	 adam_lr:0.0005
Epoch: 18	TL: 4.542e-03	VL: 3.528e-03	 1.898e-02	 adam_lr:0.0005
Epoch: 19	TL: 3.822e-03	VL: 5.157e-03	 1.760e-02	 adam_lr:0.0005
Epoch: 20	TL: 3.882e-03	VL: 3.005e-03	 1.614e-02	 adam_lr:0.0005
Epoch: 21	TL: 3.854e-03	VL: 3.604e-03	 1.489e-02	 adam_lr:0.0005
Epoch: 22	TL: 3.579e-03	VL: 3.080e-03	 1.371e-02	 adam_lr:0.0005
Epoch: 23	TL: 3.547e-03	VL: 2.610e-03	 1.260e-02	 adam_lr:0.0005
Epoch: 24	TL: 3.360e-03	VL: 2.753e-03	 1.161e-02	 adam_lr:0.0005
Epoch: 25	TL: 3.406e-03	VL: 2.857e-03	 1.074e-02	 adam_lr:0.0005
Epoch: 26	TL: 3.069e-03	VL: 6.499e-03	 1.031e-02	 adam_lr:0.0005
Epoch: 27	TL: 3.131e-03	VL: 2.831e-03	 9.565e-03	 adam_lr:0.0005
Epoch: 28	TL: 2.926e-03	VL: 2.114e-03	 8.820e-03	 adam_lr:0.0005
Epoch: 29	TL: 2.892e-03	VL: 2.010e-03	 8.139e-03	 adam_lr:0.0005
Epoch: 30	TL: 2.696e-03	VL: 4.537e-03	 7.778e-03	 adam_lr:0.0005
Epoch: 31	TL: 2.980e-03	VL: 2.805e-03	 7.281e-03	 adam_lr:0.0005
Epoch: 32	TL: 2.740e-03	VL: 3.913e-03	 6.944e-03	 adam_lr:0.0005
Epoch: 33	TL: 2.586e-03	VL: 4.203e-03	 6.670e-03	 adam_lr:0.0005
Epoch: 34	TL: 2.546e-03	VL: 2.517e-03	 6.255e-03	 adam_lr:0.0005
Epoch: 35	TL: 2.678e-03	VL: 2.342e-03	 5.864e-03	 adam_lr:0.0005
Epoch: 36	TL: 2.412e-03	VL: 2.095e-03	 5.487e-03	 adam_lr:0.0005
Epoch: 37	TL: 2.586e-03	VL: 2.335e-03	 5.172e-03	 adam_lr:0.0005
Epoch: 38	TL: 2.218e-03	VL: 4.158e-03	 5.070e-03	 adam_lr:0.0005
Epoch: 39	TL: 2.451e-03	VL: 2.989e-03	 4.862e-03	 adam_lr:0.0005
Epoch: 40	TL: 2.167e-03	VL: 2.568e-03	 4.633e-03	 adam_lr:0.0005
Epoch: 41	TL: 2.426e-03	VL: 2.148e-03	 4.384e-03	 adam_lr:0.0005
Epoch: 42	TL: 2.175e-03	VL: 2.777e-03	 4.224e-03	 adam_lr:0.0005
Epoch: 43	TL: 2.143e-03	VL: 2.039e-03	 4.005e-03	 adam_lr:0.0005
Epoch: 44	TL: 2.303e-03	VL: 3.868e-03	 3.991e-03	 adam_lr:0.0005
Epoch: 45	TL: 1.915e-03	VL: 3.481e-03	 3.940e-03	 adam_lr:0.0005
Epoch: 46	TL: 2.076e-03	VL: 1.821e-03	 3.728e-03	 adam_lr:0.0005
Epoch: 47	TL: 1.992e-03	VL: 2.886e-03	 3.644e-03	 adam_lr:0.0005
Epoch: 48	TL: 2.105e-03	VL: 2.501e-03	 3.530e-03	 adam_lr:0.0005
Epoch: 49	TL: 1.845e-03	VL: 1.770e-03	 3.354e-03	 adam_lr:0.0005
Epoch: 50	TL: 1.854e-03	VL: 1.697e-03	 3.188e-03	 adam_lr:0.0005
Epoch: 51	TL: 2.005e-03	VL: 1.894e-03	 3.059e-03	 adam_lr:0.0005
Epoch: 52	TL: 1.743e-03	VL: 3.190e-03	 3.072e-03	 adam_lr:0.0005
Epoch: 53	TL: 1.834e-03	VL: 1.793e-03	 2.944e-03	 adam_lr:0.0005
Epoch: 54	TL: 1.761e-03	VL: 4.768e-03	 3.126e-03	 adam_lr:0.0005
Epoch: 55	TL: 1.835e-03	VL: 1.586e-03	 2.972e-03	 adam_lr:0.0005
Epoch: 56	TL: 1.754e-03	VL: 1.927e-03	 2.868e-03	 adam_lr:0.0005
Epoch: 57	TL: 1.765e-03	VL: 1.269e-03	 2.708e-03	 adam_lr:0.0005
Epoch: 58	TL: 1.638e-03	VL: 2.491e-03	 2.686e-03	 adam_lr:0.0005
Epoch: 59	TL: 1.753e-03	VL: 2.377e-03	 2.655e-03	 adam_lr:0.0005
Epoch: 60	TL: 1.558e-03	VL: 1.800e-03	 2.570e-03	 adam_lr:0.0005
Epoch: 61	TL: 1.483e-03	VL: 1.523e-03	 2.465e-03	 adam_lr:0.0005
Epoch: 62	TL: 1.646e-03	VL: 2.601e-03	 2.479e-03	 adam_lr:0.0005
Epoch: 63	TL: 1.569e-03	VL: 5.782e-03	 2.809e-03	 adam_lr:0.0005
Epoch: 64	TL: 1.494e-03	VL: 1.516e-03	 2.680e-03	 adam_lr:0.0005
Epoch: 65	TL: 1.749e-03	VL: 1.751e-03	 2.587e-03	 adam_lr:0.0005
Epoch: 66	TL: 1.517e-03	VL: 1.333e-03	 2.461e-03	 adam_lr:0.0005
Epoch: 67	TL: 1.605e-03	VL: 2.383e-03	 2.454e-03	 adam_lr:0.0005
Epoch: 68	TL: 1.485e-03	VL: 3.222e-03	 2.530e-03	 adam_lr:0.0005
Epoch: 69	TL: 1.471e-03	VL: 1.832e-03	 2.461e-03	 adam_lr:0.0005
Epoch: 70	TL: 1.467e-03	VL: 1.852e-03	 2.400e-03	 adam_lr:0.0005
Epoch: 71	TL: 1.538e-03	VL: 1.460e-03	 2.306e-03	 adam_lr:0.0005
Epoch: 72	TL: 1.348e-03	VL: 2.020e-03	 2.277e-03	 adam_lr:0.0005
Epoch: 73	TL: 1.420e-03	VL: 1.312e-03	 2.181e-03	 adam_lr:0.0005
Epoch: 74	TL: 1.429e-03	VL: 1.530e-03	 2.116e-03	 adam_lr:0.0005
Epoch: 75	TL: 1.441e-03	VL: 1.575e-03	 2.061e-03	 adam_lr:0.0005
Epoch: 76	TL: 1.262e-03	VL: 2.077e-03	 2.063e-03	 adam_lr:0.0005
Epoch: 77	TL: 1.379e-03	VL: 1.473e-03	 2.004e-03	 adam_lr:0.0005
Epoch: 78	TL: 1.268e-03	VL: 1.498e-03	 1.953e-03	 adam_lr:0.0005
Epoch: 79	TL: 1.435e-03	VL: 1.327e-03	 1.891e-03	 adam_lr:0.0005
Epoch: 80	TL: 1.307e-03	VL: 2.174e-03	 1.919e-03	 adam_lr:0.0005
Epoch: 81	TL: 1.478e-03	VL: 1.264e-03	 1.854e-03	 adam_lr:0.0005
Epoch: 82	TL: 1.178e-03	VL: 2.966e-03	 1.965e-03	 adam_lr:0.0005
Epoch: 83	TL: 1.224e-03	VL: 1.538e-03	 1.922e-03	 adam_lr:0.0005
Epoch: 84	TL: 1.307e-03	VL: 1.402e-03	 1.870e-03	 adam_lr:0.0005
Epoch: 85	TL: 1.315e-03	VL: 1.662e-03	 1.849e-03	 adam_lr:0.0005
Epoch: 86	TL: 1.269e-03	VL: 1.896e-03	 1.854e-03	 adam_lr:0.0005
Epoch: 87	TL: 1.112e-03	VL: 1.267e-03	 1.795e-03	 adam_lr:0.0005
Epoch: 88	TL: 1.341e-03	VL: 1.647e-03	 1.781e-03	 adam_lr:0.0005
Epoch: 89	TL: 1.182e-03	VL: 1.318e-03	 1.734e-03	 adam_lr:0.0005
Epoch: 90	TL: 1.189e-03	VL: 1.638e-03	 1.725e-03	 adam_lr:0.0005
Epoch: 91	TL: 1.129e-03	VL: 1.346e-03	 1.687e-03	 adam_lr:0.0005
Epoch: 92	TL: 1.214e-03	VL: 1.415e-03	 1.660e-03	 adam_lr:0.0005
Epoch: 93	TL: 1.311e-03	VL: 1.165e-03	 1.610e-03	 adam_lr:0.0005
Epoch: 94	TL: 1.094e-03	VL: 1.497e-03	 1.599e-03	 adam_lr:0.0005
Epoch: 95	TL: 1.240e-03	VL: 1.355e-03	 1.574e-03	 adam_lr:0.0005
Epoch: 96	TL: 1.142e-03	VL: 1.450e-03	 1.562e-03	 adam_lr:0.0005
Epoch: 97	TL: 1.211e-03	VL: 1.486e-03	 1.554e-03	 adam_lr:0.0005
Epoch: 98	TL: 1.197e-03	VL: 1.355e-03	 1.534e-03	 adam_lr:0.0005
Epoch: 99	TL: 1.085e-03	VL: 1.230e-03	 1.504e-03	 adam_lr:0.0005
Epoch: 100	TL: 1.106e-03	VL: 2.674e-03	 1.621e-03	 adam_lr:0.0005
Epoch: 101	TL: 1.122e-03	VL: 1.394e-03	 1.598e-03	 adam_lr:0.0005
Epoch: 102	TL: 1.166e-03	VL: 1.348e-03	 1.573e-03	 adam_lr:0.0005
Epoch: 103	TL: 1.036e-03	VL: 2.763e-03	 1.692e-03	 adam_lr:0.0005
Epoch: 104	TL: 1.100e-03	VL: 1.649e-03	 1.688e-03	 adam_lr:0.0005
Epoch: 105	TL: 1.086e-03	VL: 1.581e-03	 1.677e-03	 adam_lr:0.0005
Epoch: 106	TL: 1.054e-03	VL: 1.211e-03	 1.631e-03	 adam_lr:0.0005
Epoch: 107	TL: 1.082e-03	VL: 1.399e-03	 1.607e-03	 adam_lr:0.0005
Epoch: 108	TL: 1.145e-03	VL: 1.171e-03	 1.564e-03	 adam_lr:0.0005
Epoch: 109	TL: 1.033e-03	VL: 1.124e-03	 1.520e-03	 adam_lr:0.0005
Epoch: 110	TL: 1.145e-03	VL: 1.132e-03	 1.481e-03	 adam_lr:0.0005
Epoch: 111	TL: 9.796e-04	VL: 1.138e-03	 1.447e-03	 adam_lr:0.0005
Epoch: 112	TL: 1.066e-03	VL: 2.050e-03	 1.507e-03	 adam_lr:0.0005
Epoch: 113	TL: 1.001e-03	VL: 1.142e-03	 1.471e-03	 adam_lr:0.0005
Epoch: 114	TL: 1.075e-03	VL: 1.765e-03	 1.500e-03	 adam_lr:0.0005
Epoch: 115	TL: 1.057e-03	VL: 1.297e-03	 1.480e-03	 adam_lr:0.0005
Epoch: 116	TL: 1.019e-03	VL: 3.396e-03	 1.671e-03	 adam_lr:0.0005
Epoch: 117	TL: 1.097e-03	VL: 1.783e-03	 1.682e-03	 adam_lr:0.0005
Epoch: 118	TL: 9.271e-04	VL: 1.135e-03	 1.628e-03	 adam_lr:0.0005
Epoch: 119	TL: 1.066e-03	VL: 1.350e-03	 1.600e-03	 adam_lr:0.0005
Epoch: 120	TL: 9.433e-04	VL: 1.311e-03	 1.571e-03	 adam_lr:0.0005
Epoch: 121	TL: 9.808e-04	VL: 1.158e-03	 1.530e-03	 adam_lr:0.0005
Epoch: 122	TL: 1.051e-03	VL: 1.439e-03	 1.521e-03	 adam_lr:0.0005
Epoch: 123	TL: 9.218e-04	VL: 1.437e-03	 1.512e-03	 adam_lr:0.0005
Epoch: 124	TL: 1.044e-03	VL: 1.065e-03	 1.468e-03	 adam_lr:0.0005
Epoch: 125	TL: 1.001e-03	VL: 1.178e-03	 1.439e-03	 adam_lr:0.0005
Epoch: 126	TL: 9.415e-04	VL: 1.015e-03	 1.396e-03	 adam_lr:0.0005
Epoch: 127	TL: 9.392e-04	VL: 2.072e-03	 1.464e-03	 adam_lr:0.0005
Epoch: 128	TL: 1.015e-03	VL: 2.481e-03	 1.566e-03	 adam_lr:0.0005
Epoch: 129	TL: 8.749e-04	VL: 1.047e-03	 1.514e-03	 adam_lr:0.0005
Epoch: 130	TL: 8.972e-04	VL: 1.150e-03	 1.477e-03	 adam_lr:0.0005
Epoch: 131	TL: 9.270e-04	VL: 1.230e-03	 1.453e-03	 adam_lr:0.0005
Epoch: 132	TL: 9.100e-04	VL: 2.257e-03	 1.533e-03	 adam_lr:0.0005
Epoch: 133	TL: 9.664e-04	VL: 1.362e-03	 1.516e-03	 adam_lr:0.0005
Epoch: 134	TL: 9.071e-04	VL: 2.071e-03	 1.571e-03	 adam_lr:0.0005
Epoch: 135	TL: 9.725e-04	VL: 9.512e-04	 1.509e-03	 adam_lr:0.0005
Epoch: 136	TL: 8.091e-04	VL: 1.087e-03	 1.467e-03	 adam_lr:0.0005
Epoch: 137	TL: 8.771e-04	VL: 1.320e-03	 1.452e-03	 adam_lr:0.0005
Epoch: 138	TL: 9.908e-04	VL: 1.320e-03	 1.439e-03	 adam_lr:0.0005
Epoch: 139	TL: 1.124e-03	VL: 1.337e-03	 1.429e-03	 adam_lr:0.0005
Epoch: 140	TL: 8.238e-04	VL: 1.812e-03	 1.467e-03	 adam_lr:0.0005
Epoch: 141	TL: 8.229e-04	VL: 9.225e-04	 1.413e-03	 adam_lr:0.0005
Epoch: 142	TL: 8.902e-04	VL: 1.757e-03	 1.447e-03	 adam_lr:0.0005
Epoch: 143	TL: 9.026e-04	VL: 1.640e-03	 1.467e-03	 adam_lr:0.0005
Epoch: 144	TL: 8.121e-04	VL: 1.525e-03	 1.472e-03	 adam_lr:0.0005
Epoch: 145	TL: 9.593e-04	VL: 9.988e-04	 1.425e-03	 adam_lr:0.0005
Epoch: 146	TL: 8.173e-04	VL: 1.060e-03	 1.389e-03	 adam_lr:0.0005
Epoch: 147	TL: 8.625e-04	VL: 1.438e-03	 1.393e-03	 adam_lr:0.0005
Epoch: 148	TL: 9.180e-04	VL: 1.270e-03	 1.381e-03	 adam_lr:0.0005
Epoch: 149	TL: 8.260e-04	VL: 9.965e-04	 1.343e-03	 adam_lr:0.0005
Epoch: 150	TL: 9.291e-04	VL: 1.162e-03	 1.325e-03	 adam_lr:0.0005
Epoch: 151	TL: 8.557e-04	VL: 1.303e-03	 1.322e-03	 adam_lr:0.0005
Epoch: 152	TL: 8.227e-04	VL: 1.037e-03	 1.294e-03	 adam_lr:0.0005
Epoch: 153	TL: 8.882e-04	VL: 1.390e-03	 1.303e-03	 adam_lr:0.0005
Epoch: 154	TL: 8.802e-04	VL: 1.972e-03	 1.370e-03	 adam_lr:0.0005
Epoch: 155	TL: 8.986e-04	VL: 1.102e-03	 1.343e-03	 adam_lr:0.0005
Epoch: 156	TL: 8.630e-04	VL: 1.693e-03	 1.378e-03	 adam_lr:0.0005
Epoch: 157	TL: 7.399e-04	VL: 1.090e-03	 1.350e-03	 adam_lr:0.0005
Epoch: 158	TL: 7.802e-04	VL: 9.740e-04	 1.312e-03	 adam_lr:0.0005
Epoch: 159	TL: 9.277e-04	VL: 1.078e-03	 1.289e-03	 adam_lr:0.0005
Epoch: 160	TL: 7.928e-04	VL: 1.395e-03	 1.299e-03	 adam_lr:0.0005
Epoch: 161	TL: 8.610e-04	VL: 1.094e-03	 1.279e-03	 adam_lr:0.0005
Epoch: 162	TL: 7.924e-04	VL: 1.412e-03	 1.292e-03	 adam_lr:0.0005
Epoch: 163	TL: 8.566e-04	VL: 3.269e-03	 1.490e-03	 adam_lr:0.0005
Epoch: 164	TL: 8.062e-04	VL: 1.322e-03	 1.473e-03	 adam_lr:0.0005
Epoch: 165	TL: 8.152e-04	VL: 1.037e-03	 1.429e-03	 adam_lr:0.0005
Epoch: 166	TL: 8.130e-04	VL: 8.557e-04	 1.372e-03	 adam_lr:0.0005
Epoch: 167	TL: 7.836e-04	VL: 1.167e-03	 1.351e-03	 adam_lr:0.0005
Epoch: 168	TL: 8.070e-04	VL: 1.109e-03	 1.327e-03	 adam_lr:0.0005
Epoch: 169	TL: 8.369e-04	VL: 1.187e-03	 1.313e-03	 adam_lr:0.0005
Epoch: 170	TL: 7.552e-04	VL: 8.732e-04	 1.269e-03	 adam_lr:0.0005
Epoch: 171	TL: 8.576e-04	VL: 1.407e-03	 1.283e-03	 adam_lr:0.0005
Epoch: 172	TL: 6.928e-04	VL: 1.094e-03	 1.264e-03	 adam_lr:0.0005
Epoch: 173	TL: 7.726e-04	VL: 1.769e-03	 1.315e-03	 adam_lr:0.0005
Epoch: 174	TL: 8.259e-04	VL: 1.982e-03	 1.381e-03	 adam_lr:0.0005
Epoch: 175	TL: 7.050e-04	VL: 1.025e-03	 1.346e-03	 adam_lr:0.0005
Epoch: 176	TL: 8.098e-04	VL: 1.297e-03	 1.341e-03	 adam_lr:0.0005
Epoch: 177	TL: 8.367e-04	VL: 1.210e-03	 1.328e-03	 adam_lr:0.0005
Epoch: 178	TL: 6.850e-04	VL: 2.138e-03	 1.409e-03	 adam_lr:0.0005
Epoch: 179	TL: 7.630e-04	VL: 1.052e-03	 1.373e-03	 adam_lr:0.0005
Epoch: 180	TL: 7.887e-04	VL: 1.312e-03	 1.367e-03	 adam_lr:0.0005
Epoch: 181	TL: 7.602e-04	VL: 9.394e-04	 1.324e-03	 adam_lr:0.0005
Epoch: 182	TL: 7.708e-04	VL: 1.151e-03	 1.307e-03	 adam_lr:0.0005
Epoch: 183	TL: 7.088e-04	VL: 1.430e-03	 1.319e-03	 adam_lr:0.0005
Epoch: 184	TL: 7.378e-04	VL: 1.351e-03	 1.322e-03	 adam_lr:0.0005
Epoch: 185	TL: 7.511e-04	VL: 1.168e-03	 1.307e-03	 adam_lr:0.0005
Epoch: 186	TL: 7.631e-04	VL: 9.838e-04	 1.275e-03	 adam_lr:0.0005
Epoch: 187	TL: 7.447e-04	VL: 1.249e-03	 1.272e-03	 adam_lr:0.0005
Epoch: 188	TL: 7.330e-04	VL: 1.158e-03	 1.261e-03	 adam_lr:0.0005
Epoch: 189	TL: 7.066e-04	VL: 1.170e-03	 1.252e-03	 adam_lr:0.0005
Epoch: 190	TL: 8.072e-04	VL: 1.174e-03	 1.244e-03	 adam_lr:0.0005
Epoch: 191	TL: 7.460e-04	VL: 2.305e-03	 1.350e-03	 adam_lr:0.0005
Epoch: 192	TL: 6.699e-04	VL: 1.263e-03	 1.341e-03	 adam_lr:0.0005
Epoch: 193	TL: 7.157e-04	VL: 1.020e-03	 1.309e-03	 adam_lr:0.0005
Epoch: 194	TL: 7.182e-04	VL: 9.542e-04	 1.274e-03	 adam_lr:0.0005
Epoch: 195	TL: 7.666e-04	VL: 1.001e-03	 1.246e-03	 adam_lr:0.0005
Epoch: 196	TL: 6.564e-04	VL: 1.456e-03	 1.267e-03	 adam_lr:0.0005
Epoch: 197	TL: 7.141e-04	VL: 1.224e-03	 1.263e-03	 adam_lr:0.0005
Epoch: 198	TL: 7.725e-04	VL: 1.142e-03	 1.251e-03	 adam_lr:0.0005
Epoch: 199	TL: 6.469e-04	VL: 1.125e-03	 1.238e-03	 adam_lr:0.0005
Epoch: 200	TL: 7.639e-04	VL: 1.060e-03	 1.221e-03	 adam_lr:0.0005
Epoch: 201	TL: 6.634e-04	VL: 9.836e-04	 1.197e-03	 adam_lr:0.0005
Epoch: 202	TL: 7.462e-04	VL: 9.360e-04	 1.171e-03	 adam_lr:0.0005
Epoch: 203	TL: 6.747e-04	VL: 8.277e-04	 1.136e-03	 adam_lr:0.0005
Epoch: 204	TL: 7.144e-04	VL: 1.231e-03	 1.146e-03	 adam_lr:0.0005
Epoch: 205	TL: 7.380e-04	VL: 1.336e-03	 1.165e-03	 adam_lr:0.0005
Epoch: 206	TL: 6.550e-04	VL: 9.919e-04	 1.148e-03	 adam_lr:0.0005
Epoch: 207	TL: 6.949e-04	VL: 1.164e-03	 1.149e-03	 adam_lr:0.0005
Epoch: 208	TL: 7.159e-04	VL: 8.607e-04	 1.120e-03	 adam_lr:0.0005
Epoch: 209	TL: 6.553e-04	VL: 1.278e-03	 1.136e-03	 adam_lr:0.0005
Epoch: 210	TL: 6.744e-04	VL: 9.278e-04	 1.115e-03	 adam_lr:0.0005
Epoch: 211	TL: 7.321e-04	VL: 1.300e-03	 1.134e-03	 adam_lr:0.0005
Epoch: 212	TL: 7.118e-04	VL: 1.853e-03	 1.206e-03	 adam_lr:0.0005
Epoch: 213	TL: 6.739e-04	VL: 1.067e-03	 1.192e-03	 adam_lr:0.0005
Epoch: 214	TL: 6.457e-04	VL: 9.612e-04	 1.169e-03	 adam_lr:0.0005
Epoch: 215	TL: 7.136e-04	VL: 9.915e-04	 1.151e-03	 adam_lr:0.0005
Epoch: 216	TL: 7.112e-04	VL: 1.149e-03	 1.151e-03	 adam_lr:0.0005
Epoch: 217	TL: 6.158e-04	VL: 9.656e-04	 1.132e-03	 adam_lr:0.0005
Epoch: 218	TL: 6.923e-04	VL: 1.159e-03	 1.135e-03	 adam_lr:0.0005
Epoch: 219	TL: 7.071e-04	VL: 1.401e-03	 1.162e-03	 adam_lr:0.0005
Epoch: 220	TL: 4.466e-03	VL: 2.380e-03	 1.283e-03	 adam_lr:0.0005
Epoch: 221	TL: 1.436e-03	VL: 1.706e-03	 1.326e-03	 adam_lr:0.0005
Epoch: 222	TL: 9.651e-04	VL: 1.869e-03	 1.380e-03	 adam_lr:0.0005
Epoch: 223	TL: 8.697e-04	VL: 1.208e-03	 1.363e-03	 adam_lr:0.0005
Epoch: 224	TL: 8.477e-04	VL: 1.414e-03	 1.368e-03	 adam_lr:0.0005
Epoch: 225	TL: 7.661e-04	VL: 1.178e-03	 1.349e-03	 adam_lr:0.0005
Epoch: 226	TL: 7.169e-04	VL: 1.020e-03	 1.316e-03	 adam_lr:0.0005
Epoch: 227	TL: 7.892e-04	VL: 1.000e-03	 1.284e-03	 adam_lr:0.0005
Epoch: 228	TL: 6.995e-04	VL: 9.632e-04	 1.252e-03	 adam_lr:0.0005
Epoch: 229	TL: 7.183e-04	VL: 1.606e-03	 1.288e-03	 adam_lr:0.0005
Epoch: 230	TL: 7.047e-04	VL: 1.032e-03	 1.262e-03	 adam_lr:0.0005
Epoch: 231	TL: 7.251e-04	VL: 1.299e-03	 1.266e-03	 adam_lr:0.0005
Epoch: 232	TL: 7.113e-04	VL: 1.394e-03	 1.279e-03	 adam_lr:0.0005
Epoch: 233	TL: 7.324e-04	VL: 1.015e-03	 1.252e-03	 adam_lr:0.0005
Epoch: 234	TL: 6.662e-04	VL: 1.268e-03	 1.254e-03	 adam_lr:0.0005
Epoch: 235	TL: 7.437e-04	VL: 1.105e-03	 1.239e-03	 adam_lr:0.0005
Epoch: 236	TL: 6.245e-04	VL: 9.687e-04	 1.212e-03	 adam_lr:0.0005
Epoch: 237	TL: 7.089e-04	VL: 1.084e-03	 1.199e-03	 adam_lr:0.0005
Epoch: 238	TL: 6.555e-04	VL: 8.362e-04	 1.163e-03	 adam_lr:0.0005
Epoch: 239	TL: 6.117e-04	VL: 9.650e-04	 1.143e-03	 adam_lr:0.0005
Epoch: 240	TL: 6.647e-04	VL: 2.481e-03	 1.277e-03	 adam_lr:0.0005
Epoch: 241	TL: 6.307e-04	VL: 1.044e-03	 1.254e-03	 adam_lr:0.0005
Epoch: 242	TL: 1.790e-04	VL: 6.798e-04	 1.196e-03	 adam_lr:0.000125
Epoch: 243	TL: 1.674e-04	VL: 7.193e-04	 1.148e-03	 adam_lr:0.000125
Epoch: 244	TL: 1.783e-04	VL: 6.829e-04	 1.102e-03	 adam_lr:0.000125
Epoch: 245	TL: 1.826e-04	VL: 8.155e-04	 1.073e-03	 adam_lr:0.000125
Epoch: 246	TL: 1.892e-04	VL: 6.848e-04	 1.034e-03	 adam_lr:0.000125
Epoch: 247	TL: 1.728e-04	VL: 6.847e-04	 9.995e-04	 adam_lr:0.000125
Epoch: 248	TL: 1.812e-04	VL: 6.688e-04	 9.664e-04	 adam_lr:0.000125
Epoch: 249	TL: 1.730e-04	VL: 7.306e-04	 9.428e-04	 adam_lr:0.000125
Epoch: 250	TL: 1.730e-04	VL: 6.827e-04	 9.168e-04	 adam_lr:0.000125
Epoch: 251	TL: 1.760e-04	VL: 6.662e-04	 8.917e-04	 adam_lr:0.000125
Epoch: 252	TL: 1.715e-04	VL: 6.822e-04	 8.708e-04	 adam_lr:0.000125
Epoch: 253	TL: 1.715e-04	VL: 6.528e-04	 8.490e-04	 adam_lr:0.000125
Epoch: 254	TL: 1.671e-04	VL: 6.628e-04	 8.304e-04	 adam_lr:0.000125
Epoch: 255	TL: 1.616e-04	VL: 7.156e-04	 8.189e-04	 adam_lr:0.000125
Epoch: 256	TL: 1.687e-04	VL: 6.666e-04	 8.037e-04	 adam_lr:0.000125
Epoch: 257	TL: 1.631e-04	VL: 6.761e-04	 7.909e-04	 adam_lr:0.000125
Epoch: 258	TL: 1.652e-04	VL: 7.657e-04	 7.884e-04	 adam_lr:0.000125
Epoch: 259	TL: 1.548e-04	VL: 6.833e-04	 7.779e-04	 adam_lr:0.000125
Epoch: 260	TL: 1.638e-04	VL: 7.642e-04	 7.765e-04	 adam_lr:0.000125
Epoch: 261	TL: 1.598e-04	VL: 6.821e-04	 7.671e-04	 adam_lr:0.000125
Epoch: 262	TL: 1.604e-04	VL: 7.050e-04	 7.609e-04	 adam_lr:0.000125
Epoch: 263	TL: 1.581e-04	VL: 6.847e-04	 7.532e-04	 adam_lr:0.000125
Epoch: 264	TL: 1.528e-04	VL: 6.967e-04	 7.476e-04	 adam_lr:0.000125
Epoch: 265	TL: 1.589e-04	VL: 6.616e-04	 7.390e-04	 adam_lr:0.000125
Epoch: 266	TL: 1.520e-04	VL: 6.561e-04	 7.307e-04	 adam_lr:0.000125
Epoch: 267	TL: 1.586e-04	VL: 7.132e-04	 7.289e-04	 adam_lr:0.000125
Epoch: 268	TL: 1.537e-04	VL: 6.566e-04	 7.217e-04	 adam_lr:0.000125
Epoch: 269	TL: 1.540e-04	VL: 6.529e-04	 7.148e-04	 adam_lr:0.000125
Epoch: 270	TL: 1.574e-04	VL: 8.526e-04	 7.286e-04	 adam_lr:0.000125
Epoch: 271	TL: 1.463e-04	VL: 6.637e-04	 7.221e-04	 adam_lr:0.000125
Epoch: 272	TL: 1.516e-04	VL: 6.595e-04	 7.159e-04	 adam_lr:0.000125
Epoch: 273	TL: 1.496e-04	VL: 6.607e-04	 7.103e-04	 adam_lr:0.000125
Epoch: 274	TL: 1.508e-04	VL: 6.661e-04	 7.059e-04	 adam_lr:0.000125
Epoch: 275	TL: 1.505e-04	VL: 6.586e-04	 7.012e-04	 adam_lr:0.000125
Epoch: 276	TL: 1.529e-04	VL: 6.568e-04	 6.967e-04	 adam_lr:0.000125
Epoch: 277	TL: 1.441e-04	VL: 6.413e-04	 6.912e-04	 adam_lr:0.000125
Epoch: 278	TL: 1.440e-04	VL: 6.499e-04	 6.871e-04	 adam_lr:0.000125
Epoch: 279	TL: 1.488e-04	VL: 6.855e-04	 6.869e-04	 adam_lr:0.000125
Epoch: 280	TL: 1.450e-04	VL: 6.394e-04	 6.822e-04	 adam_lr:0.000125
Epoch: 281	TL: 1.478e-04	VL: 6.676e-04	 6.807e-04	 adam_lr:0.000125
Epoch: 282	TL: 1.472e-04	VL: 6.922e-04	 6.819e-04	 adam_lr:0.000125
Epoch: 283	TL: 1.487e-04	VL: 6.601e-04	 6.797e-04	 adam_lr:0.000125
Epoch: 284	TL: 1.382e-04	VL: 6.253e-04	 6.742e-04	 adam_lr:0.000125
Epoch: 285	TL: 1.400e-04	VL: 6.326e-04	 6.701e-04	 adam_lr:0.000125
Epoch: 286	TL: 1.411e-04	VL: 6.431e-04	 6.674e-04	 adam_lr:0.000125
Epoch: 287	TL: 1.461e-04	VL: 6.491e-04	 6.655e-04	 adam_lr:0.000125
Epoch: 288	TL: 1.374e-04	VL: 6.949e-04	 6.685e-04	 adam_lr:0.000125
Epoch: 289	TL: 1.417e-04	VL: 6.599e-04	 6.676e-04	 adam_lr:0.000125
Epoch: 290	TL: 1.478e-04	VL: 6.608e-04	 6.669e-04	 adam_lr:0.000125
Epoch: 291	TL: 1.354e-04	VL: 6.401e-04	 6.643e-04	 adam_lr:0.000125
Epoch: 292	TL: 1.397e-04	VL: 6.582e-04	 6.637e-04	 adam_lr:0.000125
Epoch: 293	TL: 1.401e-04	VL: 6.674e-04	 6.640e-04	 adam_lr:0.000125
Epoch: 294	TL: 1.372e-04	VL: 6.849e-04	 6.661e-04	 adam_lr:0.000125
Epoch: 295	TL: 1.347e-04	VL: 6.605e-04	 6.655e-04	 adam_lr:0.000125
Epoch: 296	TL: 1.370e-04	VL: 6.546e-04	 6.645e-04	 adam_lr:0.000125
Epoch: 297	TL: 1.389e-04	VL: 6.693e-04	 6.649e-04	 adam_lr:0.000125
Epoch: 298	TL: 1.363e-04	VL: 6.497e-04	 6.634e-04	 adam_lr:0.000125
Epoch: 299	TL: 1.409e-04	VL: 6.481e-04	 6.619e-04	 adam_lr:0.000125
Epoch: 300	TL: 1.321e-04	VL: 6.559e-04	 6.613e-04	 adam_lr:0.000125
Epoch: 301	TL: 1.338e-04	VL: 6.906e-04	 6.642e-04	 adam_lr:0.000125
Epoch: 302	TL: 1.351e-04	VL: 6.633e-04	 6.641e-04	 adam_lr:0.000125
Epoch: 303	TL: 1.390e-04	VL: 6.607e-04	 6.638e-04	 adam_lr:0.000125
Epoch: 304	TL: 1.356e-04	VL: 6.508e-04	 6.625e-04	 adam_lr:0.000125
Epoch: 305	TL: 1.372e-04	VL: 7.276e-04	 6.690e-04	 adam_lr:0.000125
Epoch: 306	TL: 1.350e-04	VL: 6.615e-04	 6.682e-04	 adam_lr:0.000125
Epoch: 307	TL: 1.347e-04	VL: 7.533e-04	 6.767e-04	 adam_lr:0.000125
Epoch: 308	TL: 1.312e-04	VL: 6.666e-04	 6.757e-04	 adam_lr:0.000125
Epoch: 309	TL: 1.325e-04	VL: 6.653e-04	 6.747e-04	 adam_lr:0.000125
Epoch: 310	TL: 1.321e-04	VL: 6.639e-04	 6.736e-04	 adam_lr:0.000125
Epoch: 311	TL: 1.291e-04	VL: 6.534e-04	 6.716e-04	 adam_lr:0.000125
Epoch: 312	TL: 1.403e-04	VL: 6.707e-04	 6.715e-04	 adam_lr:0.000125
Epoch: 313	TL: 1.283e-04	VL: 6.503e-04	 6.694e-04	 adam_lr:0.000125
Epoch: 314	TL: 1.362e-04	VL: 6.613e-04	 6.686e-04	 adam_lr:0.000125
Epoch: 315	TL: 1.256e-04	VL: 7.240e-04	 6.741e-04	 adam_lr:0.000125
Epoch: 316	TL: 1.304e-04	VL: 6.358e-04	 6.703e-04	 adam_lr:0.000125
Epoch: 317	TL: 1.296e-04	VL: 7.047e-04	 6.737e-04	 adam_lr:0.000125
Epoch: 318	TL: 1.307e-04	VL: 6.508e-04	 6.714e-04	 adam_lr:0.000125
Epoch: 319	TL: 1.287e-04	VL: 6.543e-04	 6.697e-04	 adam_lr:0.000125
Epoch: 320	TL: 1.281e-04	VL: 6.683e-04	 6.696e-04	 adam_lr:0.000125
Epoch: 321	TL: 1.261e-04	VL: 7.966e-04	 6.823e-04	 adam_lr:0.000125
Epoch: 322	TL: 1.336e-04	VL: 6.607e-04	 6.801e-04	 adam_lr:0.000125
Epoch: 323	TL: 1.334e-04	VL: 6.449e-04	 6.766e-04	 adam_lr:0.000125
Epoch: 324	TL: 1.216e-04	VL: 7.162e-04	 6.806e-04	 adam_lr:0.000125
Epoch: 325	TL: 1.255e-04	VL: 6.399e-04	 6.765e-04	 adam_lr:0.000125
Epoch: 326	TL: 1.395e-04	VL: 6.704e-04	 6.759e-04	 adam_lr:0.000125
Epoch: 327	TL: 1.235e-04	VL: 6.829e-04	 6.766e-04	 adam_lr:0.000125
Epoch: 328	TL: 1.256e-04	VL: 6.573e-04	 6.747e-04	 adam_lr:0.000125
Epoch: 329	TL: 1.304e-04	VL: 6.522e-04	 6.724e-04	 adam_lr:0.000125
Epoch: 330	TL: 1.258e-04	VL: 6.361e-04	 6.688e-04	 adam_lr:0.000125
Epoch: 331	TL: 1.237e-04	VL: 6.400e-04	 6.659e-04	 adam_lr:0.000125
Epoch: 332	TL: 7.218e-05	VL: 6.125e-04	 6.606e-04	 adam_lr:3.125e-05
Epoch: 333	TL: 7.191e-05	VL: 6.044e-04	 6.549e-04	 adam_lr:3.125e-05
Epoch: 334	TL: 7.337e-05	VL: 6.108e-04	 6.505e-04	 adam_lr:3.125e-05
Epoch: 335	TL: 7.215e-05	VL: 6.075e-04	 6.462e-04	 adam_lr:3.125e-05
Epoch: 336	TL: 7.354e-05	VL: 6.603e-04	 6.476e-04	 adam_lr:3.125e-05
Epoch: 337	TL: 7.218e-05	VL: 6.033e-04	 6.432e-04	 adam_lr:3.125e-05
Epoch: 338	TL: 7.225e-05	VL: 6.031e-04	 6.392e-04	 adam_lr:3.125e-05
Epoch: 339	TL: 7.180e-05	VL: 6.109e-04	 6.364e-04	 adam_lr:3.125e-05
Epoch: 340	TL: 7.195e-05	VL: 6.084e-04	 6.336e-04	 adam_lr:3.125e-05
Epoch: 341	TL: 7.184e-05	VL: 6.102e-04	 6.312e-04	 adam_lr:3.125e-05
Epoch: 342	TL: 7.224e-05	VL: 6.050e-04	 6.286e-04	 adam_lr:3.125e-05
Epoch: 343	TL: 7.026e-05	VL: 6.087e-04	 6.266e-04	 adam_lr:3.125e-05
Epoch: 344	TL: 7.190e-05	VL: 6.169e-04	 6.257e-04	 adam_lr:3.125e-05
Epoch: 345	TL: 7.168e-05	VL: 6.183e-04	 6.249e-04	 adam_lr:3.125e-05
Epoch: 346	TL: 7.079e-05	VL: 6.072e-04	 6.231e-04	 adam_lr:3.125e-05
Epoch: 347	TL: 7.112e-05	VL: 6.095e-04	 6.218e-04	 adam_lr:3.125e-05
Epoch: 348	TL: 7.107e-05	VL: 6.094e-04	 6.205e-04	 adam_lr:3.125e-05
Epoch: 349	TL: 7.114e-05	VL: 6.104e-04	 6.195e-04	 adam_lr:3.125e-05
Epoch: 350	TL: 6.900e-05	VL: 6.072e-04	 6.183e-04	 adam_lr:3.125e-05
Epoch: 351	TL: 7.035e-05	VL: 5.996e-04	 6.164e-04	 adam_lr:3.125e-05
Epoch: 352	TL: 7.078e-05	VL: 6.093e-04	 6.157e-04	 adam_lr:3.125e-05
Epoch: 353	TL: 7.008e-05	VL: 6.061e-04	 6.148e-04	 adam_lr:3.125e-05
Epoch: 354	TL: 7.031e-05	VL: 6.151e-04	 6.148e-04	 adam_lr:3.125e-05
Epoch: 355	TL: 6.934e-05	VL: 6.059e-04	 6.139e-04	 adam_lr:3.125e-05
Epoch: 356	TL: 7.043e-05	VL: 6.058e-04	 6.131e-04	 adam_lr:3.125e-05
Epoch: 357	TL: 6.832e-05	VL: 6.024e-04	 6.120e-04	 adam_lr:3.125e-05
Epoch: 358	TL: 6.940e-05	VL: 6.074e-04	 6.116e-04	 adam_lr:3.125e-05
Epoch: 359	TL: 6.894e-05	VL: 6.111e-04	 6.115e-04	 adam_lr:3.125e-05
Epoch: 360	TL: 6.995e-05	VL: 5.994e-04	 6.103e-04	 adam_lr:3.125e-05
Epoch: 361	TL: 6.958e-05	VL: 6.074e-04	 6.100e-04	 adam_lr:3.125e-05
Epoch: 362	TL: 6.867e-05	VL: 6.021e-04	 6.092e-04	 adam_lr:3.125e-05
Epoch: 363	TL: 6.863e-05	VL: 5.958e-04	 6.079e-04	 adam_lr:3.125e-05
Epoch: 364	TL: 6.854e-05	VL: 6.048e-04	 6.076e-04	 adam_lr:3.125e-05
Epoch: 365	TL: 6.811e-05	VL: 6.035e-04	 6.072e-04	 adam_lr:3.125e-05
Epoch: 366	TL: 6.947e-05	VL: 6.070e-04	 6.071e-04	 adam_lr:3.125e-05
Epoch: 367	TL: 6.799e-05	VL: 6.161e-04	 6.080e-04	 adam_lr:3.125e-05
Epoch: 368	TL: 6.894e-05	VL: 5.994e-04	 6.072e-04	 adam_lr:3.125e-05
Epoch: 369	TL: 6.758e-05	VL: 6.057e-04	 6.070e-04	 adam_lr:3.125e-05
Epoch: 370	TL: 6.773e-05	VL: 6.053e-04	 6.069e-04	 adam_lr:3.125e-05
Epoch: 371	TL: 6.787e-05	VL: 6.111e-04	 6.073e-04	 adam_lr:3.125e-05
Epoch: 372	TL: 6.839e-05	VL: 6.102e-04	 6.076e-04	 adam_lr:3.125e-05
Epoch: 373	TL: 6.690e-05	VL: 6.115e-04	 6.080e-04	 adam_lr:3.125e-05
Epoch: 374	TL: 6.748e-05	VL: 6.021e-04	 6.074e-04	 adam_lr:3.125e-05
Epoch: 375	TL: 6.716e-05	VL: 6.043e-04	 6.071e-04	 adam_lr:3.125e-05
Epoch: 376	TL: 6.681e-05	VL: 6.131e-04	 6.077e-04	 adam_lr:3.125e-05
Epoch: 377	TL: 6.724e-05	VL: 6.067e-04	 6.076e-04	 adam_lr:3.125e-05
Epoch: 378	TL: 6.760e-05	VL: 6.080e-04	 6.076e-04	 adam_lr:3.125e-05
Epoch: 379	TL: 6.570e-05	VL: 5.983e-04	 6.067e-04	 adam_lr:3.125e-05
Epoch: 380	TL: 6.707e-05	VL: 6.113e-04	 6.072e-04	 adam_lr:3.125e-05
Epoch: 381	TL: 6.601e-05	VL: 6.069e-04	 6.071e-04	 adam_lr:3.125e-05
Epoch: 382	TL: 6.628e-05	VL: 6.022e-04	 6.066e-04	 adam_lr:3.125e-05
Epoch: 383	TL: 6.763e-05	VL: 6.109e-04	 6.071e-04	 adam_lr:3.125e-05
Epoch: 384	TL: 6.639e-05	VL: 6.102e-04	 6.074e-04	 adam_lr:3.125e-05
Epoch: 385	TL: 6.687e-05	VL: 6.043e-04	 6.071e-04	 adam_lr:3.125e-05
Epoch: 386	TL: 6.587e-05	VL: 5.972e-04	 6.061e-04	 adam_lr:3.125e-05
Epoch: 387	TL: 6.600e-05	VL: 6.043e-04	 6.059e-04	 adam_lr:3.125e-05
Epoch: 388	TL: 6.584e-05	VL: 6.046e-04	 6.058e-04	 adam_lr:3.125e-05
Epoch: 389	TL: 6.666e-05	VL: 6.073e-04	 6.059e-04	 adam_lr:3.125e-05
Epoch: 390	TL: 6.573e-05	VL: 6.083e-04	 6.062e-04	 adam_lr:3.125e-05
Epoch: 391	TL: 6.564e-05	VL: 5.981e-04	 6.054e-04	 adam_lr:3.125e-05
Epoch: 392	TL: 6.510e-05	VL: 6.079e-04	 6.056e-04	 adam_lr:3.125e-05
Epoch: 393	TL: 6.616e-05	VL: 6.111e-04	 6.062e-04	 adam_lr:3.125e-05
Epoch: 394	TL: 6.558e-05	VL: 6.080e-04	 6.063e-04	 adam_lr:3.125e-05
Epoch: 395	TL: 6.504e-05	VL: 6.013e-04	 6.058e-04	 adam_lr:3.125e-05
Epoch: 396	TL: 6.514e-05	VL: 6.043e-04	 6.057e-04	 adam_lr:3.125e-05
Epoch: 397	TL: 6.555e-05	VL: 6.052e-04	 6.056e-04	 adam_lr:3.125e-05
Epoch: 398	TL: 6.470e-05	VL: 6.073e-04	 6.058e-04	 adam_lr:3.125e-05
Epoch: 399	TL: 6.530e-05	VL: 6.112e-04	 6.063e-04	 adam_lr:3.125e-05
Epoch: 400	TL: 6.447e-05	VL: 6.096e-04	 6.067e-04	 adam_lr:3.125e-05
Epoch: 401	TL: 6.558e-05	VL: 6.066e-04	 6.067e-04	 adam_lr:3.125e-05
Epoch: 402	TL: 6.438e-05	VL: 6.099e-04	 6.070e-04	 adam_lr:3.125e-05
Epoch: 403	TL: 6.379e-05	VL: 6.046e-04	 6.067e-04	 adam_lr:3.125e-05
Epoch: 404	TL: 6.414e-05	VL: 6.035e-04	 6.064e-04	 adam_lr:3.125e-05
Epoch: 405	TL: 6.489e-05	VL: 6.076e-04	 6.065e-04	 adam_lr:3.125e-05
Epoch: 406	TL: 6.462e-05	VL: 5.956e-04	 6.054e-04	 adam_lr:3.125e-05
Epoch: 407	TL: 6.392e-05	VL: 5.972e-04	 6.046e-04	 adam_lr:3.125e-05
Epoch: 408	TL: 6.381e-05	VL: 5.980e-04	 6.040e-04	 adam_lr:3.125e-05
Epoch: 409	TL: 6.349e-05	VL: 6.081e-04	 6.044e-04	 adam_lr:3.125e-05
Epoch: 410	TL: 6.343e-05	VL: 6.066e-04	 6.046e-04	 adam_lr:3.125e-05
Epoch: 411	TL: 6.367e-05	VL: 6.092e-04	 6.051e-04	 adam_lr:3.125e-05
Epoch: 412	TL: 6.469e-05	VL: 6.105e-04	 6.056e-04	 adam_lr:3.125e-05
Epoch: 413	TL: 6.307e-05	VL: 6.072e-04	 6.058e-04	 adam_lr:3.125e-05
Epoch: 414	TL: 6.322e-05	VL: 6.079e-04	 6.060e-04	 adam_lr:3.125e-05
Epoch: 415	TL: 6.378e-05	VL: 6.064e-04	 6.060e-04	 adam_lr:3.125e-05
Epoch: 416	TL: 6.302e-05	VL: 6.085e-04	 6.063e-04	 adam_lr:3.125e-05
Epoch: 417	TL: 6.393e-05	VL: 6.290e-04	 6.085e-04	 adam_lr:3.125e-05
Epoch: 418	TL: 6.358e-05	VL: 6.020e-04	 6.079e-04	 adam_lr:3.125e-05
Epoch: 419	TL: 6.279e-05	VL: 6.025e-04	 6.073e-04	 adam_lr:3.125e-05
Epoch: 420	TL: 6.381e-05	VL: 6.152e-04	 6.081e-04	 adam_lr:3.125e-05
Epoch: 421	TL: 6.289e-05	VL: 6.117e-04	 6.085e-04	 adam_lr:3.125e-05
Epoch: 422	TL: 6.205e-05	VL: 6.034e-04	 6.080e-04	 adam_lr:3.125e-05
Epoch: 423	TL: 6.273e-05	VL: 6.075e-04	 6.079e-04	 adam_lr:3.125e-05
Epoch: 424	TL: 6.332e-05	VL: 6.183e-04	 6.090e-04	 adam_lr:3.125e-05
Epoch: 425	TL: 6.283e-05	VL: 6.037e-04	 6.084e-04	 adam_lr:3.125e-05
Epoch: 426	TL: 6.214e-05	VL: 6.020e-04	 6.078e-04	 adam_lr:3.125e-05
Epoch: 427	TL: 6.230e-05	VL: 6.064e-04	 6.077e-04	 adam_lr:3.125e-05
Epoch: 428	TL: 6.232e-05	VL: 5.981e-04	 6.067e-04	 adam_lr:3.125e-05
Epoch: 429	TL: 6.265e-05	VL: 6.053e-04	 6.066e-04	 adam_lr:3.125e-05
Epoch: 430	TL: 6.182e-05	VL: 6.216e-04	 6.081e-04	 adam_lr:3.125e-05
Epoch: 431	TL: 6.218e-05	VL: 6.065e-04	 6.079e-04	 adam_lr:3.125e-05
Epoch: 432	TL: 6.125e-05	VL: 6.015e-04	 6.073e-04	 adam_lr:3.125e-05
Epoch: 433	TL: 6.238e-05	VL: 6.037e-04	 6.069e-04	 adam_lr:3.125e-05
Epoch: 434	TL: 6.129e-05	VL: 6.031e-04	 6.065e-04	 adam_lr:3.125e-05
Epoch: 435	TL: 6.139e-05	VL: 6.029e-04	 6.062e-04	 adam_lr:3.125e-05
Epoch: 436	TL: 6.176e-05	VL: 5.983e-04	 6.054e-04	 adam_lr:3.125e-05
Epoch: 437	TL: 6.137e-05	VL: 5.989e-04	 6.047e-04	 adam_lr:3.125e-05
Epoch: 438	TL: 6.200e-05	VL: 6.072e-04	 6.050e-04	 adam_lr:3.125e-05
Epoch: 439	TL: 6.097e-05	VL: 6.100e-04	 6.055e-04	 adam_lr:3.125e-05
Epoch: 440	TL: 5.153e-05	VL: 6.040e-04	 6.053e-04	 adam_lr:7.8125e-06
Epoch: 441	TL: 5.140e-05	VL: 5.967e-04	 6.045e-04	 adam_lr:7.8125e-06
Epoch: 442	TL: 5.122e-05	VL: 5.980e-04	 6.038e-04	 adam_lr:7.8125e-06
Epoch: 443	TL: 5.135e-05	VL: 5.979e-04	 6.032e-04	 adam_lr:7.8125e-06
Epoch: 444	TL: 5.143e-05	VL: 5.962e-04	 6.025e-04	 adam_lr:7.8125e-06
Epoch: 445	TL: 5.141e-05	VL: 5.974e-04	 6.020e-04	 adam_lr:7.8125e-06
Epoch: 446	TL: 5.131e-05	VL: 5.954e-04	 6.013e-04	 adam_lr:7.8125e-06
Epoch: 447	TL: 5.091e-05	VL: 5.976e-04	 6.010e-04	 adam_lr:7.8125e-06
Epoch: 448	TL: 5.168e-05	VL: 5.989e-04	 6.008e-04	 adam_lr:7.8125e-06
Epoch: 449	TL: 5.117e-05	VL: 5.975e-04	 6.004e-04	 adam_lr:7.8125e-06
Epoch: 450	TL: 5.160e-05	VL: 5.926e-04	 5.997e-04	 adam_lr:7.8125e-06
Epoch: 451	TL: 5.090e-05	VL: 5.970e-04	 5.994e-04	 adam_lr:7.8125e-06
Epoch: 452	TL: 5.108e-05	VL: 5.945e-04	 5.989e-04	 adam_lr:7.8125e-06
Epoch: 453	TL: 5.113e-05	VL: 5.966e-04	 5.987e-04	 adam_lr:7.8125e-06
Epoch: 454	TL: 5.095e-05	VL: 5.913e-04	 5.979e-04	 adam_lr:7.8125e-06
Epoch: 455	TL: 5.111e-05	VL: 5.992e-04	 5.981e-04	 adam_lr:7.8125e-06
Epoch: 456	TL: 5.083e-05	VL: 5.960e-04	 5.979e-04	 adam_lr:7.8125e-06
Epoch: 457	TL: 5.095e-05	VL: 6.011e-04	 5.982e-04	 adam_lr:7.8125e-06
Epoch: 458	TL: 5.095e-05	VL: 5.973e-04	 5.981e-04	 adam_lr:7.8125e-06
Epoch: 459	TL: 5.106e-05	VL: 5.969e-04	 5.980e-04	 adam_lr:7.8125e-06
Epoch: 460	TL: 5.077e-05	VL: 5.957e-04	 5.978e-04	 adam_lr:7.8125e-06
Epoch: 461	TL: 5.089e-05	VL: 5.973e-04	 5.977e-04	 adam_lr:7.8125e-06
Epoch: 462	TL: 5.085e-05	VL: 5.975e-04	 5.977e-04	 adam_lr:7.8125e-06
Epoch: 463	TL: 5.053e-05	VL: 5.992e-04	 5.978e-04	 adam_lr:7.8125e-06
Epoch: 464	TL: 5.074e-05	VL: 5.950e-04	 5.976e-04	 adam_lr:7.8125e-06
Epoch: 465	TL: 5.068e-05	VL: 5.950e-04	 5.973e-04	 adam_lr:7.8125e-06
Epoch: 466	TL: 5.085e-05	VL: 5.999e-04	 5.976e-04	 adam_lr:7.8125e-06
Epoch: 467	TL: 5.071e-05	VL: 5.946e-04	 5.973e-04	 adam_lr:7.8125e-06
Epoch: 468	TL: 5.073e-05	VL: 5.936e-04	 5.969e-04	 adam_lr:7.8125e-06
Epoch: 469	TL: 5.067e-05	VL: 5.949e-04	 5.967e-04	 adam_lr:7.8125e-06
Epoch: 470	TL: 5.054e-05	VL: 5.932e-04	 5.963e-04	 adam_lr:7.8125e-06
Epoch: 471	TL: 5.050e-05	VL: 5.984e-04	 5.965e-04	 adam_lr:7.8125e-06
Epoch: 472	TL: 5.061e-05	VL: 5.955e-04	 5.964e-04	 adam_lr:7.8125e-06
Epoch: 473	TL: 5.037e-05	VL: 5.976e-04	 5.966e-04	 adam_lr:7.8125e-06
Epoch: 474	TL: 5.049e-05	VL: 5.963e-04	 5.965e-04	 adam_lr:7.8125e-06
Epoch: 475	TL: 5.046e-05	VL: 5.951e-04	 5.964e-04	 adam_lr:7.8125e-06
Epoch: 476	TL: 5.029e-05	VL: 5.969e-04	 5.964e-04	 adam_lr:7.8125e-06
Epoch: 477	TL: 5.067e-05	VL: 5.960e-04	 5.964e-04	 adam_lr:7.8125e-06
Epoch: 478	TL: 5.050e-05	VL: 5.980e-04	 5.966e-04	 adam_lr:7.8125e-06
Epoch: 479	TL: 5.034e-05	VL: 5.951e-04	 5.964e-04	 adam_lr:7.8125e-06
Epoch: 480	TL: 5.022e-05	VL: 5.979e-04	 5.966e-04	 adam_lr:7.8125e-06
Epoch: 481	TL: 5.053e-05	VL: 5.944e-04	 5.964e-04	 adam_lr:7.8125e-06
Epoch: 482	TL: 5.013e-05	VL: 5.974e-04	 5.965e-04	 adam_lr:7.8125e-06
Epoch: 483	TL: 5.039e-05	VL: 5.979e-04	 5.966e-04	 adam_lr:7.8125e-06
Epoch: 484	TL: 5.008e-05	VL: 5.957e-04	 5.965e-04	 adam_lr:7.8125e-06
Epoch: 485	TL: 5.013e-05	VL: 5.955e-04	 5.964e-04	 adam_lr:7.8125e-06
Epoch: 486	TL: 5.041e-05	VL: 5.931e-04	 5.961e-04	 adam_lr:7.8125e-06
Epoch: 487	TL: 5.003e-05	VL: 5.938e-04	 5.959e-04	 adam_lr:7.8125e-06
Epoch: 488	TL: 4.999e-05	VL: 5.951e-04	 5.958e-04	 adam_lr:7.8125e-06
Epoch: 489	TL: 5.017e-05	VL: 5.954e-04	 5.957e-04	 adam_lr:7.8125e-06
Epoch: 490	TL: 5.034e-05	VL: 5.983e-04	 5.960e-04	 adam_lr:7.8125e-06
Epoch: 491	TL: 4.993e-05	VL: 5.948e-04	 5.959e-04	 adam_lr:7.8125e-06
Epoch: 492	TL: 4.999e-05	VL: 5.993e-04	 5.962e-04	 adam_lr:7.8125e-06
Epoch: 493	TL: 4.969e-05	VL: 5.991e-04	 5.965e-04	 adam_lr:7.8125e-06
Epoch: 494	TL: 4.996e-05	VL: 5.950e-04	 5.964e-04	 adam_lr:7.8125e-06
Epoch: 495	TL: 5.021e-05	VL: 5.958e-04	 5.963e-04	 adam_lr:7.8125e-06
Epoch: 496	TL: 4.984e-05	VL: 5.930e-04	 5.960e-04	 adam_lr:7.8125e-06
Epoch: 497	TL: 4.986e-05	VL: 6.001e-04	 5.964e-04	 adam_lr:7.8125e-06
Epoch: 498	TL: 4.979e-05	VL: 5.928e-04	 5.960e-04	 adam_lr:7.8125e-06
Epoch: 499	TL: 4.991e-05	VL: 5.931e-04	 5.957e-04	 adam_lr:7.8125e-06
Epoch: 500	TL: 4.991e-05	VL: 5.952e-04	 5.957e-04	 adam_lr:7.8125e-06
Epoch: 501	TL: 4.978e-05	VL: 5.985e-04	 5.960e-04	 adam_lr:7.8125e-06
Epoch: 502	TL: 4.982e-05	VL: 6.009e-04	 5.965e-04	 adam_lr:7.8125e-06
Epoch: 503	TL: 4.983e-05	VL: 5.963e-04	 5.964e-04	 adam_lr:7.8125e-06
Epoch: 504	TL: 4.973e-05	VL: 5.955e-04	 5.963e-04	 adam_lr:7.8125e-06
Epoch: 505	TL: 4.954e-05	VL: 5.967e-04	 5.964e-04	 adam_lr:7.8125e-06
Epoch: 506	TL: 4.980e-05	VL: 5.947e-04	 5.962e-04	 adam_lr:7.8125e-06
Epoch: 507	TL: 4.955e-05	VL: 5.925e-04	 5.958e-04	 adam_lr:7.8125e-06
Epoch: 508	TL: 4.979e-05	VL: 5.956e-04	 5.958e-04	 adam_lr:7.8125e-06
Epoch: 509	TL: 4.991e-05	VL: 5.972e-04	 5.959e-04	 adam_lr:7.8125e-06
Epoch: 510	TL: 4.948e-05	VL: 5.955e-04	 5.959e-04	 adam_lr:7.8125e-06
Epoch: 511	TL: 4.970e-05	VL: 5.947e-04	 5.958e-04	 adam_lr:7.8125e-06
Epoch: 512	TL: 4.944e-05	VL: 5.932e-04	 5.955e-04	 adam_lr:7.8125e-06
Epoch: 513	TL: 4.984e-05	VL: 5.949e-04	 5.955e-04	 adam_lr:7.8125e-06
Epoch: 514	TL: 4.928e-05	VL: 5.938e-04	 5.953e-04	 adam_lr:7.8125e-06
Epoch: 515	TL: 4.938e-05	VL: 5.963e-04	 5.954e-04	 adam_lr:7.8125e-06
Epoch: 516	TL: 4.945e-05	VL: 5.949e-04	 5.953e-04	 adam_lr:7.8125e-06
Epoch: 517	TL: 4.943e-05	VL: 5.995e-04	 5.958e-04	 adam_lr:7.8125e-06
Epoch: 518	TL: 4.929e-05	VL: 5.971e-04	 5.959e-04	 adam_lr:7.8125e-06
Epoch: 519	TL: 4.973e-05	VL: 5.993e-04	 5.962e-04	 adam_lr:7.8125e-06
Epoch: 520	TL: 4.969e-05	VL: 5.951e-04	 5.961e-04	 adam_lr:7.8125e-06
Epoch: 521	TL: 4.922e-05	VL: 6.015e-04	 5.967e-04	 adam_lr:7.8125e-06
Epoch: 522	TL: 4.921e-05	VL: 5.940e-04	 5.964e-04	 adam_lr:7.8125e-06
Epoch: 523	TL: 4.927e-05	VL: 5.937e-04	 5.961e-04	 adam_lr:7.8125e-06
Epoch: 524	TL: 4.941e-05	VL: 5.964e-04	 5.962e-04	 adam_lr:7.8125e-06
Epoch: 525	TL: 4.930e-05	VL: 6.015e-04	 5.967e-04	 adam_lr:7.8125e-06
Epoch: 526	TL: 4.905e-05	VL: 5.977e-04	 5.968e-04	 adam_lr:7.8125e-06
Epoch: 527	TL: 4.939e-05	VL: 5.990e-04	 5.970e-04	 adam_lr:7.8125e-06
Epoch: 528	TL: 4.926e-05	VL: 5.944e-04	 5.968e-04	 adam_lr:7.8125e-06
Epoch: 529	TL: 4.896e-05	VL: 5.989e-04	 5.970e-04	 adam_lr:7.8125e-06
Epoch: 530	TL: 4.921e-05	VL: 5.940e-04	 5.967e-04	 adam_lr:7.8125e-06
Epoch: 531	TL: 4.923e-05	VL: 5.951e-04	 5.965e-04	 adam_lr:7.8125e-06
Epoch: 532	TL: 4.924e-05	VL: 5.941e-04	 5.963e-04	 adam_lr:7.8125e-06
Epoch: 533	TL: 4.915e-05	VL: 5.969e-04	 5.963e-04	 adam_lr:7.8125e-06
Epoch: 534	TL: 4.904e-05	VL: 5.975e-04	 5.965e-04	 adam_lr:7.8125e-06
Epoch: 535	TL: 4.897e-05	VL: 5.942e-04	 5.962e-04	 adam_lr:7.8125e-06
Epoch: 536	TL: 4.886e-05	VL: 5.979e-04	 5.964e-04	 adam_lr:7.8125e-06
Epoch: 537	TL: 4.917e-05	VL: 5.987e-04	 5.966e-04	 adam_lr:7.8125e-06
Epoch: 538	TL: 4.903e-05	VL: 5.927e-04	 5.962e-04	 adam_lr:7.8125e-06
Epoch: 539	TL: 4.899e-05	VL: 5.945e-04	 5.961e-04	 adam_lr:7.8125e-06
Epoch: 540	TL: 4.920e-05	VL: 6.002e-04	 5.965e-04	 adam_lr:7.8125e-06
Epoch: 541	TL: 4.882e-05	VL: 5.919e-04	 5.960e-04	 adam_lr:7.8125e-06
Epoch: 542	TL: 4.874e-05	VL: 5.934e-04	 5.958e-04	 adam_lr:7.8125e-06
Epoch: 543	TL: 4.880e-05	VL: 5.967e-04	 5.959e-04	 adam_lr:7.8125e-06
Epoch: 544	TL: 4.916e-05	VL: 5.905e-04	 5.953e-04	 adam_lr:7.8125e-06
Epoch: 545	TL: 4.877e-05	VL: 5.956e-04	 5.953e-04	 adam_lr:7.8125e-06
Epoch: 546	TL: 4.616e-05	VL: 5.923e-04	 5.950e-04	 adam_lr:1.953125e-06
Epoch: 547	TL: 4.612e-05	VL: 5.931e-04	 5.949e-04	 adam_lr:1.953125e-06
Epoch: 548	TL: 4.613e-05	VL: 5.921e-04	 5.946e-04	 adam_lr:1.953125e-06
Epoch: 549	TL: 4.604e-05	VL: 5.938e-04	 5.945e-04	 adam_lr:1.953125e-06
Epoch: 550	TL: 4.601e-05	VL: 5.921e-04	 5.943e-04	 adam_lr:1.953125e-06
Epoch: 551	TL: 4.614e-05	VL: 5.927e-04	 5.941e-04	 adam_lr:1.953125e-06
Epoch: 552	TL: 4.609e-05	VL: 5.948e-04	 5.942e-04	 adam_lr:1.953125e-06
Epoch: 553	TL: 4.610e-05	VL: 5.913e-04	 5.939e-04	 adam_lr:1.953125e-06
Epoch: 554	TL: 4.599e-05	VL: 5.920e-04	 5.937e-04	 adam_lr:1.953125e-06
Epoch: 555	TL: 4.596e-05	VL: 5.919e-04	 5.935e-04	 adam_lr:1.953125e-06
Epoch: 556	TL: 4.605e-05	VL: 5.926e-04	 5.934e-04	 adam_lr:1.953125e-06
Epoch: 557	TL: 4.597e-05	VL: 5.924e-04	 5.933e-04	 adam_lr:1.953125e-06
Epoch: 558	TL: 4.607e-05	VL: 5.928e-04	 5.933e-04	 adam_lr:1.953125e-06
Epoch: 559	TL: 4.598e-05	VL: 5.912e-04	 5.931e-04	 adam_lr:1.953125e-06
Epoch: 560	TL: 4.605e-05	VL: 5.933e-04	 5.931e-04	 adam_lr:1.953125e-06
Epoch: 561	TL: 4.601e-05	VL: 5.934e-04	 5.931e-04	 adam_lr:1.953125e-06
Epoch: 562	TL: 4.595e-05	VL: 5.930e-04	 5.931e-04	 adam_lr:1.953125e-06
Epoch: 563	TL: 4.594e-05	VL: 5.930e-04	 5.931e-04	 adam_lr:1.953125e-06
Epoch: 564	TL: 4.603e-05	VL: 5.922e-04	 5.930e-04	 adam_lr:1.953125e-06
Epoch: 565	TL: 4.599e-05	VL: 5.920e-04	 5.929e-04	 adam_lr:1.953125e-06
Epoch: 566	TL: 4.596e-05	VL: 5.930e-04	 5.929e-04	 adam_lr:1.953125e-06
Epoch: 567	TL: 4.595e-05	VL: 5.946e-04	 5.931e-04	 adam_lr:1.953125e-06
Epoch: 568	TL: 4.600e-05	VL: 5.925e-04	 5.930e-04	 adam_lr:1.953125e-06
Epoch: 569	TL: 4.591e-05	VL: 5.920e-04	 5.929e-04	 adam_lr:1.953125e-06
Epoch: 570	TL: 4.594e-05	VL: 5.918e-04	 5.928e-04	 adam_lr:1.953125e-06
Epoch: 571	TL: 4.592e-05	VL: 5.925e-04	 5.928e-04	 adam_lr:1.953125e-06
Epoch: 572	TL: 4.596e-05	VL: 5.931e-04	 5.928e-04	 adam_lr:1.953125e-06
Epoch: 573	TL: 4.593e-05	VL: 5.964e-04	 5.932e-04	 adam_lr:1.953125e-06
Epoch: 574	TL: 4.601e-05	VL: 5.911e-04	 5.930e-04	 adam_lr:1.953125e-06
Epoch: 575	TL: 4.589e-05	VL: 5.932e-04	 5.930e-04	 adam_lr:1.953125e-06
Epoch: 576	TL: 4.587e-05	VL: 5.931e-04	 5.930e-04	 adam_lr:1.953125e-06
Epoch: 577	TL: 4.587e-05	VL: 5.933e-04	 5.930e-04	 adam_lr:1.953125e-06
Epoch: 578	TL: 4.575e-05	VL: 5.916e-04	 5.929e-04	 adam_lr:1.953125e-06
Epoch: 579	TL: 4.588e-05	VL: 5.913e-04	 5.927e-04	 adam_lr:1.953125e-06
Epoch: 580	TL: 4.594e-05	VL: 5.917e-04	 5.926e-04	 adam_lr:1.953125e-06
Epoch: 581	TL: 4.592e-05	VL: 5.910e-04	 5.925e-04	 adam_lr:1.953125e-06
Epoch: 582	TL: 4.590e-05	VL: 5.932e-04	 5.925e-04	 adam_lr:1.953125e-06
Epoch: 583	TL: 4.582e-05	VL: 5.940e-04	 5.927e-04	 adam_lr:1.953125e-06
Epoch: 584	TL: 4.595e-05	VL: 5.921e-04	 5.926e-04	 adam_lr:1.953125e-06
Epoch: 585	TL: 4.583e-05	VL: 5.928e-04	 5.926e-04	 adam_lr:1.953125e-06
Epoch: 586	TL: 4.571e-05	VL: 5.928e-04	 5.926e-04	 adam_lr:1.953125e-06
Epoch: 587	TL: 4.591e-05	VL: 5.925e-04	 5.926e-04	 adam_lr:1.953125e-06
Epoch: 588	TL: 4.584e-05	VL: 5.929e-04	 5.927e-04	 adam_lr:1.953125e-06
Epoch: 589	TL: 4.588e-05	VL: 5.925e-04	 5.926e-04	 adam_lr:1.953125e-06
Epoch: 590	TL: 4.582e-05	VL: 5.922e-04	 5.926e-04	 adam_lr:1.953125e-06
Epoch: 591	TL: 4.576e-05	VL: 5.924e-04	 5.926e-04	 adam_lr:1.953125e-06
Epoch: 592	TL: 4.580e-05	VL: 5.923e-04	 5.926e-04	 adam_lr:1.953125e-06
Epoch: 593	TL: 4.580e-05	VL: 5.933e-04	 5.926e-04	 adam_lr:1.953125e-06
Epoch: 594	TL: 4.581e-05	VL: 5.934e-04	 5.927e-04	 adam_lr:1.953125e-06
Epoch: 595	TL: 4.582e-05	VL: 5.923e-04	 5.927e-04	 adam_lr:1.953125e-06
Epoch: 596	TL: 4.585e-05	VL: 5.943e-04	 5.928e-04	 adam_lr:1.953125e-06
Epoch: 597	TL: 4.584e-05	VL: 5.920e-04	 5.928e-04	 adam_lr:1.953125e-06
Epoch: 598	TL: 4.570e-05	VL: 5.918e-04	 5.927e-04	 adam_lr:1.953125e-06
Epoch: 599	TL: 4.583e-05	VL: 5.930e-04	 5.927e-04	 adam_lr:1.953125e-06
Epoch: 600	TL: 4.583e-05	VL: 5.920e-04	 5.926e-04	 adam_lr:1.953125e-06
Epoch: 601	TL: 4.575e-05	VL: 5.941e-04	 5.928e-04	 adam_lr:1.953125e-06
Epoch: 602	TL: 4.572e-05	VL: 5.928e-04	 5.928e-04	 adam_lr:1.953125e-06
Epoch: 603	TL: 4.576e-05	VL: 5.918e-04	 5.927e-04	 adam_lr:1.953125e-06
Epoch: 604	TL: 4.580e-05	VL: 5.952e-04	 5.929e-04	 adam_lr:1.953125e-06
Epoch: 605	TL: 4.583e-05	VL: 5.925e-04	 5.929e-04	 adam_lr:1.953125e-06
Epoch: 606	TL: 4.567e-05	VL: 5.943e-04	 5.930e-04	 adam_lr:1.953125e-06
Epoch: 607	TL: 4.582e-05	VL: 5.922e-04	 5.930e-04	 adam_lr:1.953125e-06
Epoch: 608	TL: 4.574e-05	VL: 5.916e-04	 5.928e-04	 adam_lr:1.953125e-06
Epoch: 609	TL: 4.561e-05	VL: 5.928e-04	 5.928e-04	 adam_lr:1.953125e-06
Epoch: 610	TL: 4.575e-05	VL: 5.935e-04	 5.929e-04	 adam_lr:1.953125e-06
Epoch: 611	TL: 4.566e-05	VL: 5.921e-04	 5.928e-04	 adam_lr:1.953125e-06
Epoch: 612	TL: 4.564e-05	VL: 5.924e-04	 5.928e-04	 adam_lr:1.953125e-06
Epoch: 613	TL: 4.491e-05	VL: 5.915e-04	 5.926e-04	 adam_lr:4.8828125e-07
Epoch: 614	TL: 4.485e-05	VL: 5.919e-04	 5.926e-04	 adam_lr:4.8828125e-07
Epoch: 615	TL: 4.488e-05	VL: 5.922e-04	 5.925e-04	 adam_lr:4.8828125e-07
Epoch: 616	TL: 4.485e-05	VL: 5.923e-04	 5.925e-04	 adam_lr:4.8828125e-07
Epoch: 617	TL: 4.488e-05	VL: 5.918e-04	 5.924e-04	 adam_lr:4.8828125e-07
Epoch: 618	TL: 4.491e-05	VL: 5.928e-04	 5.925e-04	 adam_lr:4.8828125e-07
Epoch: 619	TL: 4.489e-05	VL: 5.914e-04	 5.924e-04	 adam_lr:4.8828125e-07
Epoch: 620	TL: 4.488e-05	VL: 5.916e-04	 5.923e-04	 adam_lr:4.8828125e-07
Epoch: 621	TL: 4.489e-05	VL: 5.923e-04	 5.923e-04	 adam_lr:4.8828125e-07
Epoch: 622	TL: 4.487e-05	VL: 5.924e-04	 5.923e-04	 adam_lr:4.8828125e-07
Epoch: 623	TL: 4.486e-05	VL: 5.925e-04	 5.923e-04	 adam_lr:4.8828125e-07
Epoch: 624	TL: 4.488e-05	VL: 5.923e-04	 5.923e-04	 adam_lr:4.8828125e-07
Epoch: 625	TL: 4.490e-05	VL: 5.921e-04	 5.923e-04	 adam_lr:4.8828125e-07
Epoch: 626	TL: 4.488e-05	VL: 5.924e-04	 5.923e-04	 adam_lr:4.8828125e-07
Epoch: 627	TL: 4.489e-05	VL: 5.921e-04	 5.923e-04	 adam_lr:4.8828125e-07
Epoch: 628	TL: 4.483e-05	VL: 5.929e-04	 5.923e-04	 adam_lr:4.8828125e-07
Epoch: 629	TL: 4.484e-05	VL: 5.935e-04	 5.925e-04	 adam_lr:4.8828125e-07
Epoch: 630	TL: 4.484e-05	VL: 5.915e-04	 5.924e-04	 adam_lr:4.8828125e-07
Epoch: 631	TL: 4.490e-05	VL: 5.926e-04	 5.924e-04	 adam_lr:4.8828125e-07
Epoch: 632	TL: 4.484e-05	VL: 5.925e-04	 5.924e-04	 adam_lr:4.8828125e-07
Epoch: 633	TL: 4.486e-05	VL: 5.914e-04	 5.923e-04	 adam_lr:4.8828125e-07
Epoch: 634	TL: 4.488e-05	VL: 5.920e-04	 5.923e-04	 adam_lr:4.8828125e-07
Epoch: 635	TL: 4.489e-05	VL: 5.925e-04	 5.923e-04	 adam_lr:4.8828125e-07
Epoch: 636	TL: 4.483e-05	VL: 5.925e-04	 5.923e-04	 adam_lr:4.8828125e-07
Epoch: 637	TL: 4.488e-05	VL: 5.917e-04	 5.922e-04	 adam_lr:4.8828125e-07
Epoch: 638	TL: 4.488e-05	VL: 5.924e-04	 5.923e-04	 adam_lr:4.8828125e-07
Epoch: 639	TL: 4.480e-05	VL: 5.918e-04	 5.922e-04	 adam_lr:4.8828125e-07
Epoch: 640	TL: 4.483e-05	VL: 5.918e-04	 5.922e-04	 adam_lr:4.8828125e-07
Epoch: 641	TL: 4.488e-05	VL: 5.922e-04	 5.922e-04	 adam_lr:4.8828125e-07
Epoch: 642	TL: 4.484e-05	VL: 5.922e-04	 5.922e-04	 adam_lr:4.8828125e-07
Epoch: 643	TL: 4.486e-05	VL: 5.926e-04	 5.922e-04	 adam_lr:4.8828125e-07
Epoch: 644	TL: 4.488e-05	VL: 5.925e-04	 5.922e-04	 adam_lr:4.8828125e-07
Epoch: 645	TL: 4.482e-05	VL: 5.930e-04	 5.923e-04	 adam_lr:4.8828125e-07
Epoch: 646	TL: 4.483e-05	VL: 5.922e-04	 5.923e-04	 adam_lr:4.8828125e-07
Epoch: 647	TL: 4.478e-05	VL: 5.927e-04	 5.923e-04	 adam_lr:4.8828125e-07
Epoch: 648	TL: 4.485e-05	VL: 5.921e-04	 5.923e-04	 adam_lr:4.8828125e-07
Epoch: 649	TL: 4.483e-05	VL: 5.925e-04	 5.923e-04	 adam_lr:4.8828125e-07
Epoch: 650	TL: 4.485e-05	VL: 5.923e-04	 5.923e-04	 adam_lr:4.8828125e-07
Epoch: 651	TL: 4.481e-05	VL: 5.931e-04	 5.924e-04	 adam_lr:4.8828125e-07
Epoch: 652	TL: 4.478e-05	VL: 5.930e-04	 5.925e-04	 adam_lr:4.8828125e-07
Epoch: 653	TL: 4.479e-05	VL: 5.929e-04	 5.925e-04	 adam_lr:4.8828125e-07
Epoch: 654	TL: 4.492e-05	VL: 5.924e-04	 5.925e-04	 adam_lr:4.8828125e-07
Epoch: 655	TL: 4.479e-05	VL: 5.923e-04	 5.925e-04	 adam_lr:4.8828125e-07
Epoch: 656	TL: 4.480e-05	VL: 5.925e-04	 5.925e-04	 adam_lr:4.8828125e-07
Epoch: 657	TL: 4.472e-05	VL: 5.921e-04	 5.925e-04	 adam_lr:4.8828125e-07
Epoch: 658	TL: 4.479e-05	VL: 5.926e-04	 5.925e-04	 adam_lr:4.8828125e-07
Epoch: 659	TL: 4.482e-05	VL: 5.921e-04	 5.924e-04	 adam_lr:4.8828125e-07
Epoch: 660	TL: 4.478e-05	VL: 5.926e-04	 5.924e-04	 adam_lr:4.8828125e-07
Epoch: 661	TL: 4.481e-05	VL: 5.922e-04	 5.924e-04	 adam_lr:4.8828125e-07
Epoch: 662	TL: 4.477e-05	VL: 5.932e-04	 5.925e-04	 adam_lr:4.8828125e-07
Epoch: 663	TL: 4.479e-05	VL: 5.923e-04	 5.925e-04	 adam_lr:4.8828125e-07
Epoch: 664	TL: 4.481e-05	VL: 5.919e-04	 5.924e-04	 adam_lr:4.8828125e-07
Epoch: 665	TL: 4.481e-05	VL: 5.920e-04	 5.924e-04	 adam_lr:4.8828125e-07
Epoch: 666	TL: 4.477e-05	VL: 5.915e-04	 5.923e-04	 adam_lr:4.8828125e-07
Epoch: 667	TL: 4.478e-05	VL: 5.929e-04	 5.923e-04	 adam_lr:4.8828125e-07
Epoch: 668	TL: 4.478e-05	VL: 5.931e-04	 5.924e-04	 adam_lr:4.8828125e-07
Epoch: 669	TL: 4.474e-05	VL: 5.928e-04	 5.925e-04	 adam_lr:4.8828125e-07
Epoch: 670	TL: 4.479e-05	VL: 5.927e-04	 5.925e-04	 adam_lr:4.8828125e-07
Epoch: 671	TL: 4.463e-05	VL: 5.922e-04	 5.925e-04	 adam_lr:1.220703125e-07
Epoch: 672	TL: 4.458e-05	VL: 5.926e-04	 5.925e-04	 adam_lr:1.220703125e-07
Epoch: 673	TL: 4.458e-05	VL: 5.924e-04	 5.925e-04	 adam_lr:1.220703125e-07
Epoch: 674	TL: 4.455e-05	VL: 5.926e-04	 5.925e-04	 adam_lr:1.220703125e-07
Epoch: 675	TL: 4.455e-05	VL: 5.924e-04	 5.925e-04	 adam_lr:1.220703125e-07
Epoch: 676	TL: 4.452e-05	VL: 5.924e-04	 5.925e-04	 adam_lr:1.220703125e-07
Epoch: 677	TL: 4.456e-05	VL: 5.921e-04	 5.924e-04	 adam_lr:1.220703125e-07
Epoch: 678	TL: 4.459e-05	VL: 5.920e-04	 5.924e-04	 adam_lr:1.220703125e-07
Epoch: 679	TL: 4.457e-05	VL: 5.923e-04	 5.924e-04	 adam_lr:1.220703125e-07
Epoch: 680	TL: 4.458e-05	VL: 5.926e-04	 5.924e-04	 adam_lr:1.220703125e-07
Epoch: 681	TL: 4.460e-05	VL: 5.926e-04	 5.924e-04	 adam_lr:1.220703125e-07
Epoch: 682	TL: 4.455e-05	VL: 5.924e-04	 5.924e-04	 adam_lr:1.220703125e-07
Epoch: 683	TL: 4.453e-05	VL: 5.925e-04	 5.924e-04	 adam_lr:1.220703125e-07
Epoch: 684	TL: 4.453e-05	VL: 5.923e-04	 5.924e-04	 adam_lr:1.220703125e-07
Epoch: 685	TL: 4.457e-05	VL: 5.922e-04	 5.924e-04	 adam_lr:1.220703125e-07
Epoch: 686	TL: 4.460e-05	VL: 5.922e-04	 5.924e-04	 adam_lr:1.220703125e-07
Epoch: 687	TL: 4.460e-05	VL: 5.920e-04	 5.923e-04	 adam_lr:1.220703125e-07
Epoch: 688	TL: 4.457e-05	VL: 5.923e-04	 5.923e-04	 adam_lr:1.220703125e-07
Epoch: 689	TL: 4.456e-05	VL: 5.923e-04	 5.923e-04	 adam_lr:1.220703125e-07
Epoch: 690	TL: 4.453e-05	VL: 5.921e-04	 5.923e-04	 adam_lr:1.220703125e-07
Epoch: 691	TL: 4.456e-05	VL: 5.923e-04	 5.923e-04	 adam_lr:1.220703125e-07
Epoch: 692	TL: 4.456e-05	VL: 5.926e-04	 5.923e-04	 adam_lr:1.220703125e-07
Epoch: 693	TL: 4.457e-05	VL: 5.924e-04	 5.923e-04	 adam_lr:1.220703125e-07
Epoch: 694	TL: 4.455e-05	VL: 5.926e-04	 5.924e-04	 adam_lr:1.220703125e-07
Epoch: 695	TL: 4.455e-05	VL: 5.924e-04	 5.924e-04	 adam_lr:1.220703125e-07
Epoch: 696	TL: 4.456e-05	VL: 5.922e-04	 5.923e-04	 adam_lr:1.220703125e-07
Epoch: 697	TL: 4.456e-05	VL: 5.921e-04	 5.923e-04	 adam_lr:1.220703125e-07
Epoch: 698	TL: 4.458e-05	VL: 5.922e-04	 5.923e-04	 adam_lr:1.220703125e-07
Epoch: 699	TL: 4.458e-05	VL: 5.924e-04	 5.923e-04	 adam_lr:1.220703125e-07
Epoch: 700	TL: 4.455e-05	VL: 5.923e-04	 5.923e-04	 adam_lr:1.220703125e-07
Epoch: 701	TL: 4.459e-05	VL: 5.929e-04	 5.924e-04	 adam_lr:1.220703125e-07
Epoch: 702	TL: 4.449e-05	VL: 5.922e-04	 5.924e-04	 adam_lr:3.0517578125e-08
Epoch: 703	TL: 4.448e-05	VL: 5.922e-04	 5.923e-04	 adam_lr:3.0517578125e-08
Epoch: 704	TL: 4.447e-05	VL: 5.924e-04	 5.924e-04	 adam_lr:3.0517578125e-08
Epoch: 705	TL: 4.446e-05	VL: 5.924e-04	 5.924e-04	 adam_lr:3.0517578125e-08
Epoch: 706	TL: 4.448e-05	VL: 5.923e-04	 5.923e-04	 adam_lr:3.0517578125e-08
Epoch: 707	TL: 4.447e-05	VL: 5.924e-04	 5.924e-04	 adam_lr:3.0517578125e-08
Epoch: 708	TL: 4.447e-05	VL: 5.921e-04	 5.923e-04	 adam_lr:3.0517578125e-08
Epoch: 709	TL: 4.448e-05	VL: 5.921e-04	 5.923e-04	 adam_lr:3.0517578125e-08
Epoch: 710	TL: 4.450e-05	VL: 5.921e-04	 5.923e-04	 adam_lr:3.0517578125e-08
Epoch: 711	TL: 4.451e-05	VL: 5.920e-04	 5.923e-04	 adam_lr:3.0517578125e-08
Epoch: 712	TL: 4.446e-05	VL: 5.925e-04	 5.923e-04	 adam_lr:3.0517578125e-08
Epoch: 713	TL: 4.453e-05	VL: 5.919e-04	 5.922e-04	 adam_lr:3.0517578125e-08
Epoch: 714	TL: 4.449e-05	VL: 5.923e-04	 5.923e-04	 adam_lr:3.0517578125e-08
Epoch: 715	TL: 4.448e-05	VL: 5.923e-04	 5.923e-04	 adam_lr:3.0517578125e-08
Epoch: 716	TL: 4.449e-05	VL: 5.926e-04	 5.923e-04	 adam_lr:3.0517578125e-08
Epoch: 717	TL: 4.448e-05	VL: 5.919e-04	 5.923e-04	 adam_lr:3.0517578125e-08
Epoch: 718	TL: 4.450e-05	VL: 5.922e-04	 5.922e-04	 adam_lr:3.0517578125e-08
Epoch: 719	TL: 4.447e-05	VL: 5.925e-04	 5.923e-04	 adam_lr:3.0517578125e-08
Epoch: 720	TL: 4.448e-05	VL: 5.924e-04	 5.923e-04	 adam_lr:3.0517578125e-08
Epoch: 721	TL: 4.451e-05	VL: 5.922e-04	 5.923e-04	 adam_lr:3.0517578125e-08
Epoch: 722	TL: 4.449e-05	VL: 5.924e-04	 5.923e-04	 adam_lr:3.0517578125e-08
Epoch: 723	TL: 4.448e-05	VL: 5.924e-04	 5.923e-04	 adam_lr:3.0517578125e-08
Epoch: 724	TL: 4.451e-05	VL: 5.923e-04	 5.923e-04	 adam_lr:3.0517578125e-08
Epoch: 725	TL: 4.449e-05	VL: 5.923e-04	 5.923e-04	 adam_lr:3.0517578125e-08
Epoch: 726	TL: 4.451e-05	VL: 5.924e-04	 5.923e-04	 adam_lr:3.0517578125e-08
Epoch: 727	TL: 4.450e-05	VL: 5.923e-04	 5.923e-04	 adam_lr:3.0517578125e-08
Epoch: 728	TL: 4.449e-05	VL: 5.923e-04	 5.923e-04	 adam_lr:3.0517578125e-08
Epoch: 729	TL: 4.452e-05	VL: 5.924e-04	 5.923e-04	 adam_lr:3.0517578125e-08
Epoch: 730	TL: 4.448e-05	VL: 5.924e-04	 5.923e-04	 adam_lr:3.0517578125e-08
Epoch: 731	TL: 4.447e-05	VL: 5.925e-04	 5.923e-04	 adam_lr:3.0517578125e-08
Epoch: 732	TL: 4.448e-05	VL: 5.925e-04	 5.923e-04	 adam_lr:3.0517578125e-08
Epoch: 733	TL: 4.446e-05	VL: 5.925e-04	 5.924e-04	 adam_lr:7.62939453125e-09
Epoch: 734	TL: 4.447e-05	VL: 5.924e-04	 5.924e-04	 adam_lr:7.62939453125e-09
Epoch: 735	TL: 4.446e-05	VL: 5.925e-04	 5.924e-04	 adam_lr:7.62939453125e-09
Epoch: 736	TL: 4.447e-05	VL: 5.924e-04	 5.924e-04	 adam_lr:7.62939453125e-09
Epoch: 737	TL: 4.444e-05	VL: 5.924e-04	 5.924e-04	 adam_lr:7.62939453125e-09
Epoch: 738	TL: 4.445e-05	VL: 5.923e-04	 5.924e-04	 adam_lr:7.62939453125e-09
Epoch: 739	TL: 4.446e-05	VL: 5.923e-04	 5.924e-04	 adam_lr:7.62939453125e-09
Epoch: 740	TL: 4.447e-05	VL: 5.926e-04	 5.924e-04	 adam_lr:7.62939453125e-09
Epoch: 741	TL: 4.447e-05	VL: 5.924e-04	 5.924e-04	 adam_lr:7.62939453125e-09
Epoch: 742	TL: 4.446e-05	VL: 5.926e-04	 5.924e-04	 adam_lr:7.62939453125e-09
Epoch: 743	TL: 4.446e-05	VL: 5.922e-04	 5.924e-04	 adam_lr:7.62939453125e-09
Epoch: 744	TL: 4.446e-05	VL: 5.925e-04	 5.924e-04	 adam_lr:7.62939453125e-09
Epoch: 745	TL: 4.446e-05	VL: 5.920e-04	 5.924e-04	 adam_lr:7.62939453125e-09
Epoch: 746	TL: 4.447e-05	VL: 5.923e-04	 5.923e-04	 adam_lr:7.62939453125e-09
Epoch: 747	TL: 4.444e-05	VL: 5.923e-04	 5.923e-04	 adam_lr:7.62939453125e-09
Epoch: 748	TL: 4.447e-05	VL: 5.923e-04	 5.923e-04	 adam_lr:7.62939453125e-09
Epoch: 749	TL: 4.447e-05	VL: 5.922e-04	 5.923e-04	 adam_lr:7.62939453125e-09
Epoch: 750	TL: 4.447e-05	VL: 5.923e-04	 5.923e-04	 adam_lr:7.62939453125e-09
Epoch: 751	TL: 4.445e-05	VL: 5.923e-04	 5.923e-04	 adam_lr:7.62939453125e-09
Epoch: 752	TL: 4.447e-05	VL: 5.924e-04	 5.923e-04	 adam_lr:7.62939453125e-09
Epoch: 753	TL: 4.446e-05	VL: 5.924e-04	 5.923e-04	 adam_lr:7.62939453125e-09
Epoch: 754	TL: 4.444e-05	VL: 5.924e-04	 5.923e-04	 adam_lr:7.62939453125e-09
Epoch: 755	TL: 4.446e-05	VL: 5.923e-04	 5.923e-04	 adam_lr:7.62939453125e-09
Epoch: 756	TL: 4.446e-05	VL: 5.924e-04	 5.923e-04	 adam_lr:7.62939453125e-09
Epoch: 757	TL: 4.441e-05	VL: 5.923e-04	 5.923e-04	 adam_lr:7.62939453125e-09
Epoch: 758	TL: 4.447e-05	VL: 5.924e-04	 5.923e-04	 adam_lr:7.62939453125e-09
Epoch: 759	TL: 4.447e-05	VL: 5.923e-04	 5.923e-04	 adam_lr:7.62939453125e-09
Epoch: 760	TL: 4.444e-05	VL: 5.925e-04	 5.924e-04	 adam_lr:7.62939453125e-09
Epoch: 761	TL: 4.448e-05	VL: 5.920e-04	 5.923e-04	 adam_lr:7.62939453125e-09
Epoch: 762	TL: 4.447e-05	VL: 5.924e-04	 5.923e-04	 adam_lr:7.62939453125e-09
Epoch: 763	TL: 4.447e-05	VL: 5.925e-04	 5.923e-04	 adam_lr:7.62939453125e-09
Epoch: 764	TL: 4.443e-05	VL: 5.923e-04	 5.923e-04	 adam_lr:7.62939453125e-09
Epoch: 765	TL: 4.446e-05	VL: 5.924e-04	 5.923e-04	 adam_lr:7.62939453125e-09
Epoch: 766	TL: 4.445e-05	VL: 5.923e-04	 5.923e-04	 adam_lr:7.62939453125e-09
Epoch: 767	TL: 4.445e-05	VL: 5.922e-04	 5.923e-04	 adam_lr:7.62939453125e-09
Epoch: 768	TL: 4.447e-05	VL: 5.924e-04	 5.923e-04	 adam_lr:7.62939453125e-09
Epoch: 769	TL: 4.445e-05	VL: 5.923e-04	 5.923e-04	 adam_lr:7.62939453125e-09
Epoch: 770	TL: 4.445e-05	VL: 5.923e-04	 5.923e-04	 adam_lr:7.62939453125e-09
Epoch: 771	TL: 4.446e-05	VL: 5.924e-04	 5.923e-04	 adam_lr:7.62939453125e-09
Epoch: 772	TL: 4.444e-05	VL: 5.923e-04	 5.923e-04	 adam_lr:7.62939453125e-09
Epoch: 773	TL: 4.445e-05	VL: 5.925e-04	 5.923e-04	 adam_lr:7.62939453125e-09
Epoch: 774	TL: 4.448e-05	VL: 5.923e-04	 5.923e-04	 adam_lr:7.62939453125e-09
Epoch: 775	TL: 4.446e-05	VL: 5.924e-04	 5.924e-04	 adam_lr:7.62939453125e-09
Epoch: 776	TL: 4.446e-05	VL: 5.925e-04	 5.924e-04	 adam_lr:7.62939453125e-09
Epoch: 777	TL: 4.445e-05	VL: 5.925e-04	 5.924e-04	 adam_lr:7.62939453125e-09
Epoch: 778	TL: 4.447e-05	VL: 5.925e-04	 5.924e-04	 adam_lr:7.62939453125e-09
Epoch: 779	TL: 4.443e-05	VL: 5.924e-04	 5.924e-04	 adam_lr:7.62939453125e-09
Epoch: 780	TL: 4.445e-05	VL: 5.923e-04	 5.924e-04	 adam_lr:7.62939453125e-09
Epoch: 781	TL: 4.448e-05	VL: 5.924e-04	 5.924e-04	 adam_lr:7.62939453125e-09
Epoch: 782	TL: 4.445e-05	VL: 5.923e-04	 5.924e-04	 adam_lr:7.62939453125e-09
Epoch: 783	TL: 4.445e-05	VL: 5.925e-04	 5.924e-04	 adam_lr:7.62939453125e-09
Epoch: 784	TL: 4.446e-05	VL: 5.922e-04	 5.924e-04	 adam_lr:7.62939453125e-09
Epoch: 785	TL: 4.447e-05	VL: 5.924e-04	 5.924e-04	 adam_lr:7.62939453125e-09
Epoch: 786	TL: 4.445e-05	VL: 5.924e-04	 5.924e-04	 adam_lr:7.62939453125e-09
Epoch: 787	TL: 4.444e-05	VL: 5.926e-04	 5.924e-04	 adam_lr:7.62939453125e-09
Epoch: 788	TL: 4.447e-05	VL: 5.924e-04	 5.924e-04	 adam_lr:7.62939453125e-09
Epoch: 789	TL: 4.448e-05	VL: 5.925e-04	 5.924e-04	 adam_lr:7.62939453125e-09
Epoch: 790	TL: 4.447e-05	VL: 5.925e-04	 5.924e-04	 adam_lr:7.62939453125e-09
Epoch: 791	TL: 4.448e-05	VL: 5.924e-04	 5.924e-04	 adam_lr:7.62939453125e-09
Epoch: 792	TL: 4.447e-05	VL: 5.923e-04	 5.924e-04	 adam_lr:7.62939453125e-09
Epoch: 793	TL: 4.445e-05	VL: 5.924e-04	 5.924e-04	 adam_lr:7.62939453125e-09
Epoch: 794	TL: 4.448e-05	VL: 5.924e-04	 5.924e-04	 adam_lr:7.62939453125e-09
Epoch: 795	TL: 4.444e-05	VL: 5.923e-04	 5.924e-04	 adam_lr:7.62939453125e-09
Epoch: 796	TL: 4.444e-05	VL: 5.923e-04	 5.924e-04	 adam_lr:7.62939453125e-09
Epoch: 797	TL: 4.443e-05	VL: 5.924e-04	 5.924e-04	 adam_lr:7.62939453125e-09
Epoch: 798	TL: 4.446e-05	VL: 5.924e-04	 5.924e-04	 adam_lr:7.62939453125e-09
Epoch: 799	TL: 4.444e-05	VL: 5.923e-04	 5.924e-04	 adam_lr:7.62939453125e-09
Epoch: 800	TL: 4.443e-05	VL: 5.924e-04	 5.924e-04	 adam_lr:7.62939453125e-09
Epoch: 801	TL: 4.449e-05	VL: 5.923e-04	 5.924e-04	 adam_lr:7.62939453125e-09
Epoch: 802	TL: 4.444e-05	VL: 5.924e-04	 5.924e-04	 adam_lr:7.62939453125e-09
Epoch: 803	TL: 4.449e-05	VL: 5.925e-04	 5.924e-04	 adam_lr:7.62939453125e-09
Epoch: 804	TL: 4.445e-05	VL: 5.924e-04	 5.924e-04	 adam_lr:7.62939453125e-09
Epoch: 805	TL: 4.447e-05	VL: 5.925e-04	 5.924e-04	 adam_lr:7.62939453125e-09
Epoch: 806	TL: 4.442e-05	VL: 5.924e-04	 5.924e-04	 adam_lr:7.62939453125e-09
Epoch: 807	TL: 4.445e-05	VL: 5.925e-04	 5.924e-04	 adam_lr:7.62939453125e-09
Epoch: 808	TL: 4.447e-05	VL: 5.924e-04	 5.924e-04	 adam_lr:7.62939453125e-09
Epoch: 809	TL: 4.445e-05	VL: 5.925e-04	 5.924e-04	 adam_lr:7.62939453125e-09
Epoch: 810	TL: 4.446e-05	VL: 5.924e-04	 5.924e-04	 adam_lr:7.62939453125e-09
Epoch: 811	TL: 4.443e-05	VL: 5.924e-04	 5.924e-04	 adam_lr:7.62939453125e-09
Epoch: 812	TL: 4.442e-05	VL: 5.924e-04	 5.924e-04	 adam_lr:7.62939453125e-09
Epoch: 813	TL: 4.441e-05	VL: 5.924e-04	 5.924e-04	 adam_lr:7.62939453125e-09
Epoch: 814	TL: 4.444e-05	VL: 5.923e-04	 5.924e-04	 adam_lr:7.62939453125e-09
Epoch: 815	TL: 4.447e-05	VL: 5.921e-04	 5.924e-04	 adam_lr:7.62939453125e-09
Epoch: 816	TL: 4.445e-05	VL: 5.923e-04	 5.924e-04	 adam_lr:7.62939453125e-09
Epoch: 817	TL: 4.445e-05	VL: 5.925e-04	 5.924e-04	 adam_lr:7.62939453125e-09
Epoch: 818	TL: 4.445e-05	VL: 5.924e-04	 5.924e-04	 adam_lr:7.62939453125e-09
Epoch: 819	TL: 4.445e-05	VL: 5.922e-04	 5.924e-04	 adam_lr:7.62939453125e-09
Epoch: 820	TL: 4.445e-05	VL: 5.921e-04	 5.923e-04	 adam_lr:7.62939453125e-09
Epoch: 821	TL: 4.445e-05	VL: 5.924e-04	 5.923e-04	 adam_lr:7.62939453125e-09
Epoch: 822	TL: 4.444e-05	VL: 5.921e-04	 5.923e-04	 adam_lr:7.62939453125e-09
Epoch: 823	TL: 4.448e-05	VL: 5.921e-04	 5.923e-04	 adam_lr:7.62939453125e-09
Epoch: 824	TL: 4.444e-05	VL: 5.919e-04	 5.923e-04	 adam_lr:7.62939453125e-09
Epoch: 825	TL: 4.446e-05	VL: 5.924e-04	 5.923e-04	 adam_lr:7.62939453125e-09
Epoch: 826	TL: 4.443e-05	VL: 5.925e-04	 5.923e-04	 adam_lr:7.62939453125e-09
Epoch: 827	TL: 4.448e-05	VL: 5.924e-04	 5.923e-04	 adam_lr:7.62939453125e-09
Epoch: 828	TL: 4.447e-05	VL: 5.922e-04	 5.923e-04	 adam_lr:7.62939453125e-09
Epoch: 829	TL: 4.446e-05	VL: 5.925e-04	 5.923e-04	 adam_lr:7.62939453125e-09
Epoch: 830	TL: 4.444e-05	VL: 5.921e-04	 5.923e-04	 adam_lr:7.62939453125e-09
Epoch: 831	TL: 4.447e-05	VL: 5.925e-04	 5.923e-04	 adam_lr:7.62939453125e-09
Epoch: 832	TL: 4.445e-05	VL: 5.920e-04	 5.923e-04	 adam_lr:7.62939453125e-09
Epoch: 833	TL: 4.446e-05	VL: 5.922e-04	 5.923e-04	 adam_lr:7.62939453125e-09
Epoch: 834	TL: 4.446e-05	VL: 5.923e-04	 5.923e-04	 adam_lr:7.62939453125e-09
Epoch: 835	TL: 4.441e-05	VL: 5.920e-04	 5.922e-04	 adam_lr:7.62939453125e-09
Epoch: 836	TL: 4.446e-05	VL: 5.924e-04	 5.923e-04	 adam_lr:7.62939453125e-09
Epoch: 837	TL: 4.445e-05	VL: 5.923e-04	 5.923e-04	 adam_lr:7.62939453125e-09
Epoch: 838	TL: 4.446e-05	VL: 5.924e-04	 5.923e-04	 adam_lr:7.62939453125e-09
Epoch: 839	TL: 4.446e-05	VL: 5.925e-04	 5.923e-04	 adam_lr:7.62939453125e-09
Epoch: 840	TL: 4.447e-05	VL: 5.925e-04	 5.923e-04	 adam_lr:7.62939453125e-09
Epoch: 841	TL: 4.446e-05	VL: 5.924e-04	 5.923e-04	 adam_lr:7.62939453125e-09
Epoch: 842	TL: 4.445e-05	VL: 5.922e-04	 5.923e-04	 adam_lr:7.62939453125e-09
Epoch: 843	TL: 4.446e-05	VL: 5.922e-04	 5.923e-04	 adam_lr:7.62939453125e-09
Epoch: 844	TL: 4.449e-05	VL: 5.922e-04	 5.923e-04	 adam_lr:7.62939453125e-09
Epoch: 845	TL: 4.444e-05	VL: 5.924e-04	 5.923e-04	 adam_lr:7.62939453125e-09
Epoch: 846	TL: 4.444e-05	VL: 5.925e-04	 5.923e-04	 adam_lr:7.62939453125e-09
Epoch: 847	TL: 4.448e-05	VL: 5.922e-04	 5.923e-04	 adam_lr:7.62939453125e-09
Epoch: 848	TL: 4.447e-05	VL: 5.925e-04	 5.923e-04	 adam_lr:7.62939453125e-09
Epoch: 849	TL: 4.447e-05	VL: 5.923e-04	 5.923e-04	 adam_lr:7.62939453125e-09
Epoch: 850	TL: 4.448e-05	VL: 5.925e-04	 5.923e-04	 adam_lr:7.62939453125e-09
Epoch: 851	TL: 4.446e-05	VL: 5.924e-04	 5.923e-04	 adam_lr:7.62939453125e-09
Epoch: 852	TL: 4.445e-05	VL: 5.924e-04	 5.923e-04	 adam_lr:7.62939453125e-09
Epoch: 853	TL: 4.446e-05	VL: 5.923e-04	 5.923e-04	 adam_lr:7.62939453125e-09
Epoch: 854	TL: 4.444e-05	VL: 5.924e-04	 5.923e-04	 adam_lr:7.62939453125e-09
Epoch: 855	TL: 4.444e-05	VL: 5.924e-04	 5.924e-04	 adam_lr:7.62939453125e-09
Epoch: 856	TL: 4.445e-05	VL: 5.922e-04	 5.923e-04	 adam_lr:7.62939453125e-09
Epoch: 857	TL: 4.444e-05	VL: 5.924e-04	 5.923e-04	 adam_lr:7.62939453125e-09
Epoch: 858	TL: 4.446e-05	VL: 5.922e-04	 5.923e-04	 adam_lr:7.62939453125e-09
Epoch: 859	TL: 4.446e-05	VL: 5.924e-04	 5.923e-04	 adam_lr:7.62939453125e-09
Epoch: 860	TL: 4.447e-05	VL: 5.923e-04	 5.923e-04	 adam_lr:7.62939453125e-09
Epoch: 861	TL: 4.444e-05	VL: 5.922e-04	 5.923e-04	 adam_lr:7.62939453125e-09
Epoch: 862	TL: 4.444e-05	VL: 5.923e-04	 5.923e-04	 adam_lr:7.62939453125e-09
Epoch: 863	TL: 4.446e-05	VL: 5.924e-04	 5.923e-04	 adam_lr:7.62939453125e-09
Epoch: 864	TL: 4.445e-05	VL: 5.924e-04	 5.923e-04	 adam_lr:7.62939453125e-09
Epoch: 865	TL: 4.444e-05	VL: 5.924e-04	 5.923e-04	 adam_lr:7.62939453125e-09
Epoch: 866	TL: 4.447e-05	VL: 5.923e-04	 5.923e-04	 adam_lr:7.62939453125e-09
Epoch: 867	TL: 4.443e-05	VL: 5.923e-04	 5.923e-04	 adam_lr:7.62939453125e-09
Epoch: 868	TL: 4.447e-05	VL: 5.923e-04	 5.923e-04	 adam_lr:7.62939453125e-09
Epoch: 869	TL: 4.446e-05	VL: 5.920e-04	 5.923e-04	 adam_lr:7.62939453125e-09
Epoch: 870	TL: 4.448e-05	VL: 5.925e-04	 5.923e-04	 adam_lr:7.62939453125e-09
Epoch: 871	TL: 4.445e-05	VL: 5.924e-04	 5.923e-04	 adam_lr:7.62939453125e-09
Epoch: 872	TL: 4.446e-05	VL: 5.924e-04	 5.923e-04	 adam_lr:7.62939453125e-09
Epoch: 873	TL: 4.447e-05	VL: 5.923e-04	 5.923e-04	 adam_lr:7.62939453125e-09
Epoch: 874	TL: 4.445e-05	VL: 5.923e-04	 5.923e-04	 adam_lr:7.62939453125e-09
Epoch: 875	TL: 4.443e-05	VL: 5.923e-04	 5.923e-04	 adam_lr:7.62939453125e-09
Epoch: 876	TL: 4.444e-05	VL: 5.924e-04	 5.923e-04	 adam_lr:7.62939453125e-09
Epoch: 877	TL: 4.443e-05	VL: 5.924e-04	 5.923e-04	 adam_lr:7.62939453125e-09
Epoch: 878	TL: 4.446e-05	VL: 5.923e-04	 5.923e-04	 adam_lr:7.62939453125e-09
Epoch: 879	TL: 4.445e-05	VL: 5.923e-04	 5.923e-04	 adam_lr:7.62939453125e-09
Epoch: 880	TL: 4.443e-05	VL: 5.924e-04	 5.923e-04	 adam_lr:7.62939453125e-09
Epoch: 881	TL: 4.444e-05	VL: 5.924e-04	 5.923e-04	 adam_lr:7.62939453125e-09
Epoch: 882	TL: 4.445e-05	VL: 5.923e-04	 5.923e-04	 adam_lr:7.62939453125e-09
Epoch: 883	TL: 4.446e-05	VL: 5.923e-04	 5.923e-04	 adam_lr:7.62939453125e-09
Epoch: 884	TL: 4.447e-05	VL: 5.924e-04	 5.924e-04	 adam_lr:7.62939453125e-09
Epoch: 885	TL: 4.449e-05	VL: 5.922e-04	 5.923e-04	 adam_lr:7.62939453125e-09
Epoch: 886	TL: 4.445e-05	VL: 5.923e-04	 5.923e-04	 adam_lr:7.62939453125e-09
Epoch: 887	TL: 4.445e-05	VL: 5.923e-04	 5.923e-04	 adam_lr:7.62939453125e-09
Epoch: 888	TL: 4.446e-05	VL: 5.923e-04	 5.923e-04	 adam_lr:7.62939453125e-09
Epoch: 889	TL: 4.447e-05	VL: 5.923e-04	 5.923e-04	 adam_lr:7.62939453125e-09
Epoch: 890	TL: 4.444e-05	VL: 5.920e-04	 5.923e-04	 adam_lr:7.62939453125e-09
Epoch: 891	TL: 4.444e-05	VL: 5.923e-04	 5.923e-04	 adam_lr:7.62939453125e-09
Epoch: 892	TL: 4.445e-05	VL: 5.921e-04	 5.923e-04	 adam_lr:7.62939453125e-09
Epoch: 893	TL: 4.447e-05	VL: 5.924e-04	 5.923e-04	 adam_lr:7.62939453125e-09
Epoch: 894	TL: 4.447e-05	VL: 5.921e-04	 5.923e-04	 adam_lr:7.62939453125e-09
Epoch: 895	TL: 4.445e-05	VL: 5.924e-04	 5.923e-04	 adam_lr:7.62939453125e-09
Epoch: 896	TL: 4.446e-05	VL: 5.923e-04	 5.923e-04	 adam_lr:7.62939453125e-09
Epoch: 897	TL: 4.445e-05	VL: 5.924e-04	 5.923e-04	 adam_lr:7.62939453125e-09
Epoch: 898	TL: 4.445e-05	VL: 5.923e-04	 5.923e-04	 adam_lr:7.62939453125e-09
Epoch: 899	TL: 4.443e-05	VL: 5.925e-04	 5.923e-04	 adam_lr:7.62939453125e-09
Epoch: 900	TL: 4.445e-05	VL: 5.921e-04	 5.923e-04	 adam_lr:7.62939453125e-09
Epoch: 901	TL: 4.445e-05	VL: 5.922e-04	 5.923e-04	 adam_lr:7.62939453125e-09
Epoch: 902	TL: 4.447e-05	VL: 5.922e-04	 5.923e-04	 adam_lr:7.62939453125e-09
Epoch: 903	TL: 4.450e-05	VL: 5.923e-04	 5.923e-04	 adam_lr:7.62939453125e-09
Epoch: 904	TL: 4.445e-05	VL: 5.924e-04	 5.923e-04	 adam_lr:7.62939453125e-09
Epoch: 905	TL: 4.445e-05	VL: 5.923e-04	 5.923e-04	 adam_lr:7.62939453125e-09
Epoch: 906	TL: 4.446e-05	VL: 5.924e-04	 5.923e-04	 adam_lr:7.62939453125e-09
Epoch: 907	TL: 4.443e-05	VL: 5.924e-04	 5.923e-04	 adam_lr:7.62939453125e-09
Epoch: 908	TL: 4.447e-05	VL: 5.923e-04	 5.923e-04	 adam_lr:7.62939453125e-09
Epoch: 909	TL: 4.447e-05	VL: 5.923e-04	 5.923e-04	 adam_lr:7.62939453125e-09
Epoch: 910	TL: 4.446e-05	VL: 5.923e-04	 5.923e-04	 adam_lr:7.62939453125e-09
Epoch: 911	TL: 4.443e-05	VL: 5.922e-04	 5.923e-04	 adam_lr:7.62939453125e-09
Epoch: 912	TL: 4.446e-05	VL: 5.922e-04	 5.923e-04	 adam_lr:7.62939453125e-09
Epoch: 913	TL: 4.443e-05	VL: 5.922e-04	 5.923e-04	 adam_lr:7.62939453125e-09
Epoch: 914	TL: 4.445e-05	VL: 5.923e-04	 5.923e-04	 adam_lr:7.62939453125e-09
Epoch: 915	TL: 4.445e-05	VL: 5.923e-04	 5.923e-04	 adam_lr:7.62939453125e-09
Epoch: 916	TL: 4.448e-05	VL: 5.923e-04	 5.923e-04	 adam_lr:7.62939453125e-09
Epoch: 917	TL: 4.447e-05	VL: 5.922e-04	 5.923e-04	 adam_lr:7.62939453125e-09
Epoch: 918	TL: 4.445e-05	VL: 5.923e-04	 5.923e-04	 adam_lr:7.62939453125e-09
Epoch: 919	TL: 4.442e-05	VL: 5.923e-04	 5.923e-04	 adam_lr:7.62939453125e-09
Epoch: 920	TL: 4.445e-05	VL: 5.921e-04	 5.923e-04	 adam_lr:7.62939453125e-09
Epoch: 921	TL: 4.444e-05	VL: 5.923e-04	 5.923e-04	 adam_lr:7.62939453125e-09
Epoch: 922	TL: 4.446e-05	VL: 5.925e-04	 5.923e-04	 adam_lr:7.62939453125e-09
Epoch: 923	TL: 4.446e-05	VL: 5.923e-04	 5.923e-04	 adam_lr:7.62939453125e-09
Epoch: 924	TL: 4.444e-05	VL: 5.922e-04	 5.923e-04	 adam_lr:7.62939453125e-09
Epoch: 925	TL: 4.444e-05	VL: 5.922e-04	 5.923e-04	 adam_lr:7.62939453125e-09
Epoch: 926	TL: 4.443e-05	VL: 5.922e-04	 5.923e-04	 adam_lr:7.62939453125e-09
Epoch: 927	TL: 4.446e-05	VL: 5.922e-04	 5.923e-04	 adam_lr:7.62939453125e-09
Epoch: 928	TL: 4.448e-05	VL: 5.924e-04	 5.923e-04	 adam_lr:7.62939453125e-09
Epoch: 929	TL: 4.444e-05	VL: 5.925e-04	 5.923e-04	 adam_lr:7.62939453125e-09
Epoch: 930	TL: 4.445e-05	VL: 5.924e-04	 5.923e-04	 adam_lr:7.62939453125e-09
Epoch: 931	TL: 4.444e-05	VL: 5.922e-04	 5.923e-04	 adam_lr:7.62939453125e-09
Epoch: 932	TL: 4.443e-05	VL: 5.922e-04	 5.923e-04	 adam_lr:7.62939453125e-09
Epoch: 933	TL: 4.444e-05	VL: 5.922e-04	 5.923e-04	 adam_lr:7.62939453125e-09
Epoch: 934	TL: 4.446e-05	VL: 5.923e-04	 5.923e-04	 adam_lr:7.62939453125e-09
Epoch: 935	TL: 4.445e-05	VL: 5.923e-04	 5.923e-04	 adam_lr:7.62939453125e-09
Epoch: 936	TL: 4.443e-05	VL: 5.925e-04	 5.923e-04	 adam_lr:7.62939453125e-09
Epoch: 937	TL: 4.447e-05	VL: 5.923e-04	 5.923e-04	 adam_lr:7.62939453125e-09
Epoch: 938	TL: 4.442e-05	VL: 5.923e-04	 5.923e-04	 adam_lr:7.62939453125e-09
Epoch: 939	TL: 4.444e-05	VL: 5.923e-04	 5.923e-04	 adam_lr:7.62939453125e-09
Epoch: 940	TL: 4.446e-05	VL: 5.923e-04	 5.923e-04	 adam_lr:7.62939453125e-09
Epoch: 941	TL: 4.446e-05	VL: 5.920e-04	 5.923e-04	 adam_lr:7.62939453125e-09
Epoch: 942	TL: 4.447e-05	VL: 5.922e-04	 5.923e-04	 adam_lr:7.62939453125e-09
Epoch: 943	TL: 4.446e-05	VL: 5.923e-04	 5.923e-04	 adam_lr:7.62939453125e-09
Epoch: 944	TL: 4.445e-05	VL: 5.924e-04	 5.923e-04	 adam_lr:7.62939453125e-09
Epoch: 945	TL: 4.447e-05	VL: 5.924e-04	 5.923e-04	 adam_lr:7.62939453125e-09
Epoch: 946	TL: 4.447e-05	VL: 5.923e-04	 5.923e-04	 adam_lr:7.62939453125e-09
Epoch: 947	TL: 4.443e-05	VL: 5.924e-04	 5.923e-04	 adam_lr:7.62939453125e-09
Epoch: 948	TL: 4.445e-05	VL: 5.923e-04	 5.923e-04	 adam_lr:7.62939453125e-09
Epoch: 949	TL: 4.446e-05	VL: 5.922e-04	 5.923e-04	 adam_lr:7.62939453125e-09
Epoch: 950	TL: 4.447e-05	VL: 5.924e-04	 5.923e-04	 adam_lr:7.62939453125e-09
Epoch: 951	TL: 4.444e-05	VL: 5.922e-04	 5.923e-04	 adam_lr:7.62939453125e-09
Epoch: 952	TL: 4.444e-05	VL: 5.923e-04	 5.923e-04	 adam_lr:7.62939453125e-09
Epoch: 953	TL: 4.449e-05	VL: 5.924e-04	 5.923e-04	 adam_lr:7.62939453125e-09
Epoch: 954	TL: 4.446e-05	VL: 5.921e-04	 5.923e-04	 adam_lr:7.62939453125e-09
Epoch: 955	TL: 4.445e-05	VL: 5.922e-04	 5.923e-04	 adam_lr:7.62939453125e-09
Epoch: 956	TL: 4.442e-05	VL: 5.923e-04	 5.923e-04	 adam_lr:7.62939453125e-09
Epoch: 957	TL: 4.443e-05	VL: 5.924e-04	 5.923e-04	 adam_lr:7.62939453125e-09
Epoch: 958	TL: 4.445e-05	VL: 5.923e-04	 5.923e-04	 adam_lr:7.62939453125e-09
Epoch: 959	TL: 4.444e-05	VL: 5.923e-04	 5.923e-04	 adam_lr:7.62939453125e-09
Epoch: 960	TL: 4.446e-05	VL: 5.923e-04	 5.923e-04	 adam_lr:7.62939453125e-09
Epoch: 961	TL: 4.445e-05	VL: 5.922e-04	 5.923e-04	 adam_lr:7.62939453125e-09
Epoch: 962	TL: 4.445e-05	VL: 5.922e-04	 5.923e-04	 adam_lr:7.62939453125e-09
Epoch: 963	TL: 4.445e-05	VL: 5.922e-04	 5.923e-04	 adam_lr:7.62939453125e-09
Epoch: 964	TL: 4.447e-05	VL: 5.924e-04	 5.923e-04	 adam_lr:7.62939453125e-09
Epoch: 965	TL: 4.446e-05	VL: 5.923e-04	 5.923e-04	 adam_lr:7.62939453125e-09
Epoch: 966	TL: 4.441e-05	VL: 5.923e-04	 5.923e-04	 adam_lr:7.62939453125e-09
Epoch: 967	TL: 4.449e-05	VL: 5.923e-04	 5.923e-04	 adam_lr:7.62939453125e-09
Epoch: 968	TL: 4.446e-05	VL: 5.923e-04	 5.923e-04	 adam_lr:7.62939453125e-09
Epoch: 969	TL: 4.447e-05	VL: 5.923e-04	 5.923e-04	 adam_lr:7.62939453125e-09
Epoch: 970	TL: 4.445e-05	VL: 5.925e-04	 5.923e-04	 adam_lr:7.62939453125e-09
Epoch: 971	TL: 4.446e-05	VL: 5.925e-04	 5.923e-04	 adam_lr:7.62939453125e-09
Epoch: 972	TL: 4.445e-05	VL: 5.923e-04	 5.923e-04	 adam_lr:7.62939453125e-09
Epoch: 973	TL: 4.445e-05	VL: 5.919e-04	 5.923e-04	 adam_lr:7.62939453125e-09
Epoch: 974	TL: 4.447e-05	VL: 5.924e-04	 5.923e-04	 adam_lr:7.62939453125e-09
Epoch: 975	TL: 4.446e-05	VL: 5.923e-04	 5.923e-04	 adam_lr:7.62939453125e-09
Epoch: 976	TL: 4.446e-05	VL: 5.922e-04	 5.923e-04	 adam_lr:7.62939453125e-09
Epoch: 977	TL: 4.445e-05	VL: 5.923e-04	 5.923e-04	 adam_lr:7.62939453125e-09
Epoch: 978	TL: 4.446e-05	VL: 5.922e-04	 5.923e-04	 adam_lr:7.62939453125e-09
Epoch: 979	TL: 4.444e-05	VL: 5.923e-04	 5.923e-04	 adam_lr:7.62939453125e-09
Epoch: 980	TL: 4.448e-05	VL: 5.923e-04	 5.923e-04	 adam_lr:7.62939453125e-09
Epoch: 981	TL: 4.448e-05	VL: 5.923e-04	 5.923e-04	 adam_lr:7.62939453125e-09
Epoch: 982	TL: 4.447e-05	VL: 5.923e-04	 5.923e-04	 adam_lr:7.62939453125e-09
Epoch: 983	TL: 4.444e-05	VL: 5.923e-04	 5.923e-04	 adam_lr:7.62939453125e-09
Epoch: 984	TL: 4.448e-05	VL: 5.923e-04	 5.923e-04	 adam_lr:7.62939453125e-09
Epoch: 985	TL: 4.445e-05	VL: 5.922e-04	 5.923e-04	 adam_lr:7.62939453125e-09
Epoch: 986	TL: 4.446e-05	VL: 5.923e-04	 5.923e-04	 adam_lr:7.62939453125e-09
Epoch: 987	TL: 4.447e-05	VL: 5.924e-04	 5.923e-04	 adam_lr:7.62939453125e-09
Epoch: 988	TL: 4.447e-05	VL: 5.922e-04	 5.923e-04	 adam_lr:7.62939453125e-09
Epoch: 989	TL: 4.444e-05	VL: 5.922e-04	 5.923e-04	 adam_lr:7.62939453125e-09
Epoch: 990	TL: 4.447e-05	VL: 5.923e-04	 5.923e-04	 adam_lr:7.62939453125e-09
Epoch: 991	TL: 4.445e-05	VL: 5.923e-04	 5.923e-04	 adam_lr:7.62939453125e-09
Epoch: 992	TL: 4.446e-05	VL: 5.924e-04	 5.923e-04	 adam_lr:7.62939453125e-09
Epoch: 993	TL: 4.446e-05	VL: 5.923e-04	 5.923e-04	 adam_lr:7.62939453125e-09
Epoch: 994	TL: 4.444e-05	VL: 5.922e-04	 5.923e-04	 adam_lr:7.62939453125e-09
Epoch: 995	TL: 4.446e-05	VL: 5.923e-04	 5.923e-04	 adam_lr:7.62939453125e-09
Epoch: 996	TL: 4.444e-05	VL: 5.923e-04	 5.923e-04	 adam_lr:7.62939453125e-09
Epoch: 997	TL: 4.445e-05	VL: 5.923e-04	 5.923e-04	 adam_lr:7.62939453125e-09
Epoch: 998	TL: 4.446e-05	VL: 5.923e-04	 5.923e-04	 adam_lr:7.62939453125e-09
Epoch: 999	TL: 4.444e-05	VL: 5.923e-04	 5.923e-04	 adam_lr:7.62939453125e-09
Epoch: 1000	TL: 4.448e-05	VL: 5.924e-04	 5.923e-04	 adam_lr:7.62939453125e-09
Test MAE: 10.625
