Mon Dec  9 19:45:24 2024       
+-----------------------------------------------------------------------------------------+
| NVIDIA-SMI 565.57.01              Driver Version: 565.57.01      CUDA Version: 12.7     |
|-----------------------------------------+------------------------+----------------------+
| GPU  Name                 Persistence-M | Bus-Id          Disp.A | Volatile Uncorr. ECC |
| Fan  Temp   Perf          Pwr:Usage/Cap |           Memory-Usage | GPU-Util  Compute M. |
|                                         |                        |               MIG M. |
|=========================================+========================+======================|
|   0  Tesla V100-SXM2-32GB           On  |   00000000:15:00.0 Off |                    0 |
| N/A   32C    P0             42W /  300W |       1MiB /  32768MiB |      0%   E. Process |
|                                         |                        |                  N/A |
+-----------------------------------------+------------------------+----------------------+
                                                                                         
+-----------------------------------------------------------------------------------------+
| Processes:                                                                              |
|  GPU   GI   CI        PID   Type   Process name                              GPU Memory |
|        ID   ID                                                               Usage      |
|=========================================================================================|
|  No running processes found                                                             |
+-----------------------------------------------------------------------------------------+
cuda
Tesla V100-SXM2-32GB
Epoch: 1	TL: 2.689e-01	VL: 5.224e-02	 5.224e-02	 sgdLR:0.0005
Epoch: 2	TL: 3.542e-02	VL: 1.873e-02	 4.889e-02	 sgdLR:0.0005
Epoch: 3	TL: 2.023e-02	VL: 1.571e-02	 4.557e-02	 sgdLR:0.0005
Epoch: 4	TL: 1.437e-02	VL: 9.066e-03	 4.192e-02	 sgdLR:0.0005
Epoch: 5	TL: 1.247e-02	VL: 1.243e-02	 3.897e-02	 sgdLR:0.0005
Epoch: 6	TL: 1.169e-02	VL: 7.720e-03	 3.584e-02	 sgdLR:0.0005
Epoch: 7	TL: 9.918e-03	VL: 8.130e-03	 3.307e-02	 sgdLR:0.0005
Epoch: 8	TL: 9.640e-03	VL: 7.345e-03	 3.050e-02	 sgdLR:0.0005
Epoch: 9	TL: 8.238e-03	VL: 1.096e-02	 2.855e-02	 sgdLR:0.0005
Epoch: 10	TL: 7.219e-03	VL: 6.544e-03	 2.635e-02	 sgdLR:0.0005
Epoch: 11	TL: 6.963e-03	VL: 4.738e-03	 2.419e-02	 sgdLR:0.0005
Epoch: 12	TL: 6.864e-03	VL: 7.911e-03	 2.256e-02	 sgdLR:0.0005
Epoch: 13	TL: 5.847e-03	VL: 6.282e-03	 2.093e-02	 sgdLR:0.0005
Epoch: 14	TL: 6.077e-03	VL: 5.424e-03	 1.938e-02	 sgdLR:0.0005
Epoch: 15	TL: 5.257e-03	VL: 7.406e-03	 1.818e-02	 sgdLR:0.0005
Epoch: 16	TL: 5.093e-03	VL: 4.869e-03	 1.685e-02	 sgdLR:0.0005
Epoch: 17	TL: 5.004e-03	VL: 6.486e-03	 1.581e-02	 sgdLR:0.0005
Epoch: 18	TL: 4.463e-03	VL: 4.698e-03	 1.470e-02	 sgdLR:0.0005
Epoch: 19	TL: 4.195e-03	VL: 3.171e-03	 1.355e-02	 sgdLR:0.0005
Epoch: 20	TL: 3.926e-03	VL: 6.760e-03	 1.287e-02	 sgdLR:0.0005
Epoch: 21	TL: 4.227e-03	VL: 4.162e-03	 1.200e-02	 sgdLR:0.0005
Epoch: 22	TL: 4.002e-03	VL: 2.543e-03	 1.105e-02	 sgdLR:0.0005
Epoch: 23	TL: 3.846e-03	VL: 4.087e-03	 1.036e-02	 sgdLR:0.0005
Epoch: 24	TL: 3.389e-03	VL: 3.524e-03	 9.674e-03	 sgdLR:0.0005
Epoch: 25	TL: 3.666e-03	VL: 2.851e-03	 8.992e-03	 sgdLR:0.0005
Epoch: 26	TL: 3.347e-03	VL: 7.680e-03	 8.861e-03	 sgdLR:0.0005
Epoch: 27	TL: 3.046e-03	VL: 2.889e-03	 8.263e-03	 sgdLR:0.0005
Epoch: 28	TL: 3.148e-03	VL: 2.878e-03	 7.725e-03	 sgdLR:0.0005
Epoch: 29	TL: 3.251e-03	VL: 2.312e-03	 7.184e-03	 sgdLR:0.0005
Epoch: 30	TL: 2.787e-03	VL: 4.585e-03	 6.924e-03	 sgdLR:0.0005
Epoch: 31	TL: 2.989e-03	VL: 3.171e-03	 6.548e-03	 sgdLR:0.0005
Epoch: 32	TL: 2.964e-03	VL: 2.702e-03	 6.164e-03	 sgdLR:0.0005
Epoch: 33	TL: 2.766e-03	VL: 3.083e-03	 5.856e-03	 sgdLR:0.0005
Epoch: 34	TL: 2.454e-03	VL: 2.645e-03	 5.535e-03	 sgdLR:0.0005
Epoch: 35	TL: 2.565e-03	VL: 4.651e-03	 5.446e-03	 sgdLR:0.0005
Epoch: 36	TL: 2.460e-03	VL: 2.081e-03	 5.110e-03	 sgdLR:0.0005
Epoch: 37	TL: 2.797e-03	VL: 3.380e-03	 4.937e-03	 sgdLR:0.0005
Epoch: 38	TL: 2.316e-03	VL: 2.591e-03	 4.702e-03	 sgdLR:0.0005
Epoch: 39	TL: 2.366e-03	VL: 2.659e-03	 4.498e-03	 sgdLR:0.0005
Epoch: 40	TL: 2.288e-03	VL: 2.034e-03	 4.251e-03	 sgdLR:0.0005
Epoch: 41	TL: 2.316e-03	VL: 2.159e-03	 4.042e-03	 sgdLR:0.0005
Epoch: 42	TL: 2.230e-03	VL: 1.881e-03	 3.826e-03	 sgdLR:0.0005
Epoch: 43	TL: 2.239e-03	VL: 5.773e-03	 4.021e-03	 sgdLR:0.0005
Epoch: 44	TL: 2.186e-03	VL: 2.271e-03	 3.846e-03	 sgdLR:0.0005
Epoch: 45	TL: 2.051e-03	VL: 2.010e-03	 3.662e-03	 sgdLR:0.0005
Epoch: 46	TL: 1.958e-03	VL: 2.434e-03	 3.539e-03	 sgdLR:0.0005
Epoch: 47	TL: 2.061e-03	VL: 1.567e-03	 3.342e-03	 sgdLR:0.0005
Epoch: 48	TL: 1.976e-03	VL: 1.733e-03	 3.181e-03	 sgdLR:0.0005
Epoch: 49	TL: 1.933e-03	VL: 1.575e-03	 3.021e-03	 sgdLR:0.0005
Epoch: 50	TL: 1.808e-03	VL: 1.707e-03	 2.889e-03	 sgdLR:0.0005
Epoch: 51	TL: 1.801e-03	VL: 2.533e-03	 2.854e-03	 sgdLR:0.0005
Epoch: 52	TL: 1.856e-03	VL: 2.840e-03	 2.852e-03	 sgdLR:0.0005
Epoch: 53	TL: 1.805e-03	VL: 3.764e-03	 2.943e-03	 sgdLR:0.0005
Epoch: 54	TL: 1.728e-03	VL: 1.635e-03	 2.813e-03	 sgdLR:0.0005
Epoch: 55	TL: 1.833e-03	VL: 2.052e-03	 2.736e-03	 sgdLR:0.0005
Epoch: 56	TL: 1.732e-03	VL: 2.127e-03	 2.675e-03	 sgdLR:0.0005
Epoch: 57	TL: 1.893e-03	VL: 1.607e-03	 2.569e-03	 sgdLR:0.0005
Epoch: 58	TL: 1.519e-03	VL: 2.105e-03	 2.522e-03	 sgdLR:0.0005
Epoch: 59	TL: 1.683e-03	VL: 1.530e-03	 2.423e-03	 sgdLR:0.0005
Epoch: 60	TL: 1.670e-03	VL: 1.725e-03	 2.353e-03	 sgdLR:0.0005
Epoch: 61	TL: 1.560e-03	VL: 1.729e-03	 2.291e-03	 sgdLR:0.0005
Epoch: 62	TL: 1.545e-03	VL: 5.188e-03	 2.581e-03	 sgdLR:0.0005
Epoch: 63	TL: 1.693e-03	VL: 2.001e-03	 2.523e-03	 sgdLR:0.0005
Epoch: 64	TL: 1.513e-03	VL: 1.727e-03	 2.443e-03	 sgdLR:0.0005
Epoch: 65	TL: 1.681e-03	VL: 2.214e-03	 2.420e-03	 sgdLR:0.0005
Epoch: 66	TL: 1.678e-03	VL: 2.206e-03	 2.399e-03	 sgdLR:0.0005
Epoch: 67	TL: 1.565e-03	VL: 2.085e-03	 2.367e-03	 sgdLR:0.0005
Epoch: 68	TL: 6.276e-04	VL: 1.231e-03	 2.254e-03	 sgdLR:0.00025
Epoch: 69	TL: 6.789e-04	VL: 1.043e-03	 2.133e-03	 sgdLR:0.00025
Epoch: 70	TL: 7.465e-04	VL: 1.306e-03	 2.050e-03	 sgdLR:0.00025
Epoch: 71	TL: 7.774e-04	VL: 1.046e-03	 1.950e-03	 sgdLR:0.00025
Epoch: 72	TL: 6.916e-04	VL: 1.431e-03	 1.898e-03	 sgdLR:0.00025
Epoch: 73	TL: 7.189e-04	VL: 1.107e-03	 1.819e-03	 sgdLR:0.00025
Epoch: 74	TL: 7.263e-04	VL: 1.237e-03	 1.760e-03	 sgdLR:0.00025
Epoch: 75	TL: 6.783e-04	VL: 1.042e-03	 1.689e-03	 sgdLR:0.00025
Epoch: 76	TL: 6.918e-04	VL: 1.294e-03	 1.649e-03	 sgdLR:0.00025
Epoch: 77	TL: 7.084e-04	VL: 9.199e-04	 1.576e-03	 sgdLR:0.00025
Epoch: 78	TL: 6.802e-04	VL: 1.106e-03	 1.529e-03	 sgdLR:0.00025
Epoch: 79	TL: 6.645e-04	VL: 9.601e-04	 1.472e-03	 sgdLR:0.00025
Epoch: 80	TL: 6.766e-04	VL: 1.057e-03	 1.431e-03	 sgdLR:0.00025
Epoch: 81	TL: 6.618e-04	VL: 1.043e-03	 1.392e-03	 sgdLR:0.00025
Epoch: 82	TL: 6.367e-04	VL: 9.695e-04	 1.350e-03	 sgdLR:0.00025
Epoch: 83	TL: 6.345e-04	VL: 9.364e-04	 1.308e-03	 sgdLR:0.00025
Epoch: 84	TL: 6.079e-04	VL: 9.098e-04	 1.269e-03	 sgdLR:0.00025
Epoch: 85	TL: 7.150e-04	VL: 9.815e-04	 1.240e-03	 sgdLR:0.00025
Epoch: 86	TL: 5.804e-04	VL: 1.082e-03	 1.224e-03	 sgdLR:0.00025
Epoch: 87	TL: 5.880e-04	VL: 9.451e-04	 1.196e-03	 sgdLR:0.00025
Epoch: 88	TL: 6.299e-04	VL: 9.176e-04	 1.168e-03	 sgdLR:0.00025
Epoch: 89	TL: 6.177e-04	VL: 1.665e-03	 1.218e-03	 sgdLR:0.00025
Epoch: 90	TL: 6.158e-04	VL: 1.397e-03	 1.236e-03	 sgdLR:0.00025
Epoch: 91	TL: 5.844e-04	VL: 9.132e-04	 1.204e-03	 sgdLR:0.00025
Epoch: 92	TL: 6.192e-04	VL: 1.007e-03	 1.184e-03	 sgdLR:0.00025
Epoch: 93	TL: 5.562e-04	VL: 1.185e-03	 1.184e-03	 sgdLR:0.00025
Epoch: 94	TL: 6.154e-04	VL: 9.778e-04	 1.163e-03	 sgdLR:0.00025
Epoch: 95	TL: 5.780e-04	VL: 1.166e-03	 1.164e-03	 sgdLR:0.00025
Epoch: 96	TL: 6.093e-04	VL: 1.172e-03	 1.165e-03	 sgdLR:0.00025
Epoch: 97	TL: 5.660e-04	VL: 9.105e-04	 1.139e-03	 sgdLR:0.00025
Epoch: 98	TL: 5.401e-04	VL: 1.518e-03	 1.177e-03	 sgdLR:0.00025
Epoch: 99	TL: 6.080e-04	VL: 1.303e-03	 1.190e-03	 sgdLR:0.00025
Epoch: 100	TL: 5.618e-04	VL: 9.814e-04	 1.169e-03	 sgdLR:0.00025
Epoch: 101	TL: 6.304e-04	VL: 1.459e-03	 1.198e-03	 sgdLR:0.00025
Epoch: 102	TL: 5.493e-04	VL: 9.229e-04	 1.170e-03	 sgdLR:0.00025
Epoch: 103	TL: 5.749e-04	VL: 8.391e-04	 1.137e-03	 sgdLR:0.00025
Epoch: 104	TL: 5.585e-04	VL: 9.046e-04	 1.114e-03	 sgdLR:0.00025
Epoch: 105	TL: 5.637e-04	VL: 9.713e-04	 1.100e-03	 sgdLR:0.00025
Epoch: 106	TL: 5.269e-04	VL: 9.361e-04	 1.083e-03	 sgdLR:0.00025
Epoch: 107	TL: 5.515e-04	VL: 9.313e-04	 1.068e-03	 sgdLR:0.00025
Epoch: 108	TL: 5.397e-04	VL: 9.201e-04	 1.053e-03	 sgdLR:0.00025
Epoch: 109	TL: 5.721e-04	VL: 9.365e-04	 1.042e-03	 sgdLR:0.00025
Epoch: 110	TL: 5.127e-04	VL: 9.305e-04	 1.030e-03	 sgdLR:0.00025
Epoch: 111	TL: 5.703e-04	VL: 8.364e-04	 1.011e-03	 sgdLR:0.00025
Epoch: 112	TL: 5.554e-04	VL: 9.865e-04	 1.009e-03	 sgdLR:0.00025
Epoch: 113	TL: 5.366e-04	VL: 1.324e-03	 1.040e-03	 sgdLR:0.00025
Epoch: 114	TL: 5.096e-04	VL: 8.845e-04	 1.025e-03	 sgdLR:0.00025
Epoch: 115	TL: 5.500e-04	VL: 8.941e-04	 1.012e-03	 sgdLR:0.00025
Epoch: 116	TL: 5.190e-04	VL: 1.279e-03	 1.038e-03	 sgdLR:0.00025
Epoch: 117	TL: 5.669e-04	VL: 1.990e-03	 1.133e-03	 sgdLR:0.00025
Epoch: 118	TL: 4.941e-04	VL: 1.014e-03	 1.121e-03	 sgdLR:0.00025
Epoch: 119	TL: 2.664e-04	VL: 9.319e-04	 1.103e-03	 sgdLR:0.000125
Epoch: 120	TL: 2.882e-04	VL: 7.936e-04	 1.072e-03	 sgdLR:0.000125
Epoch: 121	TL: 3.112e-04	VL: 7.738e-04	 1.042e-03	 sgdLR:0.000125
Epoch: 122	TL: 2.817e-04	VL: 7.420e-04	 1.012e-03	 sgdLR:0.000125
Epoch: 123	TL: 3.008e-04	VL: 7.991e-04	 9.906e-04	 sgdLR:0.000125
Epoch: 124	TL: 2.981e-04	VL: 9.313e-04	 9.847e-04	 sgdLR:0.000125
Epoch: 125	TL: 2.862e-04	VL: 7.717e-04	 9.634e-04	 sgdLR:0.000125
Epoch: 126	TL: 2.894e-04	VL: 7.899e-04	 9.460e-04	 sgdLR:0.000125
Epoch: 127	TL: 2.945e-04	VL: 7.261e-04	 9.240e-04	 sgdLR:0.000125
Epoch: 128	TL: 2.772e-04	VL: 7.891e-04	 9.105e-04	 sgdLR:0.000125
Epoch: 129	TL: 2.905e-04	VL: 7.702e-04	 8.965e-04	 sgdLR:0.000125
Epoch: 130	TL: 2.839e-04	VL: 7.431e-04	 8.812e-04	 sgdLR:0.000125
Epoch: 131	TL: 2.736e-04	VL: 7.274e-04	 8.658e-04	 sgdLR:0.000125
Epoch: 132	TL: 2.886e-04	VL: 7.790e-04	 8.571e-04	 sgdLR:0.000125
Epoch: 133	TL: 2.765e-04	VL: 7.106e-04	 8.425e-04	 sgdLR:0.000125
Epoch: 134	TL: 2.833e-04	VL: 6.836e-04	 8.266e-04	 sgdLR:0.000125
Epoch: 135	TL: 2.607e-04	VL: 7.316e-04	 8.171e-04	 sgdLR:0.000125
Epoch: 136	TL: 2.875e-04	VL: 7.495e-04	 8.103e-04	 sgdLR:0.000125
Epoch: 137	TL: 2.623e-04	VL: 7.136e-04	 8.006e-04	 sgdLR:0.000125
Epoch: 138	TL: 2.753e-04	VL: 7.235e-04	 7.929e-04	 sgdLR:0.000125
Epoch: 139	TL: 2.667e-04	VL: 7.119e-04	 7.848e-04	 sgdLR:0.000125
Epoch: 140	TL: 2.596e-04	VL: 7.263e-04	 7.790e-04	 sgdLR:0.000125
Epoch: 141	TL: 2.714e-04	VL: 7.343e-04	 7.745e-04	 sgdLR:0.000125
Epoch: 142	TL: 2.724e-04	VL: 7.009e-04	 7.672e-04	 sgdLR:0.000125
Epoch: 143	TL: 2.703e-04	VL: 7.045e-04	 7.609e-04	 sgdLR:0.000125
Epoch: 144	TL: 2.607e-04	VL: 6.868e-04	 7.535e-04	 sgdLR:0.000125
Epoch: 145	TL: 2.633e-04	VL: 7.428e-04	 7.524e-04	 sgdLR:0.000125
Epoch: 146	TL: 2.623e-04	VL: 7.217e-04	 7.493e-04	 sgdLR:0.000125
Epoch: 147	TL: 2.584e-04	VL: 7.639e-04	 7.508e-04	 sgdLR:0.000125
Epoch: 148	TL: 2.575e-04	VL: 8.134e-04	 7.571e-04	 sgdLR:0.000125
Epoch: 149	TL: 2.510e-04	VL: 7.240e-04	 7.538e-04	 sgdLR:0.000125
Epoch: 150	TL: 2.613e-04	VL: 6.953e-04	 7.479e-04	 sgdLR:0.000125
Epoch: 151	TL: 2.543e-04	VL: 7.447e-04	 7.476e-04	 sgdLR:0.000125
Epoch: 152	TL: 2.540e-04	VL: 8.875e-04	 7.616e-04	 sgdLR:0.000125
Epoch: 153	TL: 2.558e-04	VL: 1.041e-03	 7.896e-04	 sgdLR:0.000125
Epoch: 154	TL: 2.578e-04	VL: 7.030e-04	 7.809e-04	 sgdLR:0.000125
Epoch: 155	TL: 2.542e-04	VL: 7.221e-04	 7.750e-04	 sgdLR:0.000125
Epoch: 156	TL: 2.477e-04	VL: 7.153e-04	 7.691e-04	 sgdLR:0.000125
Epoch: 157	TL: 2.453e-04	VL: 6.689e-04	 7.590e-04	 sgdLR:0.000125
Epoch: 158	TL: 1.709e-04	VL: 6.780e-04	 7.509e-04	 sgdLR:6.25e-05
Epoch: 159	TL: 1.707e-04	VL: 6.410e-04	 7.399e-04	 sgdLR:6.25e-05
Epoch: 160	TL: 1.741e-04	VL: 7.644e-04	 7.424e-04	 sgdLR:6.25e-05
Epoch: 161	TL: 1.741e-04	VL: 6.333e-04	 7.315e-04	 sgdLR:6.25e-05
Epoch: 162	TL: 1.765e-04	VL: 6.326e-04	 7.216e-04	 sgdLR:6.25e-05
Epoch: 163	TL: 1.734e-04	VL: 6.437e-04	 7.138e-04	 sgdLR:6.25e-05
Epoch: 164	TL: 1.735e-04	VL: 6.457e-04	 7.070e-04	 sgdLR:6.25e-05
Epoch: 165	TL: 1.705e-04	VL: 6.433e-04	 7.006e-04	 sgdLR:6.25e-05
Epoch: 166	TL: 1.682e-04	VL: 6.526e-04	 6.958e-04	 sgdLR:6.25e-05
Epoch: 167	TL: 1.690e-04	VL: 6.530e-04	 6.915e-04	 sgdLR:6.25e-05
Epoch: 168	TL: 1.686e-04	VL: 6.451e-04	 6.869e-04	 sgdLR:6.25e-05
Epoch: 169	TL: 1.678e-04	VL: 7.747e-04	 6.957e-04	 sgdLR:6.25e-05
Epoch: 170	TL: 1.646e-04	VL: 6.791e-04	 6.940e-04	 sgdLR:6.25e-05
Epoch: 171	TL: 1.704e-04	VL: 6.565e-04	 6.903e-04	 sgdLR:6.25e-05
Epoch: 172	TL: 1.665e-04	VL: 6.349e-04	 6.847e-04	 sgdLR:6.25e-05
Epoch: 173	TL: 1.648e-04	VL: 6.790e-04	 6.842e-04	 sgdLR:6.25e-05
Epoch: 174	TL: 1.647e-04	VL: 6.450e-04	 6.802e-04	 sgdLR:6.25e-05
Epoch: 175	TL: 1.645e-04	VL: 6.471e-04	 6.769e-04	 sgdLR:6.25e-05
Epoch: 176	TL: 1.635e-04	VL: 6.483e-04	 6.741e-04	 sgdLR:6.25e-05
Epoch: 177	TL: 1.614e-04	VL: 6.387e-04	 6.705e-04	 sgdLR:6.25e-05
Epoch: 178	TL: 1.654e-04	VL: 6.794e-04	 6.714e-04	 sgdLR:6.25e-05
Epoch: 179	TL: 1.624e-04	VL: 6.558e-04	 6.699e-04	 sgdLR:6.25e-05
Epoch: 180	TL: 1.636e-04	VL: 6.343e-04	 6.663e-04	 sgdLR:6.25e-05
Epoch: 181	TL: 1.599e-04	VL: 6.301e-04	 6.627e-04	 sgdLR:6.25e-05
Epoch: 182	TL: 1.569e-04	VL: 6.364e-04	 6.600e-04	 sgdLR:6.25e-05
Epoch: 183	TL: 1.633e-04	VL: 6.428e-04	 6.583e-04	 sgdLR:6.25e-05
Epoch: 184	TL: 1.614e-04	VL: 6.413e-04	 6.566e-04	 sgdLR:6.25e-05
Epoch: 185	TL: 1.612e-04	VL: 6.629e-04	 6.573e-04	 sgdLR:6.25e-05
Epoch: 186	TL: 1.564e-04	VL: 6.462e-04	 6.561e-04	 sgdLR:6.25e-05
Epoch: 187	TL: 1.576e-04	VL: 6.350e-04	 6.540e-04	 sgdLR:6.25e-05
Epoch: 188	TL: 1.604e-04	VL: 6.335e-04	 6.520e-04	 sgdLR:6.25e-05
Epoch: 189	TL: 1.594e-04	VL: 6.773e-04	 6.545e-04	 sgdLR:6.25e-05
Epoch: 190	TL: 1.559e-04	VL: 6.438e-04	 6.534e-04	 sgdLR:6.25e-05
Epoch: 191	TL: 1.584e-04	VL: 6.482e-04	 6.529e-04	 sgdLR:6.25e-05
Epoch: 192	TL: 1.558e-04	VL: 6.566e-04	 6.533e-04	 sgdLR:6.25e-05
Epoch: 193	TL: 1.571e-04	VL: 6.428e-04	 6.522e-04	 sgdLR:6.25e-05
Epoch: 194	TL: 1.583e-04	VL: 6.275e-04	 6.498e-04	 sgdLR:6.25e-05
Epoch: 195	TL: 1.556e-04	VL: 6.274e-04	 6.475e-04	 sgdLR:6.25e-05
Epoch: 196	TL: 1.523e-04	VL: 6.470e-04	 6.475e-04	 sgdLR:6.25e-05
Epoch: 197	TL: 1.545e-04	VL: 6.212e-04	 6.449e-04	 sgdLR:6.25e-05
Epoch: 198	TL: 1.563e-04	VL: 6.207e-04	 6.424e-04	 sgdLR:6.25e-05
Epoch: 199	TL: 1.527e-04	VL: 6.199e-04	 6.402e-04	 sgdLR:6.25e-05
Epoch: 200	TL: 1.521e-04	VL: 6.298e-04	 6.391e-04	 sgdLR:6.25e-05
Epoch: 201	TL: 1.495e-04	VL: 6.356e-04	 6.388e-04	 sgdLR:6.25e-05
Epoch: 202	TL: 1.500e-04	VL: 6.285e-04	 6.378e-04	 sgdLR:6.25e-05
Epoch: 203	TL: 1.539e-04	VL: 6.238e-04	 6.364e-04	 sgdLR:6.25e-05
Epoch: 204	TL: 1.514e-04	VL: 6.111e-04	 6.338e-04	 sgdLR:6.25e-05
Epoch: 205	TL: 1.497e-04	VL: 6.368e-04	 6.341e-04	 sgdLR:6.25e-05
Epoch: 206	TL: 1.481e-04	VL: 6.738e-04	 6.381e-04	 sgdLR:6.25e-05
Epoch: 207	TL: 1.458e-04	VL: 6.437e-04	 6.387e-04	 sgdLR:6.25e-05
Epoch: 208	TL: 1.567e-04	VL: 6.326e-04	 6.381e-04	 sgdLR:6.25e-05
Epoch: 209	TL: 1.500e-04	VL: 6.175e-04	 6.360e-04	 sgdLR:6.25e-05
Epoch: 210	TL: 1.507e-04	VL: 6.412e-04	 6.365e-04	 sgdLR:6.25e-05
Epoch: 211	TL: 1.167e-04	VL: 6.047e-04	 6.333e-04	 sgdLR:3.125e-05
Epoch: 212	TL: 1.194e-04	VL: 6.157e-04	 6.316e-04	 sgdLR:3.125e-05
Epoch: 213	TL: 1.205e-04	VL: 6.077e-04	 6.292e-04	 sgdLR:3.125e-05
Epoch: 214	TL: 1.194e-04	VL: 6.002e-04	 6.263e-04	 sgdLR:3.125e-05
Epoch: 215	TL: 1.202e-04	VL: 6.159e-04	 6.252e-04	 sgdLR:3.125e-05
Epoch: 216	TL: 1.192e-04	VL: 6.098e-04	 6.237e-04	 sgdLR:3.125e-05
Epoch: 217	TL: 1.196e-04	VL: 6.094e-04	 6.223e-04	 sgdLR:3.125e-05
Epoch: 218	TL: 1.177e-04	VL: 6.154e-04	 6.216e-04	 sgdLR:3.125e-05
Epoch: 219	TL: 1.192e-04	VL: 6.054e-04	 6.200e-04	 sgdLR:3.125e-05
Epoch: 220	TL: 1.165e-04	VL: 6.114e-04	 6.191e-04	 sgdLR:3.125e-05
Epoch: 221	TL: 1.177e-04	VL: 6.095e-04	 6.182e-04	 sgdLR:3.125e-05
Epoch: 222	TL: 1.196e-04	VL: 6.176e-04	 6.181e-04	 sgdLR:3.125e-05
Epoch: 223	TL: 1.177e-04	VL: 6.108e-04	 6.174e-04	 sgdLR:3.125e-05
Epoch: 224	TL: 1.195e-04	VL: 6.274e-04	 6.184e-04	 sgdLR:3.125e-05
Epoch: 225	TL: 1.160e-04	VL: 6.023e-04	 6.168e-04	 sgdLR:3.125e-05
Epoch: 226	TL: 1.181e-04	VL: 6.127e-04	 6.164e-04	 sgdLR:3.125e-05
Epoch: 227	TL: 1.163e-04	VL: 6.056e-04	 6.153e-04	 sgdLR:3.125e-05
Epoch: 228	TL: 1.162e-04	VL: 6.063e-04	 6.144e-04	 sgdLR:3.125e-05
Epoch: 229	TL: 1.182e-04	VL: 6.208e-04	 6.150e-04	 sgdLR:3.125e-05
Epoch: 230	TL: 1.153e-04	VL: 6.414e-04	 6.177e-04	 sgdLR:3.125e-05
Epoch: 231	TL: 1.136e-04	VL: 6.124e-04	 6.171e-04	 sgdLR:3.125e-05
Epoch: 232	TL: 1.172e-04	VL: 6.054e-04	 6.160e-04	 sgdLR:3.125e-05
Epoch: 233	TL: 1.161e-04	VL: 5.994e-04	 6.143e-04	 sgdLR:3.125e-05
Epoch: 234	TL: 1.145e-04	VL: 6.314e-04	 6.160e-04	 sgdLR:3.125e-05
Epoch: 235	TL: 1.148e-04	VL: 6.452e-04	 6.189e-04	 sgdLR:3.125e-05
Epoch: 236	TL: 1.148e-04	VL: 6.180e-04	 6.188e-04	 sgdLR:3.125e-05
Epoch: 237	TL: 1.129e-04	VL: 6.034e-04	 6.173e-04	 sgdLR:3.125e-05
Epoch: 238	TL: 1.144e-04	VL: 6.041e-04	 6.160e-04	 sgdLR:3.125e-05
Epoch: 239	TL: 1.139e-04	VL: 6.059e-04	 6.150e-04	 sgdLR:3.125e-05
Epoch: 240	TL: 1.003e-04	VL: 6.007e-04	 6.135e-04	 sgdLR:1.5625e-05
Epoch: 241	TL: 1.018e-04	VL: 6.025e-04	 6.124e-04	 sgdLR:1.5625e-05
Epoch: 242	TL: 1.009e-04	VL: 6.237e-04	 6.136e-04	 sgdLR:1.5625e-05
Epoch: 243	TL: 1.018e-04	VL: 6.047e-04	 6.127e-04	 sgdLR:1.5625e-05
Epoch: 244	TL: 1.004e-04	VL: 5.947e-04	 6.109e-04	 sgdLR:1.5625e-05
Epoch: 245	TL: 1.017e-04	VL: 5.950e-04	 6.093e-04	 sgdLR:1.5625e-05
Epoch: 246	TL: 9.978e-05	VL: 5.937e-04	 6.077e-04	 sgdLR:1.5625e-05
Epoch: 247	TL: 1.002e-04	VL: 5.969e-04	 6.067e-04	 sgdLR:1.5625e-05
Epoch: 248	TL: 9.996e-05	VL: 5.913e-04	 6.051e-04	 sgdLR:1.5625e-05
Epoch: 249	TL: 1.002e-04	VL: 5.941e-04	 6.040e-04	 sgdLR:1.5625e-05
Epoch: 250	TL: 1.003e-04	VL: 5.989e-04	 6.035e-04	 sgdLR:1.5625e-05
Epoch: 251	TL: 9.934e-05	VL: 5.953e-04	 6.027e-04	 sgdLR:1.5625e-05
Epoch: 252	TL: 1.005e-04	VL: 5.960e-04	 6.020e-04	 sgdLR:1.5625e-05
Epoch: 253	TL: 9.981e-05	VL: 5.976e-04	 6.016e-04	 sgdLR:1.5625e-05
Epoch: 254	TL: 9.935e-05	VL: 5.954e-04	 6.010e-04	 sgdLR:1.5625e-05
Epoch: 255	TL: 9.968e-05	VL: 5.964e-04	 6.005e-04	 sgdLR:1.5625e-05
Epoch: 256	TL: 9.878e-05	VL: 5.884e-04	 5.993e-04	 sgdLR:1.5625e-05
Epoch: 257	TL: 9.904e-05	VL: 5.908e-04	 5.984e-04	 sgdLR:1.5625e-05
Epoch: 258	TL: 9.941e-05	VL: 5.944e-04	 5.980e-04	 sgdLR:1.5625e-05
Epoch: 259	TL: 9.847e-05	VL: 5.930e-04	 5.975e-04	 sgdLR:1.5625e-05
Epoch: 260	TL: 9.847e-05	VL: 6.031e-04	 5.981e-04	 sgdLR:1.5625e-05
Epoch: 261	TL: 9.941e-05	VL: 5.926e-04	 5.975e-04	 sgdLR:1.5625e-05
Epoch: 262	TL: 9.730e-05	VL: 5.992e-04	 5.977e-04	 sgdLR:1.5625e-05
Epoch: 263	TL: 9.902e-05	VL: 5.936e-04	 5.973e-04	 sgdLR:1.5625e-05
Epoch: 264	TL: 9.794e-05	VL: 5.944e-04	 5.970e-04	 sgdLR:1.5625e-05
Epoch: 265	TL: 9.810e-05	VL: 5.956e-04	 5.969e-04	 sgdLR:1.5625e-05
Epoch: 266	TL: 9.837e-05	VL: 5.930e-04	 5.965e-04	 sgdLR:1.5625e-05
Epoch: 267	TL: 9.826e-05	VL: 5.983e-04	 5.967e-04	 sgdLR:1.5625e-05
Epoch: 268	TL: 9.784e-05	VL: 5.936e-04	 5.964e-04	 sgdLR:1.5625e-05
Epoch: 269	TL: 9.870e-05	VL: 6.030e-04	 5.970e-04	 sgdLR:1.5625e-05
Epoch: 270	TL: 9.712e-05	VL: 5.987e-04	 5.972e-04	 sgdLR:1.5625e-05
Epoch: 271	TL: 9.674e-05	VL: 5.909e-04	 5.966e-04	 sgdLR:1.5625e-05
Epoch: 272	TL: 9.700e-05	VL: 5.872e-04	 5.956e-04	 sgdLR:1.5625e-05
Epoch: 273	TL: 9.809e-05	VL: 6.028e-04	 5.963e-04	 sgdLR:1.5625e-05
Epoch: 274	TL: 9.738e-05	VL: 5.914e-04	 5.958e-04	 sgdLR:1.5625e-05
Epoch: 275	TL: 9.594e-05	VL: 5.889e-04	 5.951e-04	 sgdLR:1.5625e-05
Epoch: 276	TL: 9.706e-05	VL: 5.866e-04	 5.943e-04	 sgdLR:1.5625e-05
Epoch: 277	TL: 9.643e-05	VL: 5.885e-04	 5.937e-04	 sgdLR:1.5625e-05
Epoch: 278	TL: 9.674e-05	VL: 5.942e-04	 5.938e-04	 sgdLR:1.5625e-05
Epoch: 279	TL: 9.700e-05	VL: 5.913e-04	 5.935e-04	 sgdLR:1.5625e-05
Epoch: 280	TL: 9.785e-05	VL: 5.969e-04	 5.938e-04	 sgdLR:1.5625e-05
Epoch: 281	TL: 9.655e-05	VL: 5.940e-04	 5.939e-04	 sgdLR:1.5625e-05
Epoch: 282	TL: 9.637e-05	VL: 5.970e-04	 5.942e-04	 sgdLR:1.5625e-05
Epoch: 283	TL: 9.589e-05	VL: 5.901e-04	 5.938e-04	 sgdLR:1.5625e-05
Epoch: 284	TL: 9.592e-05	VL: 6.027e-04	 5.947e-04	 sgdLR:1.5625e-05
Epoch: 285	TL: 9.729e-05	VL: 5.962e-04	 5.948e-04	 sgdLR:1.5625e-05
Epoch: 286	TL: 8.897e-05	VL: 5.858e-04	 5.939e-04	 sgdLR:7.8125e-06
Epoch: 287	TL: 8.970e-05	VL: 5.872e-04	 5.933e-04	 sgdLR:7.8125e-06
Epoch: 288	TL: 8.965e-05	VL: 5.884e-04	 5.928e-04	 sgdLR:7.8125e-06
Epoch: 289	TL: 8.913e-05	VL: 5.865e-04	 5.921e-04	 sgdLR:7.8125e-06
Epoch: 290	TL: 8.960e-05	VL: 5.859e-04	 5.915e-04	 sgdLR:7.8125e-06
Epoch: 291	TL: 8.885e-05	VL: 5.859e-04	 5.910e-04	 sgdLR:7.8125e-06
Epoch: 292	TL: 8.911e-05	VL: 5.849e-04	 5.903e-04	 sgdLR:7.8125e-06
Epoch: 293	TL: 8.906e-05	VL: 5.837e-04	 5.897e-04	 sgdLR:7.8125e-06
Epoch: 294	TL: 8.919e-05	VL: 5.902e-04	 5.897e-04	 sgdLR:7.8125e-06
Epoch: 295	TL: 8.900e-05	VL: 5.853e-04	 5.893e-04	 sgdLR:7.8125e-06
Epoch: 296	TL: 8.883e-05	VL: 5.879e-04	 5.892e-04	 sgdLR:7.8125e-06
Epoch: 297	TL: 8.892e-05	VL: 5.886e-04	 5.891e-04	 sgdLR:7.8125e-06
Epoch: 298	TL: 8.924e-05	VL: 5.829e-04	 5.885e-04	 sgdLR:7.8125e-06
Epoch: 299	TL: 8.873e-05	VL: 5.872e-04	 5.883e-04	 sgdLR:7.8125e-06
Epoch: 300	TL: 8.942e-05	VL: 5.926e-04	 5.888e-04	 sgdLR:7.8125e-06
Epoch: 301	TL: 8.918e-05	VL: 5.819e-04	 5.881e-04	 sgdLR:7.8125e-06
Epoch: 302	TL: 8.888e-05	VL: 5.852e-04	 5.878e-04	 sgdLR:7.8125e-06
Epoch: 303	TL: 8.813e-05	VL: 5.960e-04	 5.886e-04	 sgdLR:7.8125e-06
Epoch: 304	TL: 8.865e-05	VL: 5.963e-04	 5.894e-04	 sgdLR:7.8125e-06
Epoch: 305	TL: 8.847e-05	VL: 5.868e-04	 5.891e-04	 sgdLR:7.8125e-06
Epoch: 306	TL: 8.814e-05	VL: 5.861e-04	 5.888e-04	 sgdLR:7.8125e-06
Epoch: 307	TL: 8.814e-05	VL: 5.852e-04	 5.885e-04	 sgdLR:7.8125e-06
Epoch: 308	TL: 8.806e-05	VL: 5.822e-04	 5.878e-04	 sgdLR:7.8125e-06
Epoch: 309	TL: 8.501e-05	VL: 5.816e-04	 5.872e-04	 sgdLR:3.90625e-06
Epoch: 310	TL: 8.501e-05	VL: 5.846e-04	 5.869e-04	 sgdLR:3.90625e-06
Epoch: 311	TL: 8.480e-05	VL: 5.818e-04	 5.864e-04	 sgdLR:3.90625e-06
Epoch: 312	TL: 8.488e-05	VL: 5.838e-04	 5.862e-04	 sgdLR:3.90625e-06
Epoch: 313	TL: 8.503e-05	VL: 5.834e-04	 5.859e-04	 sgdLR:3.90625e-06
Epoch: 314	TL: 8.467e-05	VL: 5.824e-04	 5.855e-04	 sgdLR:3.90625e-06
Epoch: 315	TL: 8.483e-05	VL: 5.822e-04	 5.852e-04	 sgdLR:3.90625e-06
Epoch: 316	TL: 8.466e-05	VL: 5.833e-04	 5.850e-04	 sgdLR:3.90625e-06
Epoch: 317	TL: 8.472e-05	VL: 5.807e-04	 5.846e-04	 sgdLR:3.90625e-06
Epoch: 318	TL: 8.456e-05	VL: 5.824e-04	 5.844e-04	 sgdLR:3.90625e-06
Epoch: 319	TL: 8.475e-05	VL: 5.814e-04	 5.841e-04	 sgdLR:3.90625e-06
Epoch: 320	TL: 8.443e-05	VL: 5.818e-04	 5.838e-04	 sgdLR:3.90625e-06
Epoch: 321	TL: 8.428e-05	VL: 5.830e-04	 5.838e-04	 sgdLR:3.90625e-06
Epoch: 322	TL: 8.467e-05	VL: 5.821e-04	 5.836e-04	 sgdLR:3.90625e-06
Epoch: 323	TL: 8.466e-05	VL: 5.837e-04	 5.836e-04	 sgdLR:3.90625e-06
Epoch: 324	TL: 8.454e-05	VL: 5.862e-04	 5.839e-04	 sgdLR:3.90625e-06
Epoch: 325	TL: 8.422e-05	VL: 5.813e-04	 5.836e-04	 sgdLR:3.90625e-06
Epoch: 326	TL: 8.455e-05	VL: 5.809e-04	 5.833e-04	 sgdLR:3.90625e-06
Epoch: 327	TL: 8.431e-05	VL: 5.837e-04	 5.834e-04	 sgdLR:3.90625e-06
Epoch: 328	TL: 8.451e-05	VL: 5.826e-04	 5.833e-04	 sgdLR:3.90625e-06
Epoch: 329	TL: 8.404e-05	VL: 5.807e-04	 5.830e-04	 sgdLR:3.90625e-06
Epoch: 330	TL: 8.423e-05	VL: 5.834e-04	 5.831e-04	 sgdLR:3.90625e-06
Epoch: 331	TL: 8.405e-05	VL: 5.828e-04	 5.830e-04	 sgdLR:3.90625e-06
Epoch: 332	TL: 8.426e-05	VL: 5.822e-04	 5.830e-04	 sgdLR:3.90625e-06
Epoch: 333	TL: 8.423e-05	VL: 5.833e-04	 5.830e-04	 sgdLR:3.90625e-06
Epoch: 334	TL: 8.418e-05	VL: 5.868e-04	 5.834e-04	 sgdLR:3.90625e-06
Epoch: 335	TL: 8.432e-05	VL: 5.824e-04	 5.833e-04	 sgdLR:3.90625e-06
Epoch: 336	TL: 8.398e-05	VL: 5.843e-04	 5.834e-04	 sgdLR:3.90625e-06
Epoch: 337	TL: 8.400e-05	VL: 5.845e-04	 5.835e-04	 sgdLR:3.90625e-06
Epoch: 338	TL: 8.401e-05	VL: 5.838e-04	 5.835e-04	 sgdLR:3.90625e-06
Epoch: 339	TL: 8.231e-05	VL: 5.825e-04	 5.834e-04	 sgdLR:1.953125e-06
Epoch: 340	TL: 8.227e-05	VL: 5.807e-04	 5.831e-04	 sgdLR:1.953125e-06
Epoch: 341	TL: 8.222e-05	VL: 5.835e-04	 5.832e-04	 sgdLR:1.953125e-06
Epoch: 342	TL: 8.231e-05	VL: 5.816e-04	 5.830e-04	 sgdLR:1.953125e-06
Epoch: 343	TL: 8.218e-05	VL: 5.813e-04	 5.829e-04	 sgdLR:1.953125e-06
Epoch: 344	TL: 8.221e-05	VL: 5.800e-04	 5.826e-04	 sgdLR:1.953125e-06
Epoch: 345	TL: 8.217e-05	VL: 5.831e-04	 5.826e-04	 sgdLR:1.953125e-06
Epoch: 346	TL: 8.196e-05	VL: 5.804e-04	 5.824e-04	 sgdLR:1.953125e-06
Epoch: 347	TL: 8.208e-05	VL: 5.822e-04	 5.824e-04	 sgdLR:1.953125e-06
Epoch: 348	TL: 8.230e-05	VL: 5.833e-04	 5.825e-04	 sgdLR:1.953125e-06
Epoch: 349	TL: 8.198e-05	VL: 5.815e-04	 5.824e-04	 sgdLR:1.953125e-06
Epoch: 350	TL: 8.200e-05	VL: 5.816e-04	 5.823e-04	 sgdLR:1.953125e-06
Epoch: 351	TL: 8.208e-05	VL: 5.808e-04	 5.822e-04	 sgdLR:1.953125e-06
Epoch: 352	TL: 8.204e-05	VL: 5.810e-04	 5.820e-04	 sgdLR:1.953125e-06
Epoch: 353	TL: 8.215e-05	VL: 5.827e-04	 5.821e-04	 sgdLR:1.953125e-06
Epoch: 354	TL: 8.197e-05	VL: 5.804e-04	 5.819e-04	 sgdLR:1.953125e-06
Epoch: 355	TL: 8.213e-05	VL: 5.803e-04	 5.818e-04	 sgdLR:1.953125e-06
Epoch: 356	TL: 8.205e-05	VL: 5.796e-04	 5.816e-04	 sgdLR:1.953125e-06
Epoch: 357	TL: 8.204e-05	VL: 5.804e-04	 5.815e-04	 sgdLR:1.953125e-06
Epoch: 358	TL: 8.202e-05	VL: 5.804e-04	 5.813e-04	 sgdLR:1.953125e-06
Epoch: 359	TL: 8.186e-05	VL: 5.810e-04	 5.813e-04	 sgdLR:1.953125e-06
Epoch: 360	TL: 8.211e-05	VL: 5.798e-04	 5.812e-04	 sgdLR:1.953125e-06
Epoch: 361	TL: 8.189e-05	VL: 5.794e-04	 5.810e-04	 sgdLR:1.953125e-06
Epoch: 362	TL: 8.187e-05	VL: 5.827e-04	 5.812e-04	 sgdLR:1.953125e-06
Epoch: 363	TL: 8.217e-05	VL: 5.810e-04	 5.811e-04	 sgdLR:1.953125e-06
Epoch: 364	TL: 8.197e-05	VL: 5.807e-04	 5.811e-04	 sgdLR:1.953125e-06
Epoch: 365	TL: 8.162e-05	VL: 5.793e-04	 5.809e-04	 sgdLR:1.953125e-06
Epoch: 366	TL: 8.185e-05	VL: 5.817e-04	 5.810e-04	 sgdLR:1.953125e-06
Epoch: 367	TL: 8.183e-05	VL: 5.829e-04	 5.812e-04	 sgdLR:1.953125e-06
Epoch: 368	TL: 8.180e-05	VL: 5.799e-04	 5.811e-04	 sgdLR:1.953125e-06
Epoch: 369	TL: 8.190e-05	VL: 5.796e-04	 5.809e-04	 sgdLR:1.953125e-06
Epoch: 370	TL: 8.162e-05	VL: 5.797e-04	 5.808e-04	 sgdLR:1.953125e-06
Epoch: 371	TL: 8.181e-05	VL: 5.801e-04	 5.807e-04	 sgdLR:1.953125e-06
Epoch: 372	TL: 8.189e-05	VL: 5.805e-04	 5.807e-04	 sgdLR:1.953125e-06
Epoch: 373	TL: 8.196e-05	VL: 5.812e-04	 5.808e-04	 sgdLR:1.953125e-06
Epoch: 374	TL: 8.174e-05	VL: 5.802e-04	 5.807e-04	 sgdLR:1.953125e-06
Epoch: 375	TL: 8.179e-05	VL: 5.797e-04	 5.806e-04	 sgdLR:1.953125e-06
Epoch: 376	TL: 8.161e-05	VL: 5.799e-04	 5.805e-04	 sgdLR:1.953125e-06
Epoch: 377	TL: 8.181e-05	VL: 5.787e-04	 5.804e-04	 sgdLR:1.953125e-06
Epoch: 378	TL: 8.171e-05	VL: 5.805e-04	 5.804e-04	 sgdLR:1.953125e-06
Epoch: 379	TL: 8.145e-05	VL: 5.800e-04	 5.803e-04	 sgdLR:1.953125e-06
Epoch: 380	TL: 8.166e-05	VL: 5.797e-04	 5.803e-04	 sgdLR:1.953125e-06
Epoch: 381	TL: 8.189e-05	VL: 5.789e-04	 5.801e-04	 sgdLR:1.953125e-06
Epoch: 382	TL: 8.146e-05	VL: 5.814e-04	 5.803e-04	 sgdLR:1.953125e-06
Epoch: 383	TL: 8.152e-05	VL: 5.790e-04	 5.801e-04	 sgdLR:1.953125e-06
Epoch: 384	TL: 8.152e-05	VL: 5.792e-04	 5.800e-04	 sgdLR:1.953125e-06
Epoch: 385	TL: 8.159e-05	VL: 5.785e-04	 5.799e-04	 sgdLR:1.953125e-06
Epoch: 386	TL: 8.132e-05	VL: 5.816e-04	 5.801e-04	 sgdLR:1.953125e-06
Epoch: 387	TL: 8.144e-05	VL: 5.801e-04	 5.801e-04	 sgdLR:1.953125e-06
Epoch: 388	TL: 8.144e-05	VL: 5.788e-04	 5.799e-04	 sgdLR:1.953125e-06
Epoch: 389	TL: 8.154e-05	VL: 5.796e-04	 5.799e-04	 sgdLR:1.953125e-06
Epoch: 390	TL: 8.164e-05	VL: 5.795e-04	 5.799e-04	 sgdLR:1.953125e-06
Epoch: 391	TL: 8.150e-05	VL: 5.820e-04	 5.801e-04	 sgdLR:1.953125e-06
Epoch: 392	TL: 8.151e-05	VL: 5.804e-04	 5.801e-04	 sgdLR:1.953125e-06
Epoch: 393	TL: 8.181e-05	VL: 5.823e-04	 5.803e-04	 sgdLR:1.953125e-06
Epoch: 394	TL: 8.129e-05	VL: 5.796e-04	 5.803e-04	 sgdLR:1.953125e-06
Epoch: 395	TL: 8.153e-05	VL: 5.797e-04	 5.802e-04	 sgdLR:1.953125e-06
Epoch: 396	TL: 8.139e-05	VL: 5.800e-04	 5.802e-04	 sgdLR:1.953125e-06
Epoch: 397	TL: 8.054e-05	VL: 5.791e-04	 5.801e-04	 sgdLR:9.765625e-07
Epoch: 398	TL: 8.042e-05	VL: 5.798e-04	 5.800e-04	 sgdLR:9.765625e-07
Epoch: 399	TL: 8.038e-05	VL: 5.784e-04	 5.799e-04	 sgdLR:9.765625e-07
Epoch: 400	TL: 8.037e-05	VL: 5.797e-04	 5.799e-04	 sgdLR:9.765625e-07
Epoch: 401	TL: 8.046e-05	VL: 5.813e-04	 5.800e-04	 sgdLR:9.765625e-07
Epoch: 402	TL: 8.031e-05	VL: 5.781e-04	 5.798e-04	 sgdLR:9.765625e-07
Epoch: 403	TL: 8.039e-05	VL: 5.782e-04	 5.797e-04	 sgdLR:9.765625e-07
Epoch: 404	TL: 8.031e-05	VL: 5.791e-04	 5.796e-04	 sgdLR:9.765625e-07
Epoch: 405	TL: 8.033e-05	VL: 5.791e-04	 5.795e-04	 sgdLR:9.765625e-07
Epoch: 406	TL: 8.045e-05	VL: 5.788e-04	 5.795e-04	 sgdLR:9.765625e-07
Epoch: 407	TL: 8.039e-05	VL: 5.790e-04	 5.794e-04	 sgdLR:9.765625e-07
Epoch: 408	TL: 8.027e-05	VL: 5.782e-04	 5.793e-04	 sgdLR:9.765625e-07
Epoch: 409	TL: 8.027e-05	VL: 5.791e-04	 5.793e-04	 sgdLR:9.765625e-07
Epoch: 410	TL: 8.029e-05	VL: 5.792e-04	 5.793e-04	 sgdLR:9.765625e-07
Epoch: 411	TL: 8.032e-05	VL: 5.782e-04	 5.792e-04	 sgdLR:9.765625e-07
Epoch: 412	TL: 8.026e-05	VL: 5.799e-04	 5.792e-04	 sgdLR:9.765625e-07
Epoch: 413	TL: 8.029e-05	VL: 5.788e-04	 5.792e-04	 sgdLR:9.765625e-07
Epoch: 414	TL: 8.028e-05	VL: 5.793e-04	 5.792e-04	 sgdLR:9.765625e-07
Epoch: 415	TL: 8.012e-05	VL: 5.783e-04	 5.791e-04	 sgdLR:9.765625e-07
Epoch: 416	TL: 8.029e-05	VL: 5.801e-04	 5.792e-04	 sgdLR:9.765625e-07
Epoch: 417	TL: 8.023e-05	VL: 5.788e-04	 5.792e-04	 sgdLR:9.765625e-07
Epoch: 418	TL: 8.034e-05	VL: 5.797e-04	 5.792e-04	 sgdLR:9.765625e-07
Epoch: 419	TL: 8.031e-05	VL: 5.790e-04	 5.792e-04	 sgdLR:9.765625e-07
Epoch: 420	TL: 8.023e-05	VL: 5.790e-04	 5.792e-04	 sgdLR:9.765625e-07
Epoch: 421	TL: 8.010e-05	VL: 5.789e-04	 5.792e-04	 sgdLR:9.765625e-07
Epoch: 422	TL: 7.970e-05	VL: 5.779e-04	 5.790e-04	 sgdLR:4.8828125e-07
Epoch: 423	TL: 7.967e-05	VL: 5.787e-04	 5.790e-04	 sgdLR:4.8828125e-07
Epoch: 424	TL: 7.973e-05	VL: 5.787e-04	 5.790e-04	 sgdLR:4.8828125e-07
Epoch: 425	TL: 7.969e-05	VL: 5.792e-04	 5.790e-04	 sgdLR:4.8828125e-07
Epoch: 426	TL: 7.971e-05	VL: 5.802e-04	 5.791e-04	 sgdLR:4.8828125e-07
Epoch: 427	TL: 7.973e-05	VL: 5.785e-04	 5.790e-04	 sgdLR:4.8828125e-07
Epoch: 428	TL: 7.971e-05	VL: 5.784e-04	 5.790e-04	 sgdLR:4.8828125e-07
Epoch: 429	TL: 7.965e-05	VL: 5.787e-04	 5.790e-04	 sgdLR:4.8828125e-07
Epoch: 430	TL: 7.965e-05	VL: 5.785e-04	 5.789e-04	 sgdLR:4.8828125e-07
Epoch: 431	TL: 7.963e-05	VL: 5.784e-04	 5.789e-04	 sgdLR:4.8828125e-07
Epoch: 432	TL: 7.973e-05	VL: 5.785e-04	 5.788e-04	 sgdLR:4.8828125e-07
Epoch: 433	TL: 7.954e-05	VL: 5.785e-04	 5.788e-04	 sgdLR:4.8828125e-07
Epoch: 434	TL: 7.965e-05	VL: 5.787e-04	 5.788e-04	 sgdLR:4.8828125e-07
Epoch: 435	TL: 7.977e-05	VL: 5.789e-04	 5.788e-04	 sgdLR:4.8828125e-07
Epoch: 436	TL: 7.960e-05	VL: 5.784e-04	 5.788e-04	 sgdLR:4.8828125e-07
Epoch: 437	TL: 7.961e-05	VL: 5.783e-04	 5.787e-04	 sgdLR:4.8828125e-07
Epoch: 438	TL: 7.973e-05	VL: 5.779e-04	 5.786e-04	 sgdLR:4.8828125e-07
Epoch: 439	TL: 7.959e-05	VL: 5.783e-04	 5.786e-04	 sgdLR:4.8828125e-07
Epoch: 440	TL: 7.961e-05	VL: 5.782e-04	 5.786e-04	 sgdLR:4.8828125e-07
Epoch: 441	TL: 7.960e-05	VL: 5.783e-04	 5.785e-04	 sgdLR:4.8828125e-07
Epoch: 442	TL: 7.958e-05	VL: 5.782e-04	 5.785e-04	 sgdLR:4.8828125e-07
Epoch: 443	TL: 7.964e-05	VL: 5.784e-04	 5.785e-04	 sgdLR:4.8828125e-07
Epoch: 444	TL: 7.950e-05	VL: 5.796e-04	 5.786e-04	 sgdLR:4.8828125e-07
Epoch: 445	TL: 7.961e-05	VL: 5.785e-04	 5.786e-04	 sgdLR:4.8828125e-07
Epoch: 446	TL: 7.958e-05	VL: 5.794e-04	 5.787e-04	 sgdLR:4.8828125e-07
Epoch: 447	TL: 7.952e-05	VL: 5.787e-04	 5.787e-04	 sgdLR:4.8828125e-07
Epoch: 448	TL: 7.956e-05	VL: 5.787e-04	 5.787e-04	 sgdLR:4.8828125e-07
Epoch: 449	TL: 7.962e-05	VL: 5.785e-04	 5.787e-04	 sgdLR:4.8828125e-07
Epoch: 450	TL: 7.929e-05	VL: 5.783e-04	 5.786e-04	 sgdLR:2.44140625e-07
Epoch: 451	TL: 7.928e-05	VL: 5.785e-04	 5.786e-04	 sgdLR:2.44140625e-07
Epoch: 452	TL: 7.928e-05	VL: 5.781e-04	 5.786e-04	 sgdLR:2.44140625e-07
Epoch: 453	TL: 7.933e-05	VL: 5.782e-04	 5.785e-04	 sgdLR:2.44140625e-07
Epoch: 454	TL: 7.934e-05	VL: 5.782e-04	 5.785e-04	 sgdLR:2.44140625e-07
Epoch: 455	TL: 7.932e-05	VL: 5.787e-04	 5.785e-04	 sgdLR:2.44140625e-07
Epoch: 456	TL: 7.915e-05	VL: 5.782e-04	 5.785e-04	 sgdLR:1.220703125e-07
Epoch: 457	TL: 7.911e-05	VL: 5.780e-04	 5.784e-04	 sgdLR:1.220703125e-07
Epoch: 458	TL: 7.907e-05	VL: 5.784e-04	 5.784e-04	 sgdLR:1.220703125e-07
Epoch: 459	TL: 7.913e-05	VL: 5.777e-04	 5.784e-04	 sgdLR:1.220703125e-07
Epoch: 460	TL: 7.911e-05	VL: 5.777e-04	 5.783e-04	 sgdLR:1.220703125e-07
Epoch: 461	TL: 7.914e-05	VL: 5.785e-04	 5.783e-04	 sgdLR:1.220703125e-07
Epoch: 462	TL: 7.911e-05	VL: 5.783e-04	 5.783e-04	 sgdLR:1.220703125e-07
Epoch: 463	TL: 7.911e-05	VL: 5.784e-04	 5.783e-04	 sgdLR:1.220703125e-07
Epoch: 464	TL: 7.908e-05	VL: 5.781e-04	 5.783e-04	 sgdLR:1.220703125e-07
Epoch: 465	TL: 7.916e-05	VL: 5.784e-04	 5.783e-04	 sgdLR:1.220703125e-07
Epoch: 466	TL: 7.913e-05	VL: 5.790e-04	 5.784e-04	 sgdLR:1.220703125e-07
Epoch: 467	TL: 7.909e-05	VL: 5.782e-04	 5.784e-04	 sgdLR:1.220703125e-07
Epoch: 468	TL: 7.905e-05	VL: 5.784e-04	 5.784e-04	 sgdLR:1.220703125e-07
Epoch: 469	TL: 7.904e-05	VL: 5.780e-04	 5.783e-04	 sgdLR:1.220703125e-07
Epoch: 470	TL: 7.910e-05	VL: 5.780e-04	 5.783e-04	 sgdLR:1.220703125e-07
Epoch: 471	TL: 7.911e-05	VL: 5.781e-04	 5.783e-04	 sgdLR:1.220703125e-07
Epoch: 472	TL: 7.908e-05	VL: 5.783e-04	 5.783e-04	 sgdLR:1.220703125e-07
Epoch: 473	TL: 7.918e-05	VL: 5.782e-04	 5.783e-04	 sgdLR:1.220703125e-07
Epoch: 474	TL: 7.904e-05	VL: 5.783e-04	 5.783e-04	 sgdLR:1.220703125e-07
Epoch: 475	TL: 7.907e-05	VL: 5.782e-04	 5.783e-04	 sgdLR:1.220703125e-07
Epoch: 476	TL: 7.911e-05	VL: 5.783e-04	 5.783e-04	 sgdLR:1.220703125e-07
Epoch: 477	TL: 7.913e-05	VL: 5.784e-04	 5.783e-04	 sgdLR:1.220703125e-07
Epoch: 478	TL: 7.911e-05	VL: 5.783e-04	 5.783e-04	 sgdLR:1.220703125e-07
Epoch: 479	TL: 7.913e-05	VL: 5.783e-04	 5.783e-04	 sgdLR:1.220703125e-07
Epoch: 480	TL: 7.912e-05	VL: 5.786e-04	 5.783e-04	 sgdLR:1.220703125e-07
Epoch: 481	TL: 7.908e-05	VL: 5.784e-04	 5.783e-04	 sgdLR:1.220703125e-07
Epoch: 482	TL: 7.896e-05	VL: 5.784e-04	 5.783e-04	 sgdLR:6.103515625e-08
Epoch: 483	TL: 7.900e-05	VL: 5.784e-04	 5.783e-04	 sgdLR:6.103515625e-08
Epoch: 484	TL: 7.896e-05	VL: 5.785e-04	 5.784e-04	 sgdLR:6.103515625e-08
Epoch: 485	TL: 7.901e-05	VL: 5.780e-04	 5.783e-04	 sgdLR:6.103515625e-08
Epoch: 486	TL: 7.896e-05	VL: 5.786e-04	 5.783e-04	 sgdLR:6.103515625e-08
Epoch: 487	TL: 7.897e-05	VL: 5.781e-04	 5.783e-04	 sgdLR:6.103515625e-08
Epoch: 488	TL: 7.895e-05	VL: 5.781e-04	 5.783e-04	 sgdLR:3.0517578125e-08
Epoch: 489	TL: 7.895e-05	VL: 5.783e-04	 5.783e-04	 sgdLR:3.0517578125e-08
Epoch: 490	TL: 7.891e-05	VL: 5.781e-04	 5.783e-04	 sgdLR:3.0517578125e-08
Epoch: 491	TL: 7.898e-05	VL: 5.782e-04	 5.783e-04	 sgdLR:3.0517578125e-08
Epoch: 492	TL: 7.892e-05	VL: 5.781e-04	 5.783e-04	 sgdLR:3.0517578125e-08
Epoch: 493	TL: 7.896e-05	VL: 5.785e-04	 5.783e-04	 sgdLR:3.0517578125e-08
Epoch: 494	TL: 7.896e-05	VL: 5.784e-04	 5.783e-04	 sgdLR:3.0517578125e-08
Epoch: 495	TL: 7.899e-05	VL: 5.783e-04	 5.783e-04	 sgdLR:3.0517578125e-08
Epoch: 496	TL: 7.896e-05	VL: 5.783e-04	 5.783e-04	 sgdLR:3.0517578125e-08
Epoch: 497	TL: 7.895e-05	VL: 5.780e-04	 5.783e-04	 sgdLR:3.0517578125e-08
Epoch: 498	TL: 7.895e-05	VL: 5.785e-04	 5.783e-04	 sgdLR:3.0517578125e-08
Epoch: 499	TL: 7.897e-05	VL: 5.785e-04	 5.783e-04	 sgdLR:1.52587890625e-08
Epoch: 500	TL: 7.891e-05	VL: 5.785e-04	 5.783e-04	 sgdLR:1.52587890625e-08
Epoch: 501	TL: 7.893e-05	VL: 5.784e-04	 5.783e-04	 sgdLR:1.52587890625e-08
Epoch: 502	TL: 7.896e-05	VL: 5.785e-04	 5.783e-04	 sgdLR:1.52587890625e-08
Epoch: 503	TL: 7.891e-05	VL: 5.783e-04	 5.783e-04	 sgdLR:1.52587890625e-08
Epoch: 504	TL: 7.892e-05	VL: 5.782e-04	 5.783e-04	 sgdLR:1.52587890625e-08
Epoch: 505	TL: 7.895e-05	VL: 5.782e-04	 5.783e-04	 sgdLR:1.52587890625e-08
Epoch: 506	TL: 7.893e-05	VL: 5.782e-04	 5.783e-04	 sgdLR:1.52587890625e-08
Epoch: 507	TL: 7.897e-05	VL: 5.783e-04	 5.783e-04	 sgdLR:1.52587890625e-08
Epoch: 508	TL: 7.896e-05	VL: 5.784e-04	 5.783e-04	 sgdLR:1.52587890625e-08
Epoch: 509	TL: 7.891e-05	VL: 5.784e-04	 5.783e-04	 sgdLR:1.52587890625e-08
Epoch: 510	TL: 7.895e-05	VL: 5.781e-04	 5.783e-04	 sgdLR:1.52587890625e-08
Epoch: 511	TL: 7.892e-05	VL: 5.782e-04	 5.783e-04	 sgdLR:1.52587890625e-08
Epoch: 512	TL: 7.893e-05	VL: 5.781e-04	 5.783e-04	 sgdLR:1.52587890625e-08
Epoch: 513	TL: 7.890e-05	VL: 5.783e-04	 5.783e-04	 sgdLR:1.52587890625e-08
Epoch: 514	TL: 7.895e-05	VL: 5.786e-04	 5.783e-04	 sgdLR:1.52587890625e-08
Epoch: 515	TL: 7.893e-05	VL: 5.787e-04	 5.784e-04	 sgdLR:1.52587890625e-08
Epoch: 516	TL: 7.894e-05	VL: 5.784e-04	 5.784e-04	 sgdLR:1.52587890625e-08
Epoch: 517	TL: 7.895e-05	VL: 5.783e-04	 5.783e-04	 sgdLR:1.52587890625e-08
Epoch: 518	TL: 7.892e-05	VL: 5.782e-04	 5.783e-04	 sgdLR:1.52587890625e-08
Epoch: 519	TL: 7.892e-05	VL: 5.781e-04	 5.783e-04	 sgdLR:1.52587890625e-08
Epoch: 520	TL: 7.896e-05	VL: 5.784e-04	 5.783e-04	 sgdLR:1.52587890625e-08
Epoch: 521	TL: 7.893e-05	VL: 5.782e-04	 5.783e-04	 sgdLR:1.52587890625e-08
Early stopping triggered after 522 epochs.
Test MAE: 11.883
