Sun Dec  8 00:19:52 2024       
+-----------------------------------------------------------------------------------------+
| NVIDIA-SMI 565.57.01              Driver Version: 565.57.01      CUDA Version: 12.7     |
|-----------------------------------------+------------------------+----------------------+
| GPU  Name                 Persistence-M | Bus-Id          Disp.A | Volatile Uncorr. ECC |
| Fan  Temp   Perf          Pwr:Usage/Cap |           Memory-Usage | GPU-Util  Compute M. |
|                                         |                        |               MIG M. |
|=========================================+========================+======================|
|   0  Tesla V100-PCIE-32GB           On  |   00000000:58:00.0 Off |                    0 |
| N/A   31C    P0             26W /  250W |       1MiB /  32768MiB |      0%   E. Process |
|                                         |                        |                  N/A |
+-----------------------------------------+------------------------+----------------------+
                                                                                         
+-----------------------------------------------------------------------------------------+
| Processes:                                                                              |
|  GPU   GI   CI        PID   Type   Process name                              GPU Memory |
|        ID   ID                                                               Usage      |
|=========================================================================================|
|  No running processes found                                                             |
+-----------------------------------------------------------------------------------------+
cuda
Tesla V100-PCIE-32GB
Epoch: 1	TL: 2.505e-01	VL: 4.484e-02	LR:0.0005
Epoch: 2	TL: 3.542e-02	VL: 3.572e-02	LR:0.0005
Epoch: 3	TL: 2.193e-02	VL: 1.779e-02	LR:0.0005
Epoch: 4	TL: 1.412e-02	VL: 1.087e-02	LR:0.0005
Epoch: 5	TL: 1.275e-02	VL: 2.294e-02	LR:0.0005
Epoch: 6	TL: 1.117e-02	VL: 8.384e-03	LR:0.0005
Epoch: 7	TL: 9.780e-03	VL: 5.931e-03	LR:0.0005
Epoch: 8	TL: 8.515e-03	VL: 2.154e-02	LR:0.0005
Epoch: 9	TL: 7.619e-03	VL: 6.497e-03	LR:0.0005
Epoch: 10	TL: 7.304e-03	VL: 4.653e-03	LR:0.0005
Epoch: 11	TL: 6.539e-03	VL: 6.976e-03	LR:0.0005
Epoch: 12	TL: 5.958e-03	VL: 5.507e-03	LR:0.0005
Epoch: 13	TL: 5.483e-03	VL: 7.629e-03	LR:0.0005
Epoch: 14	TL: 5.423e-03	VL: 7.924e-03	LR:0.0005
Epoch: 15	TL: 4.749e-03	VL: 4.053e-03	LR:0.0005
Epoch: 16	TL: 4.575e-03	VL: 3.671e-03	LR:0.0005
Epoch: 17	TL: 4.216e-03	VL: 3.538e-03	LR:0.0005
Epoch: 18	TL: 4.024e-03	VL: 2.598e-03	LR:0.0005
Epoch: 19	TL: 3.891e-03	VL: 3.083e-03	LR:0.0005
Epoch: 20	TL: 3.486e-03	VL: 3.826e-03	LR:0.0005
Epoch: 21	TL: 3.503e-03	VL: 4.696e-03	LR:0.0005
Epoch: 22	TL: 3.279e-03	VL: 3.507e-03	LR:0.0005
Epoch: 23	TL: 3.518e-03	VL: 6.038e-03	LR:0.0005
Epoch: 24	TL: 3.174e-03	VL: 4.075e-03	LR:0.0005
Epoch: 25	TL: 1.353e-03	VL: 1.878e-03	LR:0.00025
Epoch: 26	TL: 1.376e-03	VL: 2.412e-03	LR:0.00025
Epoch: 27	TL: 1.508e-03	VL: 1.809e-03	LR:0.00025
Epoch: 28	TL: 1.410e-03	VL: 1.353e-03	LR:0.00025
Epoch: 29	TL: 1.483e-03	VL: 1.616e-03	LR:0.00025
Epoch: 30	TL: 1.322e-03	VL: 2.305e-03	LR:0.00025
Epoch: 31	TL: 1.377e-03	VL: 3.393e-03	LR:0.00025
Epoch: 32	TL: 1.308e-03	VL: 1.537e-03	LR:0.00025
Epoch: 33	TL: 1.265e-03	VL: 1.497e-03	LR:0.00025
Epoch: 34	TL: 1.208e-03	VL: 1.380e-03	LR:0.00025
Epoch: 35	TL: 1.201e-03	VL: 1.741e-03	LR:0.00025
Epoch: 36	TL: 1.144e-03	VL: 1.513e-03	LR:0.00025
Epoch: 37	TL: 1.149e-03	VL: 1.920e-03	LR:0.00025
Epoch: 38	TL: 1.104e-03	VL: 1.407e-03	LR:0.00025
Epoch: 39	TL: 1.205e-03	VL: 1.288e-03	LR:0.00025
Epoch: 40	TL: 1.081e-03	VL: 1.783e-03	LR:0.00025
Epoch: 41	TL: 1.023e-03	VL: 1.403e-03	LR:0.00025
Epoch: 42	TL: 1.002e-03	VL: 1.400e-03	LR:0.00025
Epoch: 43	TL: 1.062e-03	VL: 1.394e-03	LR:0.00025
Epoch: 44	TL: 9.945e-04	VL: 2.294e-03	LR:0.00025
Epoch: 45	TL: 1.030e-03	VL: 1.380e-03	LR:0.00025
Epoch: 46	TL: 5.042e-04	VL: 9.318e-04	LR:0.000125
Epoch: 47	TL: 5.465e-04	VL: 1.004e-03	LR:0.000125
Epoch: 48	TL: 5.285e-04	VL: 1.157e-03	LR:0.000125
Epoch: 49	TL: 5.638e-04	VL: 9.420e-04	LR:0.000125
Epoch: 50	TL: 5.498e-04	VL: 9.257e-04	LR:0.000125
Epoch: 51	TL: 5.309e-04	VL: 9.043e-04	LR:0.000125
Epoch: 52	TL: 5.163e-04	VL: 1.035e-03	LR:0.000125
Epoch: 53	TL: 5.252e-04	VL: 8.298e-04	LR:0.000125
Epoch: 54	TL: 5.322e-04	VL: 1.030e-03	LR:0.000125
Epoch: 55	TL: 4.966e-04	VL: 9.434e-04	LR:0.000125
Epoch: 56	TL: 4.897e-04	VL: 8.069e-04	LR:0.000125
Epoch: 57	TL: 4.919e-04	VL: 8.686e-04	LR:0.000125
Epoch: 58	TL: 5.127e-04	VL: 8.670e-04	LR:0.000125
Epoch: 59	TL: 4.544e-04	VL: 8.641e-04	LR:0.000125
Epoch: 60	TL: 4.575e-04	VL: 9.558e-04	LR:0.000125
Epoch: 61	TL: 4.813e-04	VL: 8.776e-04	LR:0.000125
Epoch: 62	TL: 4.629e-04	VL: 9.703e-04	LR:0.000125
Epoch: 63	TL: 3.042e-04	VL: 7.197e-04	LR:6.25e-05
Epoch: 64	TL: 3.023e-04	VL: 8.543e-04	LR:6.25e-05
Epoch: 65	TL: 3.176e-04	VL: 7.446e-04	LR:6.25e-05
Epoch: 66	TL: 3.170e-04	VL: 8.886e-04	LR:6.25e-05
Epoch: 67	TL: 3.117e-04	VL: 1.181e-03	LR:6.25e-05
Epoch: 68	TL: 3.058e-04	VL: 7.451e-04	LR:6.25e-05
Epoch: 69	TL: 3.012e-04	VL: 6.979e-04	LR:6.25e-05
Epoch: 70	TL: 2.940e-04	VL: 7.372e-04	LR:6.25e-05
Epoch: 71	TL: 2.956e-04	VL: 7.153e-04	LR:6.25e-05
Epoch: 72	TL: 2.956e-04	VL: 6.973e-04	LR:6.25e-05
Epoch: 73	TL: 2.851e-04	VL: 8.862e-04	LR:6.25e-05
Epoch: 74	TL: 2.918e-04	VL: 7.417e-04	LR:6.25e-05
Epoch: 75	TL: 2.941e-04	VL: 7.138e-04	LR:6.25e-05
Epoch: 76	TL: 2.774e-04	VL: 7.205e-04	LR:6.25e-05
Epoch: 77	TL: 2.792e-04	VL: 7.019e-04	LR:6.25e-05
Epoch: 78	TL: 2.775e-04	VL: 7.268e-04	LR:6.25e-05
Epoch: 79	TL: 2.160e-04	VL: 6.624e-04	LR:3.125e-05
Epoch: 80	TL: 2.220e-04	VL: 6.567e-04	LR:3.125e-05
Epoch: 81	TL: 2.235e-04	VL: 6.473e-04	LR:3.125e-05
Epoch: 82	TL: 2.236e-04	VL: 7.080e-04	LR:3.125e-05
Epoch: 83	TL: 2.207e-04	VL: 6.464e-04	LR:3.125e-05
Epoch: 84	TL: 2.198e-04	VL: 6.518e-04	LR:3.125e-05
Epoch: 85	TL: 2.194e-04	VL: 6.710e-04	LR:3.125e-05
Epoch: 86	TL: 2.174e-04	VL: 6.339e-04	LR:3.125e-05
Epoch: 87	TL: 2.128e-04	VL: 6.312e-04	LR:3.125e-05
Epoch: 88	TL: 2.125e-04	VL: 6.669e-04	LR:3.125e-05
Epoch: 89	TL: 2.151e-04	VL: 6.471e-04	LR:3.125e-05
Epoch: 90	TL: 2.145e-04	VL: 6.493e-04	LR:3.125e-05
Epoch: 91	TL: 2.092e-04	VL: 7.255e-04	LR:3.125e-05
Epoch: 92	TL: 2.101e-04	VL: 6.457e-04	LR:3.125e-05
Epoch: 93	TL: 2.064e-04	VL: 6.349e-04	LR:3.125e-05
Epoch: 94	TL: 1.799e-04	VL: 6.294e-04	LR:1.5625e-05
Epoch: 95	TL: 1.833e-04	VL: 6.573e-04	LR:1.5625e-05
Epoch: 96	TL: 1.820e-04	VL: 6.384e-04	LR:1.5625e-05
Epoch: 97	TL: 1.802e-04	VL: 6.337e-04	LR:1.5625e-05
Epoch: 98	TL: 1.820e-04	VL: 6.239e-04	LR:1.5625e-05
Epoch: 99	TL: 1.801e-04	VL: 6.165e-04	LR:1.5625e-05
Epoch: 100	TL: 1.782e-04	VL: 6.218e-04	LR:1.5625e-05
Epoch: 101	TL: 1.826e-04	VL: 6.150e-04	LR:1.5625e-05
Epoch: 102	TL: 1.760e-04	VL: 6.182e-04	LR:1.5625e-05
Epoch: 103	TL: 1.795e-04	VL: 6.119e-04	LR:1.5625e-05
Epoch: 104	TL: 1.778e-04	VL: 6.184e-04	LR:1.5625e-05
Epoch: 105	TL: 1.773e-04	VL: 6.151e-04	LR:1.5625e-05
Epoch: 106	TL: 1.750e-04	VL: 6.259e-04	LR:1.5625e-05
Epoch: 107	TL: 1.752e-04	VL: 6.349e-04	LR:1.5625e-05
Epoch: 108	TL: 1.757e-04	VL: 6.222e-04	LR:1.5625e-05
Epoch: 109	TL: 1.727e-04	VL: 6.413e-04	LR:1.5625e-05
Epoch: 110	TL: 1.628e-04	VL: 6.069e-04	LR:7.8125e-06
Epoch: 111	TL: 1.615e-04	VL: 6.123e-04	LR:7.8125e-06
Epoch: 112	TL: 1.619e-04	VL: 6.044e-04	LR:7.8125e-06
Epoch: 113	TL: 1.605e-04	VL: 6.101e-04	LR:7.8125e-06
Epoch: 114	TL: 1.606e-04	VL: 6.114e-04	LR:7.8125e-06
Epoch: 115	TL: 1.608e-04	VL: 6.117e-04	LR:7.8125e-06
Epoch: 116	TL: 1.612e-04	VL: 6.194e-04	LR:7.8125e-06
Epoch: 117	TL: 1.612e-04	VL: 6.077e-04	LR:7.8125e-06
Epoch: 118	TL: 1.589e-04	VL: 6.081e-04	LR:7.8125e-06
Epoch: 119	TL: 1.532e-04	VL: 6.042e-04	LR:3.90625e-06
Epoch: 120	TL: 1.528e-04	VL: 6.079e-04	LR:3.90625e-06
Epoch: 121	TL: 1.531e-04	VL: 6.040e-04	LR:3.90625e-06
Epoch: 122	TL: 1.527e-04	VL: 6.055e-04	LR:3.90625e-06
Epoch: 123	TL: 1.529e-04	VL: 6.017e-04	LR:3.90625e-06
Epoch: 124	TL: 1.529e-04	VL: 6.054e-04	LR:3.90625e-06
Epoch: 125	TL: 1.527e-04	VL: 6.045e-04	LR:3.90625e-06
Epoch: 126	TL: 1.519e-04	VL: 6.107e-04	LR:3.90625e-06
Epoch: 127	TL: 1.525e-04	VL: 6.034e-04	LR:3.90625e-06
Epoch: 128	TL: 1.521e-04	VL: 6.018e-04	LR:3.90625e-06
Epoch: 129	TL: 1.521e-04	VL: 6.028e-04	LR:3.90625e-06
Epoch: 130	TL: 1.481e-04	VL: 6.010e-04	LR:1.953125e-06
Epoch: 131	TL: 1.482e-04	VL: 6.053e-04	LR:1.953125e-06
Epoch: 132	TL: 1.483e-04	VL: 5.976e-04	LR:1.953125e-06
Epoch: 133	TL: 1.480e-04	VL: 6.007e-04	LR:1.953125e-06
Epoch: 134	TL: 1.480e-04	VL: 6.023e-04	LR:1.953125e-06
Epoch: 135	TL: 1.480e-04	VL: 6.015e-04	LR:1.953125e-06
Epoch: 136	TL: 1.478e-04	VL: 5.993e-04	LR:1.953125e-06
Epoch: 137	TL: 1.478e-04	VL: 6.003e-04	LR:1.953125e-06
Epoch: 138	TL: 1.476e-04	VL: 6.027e-04	LR:1.953125e-06
Epoch: 139	TL: 1.458e-04	VL: 5.998e-04	LR:9.765625e-07
Epoch: 140	TL: 1.457e-04	VL: 5.998e-04	LR:9.765625e-07
Epoch: 141	TL: 1.456e-04	VL: 5.987e-04	LR:9.765625e-07
Epoch: 142	TL: 1.460e-04	VL: 5.979e-04	LR:9.765625e-07
Epoch: 143	TL: 1.458e-04	VL: 5.991e-04	LR:9.765625e-07
Epoch: 144	TL: 1.457e-04	VL: 5.997e-04	LR:9.765625e-07
Epoch: 145	TL: 1.455e-04	VL: 5.977e-04	LR:9.765625e-07
Epoch: 146	TL: 1.457e-04	VL: 5.987e-04	LR:9.765625e-07
Epoch: 147	TL: 1.458e-04	VL: 6.015e-04	LR:9.765625e-07
Epoch: 148	TL: 1.455e-04	VL: 5.991e-04	LR:9.765625e-07
Epoch: 149	TL: 1.455e-04	VL: 5.992e-04	LR:9.765625e-07
Epoch: 150	TL: 1.453e-04	VL: 5.979e-04	LR:9.765625e-07
Epoch: 151	TL: 1.455e-04	VL: 5.987e-04	LR:9.765625e-07
Epoch: 152	TL: 1.444e-04	VL: 5.975e-04	LR:4.8828125e-07
Epoch: 153	TL: 1.442e-04	VL: 5.980e-04	LR:4.8828125e-07
Epoch: 154	TL: 1.443e-04	VL: 5.987e-04	LR:4.8828125e-07
Epoch: 155	TL: 1.443e-04	VL: 5.979e-04	LR:4.8828125e-07
Epoch: 156	TL: 1.442e-04	VL: 5.990e-04	LR:4.8828125e-07
Epoch: 157	TL: 1.443e-04	VL: 5.978e-04	LR:4.8828125e-07
Epoch: 158	TL: 1.442e-04	VL: 5.987e-04	LR:4.8828125e-07
Epoch: 159	TL: 1.437e-04	VL: 5.965e-04	LR:2.44140625e-07
Epoch: 160	TL: 1.438e-04	VL: 5.989e-04	LR:2.44140625e-07
Epoch: 161	TL: 1.435e-04	VL: 5.971e-04	LR:2.44140625e-07
Epoch: 162	TL: 1.437e-04	VL: 5.978e-04	LR:2.44140625e-07
Epoch: 163	TL: 1.437e-04	VL: 5.979e-04	LR:2.44140625e-07
Epoch: 164	TL: 1.434e-04	VL: 5.975e-04	LR:2.44140625e-07
Epoch: 165	TL: 1.435e-04	VL: 5.972e-04	LR:2.44140625e-07
Epoch: 166	TL: 1.434e-04	VL: 5.976e-04	LR:1.220703125e-07
Epoch: 167	TL: 1.434e-04	VL: 5.976e-04	LR:1.220703125e-07
Epoch: 168	TL: 1.433e-04	VL: 5.976e-04	LR:1.220703125e-07
Epoch: 169	TL: 1.433e-04	VL: 5.982e-04	LR:1.220703125e-07
Epoch: 170	TL: 1.432e-04	VL: 5.973e-04	LR:1.220703125e-07
Epoch: 171	TL: 1.433e-04	VL: 5.977e-04	LR:1.220703125e-07
Epoch: 172	TL: 1.431e-04	VL: 5.974e-04	LR:6.103515625e-08
Epoch: 173	TL: 1.431e-04	VL: 5.976e-04	LR:6.103515625e-08
Epoch: 174	TL: 1.432e-04	VL: 5.967e-04	LR:6.103515625e-08
Epoch: 175	TL: 1.432e-04	VL: 5.976e-04	LR:6.103515625e-08
Epoch: 176	TL: 1.432e-04	VL: 5.970e-04	LR:6.103515625e-08
Epoch: 177	TL: 1.432e-04	VL: 5.977e-04	LR:6.103515625e-08
Epoch: 178	TL: 1.431e-04	VL: 5.971e-04	LR:3.0517578125e-08
Epoch: 179	TL: 1.431e-04	VL: 5.974e-04	LR:3.0517578125e-08
Epoch: 180	TL: 1.431e-04	VL: 5.978e-04	LR:3.0517578125e-08
Epoch: 181	TL: 1.430e-04	VL: 5.977e-04	LR:3.0517578125e-08
Epoch: 182	TL: 1.430e-04	VL: 5.978e-04	LR:3.0517578125e-08
Epoch: 183	TL: 1.431e-04	VL: 5.971e-04	LR:3.0517578125e-08
Epoch: 184	TL: 1.430e-04	VL: 5.975e-04	LR:1.52587890625e-08
Epoch: 185	TL: 1.431e-04	VL: 5.980e-04	LR:1.52587890625e-08
Epoch: 186	TL: 1.430e-04	VL: 5.968e-04	LR:1.52587890625e-08
Epoch: 187	TL: 1.430e-04	VL: 5.980e-04	LR:1.52587890625e-08
Epoch: 188	TL: 1.430e-04	VL: 5.969e-04	LR:1.52587890625e-08
Epoch: 189	TL: 1.429e-04	VL: 5.977e-04	LR:1.52587890625e-08
Epoch: 190	TL: 1.430e-04	VL: 5.970e-04	LR:1.52587890625e-08
Epoch: 191	TL: 1.430e-04	VL: 5.978e-04	LR:1.52587890625e-08
Epoch: 192	TL: 1.431e-04	VL: 5.972e-04	LR:1.52587890625e-08
Epoch: 193	TL: 1.430e-04	VL: 5.975e-04	LR:1.52587890625e-08
Epoch: 194	TL: 1.429e-04	VL: 5.975e-04	LR:1.52587890625e-08
Epoch: 195	TL: 1.430e-04	VL: 5.976e-04	LR:1.52587890625e-08
Epoch: 196	TL: 1.430e-04	VL: 5.971e-04	LR:1.52587890625e-08
Epoch: 197	TL: 1.430e-04	VL: 5.973e-04	LR:1.52587890625e-08
Epoch: 198	TL: 1.430e-04	VL: 5.975e-04	LR:1.52587890625e-08
Epoch: 199	TL: 1.430e-04	VL: 5.975e-04	LR:1.52587890625e-08
Epoch: 200	TL: 1.430e-04	VL: 5.977e-04	LR:1.52587890625e-08
Epoch: 201	TL: 1.430e-04	VL: 5.969e-04	LR:1.52587890625e-08
Epoch: 202	TL: 1.430e-04	VL: 5.976e-04	LR:1.52587890625e-08
Epoch: 203	TL: 1.430e-04	VL: 5.978e-04	LR:1.52587890625e-08
Epoch: 204	TL: 1.430e-04	VL: 5.975e-04	LR:1.52587890625e-08
Epoch: 205	TL: 1.430e-04	VL: 5.979e-04	LR:1.52587890625e-08
Epoch: 206	TL: 1.430e-04	VL: 5.976e-04	LR:1.52587890625e-08
Epoch: 207	TL: 1.430e-04	VL: 5.976e-04	LR:1.52587890625e-08
Epoch: 208	TL: 1.430e-04	VL: 5.977e-04	LR:1.52587890625e-08
Early stopping triggered after 209 epochs.
Test MAE: 12.512
