Wed Dec  4 15:54:41 2024       
+-----------------------------------------------------------------------------------------+
| NVIDIA-SMI 565.57.01              Driver Version: 565.57.01      CUDA Version: 12.7     |
|-----------------------------------------+------------------------+----------------------+
| GPU  Name                 Persistence-M | Bus-Id          Disp.A | Volatile Uncorr. ECC |
| Fan  Temp   Perf          Pwr:Usage/Cap |           Memory-Usage | GPU-Util  Compute M. |
|                                         |                        |               MIG M. |
|=========================================+========================+======================|
|   0  Tesla V100-PCIE-32GB           On  |   00000000:58:00.0 Off |                    0 |
| N/A   32C    P0             29W /  250W |       1MiB /  32768MiB |      0%   E. Process |
|                                         |                        |                  N/A |
+-----------------------------------------+------------------------+----------------------+
                                                                                         
+-----------------------------------------------------------------------------------------+
| Processes:                                                                              |
|  GPU   GI   CI        PID   Type   Process name                              GPU Memory |
|        ID   ID                                                               Usage      |
|=========================================================================================|
|  No running processes found                                                             |
+-----------------------------------------------------------------------------------------+
cuda
Tesla V100-PCIE-32GB
Epoch: 1	TL: 1.626e+00	VL: 6.902e-01	LR:0.0005
Epoch: 2	TL: 1.145e-01	VL: 1.084e-01	LR:0.0005
Epoch: 3	TL: 5.679e-02	VL: 3.846e-02	LR:0.0005
Epoch: 4	TL: 4.258e-02	VL: 5.715e-02	LR:0.0005
Epoch: 5	TL: 3.303e-02	VL: 2.313e-02	LR:0.0005
Epoch: 6	TL: 2.739e-02	VL: 2.430e-02	LR:0.0005
Epoch: 7	TL: 2.292e-02	VL: 1.624e-02	LR:0.0005
Epoch: 8	TL: 1.925e-02	VL: 1.528e-02	LR:0.0005
Epoch: 9	TL: 1.761e-02	VL: 2.213e-02	LR:0.0005
Epoch: 10	TL: 1.548e-02	VL: 1.636e-02	LR:0.0005
Epoch: 11	TL: 1.379e-02	VL: 1.256e-02	LR:0.0005
Epoch: 12	TL: 1.264e-02	VL: 1.008e-02	LR:0.0005
Epoch: 13	TL: 1.191e-02	VL: 9.207e-03	LR:0.0005
Epoch: 14	TL: 1.107e-02	VL: 1.240e-02	LR:0.0005
Epoch: 15	TL: 1.049e-02	VL: 1.422e-02	LR:0.0005
Epoch: 16	TL: 1.021e-02	VL: 9.956e-03	LR:0.0005
Epoch: 17	TL: 9.825e-03	VL: 1.355e-02	LR:0.0005
Epoch: 18	TL: 9.190e-03	VL: 1.506e-02	LR:0.0005
Epoch: 19	TL: 9.029e-03	VL: 9.622e-03	LR:0.0005
Epoch: 20	TL: 8.457e-03	VL: 6.795e-03	LR:0.0005
Epoch: 21	TL: 8.349e-03	VL: 8.596e-03	LR:0.0005
Epoch: 22	TL: 7.962e-03	VL: 6.811e-03	LR:0.0005
Epoch: 23	TL: 7.402e-03	VL: 8.217e-03	LR:0.0005
Epoch: 24	TL: 7.437e-03	VL: 1.300e-02	LR:0.0005
Epoch: 25	TL: 7.649e-03	VL: 2.074e-02	LR:0.0005
Epoch: 26	TL: 6.791e-03	VL: 5.587e-03	LR:0.0005
Epoch: 27	TL: 6.934e-03	VL: 6.699e-03	LR:0.0005
Epoch: 28	TL: 6.508e-03	VL: 7.828e-03	LR:0.0005
Epoch: 29	TL: 6.645e-03	VL: 8.485e-03	LR:0.0005
Epoch: 30	TL: 6.431e-03	VL: 5.617e-03	LR:0.0005
Epoch: 31	TL: 5.956e-03	VL: 4.619e-03	LR:0.0005
Epoch: 32	TL: 6.360e-03	VL: 5.786e-03	LR:0.0005
Epoch: 33	TL: 5.734e-03	VL: 7.701e-03	LR:0.0005
Epoch: 34	TL: 6.347e-03	VL: 6.630e-03	LR:0.0005
Epoch: 35	TL: 5.316e-03	VL: 6.425e-03	LR:0.0005
Epoch: 36	TL: 5.552e-03	VL: 4.869e-03	LR:0.0005
Epoch: 37	TL: 5.715e-03	VL: 4.858e-03	LR:0.0005
Epoch: 38	TL: 5.404e-03	VL: 4.776e-03	LR:0.0005
Epoch: 39	TL: 5.225e-03	VL: 5.689e-03	LR:0.0005
Epoch: 40	TL: 5.208e-03	VL: 4.668e-03	LR:0.0005
Epoch: 41	TL: 4.993e-03	VL: 4.743e-03	LR:0.0005
Epoch: 42	TL: 4.940e-03	VL: 5.462e-03	LR:0.0005
Epoch: 43	TL: 5.128e-03	VL: 5.042e-03	LR:0.0005
Epoch: 44	TL: 4.893e-03	VL: 5.291e-03	LR:0.0005
Epoch: 45	TL: 4.978e-03	VL: 6.995e-03	LR:0.0005
Epoch: 46	TL: 4.723e-03	VL: 4.435e-03	LR:0.0005
Epoch: 47	TL: 4.578e-03	VL: 4.961e-03	LR:0.0005
Epoch: 48	TL: 4.709e-03	VL: 6.256e-03	LR:0.0005
Epoch: 49	TL: 4.306e-03	VL: 4.033e-03	LR:0.0005
Epoch: 50	TL: 4.585e-03	VL: 4.471e-03	LR:0.0005
Epoch: 51	TL: 4.376e-03	VL: 3.782e-03	LR:0.0005
Epoch: 52	TL: 4.209e-03	VL: 3.278e-03	LR:0.0005
Epoch: 53	TL: 4.413e-03	VL: 1.419e-02	LR:0.0005
Epoch: 54	TL: 4.347e-03	VL: 5.213e-03	LR:0.0005
Epoch: 55	TL: 4.179e-03	VL: 3.944e-03	LR:0.0005
Epoch: 56	TL: 4.134e-03	VL: 7.030e-03	LR:0.0005
Epoch: 57	TL: 4.339e-03	VL: 6.051e-03	LR:0.0005
Epoch: 58	TL: 3.937e-03	VL: 4.999e-03	LR:0.0005
Epoch: 59	TL: 4.226e-03	VL: 3.758e-03	LR:0.0005
Epoch: 60	TL: 3.974e-03	VL: 3.806e-03	LR:0.0005
Epoch: 61	TL: 3.844e-03	VL: 5.055e-03	LR:0.0005
Epoch: 62	TL: 3.902e-03	VL: 3.191e-03	LR:0.0005
Epoch: 63	TL: 3.841e-03	VL: 3.801e-03	LR:0.0005
Epoch: 64	TL: 3.835e-03	VL: 3.573e-03	LR:0.0005
Epoch: 65	TL: 4.003e-03	VL: 3.101e-03	LR:0.0005
Epoch: 66	TL: 3.891e-03	VL: 3.986e-03	LR:0.0005
Epoch: 67	TL: 3.751e-03	VL: 3.647e-03	LR:0.0005
Epoch: 68	TL: 3.773e-03	VL: 3.266e-03	LR:0.0005
Epoch: 69	TL: 3.601e-03	VL: 4.024e-03	LR:0.0005
Epoch: 70	TL: 3.554e-03	VL: 3.317e-03	LR:0.0005
Epoch: 71	TL: 3.681e-03	VL: 3.181e-03	LR:0.0005
Epoch: 72	TL: 3.625e-03	VL: 4.225e-03	LR:0.0005
Epoch: 73	TL: 3.555e-03	VL: 3.061e-03	LR:0.0005
Epoch: 74	TL: 3.479e-03	VL: 3.432e-03	LR:0.0005
Epoch: 75	TL: 3.452e-03	VL: 4.070e-03	LR:0.0005
Epoch: 76	TL: 3.471e-03	VL: 3.756e-03	LR:0.0005
Epoch: 77	TL: 3.548e-03	VL: 3.890e-03	LR:0.0005
Epoch: 78	TL: 3.283e-03	VL: 4.205e-03	LR:0.0005
Epoch: 79	TL: 3.431e-03	VL: 3.839e-03	LR:0.0005
Epoch: 80	TL: 3.274e-03	VL: 3.542e-03	LR:0.0005
Epoch: 81	TL: 3.344e-03	VL: 6.022e-03	LR:0.0005
Epoch: 82	TL: 3.466e-03	VL: 3.500e-03	LR:0.0005
Epoch: 83	TL: 3.274e-03	VL: 3.891e-03	LR:0.0005
Epoch: 84	TL: 3.159e-03	VL: 2.949e-03	LR:0.0005
Epoch: 85	TL: 3.173e-03	VL: 5.752e-03	LR:0.0005
Epoch: 86	TL: 3.190e-03	VL: 2.819e-03	LR:0.0005
Epoch: 87	TL: 3.124e-03	VL: 3.145e-03	LR:0.0005
Epoch: 88	TL: 3.172e-03	VL: 4.706e-03	LR:0.0005
Epoch: 89	TL: 3.089e-03	VL: 3.258e-03	LR:0.0005
Epoch: 90	TL: 3.043e-03	VL: 3.061e-03	LR:0.0005
Epoch: 91	TL: 3.011e-03	VL: 3.345e-03	LR:0.0005
Epoch: 92	TL: 3.146e-03	VL: 3.370e-03	LR:0.0005
Epoch: 93	TL: 2.940e-03	VL: 2.890e-03	LR:0.0005
Epoch: 94	TL: 2.921e-03	VL: 3.848e-03	LR:0.0005
Epoch: 95	TL: 3.028e-03	VL: 3.021e-03	LR:0.0005
Epoch: 96	TL: 3.112e-03	VL: 6.022e-03	LR:0.0005
Epoch: 97	TL: 2.917e-03	VL: 2.675e-03	LR:0.0005
Epoch: 98	TL: 3.193e-03	VL: 3.004e-03	LR:0.0005
Epoch: 99	TL: 2.824e-03	VL: 2.916e-03	LR:0.0005
Epoch: 100	TL: 3.038e-03	VL: 3.091e-03	LR:0.0005
Epoch: 101	TL: 2.784e-03	VL: 4.018e-03	LR:0.0005
Epoch: 102	TL: 2.967e-03	VL: 3.109e-03	LR:0.0005
Epoch: 103	TL: 2.887e-03	VL: 3.836e-03	LR:0.0005
Epoch: 104	TL: 2.786e-03	VL: 2.707e-03	LR:0.0005
Epoch: 105	TL: 2.813e-03	VL: 2.543e-03	LR:0.0005
Epoch: 106	TL: 2.743e-03	VL: 2.900e-03	LR:0.0005
Epoch: 107	TL: 2.909e-03	VL: 6.615e-03	LR:0.0005
Epoch: 108	TL: 2.616e-03	VL: 3.607e-03	LR:0.0005
Epoch: 109	TL: 2.732e-03	VL: 2.509e-03	LR:0.0005
Epoch: 110	TL: 2.743e-03	VL: 3.388e-03	LR:0.0005
Epoch: 111	TL: 2.830e-03	VL: 3.282e-03	LR:0.0005
Epoch: 112	TL: 2.766e-03	VL: 4.668e-03	LR:0.00025
Epoch: 113	TL: 1.712e-03	VL: 2.300e-03	LR:0.00025
Epoch: 114	TL: 1.855e-03	VL: 2.460e-03	LR:0.00025
Epoch: 115	TL: 1.887e-03	VL: 2.062e-03	LR:0.00025
Epoch: 116	TL: 1.766e-03	VL: 2.431e-03	LR:0.00025
Epoch: 117	TL: 1.819e-03	VL: 2.395e-03	LR:0.00025
Epoch: 118	TL: 1.816e-03	VL: 3.083e-03	LR:0.00025
Epoch: 119	TL: 1.774e-03	VL: 2.655e-03	LR:0.00025
Epoch: 120	TL: 1.792e-03	VL: 2.820e-03	LR:0.00025
Epoch: 121	TL: 1.709e-03	VL: 2.408e-03	LR:0.00025
Epoch: 122	TL: 1.756e-03	VL: 4.167e-03	LR:0.00025
Epoch: 123	TL: 1.770e-03	VL: 2.233e-03	LR:0.00025
Epoch: 124	TL: 1.696e-03	VL: 2.258e-03	LR:0.00025
Epoch: 125	TL: 1.720e-03	VL: 2.802e-03	LR:0.00025
Epoch: 126	TL: 1.748e-03	VL: 2.126e-03	LR:0.00025
Epoch: 127	TL: 1.724e-03	VL: 2.311e-03	LR:0.00025
Epoch: 128	TL: 1.715e-03	VL: 2.105e-03	LR:0.00025
Epoch: 129	TL: 1.685e-03	VL: 2.934e-03	LR:0.00025
Epoch: 130	TL: 1.651e-03	VL: 2.303e-03	LR:0.00025
Epoch: 131	TL: 1.714e-03	VL: 2.521e-03	LR:0.00025
Epoch: 132	TL: 1.712e-03	VL: 2.350e-03	LR:0.00025
Epoch: 133	TL: 1.653e-03	VL: 2.106e-03	LR:0.00025
Epoch: 134	TL: 1.669e-03	VL: 2.131e-03	LR:0.00025
Epoch: 135	TL: 1.656e-03	VL: 2.500e-03	LR:0.00025
Epoch: 136	TL: 1.647e-03	VL: 2.045e-03	LR:0.00025
Epoch: 137	TL: 1.629e-03	VL: 2.367e-03	LR:0.00025
Epoch: 138	TL: 1.639e-03	VL: 2.395e-03	LR:0.00025
Epoch: 139	TL: 1.632e-03	VL: 2.062e-03	LR:0.00025
Epoch: 140	TL: 1.624e-03	VL: 3.376e-03	LR:0.00025
Epoch: 141	TL: 1.627e-03	VL: 2.276e-03	LR:0.00025
Epoch: 142	TL: 1.581e-03	VL: 2.265e-03	LR:0.00025
Epoch: 143	TL: 1.618e-03	VL: 2.356e-03	LR:0.00025
Epoch: 144	TL: 1.627e-03	VL: 2.635e-03	LR:0.00025
Epoch: 145	TL: 1.584e-03	VL: 1.960e-03	LR:0.00025
Epoch: 146	TL: 1.634e-03	VL: 2.698e-03	LR:0.00025
Epoch: 147	TL: 1.549e-03	VL: 2.008e-03	LR:0.00025
Epoch: 148	TL: 1.663e-03	VL: 2.091e-03	LR:0.00025
Epoch: 149	TL: 1.558e-03	VL: 1.948e-03	LR:0.00025
Epoch: 150	TL: 1.516e-03	VL: 2.066e-03	LR:0.00025
Epoch: 151	TL: 1.575e-03	VL: 2.710e-03	LR:0.00025
Epoch: 152	TL: 1.527e-03	VL: 1.908e-03	LR:0.00025
Epoch: 153	TL: 1.539e-03	VL: 2.292e-03	LR:0.00025
Epoch: 154	TL: 1.531e-03	VL: 2.278e-03	LR:0.00025
Epoch: 155	TL: 1.526e-03	VL: 2.047e-03	LR:0.00025
Epoch: 156	TL: 1.500e-03	VL: 2.017e-03	LR:0.00025
Epoch: 157	TL: 1.588e-03	VL: 2.011e-03	LR:0.00025
Epoch: 158	TL: 1.537e-03	VL: 2.263e-03	LR:0.00025
Epoch: 159	TL: 1.511e-03	VL: 2.196e-03	LR:0.00025
Epoch: 160	TL: 1.512e-03	VL: 2.387e-03	LR:0.00025
Epoch: 161	TL: 1.608e-03	VL: 2.566e-03	LR:0.00025
Epoch: 162	TL: 1.510e-03	VL: 2.395e-03	LR:0.00025
Epoch: 163	TL: 1.490e-03	VL: 1.993e-03	LR:0.000125
Epoch: 164	TL: 1.172e-03	VL: 1.863e-03	LR:0.000125
Epoch: 165	TL: 1.172e-03	VL: 1.793e-03	LR:0.000125
Epoch: 166	TL: 1.183e-03	VL: 1.887e-03	LR:0.000125
Epoch: 167	TL: 1.210e-03	VL: 2.085e-03	LR:0.000125
Epoch: 168	TL: 1.205e-03	VL: 1.806e-03	LR:0.000125
Epoch: 169	TL: 1.169e-03	VL: 1.839e-03	LR:0.000125
Epoch: 170	TL: 1.184e-03	VL: 1.746e-03	LR:0.000125
Epoch: 171	TL: 1.159e-03	VL: 1.754e-03	LR:0.000125
Epoch: 172	TL: 1.157e-03	VL: 1.802e-03	LR:0.000125
Epoch: 173	TL: 1.187e-03	VL: 1.740e-03	LR:0.000125
Epoch: 174	TL: 1.154e-03	VL: 1.892e-03	LR:0.000125
Epoch: 175	TL: 1.151e-03	VL: 1.749e-03	LR:0.000125
Epoch: 176	TL: 1.149e-03	VL: 1.822e-03	LR:0.000125
Epoch: 177	TL: 1.134e-03	VL: 1.783e-03	LR:0.000125
Epoch: 178	TL: 1.147e-03	VL: 1.912e-03	LR:0.000125
Epoch: 179	TL: 1.152e-03	VL: 2.384e-03	LR:0.000125
Epoch: 180	TL: 1.139e-03	VL: 1.821e-03	LR:0.000125
Epoch: 181	TL: 1.149e-03	VL: 2.177e-03	LR:0.000125
Epoch: 182	TL: 1.137e-03	VL: 1.776e-03	LR:0.000125
Epoch: 183	TL: 1.125e-03	VL: 1.818e-03	LR:0.000125
Epoch: 184	TL: 1.125e-03	VL: 1.746e-03	LR:6.25e-05
Epoch: 185	TL: 9.776e-04	VL: 1.681e-03	LR:6.25e-05
Epoch: 186	TL: 9.976e-04	VL: 1.667e-03	LR:6.25e-05
Epoch: 187	TL: 9.828e-04	VL: 1.707e-03	LR:6.25e-05
Epoch: 188	TL: 9.838e-04	VL: 1.627e-03	LR:6.25e-05
Epoch: 189	TL: 9.793e-04	VL: 1.744e-03	LR:6.25e-05
Epoch: 190	TL: 9.936e-04	VL: 1.682e-03	LR:6.25e-05
Epoch: 191	TL: 9.751e-04	VL: 1.654e-03	LR:6.25e-05
Epoch: 192	TL: 9.801e-04	VL: 1.741e-03	LR:6.25e-05
Epoch: 193	TL: 9.868e-04	VL: 1.754e-03	LR:6.25e-05
Epoch: 194	TL: 9.761e-04	VL: 1.702e-03	LR:6.25e-05
Epoch: 195	TL: 9.826e-04	VL: 1.678e-03	LR:6.25e-05
Epoch: 196	TL: 9.749e-04	VL: 1.636e-03	LR:6.25e-05
Epoch: 197	TL: 9.773e-04	VL: 1.745e-03	LR:6.25e-05
Epoch: 198	TL: 9.637e-04	VL: 1.751e-03	LR:6.25e-05
Epoch: 199	TL: 9.771e-04	VL: 1.613e-03	LR:6.25e-05
Epoch: 200	TL: 9.678e-04	VL: 2.026e-03	LR:6.25e-05
Epoch: 201	TL: 9.670e-04	VL: 1.682e-03	LR:6.25e-05
Epoch: 202	TL: 9.667e-04	VL: 1.661e-03	LR:6.25e-05
Epoch: 203	TL: 9.596e-04	VL: 1.669e-03	LR:6.25e-05
Epoch: 204	TL: 9.805e-04	VL: 1.683e-03	LR:6.25e-05
Epoch: 205	TL: 9.573e-04	VL: 1.648e-03	LR:6.25e-05
Epoch: 206	TL: 9.549e-04	VL: 1.734e-03	LR:6.25e-05
Epoch: 207	TL: 9.513e-04	VL: 1.675e-03	LR:6.25e-05
Epoch: 208	TL: 9.495e-04	VL: 1.629e-03	LR:6.25e-05
Epoch: 209	TL: 9.600e-04	VL: 1.703e-03	LR:6.25e-05
Epoch: 210	TL: 9.610e-04	VL: 1.675e-03	LR:6.25e-05
Epoch: 211	TL: 9.581e-04	VL: 1.614e-03	LR:6.25e-05
Epoch: 212	TL: 9.481e-04	VL: 1.780e-03	LR:6.25e-05
Epoch: 213	TL: 9.536e-04	VL: 1.671e-03	LR:6.25e-05
Epoch: 214	TL: 9.475e-04	VL: 1.614e-03	LR:6.25e-05
Epoch: 215	TL: 9.405e-04	VL: 1.680e-03	LR:6.25e-05
Epoch: 216	TL: 9.505e-04	VL: 1.675e-03	LR:6.25e-05
Epoch: 217	TL: 9.379e-04	VL: 1.666e-03	LR:6.25e-05
Epoch: 218	TL: 9.502e-04	VL: 1.628e-03	LR:6.25e-05
Epoch: 219	TL: 9.437e-04	VL: 1.844e-03	LR:6.25e-05
Epoch: 220	TL: 9.524e-04	VL: 1.694e-03	LR:6.25e-05
Epoch: 221	TL: 9.306e-04	VL: 1.872e-03	LR:6.25e-05
Epoch: 222	TL: 9.362e-04	VL: 1.765e-03	LR:6.25e-05
Epoch: 223	TL: 9.338e-04	VL: 1.675e-03	LR:6.25e-05
Epoch: 224	TL: 9.510e-04	VL: 1.630e-03	LR:3.125e-05
Epoch: 225	TL: 8.612e-04	VL: 1.572e-03	LR:3.125e-05
Epoch: 226	TL: 8.624e-04	VL: 1.575e-03	LR:3.125e-05
Epoch: 227	TL: 8.704e-04	VL: 1.580e-03	LR:3.125e-05
Epoch: 228	TL: 8.635e-04	VL: 1.639e-03	LR:3.125e-05
Epoch: 229	TL: 8.630e-04	VL: 1.605e-03	LR:3.125e-05
Epoch: 230	TL: 8.621e-04	VL: 1.577e-03	LR:3.125e-05
Epoch: 231	TL: 8.641e-04	VL: 1.579e-03	LR:3.125e-05
Epoch: 232	TL: 8.613e-04	VL: 1.609e-03	LR:3.125e-05
Epoch: 233	TL: 8.568e-04	VL: 1.545e-03	LR:3.125e-05
Epoch: 234	TL: 8.552e-04	VL: 1.563e-03	LR:3.125e-05
Epoch: 235	TL: 8.611e-04	VL: 1.674e-03	LR:3.125e-05
Epoch: 236	TL: 8.576e-04	VL: 1.592e-03	LR:3.125e-05
Epoch: 237	TL: 8.588e-04	VL: 1.545e-03	LR:3.125e-05
Epoch: 238	TL: 8.566e-04	VL: 1.584e-03	LR:3.125e-05
Epoch: 239	TL: 8.594e-04	VL: 1.558e-03	LR:3.125e-05
Epoch: 240	TL: 8.585e-04	VL: 1.583e-03	LR:3.125e-05
Epoch: 241	TL: 8.579e-04	VL: 1.555e-03	LR:3.125e-05
Epoch: 242	TL: 8.525e-04	VL: 1.605e-03	LR:3.125e-05
Epoch: 243	TL: 8.535e-04	VL: 1.543e-03	LR:3.125e-05
Epoch: 244	TL: 8.486e-04	VL: 1.591e-03	LR:3.125e-05
Epoch: 245	TL: 8.518e-04	VL: 1.541e-03	LR:3.125e-05
Epoch: 246	TL: 8.532e-04	VL: 1.583e-03	LR:3.125e-05
Epoch: 247	TL: 8.503e-04	VL: 1.548e-03	LR:3.125e-05
Epoch: 248	TL: 8.512e-04	VL: 1.568e-03	LR:3.125e-05
Epoch: 249	TL: 8.498e-04	VL: 1.634e-03	LR:3.125e-05
Epoch: 250	TL: 8.475e-04	VL: 1.580e-03	LR:3.125e-05
Epoch: 251	TL: 8.550e-04	VL: 1.601e-03	LR:3.125e-05
Epoch: 252	TL: 8.529e-04	VL: 1.562e-03	LR:3.125e-05
Epoch: 253	TL: 8.434e-04	VL: 1.605e-03	LR:3.125e-05
Epoch: 254	TL: 8.490e-04	VL: 1.570e-03	LR:1.5625e-05
Epoch: 255	TL: 8.122e-04	VL: 1.578e-03	LR:1.5625e-05
Epoch: 256	TL: 8.087e-04	VL: 1.530e-03	LR:1.5625e-05
Epoch: 257	TL: 8.073e-04	VL: 1.548e-03	LR:1.5625e-05
Epoch: 258	TL: 8.094e-04	VL: 1.542e-03	LR:1.5625e-05
Epoch: 259	TL: 8.053e-04	VL: 1.528e-03	LR:1.5625e-05
Epoch: 260	TL: 8.087e-04	VL: 1.571e-03	LR:1.5625e-05
Epoch: 261	TL: 8.058e-04	VL: 1.615e-03	LR:1.5625e-05
Epoch: 262	TL: 8.070e-04	VL: 1.526e-03	LR:1.5625e-05
Epoch: 263	TL: 8.047e-04	VL: 1.518e-03	LR:1.5625e-05
Epoch: 264	TL: 8.037e-04	VL: 1.523e-03	LR:1.5625e-05
Epoch: 265	TL: 8.044e-04	VL: 1.537e-03	LR:1.5625e-05
Epoch: 266	TL: 8.070e-04	VL: 1.552e-03	LR:1.5625e-05
Epoch: 267	TL: 8.037e-04	VL: 1.527e-03	LR:1.5625e-05
Epoch: 268	TL: 8.071e-04	VL: 1.627e-03	LR:1.5625e-05
Epoch: 269	TL: 8.073e-04	VL: 1.557e-03	LR:1.5625e-05
Epoch: 270	TL: 8.033e-04	VL: 1.527e-03	LR:1.5625e-05
Epoch: 271	TL: 8.040e-04	VL: 1.538e-03	LR:1.5625e-05
Epoch: 272	TL: 8.028e-04	VL: 1.581e-03	LR:1.5625e-05
Epoch: 273	TL: 8.079e-04	VL: 1.534e-03	LR:7.8125e-06
Epoch: 274	TL: 7.816e-04	VL: 1.521e-03	LR:7.8125e-06
Epoch: 275	TL: 7.824e-04	VL: 1.528e-03	LR:7.8125e-06
Epoch: 276	TL: 7.829e-04	VL: 1.520e-03	LR:7.8125e-06
Epoch: 277	TL: 7.808e-04	VL: 1.512e-03	LR:7.8125e-06
Epoch: 278	TL: 7.843e-04	VL: 1.519e-03	LR:7.8125e-06
Epoch: 279	TL: 7.842e-04	VL: 1.538e-03	LR:7.8125e-06
Epoch: 280	TL: 7.813e-04	VL: 1.516e-03	LR:7.8125e-06
Epoch: 281	TL: 7.814e-04	VL: 1.521e-03	LR:7.8125e-06
Epoch: 282	TL: 7.799e-04	VL: 1.520e-03	LR:7.8125e-06
Epoch: 283	TL: 7.811e-04	VL: 1.527e-03	LR:7.8125e-06
Epoch: 284	TL: 7.816e-04	VL: 1.512e-03	LR:7.8125e-06
Epoch: 285	TL: 7.813e-04	VL: 1.503e-03	LR:7.8125e-06
Epoch: 286	TL: 7.819e-04	VL: 1.532e-03	LR:7.8125e-06
Epoch: 287	TL: 7.802e-04	VL: 1.513e-03	LR:7.8125e-06
Epoch: 288	TL: 7.808e-04	VL: 1.519e-03	LR:7.8125e-06
Epoch: 289	TL: 7.808e-04	VL: 1.513e-03	LR:7.8125e-06
Epoch: 290	TL: 7.804e-04	VL: 1.581e-03	LR:7.8125e-06
Epoch: 291	TL: 7.810e-04	VL: 1.560e-03	LR:7.8125e-06
Epoch: 292	TL: 7.807e-04	VL: 1.519e-03	LR:7.8125e-06
Epoch: 293	TL: 7.805e-04	VL: 1.511e-03	LR:7.8125e-06
Epoch: 294	TL: 7.793e-04	VL: 1.518e-03	LR:7.8125e-06
Epoch: 295	TL: 7.795e-04	VL: 1.514e-03	LR:3.90625e-06
Epoch: 296	TL: 7.684e-04	VL: 1.515e-03	LR:3.90625e-06
Epoch: 297	TL: 7.688e-04	VL: 1.508e-03	LR:3.90625e-06
Epoch: 298	TL: 7.678e-04	VL: 1.521e-03	LR:3.90625e-06
Epoch: 299	TL: 7.664e-04	VL: 1.515e-03	LR:3.90625e-06
Epoch: 300	TL: 7.672e-04	VL: 1.505e-03	LR:3.90625e-06
Epoch: 301	TL: 7.671e-04	VL: 1.507e-03	LR:3.90625e-06
Epoch: 302	TL: 7.671e-04	VL: 1.510e-03	LR:3.90625e-06
Epoch: 303	TL: 7.674e-04	VL: 1.521e-03	LR:3.90625e-06
Epoch: 304	TL: 7.665e-04	VL: 1.503e-03	LR:3.90625e-06
Epoch: 305	TL: 7.666e-04	VL: 1.501e-03	LR:3.90625e-06
Epoch: 306	TL: 7.663e-04	VL: 1.529e-03	LR:3.90625e-06
Epoch: 307	TL: 7.671e-04	VL: 1.498e-03	LR:3.90625e-06
Epoch: 308	TL: 7.662e-04	VL: 1.507e-03	LR:3.90625e-06
Epoch: 309	TL: 7.669e-04	VL: 1.508e-03	LR:3.90625e-06
Epoch: 310	TL: 7.658e-04	VL: 1.509e-03	LR:3.90625e-06
Epoch: 311	TL: 7.665e-04	VL: 1.508e-03	LR:3.90625e-06
Epoch: 312	TL: 7.661e-04	VL: 1.503e-03	LR:3.90625e-06
Epoch: 313	TL: 7.659e-04	VL: 1.519e-03	LR:3.90625e-06
Epoch: 314	TL: 7.657e-04	VL: 1.512e-03	LR:3.90625e-06
Epoch: 315	TL: 7.660e-04	VL: 1.504e-03	LR:3.90625e-06
Epoch: 316	TL: 7.668e-04	VL: 1.504e-03	LR:3.90625e-06
Epoch: 317	TL: 7.657e-04	VL: 1.509e-03	LR:3.90625e-06
Epoch: 318	TL: 7.648e-04	VL: 1.505e-03	LR:3.90625e-06
Epoch: 319	TL: 7.648e-04	VL: 1.516e-03	LR:3.90625e-06
Epoch: 320	TL: 7.660e-04	VL: 1.509e-03	LR:3.90625e-06
Epoch: 321	TL: 7.663e-04	VL: 1.502e-03	LR:3.90625e-06
Epoch: 322	TL: 7.656e-04	VL: 1.503e-03	LR:3.90625e-06
Epoch: 323	TL: 7.646e-04	VL: 1.525e-03	LR:3.90625e-06
Epoch: 324	TL: 7.653e-04	VL: 1.517e-03	LR:3.90625e-06
Epoch: 325	TL: 7.652e-04	VL: 1.511e-03	LR:3.90625e-06
Epoch: 326	TL: 7.650e-04	VL: 1.518e-03	LR:3.90625e-06
Epoch: 327	TL: 7.644e-04	VL: 1.500e-03	LR:3.90625e-06
Epoch: 328	TL: 7.652e-04	VL: 1.504e-03	LR:1.953125e-06
Epoch: 329	TL: 7.593e-04	VL: 1.498e-03	LR:1.953125e-06
Epoch: 330	TL: 7.586e-04	VL: 1.505e-03	LR:1.953125e-06
Epoch: 331	TL: 7.584e-04	VL: 1.501e-03	LR:1.953125e-06
Epoch: 332	TL: 7.585e-04	VL: 1.498e-03	LR:1.953125e-06
Epoch: 333	TL: 7.590e-04	VL: 1.500e-03	LR:1.953125e-06
Epoch: 334	TL: 7.580e-04	VL: 1.504e-03	LR:1.953125e-06
Epoch: 335	TL: 7.585e-04	VL: 1.501e-03	LR:1.953125e-06
Epoch: 336	TL: 7.587e-04	VL: 1.497e-03	LR:1.953125e-06
Epoch: 337	TL: 7.585e-04	VL: 1.517e-03	LR:1.953125e-06
Epoch: 338	TL: 7.587e-04	VL: 1.499e-03	LR:1.953125e-06
Epoch: 339	TL: 7.580e-04	VL: 1.512e-03	LR:1.953125e-06
Epoch: 340	TL: 7.589e-04	VL: 1.497e-03	LR:1.953125e-06
Epoch: 341	TL: 7.585e-04	VL: 1.512e-03	LR:1.953125e-06
Epoch: 342	TL: 7.584e-04	VL: 1.499e-03	LR:9.765625e-07
Epoch: 343	TL: 7.553e-04	VL: 1.501e-03	LR:9.765625e-07
Epoch: 344	TL: 7.552e-04	VL: 1.505e-03	LR:9.765625e-07
Epoch: 345	TL: 7.549e-04	VL: 1.502e-03	LR:9.765625e-07
Epoch: 346	TL: 7.551e-04	VL: 1.504e-03	LR:9.765625e-07
Epoch: 347	TL: 7.548e-04	VL: 1.500e-03	LR:9.765625e-07
Epoch: 348	TL: 7.550e-04	VL: 1.498e-03	LR:9.765625e-07
Epoch: 349	TL: 7.548e-04	VL: 1.498e-03	LR:9.765625e-07
Epoch: 350	TL: 7.544e-04	VL: 1.502e-03	LR:9.765625e-07
Epoch: 351	TL: 7.546e-04	VL: 1.498e-03	LR:9.765625e-07
Epoch: 352	TL: 7.546e-04	VL: 1.499e-03	LR:9.765625e-07
Epoch: 353	TL: 7.548e-04	VL: 1.511e-03	LR:9.765625e-07
Epoch: 354	TL: 7.550e-04	VL: 1.499e-03	LR:9.765625e-07
Epoch: 355	TL: 7.548e-04	VL: 1.511e-03	LR:9.765625e-07
Epoch: 356	TL: 7.544e-04	VL: 1.501e-03	LR:9.765625e-07
Epoch: 357	TL: 7.548e-04	VL: 1.497e-03	LR:9.765625e-07
Epoch: 358	TL: 7.544e-04	VL: 1.501e-03	LR:4.8828125e-07
Epoch: 359	TL: 7.530e-04	VL: 1.500e-03	LR:4.8828125e-07
Epoch: 360	TL: 7.528e-04	VL: 1.501e-03	LR:4.8828125e-07
Epoch: 361	TL: 7.529e-04	VL: 1.499e-03	LR:4.8828125e-07
Epoch: 362	TL: 7.527e-04	VL: 1.497e-03	LR:4.8828125e-07
Epoch: 363	TL: 7.527e-04	VL: 1.498e-03	LR:4.8828125e-07
Epoch: 364	TL: 7.528e-04	VL: 1.499e-03	LR:4.8828125e-07
Epoch: 365	TL: 7.528e-04	VL: 1.498e-03	LR:4.8828125e-07
Epoch: 366	TL: 7.525e-04	VL: 1.497e-03	LR:4.8828125e-07
Epoch: 367	TL: 7.522e-04	VL: 1.499e-03	LR:4.8828125e-07
Epoch: 368	TL: 7.528e-04	VL: 1.502e-03	LR:4.8828125e-07
Epoch: 369	TL: 7.529e-04	VL: 1.499e-03	LR:4.8828125e-07
Epoch: 370	TL: 7.529e-04	VL: 1.497e-03	LR:4.8828125e-07
Epoch: 371	TL: 7.528e-04	VL: 1.497e-03	LR:4.8828125e-07
Epoch: 372	TL: 7.528e-04	VL: 1.500e-03	LR:4.8828125e-07
Epoch: 373	TL: 7.528e-04	VL: 1.498e-03	LR:4.8828125e-07
Epoch: 374	TL: 7.528e-04	VL: 1.503e-03	LR:4.8828125e-07
Epoch: 375	TL: 7.529e-04	VL: 1.499e-03	LR:4.8828125e-07
Epoch: 376	TL: 7.525e-04	VL: 1.500e-03	LR:4.8828125e-07
Epoch: 377	TL: 7.525e-04	VL: 1.499e-03	LR:2.44140625e-07
Epoch: 378	TL: 7.515e-04	VL: 1.498e-03	LR:2.44140625e-07
Epoch: 379	TL: 7.515e-04	VL: 1.497e-03	LR:2.44140625e-07
Epoch: 380	TL: 7.515e-04	VL: 1.498e-03	LR:2.44140625e-07
Epoch: 381	TL: 7.517e-04	VL: 1.497e-03	LR:2.44140625e-07
Epoch: 382	TL: 7.517e-04	VL: 1.497e-03	LR:2.44140625e-07
Epoch: 383	TL: 7.517e-04	VL: 1.498e-03	LR:2.44140625e-07
Epoch: 384	TL: 7.516e-04	VL: 1.498e-03	LR:2.44140625e-07
Epoch: 385	TL: 7.515e-04	VL: 1.497e-03	LR:2.44140625e-07
Epoch: 386	TL: 7.516e-04	VL: 1.498e-03	LR:2.44140625e-07
Epoch: 387	TL: 7.517e-04	VL: 1.497e-03	LR:2.44140625e-07
Epoch: 388	TL: 7.514e-04	VL: 1.497e-03	LR:2.44140625e-07
Epoch: 389	TL: 7.513e-04	VL: 1.498e-03	LR:2.44140625e-07
Epoch: 390	TL: 7.518e-04	VL: 1.496e-03	LR:2.44140625e-07
Epoch: 391	TL: 7.516e-04	VL: 1.497e-03	LR:2.44140625e-07
Epoch: 392	TL: 7.516e-04	VL: 1.497e-03	LR:2.44140625e-07
Epoch: 393	TL: 7.517e-04	VL: 1.496e-03	LR:2.44140625e-07
Epoch: 394	TL: 7.515e-04	VL: 1.497e-03	LR:2.44140625e-07
Epoch: 395	TL: 7.516e-04	VL: 1.499e-03	LR:2.44140625e-07
Epoch: 396	TL: 7.515e-04	VL: 1.497e-03	LR:2.44140625e-07
Epoch: 397	TL: 7.516e-04	VL: 1.498e-03	LR:2.44140625e-07
Epoch: 398	TL: 7.515e-04	VL: 1.499e-03	LR:2.44140625e-07
Epoch: 399	TL: 7.515e-04	VL: 1.497e-03	LR:2.44140625e-07
Epoch: 400	TL: 7.514e-04	VL: 1.497e-03	LR:1.220703125e-07
Epoch: 401	TL: 7.510e-04	VL: 1.497e-03	LR:1.220703125e-07
Epoch: 402	TL: 7.510e-04	VL: 1.497e-03	LR:1.220703125e-07
Epoch: 403	TL: 7.510e-04	VL: 1.498e-03	LR:1.220703125e-07
Epoch: 404	TL: 7.513e-04	VL: 1.499e-03	LR:1.220703125e-07
Epoch: 405	TL: 7.510e-04	VL: 1.497e-03	LR:1.220703125e-07
Epoch: 406	TL: 7.509e-04	VL: 1.498e-03	LR:6.103515625e-08
Epoch: 407	TL: 7.508e-04	VL: 1.497e-03	LR:6.103515625e-08
Epoch: 408	TL: 7.507e-04	VL: 1.497e-03	LR:6.103515625e-08
Epoch: 409	TL: 7.507e-04	VL: 1.497e-03	LR:6.103515625e-08
Epoch: 410	TL: 7.508e-04	VL: 1.497e-03	LR:6.103515625e-08
Epoch: 411	TL: 7.508e-04	VL: 1.498e-03	LR:6.103515625e-08
Epoch: 412	TL: 7.507e-04	VL: 1.498e-03	LR:3.0517578125e-08
Epoch: 413	TL: 7.507e-04	VL: 1.497e-03	LR:3.0517578125e-08
Epoch: 414	TL: 7.507e-04	VL: 1.497e-03	LR:3.0517578125e-08
Epoch: 415	TL: 7.506e-04	VL: 1.497e-03	LR:3.0517578125e-08
Epoch: 416	TL: 7.506e-04	VL: 1.498e-03	LR:3.0517578125e-08
Epoch: 417	TL: 7.506e-04	VL: 1.498e-03	LR:3.0517578125e-08
Epoch: 418	TL: 7.506e-04	VL: 1.497e-03	LR:1.52587890625e-08
Epoch: 419	TL: 7.505e-04	VL: 1.497e-03	LR:1.52587890625e-08
Epoch: 420	TL: 7.505e-04	VL: 1.497e-03	LR:1.52587890625e-08
Epoch: 421	TL: 7.505e-04	VL: 1.497e-03	LR:1.52587890625e-08
Epoch: 422	TL: 7.505e-04	VL: 1.497e-03	LR:1.52587890625e-08
Epoch: 423	TL: 7.506e-04	VL: 1.498e-03	LR:1.52587890625e-08
Epoch: 424	TL: 7.506e-04	VL: 1.497e-03	LR:1.52587890625e-08
Epoch: 425	TL: 7.506e-04	VL: 1.497e-03	LR:1.52587890625e-08
Epoch: 426	TL: 7.505e-04	VL: 1.498e-03	LR:1.52587890625e-08
Epoch: 427	TL: 7.505e-04	VL: 1.497e-03	LR:1.52587890625e-08
Epoch: 428	TL: 7.505e-04	VL: 1.498e-03	LR:1.52587890625e-08
Epoch: 429	TL: 7.506e-04	VL: 1.497e-03	LR:1.52587890625e-08
Epoch: 430	TL: 7.505e-04	VL: 1.497e-03	LR:1.52587890625e-08
Epoch: 431	TL: 7.504e-04	VL: 1.497e-03	LR:1.52587890625e-08
Epoch: 432	TL: 7.506e-04	VL: 1.497e-03	LR:1.52587890625e-08
Epoch: 433	TL: 7.504e-04	VL: 1.497e-03	LR:1.52587890625e-08
Epoch: 434	TL: 7.505e-04	VL: 1.497e-03	LR:1.52587890625e-08
Epoch: 435	TL: 7.505e-04	VL: 1.497e-03	LR:1.52587890625e-08
Epoch: 436	TL: 7.505e-04	VL: 1.497e-03	LR:1.52587890625e-08
Epoch: 437	TL: 7.506e-04	VL: 1.497e-03	LR:1.52587890625e-08
Epoch: 438	TL: 7.506e-04	VL: 1.497e-03	LR:1.52587890625e-08
Epoch: 439	TL: 7.504e-04	VL: 1.497e-03	LR:1.52587890625e-08
Epoch: 440	TL: 7.505e-04	VL: 1.497e-03	LR:1.52587890625e-08
Epoch: 441	TL: 7.506e-04	VL: 1.497e-03	LR:1.52587890625e-08
Epoch: 442	TL: 7.505e-04	VL: 1.497e-03	LR:1.52587890625e-08
Epoch: 443	TL: 7.504e-04	VL: 1.497e-03	LR:1.52587890625e-08
Epoch: 444	TL: 7.506e-04	VL: 1.497e-03	LR:1.52587890625e-08
Epoch: 445	TL: 7.507e-04	VL: 1.497e-03	LR:1.52587890625e-08
Epoch: 446	TL: 7.505e-04	VL: 1.497e-03	LR:1.52587890625e-08
Epoch: 447	TL: 7.505e-04	VL: 1.497e-03	LR:1.52587890625e-08
Epoch: 448	TL: 7.505e-04	VL: 1.497e-03	LR:1.52587890625e-08
Epoch: 449	TL: 7.506e-04	VL: 1.497e-03	LR:1.52587890625e-08
Epoch: 450	TL: 7.505e-04	VL: 1.497e-03	LR:1.52587890625e-08
Epoch: 451	TL: 7.505e-04	VL: 1.497e-03	LR:1.52587890625e-08
Epoch: 452	TL: 7.505e-04	VL: 1.497e-03	LR:1.52587890625e-08
Epoch: 453	TL: 7.504e-04	VL: 1.497e-03	LR:1.52587890625e-08
Epoch: 454	TL: 7.506e-04	VL: 1.497e-03	LR:1.52587890625e-08
Epoch: 455	TL: 7.504e-04	VL: 1.497e-03	LR:1.52587890625e-08
Epoch: 456	TL: 7.505e-04	VL: 1.497e-03	LR:1.52587890625e-08
Epoch: 457	TL: 7.505e-04	VL: 1.497e-03	LR:1.52587890625e-08
Epoch: 458	TL: 7.505e-04	VL: 1.497e-03	LR:1.52587890625e-08
Epoch: 459	TL: 7.505e-04	VL: 1.497e-03	LR:1.52587890625e-08
Epoch: 460	TL: 7.506e-04	VL: 1.498e-03	LR:1.52587890625e-08
Epoch: 461	TL: 7.505e-04	VL: 1.498e-03	LR:1.52587890625e-08
Epoch: 462	TL: 7.505e-04	VL: 1.497e-03	LR:1.52587890625e-08
Epoch: 463	TL: 7.505e-04	VL: 1.497e-03	LR:1.52587890625e-08
Epoch: 464	TL: 7.504e-04	VL: 1.497e-03	LR:1.52587890625e-08
Epoch: 465	TL: 7.505e-04	VL: 1.498e-03	LR:1.52587890625e-08
Epoch: 466	TL: 7.504e-04	VL: 1.498e-03	LR:1.52587890625e-08
Epoch: 467	TL: 7.505e-04	VL: 1.497e-03	LR:1.52587890625e-08
Epoch: 468	TL: 7.506e-04	VL: 1.498e-03	LR:1.52587890625e-08
Epoch: 469	TL: 7.505e-04	VL: 1.497e-03	LR:1.52587890625e-08
Epoch: 470	TL: 7.505e-04	VL: 1.497e-03	LR:1.52587890625e-08
Epoch: 471	TL: 7.504e-04	VL: 1.497e-03	LR:1.52587890625e-08
Epoch: 472	TL: 7.506e-04	VL: 1.497e-03	LR:1.52587890625e-08
Epoch: 473	TL: 7.506e-04	VL: 1.498e-03	LR:1.52587890625e-08
Epoch: 474	TL: 7.505e-04	VL: 1.497e-03	LR:1.52587890625e-08
Epoch: 475	TL: 7.505e-04	VL: 1.498e-03	LR:1.52587890625e-08
Epoch: 476	TL: 7.506e-04	VL: 1.497e-03	LR:1.52587890625e-08
Epoch: 477	TL: 7.505e-04	VL: 1.498e-03	LR:1.52587890625e-08
Epoch: 478	TL: 7.505e-04	VL: 1.497e-03	LR:1.52587890625e-08
Epoch: 479	TL: 7.505e-04	VL: 1.497e-03	LR:1.52587890625e-08
Epoch: 480	TL: 7.505e-04	VL: 1.497e-03	LR:1.52587890625e-08
Epoch: 481	TL: 7.505e-04	VL: 1.497e-03	LR:1.52587890625e-08
Epoch: 482	TL: 7.505e-04	VL: 1.497e-03	LR:1.52587890625e-08
Epoch: 483	TL: 7.505e-04	VL: 1.497e-03	LR:1.52587890625e-08
Epoch: 484	TL: 7.506e-04	VL: 1.497e-03	LR:1.52587890625e-08
Epoch: 485	TL: 7.506e-04	VL: 1.497e-03	LR:1.52587890625e-08
Epoch: 486	TL: 7.504e-04	VL: 1.497e-03	LR:1.52587890625e-08
Epoch: 487	TL: 7.506e-04	VL: 1.497e-03	LR:1.52587890625e-08
Epoch: 488	TL: 7.505e-04	VL: 1.497e-03	LR:1.52587890625e-08
Early stopping triggered after 489 epochs.
Test MAE: 24.010
