Tue Dec 17 23:16:06 2024       
+-----------------------------------------------------------------------------------------+
| NVIDIA-SMI 565.57.01              Driver Version: 565.57.01      CUDA Version: 12.7     |
|-----------------------------------------+------------------------+----------------------+
| GPU  Name                 Persistence-M | Bus-Id          Disp.A | Volatile Uncorr. ECC |
| Fan  Temp   Perf          Pwr:Usage/Cap |           Memory-Usage | GPU-Util  Compute M. |
|                                         |                        |               MIG M. |
|=========================================+========================+======================|
|   0  Tesla V100-PCIE-32GB           On  |   00000000:D8:00.0 Off |                    0 |
| N/A   28C    P0             25W /  250W |       1MiB /  32768MiB |      0%   E. Process |
|                                         |                        |                  N/A |
+-----------------------------------------+------------------------+----------------------+
                                                                                         
+-----------------------------------------------------------------------------------------+
| Processes:                                                                              |
|  GPU   GI   CI        PID   Type   Process name                              GPU Memory |
|        ID   ID                                                               Usage      |
|=========================================================================================|
|  No running processes found                                                             |
+-----------------------------------------------------------------------------------------+
cuda
Tesla V100-PCIE-32GB
Namespace(seed=0, target=7, data_dir='data/', batch_size_train=100, batch_size_inference=1000, num_workers=0, splits=[110000, 10000, 10831], subset_size=None, num_message_passing_layers=3, num_features=128, num_outputs=1, num_rbf_features=20, num_unique_atoms=100, cutoff_dist=5.0, lr=0.0005, weight_decay=0.0001, num_epochs=1000)
PaiNN(
  (zi): Embedding(100, 128)
  (Lm): Message(
    (Ls): Sequential(
      (0): Linear(in_features=128, out_features=128, bias=True)
      (1): SiLU()
      (2): Dropout(p=0.5, inplace=False)
      (3): Linear(in_features=128, out_features=384, bias=True)
    )
    (Lrbf): Linear(in_features=20, out_features=384, bias=True)
  )
  (Lu): Update(
    (Luu): Linear(in_features=3, out_features=3, bias=False)
    (Luv): Linear(in_features=3, out_features=3, bias=False)
    (Ls): Sequential(
      (0): Linear(in_features=256, out_features=128, bias=True)
      (1): SiLU()
      (2): Dropout(p=0.5, inplace=False)
      (3): Linear(in_features=128, out_features=384, bias=True)
    )
  )
  (Lr): Sequential(
    (0): Linear(in_features=128, out_features=64, bias=True)
    (1): SiLU()
    (2): Dropout(p=0.5, inplace=False)
    (3): Linear(in_features=64, out_features=1, bias=True)
  )
)
Epoch: 1	TL: 4.794e-01	VL: 7.419e-02	SVL: 0.07419468498229981	current_lr: 0.0005
Epoch: 2	TL: 4.748e-02	VL: 3.308e-02	SVL: 0.05363485765457153	current_lr: 0.0005
Epoch: 3	TL: 2.249e-02	VL: 4.033e-02	SVL: 0.04698033833503723	current_lr: 0.0005
Epoch: 4	TL: 1.532e-02	VL: 1.920e-02	SVL: 0.03309096529483795	current_lr: 0.0005
Epoch: 5	TL: 1.205e-02	VL: 1.694e-02	SVL: 0.02501751514673233	current_lr: 0.0005
Epoch: 6	TL: 1.045e-02	VL: 6.181e-03	SVL: 0.015599030596017839	current_lr: 0.0005
Epoch: 7	TL: 9.326e-03	VL: 6.634e-03	SVL: 0.011116498544812203	current_lr: 0.0005
Epoch: 8	TL: 8.327e-03	VL: 1.252e-02	SVL: 0.011818937100470066	current_lr: 0.0005
Epoch: 9	TL: 7.304e-03	VL: 7.203e-03	SVL: 0.009510913819819689	current_lr: 0.0005
Epoch: 10	TL: 7.213e-03	VL: 5.901e-03	SVL: 0.007706101832166314	current_lr: 0.0005
Epoch: 11	TL: 6.541e-03	VL: 7.729e-03	SVL: 0.007717692797072232	current_lr: 0.0005
Epoch: 12	TL: 5.846e-03	VL: 1.038e-02	SVL: 0.009050311633292585	current_lr: 0.0005
Epoch: 13	TL: 5.630e-03	VL: 5.544e-03	SVL: 0.007296920261951163	current_lr: 0.0005
Epoch: 14	TL: 5.708e-03	VL: 5.844e-03	SVL: 0.0065703095248201854	current_lr: 0.0005
Epoch: 15	TL: 4.765e-03	VL: 3.515e-03	SVL: 0.005042511203431058	current_lr: 0.0005
Epoch: 16	TL: 4.732e-03	VL: 5.566e-03	SVL: 0.005304192937683546	current_lr: 0.0005
Epoch: 17	TL: 4.633e-03	VL: 3.312e-03	SVL: 0.0043079712695238415	current_lr: 0.0005
Epoch: 18	TL: 4.542e-03	VL: 3.538e-03	SVL: 0.0039231295022545964	current_lr: 0.0005
Epoch: 19	TL: 3.814e-03	VL: 5.192e-03	SVL: 0.004557503362157877	current_lr: 0.0005
Epoch: 20	TL: 3.866e-03	VL: 3.125e-03	SVL: 0.003841118786562947	current_lr: 0.0005
Epoch: 21	TL: 3.872e-03	VL: 3.620e-03	SVL: 0.003730612467641367	current_lr: 0.0005
Epoch: 22	TL: 3.581e-03	VL: 3.048e-03	SVL: 0.003389340733942754	current_lr: 0.0005
Epoch: 23	TL: 3.526e-03	VL: 2.631e-03	SVL: 0.0030103348133252894	current_lr: 0.0005
Epoch: 24	TL: 3.374e-03	VL: 2.768e-03	SVL: 0.002889375954731645	current_lr: 0.0005
Epoch: 25	TL: 3.395e-03	VL: 2.887e-03	SVL: 0.002888399293951363	current_lr: 0.0005
Epoch: 26	TL: 3.086e-03	VL: 6.225e-03	SVL: 0.00455675202753751	current_lr: 0.0005
Epoch: 27	TL: 3.127e-03	VL: 2.803e-03	SVL: 0.003679635996354662	current_lr: 0.0005
Epoch: 28	TL: 2.924e-03	VL: 2.138e-03	SVL: 0.0029090465996330197	current_lr: 0.0005
Epoch: 29	TL: 2.895e-03	VL: 2.015e-03	SVL: 0.002461968456390759	current_lr: 0.0005
Epoch: 30	TL: 2.700e-03	VL: 4.413e-03	SVL: 0.0034374121003763183	current_lr: 0.0005
Epoch: 31	TL: 2.975e-03	VL: 2.787e-03	SVL: 0.003112023976118182	current_lr: 0.0005
Epoch: 32	TL: 2.744e-03	VL: 4.183e-03	SVL: 0.0036474181546125883	current_lr: 0.0005
Epoch: 33	TL: 2.587e-03	VL: 4.158e-03	SVL: 0.0039026030606703994	current_lr: 0.0005
Epoch: 34	TL: 2.544e-03	VL: 2.487e-03	SVL: 0.0031946176800468087	current_lr: 0.0005
Epoch: 35	TL: 2.659e-03	VL: 2.584e-03	SVL: 0.0028892444150317967	current_lr: 0.0005
Epoch: 36	TL: 2.421e-03	VL: 2.118e-03	SVL: 0.002503469038837615	current_lr: 0.0005
Epoch: 37	TL: 2.714e-03	VL: 1.795e-03	SVL: 0.0021492511157360987	current_lr: 0.0005
Epoch: 38	TL: 2.275e-03	VL: 3.992e-03	SVL: 0.003070569890944526	current_lr: 0.0005
Epoch: 39	TL: 2.459e-03	VL: 2.963e-03	SVL: 0.0030167941422305335	current_lr: 0.0005
Epoch: 40	TL: 2.098e-03	VL: 2.684e-03	SVL: 0.002850548403016817	current_lr: 0.0005
Epoch: 41	TL: 2.379e-03	VL: 2.256e-03	SVL: 0.0025532782994469464	current_lr: 0.0005
Epoch: 42	TL: 2.136e-03	VL: 2.962e-03	SVL: 0.002757568011818352	current_lr: 0.0005
Epoch: 43	TL: 2.190e-03	VL: 2.368e-03	SVL: 0.0025626003077318382	current_lr: 0.0005
Epoch: 44	TL: 2.383e-03	VL: 3.070e-03	SVL: 0.002816275980606184	current_lr: 0.0005
Epoch: 45	TL: 1.869e-03	VL: 3.131e-03	SVL: 0.0029736301196289588	current_lr: 0.0005
Epoch: 46	TL: 2.082e-03	VL: 1.869e-03	SVL: 0.002421524525318172	current_lr: 0.0005
Epoch: 47	TL: 1.990e-03	VL: 3.162e-03	SVL: 0.0027919455531406536	current_lr: 0.0005
Epoch: 48	TL: 2.114e-03	VL: 2.425e-03	SVL: 0.002608465504803664	current_lr: 0.0005
Epoch: 49	TL: 1.859e-03	VL: 1.625e-03	SVL: 0.0021166604877305064	current_lr: 0.0005
Epoch: 50	TL: 2.129e-03	VL: 1.805e-03	SVL: 0.001960903650561573	current_lr: 0.0005
Epoch: 51	TL: 1.783e-03	VL: 3.536e-03	SVL: 0.0027484624535042057	current_lr: 0.0005
Epoch: 52	TL: 1.904e-03	VL: 4.036e-03	SVL: 0.003392192275831998	current_lr: 0.0005
Epoch: 53	TL: 1.844e-03	VL: 1.583e-03	SVL: 0.0024875125803102555	current_lr: 0.0005
Epoch: 54	TL: 1.791e-03	VL: 3.981e-03	SVL: 0.0032342715937668833	current_lr: 0.0005
Epoch: 55	TL: 1.871e-03	VL: 1.478e-03	SVL: 0.0023559677699593086	current_lr: 0.0005
Epoch: 56	TL: 1.750e-03	VL: 1.772e-03	SVL: 0.0020639897991909274	current_lr: 0.0005
Epoch: 57	TL: 1.767e-03	VL: 1.300e-03	SVL: 0.0016819230044729356	current_lr: 0.0005
Epoch: 58	TL: 1.624e-03	VL: 2.886e-03	SVL: 0.0022842001301470816	current_lr: 0.0005
Epoch: 59	TL: 1.758e-03	VL: 2.509e-03	SVL: 0.002396830945334008	current_lr: 0.0005
Epoch: 60	TL: 1.519e-03	VL: 1.753e-03	SVL: 0.002074726977507855	current_lr: 0.0005
Epoch: 61	TL: 1.521e-03	VL: 1.491e-03	SVL: 0.0017827588034473782	current_lr: 0.0005
Epoch: 62	TL: 1.647e-03	VL: 2.798e-03	SVL: 0.0022905970311563675	current_lr: 0.0005
Epoch: 63	TL: 1.598e-03	VL: 5.690e-03	SVL: 0.00399041391493884	current_lr: 0.0005
Epoch: 64	TL: 1.469e-03	VL: 1.849e-03	SVL: 0.0029195714527468246	current_lr: 0.0005
Epoch: 65	TL: 1.784e-03	VL: 1.748e-03	SVL: 0.0023338440921952504	current_lr: 0.0005
Epoch: 66	TL: 1.507e-03	VL: 1.363e-03	SVL: 0.0018485472811783444	current_lr: 0.0005
Epoch: 67	TL: 1.574e-03	VL: 2.073e-03	SVL: 0.0019606837100548096	current_lr: 0.0005
Epoch: 68	TL: 1.518e-03	VL: 3.129e-03	SVL: 0.00254470684859964	current_lr: 0.0005
Epoch: 69	TL: 1.473e-03	VL: 1.820e-03	SVL: 0.0021824726121316986	current_lr: 0.0005
Epoch: 70	TL: 1.466e-03	VL: 1.616e-03	SVL: 0.0018990534313862838	current_lr: 0.0005
Epoch: 71	TL: 1.527e-03	VL: 1.224e-03	SVL: 0.0015614459876390954	current_lr: 0.0005
Epoch: 72	TL: 1.323e-03	VL: 2.523e-03	SVL: 0.00204240372797711	current_lr: 0.0005
Epoch: 73	TL: 1.416e-03	VL: 1.603e-03	SVL: 0.001822802320226348	current_lr: 0.0005
Epoch: 74	TL: 1.449e-03	VL: 1.701e-03	SVL: 0.001761794717661697	current_lr: 0.0005
Epoch: 75	TL: 1.447e-03	VL: 1.675e-03	SVL: 0.0017183254637083204	current_lr: 0.0005
Epoch: 76	TL: 1.281e-03	VL: 1.909e-03	SVL: 0.0018136458594481544	current_lr: 0.0005
Epoch: 77	TL: 1.401e-03	VL: 1.323e-03	SVL: 0.001568098328455309	current_lr: 0.0005
Epoch: 78	TL: 1.232e-03	VL: 1.356e-03	SVL: 0.0014622606863300106	current_lr: 0.0005
Epoch: 79	TL: 1.465e-03	VL: 1.489e-03	SVL: 0.0014757090384622464	current_lr: 0.0005
Epoch: 80	TL: 1.311e-03	VL: 2.770e-03	SVL: 0.0021229860094616835	current_lr: 0.0005
Epoch: 81	TL: 1.457e-03	VL: 1.719e-03	SVL: 0.001921155024937293	current_lr: 0.0005
Epoch: 82	TL: 1.224e-03	VL: 3.071e-03	SVL: 0.002496186805452655	current_lr: 0.0005
Epoch: 83	TL: 1.225e-03	VL: 1.791e-03	SVL: 0.0021435656193324677	current_lr: 0.0005
Epoch: 84	TL: 1.298e-03	VL: 1.431e-03	SVL: 0.0017873508872304734	current_lr: 0.0005
Epoch: 85	TL: 1.300e-03	VL: 1.454e-03	SVL: 0.0016206694335596946	current_lr: 0.0005
Epoch: 86	TL: 1.297e-03	VL: 1.978e-03	SVL: 0.0017992101416417553	current_lr: 0.0005
Epoch: 87	TL: 1.100e-03	VL: 1.312e-03	SVL: 0.0015557223193560339	current_lr: 0.0005
Epoch: 88	TL: 1.457e-03	VL: 1.529e-03	SVL: 0.0015421970184998858	current_lr: 0.0005
Epoch: 89	TL: 1.195e-03	VL: 1.476e-03	SVL: 0.0015090727595665626	current_lr: 0.0005
Epoch: 90	TL: 1.210e-03	VL: 1.440e-03	SVL: 0.0014744979991604176	current_lr: 0.0005
Epoch: 91	TL: 1.138e-03	VL: 1.336e-03	SVL: 0.0014051844305837794	current_lr: 0.0005
Epoch: 92	TL: 1.156e-03	VL: 1.239e-03	SVL: 0.0013218939397257887	current_lr: 0.0005
Epoch: 93	TL: 1.354e-03	VL: 1.089e-03	SVL: 0.0012054081844052834	current_lr: 0.0005
Epoch: 94	TL: 1.157e-03	VL: 1.485e-03	SVL: 0.0013450781905035756	current_lr: 0.0005
Epoch: 95	TL: 1.183e-03	VL: 1.466e-03	SVL: 0.0014054277461459529	current_lr: 0.0005
Epoch: 96	TL: 1.118e-03	VL: 1.908e-03	SVL: 0.0016566458126748747	current_lr: 0.0005
Epoch: 97	TL: 1.198e-03	VL: 1.675e-03	SVL: 0.0016659659336430402	current_lr: 0.0005
Epoch: 98	TL: 1.260e-03	VL: 1.357e-03	SVL: 0.0015114502166918204	current_lr: 0.0005
Epoch: 99	TL: 1.105e-03	VL: 1.169e-03	SVL: 0.0013403671729172908	current_lr: 0.0005
Epoch: 100	TL: 1.039e-03	VL: 2.090e-03	SVL: 0.0017152466887039764	current_lr: 0.0005
Epoch: 101	TL: 1.108e-03	VL: 1.341e-03	SVL: 0.0015281416591903976	current_lr: 0.0005
Epoch: 102	TL: 1.220e-03	VL: 2.043e-03	SVL: 0.001785754915917983	current_lr: 0.0005
Epoch: 103	TL: 1.072e-03	VL: 1.707e-03	SVL: 0.00174662035546952	current_lr: 0.0005
Epoch: 104	TL: 1.029e-03	VL: 1.805e-03	SVL: 0.001775856154373554	current_lr: 0.0005
Epoch: 105	TL: 1.141e-03	VL: 1.694e-03	SVL: 0.0017350189652101536	current_lr: 0.0005
Epoch: 106	TL: 1.161e-03	VL: 1.811e-03	SVL: 0.0017731301290818224	current_lr: 0.0005
Epoch: 107	TL: 9.829e-04	VL: 1.530e-03	SVL: 0.0016515671006355767	current_lr: 0.0005
Epoch: 108	TL: 1.692e-03	VL: 1.494e-03	SVL: 0.0015725641007976773	current_lr: 0.0005
Epoch: 109	TL: 8.391e-04	VL: 1.423e-03	SVL: 0.001498031794814122	current_lr: 0.0005
Epoch: 110	TL: 1.124e-03	VL: 1.148e-03	SVL: 0.0013232607423205437	current_lr: 0.0005
Epoch: 111	TL: 9.771e-04	VL: 1.131e-03	SVL: 0.001227097657270196	current_lr: 0.0005
Epoch: 112	TL: 1.087e-03	VL: 2.311e-03	SVL: 0.0017691357865666165	current_lr: 0.0005
Epoch: 113	TL: 1.043e-03	VL: 9.949e-04	SVL: 0.0013820135600733168	current_lr: 0.0005
Epoch: 114	TL: 1.007e-03	VL: 1.323e-03	SVL: 0.001352549422153205	current_lr: 0.0005
Epoch: 115	TL: 4.003e-04	VL: 8.816e-04	SVL: 0.001117071241323337	current_lr: 0.00025
Epoch: 116	TL: 4.704e-04	VL: 9.011e-04	SVL: 0.0010090795726498888	current_lr: 0.00025
Epoch: 117	TL: 4.822e-04	VL: 1.600e-03	SVL: 0.0013043205723623896	current_lr: 0.00025
Epoch: 118	TL: 4.996e-04	VL: 7.753e-04	SVL: 0.0010398206822802853	current_lr: 0.00025
Epoch: 119	TL: 4.509e-04	VL: 1.064e-03	SVL: 0.0010518237885202087	current_lr: 0.00025
Epoch: 120	TL: 4.902e-04	VL: 9.357e-04	SVL: 0.0009937641767842132	current_lr: 0.00025
Epoch: 121	TL: 4.667e-04	VL: 8.572e-04	SVL: 0.0009254891588381211	current_lr: 0.00025
Epoch: 122	TL: 4.644e-04	VL: 9.370e-04	SVL: 0.0009312314368333061	current_lr: 0.00025
Epoch: 123	TL: 4.617e-04	VL: 8.638e-04	SVL: 0.0008975180912537197	current_lr: 0.00025
Epoch: 124	TL: 4.578e-04	VL: 7.837e-04	SVL: 0.0008406030440590193	current_lr: 0.00025
Epoch: 125	TL: 4.742e-04	VL: 8.353e-04	SVL: 0.0008379314434658195	current_lr: 0.00025
Epoch: 126	TL: 4.653e-04	VL: 8.270e-04	SVL: 0.0008324671155279232	current_lr: 0.00025
Epoch: 127	TL: 4.425e-04	VL: 1.154e-03	SVL: 0.0009932219329508818	current_lr: 0.00025
Epoch: 128	TL: 4.511e-04	VL: 8.942e-04	SVL: 0.000943716791422798	current_lr: 0.00025
Epoch: 129	TL: 4.070e-04	VL: 8.920e-04	SVL: 0.0009178825632490883	current_lr: 0.00025
Epoch: 130	TL: 4.675e-04	VL: 9.014e-04	SVL: 0.0009096479185302143	current_lr: 0.00025
Epoch: 131	TL: 4.323e-04	VL: 9.014e-04	SVL: 0.0009055209163764657	current_lr: 0.00025
Epoch: 132	TL: 4.126e-04	VL: 8.253e-04	SVL: 0.0008654193641712041	current_lr: 0.00025
Epoch: 133	TL: 4.518e-04	VL: 8.340e-04	SVL: 0.0008497165204072879	current_lr: 0.00025
Epoch: 134	TL: 4.336e-04	VL: 7.575e-04	SVL: 0.0008035904646408998	current_lr: 0.00025
Epoch: 135	TL: 3.961e-04	VL: 7.602e-04	SVL: 0.0007819010138756257	current_lr: 0.00025
Epoch: 136	TL: 4.470e-04	VL: 7.781e-04	SVL: 0.0007799807727459182	current_lr: 0.00025
Epoch: 137	TL: 3.994e-04	VL: 1.027e-03	SVL: 0.000903252837067997	current_lr: 0.00025
Epoch: 138	TL: 4.460e-04	VL: 7.655e-04	SVL: 0.0008343525037200031	current_lr: 0.00025
Epoch: 139	TL: 4.080e-04	VL: 8.578e-04	SVL: 0.0008460750512794046	current_lr: 0.00025
Epoch: 140	TL: 4.051e-04	VL: 9.254e-04	SVL: 0.0008857529249049916	current_lr: 0.00025
Epoch: 141	TL: 4.007e-04	VL: 9.066e-04	SVL: 0.0008961564345289118	current_lr: 0.00025
Epoch: 142	TL: 4.213e-04	VL: 8.775e-04	SVL: 0.0008868101618254606	current_lr: 0.00025
Epoch: 143	TL: 4.104e-04	VL: 1.027e-03	SVL: 0.0009570110450965376	current_lr: 0.00025
Epoch: 144	TL: 4.142e-04	VL: 9.087e-04	SVL: 0.0009328437035670982	current_lr: 0.00025
Epoch: 145	TL: 3.903e-04	VL: 8.394e-04	SVL: 0.0008861080261762494	current_lr: 0.00025
Epoch: 146	TL: 4.320e-04	VL: 8.585e-04	SVL: 0.0008722864554671225	current_lr: 0.00025
Epoch: 147	TL: 3.964e-04	VL: 9.031e-04	SVL: 0.0008876933776511638	current_lr: 0.00025
Epoch: 148	TL: 3.988e-04	VL: 1.049e-03	SVL: 0.0009683270555324301	current_lr: 0.00025
Epoch: 149	TL: 4.130e-04	VL: 7.988e-04	SVL: 0.0008835434487256877	current_lr: 0.00025
Epoch: 150	TL: 4.131e-04	VL: 9.721e-04	SVL: 0.0009278241778807577	current_lr: 0.00025
Epoch: 151	TL: 3.719e-04	VL: 9.658e-04	SVL: 0.0009468334270217387	current_lr: 0.00025
Epoch: 152	TL: 4.169e-04	VL: 1.134e-03	SVL: 0.001040659788881658	current_lr: 0.00025
Epoch: 153	TL: 3.811e-04	VL: 7.178e-04	SVL: 0.0008792422551090113	current_lr: 0.00025
Epoch: 154	TL: 4.266e-04	VL: 7.197e-04	SVL: 0.0007994546660867628	current_lr: 0.00025
Epoch: 155	TL: 4.163e-04	VL: 8.086e-04	SVL: 0.0008040387873394935	current_lr: 0.00025
Epoch: 156	TL: 3.836e-04	VL: 1.057e-03	SVL: 0.0009306104781500324	current_lr: 0.00025
Epoch: 157	TL: 3.827e-04	VL: 1.177e-03	SVL: 0.0010540268720324747	current_lr: 0.00025
Epoch: 158	TL: 2.020e-04	VL: 7.122e-04	SVL: 0.0008831294686166401	current_lr: 0.000125
Epoch: 159	TL: 2.159e-04	VL: 6.871e-04	SVL: 0.0007851299956723031	current_lr: 0.000125
Epoch: 160	TL: 2.221e-04	VL: 6.462e-04	SVL: 0.000715665099783936	current_lr: 0.000125
Epoch: 161	TL: 2.240e-04	VL: 6.907e-04	SVL: 0.0007031823981623843	current_lr: 0.000125
Epoch: 162	TL: 2.199e-04	VL: 6.736e-04	SVL: 0.000688395183723221	current_lr: 0.000125
Epoch: 163	TL: 2.237e-04	VL: 6.714e-04	SVL: 0.0006799033966864396	current_lr: 0.000125
Epoch: 164	TL: 2.178e-04	VL: 6.455e-04	SVL: 0.0006626907272738839	current_lr: 0.000125
Epoch: 165	TL: 2.159e-04	VL: 6.933e-04	SVL: 0.0006779997310838413	current_lr: 0.000125
Epoch: 166	TL: 2.160e-04	VL: 6.578e-04	SVL: 0.0006678939442734575	current_lr: 0.000125
Epoch: 167	TL: 2.152e-04	VL: 6.517e-04	SVL: 0.0006597853472282815	current_lr: 0.000125
Epoch: 168	TL: 2.123e-04	VL: 6.458e-04	SVL: 0.0006527691508556568	current_lr: 0.000125
Epoch: 169	TL: 2.124e-04	VL: 7.143e-04	SVL: 0.0006835567904127222	current_lr: 0.000125
Epoch: 170	TL: 2.160e-04	VL: 6.466e-04	SVL: 0.0006650733328169873	current_lr: 0.000125
Epoch: 171	TL: 2.088e-04	VL: 8.634e-04	SVL: 0.0007642396021041418	current_lr: 0.000125
Epoch: 172	TL: 2.044e-04	VL: 6.233e-04	SVL: 0.000693779101379372	current_lr: 0.000125
Epoch: 173	TL: 2.098e-04	VL: 6.597e-04	SVL: 0.0006767412614860423	current_lr: 0.000125
Epoch: 174	TL: 2.069e-04	VL: 7.347e-04	SVL: 0.0007057439661045018	current_lr: 0.000125
Epoch: 175	TL: 2.059e-04	VL: 6.493e-04	SVL: 0.0006775008845338793	current_lr: 0.000125
Epoch: 176	TL: 2.037e-04	VL: 6.446e-04	SVL: 0.0006610349380974756	current_lr: 0.000125
Epoch: 177	TL: 1.975e-04	VL: 6.350e-04	SVL: 0.0006480198246242993	current_lr: 0.000125
Epoch: 178	TL: 2.130e-04	VL: 6.635e-04	SVL: 0.0006557479074598548	current_lr: 0.000125
Epoch: 179	TL: 2.016e-04	VL: 7.217e-04	SVL: 0.0006887333478034137	current_lr: 0.000125
Epoch: 180	TL: 2.054e-04	VL: 6.348e-04	SVL: 0.0006617435497790873	current_lr: 0.000125
Epoch: 181	TL: 1.975e-04	VL: 6.458e-04	SVL: 0.0006537896296754628	current_lr: 0.000125
Epoch: 182	TL: 2.018e-04	VL: 6.912e-04	SVL: 0.0006724769424088374	current_lr: 0.000125
Epoch: 183	TL: 1.964e-04	VL: 6.566e-04	SVL: 0.0006645580088440366	current_lr: 0.000125
Epoch: 184	TL: 2.077e-04	VL: 6.664e-04	SVL: 0.0006655008452804778	current_lr: 0.000125
Epoch: 185	TL: 2.008e-04	VL: 6.715e-04	SVL: 0.0006684758493141281	current_lr: 0.000125
Epoch: 186	TL: 1.940e-04	VL: 6.343e-04	SVL: 0.0006513688598491722	current_lr: 0.000125
Epoch: 187	TL: 1.938e-04	VL: 6.838e-04	SVL: 0.0006675868885923412	current_lr: 0.000125
Epoch: 188	TL: 2.001e-04	VL: 6.185e-04	SVL: 0.0006430285879576697	current_lr: 0.000125
Epoch: 189	TL: 1.970e-04	VL: 6.571e-04	SVL: 0.0006500580046874529	current_lr: 0.000125
Epoch: 190	TL: 1.942e-04	VL: 6.422e-04	SVL: 0.000646139858876777	current_lr: 0.000125
Epoch: 191	TL: 1.941e-04	VL: 6.187e-04	SVL: 0.0006324053042705419	current_lr: 0.000125
Epoch: 192	TL: 1.843e-04	VL: 6.234e-04	SVL: 0.000627883708157915	current_lr: 0.000125
Epoch: 193	TL: 2.037e-04	VL: 6.968e-04	SVL: 0.0006623342929675073	current_lr: 0.000125
Epoch: 194	TL: 1.872e-04	VL: 5.910e-04	SVL: 0.0006266595958865629	current_lr: 0.000125
Epoch: 195	TL: 1.902e-04	VL: 7.380e-04	SVL: 0.0006823049723703139	current_lr: 0.000125
Epoch: 196	TL: 1.894e-04	VL: 6.117e-04	SVL: 0.0006469777077237007	current_lr: 0.000125
Epoch: 197	TL: 1.833e-04	VL: 6.060e-04	SVL: 0.0006264764293928562	current_lr: 0.000125
Epoch: 198	TL: 1.914e-04	VL: 7.766e-04	SVL: 0.0007015443079123704	current_lr: 0.000125
Epoch: 199	TL: 1.940e-04	VL: 6.615e-04	SVL: 0.0006814979907100304	current_lr: 0.000125
Epoch: 200	TL: 1.886e-04	VL: 6.700e-04	SVL: 0.0006757312355550579	current_lr: 0.000125
Epoch: 201	TL: 1.844e-04	VL: 6.431e-04	SVL: 0.0006594260125414755	current_lr: 0.000125
Epoch: 202	TL: 1.876e-04	VL: 6.474e-04	SVL: 0.0006534095599778605	current_lr: 0.000125
Epoch: 203	TL: 1.869e-04	VL: 6.540e-04	SVL: 0.0006536992706124044	current_lr: 0.000125
Epoch: 204	TL: 1.812e-04	VL: 6.259e-04	SVL: 0.0006398052651317942	current_lr: 0.000125
Epoch: 205	TL: 1.917e-04	VL: 6.168e-04	SVL: 0.000628304825158518	current_lr: 0.000125
Epoch: 206	TL: 1.858e-04	VL: 6.227e-04	SVL: 0.000625484543011388	current_lr: 0.000125
Epoch: 207	TL: 1.794e-04	VL: 6.522e-04	SVL: 0.0006388627315391108	current_lr: 0.000125
Epoch: 208	TL: 1.770e-04	VL: 6.137e-04	SVL: 0.0006262880337650083	current_lr: 0.000125
Epoch: 209	TL: 1.804e-04	VL: 6.323e-04	SVL: 0.0006292963272539031	current_lr: 0.000125
Epoch: 210	TL: 1.870e-04	VL: 6.325e-04	SVL: 0.0006308963689310974	current_lr: 0.000125
Epoch: 211	TL: 1.742e-04	VL: 6.188e-04	SVL: 0.0006248540477506134	current_lr: 0.000125
Epoch: 212	TL: 1.878e-04	VL: 7.276e-04	SVL: 0.0006762419500227677	current_lr: 0.000125
Epoch: 213	TL: 1.792e-04	VL: 7.234e-04	SVL: 0.0006998039503035897	current_lr: 0.000125
Epoch: 214	TL: 1.795e-04	VL: 6.378e-04	SVL: 0.000668815387245911	current_lr: 0.000125
Epoch: 215	TL: 1.800e-04	VL: 6.406e-04	SVL: 0.0006546931450351564	current_lr: 0.000125
Epoch: 216	TL: 1.789e-04	VL: 6.306e-04	SVL: 0.0006426448198549196	current_lr: 0.000125
Epoch: 217	TL: 1.766e-04	VL: 6.575e-04	SVL: 0.0006500501797791444	current_lr: 0.000125
Epoch: 218	TL: 1.796e-04	VL: 6.262e-04	SVL: 0.0006381274782715302	current_lr: 0.000125
Epoch: 219	TL: 1.816e-04	VL: 6.604e-04	SVL: 0.0006492772024421921	current_lr: 0.000125
Epoch: 220	TL: 1.786e-04	VL: 6.949e-04	SVL: 0.000672071143068325	current_lr: 0.000125
Epoch: 221	TL: 1.775e-04	VL: 6.852e-04	SVL: 0.0006786243657655773	current_lr: 0.000125
Epoch: 222	TL: 1.776e-04	VL: 6.191e-04	SVL: 0.0006488374968562154	current_lr: 0.000125
Epoch: 223	TL: 1.816e-04	VL: 6.186e-04	SVL: 0.0006336986939208522	current_lr: 0.000125
Epoch: 224	TL: 1.830e-04	VL: 7.295e-04	SVL: 0.0006816214521774061	current_lr: 0.000125
Epoch: 225	TL: 1.769e-04	VL: 6.553e-04	SVL: 0.000668458340567768	current_lr: 0.000125
Epoch: 226	TL: 1.766e-04	VL: 7.738e-04	SVL: 0.0007211335410686436	current_lr: 0.000125
Epoch: 227	TL: 1.764e-04	VL: 8.639e-04	SVL: 0.0007925049776838274	current_lr: 0.000125
Epoch: 228	TL: 1.695e-04	VL: 6.996e-04	SVL: 0.0007460359332465158	current_lr: 0.000125
Epoch: 229	TL: 1.822e-04	VL: 6.643e-04	SVL: 0.000705175518865537	current_lr: 0.000125
Epoch: 230	TL: 1.717e-04	VL: 6.611e-04	SVL: 0.000683126151499724	current_lr: 0.000125
Epoch: 231	TL: 1.710e-04	VL: 6.125e-04	SVL: 0.0006477961718726038	current_lr: 0.000125
Epoch: 232	TL: 1.774e-04	VL: 7.626e-04	SVL: 0.000705191323145622	current_lr: 0.000125
Epoch: 233	TL: 1.134e-04	VL: 5.893e-04	SVL: 0.0006472564116042823	current_lr: 6.25e-05
Epoch: 234	TL: 1.141e-04	VL: 6.184e-04	SVL: 0.0006328173465988025	current_lr: 6.25e-05
Epoch: 235	TL: 1.189e-04	VL: 5.783e-04	SVL: 0.0006055455628763131	current_lr: 6.25e-05
Epoch: 236	TL: 1.156e-04	VL: 5.842e-04	SVL: 0.0005948560448353734	current_lr: 6.25e-05
Epoch: 237	TL: 1.164e-04	VL: 6.174e-04	SVL: 0.000606126047763489	current_lr: 6.25e-05
Epoch: 238	TL: 1.192e-04	VL: 6.320e-04	SVL: 0.0006190830715463869	current_lr: 6.25e-05
Epoch: 239	TL: 1.167e-04	VL: 5.776e-04	SVL: 0.0005983458284520265	current_lr: 6.25e-05
Epoch: 240	TL: 1.157e-04	VL: 5.819e-04	SVL: 0.0005901388289522706	current_lr: 6.25e-05
Epoch: 241	TL: 1.144e-04	VL: 5.991e-04	SVL: 0.0005946231574809342	current_lr: 6.25e-05
Epoch: 242	TL: 1.153e-04	VL: 5.976e-04	SVL: 0.0005960972443717614	current_lr: 6.25e-05
Epoch: 243	TL: 1.137e-04	VL: 6.136e-04	SVL: 0.0006048628784963437	current_lr: 6.25e-05
Epoch: 244	TL: 1.144e-04	VL: 5.752e-04	SVL: 0.0005900367040310774	current_lr: 6.25e-05
Epoch: 245	TL: 1.134e-04	VL: 5.960e-04	SVL: 0.0005930227676468329	current_lr: 6.25e-05
Epoch: 246	TL: 1.145e-04	VL: 5.787e-04	SVL: 0.0005858669986047962	current_lr: 6.25e-05
Epoch: 247	TL: 1.115e-04	VL: 5.732e-04	SVL: 0.0005795171732564081	current_lr: 6.25e-05
Epoch: 248	TL: 1.136e-04	VL: 5.707e-04	SVL: 0.0005751004842350538	current_lr: 6.25e-05
Epoch: 249	TL: 1.107e-04	VL: 6.002e-04	SVL: 0.0005876692278896597	current_lr: 6.25e-05
Epoch: 250	TL: 1.119e-04	VL: 5.683e-04	SVL: 0.000578000461246313	current_lr: 6.25e-05
Epoch: 251	TL: 1.119e-04	VL: 5.830e-04	SVL: 0.000580479591680438	current_lr: 6.25e-05
Epoch: 252	TL: 1.133e-04	VL: 5.926e-04	SVL: 0.0005865412322644744	current_lr: 6.25e-05
Epoch: 253	TL: 1.132e-04	VL: 5.906e-04	SVL: 0.000588588555056073	current_lr: 6.25e-05
Epoch: 254	TL: 1.107e-04	VL: 5.916e-04	SVL: 0.0005900959439070114	current_lr: 6.25e-05
Epoch: 255	TL: 1.086e-04	VL: 5.909e-04	SVL: 0.0005905138972893898	current_lr: 6.25e-05
Epoch: 256	TL: 1.089e-04	VL: 5.979e-04	SVL: 0.0005942261727400395	current_lr: 6.25e-05
Epoch: 257	TL: 1.113e-04	VL: 5.979e-04	SVL: 0.0005960415975127505	current_lr: 6.25e-05
Epoch: 258	TL: 1.091e-04	VL: 5.947e-04	SVL: 0.0005953543760316514	current_lr: 6.25e-05
Epoch: 259	TL: 1.092e-04	VL: 6.162e-04	SVL: 0.000605770953393824	current_lr: 6.25e-05
Epoch: 260	TL: 1.101e-04	VL: 5.896e-04	SVL: 0.0005976689973954594	current_lr: 6.25e-05
Epoch: 261	TL: 1.057e-04	VL: 5.829e-04	SVL: 0.0005902939071001726	current_lr: 6.25e-05
Epoch: 262	TL: 1.087e-04	VL: 5.867e-04	SVL: 0.0005884798044831613	current_lr: 6.25e-05
Epoch: 263	TL: 1.064e-04	VL: 6.319e-04	SVL: 0.0006101906416252781	current_lr: 6.25e-05
Epoch: 264	TL: 1.113e-04	VL: 6.113e-04	SVL: 0.0006107237754978503	current_lr: 6.25e-05
Epoch: 265	TL: 1.078e-04	VL: 5.792e-04	SVL: 0.0005949478715021295	current_lr: 6.25e-05
Epoch: 266	TL: 1.099e-04	VL: 5.775e-04	SVL: 0.0005862148329297146	current_lr: 6.25e-05
Epoch: 267	TL: 1.060e-04	VL: 5.842e-04	SVL: 0.0005851829193373244	current_lr: 6.25e-05
Epoch: 268	TL: 1.068e-04	VL: 5.675e-04	SVL: 0.0005763660054574272	current_lr: 6.25e-05
Epoch: 269	TL: 1.069e-04	VL: 6.704e-04	SVL: 0.0006233897497837673	current_lr: 6.25e-05
Epoch: 270	TL: 8.505e-05	VL: 5.628e-04	SVL: 0.000593084910044319	current_lr: 3.125e-05
Epoch: 271	TL: 8.415e-05	VL: 5.728e-04	SVL: 0.0005829576743291053	current_lr: 3.125e-05
Epoch: 272	TL: 8.578e-05	VL: 5.675e-04	SVL: 0.0005752399927698689	current_lr: 3.125e-05
Epoch: 273	TL: 8.697e-05	VL: 5.623e-04	SVL: 0.0005687856230300226	current_lr: 3.125e-05
Epoch: 274	TL: 8.590e-05	VL: 5.617e-04	SVL: 0.0005652253078004498	current_lr: 3.125e-05
Epoch: 275	TL: 8.457e-05	VL: 5.659e-04	SVL: 0.0005655701272974799	current_lr: 3.125e-05
Epoch: 276	TL: 8.587e-05	VL: 5.773e-04	SVL: 0.0005714292940144931	current_lr: 3.125e-05
Epoch: 277	TL: 8.495e-05	VL: 5.598e-04	SVL: 0.000565627345276137	current_lr: 3.125e-05
Epoch: 278	TL: 8.584e-05	VL: 5.571e-04	SVL: 0.0005613651706935266	current_lr: 3.125e-05
Epoch: 279	TL: 8.549e-05	VL: 5.643e-04	SVL: 0.0005628193027854611	current_lr: 3.125e-05
Epoch: 280	TL: 8.473e-05	VL: 5.702e-04	SVL: 0.0005665308568418349	current_lr: 3.125e-05
Epoch: 281	TL: 8.433e-05	VL: 5.624e-04	SVL: 0.0005644558625191611	current_lr: 3.125e-05
Epoch: 282	TL: 8.471e-05	VL: 5.633e-04	SVL: 0.0005638724931463679	current_lr: 3.125e-05
Epoch: 283	TL: 8.489e-05	VL: 5.574e-04	SVL: 0.0005606166068904141	current_lr: 3.125e-05
Epoch: 284	TL: 8.247e-05	VL: 5.655e-04	SVL: 0.0005630629422362914	current_lr: 3.125e-05
Epoch: 285	TL: 8.345e-05	VL: 5.587e-04	SVL: 0.0005608802498428161	current_lr: 3.125e-05
Epoch: 286	TL: 8.475e-05	VL: 5.665e-04	SVL: 0.000563694211892691	current_lr: 3.125e-05
Epoch: 287	TL: 8.314e-05	VL: 5.644e-04	SVL: 0.0005640411153696014	current_lr: 3.125e-05
Epoch: 288	TL: 8.445e-05	VL: 5.543e-04	SVL: 0.0005591780074070908	current_lr: 3.125e-05
Epoch: 289	TL: 8.382e-05	VL: 5.634e-04	SVL: 0.0005612957213139046	current_lr: 3.125e-05
Epoch: 290	TL: 8.447e-05	VL: 5.693e-04	SVL: 0.0005652791993725056	current_lr: 3.125e-05
Epoch: 291	TL: 8.226e-05	VL: 5.587e-04	SVL: 0.0005619845547729608	current_lr: 3.125e-05
Epoch: 292	TL: 8.350e-05	VL: 5.768e-04	SVL: 0.000569401060464674	current_lr: 3.125e-05
Epoch: 293	TL: 8.252e-05	VL: 5.570e-04	SVL: 0.0005631855184449225	current_lr: 3.125e-05
Epoch: 294	TL: 8.272e-05	VL: 5.676e-04	SVL: 0.0005653705594248309	current_lr: 3.125e-05
Epoch: 295	TL: 8.320e-05	VL: 5.859e-04	SVL: 0.000575635626778341	current_lr: 3.125e-05
Epoch: 296	TL: 8.178e-05	VL: 5.706e-04	SVL: 0.0005731416507886533	current_lr: 3.125e-05
Epoch: 297	TL: 8.230e-05	VL: 5.555e-04	SVL: 0.0005643062047325911	current_lr: 3.125e-05
Epoch: 298	TL: 8.198e-05	VL: 5.680e-04	SVL: 0.0005661558952015312	current_lr: 3.125e-05
Epoch: 299	TL: 8.202e-05	VL: 5.615e-04	SVL: 0.000563814969166203	current_lr: 3.125e-05
Epoch: 300	TL: 8.194e-05	VL: 5.582e-04	SVL: 0.0005610026574651816	current_lr: 3.125e-05
Epoch: 301	TL: 8.097e-05	VL: 5.658e-04	SVL: 0.0005634018647929241	current_lr: 3.125e-05
Epoch: 302	TL: 8.100e-05	VL: 5.596e-04	SVL: 0.0005615068817267919	current_lr: 3.125e-05
Epoch: 303	TL: 8.132e-05	VL: 5.854e-04	SVL: 0.0005734509182040942	current_lr: 3.125e-05
Epoch: 304	TL: 8.125e-05	VL: 5.669e-04	SVL: 0.0005701876616510278	current_lr: 3.125e-05
Epoch: 305	TL: 8.120e-05	VL: 5.821e-04	SVL: 0.0005761604058758679	current_lr: 3.125e-05
Epoch: 306	TL: 8.091e-05	VL: 5.642e-04	SVL: 0.0005701915168770284	current_lr: 3.125e-05
Epoch: 307	TL: 8.085e-05	VL: 5.675e-04	SVL: 0.0005688311916593775	current_lr: 3.125e-05
Epoch: 308	TL: 8.229e-05	VL: 5.610e-04	SVL: 0.0005649336060883634	current_lr: 3.125e-05
Epoch: 309	TL: 8.206e-05	VL: 5.613e-04	SVL: 0.0005630930195749816	current_lr: 3.125e-05
Epoch: 310	TL: 6.970e-05	VL: 5.560e-04	SVL: 0.0005595352416486053	current_lr: 1.5625e-05
Epoch: 311	TL: 7.105e-05	VL: 5.616e-04	SVL: 0.0005605458977446212	current_lr: 1.5625e-05
Epoch: 312	TL: 7.108e-05	VL: 5.514e-04	SVL: 0.0005559907556884117	current_lr: 1.5625e-05
Epoch: 313	TL: 7.150e-05	VL: 5.556e-04	SVL: 0.0005557817191537532	current_lr: 1.5625e-05
Epoch: 314	TL: 7.097e-05	VL: 5.710e-04	SVL: 0.0005634083375660735	current_lr: 1.5625e-05
Epoch: 315	TL: 7.054e-05	VL: 5.512e-04	SVL: 0.0005573109559877792	current_lr: 1.5625e-05
Epoch: 316	TL: 7.181e-05	VL: 5.497e-04	SVL: 0.0005535256143740853	current_lr: 1.5625e-05
Epoch: 317	TL: 7.018e-05	VL: 5.583e-04	SVL: 0.0005559119461145024	current_lr: 1.5625e-05
Epoch: 318	TL: 7.111e-05	VL: 5.583e-04	SVL: 0.0005570831059498599	current_lr: 1.5625e-05
Epoch: 319	TL: 7.081e-05	VL: 5.521e-04	SVL: 0.0005545844673654939	current_lr: 1.5625e-05
Epoch: 320	TL: 7.142e-05	VL: 5.614e-04	SVL: 0.0005579994141827775	current_lr: 1.5625e-05
Epoch: 321	TL: 7.129e-05	VL: 5.541e-04	SVL: 0.0005560530185585595	current_lr: 1.5625e-05
Epoch: 322	TL: 6.979e-05	VL: 5.562e-04	SVL: 0.0005561436444464017	current_lr: 1.5625e-05
Epoch: 323	TL: 7.039e-05	VL: 5.631e-04	SVL: 0.0005596229925723219	current_lr: 1.5625e-05
Epoch: 324	TL: 6.979e-05	VL: 5.595e-04	SVL: 0.0005595659561441017	current_lr: 1.5625e-05
Epoch: 325	TL: 7.050e-05	VL: 5.511e-04	SVL: 0.0005553272876881397	current_lr: 1.5625e-05
Epoch: 326	TL: 6.968e-05	VL: 5.527e-04	SVL: 0.0005540369020771401	current_lr: 1.5625e-05
Epoch: 327	TL: 7.032e-05	VL: 5.506e-04	SVL: 0.0005523175709879109	current_lr: 1.5625e-05
Epoch: 328	TL: 6.970e-05	VL: 5.507e-04	SVL: 0.0005514892604666804	current_lr: 1.5625e-05
Epoch: 329	TL: 7.074e-05	VL: 5.578e-04	SVL: 0.0005546682281652021	current_lr: 1.5625e-05
Epoch: 330	TL: 6.943e-05	VL: 5.570e-04	SVL: 0.0005558204732020164	current_lr: 1.5625e-05
Epoch: 331	TL: 6.942e-05	VL: 5.511e-04	SVL: 0.0005534766863623989	current_lr: 1.5625e-05
Epoch: 332	TL: 6.937e-05	VL: 5.544e-04	SVL: 0.0005539138173480695	current_lr: 1.5625e-05
Epoch: 333	TL: 6.951e-05	VL: 5.566e-04	SVL: 0.0005552654432962271	current_lr: 1.5625e-05
Epoch: 334	TL: 6.997e-05	VL: 5.520e-04	SVL: 0.0005536405914877818	current_lr: 1.5625e-05
Epoch: 335	TL: 6.929e-05	VL: 5.488e-04	SVL: 0.0005511996087359868	current_lr: 1.5625e-05
Epoch: 336	TL: 6.963e-05	VL: 5.490e-04	SVL: 0.0005501211701297503	current_lr: 1.5625e-05
Epoch: 337	TL: 6.914e-05	VL: 5.507e-04	SVL: 0.0005504251747560373	current_lr: 1.5625e-05
Epoch: 338	TL: 6.933e-05	VL: 5.570e-04	SVL: 0.0005537025734400685	current_lr: 1.5625e-05
Epoch: 339	TL: 6.926e-05	VL: 5.513e-04	SVL: 0.0005525254986989466	current_lr: 1.5625e-05
Epoch: 340	TL: 6.960e-05	VL: 5.505e-04	SVL: 0.0005515187036150678	current_lr: 1.5625e-05
Epoch: 341	TL: 6.945e-05	VL: 5.555e-04	SVL: 0.0005535114442881934	current_lr: 1.5625e-05
Epoch: 342	TL: 6.890e-05	VL: 5.504e-04	SVL: 0.0005519696104316409	current_lr: 1.5625e-05
Epoch: 343	TL: 6.918e-05	VL: 5.506e-04	SVL: 0.0005512976848974077	current_lr: 1.5625e-05
Epoch: 344	TL: 6.909e-05	VL: 5.470e-04	SVL: 0.0005491666328854485	current_lr: 1.5625e-05
Epoch: 345	TL: 6.879e-05	VL: 5.522e-04	SVL: 0.0005506936943504772	current_lr: 1.5625e-05
Epoch: 346	TL: 6.832e-05	VL: 5.491e-04	SVL: 0.0005498979794965964	current_lr: 1.5625e-05
Epoch: 347	TL: 6.861e-05	VL: 5.525e-04	SVL: 0.0005511853808158031	current_lr: 1.5625e-05
Epoch: 348	TL: 6.903e-05	VL: 5.615e-04	SVL: 0.0005563523110744055	current_lr: 1.5625e-05
Epoch: 349	TL: 6.881e-05	VL: 5.501e-04	SVL: 0.0005532333908973483	current_lr: 1.5625e-05
Epoch: 350	TL: 6.802e-05	VL: 5.541e-04	SVL: 0.0005536562233417405	current_lr: 1.5625e-05
Epoch: 351	TL: 6.836e-05	VL: 5.482e-04	SVL: 0.0005509450211748071	current_lr: 1.5625e-05
Epoch: 352	TL: 6.856e-05	VL: 5.561e-04	SVL: 0.0005534983195178006	current_lr: 1.5625e-05
Epoch: 353	TL: 6.801e-05	VL: 5.566e-04	SVL: 0.0005550732035096632	current_lr: 1.5625e-05
Epoch: 354	TL: 6.820e-05	VL: 5.529e-04	SVL: 0.0005539784142700903	current_lr: 1.5625e-05
Epoch: 355	TL: 6.812e-05	VL: 5.475e-04	SVL: 0.0005507471059425708	current_lr: 1.5625e-05
Epoch: 356	TL: 6.806e-05	VL: 5.530e-04	SVL: 0.0005518762486509501	current_lr: 1.5625e-05
Epoch: 357	TL: 6.757e-05	VL: 5.462e-04	SVL: 0.0005490553357865422	current_lr: 1.5625e-05
Epoch: 358	TL: 6.840e-05	VL: 5.474e-04	SVL: 0.0005482036371363207	current_lr: 1.5625e-05
Epoch: 359	TL: 6.783e-05	VL: 5.609e-04	SVL: 0.0005545536199874186	current_lr: 1.5625e-05
Epoch: 360	TL: 6.822e-05	VL: 5.581e-04	SVL: 0.0005563205202254903	current_lr: 1.5625e-05
Epoch: 361	TL: 6.761e-05	VL: 5.464e-04	SVL: 0.0005513475308732813	current_lr: 1.5625e-05
Epoch: 362	TL: 6.714e-05	VL: 5.514e-04	SVL: 0.0005513687228121671	current_lr: 1.5625e-05
Epoch: 363	TL: 6.836e-05	VL: 5.466e-04	SVL: 0.0005490052151162581	current_lr: 1.5625e-05
Epoch: 364	TL: 6.688e-05	VL: 5.599e-04	SVL: 0.0005544382923582771	current_lr: 1.5625e-05
Epoch: 365	TL: 6.774e-05	VL: 5.488e-04	SVL: 0.0005516121831406941	current_lr: 1.5625e-05
Epoch: 366	TL: 6.772e-05	VL: 5.505e-04	SVL: 0.0005510365231270487	current_lr: 1.5625e-05
Epoch: 367	TL: 6.725e-05	VL: 5.488e-04	SVL: 0.0005499393335697499	current_lr: 1.5625e-05
Epoch: 368	TL: 6.738e-05	VL: 5.523e-04	SVL: 0.0005511224474369211	current_lr: 1.5625e-05
Epoch: 369	TL: 6.763e-05	VL: 5.544e-04	SVL: 0.0005527529014080128	current_lr: 1.5625e-05
Epoch: 370	TL: 6.738e-05	VL: 5.482e-04	SVL: 0.000550453916834263	current_lr: 1.5625e-05
Epoch: 371	TL: 6.638e-05	VL: 5.536e-04	SVL: 0.0005520389545194646	current_lr: 1.5625e-05
Epoch: 372	TL: 6.786e-05	VL: 5.460e-04	SVL: 0.0005490266227837573	current_lr: 1.5625e-05
Epoch: 373	TL: 6.637e-05	VL: 5.493e-04	SVL: 0.0005491665792522912	current_lr: 1.5625e-05
Epoch: 374	TL: 6.676e-05	VL: 5.490e-04	SVL: 0.0005490978008537533	current_lr: 1.5625e-05
Epoch: 375	TL: 6.631e-05	VL: 5.542e-04	SVL: 0.0005516710999622465	current_lr: 1.5625e-05
Epoch: 376	TL: 6.675e-05	VL: 5.571e-04	SVL: 0.0005543808580942214	current_lr: 1.5625e-05
Epoch: 377	TL: 6.671e-05	VL: 5.476e-04	SVL: 0.0005510018885884315	current_lr: 1.5625e-05
Epoch: 378	TL: 6.674e-05	VL: 5.520e-04	SVL: 0.0005515051037447468	current_lr: 1.5625e-05
Epoch: 379	TL: 6.683e-05	VL: 5.563e-04	SVL: 0.0005539242372103938	current_lr: 1.5625e-05
Epoch: 380	TL: 6.168e-05	VL: 5.436e-04	SVL: 0.0005487715654168729	current_lr: 7.8125e-06
Epoch: 381	TL: 6.163e-05	VL: 5.474e-04	SVL: 0.0005480691399472059	current_lr: 7.8125e-06
Epoch: 382	TL: 6.193e-05	VL: 5.513e-04	SVL: 0.0005497052771994025	current_lr: 7.8125e-06
Epoch: 383	TL: 6.201e-05	VL: 5.478e-04	SVL: 0.0005487397960398868	current_lr: 7.8125e-06
Epoch: 384	TL: 6.185e-05	VL: 5.454e-04	SVL: 0.0005470914180862047	current_lr: 7.8125e-06
Epoch: 385	TL: 6.182e-05	VL: 5.446e-04	SVL: 0.0005458596614890863	current_lr: 7.8125e-06
Epoch: 386	TL: 6.153e-05	VL: 5.487e-04	SVL: 0.000547265656187811	current_lr: 7.8125e-06
Epoch: 387	TL: 6.153e-05	VL: 5.432e-04	SVL: 0.0005452445573581649	current_lr: 7.8125e-06
Epoch: 388	TL: 6.168e-05	VL: 5.445e-04	SVL: 0.0005448568407184578	current_lr: 7.8125e-06
Epoch: 389	TL: 6.199e-05	VL: 5.555e-04	SVL: 0.0005501576455179203	current_lr: 7.8125e-06
Epoch: 390	TL: 6.177e-05	VL: 5.448e-04	SVL: 0.0005474741593869204	current_lr: 7.8125e-06
Epoch: 391	TL: 6.159e-05	VL: 5.460e-04	SVL: 0.0005467316575781343	current_lr: 7.8125e-06
Epoch: 392	TL: 6.165e-05	VL: 5.468e-04	SVL: 0.000546747172272992	current_lr: 7.8125e-06
Epoch: 393	TL: 6.185e-05	VL: 5.511e-04	SVL: 0.0005489289106909393	current_lr: 7.8125e-06
Epoch: 394	TL: 6.138e-05	VL: 5.493e-04	SVL: 0.0005490948827060043	current_lr: 7.8125e-06
Epoch: 395	TL: 6.171e-05	VL: 5.476e-04	SVL: 0.0005483356073991447	current_lr: 7.8125e-06
Epoch: 396	TL: 6.140e-05	VL: 5.545e-04	SVL: 0.0005514151402064159	current_lr: 7.8125e-06
Epoch: 397	TL: 6.135e-05	VL: 5.474e-04	SVL: 0.0005493934575591481	current_lr: 7.8125e-06
Epoch: 398	TL: 6.136e-05	VL: 5.464e-04	SVL: 0.0005478793980615336	current_lr: 7.8125e-06
Epoch: 399	TL: 6.134e-05	VL: 5.466e-04	SVL: 0.0005472261847027639	current_lr: 7.8125e-06
Epoch: 400	TL: 6.144e-05	VL: 5.468e-04	SVL: 0.0005470215678696085	current_lr: 7.8125e-06
Epoch: 401	TL: 6.136e-05	VL: 5.470e-04	SVL: 0.0005469905466081822	current_lr: 7.8125e-06
Epoch: 402	TL: 6.098e-05	VL: 5.463e-04	SVL: 0.0005466243431092364	current_lr: 7.8125e-06
Epoch: 403	TL: 6.147e-05	VL: 5.486e-04	SVL: 0.000547587271785789	current_lr: 7.8125e-06
Epoch: 404	TL: 6.131e-05	VL: 5.494e-04	SVL: 0.0005484963517666127	current_lr: 7.8125e-06
Epoch: 405	TL: 6.131e-05	VL: 5.474e-04	SVL: 0.0005479367783308161	current_lr: 7.8125e-06
Epoch: 406	TL: 6.111e-05	VL: 5.465e-04	SVL: 0.0005472090180039472	current_lr: 7.8125e-06
Epoch: 407	TL: 6.107e-05	VL: 5.480e-04	SVL: 0.0005476291773378882	current_lr: 7.8125e-06
Epoch: 408	TL: 6.095e-05	VL: 5.476e-04	SVL: 0.0005476053534775988	current_lr: 7.8125e-06
Epoch: 409	TL: 6.149e-05	VL: 5.468e-04	SVL: 0.0005471856861725458	current_lr: 7.8125e-06
Epoch: 410	TL: 5.866e-05	VL: 5.447e-04	SVL: 0.0005459343805618588	current_lr: 3.90625e-06
Epoch: 411	TL: 5.864e-05	VL: 5.426e-04	SVL: 0.0005442836619768294	current_lr: 3.90625e-06
Epoch: 412	TL: 5.869e-05	VL: 5.452e-04	SVL: 0.0005447357941346243	current_lr: 3.90625e-06
Epoch: 413	TL: 5.875e-05	VL: 5.477e-04	SVL: 0.0005462163114883936	current_lr: 3.90625e-06
Epoch: 414	TL: 5.856e-05	VL: 5.456e-04	SVL: 0.0005459016305376309	current_lr: 3.90625e-06
Epoch: 415	TL: 5.839e-05	VL: 5.455e-04	SVL: 0.0005456789365494856	current_lr: 3.90625e-06
Epoch: 416	TL: 5.861e-05	VL: 5.498e-04	SVL: 0.0005477177555901114	current_lr: 3.90625e-06
Epoch: 417	TL: 5.880e-05	VL: 5.476e-04	SVL: 0.0005476485220363887	current_lr: 3.90625e-06
Epoch: 418	TL: 5.842e-05	VL: 5.451e-04	SVL: 0.0005463802679266111	current_lr: 3.90625e-06
Epoch: 419	TL: 5.844e-05	VL: 5.425e-04	SVL: 0.000544435080085475	current_lr: 3.90625e-06
Epoch: 420	TL: 5.834e-05	VL: 5.433e-04	SVL: 0.0005438542168310676	current_lr: 3.90625e-06
Epoch: 421	TL: 5.863e-05	VL: 5.446e-04	SVL: 0.0005442261507596271	current_lr: 3.90625e-06
Epoch: 422	TL: 5.833e-05	VL: 5.445e-04	SVL: 0.000544382375006164	current_lr: 3.90625e-06
Epoch: 423	TL: 5.842e-05	VL: 5.458e-04	SVL: 0.0005450720188638989	current_lr: 3.90625e-06
Epoch: 424	TL: 5.844e-05	VL: 5.443e-04	SVL: 0.0005446846901189001	current_lr: 3.90625e-06
Epoch: 425	TL: 5.854e-05	VL: 5.448e-04	SVL: 0.0005447445362215595	current_lr: 3.90625e-06
Epoch: 426	TL: 5.835e-05	VL: 5.470e-04	SVL: 0.0005458705439868249	current_lr: 3.90625e-06
Epoch: 427	TL: 5.841e-05	VL: 5.452e-04	SVL: 0.0005455522782952923	current_lr: 3.90625e-06
Epoch: 428	TL: 5.836e-05	VL: 5.446e-04	SVL: 0.0005450614813641379	current_lr: 3.90625e-06
Epoch: 429	TL: 5.834e-05	VL: 5.438e-04	SVL: 0.0005444471063055431	current_lr: 3.90625e-06
Epoch: 430	TL: 5.807e-05	VL: 5.452e-04	SVL: 0.0005448039294202047	current_lr: 3.90625e-06
Epoch: 431	TL: 5.839e-05	VL: 5.474e-04	SVL: 0.0005460772276381113	current_lr: 3.90625e-06
Epoch: 432	TL: 5.813e-05	VL: 5.440e-04	SVL: 0.0005450405240287114	current_lr: 3.90625e-06
Epoch: 433	TL: 5.824e-05	VL: 5.433e-04	SVL: 0.0005441619694347049	current_lr: 3.90625e-06
Epoch: 434	TL: 5.824e-05	VL: 5.450e-04	SVL: 0.0005445781737623049	current_lr: 3.90625e-06
Epoch: 435	TL: 5.810e-05	VL: 5.465e-04	SVL: 0.0005455287709860718	current_lr: 3.90625e-06
Epoch: 436	TL: 5.813e-05	VL: 5.450e-04	SVL: 0.0005452486433103042	current_lr: 3.90625e-06
Epoch: 437	TL: 5.816e-05	VL: 5.464e-04	SVL: 0.0005458240348852852	current_lr: 3.90625e-06
Epoch: 438	TL: 5.821e-05	VL: 5.445e-04	SVL: 0.0005451410124081959	current_lr: 3.90625e-06
Epoch: 439	TL: 5.836e-05	VL: 5.458e-04	SVL: 0.0005454482470640833	current_lr: 3.90625e-06
Epoch: 440	TL: 5.812e-05	VL: 5.474e-04	SVL: 0.0005464371877257673	current_lr: 3.90625e-06
Epoch: 441	TL: 5.803e-05	VL: 5.456e-04	SVL: 0.0005460330971749946	current_lr: 3.90625e-06
Epoch: 442	TL: 5.677e-05	VL: 5.442e-04	SVL: 0.0005451377992169224	current_lr: 1.953125e-06
Epoch: 443	TL: 5.686e-05	VL: 5.429e-04	SVL: 0.0005440173359878939	current_lr: 1.953125e-06
Epoch: 444	TL: 5.676e-05	VL: 5.444e-04	SVL: 0.0005441928730491837	current_lr: 1.953125e-06
Epoch: 445	TL: 5.673e-05	VL: 5.447e-04	SVL: 0.0005444675379039864	current_lr: 1.953125e-06
Epoch: 446	TL: 5.677e-05	VL: 5.463e-04	SVL: 0.0005453911390424778	current_lr: 1.953125e-06
Epoch: 447	TL: 5.671e-05	VL: 5.443e-04	SVL: 0.0005448283745110537	current_lr: 1.953125e-06
Epoch: 448	TL: 5.677e-05	VL: 5.436e-04	SVL: 0.0005442021287113679	current_lr: 1.953125e-06
Epoch: 449	TL: 5.675e-05	VL: 5.436e-04	SVL: 0.0005438942390993363	current_lr: 1.953125e-06
Epoch: 450	TL: 5.671e-05	VL: 5.434e-04	SVL: 0.0005436537841118935	current_lr: 1.953125e-06
Epoch: 451	TL: 5.667e-05	VL: 5.450e-04	SVL: 0.0005443340976614536	current_lr: 1.953125e-06
Epoch: 452	TL: 5.665e-05	VL: 5.450e-04	SVL: 0.0005446603993365557	current_lr: 1.953125e-06
Epoch: 453	TL: 5.670e-05	VL: 5.460e-04	SVL: 0.0005453082819675103	current_lr: 1.953125e-06
Epoch: 454	TL: 5.675e-05	VL: 5.437e-04	SVL: 0.0005445097962962933	current_lr: 1.953125e-06
Epoch: 455	TL: 5.681e-05	VL: 5.448e-04	SVL: 0.00054467361469802	current_lr: 1.953125e-06
Epoch: 456	TL: 5.663e-05	VL: 5.442e-04	SVL: 0.0005444385583188967	current_lr: 1.953125e-06
Epoch: 457	TL: 5.672e-05	VL: 5.466e-04	SVL: 0.0005455113468064287	current_lr: 1.953125e-06
Epoch: 458	TL: 5.668e-05	VL: 5.477e-04	SVL: 0.0005465808807558527	current_lr: 1.953125e-06
Epoch: 459	TL: 5.675e-05	VL: 5.440e-04	SVL: 0.0005453019946191067	current_lr: 1.953125e-06
Epoch: 460	TL: 5.672e-05	VL: 5.436e-04	SVL: 0.000544436387686598	current_lr: 1.953125e-06
Epoch: 461	TL: 5.658e-05	VL: 5.427e-04	SVL: 0.0005435809306644737	current_lr: 1.953125e-06
Epoch: 462	TL: 5.657e-05	VL: 5.441e-04	SVL: 0.000543830450988975	current_lr: 1.953125e-06
Epoch: 463	TL: 5.662e-05	VL: 5.452e-04	SVL: 0.0005444969339257315	current_lr: 1.953125e-06
Epoch: 464	TL: 5.680e-05	VL: 5.431e-04	SVL: 0.000543819519037298	current_lr: 1.953125e-06
Epoch: 465	TL: 5.663e-05	VL: 5.435e-04	SVL: 0.0005436529617281217	current_lr: 1.953125e-06
Epoch: 466	TL: 5.659e-05	VL: 5.419e-04	SVL: 0.0005427930017695555	current_lr: 1.953125e-06
Epoch: 467	TL: 5.660e-05	VL: 5.425e-04	SVL: 0.0005426502774350708	current_lr: 1.953125e-06
Epoch: 468	TL: 5.678e-05	VL: 5.419e-04	SVL: 0.0005422607099112304	current_lr: 1.953125e-06
Epoch: 469	TL: 5.661e-05	VL: 5.442e-04	SVL: 0.0005432268815783875	current_lr: 1.953125e-06
Epoch: 470	TL: 5.672e-05	VL: 5.462e-04	SVL: 0.0005447325715198227	current_lr: 1.953125e-06
Epoch: 471	TL: 5.646e-05	VL: 5.436e-04	SVL: 0.000544141653615937	current_lr: 1.953125e-06
Epoch: 472	TL: 5.646e-05	VL: 5.457e-04	SVL: 0.0005449155973586963	current_lr: 1.953125e-06
Epoch: 473	TL: 5.648e-05	VL: 5.439e-04	SVL: 0.0005444290959434473	current_lr: 1.953125e-06
Epoch: 474	TL: 5.656e-05	VL: 5.431e-04	SVL: 0.0005437601011791212	current_lr: 1.953125e-06
Epoch: 475	TL: 5.652e-05	VL: 5.447e-04	SVL: 0.0005442339977521888	current_lr: 1.953125e-06
Epoch: 476	TL: 5.653e-05	VL: 5.443e-04	SVL: 0.0005442781726965899	current_lr: 1.953125e-06
Epoch: 477	TL: 5.652e-05	VL: 5.427e-04	SVL: 0.0005435004969661233	current_lr: 1.953125e-06
Epoch: 478	TL: 5.654e-05	VL: 5.432e-04	SVL: 0.0005433693448814152	current_lr: 1.953125e-06
Epoch: 479	TL: 5.646e-05	VL: 5.426e-04	SVL: 0.0005429969449893832	current_lr: 1.953125e-06
Epoch: 480	TL: 5.644e-05	VL: 5.420e-04	SVL: 0.0005424737046190202	current_lr: 1.953125e-06
Epoch: 481	TL: 5.651e-05	VL: 5.439e-04	SVL: 0.0005431919251893014	current_lr: 1.953125e-06
Epoch: 482	TL: 5.648e-05	VL: 5.452e-04	SVL: 0.0005441716420160756	current_lr: 1.953125e-06
Epoch: 483	TL: 5.653e-05	VL: 5.441e-04	SVL: 0.0005441559189313166	current_lr: 1.953125e-06
Epoch: 484	TL: 5.638e-05	VL: 5.432e-04	SVL: 0.0005436724629875776	current_lr: 1.953125e-06
Epoch: 485	TL: 5.647e-05	VL: 5.436e-04	SVL: 0.0005436608417270956	current_lr: 1.953125e-06
Epoch: 486	TL: 5.648e-05	VL: 5.456e-04	SVL: 0.000544620975029388	current_lr: 1.953125e-06
Epoch: 487	TL: 5.635e-05	VL: 5.443e-04	SVL: 0.0005444429795801236	current_lr: 1.953125e-06
Epoch: 488	TL: 5.632e-05	VL: 5.448e-04	SVL: 0.0005446095814734496	current_lr: 1.953125e-06
Epoch: 489	TL: 5.648e-05	VL: 5.434e-04	SVL: 0.000544026892901947	current_lr: 1.953125e-06
Epoch: 490	TL: 5.571e-05	VL: 5.436e-04	SVL: 0.000543806859613205	current_lr: 9.765625e-07
Epoch: 491	TL: 5.567e-05	VL: 5.434e-04	SVL: 0.0005435972555283432	current_lr: 9.765625e-07
Epoch: 492	TL: 5.565e-05	VL: 5.425e-04	SVL: 0.0005430732897819938	current_lr: 9.765625e-07
Epoch: 493	TL: 5.577e-05	VL: 5.419e-04	SVL: 0.0005424720491916865	current_lr: 9.765625e-07
Epoch: 494	TL: 5.568e-05	VL: 5.424e-04	SVL: 0.0005424362880960569	current_lr: 9.765625e-07
Epoch: 495	TL: 5.569e-05	VL: 5.435e-04	SVL: 0.0005429657212384276	current_lr: 9.765625e-07
Epoch: 496	TL: 5.571e-05	VL: 5.425e-04	SVL: 0.0005427458550278212	current_lr: 9.765625e-07
Epoch: 497	TL: 5.564e-05	VL: 5.438e-04	SVL: 0.0005432957811029685	current_lr: 9.765625e-07
Epoch: 498	TL: 5.564e-05	VL: 5.425e-04	SVL: 0.0005429163060025341	current_lr: 9.765625e-07
Epoch: 499	TL: 5.564e-05	VL: 5.439e-04	SVL: 0.000543403298727471	current_lr: 9.765625e-07
Epoch: 500	TL: 5.577e-05	VL: 5.419e-04	SVL: 0.0005426633512337001	current_lr: 9.765625e-07
Epoch: 501	TL: 5.566e-05	VL: 5.433e-04	SVL: 0.0005430051195303097	current_lr: 9.765625e-07
Epoch: 502	TL: 5.570e-05	VL: 5.435e-04	SVL: 0.000543244632466609	current_lr: 9.765625e-07
Epoch: 503	TL: 5.562e-05	VL: 5.432e-04	SVL: 0.0005432343077580008	current_lr: 9.765625e-07
Epoch: 504	TL: 5.575e-05	VL: 5.425e-04	SVL: 0.0005428844368417995	current_lr: 9.765625e-07
Epoch: 505	TL: 5.561e-05	VL: 5.430e-04	SVL: 0.0005429418641308912	current_lr: 9.765625e-07
Epoch: 506	TL: 5.566e-05	VL: 5.434e-04	SVL: 0.0005431932398666922	current_lr: 9.765625e-07
Epoch: 507	TL: 5.566e-05	VL: 5.440e-04	SVL: 0.000543609440773228	current_lr: 9.765625e-07
Epoch: 508	TL: 5.559e-05	VL: 5.436e-04	SVL: 0.0005436016383019583	current_lr: 9.765625e-07
Epoch: 509	TL: 5.560e-05	VL: 5.429e-04	SVL: 0.0005432290018721172	current_lr: 9.765625e-07
Epoch: 510	TL: 5.561e-05	VL: 5.466e-04	SVL: 0.0005449312657676015	current_lr: 9.765625e-07
Epoch: 511	TL: 5.528e-05	VL: 5.432e-04	SVL: 0.0005440856561343806	current_lr: 4.8828125e-07
Epoch: 512	TL: 5.518e-05	VL: 5.433e-04	SVL: 0.0005437017612298794	current_lr: 4.8828125e-07
Epoch: 513	TL: 5.520e-05	VL: 5.431e-04	SVL: 0.0005434090580861006	current_lr: 4.8828125e-07
Epoch: 514	TL: 5.525e-05	VL: 5.428e-04	SVL: 0.0005430842144449669	current_lr: 4.8828125e-07
Epoch: 515	TL: 5.526e-05	VL: 5.441e-04	SVL: 0.0005435946098546246	current_lr: 4.8828125e-07
Epoch: 516	TL: 5.533e-05	VL: 5.424e-04	SVL: 0.0005429944570650687	current_lr: 4.8828125e-07
Epoch: 517	TL: 5.522e-05	VL: 5.428e-04	SVL: 0.0005428895262772854	current_lr: 4.8828125e-07
Epoch: 518	TL: 5.523e-05	VL: 5.422e-04	SVL: 0.0005425551905182508	current_lr: 4.8828125e-07
Epoch: 519	TL: 5.519e-05	VL: 5.423e-04	SVL: 0.000542438853479798	current_lr: 4.8828125e-07
Epoch: 520	TL: 5.519e-05	VL: 5.430e-04	SVL: 0.0005427224579937137	current_lr: 4.8828125e-07
Epoch: 521	TL: 5.522e-05	VL: 5.438e-04	SVL: 0.0005432749243322451	current_lr: 4.8828125e-07
Epoch: 522	TL: 5.516e-05	VL: 5.422e-04	SVL: 0.0005427384392293017	current_lr: 4.8828125e-07
Epoch: 523	TL: 5.518e-05	VL: 5.434e-04	SVL: 0.0005430838354364893	current_lr: 4.8828125e-07
Epoch: 524	TL: 5.525e-05	VL: 5.427e-04	SVL: 0.0005429056678183804	current_lr: 4.8828125e-07
Epoch: 525	TL: 5.518e-05	VL: 5.429e-04	SVL: 0.0005429017828885679	current_lr: 4.8828125e-07
Epoch: 526	TL: 5.524e-05	VL: 5.427e-04	SVL: 0.0005427783154936614	current_lr: 4.8828125e-07
Epoch: 527	TL: 5.525e-05	VL: 5.436e-04	SVL: 0.0005431693029151352	current_lr: 4.8828125e-07
Epoch: 528	TL: 5.521e-05	VL: 5.428e-04	SVL: 0.0005429675227277473	current_lr: 4.8828125e-07
Epoch: 529	TL: 5.520e-05	VL: 5.426e-04	SVL: 0.0005428060474928715	current_lr: 4.8828125e-07
Epoch: 530	TL: 5.521e-05	VL: 5.431e-04	SVL: 0.0005429535241393495	current_lr: 4.8828125e-07
Epoch: 531	TL: 5.516e-05	VL: 5.430e-04	SVL: 0.0005429878995551789	current_lr: 4.8828125e-07
Epoch: 532	TL: 5.495e-05	VL: 5.436e-04	SVL: 0.0005433035992450577	current_lr: 2.44140625e-07
Epoch: 533	TL: 5.498e-05	VL: 5.426e-04	SVL: 0.0005429526757631234	current_lr: 2.44140625e-07
Epoch: 534	TL: 5.498e-05	VL: 5.423e-04	SVL: 0.0005426287507729496	current_lr: 2.44140625e-07
Epoch: 535	TL: 5.501e-05	VL: 5.431e-04	SVL: 0.0005428473400928957	current_lr: 2.44140625e-07
Epoch: 536	TL: 5.500e-05	VL: 5.428e-04	SVL: 0.0005428306782175295	current_lr: 2.44140625e-07
Epoch: 537	TL: 5.496e-05	VL: 5.427e-04	SVL: 0.000542746056314766	current_lr: 2.44140625e-07
Epoch: 538	TL: 5.496e-05	VL: 5.428e-04	SVL: 0.0005427483624202309	current_lr: 2.44140625e-07
Epoch: 539	TL: 5.498e-05	VL: 5.427e-04	SVL: 0.0005427240315070897	current_lr: 2.44140625e-07
Epoch: 540	TL: 5.499e-05	VL: 5.429e-04	SVL: 0.0005427970619495287	current_lr: 2.44140625e-07
Epoch: 541	TL: 5.502e-05	VL: 5.426e-04	SVL: 0.0005426923529056496	current_lr: 2.44140625e-07
Epoch: 542	TL: 5.499e-05	VL: 5.433e-04	SVL: 0.000543005732484052	current_lr: 2.44140625e-07
Epoch: 543	TL: 5.497e-05	VL: 5.431e-04	SVL: 0.0005430498618818271	current_lr: 2.44140625e-07
Epoch: 544	TL: 5.497e-05	VL: 5.429e-04	SVL: 0.0005429553637373918	current_lr: 2.44140625e-07
Epoch: 545	TL: 5.498e-05	VL: 5.428e-04	SVL: 0.0005428861920768258	current_lr: 2.44140625e-07
Epoch: 546	TL: 5.498e-05	VL: 5.431e-04	SVL: 0.0005429696830478428	current_lr: 2.44140625e-07
Epoch: 547	TL: 5.498e-05	VL: 5.430e-04	SVL: 0.0005430093542917132	current_lr: 2.44140625e-07
Epoch: 548	TL: 5.498e-05	VL: 5.423e-04	SVL: 0.0005426384457043589	current_lr: 2.44140625e-07
Epoch: 549	TL: 5.499e-05	VL: 5.430e-04	SVL: 0.0005428009871687382	current_lr: 2.44140625e-07
Epoch: 550	TL: 5.497e-05	VL: 5.424e-04	SVL: 0.0005426053466422304	current_lr: 2.44140625e-07
Epoch: 551	TL: 5.505e-05	VL: 5.431e-04	SVL: 0.0005428347111753099	current_lr: 2.44140625e-07
Epoch: 552	TL: 5.498e-05	VL: 5.434e-04	SVL: 0.0005431067228819665	current_lr: 2.44140625e-07
Epoch: 553	TL: 5.488e-05	VL: 5.429e-04	SVL: 0.0005430269360793499	current_lr: 1.220703125e-07
Epoch: 554	TL: 5.487e-05	VL: 5.424e-04	SVL: 0.0005427157968408301	current_lr: 1.220703125e-07
Epoch: 555	TL: 5.482e-05	VL: 5.428e-04	SVL: 0.000542746488756261	current_lr: 1.220703125e-07
Epoch: 556	TL: 5.487e-05	VL: 5.430e-04	SVL: 0.0005428570620747018	current_lr: 1.220703125e-07
Epoch: 557	TL: 5.485e-05	VL: 5.431e-04	SVL: 0.0005429652746782506	current_lr: 1.220703125e-07
Epoch: 558	TL: 5.486e-05	VL: 5.434e-04	SVL: 0.0005431994138293368	current_lr: 1.220703125e-07
Epoch: 559	TL: 5.484e-05	VL: 5.429e-04	SVL: 0.0005430362462070039	current_lr: 1.220703125e-07
Epoch: 560	TL: 5.490e-05	VL: 5.429e-04	SVL: 0.0005429643153680589	current_lr: 1.220703125e-07
Epoch: 561	TL: 5.486e-05	VL: 5.433e-04	SVL: 0.0005431456476218117	current_lr: 1.220703125e-07
Epoch: 562	TL: 5.490e-05	VL: 5.437e-04	SVL: 0.000543438477802605	current_lr: 1.220703125e-07
Epoch: 563	TL: 5.486e-05	VL: 5.430e-04	SVL: 0.0005432288862706872	current_lr: 1.220703125e-07
Epoch: 564	TL: 5.488e-05	VL: 5.425e-04	SVL: 0.000542880307507597	current_lr: 1.220703125e-07
Epoch: 565	TL: 5.487e-05	VL: 5.426e-04	SVL: 0.0005427491003632955	current_lr: 1.220703125e-07
Epoch: 566	TL: 5.490e-05	VL: 5.426e-04	SVL: 0.000542670991736671	current_lr: 1.220703125e-07
Epoch: 567	TL: 5.487e-05	VL: 5.436e-04	SVL: 0.0005431416882664068	current_lr: 1.220703125e-07
Epoch: 568	TL: 5.489e-05	VL: 5.431e-04	SVL: 0.0005431326694086246	current_lr: 1.220703125e-07
Epoch: 569	TL: 5.485e-05	VL: 5.430e-04	SVL: 0.0005430647406376925	current_lr: 1.220703125e-07
Epoch: 570	TL: 5.485e-05	VL: 5.427e-04	SVL: 0.0005428660915989442	current_lr: 1.220703125e-07
Epoch: 571	TL: 5.487e-05	VL: 5.430e-04	SVL: 0.0005429274850437425	current_lr: 1.220703125e-07
Epoch: 572	TL: 5.483e-05	VL: 5.428e-04	SVL: 0.0005428839590822349	current_lr: 1.220703125e-07
Epoch: 573	TL: 5.483e-05	VL: 5.424e-04	SVL: 0.000542642779483134	current_lr: 1.220703125e-07
Epoch: 574	TL: 5.483e-05	VL: 5.427e-04	SVL: 0.0005426708347269567	current_lr: 6.103515625e-08
Epoch: 575	TL: 5.481e-05	VL: 5.428e-04	SVL: 0.0005427587601874606	current_lr: 6.103515625e-08
Epoch: 576	TL: 5.480e-05	VL: 5.429e-04	SVL: 0.0005428163127767213	current_lr: 6.103515625e-08
Epoch: 577	TL: 5.481e-05	VL: 5.428e-04	SVL: 0.0005427858420544449	current_lr: 6.103515625e-08
Epoch: 578	TL: 5.482e-05	VL: 5.427e-04	SVL: 0.0005427465591993721	current_lr: 6.103515625e-08
Epoch: 579	TL: 5.481e-05	VL: 5.427e-04	SVL: 0.0005427007662339406	current_lr: 6.103515625e-08
Epoch: 580	TL: 5.479e-05	VL: 5.429e-04	SVL: 0.0005427855753443339	current_lr: 6.103515625e-08
Epoch: 581	TL: 5.481e-05	VL: 5.426e-04	SVL: 0.0005426938217650701	current_lr: 6.103515625e-08
Epoch: 582	TL: 5.480e-05	VL: 5.431e-04	SVL: 0.0005428901275878572	current_lr: 6.103515625e-08
Epoch: 583	TL: 5.479e-05	VL: 5.430e-04	SVL: 0.0005429577062967133	current_lr: 6.103515625e-08
Epoch: 584	TL: 5.478e-05	VL: 5.430e-04	SVL: 0.0005429609899939454	current_lr: 6.103515625e-08
Epoch: 585	TL: 5.479e-05	VL: 5.429e-04	SVL: 0.0005429510089368302	current_lr: 6.103515625e-08
Epoch: 586	TL: 5.483e-05	VL: 5.425e-04	SVL: 0.0005427271859154442	current_lr: 6.103515625e-08
Epoch: 587	TL: 5.479e-05	VL: 5.425e-04	SVL: 0.0005425925858967175	current_lr: 6.103515625e-08
Epoch: 588	TL: 5.480e-05	VL: 5.428e-04	SVL: 0.0005426986191745932	current_lr: 6.103515625e-08
Epoch: 589	TL: 5.480e-05	VL: 5.427e-04	SVL: 0.0005427033083675472	current_lr: 6.103515625e-08
Epoch: 590	TL: 5.480e-05	VL: 5.431e-04	SVL: 0.0005428999730466887	current_lr: 6.103515625e-08
Epoch: 591	TL: 5.482e-05	VL: 5.429e-04	SVL: 0.0005428795282303833	current_lr: 6.103515625e-08
Epoch: 592	TL: 5.482e-05	VL: 5.427e-04	SVL: 0.0005427881123751175	current_lr: 6.103515625e-08
Epoch: 593	TL: 5.478e-05	VL: 5.430e-04	SVL: 0.0005428944082125908	current_lr: 6.103515625e-08
Epoch: 594	TL: 5.482e-05	VL: 5.429e-04	SVL: 0.0005429082885913494	current_lr: 6.103515625e-08
Epoch: 595	TL: 5.478e-05	VL: 5.428e-04	SVL: 0.0005428772367801489	current_lr: 3.0517578125e-08
Epoch: 596	TL: 5.476e-05	VL: 5.428e-04	SVL: 0.0005428365457935244	current_lr: 3.0517578125e-08
Epoch: 597	TL: 5.478e-05	VL: 5.428e-04	SVL: 0.0005428169632396653	current_lr: 3.0517578125e-08
Epoch: 598	TL: 5.476e-05	VL: 5.428e-04	SVL: 0.0005428189617614724	current_lr: 3.0517578125e-08
Epoch: 599	TL: 5.477e-05	VL: 5.428e-04	SVL: 0.0005427961310853946	current_lr: 3.0517578125e-08
Epoch: 600	TL: 5.475e-05	VL: 5.428e-04	SVL: 0.00054279447898817	current_lr: 3.0517578125e-08
Epoch: 601	TL: 5.476e-05	VL: 5.429e-04	SVL: 0.0005428328608748909	current_lr: 3.0517578125e-08
Epoch: 602	TL: 5.475e-05	VL: 5.428e-04	SVL: 0.000542793794238448	current_lr: 3.0517578125e-08
Epoch: 603	TL: 5.475e-05	VL: 5.430e-04	SVL: 0.000542895401400268	current_lr: 3.0517578125e-08
Epoch: 604	TL: 5.474e-05	VL: 5.428e-04	SVL: 0.0005428336237281263	current_lr: 3.0517578125e-08
Epoch: 605	TL: 5.477e-05	VL: 5.429e-04	SVL: 0.0005428582625791282	current_lr: 3.0517578125e-08
Epoch: 606	TL: 5.473e-05	VL: 5.428e-04	SVL: 0.0005428270467720852	current_lr: 3.0517578125e-08
Epoch: 607	TL: 5.479e-05	VL: 5.426e-04	SVL: 0.000542703077624362	current_lr: 3.0517578125e-08
Epoch: 608	TL: 5.480e-05	VL: 5.429e-04	SVL: 0.000542787935053369	current_lr: 3.0517578125e-08
Epoch: 609	TL: 5.479e-05	VL: 5.428e-04	SVL: 0.0005427759924109084	current_lr: 3.0517578125e-08
Epoch: 610	TL: 5.478e-05	VL: 5.428e-04	SVL: 0.0005428016592351249	current_lr: 3.0517578125e-08
Epoch: 611	TL: 5.477e-05	VL: 5.422e-04	SVL: 0.0005424761737032558	current_lr: 3.0517578125e-08
Epoch: 612	TL: 5.479e-05	VL: 5.427e-04	SVL: 0.0005426109326205564	current_lr: 3.0517578125e-08
Epoch: 613	TL: 5.474e-05	VL: 5.426e-04	SVL: 0.0005426135814349806	current_lr: 3.0517578125e-08
Epoch: 614	TL: 5.482e-05	VL: 5.427e-04	SVL: 0.0005426423358997184	current_lr: 3.0517578125e-08
Epoch: 615	TL: 5.476e-05	VL: 5.426e-04	SVL: 0.000542634230260078	current_lr: 3.0517578125e-08
Epoch: 616	TL: 5.477e-05	VL: 5.428e-04	SVL: 0.0005427050170322378	current_lr: 1.52587890625e-08
Epoch: 617	TL: 5.474e-05	VL: 5.430e-04	SVL: 0.0005428528009365062	current_lr: 1.52587890625e-08
Epoch: 618	TL: 5.472e-05	VL: 5.429e-04	SVL: 0.0005428682922576894	current_lr: 1.52587890625e-08
Epoch: 619	TL: 5.475e-05	VL: 5.427e-04	SVL: 0.0005427934378015513	current_lr: 1.52587890625e-08
Epoch: 620	TL: 5.475e-05	VL: 5.426e-04	SVL: 0.0005426933064871785	current_lr: 1.52587890625e-08
Epoch: 621	TL: 5.473e-05	VL: 5.428e-04	SVL: 0.000542724219700384	current_lr: 1.52587890625e-08
Epoch: 622	TL: 5.476e-05	VL: 5.428e-04	SVL: 0.0005427734244568586	current_lr: 1.52587890625e-08
Epoch: 623	TL: 5.477e-05	VL: 5.428e-04	SVL: 0.0005427948201052069	current_lr: 1.52587890625e-08
Epoch: 624	TL: 5.474e-05	VL: 5.429e-04	SVL: 0.0005428274882014453	current_lr: 1.52587890625e-08
Epoch: 625	TL: 5.473e-05	VL: 5.430e-04	SVL: 0.0005429124510375589	current_lr: 1.52587890625e-08
Epoch: 626	TL: 5.473e-05	VL: 5.428e-04	SVL: 0.0005428560006662175	current_lr: 1.52587890625e-08
Epoch: 627	TL: 5.473e-05	VL: 5.428e-04	SVL: 0.0005428224706671618	current_lr: 1.52587890625e-08
Epoch: 628	TL: 5.478e-05	VL: 5.428e-04	SVL: 0.0005428083401929329	current_lr: 1.52587890625e-08
Epoch: 629	TL: 5.477e-05	VL: 5.429e-04	SVL: 0.0005428536197548603	current_lr: 1.52587890625e-08
Epoch: 630	TL: 5.476e-05	VL: 5.427e-04	SVL: 0.0005427980105581629	current_lr: 1.52587890625e-08
Epoch: 631	TL: 5.477e-05	VL: 5.429e-04	SVL: 0.0005428442826123411	current_lr: 1.52587890625e-08
Epoch: 632	TL: 5.472e-05	VL: 5.428e-04	SVL: 0.00054280216347433	current_lr: 1.52587890625e-08
Epoch: 633	TL: 5.473e-05	VL: 5.427e-04	SVL: 0.0005427612913214011	current_lr: 1.52587890625e-08
Epoch: 634	TL: 5.476e-05	VL: 5.427e-04	SVL: 0.000542734155682864	current_lr: 1.52587890625e-08
Epoch: 635	TL: 5.474e-05	VL: 5.428e-04	SVL: 0.0005427582579990934	current_lr: 1.52587890625e-08
Epoch: 636	TL: 5.474e-05	VL: 5.429e-04	SVL: 0.0005428517887066161	current_lr: 1.52587890625e-08
Epoch: 637	TL: 5.475e-05	VL: 5.430e-04	SVL: 0.0005429244463180679	current_lr: 1.52587890625e-08
Epoch: 638	TL: 5.477e-05	VL: 5.428e-04	SVL: 0.0005428665997850486	current_lr: 1.52587890625e-08
Epoch: 639	TL: 5.473e-05	VL: 5.427e-04	SVL: 0.0005427866311007534	current_lr: 1.52587890625e-08
Epoch: 640	TL: 5.474e-05	VL: 5.426e-04	SVL: 0.0005426773861613768	current_lr: 1.52587890625e-08
Epoch: 641	TL: 5.477e-05	VL: 5.425e-04	SVL: 0.0005425978131873855	current_lr: 1.52587890625e-08
Epoch: 642	TL: 5.473e-05	VL: 5.426e-04	SVL: 0.0005425952080778007	current_lr: 1.52587890625e-08
Epoch: 643	TL: 5.476e-05	VL: 5.426e-04	SVL: 0.000542609664991087	current_lr: 1.52587890625e-08
Epoch: 644	TL: 5.474e-05	VL: 5.430e-04	SVL: 0.0005427989498747321	current_lr: 1.52587890625e-08
Epoch: 645	TL: 5.471e-05	VL: 5.428e-04	SVL: 0.0005428027667588459	current_lr: 1.52587890625e-08
Epoch: 646	TL: 5.475e-05	VL: 5.429e-04	SVL: 0.0005428546954187982	current_lr: 1.52587890625e-08
Epoch: 647	TL: 5.475e-05	VL: 5.427e-04	SVL: 0.000542799585510951	current_lr: 1.52587890625e-08
Epoch: 648	TL: 5.475e-05	VL: 5.429e-04	SVL: 0.0005428710219510703	current_lr: 1.52587890625e-08
Epoch: 649	TL: 5.475e-05	VL: 5.429e-04	SVL: 0.0005428989081208064	current_lr: 1.52587890625e-08
Epoch: 650	TL: 5.475e-05	VL: 5.427e-04	SVL: 0.0005428000672968305	current_lr: 1.52587890625e-08
Epoch: 651	TL: 5.473e-05	VL: 5.429e-04	SVL: 0.0005428540490225989	current_lr: 1.52587890625e-08
Epoch: 652	TL: 5.475e-05	VL: 5.429e-04	SVL: 0.0005428561370648959	current_lr: 1.52587890625e-08
Epoch: 653	TL: 5.471e-05	VL: 5.429e-04	SVL: 0.000542883836283188	current_lr: 1.52587890625e-08
Epoch: 654	TL: 5.473e-05	VL: 5.428e-04	SVL: 0.000542849906809082	current_lr: 1.52587890625e-08
Epoch: 655	TL: 5.475e-05	VL: 5.427e-04	SVL: 0.0005427772117291641	current_lr: 1.52587890625e-08
Epoch: 656	TL: 5.475e-05	VL: 5.426e-04	SVL: 0.0005426927393990135	current_lr: 1.52587890625e-08
Epoch: 657	TL: 5.475e-05	VL: 5.429e-04	SVL: 0.0005427948895254421	current_lr: 1.52587890625e-08
Epoch: 658	TL: 5.477e-05	VL: 5.429e-04	SVL: 0.0005428228141446257	current_lr: 1.52587890625e-08
Epoch: 659	TL: 5.474e-05	VL: 5.429e-04	SVL: 0.0005428707272598815	current_lr: 1.52587890625e-08
Epoch: 660	TL: 5.473e-05	VL: 5.428e-04	SVL: 0.0005428251967226303	current_lr: 1.52587890625e-08
Epoch: 661	TL: 5.474e-05	VL: 5.428e-04	SVL: 0.0005428025387423653	current_lr: 1.52587890625e-08
Epoch: 662	TL: 5.472e-05	VL: 5.428e-04	SVL: 0.0005428212624141285	current_lr: 1.52587890625e-08
Epoch: 663	TL: 5.472e-05	VL: 5.428e-04	SVL: 0.0005428321858917032	current_lr: 1.52587890625e-08
Epoch: 664	TL: 5.473e-05	VL: 5.427e-04	SVL: 0.0005427880088823216	current_lr: 1.52587890625e-08
Epoch: 665	TL: 5.473e-05	VL: 5.430e-04	SVL: 0.0005428695847758242	current_lr: 1.52587890625e-08
Epoch: 666	TL: 5.475e-05	VL: 5.427e-04	SVL: 0.0005427880878333543	current_lr: 1.52587890625e-08
Epoch: 667	TL: 5.475e-05	VL: 5.427e-04	SVL: 0.0005427614418210732	current_lr: 1.52587890625e-08
Epoch: 668	TL: 5.474e-05	VL: 5.427e-04	SVL: 0.0005427486552567356	current_lr: 1.52587890625e-08
Epoch: 669	TL: 5.474e-05	VL: 5.429e-04	SVL: 0.0005428032136843141	current_lr: 1.52587890625e-08
Epoch: 670	TL: 5.474e-05	VL: 5.430e-04	SVL: 0.0005429202574931351	current_lr: 1.52587890625e-08
Epoch: 671	TL: 5.473e-05	VL: 5.429e-04	SVL: 0.0005429331460815056	current_lr: 1.52587890625e-08
Epoch: 672	TL: 5.479e-05	VL: 5.429e-04	SVL: 0.0005429091085603527	current_lr: 1.52587890625e-08
Epoch: 673	TL: 5.476e-05	VL: 5.426e-04	SVL: 0.000542757030805483	current_lr: 1.52587890625e-08
Epoch: 674	TL: 5.475e-05	VL: 5.429e-04	SVL: 0.0005428305042190027	current_lr: 1.52587890625e-08
Epoch: 675	TL: 5.478e-05	VL: 5.429e-04	SVL: 0.0005428677654466367	current_lr: 1.52587890625e-08
Epoch: 676	TL: 5.472e-05	VL: 5.427e-04	SVL: 0.0005427969175677168	current_lr: 1.52587890625e-08
Epoch: 677	TL: 5.473e-05	VL: 5.428e-04	SVL: 0.000542803395693534	current_lr: 1.52587890625e-08
Epoch: 678	TL: 5.475e-05	VL: 5.430e-04	SVL: 0.0005429048751319613	current_lr: 1.52587890625e-08
Epoch: 679	TL: 5.472e-05	VL: 5.429e-04	SVL: 0.0005429194229108675	current_lr: 1.52587890625e-08
Epoch: 680	TL: 5.473e-05	VL: 5.424e-04	SVL: 0.0005426740327111176	current_lr: 1.52587890625e-08
Epoch: 681	TL: 5.475e-05	VL: 5.430e-04	SVL: 0.000542814515959784	current_lr: 1.52587890625e-08
Epoch: 682	TL: 5.475e-05	VL: 5.430e-04	SVL: 0.0005429004693684799	current_lr: 1.52587890625e-08
Epoch: 683	TL: 5.473e-05	VL: 5.427e-04	SVL: 0.0005427804035275092	current_lr: 1.52587890625e-08
Epoch: 684	TL: 5.476e-05	VL: 5.426e-04	SVL: 0.0005426862529083545	current_lr: 1.52587890625e-08
Epoch: 685	TL: 5.478e-05	VL: 5.426e-04	SVL: 0.0005426493938348916	current_lr: 1.52587890625e-08
Epoch: 686	TL: 5.475e-05	VL: 5.427e-04	SVL: 0.0005426528392027928	current_lr: 1.52587890625e-08
Epoch: 687	TL: 5.472e-05	VL: 5.428e-04	SVL: 0.0005427344678735292	current_lr: 1.52587890625e-08
Epoch: 688	TL: 5.475e-05	VL: 5.427e-04	SVL: 0.0005427099316763658	current_lr: 1.52587890625e-08
Epoch: 689	TL: 5.474e-05	VL: 5.428e-04	SVL: 0.0005427317216718088	current_lr: 1.52587890625e-08
Epoch: 690	TL: 5.476e-05	VL: 5.428e-04	SVL: 0.0005427655882996266	current_lr: 1.52587890625e-08
Epoch: 691	TL: 5.472e-05	VL: 5.426e-04	SVL: 0.0005426833394846293	current_lr: 1.52587890625e-08
Epoch: 692	TL: 5.477e-05	VL: 5.427e-04	SVL: 0.000542698612992017	current_lr: 1.52587890625e-08
Epoch: 693	TL: 5.473e-05	VL: 5.430e-04	SVL: 0.0005428655252774797	current_lr: 1.52587890625e-08
Epoch: 694	TL: 5.473e-05	VL: 5.429e-04	SVL: 0.0005428634249131006	current_lr: 1.52587890625e-08
Epoch: 695	TL: 5.473e-05	VL: 5.428e-04	SVL: 0.000542850155778732	current_lr: 1.52587890625e-08
Epoch: 696	TL: 5.473e-05	VL: 5.429e-04	SVL: 0.0005428944235781859	current_lr: 1.52587890625e-08
Epoch: 697	TL: 5.475e-05	VL: 5.427e-04	SVL: 0.0005428145858516311	current_lr: 1.52587890625e-08
Epoch: 698	TL: 5.476e-05	VL: 5.427e-04	SVL: 0.0005427616016502189	current_lr: 1.52587890625e-08
Epoch: 699	TL: 5.476e-05	VL: 5.428e-04	SVL: 0.000542761621695509	current_lr: 1.52587890625e-08
Epoch: 700	TL: 5.476e-05	VL: 5.425e-04	SVL: 0.0005426415760426473	current_lr: 1.52587890625e-08
Epoch: 701	TL: 5.475e-05	VL: 5.427e-04	SVL: 0.0005426706502392268	current_lr: 1.52587890625e-08
Epoch: 702	TL: 5.476e-05	VL: 5.428e-04	SVL: 0.0005427446012474286	current_lr: 1.52587890625e-08
Epoch: 703	TL: 5.473e-05	VL: 5.427e-04	SVL: 0.000542714044688999	current_lr: 1.52587890625e-08
Epoch: 704	TL: 5.473e-05	VL: 5.429e-04	SVL: 0.0005428156749600467	current_lr: 1.52587890625e-08
Epoch: 705	TL: 5.474e-05	VL: 5.429e-04	SVL: 0.0005428507663902788	current_lr: 1.52587890625e-08
Epoch: 706	TL: 5.473e-05	VL: 5.427e-04	SVL: 0.0005427908618299737	current_lr: 1.52587890625e-08
Epoch: 707	TL: 5.472e-05	VL: 5.430e-04	SVL: 0.000542919124118913	current_lr: 1.52587890625e-08
Epoch: 708	TL: 5.476e-05	VL: 5.426e-04	SVL: 0.0005427687381468359	current_lr: 1.52587890625e-08
Epoch: 709	TL: 5.477e-05	VL: 5.428e-04	SVL: 0.0005427845614533694	current_lr: 1.52587890625e-08
Epoch: 710	TL: 5.474e-05	VL: 5.427e-04	SVL: 0.000542731759815468	current_lr: 1.52587890625e-08
Epoch: 711	TL: 5.478e-05	VL: 5.430e-04	SVL: 0.0005428526301528283	current_lr: 1.52587890625e-08
Epoch: 712	TL: 5.473e-05	VL: 5.428e-04	SVL: 0.0005428480962587033	current_lr: 1.52587890625e-08
Epoch: 713	TL: 5.476e-05	VL: 5.428e-04	SVL: 0.0005428298671877699	current_lr: 1.52587890625e-08
Epoch: 714	TL: 5.474e-05	VL: 5.428e-04	SVL: 0.000542803050072805	current_lr: 1.52587890625e-08
Epoch: 715	TL: 5.475e-05	VL: 5.428e-04	SVL: 0.0005427951251426418	current_lr: 1.52587890625e-08
Epoch: 716	TL: 5.474e-05	VL: 5.432e-04	SVL: 0.0005429813968618254	current_lr: 1.52587890625e-08
Epoch: 717	TL: 5.476e-05	VL: 5.428e-04	SVL: 0.0005429004394749572	current_lr: 1.52587890625e-08
Epoch: 718	TL: 5.473e-05	VL: 5.429e-04	SVL: 0.0005428764951099838	current_lr: 1.52587890625e-08
Epoch: 719	TL: 5.477e-05	VL: 5.429e-04	SVL: 0.0005428920364315254	current_lr: 1.52587890625e-08
Epoch: 720	TL: 5.473e-05	VL: 5.428e-04	SVL: 0.0005428313571182362	current_lr: 1.52587890625e-08
Epoch: 721	TL: 5.474e-05	VL: 5.426e-04	SVL: 0.0005427278706415232	current_lr: 1.52587890625e-08
Epoch: 722	TL: 5.473e-05	VL: 5.427e-04	SVL: 0.0005427090410880116	current_lr: 1.52587890625e-08
Epoch: 723	TL: 5.474e-05	VL: 5.427e-04	SVL: 0.0005426895054425731	current_lr: 1.52587890625e-08
Epoch: 724	TL: 5.476e-05	VL: 5.429e-04	SVL: 0.0005427969680351979	current_lr: 1.52587890625e-08
Epoch: 725	TL: 5.475e-05	VL: 5.431e-04	SVL: 0.0005429299496672038	current_lr: 1.52587890625e-08
Epoch: 726	TL: 5.475e-05	VL: 5.430e-04	SVL: 0.00054295681531536	current_lr: 1.52587890625e-08
Epoch: 727	TL: 5.472e-05	VL: 5.431e-04	SVL: 0.0005430053791170687	current_lr: 1.52587890625e-08
Epoch: 728	TL: 5.475e-05	VL: 5.427e-04	SVL: 0.0005428704331698702	current_lr: 1.52587890625e-08
Epoch: 729	TL: 5.475e-05	VL: 5.429e-04	SVL: 0.0005428896253497743	current_lr: 1.52587890625e-08
Epoch: 730	TL: 5.474e-05	VL: 5.430e-04	SVL: 0.0005429247203067613	current_lr: 1.52587890625e-08
Epoch: 731	TL: 5.473e-05	VL: 5.429e-04	SVL: 0.0005429012836315071	current_lr: 1.52587890625e-08
Epoch: 732	TL: 5.475e-05	VL: 5.432e-04	SVL: 0.0005430519521881062	current_lr: 1.52587890625e-08
Epoch: 733	TL: 5.472e-05	VL: 5.427e-04	SVL: 0.0005428550482118586	current_lr: 1.52587890625e-08
Epoch: 734	TL: 5.476e-05	VL: 5.426e-04	SVL: 0.0005427165895861615	current_lr: 1.52587890625e-08
Epoch: 735	TL: 5.475e-05	VL: 5.425e-04	SVL: 0.0005426073536357397	current_lr: 1.52587890625e-08
Epoch: 736	TL: 5.477e-05	VL: 5.426e-04	SVL: 0.0005426114939193485	current_lr: 1.52587890625e-08
Epoch: 737	TL: 5.474e-05	VL: 5.426e-04	SVL: 0.0005426243018379091	current_lr: 1.52587890625e-08
Epoch: 738	TL: 5.475e-05	VL: 5.429e-04	SVL: 0.000542748165690416	current_lr: 1.52587890625e-08
Epoch: 739	TL: 5.476e-05	VL: 5.427e-04	SVL: 0.0005427434715447395	current_lr: 1.52587890625e-08
Epoch: 740	TL: 5.472e-05	VL: 5.428e-04	SVL: 0.0005427786634771808	current_lr: 1.52587890625e-08
Epoch: 741	TL: 5.477e-05	VL: 5.428e-04	SVL: 0.000542811157624363	current_lr: 1.52587890625e-08
Epoch: 742	TL: 5.475e-05	VL: 5.431e-04	SVL: 0.000542950646241724	current_lr: 1.52587890625e-08
Epoch: 743	TL: 5.472e-05	VL: 5.427e-04	SVL: 0.0005428461184900103	current_lr: 1.52587890625e-08
Epoch: 744	TL: 5.474e-05	VL: 5.425e-04	SVL: 0.0005426680053671746	current_lr: 1.52587890625e-08
Epoch: 745	TL: 5.473e-05	VL: 5.429e-04	SVL: 0.0005427615535954907	current_lr: 1.52587890625e-08
Epoch: 746	TL: 5.474e-05	VL: 5.429e-04	SVL: 0.0005428449845661856	current_lr: 1.52587890625e-08
Epoch: 747	TL: 5.479e-05	VL: 5.427e-04	SVL: 0.000542749451416241	current_lr: 1.52587890625e-08
Epoch: 748	TL: 5.477e-05	VL: 5.427e-04	SVL: 0.0005427200788346464	current_lr: 1.52587890625e-08
Epoch: 749	TL: 5.472e-05	VL: 5.429e-04	SVL: 0.000542785647217807	current_lr: 1.52587890625e-08
Epoch: 750	TL: 5.473e-05	VL: 5.426e-04	SVL: 0.0005426760716758057	current_lr: 1.52587890625e-08
SWA: scheduler initialized at 751-th epochs.
Epoch: 751	TL: 5.475e-05	VL: 5.427e-04	SVL: 0.0005426863960187576	current_lr: 1.52587890625e-08
Epoch: 752	TL: 5.694e-05	VL: 5.430e-04	SVL: 0.0005428518589218926	current_lr: 3.0738531114684865e-06
Epoch: 753	TL: 6.295e-05	VL: 5.517e-04	SVL: 0.0005472965894083416	current_lr: 1.1950239555929607e-05
Epoch: 754	TL: 7.143e-05	VL: 5.605e-04	SVL: 0.0005538777678181845	current_lr: 2.5775535571841067e-05
Epoch: 755	TL: 8.369e-05	VL: 5.741e-04	SVL: 0.0005639972611750225	current_lr: 4.319642485866398e-05
Epoch: 756	TL: 9.927e-05	VL: 5.559e-04	SVL: 0.000559959956232958	current_lr: 6.250762939453123e-05
Epoch: 757	TL: 1.118e-04	VL: 5.768e-04	SVL: 0.0005683796893677378	current_lr: 8.181883393039851e-05
Epoch: 758	TL: 1.284e-04	VL: 6.325e-04	SVL: 0.0006004600679437948	current_lr: 9.923972321722141e-05
Epoch: 759	TL: 1.423e-04	VL: 6.185e-04	SVL: 0.0006094917523642696	current_lr: 0.0001130650192331329
Epoch: 760	TL: 1.513e-04	VL: 7.156e-04	SVL: 0.0006625414484630187	current_lr: 0.00012194140567759402
Epoch: 761	TL: 1.553e-04	VL: 5.941e-04	SVL: 0.0006283156838958542	current_lr: 0.000125
Epoch: 762	TL: 1.538e-04	VL: 6.079e-04	SVL: 0.000618124700930967	current_lr: 0.000125
Epoch: 763	TL: 1.408e-04	VL: 7.020e-04	SVL: 0.0006600386864678334	current_lr: 0.000125
Epoch: 764	TL: 1.572e-04	VL: 6.254e-04	SVL: 0.0006427308443554377	current_lr: 0.000125
Epoch: 765	TL: 1.502e-04	VL: 6.240e-04	SVL: 0.0006333679290298688	current_lr: 0.000125
Epoch: 766	TL: 1.380e-04	VL: 5.970e-04	SVL: 0.0006152016208412284	current_lr: 0.000125
Epoch: 767	TL: 1.603e-04	VL: 6.081e-04	SVL: 0.0006116632007480678	current_lr: 0.000125
Epoch: 768	TL: 1.489e-04	VL: 6.222e-04	SVL: 0.0006169406574428587	current_lr: 0.000125
Epoch: 769	TL: 1.412e-04	VL: 6.520e-04	SVL: 0.0006344885191053404	current_lr: 0.000125
Epoch: 770	TL: 1.391e-04	VL: 5.877e-04	SVL: 0.0006111058871314056	current_lr: 0.000125
Epoch: 771	TL: 1.507e-04	VL: 6.302e-04	SVL: 0.0006206618895314697	current_lr: 0.000125
Epoch: 772	TL: 1.474e-04	VL: 5.870e-04	SVL: 0.00060382191490047	current_lr: 0.000125
Epoch: 773	TL: 1.512e-04	VL: 5.869e-04	SVL: 0.0005953672019189239	current_lr: 0.000125
Epoch: 774	TL: 1.415e-04	VL: 6.550e-04	SVL: 0.0006251887603375137	current_lr: 0.000125
Epoch: 775	TL: 1.528e-04	VL: 6.289e-04	SVL: 0.0006270496986196846	current_lr: 0.000125
Epoch: 776	TL: 1.416e-04	VL: 6.180e-04	SVL: 0.0006225021343373463	current_lr: 0.000125
Epoch: 777	TL: 1.457e-04	VL: 6.517e-04	SVL: 0.0006371116509508693	current_lr: 0.000125
Epoch: 778	TL: 1.426e-04	VL: 5.928e-04	SVL: 0.0006149795616900724	current_lr: 0.000125
Epoch: 779	TL: 1.472e-04	VL: 5.935e-04	SVL: 0.0006042474192994734	current_lr: 0.000125
Epoch: 780	TL: 1.455e-04	VL: 5.925e-04	SVL: 0.0005983507862994025	current_lr: 0.000125
Epoch: 781	TL: 1.404e-04	VL: 7.178e-04	SVL: 0.0006580724950288211	current_lr: 0.000125
Epoch: 782	TL: 1.509e-04	VL: 6.224e-04	SVL: 0.0006402554986702639	current_lr: 0.000125
Epoch: 783	TL: 1.455e-04	VL: 5.957e-04	SVL: 0.0006179952411764482	current_lr: 0.000125
Epoch: 784	TL: 1.397e-04	VL: 6.657e-04	SVL: 0.0006418571486529518	current_lr: 0.000125
Epoch: 785	TL: 1.437e-04	VL: 6.227e-04	SVL: 0.0006322730071572865	current_lr: 0.000125
Epoch: 786	TL: 1.487e-04	VL: 6.053e-04	SVL: 0.0006187738660588069	current_lr: 0.000125
Epoch: 787	TL: 1.443e-04	VL: 6.292e-04	SVL: 0.0006239779712564847	current_lr: 0.000125
Epoch: 788	TL: 1.451e-04	VL: 6.561e-04	SVL: 0.0006400243283215712	current_lr: 0.000125
Epoch: 789	TL: 1.442e-04	VL: 5.865e-04	SVL: 0.0006132470399590111	current_lr: 0.000125
Epoch: 790	TL: 1.424e-04	VL: 5.850e-04	SVL: 0.0005990986839161205	current_lr: 0.000125
Epoch: 791	TL: 1.347e-04	VL: 5.829e-04	SVL: 0.0005909787811451101	current_lr: 0.000125
Epoch: 792	TL: 1.470e-04	VL: 6.284e-04	SVL: 0.0006096688497867655	current_lr: 0.000125
Epoch: 793	TL: 1.430e-04	VL: 6.402e-04	SVL: 0.0006249570960207021	current_lr: 0.000125
Epoch: 794	TL: 1.464e-04	VL: 5.981e-04	SVL: 0.0006115267095170039	current_lr: 0.000125
Epoch: 795	TL: 1.390e-04	VL: 5.846e-04	SVL: 0.0005980431704323301	current_lr: 0.000125
Epoch: 796	TL: 1.358e-04	VL: 6.199e-04	SVL: 0.0006089686586757902	current_lr: 0.000125
Epoch: 797	TL: 1.429e-04	VL: 6.411e-04	SVL: 0.0006250128008077742	current_lr: 0.000125
Epoch: 798	TL: 1.442e-04	VL: 6.863e-04	SVL: 0.0006556392807339729	current_lr: 0.000125
Epoch: 799	TL: 1.510e-04	VL: 6.314e-04	SVL: 0.0006435141036200077	current_lr: 0.000125
Epoch: 800	TL: 1.334e-04	VL: 5.936e-04	SVL: 0.0006185645078265443	current_lr: 0.000125
Epoch: 801	TL: 1.461e-04	VL: 6.105e-04	SVL: 0.0006145084279101974	current_lr: 0.000125
Epoch: 802	TL: 1.389e-04	VL: 5.946e-04	SVL: 0.0006045689531823937	current_lr: 0.000125
Epoch: 803	TL: 1.430e-04	VL: 5.717e-04	SVL: 0.0005881277774105938	current_lr: 0.000125
Epoch: 804	TL: 1.353e-04	VL: 5.829e-04	SVL: 0.0005854941504364448	current_lr: 0.000125
Epoch: 805	TL: 1.444e-04	VL: 6.021e-04	SVL: 0.0005938016154947497	current_lr: 0.000125
Epoch: 806	TL: 1.399e-04	VL: 6.076e-04	SVL: 0.0006006773580403437	current_lr: 0.000125
Epoch: 807	TL: 1.404e-04	VL: 6.296e-04	SVL: 0.0006151479566738659	current_lr: 0.000125
Epoch: 808	TL: 1.321e-04	VL: 6.121e-04	SVL: 0.0006136251044594076	current_lr: 0.000125
Epoch: 809	TL: 1.512e-04	VL: 5.811e-04	SVL: 0.0005973742669981135	current_lr: 0.000125
Epoch: 810	TL: 1.411e-04	VL: 7.920e-04	SVL: 0.0006947112414321012	current_lr: 0.000125
Epoch: 811	TL: 1.394e-04	VL: 6.033e-04	SVL: 0.0006490147994498763	current_lr: 0.000125
Epoch: 812	TL: 1.426e-04	VL: 7.002e-04	SVL: 0.0006746246659030692	current_lr: 0.000125
Epoch: 813	TL: 1.268e-04	VL: 6.076e-04	SVL: 0.0006411152076358684	current_lr: 0.000125
Epoch: 814	TL: 1.444e-04	VL: 5.860e-04	SVL: 0.0006135788774309103	current_lr: 0.000125
Epoch: 815	TL: 1.364e-04	VL: 6.160e-04	SVL: 0.000614808444967744	current_lr: 0.000125
Epoch: 816	TL: 1.416e-04	VL: 6.058e-04	SVL: 0.0006103109621956335	current_lr: 0.000125
Epoch: 817	TL: 1.352e-04	VL: 6.261e-04	SVL: 0.0006181911987043613	current_lr: 0.000125
Epoch: 818	TL: 1.379e-04	VL: 7.157e-04	SVL: 0.0006669616958487627	current_lr: 0.000125
Epoch: 819	TL: 1.467e-04	VL: 7.590e-04	SVL: 0.0007130046258861123	current_lr: 0.000125
Epoch: 820	TL: 1.360e-04	VL: 6.404e-04	SVL: 0.0006767150615897923	current_lr: 0.000125
Epoch: 821	TL: 1.370e-04	VL: 5.676e-04	SVL: 0.0006221497881038561	current_lr: 0.000125
Epoch: 822	TL: 1.410e-04	VL: 6.037e-04	SVL: 0.0006129326188377329	current_lr: 0.000125
Epoch: 823	TL: 1.257e-04	VL: 5.883e-04	SVL: 0.0006006053280736897	current_lr: 0.000125
Epoch: 824	TL: 1.393e-04	VL: 6.369e-04	SVL: 0.0006187516128970134	current_lr: 0.000125
Epoch: 825	TL: 1.425e-04	VL: 6.474e-04	SVL: 0.0006330838400102133	current_lr: 0.000125
Epoch: 826	TL: 1.333e-04	VL: 6.145e-04	SVL: 0.0006237902739632366	current_lr: 0.000125
Epoch: 827	TL: 1.426e-04	VL: 6.156e-04	SVL: 0.0006197139222914098	current_lr: 0.000125
Epoch: 828	TL: 1.311e-04	VL: 5.809e-04	SVL: 0.0006002853254225909	current_lr: 0.000125
Epoch: 829	TL: 1.390e-04	VL: 8.619e-04	SVL: 0.000731117086596641	current_lr: 0.000125
Epoch: 830	TL: 1.373e-04	VL: 5.831e-04	SVL: 0.0006571055228448675	current_lr: 0.000125
Epoch: 831	TL: 1.403e-04	VL: 9.498e-04	SVL: 0.0008034361747372531	current_lr: 0.000125
Epoch: 832	TL: 1.345e-04	VL: 6.088e-04	SVL: 0.0007060935242706728	current_lr: 0.000125
Epoch: 833	TL: 1.371e-04	VL: 6.341e-04	SVL: 0.0006701033941772675	current_lr: 0.000125
Epoch: 834	TL: 1.289e-04	VL: 7.040e-04	SVL: 0.0006870558198227035	current_lr: 0.000125
Epoch: 835	TL: 1.378e-04	VL: 6.579e-04	SVL: 0.0006724721042282158	current_lr: 0.000125
Epoch: 836	TL: 1.410e-04	VL: 6.263e-04	SVL: 0.0006493629171434429	current_lr: 0.000125
Epoch: 837	TL: 1.329e-04	VL: 5.776e-04	SVL: 0.000613482973674108	current_lr: 0.000125
Epoch: 838	TL: 1.356e-04	VL: 6.375e-04	SVL: 0.0006254893529907711	current_lr: 0.000125
Epoch: 839	TL: 1.333e-04	VL: 6.194e-04	SVL: 0.0006224628591783765	current_lr: 0.000125
Epoch: 840	TL: 1.372e-04	VL: 6.503e-04	SVL: 0.0006363664102677466	current_lr: 0.000125
Epoch: 841	TL: 1.401e-04	VL: 5.950e-04	SVL: 0.000615686774856049	current_lr: 0.000125
Epoch: 842	TL: 1.317e-04	VL: 5.610e-04	SVL: 0.0005883459213406831	current_lr: 0.000125
Epoch: 843	TL: 1.277e-04	VL: 6.018e-04	SVL: 0.0005950598420218125	current_lr: 0.000125
Epoch: 844	TL: 1.361e-04	VL: 6.227e-04	SVL: 0.0006088960767545051	current_lr: 0.000125
Epoch: 845	TL: 1.350e-04	VL: 6.060e-04	SVL: 0.0006074398249764118	current_lr: 0.000125
Epoch: 846	TL: 1.351e-04	VL: 6.810e-04	SVL: 0.0006442402705738382	current_lr: 0.000125
Epoch: 847	TL: 1.381e-04	VL: 5.817e-04	SVL: 0.0006129591040407339	current_lr: 0.000125
Epoch: 848	TL: 1.310e-04	VL: 5.876e-04	SVL: 0.0006002922590869029	current_lr: 0.000125
Epoch: 849	TL: 1.330e-04	VL: 5.772e-04	SVL: 0.0005887680469104329	current_lr: 0.000125
Epoch: 850	TL: 1.262e-04	VL: 5.994e-04	SVL: 0.0005940633743081828	current_lr: 0.000125
Epoch: 851	TL: 1.369e-04	VL: 6.024e-04	SVL: 0.0005982325925963292	current_lr: 0.000125
Epoch: 852	TL: 1.320e-04	VL: 6.153e-04	SVL: 0.0006067723579474871	current_lr: 0.000125
Epoch: 853	TL: 1.325e-04	VL: 5.769e-04	SVL: 0.0005918460670743676	current_lr: 0.000125
Epoch: 854	TL: 1.331e-04	VL: 6.024e-04	SVL: 0.0005971202643530713	current_lr: 0.000125
Epoch: 855	TL: 1.287e-04	VL: 5.845e-04	SVL: 0.000590812279374259	current_lr: 0.000125
Epoch: 856	TL: 1.316e-04	VL: 6.248e-04	SVL: 0.0006078293212209429	current_lr: 0.000125
Epoch: 857	TL: 1.338e-04	VL: 5.985e-04	SVL: 0.0006031678978579385	current_lr: 0.000125
Epoch: 858	TL: 1.306e-04	VL: 5.544e-04	SVL: 0.0005787612261363438	current_lr: 0.000125
Epoch: 859	TL: 1.349e-04	VL: 5.909e-04	SVL: 0.0005848379404340472	current_lr: 0.000125
Epoch: 860	TL: 1.296e-04	VL: 6.065e-04	SVL: 0.0005956612512963159	current_lr: 0.000125
Epoch: 861	TL: 1.297e-04	VL: 5.851e-04	SVL: 0.0005903733574100904	current_lr: 0.000125
Epoch: 862	TL: 1.350e-04	VL: 5.932e-04	SVL: 0.0005917770814274039	current_lr: 0.000125
Epoch: 863	TL: 1.281e-04	VL: 5.858e-04	SVL: 0.0005887681013034923	current_lr: 0.000125
Epoch: 864	TL: 1.400e-04	VL: 5.984e-04	SVL: 0.0005935957941257528	current_lr: 0.000125
Epoch: 865	TL: 1.266e-04	VL: 6.763e-04	SVL: 0.0006349725650173213	current_lr: 0.000125
Epoch: 866	TL: 1.339e-04	VL: 6.319e-04	SVL: 0.0006334493034294141	current_lr: 0.000125
Epoch: 867	TL: 1.345e-04	VL: 5.736e-04	SVL: 0.0006035467591489797	current_lr: 0.000125
Epoch: 868	TL: 1.359e-04	VL: 6.078e-04	SVL: 0.0006056751741272928	current_lr: 0.000125
Epoch: 869	TL: 1.262e-04	VL: 5.856e-04	SVL: 0.0005956431753090382	current_lr: 0.000125
Epoch: 870	TL: 1.312e-04	VL: 6.062e-04	SVL: 0.0006009388390506984	current_lr: 0.000125
Epoch: 871	TL: 1.270e-04	VL: 5.974e-04	SVL: 0.0005991690130693556	current_lr: 0.000125
Epoch: 872	TL: 1.448e-04	VL: 6.215e-04	SVL: 0.0006103538618317664	current_lr: 0.000125
Epoch: 873	TL: 1.268e-04	VL: 6.323e-04	SVL: 0.0006213474207039387	current_lr: 0.000125
Epoch: 874	TL: 1.324e-04	VL: 6.197e-04	SVL: 0.0006205413576421991	current_lr: 0.000125
Epoch: 875	TL: 1.297e-04	VL: 7.341e-04	SVL: 0.0006773081062464841	current_lr: 0.000125
Epoch: 876	TL: 1.296e-04	VL: 6.106e-04	SVL: 0.0006439688681676452	current_lr: 0.000125
Epoch: 877	TL: 1.358e-04	VL: 5.726e-04	SVL: 0.0006082668661631378	current_lr: 0.000125
Epoch: 878	TL: 1.226e-04	VL: 5.905e-04	SVL: 0.0005993676274794952	current_lr: 0.000125
Epoch: 879	TL: 1.263e-04	VL: 5.988e-04	SVL: 0.0005990794971475311	current_lr: 0.000125
Epoch: 880	TL: 1.282e-04	VL: 5.891e-04	SVL: 0.0005940798558239791	current_lr: 0.000125
Epoch: 881	TL: 1.310e-04	VL: 5.842e-04	SVL: 0.0005891427177908348	current_lr: 0.000125
Epoch: 882	TL: 1.243e-04	VL: 6.282e-04	SVL: 0.0006086533972979747	current_lr: 0.000125
Epoch: 883	TL: 1.286e-04	VL: 5.883e-04	SVL: 0.0005984747384667974	current_lr: 0.000125
Epoch: 884	TL: 1.277e-04	VL: 5.793e-04	SVL: 0.0005888691442549517	current_lr: 0.000125
Epoch: 885	TL: 1.281e-04	VL: 6.071e-04	SVL: 0.0005979730614692118	current_lr: 0.000125
Epoch: 886	TL: 1.326e-04	VL: 6.004e-04	SVL: 0.0005991700295940115	current_lr: 0.000125
Epoch: 887	TL: 1.378e-04	VL: 5.870e-04	SVL: 0.0005930806728370524	current_lr: 0.000125
Epoch: 888	TL: 1.249e-04	VL: 6.842e-04	SVL: 0.0006386510775569844	current_lr: 0.000125
Epoch: 889	TL: 1.292e-04	VL: 5.810e-04	SVL: 0.0006098119848014795	current_lr: 0.000125
Epoch: 890	TL: 1.224e-04	VL: 6.428e-04	SVL: 0.0006263190921665174	current_lr: 0.000125
Epoch: 891	TL: 1.304e-04	VL: 6.095e-04	SVL: 0.0006178933469713202	current_lr: 0.000125
Epoch: 892	TL: 1.236e-04	VL: 5.837e-04	SVL: 0.000600817613217258	current_lr: 0.000125
Epoch: 893	TL: 1.223e-04	VL: 5.901e-04	SVL: 0.0005954675577148912	current_lr: 0.000125
Epoch: 894	TL: 1.327e-04	VL: 6.115e-04	SVL: 0.0006034866761200188	current_lr: 0.000125
Epoch: 895	TL: 1.258e-04	VL: 7.563e-04	SVL: 0.0006798791026588558	current_lr: 0.000125
Epoch: 896	TL: 1.268e-04	VL: 5.785e-04	SVL: 0.0006291816550252974	current_lr: 0.000125
Epoch: 897	TL: 1.275e-04	VL: 6.156e-04	SVL: 0.0006223949739216834	current_lr: 0.000125
Epoch: 898	TL: 1.326e-04	VL: 5.589e-04	SVL: 0.0005906257574200168	current_lr: 0.000125
Epoch: 899	TL: 1.292e-04	VL: 6.146e-04	SVL: 0.0006026309969246156	current_lr: 0.000125
Epoch: 900	TL: 1.306e-04	VL: 5.562e-04	SVL: 0.000579417872539151	current_lr: 0.000125
Epoch: 901	TL: 1.237e-04	VL: 6.298e-04	SVL: 0.0006045946121767105	current_lr: 0.000125
Epoch: 902	TL: 1.297e-04	VL: 5.860e-04	SVL: 0.0005952938348330528	current_lr: 0.000125
Epoch: 903	TL: 1.260e-04	VL: 6.405e-04	SVL: 0.0006178740427035825	current_lr: 0.000125
Epoch: 904	TL: 1.252e-04	VL: 7.005e-04	SVL: 0.0006591878973016508	current_lr: 0.000125
Epoch: 905	TL: 1.223e-04	VL: 6.300e-04	SVL: 0.0006445906918530349	current_lr: 0.000125
Epoch: 906	TL: 1.317e-04	VL: 5.815e-04	SVL: 0.000613022102976078	current_lr: 0.000125
Epoch: 907	TL: 1.282e-04	VL: 5.931e-04	SVL: 0.0006030592034579487	current_lr: 0.000125
Epoch: 908	TL: 1.317e-04	VL: 6.041e-04	SVL: 0.0006035837208390818	current_lr: 0.000125
Epoch: 909	TL: 1.168e-04	VL: 5.625e-04	SVL: 0.0005830199259102635	current_lr: 0.000125
Epoch: 910	TL: 1.235e-04	VL: 7.622e-04	SVL: 0.0006726276287228014	current_lr: 0.000125
Epoch: 911	TL: 1.238e-04	VL: 5.952e-04	SVL: 0.0006339211438492014	current_lr: 0.000125
Epoch: 912	TL: 1.281e-04	VL: 6.167e-04	SVL: 0.0006253261315025426	current_lr: 0.000125
Epoch: 913	TL: 1.266e-04	VL: 6.079e-04	SVL: 0.0006166142487127352	current_lr: 0.000125
Epoch: 914	TL: 1.295e-04	VL: 5.621e-04	SVL: 0.0005893496554890657	current_lr: 0.000125
Epoch: 915	TL: 1.212e-04	VL: 5.738e-04	SVL: 0.0005815712949533952	current_lr: 0.000125
Epoch: 916	TL: 1.272e-04	VL: 5.901e-04	SVL: 0.0005858375947127587	current_lr: 0.000125
Epoch: 917	TL: 1.253e-04	VL: 6.001e-04	SVL: 0.0005929564555709484	current_lr: 0.000125
Epoch: 918	TL: 1.286e-04	VL: 5.784e-04	SVL: 0.0005856878231080831	current_lr: 0.000125
Epoch: 919	TL: 1.201e-04	VL: 7.177e-04	SVL: 0.0006516808961884409	current_lr: 0.000125
Epoch: 920	TL: 1.185e-04	VL: 6.932e-04	SVL: 0.0006724422084816411	current_lr: 0.000125
Epoch: 921	TL: 1.302e-04	VL: 6.197e-04	SVL: 0.0006460555636648394	current_lr: 0.000125
Epoch: 922	TL: 1.219e-04	VL: 5.956e-04	SVL: 0.000620852262962066	current_lr: 0.000125
Epoch: 923	TL: 1.196e-04	VL: 5.889e-04	SVL: 0.0006048661625326688	current_lr: 0.000125
Epoch: 924	TL: 1.292e-04	VL: 6.166e-04	SVL: 0.000610755013224533	current_lr: 0.000125
Epoch: 925	TL: 1.245e-04	VL: 6.152e-04	SVL: 0.000612966492174591	current_lr: 0.000125
Epoch: 926	TL: 1.209e-04	VL: 5.943e-04	SVL: 0.0006036478918783493	current_lr: 0.000125
Epoch: 927	TL: 1.266e-04	VL: 6.094e-04	SVL: 0.0006065423241254005	current_lr: 0.000125
Epoch: 928	TL: 1.239e-04	VL: 6.273e-04	SVL: 0.0006169408912954883	current_lr: 0.000125
Epoch: 929	TL: 1.193e-04	VL: 6.033e-04	SVL: 0.0006101266948132791	current_lr: 0.000125
Epoch: 930	TL: 1.231e-04	VL: 5.807e-04	SVL: 0.0005954342528059621	current_lr: 0.000125
Epoch: 931	TL: 1.220e-04	VL: 5.977e-04	SVL: 0.0005965700856782267	current_lr: 0.000125
Epoch: 932	TL: 1.273e-04	VL: 6.007e-04	SVL: 0.0005986496831942236	current_lr: 0.000125
Epoch: 933	TL: 1.230e-04	VL: 5.700e-04	SVL: 0.000584307823874982	current_lr: 0.000125
Epoch: 934	TL: 1.238e-04	VL: 5.783e-04	SVL: 0.0005813247403991381	current_lr: 0.000125
Epoch: 935	TL: 1.227e-04	VL: 5.972e-04	SVL: 0.0005892437796539147	current_lr: 0.000125
Epoch: 936	TL: 1.274e-04	VL: 6.008e-04	SVL: 0.0005950255324813764	current_lr: 0.000125
Epoch: 937	TL: 1.233e-04	VL: 7.533e-04	SVL: 0.000674152013181301	current_lr: 0.000125
Epoch: 938	TL: 1.291e-04	VL: 5.851e-04	SVL: 0.0006296209705465297	current_lr: 0.000125
Epoch: 939	TL: 1.225e-04	VL: 6.209e-04	SVL: 0.000625268418222331	current_lr: 0.000125
Epoch: 940	TL: 1.248e-04	VL: 6.673e-04	SVL: 0.0006462627086190696	current_lr: 0.000125
Epoch: 941	TL: 1.222e-04	VL: 7.177e-04	SVL: 0.0006819807635321377	current_lr: 0.000125
Epoch: 942	TL: 1.209e-04	VL: 5.946e-04	SVL: 0.000638292928863275	current_lr: 0.000125
Epoch: 943	TL: 1.170e-04	VL: 7.100e-04	SVL: 0.0006741378765944183	current_lr: 0.000125
Epoch: 944	TL: 1.252e-04	VL: 5.793e-04	SVL: 0.0006267290374459594	current_lr: 0.000125
Epoch: 945	TL: 1.349e-04	VL: 7.449e-04	SVL: 0.0006857942233891174	current_lr: 0.000125
Epoch: 946	TL: 1.125e-04	VL: 5.922e-04	SVL: 0.0006389753317043625	current_lr: 0.000125
Epoch: 947	TL: 1.234e-04	VL: 5.927e-04	SVL: 0.0006158403145872277	current_lr: 0.000125
Epoch: 948	TL: 1.196e-04	VL: 6.877e-04	SVL: 0.000651766990999516	current_lr: 0.000125
Epoch: 949	TL: 1.218e-04	VL: 5.900e-04	SVL: 0.0006208633777400534	current_lr: 0.000125
Epoch: 950	TL: 1.201e-04	VL: 6.125e-04	SVL: 0.0006166990457425854	current_lr: 0.000125
Epoch: 951	TL: 1.216e-04	VL: 5.866e-04	SVL: 0.0006016711204474341	current_lr: 0.000125
Epoch: 952	TL: 1.198e-04	VL: 5.663e-04	SVL: 0.0005839836462947314	current_lr: 0.000125
Epoch: 953	TL: 1.190e-04	VL: 5.736e-04	SVL: 0.0005787671409354898	current_lr: 0.000125
Epoch: 954	TL: 1.240e-04	VL: 7.054e-04	SVL: 0.0006420755069606648	current_lr: 0.000125
Epoch: 955	TL: 1.229e-04	VL: 5.880e-04	SVL: 0.000615015613096612	current_lr: 0.000125
Epoch: 956	TL: 1.176e-04	VL: 6.041e-04	SVL: 0.00060957770896835	current_lr: 0.000125
Epoch: 957	TL: 1.209e-04	VL: 5.662e-04	SVL: 0.0005878675398870452	current_lr: 0.000125
Epoch: 958	TL: 1.233e-04	VL: 5.764e-04	SVL: 0.0005821279643795959	current_lr: 0.000125
Epoch: 959	TL: 1.165e-04	VL: 5.880e-04	SVL: 0.000585057312191629	current_lr: 0.000125
Epoch: 960	TL: 1.176e-04	VL: 7.528e-04	SVL: 0.0006689040928786515	current_lr: 0.000125
Epoch: 961	TL: 1.245e-04	VL: 6.556e-04	SVL: 0.0006622504129859566	current_lr: 0.000125
Epoch: 962	TL: 1.209e-04	VL: 6.039e-04	SVL: 0.0006330964781270801	current_lr: 0.000125
Epoch: 963	TL: 1.172e-04	VL: 6.179e-04	SVL: 0.0006254866231196314	current_lr: 0.000125
Epoch: 964	TL: 1.155e-04	VL: 6.012e-04	SVL: 0.0006133455837127163	current_lr: 0.000125
Epoch: 965	TL: 1.188e-04	VL: 5.737e-04	SVL: 0.0005935000103889205	current_lr: 0.000125
Epoch: 966	TL: 1.134e-04	VL: 5.934e-04	SVL: 0.0005934576502530922	current_lr: 0.000125
Epoch: 967	TL: 1.254e-04	VL: 6.372e-04	SVL: 0.0006153179045065815	current_lr: 0.000125
Epoch: 968	TL: 1.162e-04	VL: 5.791e-04	SVL: 0.0005972101537160364	current_lr: 0.000125
Epoch: 969	TL: 1.312e-04	VL: 6.433e-04	SVL: 0.0006202434344973309	current_lr: 0.000125
Epoch: 970	TL: 1.229e-04	VL: 8.486e-04	SVL: 0.0007344103477342002	current_lr: 0.000125
Epoch: 971	TL: 1.177e-04	VL: 6.110e-04	SVL: 0.0006727226804665264	current_lr: 0.000125
Epoch: 972	TL: 1.176e-04	VL: 5.983e-04	SVL: 0.0006355303829397528	current_lr: 0.000125
Epoch: 973	TL: 1.135e-04	VL: 5.820e-04	SVL: 0.0006087725224835558	current_lr: 0.000125
Epoch: 974	TL: 1.210e-04	VL: 6.118e-04	SVL: 0.0006103047431877695	current_lr: 0.000125
Epoch: 975	TL: 1.192e-04	VL: 6.064e-04	SVL: 0.0006083498270000737	current_lr: 0.000125
Epoch: 976	TL: 1.093e-04	VL: 6.326e-04	SVL: 0.0006204700842840334	current_lr: 0.000125
Epoch: 977	TL: 1.220e-04	VL: 5.973e-04	SVL: 0.0006088840432635378	current_lr: 0.000125
Epoch: 978	TL: 1.212e-04	VL: 6.549e-04	SVL: 0.0006318966720338379	current_lr: 0.000125
Epoch: 979	TL: 1.192e-04	VL: 5.686e-04	SVL: 0.0006002676295159119	current_lr: 0.000125
Epoch: 980	TL: 1.185e-04	VL: 5.917e-04	SVL: 0.0005959814094959625	current_lr: 0.000125
Epoch: 981	TL: 1.129e-04	VL: 7.021e-04	SVL: 0.0006490247857301895	current_lr: 0.000125
Epoch: 982	TL: 1.260e-04	VL: 5.979e-04	SVL: 0.0006234593933686348	current_lr: 0.000125
Epoch: 983	TL: 1.080e-04	VL: 6.362e-04	SVL: 0.0006298458400301502	current_lr: 0.000125
Epoch: 984	TL: 1.236e-04	VL: 6.865e-04	SVL: 0.0006581828506257318	current_lr: 0.000125
Epoch: 985	TL: 1.149e-04	VL: 6.487e-04	SVL: 0.0006534323439730298	current_lr: 0.000125
Epoch: 986	TL: 1.178e-04	VL: 6.086e-04	SVL: 0.0006310230248040503	current_lr: 0.000125
Epoch: 987	TL: 1.241e-04	VL: 6.117e-04	SVL: 0.0006213388350042972	current_lr: 0.000125
Epoch: 988	TL: 1.159e-04	VL: 6.639e-04	SVL: 0.0006426125837580995	current_lr: 0.000125
Epoch: 989	TL: 1.107e-04	VL: 6.201e-04	SVL: 0.000631366423428885	current_lr: 0.000125
Epoch: 990	TL: 1.178e-04	VL: 5.538e-04	SVL: 0.0005926039237086136	current_lr: 0.000125
Epoch: 991	TL: 1.167e-04	VL: 6.145e-04	SVL: 0.0006035333642514626	current_lr: 0.000125
Epoch: 992	TL: 1.158e-04	VL: 5.971e-04	SVL: 0.0006003141795174321	current_lr: 0.000125
Epoch: 993	TL: 1.196e-04	VL: 6.351e-04	SVL: 0.0006177258478887895	current_lr: 0.000125
Epoch: 994	TL: 1.189e-04	VL: 6.208e-04	SVL: 0.0006192403906230141	current_lr: 0.000125
Epoch: 995	TL: 1.131e-04	VL: 5.981e-04	SVL: 0.0006086781588019932	current_lr: 0.000125
Epoch: 996	TL: 1.230e-04	VL: 6.670e-04	SVL: 0.0006378355546207232	current_lr: 0.000125
Epoch: 997	TL: 1.130e-04	VL: 5.992e-04	SVL: 0.0006185133270130059	current_lr: 0.000125
Epoch: 998	TL: 1.163e-04	VL: 5.929e-04	SVL: 0.0006057205851726483	current_lr: 0.000125
Epoch: 999	TL: 1.196e-04	VL: 6.197e-04	SVL: 0.000612722536715505	current_lr: 0.000125
Epoch: 1000	TL: 1.185e-04	VL: 5.589e-04	SVL: 0.0005858107908530224	current_lr: 0.000125
swa Test MAE: 11.908
