Mon Dec 16 18:27:56 2024       
+-----------------------------------------------------------------------------------------+
| NVIDIA-SMI 565.57.01              Driver Version: 565.57.01      CUDA Version: 12.7     |
|-----------------------------------------+------------------------+----------------------+
| GPU  Name                 Persistence-M | Bus-Id          Disp.A | Volatile Uncorr. ECC |
| Fan  Temp   Perf          Pwr:Usage/Cap |           Memory-Usage | GPU-Util  Compute M. |
|                                         |                        |               MIG M. |
|=========================================+========================+======================|
|   0  Tesla V100-SXM2-32GB           On  |   00000000:16:00.0 Off |                    0 |
| N/A   42C    P0             42W /  300W |       1MiB /  32768MiB |      0%   E. Process |
|                                         |                        |                  N/A |
+-----------------------------------------+------------------------+----------------------+
                                                                                         
+-----------------------------------------------------------------------------------------+
| Processes:                                                                              |
|  GPU   GI   CI        PID   Type   Process name                              GPU Memory |
|        ID   ID                                                               Usage      |
|=========================================================================================|
|  No running processes found                                                             |
+-----------------------------------------------------------------------------------------+
cuda
Tesla V100-SXM2-32GB
Epoch: 1	TL: 4.794e-01	VL: 7.418e-02	 7.418e-02	 adam_lr:0.0005
Epoch: 2	TL: 1.765e-01	VL: 6.421e-02	 7.318e-02	 adam_lr:0.0005
Epoch: 3	TL: 1.411e-01	VL: 3.540e-02	 6.940e-02	 adam_lr:0.0005
Epoch: 4	TL: 1.180e-01	VL: 3.345e-02	 6.581e-02	 adam_lr:0.0005
Epoch: 5	TL: 1.045e-01	VL: 2.270e-02	 6.150e-02	 adam_lr:0.0005
Epoch: 6	TL: 9.717e-02	VL: 3.645e-02	 5.899e-02	 adam_lr:0.0005
Epoch: 7	TL: 9.144e-02	VL: 3.875e-02	 5.697e-02	 adam_lr:0.0005
Epoch: 8	TL: 8.856e-02	VL: 2.987e-02	 5.426e-02	 adam_lr:0.0005
Epoch: 9	TL: 8.251e-02	VL: 2.781e-02	 5.161e-02	 adam_lr:0.0005
Epoch: 10	TL: 8.189e-02	VL: 2.122e-02	 4.857e-02	 adam_lr:0.0005
Epoch: 11	TL: 8.040e-02	VL: 1.773e-02	 4.549e-02	 adam_lr:0.0005
Epoch: 12	TL: 7.602e-02	VL: 1.851e-02	 4.279e-02	 adam_lr:0.0005
Epoch: 13	TL: 7.496e-02	VL: 7.395e-02	 4.591e-02	 adam_lr:0.0005
Epoch: 14	TL: 7.321e-02	VL: 4.179e-02	 4.549e-02	 adam_lr:0.0005
Epoch: 15	TL: 7.208e-02	VL: 1.724e-02	 4.267e-02	 adam_lr:0.0005
Epoch: 16	TL: 6.949e-02	VL: 3.017e-02	 4.142e-02	 adam_lr:0.0005
Epoch: 17	TL: 7.006e-02	VL: 1.877e-02	 3.915e-02	 adam_lr:0.0005
Epoch: 18	TL: 7.055e-02	VL: 2.721e-02	 3.796e-02	 adam_lr:0.0005
Epoch: 19	TL: 6.580e-02	VL: 4.416e-02	 3.858e-02	 adam_lr:0.0005
Epoch: 20	TL: 6.562e-02	VL: 1.704e-02	 3.643e-02	 adam_lr:0.0005
Epoch: 21	TL: 6.409e-02	VL: 3.718e-02	 3.650e-02	 adam_lr:0.0005
Epoch: 22	TL: 6.383e-02	VL: 1.484e-02	 3.433e-02	 adam_lr:0.0005
Epoch: 23	TL: 6.177e-02	VL: 2.604e-02	 3.351e-02	 adam_lr:0.0005
Epoch: 24	TL: 6.258e-02	VL: 1.672e-02	 3.183e-02	 adam_lr:0.0005
Epoch: 25	TL: 6.071e-02	VL: 2.803e-02	 3.145e-02	 adam_lr:0.0005
Epoch: 26	TL: 6.160e-02	VL: 1.350e-02	 2.965e-02	 adam_lr:0.0005
Epoch: 27	TL: 6.058e-02	VL: 1.857e-02	 2.854e-02	 adam_lr:0.0005
Epoch: 28	TL: 5.808e-02	VL: 5.012e-02	 3.070e-02	 adam_lr:0.0005
Epoch: 29	TL: 5.860e-02	VL: 1.522e-02	 2.915e-02	 adam_lr:0.0005
Epoch: 30	TL: 5.824e-02	VL: 1.756e-02	 2.799e-02	 adam_lr:0.0005
Epoch: 31	TL: 5.793e-02	VL: 1.437e-02	 2.663e-02	 adam_lr:0.0005
Epoch: 32	TL: 5.733e-02	VL: 1.608e-02	 2.558e-02	 adam_lr:0.0005
Epoch: 33	TL: 5.671e-02	VL: 3.678e-02	 2.670e-02	 adam_lr:0.0005
Epoch: 34	TL: 5.661e-02	VL: 1.215e-02	 2.524e-02	 adam_lr:0.0005
Epoch: 35	TL: 5.670e-02	VL: 1.691e-02	 2.441e-02	 adam_lr:0.0005
Epoch: 36	TL: 5.543e-02	VL: 1.350e-02	 2.332e-02	 adam_lr:0.0005
Epoch: 37	TL: 5.515e-02	VL: 1.216e-02	 2.220e-02	 adam_lr:0.0005
Epoch: 38	TL: 5.442e-02	VL: 1.156e-02	 2.114e-02	 adam_lr:0.0005
Epoch: 39	TL: 5.448e-02	VL: 1.518e-02	 2.054e-02	 adam_lr:0.0005
Epoch: 40	TL: 5.527e-02	VL: 3.137e-02	 2.163e-02	 adam_lr:0.0005
Epoch: 41	TL: 5.337e-02	VL: 1.086e-02	 2.055e-02	 adam_lr:0.0005
Epoch: 42	TL: 5.398e-02	VL: 2.332e-02	 2.083e-02	 adam_lr:0.0005
Epoch: 43	TL: 5.292e-02	VL: 1.353e-02	 2.010e-02	 adam_lr:0.0005
Epoch: 44	TL: 5.323e-02	VL: 3.473e-02	 2.156e-02	 adam_lr:0.0005
Epoch: 45	TL: 5.268e-02	VL: 1.998e-02	 2.140e-02	 adam_lr:0.0005
Epoch: 46	TL: 5.155e-02	VL: 1.482e-02	 2.074e-02	 adam_lr:0.0005
Epoch: 47	TL: 5.263e-02	VL: 1.175e-02	 1.984e-02	 adam_lr:0.0005
Epoch: 48	TL: 5.164e-02	VL: 1.727e-02	 1.959e-02	 adam_lr:0.0005
Epoch: 49	TL: 5.074e-02	VL: 1.512e-02	 1.914e-02	 adam_lr:0.0005
Epoch: 50	TL: 5.289e-02	VL: 1.232e-02	 1.846e-02	 adam_lr:0.0005
Epoch: 51	TL: 5.034e-02	VL: 1.392e-02	 1.800e-02	 adam_lr:0.0005
Epoch: 52	TL: 5.121e-02	VL: 1.229e-02	 1.743e-02	 adam_lr:0.0005
Epoch: 53	TL: 5.046e-02	VL: 1.284e-02	 1.697e-02	 adam_lr:0.0005
Epoch: 54	TL: 5.045e-02	VL: 1.207e-02	 1.648e-02	 adam_lr:0.0005
Epoch: 55	TL: 4.997e-02	VL: 1.333e-02	 1.617e-02	 adam_lr:0.0005
Epoch: 56	TL: 5.015e-02	VL: 2.328e-02	 1.688e-02	 adam_lr:0.0005
Epoch: 57	TL: 4.997e-02	VL: 1.028e-02	 1.622e-02	 adam_lr:0.0005
Epoch: 58	TL: 4.939e-02	VL: 2.139e-02	 1.674e-02	 adam_lr:0.0005
Epoch: 59	TL: 4.877e-02	VL: 7.932e-03	 1.586e-02	 adam_lr:0.0005
Epoch: 60	TL: 5.037e-02	VL: 3.317e-02	 1.759e-02	 adam_lr:0.0005
Epoch: 61	TL: 5.001e-02	VL: 9.221e-03	 1.675e-02	 adam_lr:0.0005
Epoch: 62	TL: 4.995e-02	VL: 1.254e-02	 1.633e-02	 adam_lr:0.0005
Epoch: 63	TL: 5.014e-02	VL: 1.468e-02	 1.616e-02	 adam_lr:0.0005
Epoch: 64	TL: 4.886e-02	VL: 1.229e-02	 1.578e-02	 adam_lr:0.0005
Epoch: 65	TL: 4.748e-02	VL: 1.463e-02	 1.566e-02	 adam_lr:0.0005
Epoch: 66	TL: 4.835e-02	VL: 9.397e-03	 1.504e-02	 adam_lr:0.0005
Epoch: 67	TL: 4.883e-02	VL: 1.481e-02	 1.501e-02	 adam_lr:0.0005
Epoch: 68	TL: 4.830e-02	VL: 2.225e-02	 1.574e-02	 adam_lr:0.0005
Epoch: 69	TL: 4.787e-02	VL: 1.166e-02	 1.533e-02	 adam_lr:0.0005
Epoch: 70	TL: 4.776e-02	VL: 1.030e-02	 1.483e-02	 adam_lr:0.0005
Epoch: 71	TL: 4.838e-02	VL: 1.049e-02	 1.439e-02	 adam_lr:0.0005
Epoch: 72	TL: 4.876e-02	VL: 1.196e-02	 1.415e-02	 adam_lr:0.0005
Epoch: 73	TL: 4.717e-02	VL: 2.164e-02	 1.490e-02	 adam_lr:0.0005
Epoch: 74	TL: 4.860e-02	VL: 4.107e-02	 1.752e-02	 adam_lr:0.0005
Epoch: 75	TL: 4.827e-02	VL: 1.256e-02	 1.702e-02	 adam_lr:0.0005
Epoch: 76	TL: 4.766e-02	VL: 1.372e-02	 1.669e-02	 adam_lr:0.0005
Epoch: 77	TL: 4.690e-02	VL: 1.600e-02	 1.662e-02	 adam_lr:0.0005
Epoch: 78	TL: 4.784e-02	VL: 9.578e-03	 1.592e-02	 adam_lr:0.0005
Epoch: 79	TL: 4.719e-02	VL: 1.006e-02	 1.533e-02	 adam_lr:0.0005
Epoch: 80	TL: 4.731e-02	VL: 8.672e-03	 1.466e-02	 adam_lr:0.0005
Epoch: 81	TL: 4.656e-02	VL: 1.323e-02	 1.452e-02	 adam_lr:0.0005
Epoch: 82	TL: 4.691e-02	VL: 9.212e-03	 1.399e-02	 adam_lr:0.0005
Epoch: 83	TL: 4.678e-02	VL: 1.281e-02	 1.387e-02	 adam_lr:0.0005
Epoch: 84	TL: 4.655e-02	VL: 1.286e-02	 1.377e-02	 adam_lr:0.0005
Epoch: 85	TL: 4.592e-02	VL: 8.472e-03	 1.324e-02	 adam_lr:0.0005
Epoch: 86	TL: 4.675e-02	VL: 1.525e-02	 1.344e-02	 adam_lr:0.0005
Epoch: 87	TL: 4.614e-02	VL: 2.374e-02	 1.447e-02	 adam_lr:0.0005
Epoch: 88	TL: 4.629e-02	VL: 1.436e-02	 1.446e-02	 adam_lr:0.0005
Epoch: 89	TL: 4.573e-02	VL: 1.663e-02	 1.468e-02	 adam_lr:0.0005
Epoch: 90	TL: 4.591e-02	VL: 9.269e-03	 1.414e-02	 adam_lr:0.0005
Epoch: 91	TL: 4.603e-02	VL: 2.308e-02	 1.503e-02	 adam_lr:0.0005
Epoch: 92	TL: 4.568e-02	VL: 9.449e-03	 1.447e-02	 adam_lr:0.0005
Epoch: 93	TL: 4.590e-02	VL: 2.154e-02	 1.518e-02	 adam_lr:0.0005
Epoch: 94	TL: 4.583e-02	VL: 1.077e-02	 1.474e-02	 adam_lr:0.0005
Epoch: 95	TL: 4.527e-02	VL: 2.408e-02	 1.567e-02	 adam_lr:0.0005
Epoch: 96	TL: 4.541e-02	VL: 1.911e-02	 1.602e-02	 adam_lr:0.0005
Epoch: 97	TL: 4.562e-02	VL: 1.387e-02	 1.580e-02	 adam_lr:0.0005
Epoch: 98	TL: 4.413e-02	VL: 1.271e-02	 1.549e-02	 adam_lr:0.0005
Epoch: 99	TL: 4.614e-02	VL: 8.956e-03	 1.484e-02	 adam_lr:0.0005
Epoch: 100	TL: 4.570e-02	VL: 9.742e-03	 1.433e-02	 adam_lr:0.0005
Epoch: 101	TL: 4.650e-02	VL: 1.133e-02	 1.403e-02	 adam_lr:0.0005
Epoch: 102	TL: 4.498e-02	VL: 9.402e-03	 1.357e-02	 adam_lr:0.0005
Epoch: 103	TL: 4.438e-02	VL: 1.099e-02	 1.331e-02	 adam_lr:0.0005
Epoch: 104	TL: 4.558e-02	VL: 1.201e-02	 1.318e-02	 adam_lr:0.0005
Epoch: 105	TL: 4.403e-02	VL: 1.527e-02	 1.339e-02	 adam_lr:0.0005
Epoch: 106	TL: 4.434e-02	VL: 8.659e-03	 1.292e-02	 adam_lr:0.0005
Epoch: 107	TL: 4.564e-02	VL: 9.508e-03	 1.257e-02	 adam_lr:0.0005
Epoch: 108	TL: 4.511e-02	VL: 8.476e-03	 1.216e-02	 adam_lr:0.0005
Epoch: 109	TL: 4.477e-02	VL: 1.118e-02	 1.207e-02	 adam_lr:0.0005
Epoch: 110	TL: 4.679e-02	VL: 9.459e-03	 1.181e-02	 adam_lr:0.0005
Epoch: 111	TL: 4.402e-02	VL: 1.014e-02	 1.164e-02	 adam_lr:0.0005
Epoch: 112	TL: 4.499e-02	VL: 1.198e-02	 1.167e-02	 adam_lr:0.0005
Epoch: 113	TL: 4.536e-02	VL: 2.149e-02	 1.265e-02	 adam_lr:0.0005
Epoch: 114	TL: 4.472e-02	VL: 8.308e-03	 1.222e-02	 adam_lr:0.0005
Epoch: 115	TL: 4.463e-02	VL: 1.265e-02	 1.226e-02	 adam_lr:0.0005
Epoch: 116	TL: 4.429e-02	VL: 1.542e-02	 1.258e-02	 adam_lr:0.0005
Epoch: 117	TL: 4.338e-02	VL: 1.723e-02	 1.304e-02	 adam_lr:0.0005
Epoch: 118	TL: 4.406e-02	VL: 1.215e-02	 1.295e-02	 adam_lr:0.0005
Epoch: 119	TL: 4.383e-02	VL: 3.009e-02	 1.467e-02	 adam_lr:0.0005
Epoch: 120	TL: 4.369e-02	VL: 7.932e-03	 1.399e-02	 adam_lr:0.0005
Epoch: 121	TL: 4.335e-02	VL: 9.566e-03	 1.355e-02	 adam_lr:0.0005
Epoch: 122	TL: 4.327e-02	VL: 2.361e-02	 1.456e-02	 adam_lr:0.0005
Epoch: 123	TL: 4.351e-02	VL: 1.009e-02	 1.411e-02	 adam_lr:0.0005
Epoch: 124	TL: 4.366e-02	VL: 9.493e-03	 1.365e-02	 adam_lr:0.0005
Epoch: 125	TL: 4.346e-02	VL: 1.012e-02	 1.330e-02	 adam_lr:0.0005
Epoch: 126	TL: 4.336e-02	VL: 1.140e-02	 1.311e-02	 adam_lr:0.0005
Epoch: 127	TL: 4.299e-02	VL: 1.120e-02	 1.292e-02	 adam_lr:0.0005
Epoch: 128	TL: 4.388e-02	VL: 8.978e-03	 1.252e-02	 adam_lr:0.0005
Epoch: 129	TL: 4.261e-02	VL: 8.149e-03	 1.209e-02	 adam_lr:0.0005
Epoch: 130	TL: 4.324e-02	VL: 1.458e-02	 1.233e-02	 adam_lr:0.0005
Epoch: 131	TL: 4.247e-02	VL: 1.148e-02	 1.225e-02	 adam_lr:0.0005
Epoch: 132	TL: 4.307e-02	VL: 1.024e-02	 1.205e-02	 adam_lr:0.0005
Epoch: 133	TL: 4.288e-02	VL: 1.031e-02	 1.187e-02	 adam_lr:0.0005
Epoch: 134	TL: 4.274e-02	VL: 1.075e-02	 1.176e-02	 adam_lr:0.0005
Epoch: 135	TL: 4.265e-02	VL: 7.219e-03	 1.131e-02	 adam_lr:0.0005
Epoch: 136	TL: 4.292e-02	VL: 7.188e-03	 1.090e-02	 adam_lr:0.0005
Epoch: 137	TL: 4.246e-02	VL: 7.863e-03	 1.059e-02	 adam_lr:0.0005
Epoch: 138	TL: 4.271e-02	VL: 1.088e-02	 1.062e-02	 adam_lr:0.0005
Epoch: 139	TL: 4.409e-02	VL: 2.251e-02	 1.181e-02	 adam_lr:0.0005
Epoch: 140	TL: 4.208e-02	VL: 1.098e-02	 1.173e-02	 adam_lr:0.0005
Epoch: 141	TL: 4.254e-02	VL: 1.249e-02	 1.180e-02	 adam_lr:0.0005
Epoch: 142	TL: 4.223e-02	VL: 8.074e-03	 1.143e-02	 adam_lr:0.0005
Epoch: 143	TL: 4.309e-02	VL: 2.212e-02	 1.250e-02	 adam_lr:0.0005
Epoch: 144	TL: 4.175e-02	VL: 1.071e-02	 1.232e-02	 adam_lr:0.0005
Epoch: 145	TL: 4.182e-02	VL: 8.010e-03	 1.189e-02	 adam_lr:0.0005
Epoch: 146	TL: 4.259e-02	VL: 1.605e-02	 1.230e-02	 adam_lr:0.0005
Epoch: 147	TL: 4.305e-02	VL: 1.412e-02	 1.249e-02	 adam_lr:0.0005
Epoch: 148	TL: 4.200e-02	VL: 1.315e-02	 1.255e-02	 adam_lr:0.0005
Epoch: 149	TL: 4.216e-02	VL: 1.269e-02	 1.257e-02	 adam_lr:0.0005
Epoch: 150	TL: 4.198e-02	VL: 8.308e-03	 1.214e-02	 adam_lr:0.0005
Epoch: 151	TL: 4.216e-02	VL: 1.636e-02	 1.256e-02	 adam_lr:0.0005
Epoch: 152	TL: 4.183e-02	VL: 1.030e-02	 1.234e-02	 adam_lr:0.0005
Epoch: 153	TL: 4.128e-02	VL: 1.817e-02	 1.292e-02	 adam_lr:0.0005
Epoch: 154	TL: 4.201e-02	VL: 8.035e-03	 1.243e-02	 adam_lr:0.0005
Epoch: 155	TL: 4.166e-02	VL: 2.087e-02	 1.328e-02	 adam_lr:0.0005
Epoch: 156	TL: 4.195e-02	VL: 1.009e-02	 1.296e-02	 adam_lr:0.0005
Epoch: 157	TL: 4.212e-02	VL: 7.446e-03	 1.241e-02	 adam_lr:0.0005
Epoch: 158	TL: 4.166e-02	VL: 1.239e-02	 1.240e-02	 adam_lr:0.0005
Epoch: 159	TL: 4.161e-02	VL: 9.733e-03	 1.214e-02	 adam_lr:0.0005
Epoch: 160	TL: 4.172e-02	VL: 1.217e-02	 1.214e-02	 adam_lr:0.0005
Epoch: 161	TL: 4.233e-02	VL: 8.505e-03	 1.178e-02	 adam_lr:0.0005
Epoch: 162	TL: 4.961e-02	VL: 1.351e-02	 1.195e-02	 adam_lr:0.0005
Epoch: 163	TL: 4.296e-02	VL: 1.004e-02	 1.176e-02	 adam_lr:0.0005
Epoch: 164	TL: 4.108e-02	VL: 7.509e-03	 1.133e-02	 adam_lr:0.0005
Epoch: 165	TL: 4.125e-02	VL: 2.202e-02	 1.240e-02	 adam_lr:0.0005
Epoch: 166	TL: 4.098e-02	VL: 1.013e-02	 1.218e-02	 adam_lr:0.0005
Epoch: 167	TL: 4.094e-02	VL: 9.742e-03	 1.193e-02	 adam_lr:0.0005
Epoch: 168	TL: 4.213e-02	VL: 1.030e-02	 1.177e-02	 adam_lr:0.0005
Epoch: 169	TL: 3.892e-02	VL: 6.985e-03	 1.129e-02	 adam_lr:0.000375
Epoch: 170	TL: 3.835e-02	VL: 7.241e-03	 1.089e-02	 adam_lr:0.000375
Epoch: 171	TL: 3.965e-02	VL: 7.507e-03	 1.055e-02	 adam_lr:0.000375
Epoch: 172	TL: 3.941e-02	VL: 1.133e-02	 1.063e-02	 adam_lr:0.000375
Epoch: 173	TL: 3.933e-02	VL: 1.012e-02	 1.058e-02	 adam_lr:0.000375
Epoch: 174	TL: 3.835e-02	VL: 7.416e-03	 1.026e-02	 adam_lr:0.000375
Epoch: 175	TL: 3.858e-02	VL: 7.212e-03	 9.955e-03	 adam_lr:0.000375
Epoch: 176	TL: 3.921e-02	VL: 8.466e-03	 9.806e-03	 adam_lr:0.000375
Epoch: 177	TL: 3.871e-02	VL: 1.317e-02	 1.014e-02	 adam_lr:0.000375
Epoch: 178	TL: 3.900e-02	VL: 8.614e-03	 9.989e-03	 adam_lr:0.000375
Epoch: 179	TL: 3.856e-02	VL: 8.328e-03	 9.823e-03	 adam_lr:0.000375
Epoch: 180	TL: 3.826e-02	VL: 1.470e-02	 1.031e-02	 adam_lr:0.000375
Epoch: 181	TL: 3.837e-02	VL: 1.019e-02	 1.030e-02	 adam_lr:0.000375
Epoch: 182	TL: 3.807e-02	VL: 7.586e-03	 1.003e-02	 adam_lr:0.000375
Epoch: 183	TL: 3.818e-02	VL: 1.258e-02	 1.028e-02	 adam_lr:0.000375
Epoch: 184	TL: 3.773e-02	VL: 8.215e-03	 1.008e-02	 adam_lr:0.000375
Epoch: 185	TL: 3.813e-02	VL: 1.053e-02	 1.012e-02	 adam_lr:0.000375
Epoch: 186	TL: 3.850e-02	VL: 8.187e-03	 9.928e-03	 adam_lr:0.000375
Epoch: 187	TL: 3.831e-02	VL: 6.777e-03	 9.613e-03	 adam_lr:0.000375
Epoch: 188	TL: 3.791e-02	VL: 8.550e-03	 9.507e-03	 adam_lr:0.000375
Epoch: 189	TL: 3.864e-02	VL: 9.405e-03	 9.497e-03	 adam_lr:0.000375
Epoch: 190	TL: 3.830e-02	VL: 2.261e-02	 1.081e-02	 adam_lr:0.000375
Epoch: 191	TL: 3.719e-02	VL: 8.096e-03	 1.054e-02	 adam_lr:0.000375
Epoch: 192	TL: 3.910e-02	VL: 7.346e-03	 1.022e-02	 adam_lr:0.000375
Epoch: 193	TL: 3.743e-02	VL: 8.155e-03	 1.001e-02	 adam_lr:0.000375
Epoch: 194	TL: 3.753e-02	VL: 9.486e-03	 9.959e-03	 adam_lr:0.000375
Epoch: 195	TL: 3.787e-02	VL: 5.359e-03	 9.499e-03	 adam_lr:0.000375
Epoch: 196	TL: 3.799e-02	VL: 6.199e-03	 9.169e-03	 adam_lr:0.000375
Epoch: 197	TL: 3.755e-02	VL: 8.272e-03	 9.079e-03	 adam_lr:0.000375
Epoch: 198	TL: 3.808e-02	VL: 1.260e-02	 9.431e-03	 adam_lr:0.000375
Epoch: 199	TL: 3.833e-02	VL: 7.343e-03	 9.222e-03	 adam_lr:0.000375
Epoch: 200	TL: 3.804e-02	VL: 6.596e-03	 8.960e-03	 adam_lr:0.000375
Epoch: 201	TL: 3.803e-02	VL: 6.987e-03	 8.762e-03	 adam_lr:0.000375
Epoch: 202	TL: 3.763e-02	VL: 1.142e-02	 9.029e-03	 adam_lr:0.000375
Epoch: 203	TL: 3.795e-02	VL: 7.684e-03	 8.894e-03	 adam_lr:0.000375
Epoch: 204	TL: 3.730e-02	VL: 9.646e-03	 8.969e-03	 adam_lr:0.000375
Epoch: 205	TL: 3.797e-02	VL: 8.783e-03	 8.951e-03	 adam_lr:0.000375
Epoch: 206	TL: 3.766e-02	VL: 6.943e-03	 8.750e-03	 adam_lr:0.000375
Epoch: 207	TL: 3.741e-02	VL: 8.866e-03	 8.762e-03	 adam_lr:0.000375
Epoch: 208	TL: 3.756e-02	VL: 9.622e-03	 8.848e-03	 adam_lr:0.000375
Epoch: 209	TL: 3.765e-02	VL: 8.720e-03	 8.835e-03	 adam_lr:0.000375
Epoch: 210	TL: 3.737e-02	VL: 6.328e-03	 8.584e-03	 adam_lr:0.000375
Epoch: 211	TL: 3.710e-02	VL: 7.904e-03	 8.516e-03	 adam_lr:0.000375
Epoch: 212	TL: 3.707e-02	VL: 6.270e-03	 8.292e-03	 adam_lr:0.000375
Epoch: 213	TL: 3.742e-02	VL: 1.183e-02	 8.646e-03	 adam_lr:0.000375
Epoch: 214	TL: 3.747e-02	VL: 6.222e-03	 8.403e-03	 adam_lr:0.000375
Epoch: 215	TL: 3.722e-02	VL: 6.028e-03	 8.166e-03	 adam_lr:0.000375
Epoch: 216	TL: 3.691e-02	VL: 8.947e-03	 8.244e-03	 adam_lr:0.000375
Epoch: 217	TL: 3.765e-02	VL: 1.046e-02	 8.466e-03	 adam_lr:0.000375
Epoch: 218	TL: 3.718e-02	VL: 7.884e-03	 8.408e-03	 adam_lr:0.000375
Epoch: 219	TL: 3.754e-02	VL: 7.826e-03	 8.349e-03	 adam_lr:0.000375
Epoch: 220	TL: 3.779e-02	VL: 1.443e-02	 8.957e-03	 adam_lr:0.000375
Epoch: 221	TL: 3.686e-02	VL: 8.236e-03	 8.885e-03	 adam_lr:0.000375
Epoch: 222	TL: 3.712e-02	VL: 7.310e-03	 8.728e-03	 adam_lr:0.000375
Epoch: 223	TL: 3.686e-02	VL: 6.551e-03	 8.510e-03	 adam_lr:0.000375
Epoch: 224	TL: 3.719e-02	VL: 8.220e-03	 8.481e-03	 adam_lr:0.000375
Epoch: 225	TL: 3.736e-02	VL: 6.566e-03	 8.290e-03	 adam_lr:0.000375
Epoch: 226	TL: 3.708e-02	VL: 7.616e-03	 8.222e-03	 adam_lr:0.000375
Epoch: 227	TL: 3.650e-02	VL: 1.012e-02	 8.412e-03	 adam_lr:0.000375
Epoch: 228	TL: 3.684e-02	VL: 8.161e-03	 8.387e-03	 adam_lr:0.000375
Epoch: 229	TL: 3.767e-02	VL: 1.495e-02	 9.044e-03	 adam_lr:0.000375
Epoch: 230	TL: 3.666e-02	VL: 7.221e-03	 8.862e-03	 adam_lr:0.000375
Epoch: 231	TL: 3.709e-02	VL: 6.862e-03	 8.662e-03	 adam_lr:0.000375
Epoch: 232	TL: 3.682e-02	VL: 1.519e-02	 9.314e-03	 adam_lr:0.000375
Epoch: 233	TL: 3.710e-02	VL: 2.003e-02	 1.039e-02	 adam_lr:0.000375
Epoch: 234	TL: 3.682e-02	VL: 6.017e-03	 9.949e-03	 adam_lr:0.000375
Epoch: 235	TL: 3.666e-02	VL: 1.019e-02	 9.973e-03	 adam_lr:0.000375
Epoch: 236	TL: 3.684e-02	VL: 8.301e-03	 9.806e-03	 adam_lr:0.000375
Epoch: 237	TL: 3.652e-02	VL: 6.522e-03	 9.478e-03	 adam_lr:0.000375
Epoch: 238	TL: 3.665e-02	VL: 2.820e-02	 1.135e-02	 adam_lr:0.000375
Epoch: 239	TL: 3.654e-02	VL: 8.278e-03	 1.104e-02	 adam_lr:0.000375
Epoch: 240	TL: 3.638e-02	VL: 9.736e-03	 1.091e-02	 adam_lr:0.000375
Epoch: 241	TL: 3.715e-02	VL: 1.060e-02	 1.088e-02	 adam_lr:0.000375
Epoch: 242	TL: 3.698e-02	VL: 9.228e-03	 1.072e-02	 adam_lr:0.000375
Epoch: 243	TL: 3.674e-02	VL: 5.903e-03	 1.023e-02	 adam_lr:0.000375
Epoch: 244	TL: 3.683e-02	VL: 5.782e-03	 9.789e-03	 adam_lr:0.000375
Epoch: 245	TL: 3.692e-02	VL: 6.750e-03	 9.485e-03	 adam_lr:0.000375
Epoch: 246	TL: 3.705e-02	VL: 3.532e-02	 1.207e-02	 adam_lr:0.000375
Epoch: 247	TL: 3.469e-02	VL: 7.523e-03	 1.161e-02	 adam_lr:0.00028125000000000003
Epoch: 248	TL: 3.432e-02	VL: 7.379e-03	 1.119e-02	 adam_lr:0.00028125000000000003
Epoch: 249	TL: 3.469e-02	VL: 5.354e-03	 1.061e-02	 adam_lr:0.00028125000000000003
Epoch: 250	TL: 3.494e-02	VL: 1.731e-02	 1.128e-02	 adam_lr:0.00028125000000000003
Epoch: 251	TL: 3.457e-02	VL: 5.281e-03	 1.068e-02	 adam_lr:0.00028125000000000003
Epoch: 252	TL: 3.645e-02	VL: 1.096e-02	 1.071e-02	 adam_lr:0.00028125000000000003
Epoch: 253	TL: 3.449e-02	VL: 9.388e-03	 1.057e-02	 adam_lr:0.00028125000000000003
Epoch: 254	TL: 3.457e-02	VL: 5.549e-03	 1.007e-02	 adam_lr:0.00028125000000000003
Epoch: 255	TL: 3.447e-02	VL: 5.543e-03	 9.618e-03	 adam_lr:0.00028125000000000003
Epoch: 256	TL: 3.458e-02	VL: 6.218e-03	 9.278e-03	 adam_lr:0.00028125000000000003
Epoch: 257	TL: 3.474e-02	VL: 9.688e-03	 9.319e-03	 adam_lr:0.00028125000000000003
Epoch: 258	TL: 3.511e-02	VL: 6.502e-03	 9.038e-03	 adam_lr:0.00028125000000000003
Epoch: 259	TL: 3.459e-02	VL: 8.033e-03	 8.937e-03	 adam_lr:0.00028125000000000003
Epoch: 260	TL: 3.416e-02	VL: 7.115e-03	 8.755e-03	 adam_lr:0.00028125000000000003
Epoch: 261	TL: 3.415e-02	VL: 9.643e-03	 8.844e-03	 adam_lr:0.00028125000000000003
Epoch: 262	TL: 3.420e-02	VL: 8.725e-03	 8.832e-03	 adam_lr:0.00028125000000000003
Epoch: 263	TL: 3.485e-02	VL: 8.511e-03	 8.800e-03	 adam_lr:0.00028125000000000003
Epoch: 264	TL: 3.437e-02	VL: 6.081e-03	 8.528e-03	 adam_lr:0.00028125000000000003
Epoch: 265	TL: 3.470e-02	VL: 8.451e-03	 8.520e-03	 adam_lr:0.00028125000000000003
Epoch: 266	TL: 3.402e-02	VL: 4.965e-03	 8.165e-03	 adam_lr:0.00028125000000000003
Epoch: 267	TL: 3.452e-02	VL: 9.213e-03	 8.270e-03	 adam_lr:0.00028125000000000003
Epoch: 268	TL: 3.397e-02	VL: 8.223e-03	 8.265e-03	 adam_lr:0.00028125000000000003
Epoch: 269	TL: 3.405e-02	VL: 5.626e-03	 8.001e-03	 adam_lr:0.00028125000000000003
Epoch: 270	TL: 3.491e-02	VL: 1.040e-02	 8.241e-03	 adam_lr:0.00028125000000000003
Epoch: 271	TL: 3.437e-02	VL: 8.374e-03	 8.254e-03	 adam_lr:0.00028125000000000003
Epoch: 272	TL: 3.415e-02	VL: 8.346e-03	 8.264e-03	 adam_lr:0.00028125000000000003
Epoch: 273	TL: 3.445e-02	VL: 7.232e-03	 8.160e-03	 adam_lr:0.00028125000000000003
Epoch: 274	TL: 3.442e-02	VL: 8.495e-03	 8.194e-03	 adam_lr:0.00028125000000000003
Epoch: 275	TL: 3.463e-02	VL: 6.544e-03	 8.029e-03	 adam_lr:0.00028125000000000003
Epoch: 276	TL: 3.426e-02	VL: 5.762e-03	 7.802e-03	 adam_lr:0.00028125000000000003
Epoch: 277	TL: 3.439e-02	VL: 5.853e-03	 7.607e-03	 adam_lr:0.00028125000000000003
Epoch: 278	TL: 3.450e-02	VL: 1.487e-02	 8.334e-03	 adam_lr:0.00028125000000000003
Epoch: 279	TL: 3.404e-02	VL: 8.165e-03	 8.317e-03	 adam_lr:0.00028125000000000003
Epoch: 280	TL: 3.473e-02	VL: 5.807e-03	 8.066e-03	 adam_lr:0.00028125000000000003
Epoch: 281	TL: 3.407e-02	VL: 7.236e-03	 7.983e-03	 adam_lr:0.00028125000000000003
Epoch: 282	TL: 3.410e-02	VL: 6.187e-03	 7.803e-03	 adam_lr:0.00028125000000000003
Epoch: 283	TL: 3.395e-02	VL: 1.482e-02	 8.505e-03	 adam_lr:0.00028125000000000003
Epoch: 284	TL: 3.385e-02	VL: 6.529e-03	 8.308e-03	 adam_lr:0.00028125000000000003
Epoch: 285	TL: 3.451e-02	VL: 5.986e-03	 8.076e-03	 adam_lr:0.00028125000000000003
Epoch: 286	TL: 3.414e-02	VL: 5.137e-03	 7.782e-03	 adam_lr:0.00028125000000000003
Epoch: 287	TL: 3.426e-02	VL: 6.958e-03	 7.699e-03	 adam_lr:0.00028125000000000003
Epoch: 288	TL: 3.354e-02	VL: 7.686e-03	 7.698e-03	 adam_lr:0.00028125000000000003
Epoch: 289	TL: 3.442e-02	VL: 8.764e-03	 7.805e-03	 adam_lr:0.00028125000000000003
Epoch: 290	TL: 3.450e-02	VL: 6.387e-03	 7.663e-03	 adam_lr:0.00028125000000000003
Epoch: 291	TL: 3.360e-02	VL: 7.982e-03	 7.695e-03	 adam_lr:0.00028125000000000003
Epoch: 292	TL: 3.402e-02	VL: 1.073e-02	 7.999e-03	 adam_lr:0.00028125000000000003
Epoch: 293	TL: 3.398e-02	VL: 6.373e-03	 7.836e-03	 adam_lr:0.00028125000000000003
Epoch: 294	TL: 3.427e-02	VL: 6.304e-03	 7.683e-03	 adam_lr:0.00028125000000000003
Epoch: 295	TL: 3.381e-02	VL: 6.056e-03	 7.520e-03	 adam_lr:0.00028125000000000003
Epoch: 296	TL: 3.404e-02	VL: 9.446e-03	 7.713e-03	 adam_lr:0.00028125000000000003
Epoch: 297	TL: 3.386e-02	VL: 7.140e-03	 7.656e-03	 adam_lr:0.00028125000000000003
Epoch: 298	TL: 3.423e-02	VL: 7.004e-03	 7.590e-03	 adam_lr:0.00028125000000000003
Epoch: 299	TL: 3.407e-02	VL: 7.397e-03	 7.571e-03	 adam_lr:0.00028125000000000003
Epoch: 300	TL: 3.343e-02	VL: 6.542e-03	 7.468e-03	 adam_lr:0.00028125000000000003
Epoch: 301	TL: 3.375e-02	VL: 1.667e-02	 8.388e-03	 adam_lr:0.00028125000000000003
Epoch: 302	TL: 3.455e-02	VL: 6.390e-03	 8.188e-03	 adam_lr:0.00028125000000000003
Epoch: 303	TL: 3.387e-02	VL: 7.313e-03	 8.101e-03	 adam_lr:0.00028125000000000003
Epoch: 304	TL: 3.349e-02	VL: 6.468e-03	 7.937e-03	 adam_lr:0.00028125000000000003
Epoch: 305	TL: 3.430e-02	VL: 6.039e-03	 7.748e-03	 adam_lr:0.00028125000000000003
Epoch: 306	TL: 3.402e-02	VL: 8.192e-03	 7.792e-03	 adam_lr:0.00028125000000000003
Epoch: 307	TL: 3.374e-02	VL: 5.765e-03	 7.589e-03	 adam_lr:0.00028125000000000003
Epoch: 308	TL: 3.390e-02	VL: 9.706e-03	 7.801e-03	 adam_lr:0.00028125000000000003
Epoch: 309	TL: 3.383e-02	VL: 5.829e-03	 7.604e-03	 adam_lr:0.00028125000000000003
Epoch: 310	TL: 3.385e-02	VL: 5.997e-03	 7.443e-03	 adam_lr:0.00028125000000000003
Epoch: 311	TL: 3.388e-02	VL: 5.971e-03	 7.296e-03	 adam_lr:0.00028125000000000003
Epoch: 312	TL: 3.393e-02	VL: 7.640e-03	 7.330e-03	 adam_lr:0.00028125000000000003
Epoch: 313	TL: 3.381e-02	VL: 1.062e-02	 7.659e-03	 adam_lr:0.00028125000000000003
Epoch: 314	TL: 3.344e-02	VL: 9.585e-03	 7.852e-03	 adam_lr:0.00028125000000000003
Epoch: 315	TL: 3.327e-02	VL: 6.633e-03	 7.730e-03	 adam_lr:0.00028125000000000003
Epoch: 316	TL: 3.399e-02	VL: 7.365e-03	 7.693e-03	 adam_lr:0.00028125000000000003
Epoch: 317	TL: 3.359e-02	VL: 1.252e-02	 8.176e-03	 adam_lr:0.00028125000000000003
Epoch: 318	TL: 3.356e-02	VL: 8.112e-03	 8.169e-03	 adam_lr:0.00028125000000000003
Epoch: 319	TL: 3.429e-02	VL: 4.913e-03	 7.844e-03	 adam_lr:0.00028125000000000003
Epoch: 320	TL: 3.367e-02	VL: 5.496e-03	 7.609e-03	 adam_lr:0.00028125000000000003
Epoch: 321	TL: 3.310e-02	VL: 5.464e-03	 7.395e-03	 adam_lr:0.00028125000000000003
Epoch: 322	TL: 3.351e-02	VL: 7.350e-03	 7.390e-03	 adam_lr:0.00028125000000000003
Epoch: 323	TL: 3.350e-02	VL: 7.147e-03	 7.366e-03	 adam_lr:0.00028125000000000003
Epoch: 324	TL: 3.357e-02	VL: 5.866e-03	 7.216e-03	 adam_lr:0.00028125000000000003
Epoch: 325	TL: 3.358e-02	VL: 6.988e-03	 7.193e-03	 adam_lr:0.00028125000000000003
Epoch: 326	TL: 3.345e-02	VL: 6.920e-03	 7.166e-03	 adam_lr:0.00028125000000000003
Epoch: 327	TL: 3.409e-02	VL: 1.226e-02	 7.676e-03	 adam_lr:0.00028125000000000003
Epoch: 328	TL: 3.366e-02	VL: 5.945e-03	 7.502e-03	 adam_lr:0.00028125000000000003
Epoch: 329	TL: 3.316e-02	VL: 5.783e-03	 7.330e-03	 adam_lr:0.00028125000000000003
Epoch: 330	TL: 3.354e-02	VL: 5.018e-03	 7.099e-03	 adam_lr:0.00028125000000000003
Epoch: 331	TL: 3.367e-02	VL: 5.194e-03	 6.909e-03	 adam_lr:0.00028125000000000003
Epoch: 332	TL: 3.324e-02	VL: 6.245e-03	 6.842e-03	 adam_lr:0.00028125000000000003
Epoch: 333	TL: 3.340e-02	VL: 8.146e-03	 6.973e-03	 adam_lr:0.00028125000000000003
Epoch: 334	TL: 3.329e-02	VL: 5.249e-03	 6.800e-03	 adam_lr:0.00028125000000000003
Epoch: 335	TL: 3.340e-02	VL: 1.595e-02	 7.715e-03	 adam_lr:0.00028125000000000003
Epoch: 336	TL: 3.354e-02	VL: 1.045e-02	 7.989e-03	 adam_lr:0.00028125000000000003
Epoch: 337	TL: 3.330e-02	VL: 4.992e-03	 7.690e-03	 adam_lr:0.00028125000000000003
Epoch: 338	TL: 3.375e-02	VL: 7.097e-03	 7.630e-03	 adam_lr:0.00028125000000000003
Epoch: 339	TL: 3.340e-02	VL: 8.564e-03	 7.724e-03	 adam_lr:0.00028125000000000003
Epoch: 340	TL: 3.321e-02	VL: 9.205e-03	 7.872e-03	 adam_lr:0.00028125000000000003
Epoch: 341	TL: 3.346e-02	VL: 8.203e-03	 7.905e-03	 adam_lr:0.00028125000000000003
Epoch: 342	TL: 3.321e-02	VL: 7.658e-03	 7.880e-03	 adam_lr:0.00028125000000000003
Epoch: 343	TL: 3.282e-02	VL: 5.240e-03	 7.616e-03	 adam_lr:0.00028125000000000003
Epoch: 344	TL: 3.291e-02	VL: 6.225e-03	 7.477e-03	 adam_lr:0.00028125000000000003
Epoch: 345	TL: 3.349e-02	VL: 7.937e-03	 7.523e-03	 adam_lr:0.00028125000000000003
Epoch: 346	TL: 3.328e-02	VL: 5.714e-03	 7.342e-03	 adam_lr:0.00028125000000000003
Epoch: 347	TL: 3.312e-02	VL: 1.347e-02	 7.955e-03	 adam_lr:0.00028125000000000003
Epoch: 348	TL: 3.305e-02	VL: 6.497e-03	 7.809e-03	 adam_lr:0.00028125000000000003
Epoch: 349	TL: 3.305e-02	VL: 6.034e-03	 7.632e-03	 adam_lr:0.00028125000000000003
Epoch: 350	TL: 3.340e-02	VL: 6.875e-03	 7.556e-03	 adam_lr:0.00028125000000000003
Epoch: 351	TL: 3.282e-02	VL: 5.307e-03	 7.331e-03	 adam_lr:0.00028125000000000003
Epoch: 352	TL: 3.400e-02	VL: 5.300e-03	 7.128e-03	 adam_lr:0.00028125000000000003
Epoch: 353	TL: 3.316e-02	VL: 8.871e-03	 7.302e-03	 adam_lr:0.00028125000000000003
Epoch: 354	TL: 3.357e-02	VL: 6.708e-03	 7.243e-03	 adam_lr:0.00028125000000000003
Epoch: 355	TL: 3.303e-02	VL: 8.008e-03	 7.319e-03	 adam_lr:0.00028125000000000003
Epoch: 356	TL: 3.298e-02	VL: 6.035e-03	 7.191e-03	 adam_lr:0.00028125000000000003
Epoch: 357	TL: 3.286e-02	VL: 4.921e-03	 6.964e-03	 adam_lr:0.00028125000000000003
Epoch: 358	TL: 3.306e-02	VL: 5.809e-03	 6.849e-03	 adam_lr:0.00028125000000000003
Epoch: 359	TL: 3.324e-02	VL: 5.627e-03	 6.726e-03	 adam_lr:0.00028125000000000003
Epoch: 360	TL: 3.351e-02	VL: 5.503e-03	 6.604e-03	 adam_lr:0.00028125000000000003
Epoch: 361	TL: 3.392e-02	VL: 6.097e-03	 6.553e-03	 adam_lr:0.00028125000000000003
Epoch: 362	TL: 3.286e-02	VL: 7.095e-03	 6.608e-03	 adam_lr:0.00028125000000000003
Epoch: 363	TL: 3.295e-02	VL: 1.097e-02	 7.044e-03	 adam_lr:0.00028125000000000003
Epoch: 364	TL: 3.323e-02	VL: 7.967e-03	 7.136e-03	 adam_lr:0.00028125000000000003
Epoch: 365	TL: 3.324e-02	VL: 6.480e-03	 7.070e-03	 adam_lr:0.00028125000000000003
Epoch: 366	TL: 3.272e-02	VL: 4.900e-03	 6.853e-03	 adam_lr:0.00028125000000000003
Epoch: 367	TL: 3.339e-02	VL: 6.512e-03	 6.819e-03	 adam_lr:0.00028125000000000003
Epoch: 368	TL: 3.345e-02	VL: 7.164e-03	 6.854e-03	 adam_lr:0.00028125000000000003
Epoch: 369	TL: 3.303e-02	VL: 6.284e-03	 6.797e-03	 adam_lr:0.00028125000000000003
Epoch: 370	TL: 3.296e-02	VL: 5.603e-03	 6.677e-03	 adam_lr:0.00028125000000000003
Epoch: 371	TL: 3.275e-02	VL: 6.234e-03	 6.633e-03	 adam_lr:0.00028125000000000003
Epoch: 372	TL: 3.366e-02	VL: 7.784e-03	 6.748e-03	 adam_lr:0.00028125000000000003
Epoch: 373	TL: 3.286e-02	VL: 5.518e-03	 6.625e-03	 adam_lr:0.00028125000000000003
Epoch: 374	TL: 3.337e-02	VL: 5.920e-03	 6.555e-03	 adam_lr:0.00028125000000000003
Epoch: 375	TL: 3.299e-02	VL: 8.402e-03	 6.739e-03	 adam_lr:0.00028125000000000003
Epoch: 376	TL: 3.348e-02	VL: 8.159e-03	 6.881e-03	 adam_lr:0.00028125000000000003
Epoch: 377	TL: 3.301e-02	VL: 1.093e-02	 7.286e-03	 adam_lr:0.00028125000000000003
Epoch: 378	TL: 3.271e-02	VL: 5.778e-03	 7.135e-03	 adam_lr:0.00028125000000000003
Epoch: 379	TL: 3.291e-02	VL: 6.198e-03	 7.041e-03	 adam_lr:0.00028125000000000003
Epoch: 380	TL: 3.318e-02	VL: 8.822e-03	 7.219e-03	 adam_lr:0.00028125000000000003
Epoch: 381	TL: 3.288e-02	VL: 6.811e-03	 7.179e-03	 adam_lr:0.00028125000000000003
Epoch: 382	TL: 3.272e-02	VL: 6.096e-03	 7.070e-03	 adam_lr:0.00028125000000000003
Epoch: 383	TL: 3.296e-02	VL: 5.386e-03	 6.902e-03	 adam_lr:0.00028125000000000003
Epoch: 384	TL: 3.255e-02	VL: 5.620e-03	 6.774e-03	 adam_lr:0.00028125000000000003
Epoch: 385	TL: 3.257e-02	VL: 5.401e-03	 6.637e-03	 adam_lr:0.00028125000000000003
Epoch: 386	TL: 3.287e-02	VL: 1.116e-02	 7.089e-03	 adam_lr:0.00028125000000000003
Epoch: 387	TL: 3.336e-02	VL: 6.450e-03	 7.025e-03	 adam_lr:0.00028125000000000003
Epoch: 388	TL: 3.302e-02	VL: 7.495e-03	 7.072e-03	 adam_lr:0.00028125000000000003
Epoch: 389	TL: 3.277e-02	VL: 1.019e-02	 7.384e-03	 adam_lr:0.00028125000000000003
Epoch: 390	TL: 3.293e-02	VL: 5.915e-03	 7.237e-03	 adam_lr:0.00028125000000000003
Epoch: 391	TL: 3.320e-02	VL: 8.359e-03	 7.349e-03	 adam_lr:0.00028125000000000003
Epoch: 392	TL: 3.308e-02	VL: 6.134e-03	 7.228e-03	 adam_lr:0.00028125000000000003
Epoch: 393	TL: 3.160e-02	VL: 7.742e-03	 7.279e-03	 adam_lr:0.00021093750000000002
Epoch: 394	TL: 3.170e-02	VL: 9.722e-03	 7.523e-03	 adam_lr:0.00021093750000000002
Epoch: 395	TL: 3.114e-02	VL: 5.009e-03	 7.272e-03	 adam_lr:0.00021093750000000002
Epoch: 396	TL: 3.157e-02	VL: 4.950e-03	 7.040e-03	 adam_lr:0.00021093750000000002
Epoch: 397	TL: 3.133e-02	VL: 4.949e-03	 6.831e-03	 adam_lr:0.00021093750000000002
Epoch: 398	TL: 3.173e-02	VL: 7.991e-03	 6.947e-03	 adam_lr:0.00021093750000000002
Epoch: 399	TL: 3.191e-02	VL: 6.157e-03	 6.868e-03	 adam_lr:0.00021093750000000002
Epoch: 400	TL: 3.130e-02	VL: 5.963e-03	 6.777e-03	 adam_lr:0.00021093750000000002
Epoch: 401	TL: 3.161e-02	VL: 4.716e-03	 6.571e-03	 adam_lr:0.00021093750000000002
Epoch: 402	TL: 3.138e-02	VL: 6.571e-03	 6.571e-03	 adam_lr:0.00021093750000000002
Epoch: 403	TL: 3.134e-02	VL: 4.739e-03	 6.388e-03	 adam_lr:0.00021093750000000002
Epoch: 404	TL: 3.124e-02	VL: 6.358e-03	 6.385e-03	 adam_lr:0.00021093750000000002
Epoch: 405	TL: 3.184e-02	VL: 1.104e-02	 6.850e-03	 adam_lr:0.00021093750000000002
Epoch: 406	TL: 3.138e-02	VL: 5.138e-03	 6.679e-03	 adam_lr:0.00021093750000000002
Epoch: 407	TL: 3.131e-02	VL: 8.745e-03	 6.886e-03	 adam_lr:0.00021093750000000002
Epoch: 408	TL: 3.132e-02	VL: 4.890e-03	 6.686e-03	 adam_lr:0.00021093750000000002
Epoch: 409	TL: 3.123e-02	VL: 4.957e-03	 6.513e-03	 adam_lr:0.00021093750000000002
Epoch: 410	TL: 3.161e-02	VL: 4.478e-03	 6.310e-03	 adam_lr:0.00021093750000000002
Epoch: 411	TL: 3.126e-02	VL: 6.008e-03	 6.279e-03	 adam_lr:0.00021093750000000002
Epoch: 412	TL: 3.139e-02	VL: 5.314e-03	 6.183e-03	 adam_lr:0.00021093750000000002
Epoch: 413	TL: 3.190e-02	VL: 5.613e-03	 6.126e-03	 adam_lr:0.00021093750000000002
Epoch: 414	TL: 3.153e-02	VL: 7.613e-03	 6.275e-03	 adam_lr:0.00021093750000000002
Epoch: 415	TL: 3.155e-02	VL: 1.034e-02	 6.681e-03	 adam_lr:0.00021093750000000002
Epoch: 416	TL: 3.136e-02	VL: 4.336e-03	 6.446e-03	 adam_lr:0.00021093750000000002
Epoch: 417	TL: 3.117e-02	VL: 5.285e-03	 6.330e-03	 adam_lr:0.00021093750000000002
Epoch: 418	TL: 3.100e-02	VL: 4.989e-03	 6.196e-03	 adam_lr:0.00021093750000000002
Epoch: 419	TL: 3.121e-02	VL: 6.548e-03	 6.231e-03	 adam_lr:0.00021093750000000002
Epoch: 420	TL: 3.110e-02	VL: 8.661e-03	 6.474e-03	 adam_lr:0.00021093750000000002
Epoch: 421	TL: 3.146e-02	VL: 5.788e-03	 6.405e-03	 adam_lr:0.00021093750000000002
Epoch: 422	TL: 3.147e-02	VL: 5.014e-03	 6.266e-03	 adam_lr:0.00021093750000000002
Epoch: 423	TL: 3.095e-02	VL: 4.611e-03	 6.101e-03	 adam_lr:0.00021093750000000002
Epoch: 424	TL: 3.151e-02	VL: 7.667e-03	 6.257e-03	 adam_lr:0.00021093750000000002
Epoch: 425	TL: 3.168e-02	VL: 5.907e-03	 6.222e-03	 adam_lr:0.00021093750000000002
Epoch: 426	TL: 3.115e-02	VL: 9.722e-03	 6.572e-03	 adam_lr:0.00021093750000000002
Epoch: 427	TL: 3.119e-02	VL: 4.136e-03	 6.329e-03	 adam_lr:0.00021093750000000002
Epoch: 428	TL: 3.117e-02	VL: 5.912e-03	 6.287e-03	 adam_lr:0.00021093750000000002
Epoch: 429	TL: 3.150e-02	VL: 6.957e-03	 6.354e-03	 adam_lr:0.00021093750000000002
Epoch: 430	TL: 3.135e-02	VL: 4.966e-03	 6.215e-03	 adam_lr:0.00021093750000000002
Epoch: 431	TL: 3.134e-02	VL: 4.778e-03	 6.071e-03	 adam_lr:0.00021093750000000002
Epoch: 432	TL: 3.083e-02	VL: 5.225e-03	 5.987e-03	 adam_lr:0.00021093750000000002
Epoch: 433	TL: 3.105e-02	VL: 8.031e-03	 6.191e-03	 adam_lr:0.00021093750000000002
Epoch: 434	TL: 3.121e-02	VL: 4.657e-03	 6.038e-03	 adam_lr:0.00021093750000000002
Epoch: 435	TL: 3.149e-02	VL: 9.034e-03	 6.337e-03	 adam_lr:0.00021093750000000002
Epoch: 436	TL: 3.099e-02	VL: 4.980e-03	 6.202e-03	 adam_lr:0.00021093750000000002
Epoch: 437	TL: 3.097e-02	VL: 1.008e-02	 6.590e-03	 adam_lr:0.00021093750000000002
Epoch: 438	TL: 3.117e-02	VL: 4.569e-03	 6.388e-03	 adam_lr:0.00021093750000000002
Epoch: 439	TL: 3.104e-02	VL: 7.810e-03	 6.530e-03	 adam_lr:0.00021093750000000002
Epoch: 440	TL: 3.150e-02	VL: 5.252e-03	 6.402e-03	 adam_lr:0.00021093750000000002
Epoch: 441	TL: 3.099e-02	VL: 4.601e-03	 6.222e-03	 adam_lr:0.00021093750000000002
Epoch: 442	TL: 3.112e-02	VL: 5.487e-03	 6.148e-03	 adam_lr:0.00021093750000000002
Epoch: 443	TL: 3.104e-02	VL: 5.003e-03	 6.034e-03	 adam_lr:0.00021093750000000002
Epoch: 444	TL: 3.105e-02	VL: 6.311e-03	 6.062e-03	 adam_lr:0.00021093750000000002
Epoch: 445	TL: 3.098e-02	VL: 1.096e-02	 6.552e-03	 adam_lr:0.00021093750000000002
Epoch: 446	TL: 3.167e-02	VL: 4.580e-03	 6.355e-03	 adam_lr:0.00021093750000000002
Epoch: 447	TL: 3.089e-02	VL: 8.308e-03	 6.550e-03	 adam_lr:0.00021093750000000002
Epoch: 448	TL: 3.070e-02	VL: 9.485e-03	 6.844e-03	 adam_lr:0.00021093750000000002
Epoch: 449	TL: 3.076e-02	VL: 6.877e-03	 6.847e-03	 adam_lr:0.00021093750000000002
Epoch: 450	TL: 3.092e-02	VL: 6.807e-03	 6.843e-03	 adam_lr:0.00021093750000000002
Epoch: 451	TL: 3.090e-02	VL: 5.100e-03	 6.669e-03	 adam_lr:0.00021093750000000002
Epoch: 452	TL: 3.141e-02	VL: 5.273e-03	 6.529e-03	 adam_lr:0.00021093750000000002
Epoch: 453	TL: 3.098e-02	VL: 4.436e-03	 6.320e-03	 adam_lr:0.00021093750000000002
Epoch: 454	TL: 3.081e-02	VL: 5.075e-03	 6.195e-03	 adam_lr:0.00021093750000000002
Epoch: 455	TL: 3.091e-02	VL: 4.707e-03	 6.046e-03	 adam_lr:0.00021093750000000002
Epoch: 456	TL: 3.116e-02	VL: 6.730e-03	 6.115e-03	 adam_lr:0.00021093750000000002
Epoch: 457	TL: 3.069e-02	VL: 4.490e-03	 5.952e-03	 adam_lr:0.00021093750000000002
Epoch: 458	TL: 3.115e-02	VL: 4.386e-03	 5.796e-03	 adam_lr:0.00021093750000000002
Epoch: 459	TL: 3.073e-02	VL: 4.704e-03	 5.686e-03	 adam_lr:0.00021093750000000002
Epoch: 460	TL: 3.110e-02	VL: 5.744e-03	 5.692e-03	 adam_lr:0.00021093750000000002
Epoch: 461	TL: 3.136e-02	VL: 4.980e-03	 5.621e-03	 adam_lr:0.00021093750000000002
Epoch: 462	TL: 3.107e-02	VL: 5.800e-03	 5.639e-03	 adam_lr:0.00021093750000000002
Epoch: 463	TL: 3.091e-02	VL: 5.192e-03	 5.594e-03	 adam_lr:0.00021093750000000002
Epoch: 464	TL: 3.112e-02	VL: 4.986e-03	 5.533e-03	 adam_lr:0.00021093750000000002
Epoch: 465	TL: 3.088e-02	VL: 6.839e-03	 5.664e-03	 adam_lr:0.00021093750000000002
Epoch: 466	TL: 3.060e-02	VL: 5.387e-03	 5.636e-03	 adam_lr:0.00021093750000000002
Epoch: 467	TL: 3.132e-02	VL: 6.018e-03	 5.674e-03	 adam_lr:0.00021093750000000002
Epoch: 468	TL: 3.091e-02	VL: 5.479e-03	 5.655e-03	 adam_lr:0.00021093750000000002
Epoch: 469	TL: 3.097e-02	VL: 8.975e-03	 5.987e-03	 adam_lr:0.00021093750000000002
Epoch: 470	TL: 3.090e-02	VL: 5.866e-03	 5.975e-03	 adam_lr:0.00021093750000000002
Epoch: 471	TL: 3.117e-02	VL: 4.954e-03	 5.873e-03	 adam_lr:0.00021093750000000002
Epoch: 472	TL: 3.056e-02	VL: 4.451e-03	 5.730e-03	 adam_lr:0.00021093750000000002
Epoch: 473	TL: 3.118e-02	VL: 5.376e-03	 5.695e-03	 adam_lr:0.00021093750000000002
Epoch: 474	TL: 3.075e-02	VL: 5.549e-03	 5.680e-03	 adam_lr:0.00021093750000000002
Epoch: 475	TL: 3.024e-02	VL: 9.812e-03	 6.094e-03	 adam_lr:0.00021093750000000002
Epoch: 476	TL: 3.103e-02	VL: 6.906e-03	 6.175e-03	 adam_lr:0.00021093750000000002
Epoch: 477	TL: 3.061e-02	VL: 5.185e-03	 6.076e-03	 adam_lr:0.00021093750000000002
Epoch: 478	TL: 3.090e-02	VL: 4.894e-03	 5.958e-03	 adam_lr:0.00021093750000000002
Epoch: 479	TL: 3.118e-02	VL: 6.680e-03	 6.030e-03	 adam_lr:0.00021093750000000002
Epoch: 480	TL: 3.141e-02	VL: 6.018e-03	 6.029e-03	 adam_lr:0.00021093750000000002
Epoch: 481	TL: 3.090e-02	VL: 7.671e-03	 6.193e-03	 adam_lr:0.00021093750000000002
Epoch: 482	TL: 3.098e-02	VL: 4.579e-03	 6.031e-03	 adam_lr:0.00021093750000000002
Epoch: 483	TL: 3.048e-02	VL: 5.164e-03	 5.945e-03	 adam_lr:0.00021093750000000002
Epoch: 484	TL: 3.078e-02	VL: 6.618e-03	 6.012e-03	 adam_lr:0.00021093750000000002
Epoch: 485	TL: 3.095e-02	VL: 7.986e-03	 6.209e-03	 adam_lr:0.00021093750000000002
Epoch: 486	TL: 3.108e-02	VL: 5.599e-03	 6.148e-03	 adam_lr:0.00021093750000000002
Epoch: 487	TL: 3.070e-02	VL: 8.304e-03	 6.364e-03	 adam_lr:0.00021093750000000002
Epoch: 488	TL: 3.210e-02	VL: 5.398e-03	 6.267e-03	 adam_lr:0.00021093750000000002
Epoch: 489	TL: 3.127e-02	VL: 5.856e-03	 6.226e-03	 adam_lr:0.00021093750000000002
Epoch: 490	TL: 3.086e-02	VL: 5.435e-03	 6.147e-03	 adam_lr:0.00021093750000000002
Epoch: 491	TL: 3.065e-02	VL: 5.124e-03	 6.045e-03	 adam_lr:0.00021093750000000002
Epoch: 492	TL: 3.071e-02	VL: 4.013e-03	 5.842e-03	 adam_lr:0.00021093750000000002
Epoch: 493	TL: 3.060e-02	VL: 8.474e-03	 6.105e-03	 adam_lr:0.00021093750000000002
Epoch: 494	TL: 3.064e-02	VL: 1.058e-02	 6.553e-03	 adam_lr:0.00021093750000000002
Epoch: 495	TL: 3.062e-02	VL: 7.971e-03	 6.694e-03	 adam_lr:0.00021093750000000002
Epoch: 496	TL: 2.968e-02	VL: 4.186e-03	 6.444e-03	 adam_lr:0.00015820312500000003
Epoch: 497	TL: 2.975e-02	VL: 4.751e-03	 6.274e-03	 adam_lr:0.00015820312500000003
Epoch: 498	TL: 2.972e-02	VL: 3.979e-03	 6.045e-03	 adam_lr:0.00015820312500000003
Epoch: 499	TL: 3.031e-02	VL: 8.576e-03	 6.298e-03	 adam_lr:0.00015820312500000003
Epoch: 500	TL: 3.004e-02	VL: 4.072e-03	 6.075e-03	 adam_lr:0.00015820312500000003
Epoch: 501	TL: 2.958e-02	VL: 4.500e-03	 5.918e-03	 adam_lr:0.00015820312500000003
Epoch: 502	TL: 2.960e-02	VL: 4.486e-03	 5.775e-03	 adam_lr:0.00015820312500000003
Epoch: 503	TL: 2.998e-02	VL: 7.094e-03	 5.907e-03	 adam_lr:0.00015820312500000003
Epoch: 504	TL: 2.935e-02	VL: 7.330e-03	 6.049e-03	 adam_lr:0.00015820312500000003
Epoch: 505	TL: 2.977e-02	VL: 3.803e-03	 5.824e-03	 adam_lr:0.00015820312500000003
Epoch: 506	TL: 2.962e-02	VL: 4.212e-03	 5.663e-03	 adam_lr:0.00015820312500000003
Epoch: 507	TL: 2.982e-02	VL: 4.568e-03	 5.554e-03	 adam_lr:0.00015820312500000003
Epoch: 508	TL: 2.957e-02	VL: 4.534e-03	 5.452e-03	 adam_lr:0.00015820312500000003
Epoch: 509	TL: 2.964e-02	VL: 4.863e-03	 5.393e-03	 adam_lr:0.00015820312500000003
Epoch: 510	TL: 2.980e-02	VL: 5.871e-03	 5.441e-03	 adam_lr:0.00015820312500000003
Epoch: 511	TL: 2.964e-02	VL: 5.180e-03	 5.415e-03	 adam_lr:0.00015820312500000003
Epoch: 512	TL: 2.954e-02	VL: 3.881e-03	 5.261e-03	 adam_lr:0.00015820312500000003
Epoch: 513	TL: 2.959e-02	VL: 4.872e-03	 5.222e-03	 adam_lr:0.00015820312500000003
Epoch: 514	TL: 2.979e-02	VL: 4.648e-03	 5.165e-03	 adam_lr:0.00015820312500000003
Epoch: 515	TL: 2.939e-02	VL: 4.933e-03	 5.142e-03	 adam_lr:0.00015820312500000003
Epoch: 516	TL: 2.997e-02	VL: 4.872e-03	 5.115e-03	 adam_lr:0.00015820312500000003
Epoch: 517	TL: 2.960e-02	VL: 6.307e-03	 5.234e-03	 adam_lr:0.00015820312500000003
Epoch: 518	TL: 2.962e-02	VL: 4.802e-03	 5.191e-03	 adam_lr:0.00015820312500000003
Epoch: 519	TL: 2.939e-02	VL: 4.558e-03	 5.128e-03	 adam_lr:0.00015820312500000003
Epoch: 520	TL: 2.923e-02	VL: 1.012e-02	 5.627e-03	 adam_lr:0.00015820312500000003
Epoch: 521	TL: 2.952e-02	VL: 4.460e-03	 5.510e-03	 adam_lr:0.00015820312500000003
Epoch: 522	TL: 2.940e-02	VL: 8.987e-03	 5.858e-03	 adam_lr:0.00015820312500000003
Epoch: 523	TL: 2.970e-02	VL: 6.740e-03	 5.946e-03	 adam_lr:0.00015820312500000003
Epoch: 524	TL: 2.950e-02	VL: 5.633e-03	 5.915e-03	 adam_lr:0.00015820312500000003
Epoch: 525	TL: 2.990e-02	VL: 4.460e-03	 5.769e-03	 adam_lr:0.00015820312500000003
Epoch: 526	TL: 2.938e-02	VL: 4.963e-03	 5.689e-03	 adam_lr:0.00015820312500000003
Epoch: 527	TL: 2.989e-02	VL: 3.908e-03	 5.511e-03	 adam_lr:0.00015820312500000003
Epoch: 528	TL: 2.961e-02	VL: 6.608e-03	 5.620e-03	 adam_lr:0.00015820312500000003
Epoch: 529	TL: 2.983e-02	VL: 5.329e-03	 5.591e-03	 adam_lr:0.00015820312500000003
Epoch: 530	TL: 2.980e-02	VL: 1.595e-02	 6.627e-03	 adam_lr:0.00015820312500000003
Epoch: 531	TL: 2.949e-02	VL: 6.691e-03	 6.633e-03	 adam_lr:0.00015820312500000003
Epoch: 532	TL: 2.958e-02	VL: 4.015e-03	 6.371e-03	 adam_lr:0.00015820312500000003
Epoch: 533	TL: 2.990e-02	VL: 6.090e-03	 6.343e-03	 adam_lr:0.00015820312500000003
Epoch: 534	TL: 2.979e-02	VL: 4.548e-03	 6.164e-03	 adam_lr:0.00015820312500000003
Epoch: 535	TL: 2.933e-02	VL: 3.806e-03	 5.928e-03	 adam_lr:0.00015820312500000003
Epoch: 536	TL: 2.940e-02	VL: 4.294e-03	 5.765e-03	 adam_lr:0.00015820312500000003
Epoch: 537	TL: 2.952e-02	VL: 4.070e-03	 5.595e-03	 adam_lr:0.00015820312500000003
Epoch: 538	TL: 2.949e-02	VL: 5.354e-03	 5.571e-03	 adam_lr:0.00015820312500000003
Epoch: 539	TL: 2.984e-02	VL: 3.800e-03	 5.394e-03	 adam_lr:0.00015820312500000003
Epoch: 540	TL: 2.951e-02	VL: 6.159e-03	 5.470e-03	 adam_lr:0.00015820312500000003
Epoch: 541	TL: 2.941e-02	VL: 4.217e-03	 5.345e-03	 adam_lr:0.00015820312500000003
Epoch: 542	TL: 2.958e-02	VL: 4.832e-03	 5.294e-03	 adam_lr:0.00015820312500000003
Epoch: 543	TL: 2.928e-02	VL: 6.296e-03	 5.394e-03	 adam_lr:0.00015820312500000003
Epoch: 544	TL: 2.950e-02	VL: 3.959e-03	 5.250e-03	 adam_lr:0.00015820312500000003
Epoch: 545	TL: 2.965e-02	VL: 4.503e-03	 5.176e-03	 adam_lr:0.00015820312500000003
Epoch: 546	TL: 2.959e-02	VL: 6.533e-03	 5.311e-03	 adam_lr:0.00015820312500000003
Epoch: 547	TL: 2.938e-02	VL: 7.202e-03	 5.501e-03	 adam_lr:0.00015820312500000003
Epoch: 548	TL: 2.860e-02	VL: 5.215e-03	 5.472e-03	 adam_lr:0.00011865234375000002
Epoch: 549	TL: 2.846e-02	VL: 5.279e-03	 5.453e-03	 adam_lr:0.00011865234375000002
Epoch: 550	TL: 2.839e-02	VL: 6.799e-03	 5.587e-03	 adam_lr:0.00011865234375000002
Epoch: 551	TL: 2.887e-02	VL: 5.000e-03	 5.529e-03	 adam_lr:0.00011865234375000002
Epoch: 552	TL: 2.880e-02	VL: 5.770e-03	 5.553e-03	 adam_lr:0.00011865234375000002
Epoch: 553	TL: 2.859e-02	VL: 4.860e-03	 5.483e-03	 adam_lr:0.00011865234375000002
Epoch: 554	TL: 2.881e-02	VL: 5.451e-03	 5.480e-03	 adam_lr:0.00011865234375000002
Epoch: 555	TL: 2.880e-02	VL: 4.155e-03	 5.348e-03	 adam_lr:0.00011865234375000002
Epoch: 556	TL: 2.855e-02	VL: 3.848e-03	 5.198e-03	 adam_lr:0.00011865234375000002
Epoch: 557	TL: 2.843e-02	VL: 3.474e-03	 5.025e-03	 adam_lr:0.00011865234375000002
Epoch: 558	TL: 2.834e-02	VL: 4.339e-03	 4.957e-03	 adam_lr:0.00011865234375000002
Epoch: 559	TL: 2.846e-02	VL: 4.061e-03	 4.867e-03	 adam_lr:0.00011865234375000002
Epoch: 560	TL: 2.851e-02	VL: 3.795e-03	 4.760e-03	 adam_lr:0.00011865234375000002
Epoch: 561	TL: 2.889e-02	VL: 4.375e-03	 4.721e-03	 adam_lr:0.00011865234375000002
Epoch: 562	TL: 2.853e-02	VL: 5.963e-03	 4.846e-03	 adam_lr:0.00011865234375000002
Epoch: 563	TL: 2.851e-02	VL: 6.981e-03	 5.059e-03	 adam_lr:0.00011865234375000002
Epoch: 564	TL: 2.844e-02	VL: 4.293e-03	 4.983e-03	 adam_lr:0.00011865234375000002
Epoch: 565	TL: 2.867e-02	VL: 5.772e-03	 5.062e-03	 adam_lr:0.00011865234375000002
Epoch: 566	TL: 2.875e-02	VL: 4.438e-03	 4.999e-03	 adam_lr:0.00011865234375000002
Epoch: 567	TL: 2.879e-02	VL: 5.423e-03	 5.042e-03	 adam_lr:0.00011865234375000002
Epoch: 568	TL: 2.855e-02	VL: 4.361e-03	 4.974e-03	 adam_lr:0.00011865234375000002
Epoch: 569	TL: 2.850e-02	VL: 4.388e-03	 4.915e-03	 adam_lr:0.00011865234375000002
Epoch: 570	TL: 2.869e-02	VL: 5.646e-03	 4.988e-03	 adam_lr:0.00011865234375000002
Epoch: 571	TL: 2.879e-02	VL: 6.430e-03	 5.132e-03	 adam_lr:0.00011865234375000002
Epoch: 572	TL: 2.840e-02	VL: 3.910e-03	 5.010e-03	 adam_lr:0.00011865234375000002
Epoch: 573	TL: 2.867e-02	VL: 6.460e-03	 5.155e-03	 adam_lr:0.00011865234375000002
Epoch: 574	TL: 2.842e-02	VL: 4.585e-03	 5.098e-03	 adam_lr:0.00011865234375000002
Epoch: 575	TL: 2.911e-02	VL: 4.259e-03	 5.014e-03	 adam_lr:0.00011865234375000002
Epoch: 576	TL: 2.852e-02	VL: 5.680e-03	 5.081e-03	 adam_lr:0.00011865234375000002
Epoch: 577	TL: 2.847e-02	VL: 4.114e-03	 4.984e-03	 adam_lr:0.00011865234375000002
Epoch: 578	TL: 2.883e-02	VL: 7.507e-03	 5.236e-03	 adam_lr:0.00011865234375000002
Epoch: 579	TL: 2.852e-02	VL: 4.875e-03	 5.200e-03	 adam_lr:0.00011865234375000002
Epoch: 580	TL: 2.855e-02	VL: 4.952e-03	 5.175e-03	 adam_lr:0.00011865234375000002
Epoch: 581	TL: 2.832e-02	VL: 4.205e-03	 5.078e-03	 adam_lr:0.00011865234375000002
Epoch: 582	TL: 2.841e-02	VL: 4.716e-03	 5.042e-03	 adam_lr:0.00011865234375000002
Epoch: 583	TL: 2.849e-02	VL: 3.886e-03	 4.926e-03	 adam_lr:0.00011865234375000002
Epoch: 584	TL: 2.860e-02	VL: 3.899e-03	 4.824e-03	 adam_lr:0.00011865234375000002
Epoch: 585	TL: 2.860e-02	VL: 5.676e-03	 4.909e-03	 adam_lr:0.00011865234375000002
Epoch: 586	TL: 2.848e-02	VL: 4.457e-03	 4.864e-03	 adam_lr:0.00011865234375000002
Epoch: 587	TL: 2.849e-02	VL: 5.390e-03	 4.916e-03	 adam_lr:0.00011865234375000002
Epoch: 588	TL: 2.865e-02	VL: 5.549e-03	 4.980e-03	 adam_lr:0.00011865234375000002
Epoch: 589	TL: 2.835e-02	VL: 3.563e-03	 4.838e-03	 adam_lr:0.00011865234375000002
Epoch: 590	TL: 2.852e-02	VL: 4.552e-03	 4.809e-03	 adam_lr:0.00011865234375000002
Epoch: 591	TL: 2.840e-02	VL: 4.105e-03	 4.739e-03	 adam_lr:0.00011865234375000002
Epoch: 592	TL: 2.819e-02	VL: 3.720e-03	 4.637e-03	 adam_lr:0.00011865234375000002
Epoch: 593	TL: 2.833e-02	VL: 4.932e-03	 4.666e-03	 adam_lr:0.00011865234375000002
Epoch: 594	TL: 2.836e-02	VL: 5.401e-03	 4.740e-03	 adam_lr:0.00011865234375000002
Epoch: 595	TL: 2.858e-02	VL: 4.896e-03	 4.756e-03	 adam_lr:0.00011865234375000002
Epoch: 596	TL: 2.854e-02	VL: 3.464e-03	 4.626e-03	 adam_lr:0.00011865234375000002
Epoch: 597	TL: 2.837e-02	VL: 3.532e-03	 4.517e-03	 adam_lr:0.00011865234375000002
Epoch: 598	TL: 2.843e-02	VL: 6.229e-03	 4.688e-03	 adam_lr:0.00011865234375000002
Epoch: 599	TL: 2.852e-02	VL: 5.009e-03	 4.720e-03	 adam_lr:0.00011865234375000002
Epoch: 600	TL: 2.840e-02	VL: 4.337e-03	 4.682e-03	 adam_lr:0.00011865234375000002
Epoch: 601	TL: 2.820e-02	VL: 3.778e-03	 4.592e-03	 adam_lr:0.00011865234375000002
Epoch: 602	TL: 2.835e-02	VL: 4.024e-03	 4.535e-03	 adam_lr:0.00011865234375000002
Epoch: 603	TL: 2.848e-02	VL: 4.270e-03	 4.508e-03	 adam_lr:0.00011865234375000002
Epoch: 604	TL: 2.855e-02	VL: 5.084e-03	 4.566e-03	 adam_lr:0.00011865234375000002
Epoch: 605	TL: 2.822e-02	VL: 4.626e-03	 4.572e-03	 adam_lr:0.00011865234375000002
Epoch: 606	TL: 2.844e-02	VL: 4.833e-03	 4.598e-03	 adam_lr:0.00011865234375000002
Epoch: 607	TL: 2.812e-02	VL: 5.771e-03	 4.715e-03	 adam_lr:0.00011865234375000002
Epoch: 608	TL: 2.826e-02	VL: 5.568e-03	 4.801e-03	 adam_lr:0.00011865234375000002
Epoch: 609	TL: 2.838e-02	VL: 4.946e-03	 4.815e-03	 adam_lr:0.00011865234375000002
Epoch: 610	TL: 2.825e-02	VL: 4.711e-03	 4.805e-03	 adam_lr:0.00011865234375000002
Epoch: 611	TL: 2.821e-02	VL: 4.351e-03	 4.759e-03	 adam_lr:0.00011865234375000002
Epoch: 612	TL: 2.839e-02	VL: 4.117e-03	 4.695e-03	 adam_lr:0.00011865234375000002
Epoch: 613	TL: 2.814e-02	VL: 3.720e-03	 4.597e-03	 adam_lr:0.00011865234375000002
Epoch: 614	TL: 2.846e-02	VL: 3.869e-03	 4.525e-03	 adam_lr:0.00011865234375000002
Epoch: 615	TL: 2.829e-02	VL: 4.779e-03	 4.550e-03	 adam_lr:0.00011865234375000002
Epoch: 616	TL: 2.830e-02	VL: 3.840e-03	 4.479e-03	 adam_lr:0.00011865234375000002
Epoch: 617	TL: 2.851e-02	VL: 3.799e-03	 4.411e-03	 adam_lr:0.00011865234375000002
Epoch: 618	TL: 2.825e-02	VL: 3.679e-03	 4.338e-03	 adam_lr:0.00011865234375000002
Epoch: 619	TL: 2.817e-02	VL: 4.397e-03	 4.344e-03	 adam_lr:0.00011865234375000002
Epoch: 620	TL: 2.825e-02	VL: 3.957e-03	 4.305e-03	 adam_lr:0.00011865234375000002
Epoch: 621	TL: 2.824e-02	VL: 5.003e-03	 4.375e-03	 adam_lr:0.00011865234375000002
Epoch: 622	TL: 2.842e-02	VL: 4.554e-03	 4.393e-03	 adam_lr:0.00011865234375000002
Epoch: 623	TL: 2.834e-02	VL: 4.826e-03	 4.436e-03	 adam_lr:0.00011865234375000002
Epoch: 624	TL: 2.815e-02	VL: 4.916e-03	 4.484e-03	 adam_lr:0.00011865234375000002
Epoch: 625	TL: 2.818e-02	VL: 3.547e-03	 4.390e-03	 adam_lr:0.00011865234375000002
Epoch: 626	TL: 2.830e-02	VL: 1.157e-02	 5.108e-03	 adam_lr:0.00011865234375000002
Epoch: 627	TL: 2.850e-02	VL: 5.122e-03	 5.110e-03	 adam_lr:0.00011865234375000002
Epoch: 628	TL: 2.806e-02	VL: 4.804e-03	 5.079e-03	 adam_lr:0.00011865234375000002
Epoch: 629	TL: 2.814e-02	VL: 3.562e-03	 4.928e-03	 adam_lr:0.00011865234375000002
Epoch: 630	TL: 2.833e-02	VL: 4.317e-03	 4.867e-03	 adam_lr:0.00011865234375000002
Epoch: 631	TL: 2.847e-02	VL: 4.154e-03	 4.795e-03	 adam_lr:0.00011865234375000002
Epoch: 632	TL: 2.852e-02	VL: 4.264e-03	 4.742e-03	 adam_lr:0.00011865234375000002
Epoch: 633	TL: 2.831e-02	VL: 4.796e-03	 4.748e-03	 adam_lr:0.00011865234375000002
Epoch: 634	TL: 2.823e-02	VL: 5.200e-03	 4.793e-03	 adam_lr:0.00011865234375000002
Epoch: 635	TL: 2.829e-02	VL: 4.814e-03	 4.795e-03	 adam_lr:0.00011865234375000002
Epoch: 636	TL: 2.807e-02	VL: 4.778e-03	 4.793e-03	 adam_lr:0.00011865234375000002
Epoch: 637	TL: 2.868e-02	VL: 6.663e-03	 4.980e-03	 adam_lr:0.00011865234375000002
Epoch: 638	TL: 2.822e-02	VL: 3.983e-03	 4.881e-03	 adam_lr:0.00011865234375000002
Epoch: 639	TL: 2.812e-02	VL: 4.923e-03	 4.885e-03	 adam_lr:0.00011865234375000002
Epoch: 640	TL: 2.833e-02	VL: 4.414e-03	 4.838e-03	 adam_lr:0.00011865234375000002
Epoch: 641	TL: 2.824e-02	VL: 3.625e-03	 4.717e-03	 adam_lr:0.00011865234375000002
Epoch: 642	TL: 2.830e-02	VL: 8.709e-03	 5.116e-03	 adam_lr:0.00011865234375000002
Epoch: 643	TL: 2.805e-02	VL: 4.517e-03	 5.056e-03	 adam_lr:0.00011865234375000002
Epoch: 644	TL: 2.826e-02	VL: 4.221e-03	 4.972e-03	 adam_lr:0.00011865234375000002
Epoch: 645	TL: 2.837e-02	VL: 4.673e-03	 4.942e-03	 adam_lr:0.00011865234375000002
Epoch: 646	TL: 2.823e-02	VL: 1.091e-02	 5.540e-03	 adam_lr:0.00011865234375000002
Epoch: 647	TL: 2.851e-02	VL: 3.843e-03	 5.370e-03	 adam_lr:0.00011865234375000002
Epoch: 648	TL: 2.848e-02	VL: 4.974e-03	 5.330e-03	 adam_lr:0.00011865234375000002
Epoch: 649	TL: 2.819e-02	VL: 5.846e-03	 5.382e-03	 adam_lr:0.00011865234375000002
Epoch: 650	TL: 2.846e-02	VL: 4.244e-03	 5.268e-03	 adam_lr:0.00011865234375000002
Epoch: 651	TL: 2.832e-02	VL: 3.961e-03	 5.137e-03	 adam_lr:0.00011865234375000002
Epoch: 652	TL: 2.780e-02	VL: 4.178e-03	 5.041e-03	 adam_lr:8.898925781250001e-05
Epoch: 653	TL: 2.744e-02	VL: 3.354e-03	 4.873e-03	 adam_lr:8.898925781250001e-05
Epoch: 654	TL: 2.774e-02	VL: 3.965e-03	 4.782e-03	 adam_lr:8.898925781250001e-05
Epoch: 655	TL: 2.757e-02	VL: 5.233e-03	 4.827e-03	 adam_lr:8.898925781250001e-05
Epoch: 656	TL: 2.754e-02	VL: 5.514e-03	 4.896e-03	 adam_lr:8.898925781250001e-05
Epoch: 657	TL: 2.756e-02	VL: 3.568e-03	 4.763e-03	 adam_lr:8.898925781250001e-05
Epoch: 658	TL: 2.757e-02	VL: 3.881e-03	 4.675e-03	 adam_lr:8.898925781250001e-05
Epoch: 659	TL: 2.808e-02	VL: 4.176e-03	 4.625e-03	 adam_lr:8.898925781250001e-05
Epoch: 660	TL: 2.754e-02	VL: 4.065e-03	 4.569e-03	 adam_lr:8.898925781250001e-05
Epoch: 661	TL: 2.770e-02	VL: 3.567e-03	 4.469e-03	 adam_lr:8.898925781250001e-05
Epoch: 662	TL: 2.736e-02	VL: 3.705e-03	 4.392e-03	 adam_lr:8.898925781250001e-05
Epoch: 663	TL: 2.744e-02	VL: 3.704e-03	 4.324e-03	 adam_lr:8.898925781250001e-05
Epoch: 664	TL: 2.778e-02	VL: 3.936e-03	 4.285e-03	 adam_lr:8.898925781250001e-05
Epoch: 665	TL: 2.757e-02	VL: 4.342e-03	 4.291e-03	 adam_lr:8.898925781250001e-05
Epoch: 666	TL: 2.762e-02	VL: 4.760e-03	 4.337e-03	 adam_lr:8.898925781250001e-05
Epoch: 667	TL: 2.739e-02	VL: 4.854e-03	 4.389e-03	 adam_lr:8.898925781250001e-05
Epoch: 668	TL: 2.780e-02	VL: 4.162e-03	 4.366e-03	 adam_lr:8.898925781250001e-05
Epoch: 669	TL: 2.802e-02	VL: 5.587e-03	 4.489e-03	 adam_lr:8.898925781250001e-05
Epoch: 670	TL: 2.752e-02	VL: 3.685e-03	 4.408e-03	 adam_lr:8.898925781250001e-05
Epoch: 671	TL: 2.741e-02	VL: 3.637e-03	 4.331e-03	 adam_lr:8.898925781250001e-05
Epoch: 672	TL: 2.742e-02	VL: 3.536e-03	 4.251e-03	 adam_lr:8.898925781250001e-05
Epoch: 673	TL: 2.753e-02	VL: 6.127e-03	 4.439e-03	 adam_lr:8.898925781250001e-05
Epoch: 674	TL: 2.762e-02	VL: 5.040e-03	 4.499e-03	 adam_lr:8.898925781250001e-05
Epoch: 675	TL: 2.756e-02	VL: 3.394e-03	 4.389e-03	 adam_lr:8.898925781250001e-05
Epoch: 676	TL: 2.773e-02	VL: 4.671e-03	 4.417e-03	 adam_lr:8.898925781250001e-05
Epoch: 677	TL: 2.752e-02	VL: 3.557e-03	 4.331e-03	 adam_lr:8.898925781250001e-05
Epoch: 678	TL: 2.757e-02	VL: 4.600e-03	 4.358e-03	 adam_lr:8.898925781250001e-05
Epoch: 679	TL: 2.733e-02	VL: 4.811e-03	 4.403e-03	 adam_lr:8.898925781250001e-05
Epoch: 680	TL: 2.740e-02	VL: 4.224e-03	 4.385e-03	 adam_lr:8.898925781250001e-05
Epoch: 681	TL: 2.740e-02	VL: 6.161e-03	 4.563e-03	 adam_lr:8.898925781250001e-05
Epoch: 682	TL: 2.743e-02	VL: 5.515e-03	 4.658e-03	 adam_lr:8.898925781250001e-05
Epoch: 683	TL: 2.757e-02	VL: 3.459e-03	 4.538e-03	 adam_lr:8.898925781250001e-05
Epoch: 684	TL: 2.769e-02	VL: 3.483e-03	 4.433e-03	 adam_lr:8.898925781250001e-05
Epoch: 685	TL: 2.766e-02	VL: 5.361e-03	 4.525e-03	 adam_lr:8.898925781250001e-05
Epoch: 686	TL: 2.737e-02	VL: 3.955e-03	 4.468e-03	 adam_lr:8.898925781250001e-05
Epoch: 687	TL: 2.736e-02	VL: 3.574e-03	 4.379e-03	 adam_lr:8.898925781250001e-05
Epoch: 688	TL: 2.733e-02	VL: 3.721e-03	 4.313e-03	 adam_lr:8.898925781250001e-05
Epoch: 689	TL: 2.737e-02	VL: 4.271e-03	 4.309e-03	 adam_lr:8.898925781250001e-05
Epoch: 690	TL: 2.727e-02	VL: 4.954e-03	 4.374e-03	 adam_lr:8.898925781250001e-05
Epoch: 691	TL: 2.719e-02	VL: 4.265e-03	 4.363e-03	 adam_lr:8.898925781250001e-05
Epoch: 692	TL: 2.736e-02	VL: 5.330e-03	 4.459e-03	 adam_lr:8.898925781250001e-05
Epoch: 693	TL: 2.749e-02	VL: 4.834e-03	 4.497e-03	 adam_lr:8.898925781250001e-05
Epoch: 694	TL: 2.780e-02	VL: 3.871e-03	 4.434e-03	 adam_lr:8.898925781250001e-05
Epoch: 695	TL: 2.728e-02	VL: 6.929e-03	 4.684e-03	 adam_lr:8.898925781250001e-05
Epoch: 696	TL: 2.739e-02	VL: 4.984e-03	 4.714e-03	 adam_lr:8.898925781250001e-05
Epoch: 697	TL: 2.761e-02	VL: 4.087e-03	 4.651e-03	 adam_lr:8.898925781250001e-05
Epoch: 698	TL: 2.742e-02	VL: 4.658e-03	 4.652e-03	 adam_lr:8.898925781250001e-05
Epoch: 699	TL: 2.721e-02	VL: 4.364e-03	 4.623e-03	 adam_lr:8.898925781250001e-05
Epoch: 700	TL: 2.709e-02	VL: 3.749e-03	 4.536e-03	 adam_lr:8.898925781250001e-05
Epoch: 701	TL: 2.723e-02	VL: 3.319e-03	 4.414e-03	 adam_lr:8.898925781250001e-05
Epoch: 702	TL: 2.725e-02	VL: 3.506e-03	 4.323e-03	 adam_lr:8.898925781250001e-05
Epoch: 703	TL: 2.776e-02	VL: 3.555e-03	 4.246e-03	 adam_lr:8.898925781250001e-05
Epoch: 704	TL: 2.711e-02	VL: 3.788e-03	 4.201e-03	 adam_lr:8.898925781250001e-05
Epoch: 705	TL: 2.743e-02	VL: 3.950e-03	 4.176e-03	 adam_lr:8.898925781250001e-05
Epoch: 706	TL: 2.742e-02	VL: 4.948e-03	 4.253e-03	 adam_lr:8.898925781250001e-05
Epoch: 707	TL: 2.728e-02	VL: 4.700e-03	 4.297e-03	 adam_lr:8.898925781250001e-05
Epoch: 708	TL: 2.736e-02	VL: 3.464e-03	 4.214e-03	 adam_lr:8.898925781250001e-05
Epoch: 709	TL: 2.718e-02	VL: 3.582e-03	 4.151e-03	 adam_lr:8.898925781250001e-05
Epoch: 710	TL: 2.738e-02	VL: 3.839e-03	 4.120e-03	 adam_lr:8.898925781250001e-05
Epoch: 711	TL: 2.744e-02	VL: 4.232e-03	 4.131e-03	 adam_lr:8.898925781250001e-05
Epoch: 712	TL: 2.732e-02	VL: 3.572e-03	 4.075e-03	 adam_lr:8.898925781250001e-05
Epoch: 713	TL: 2.729e-02	VL: 4.723e-03	 4.140e-03	 adam_lr:8.898925781250001e-05
Epoch: 714	TL: 2.733e-02	VL: 4.197e-03	 4.146e-03	 adam_lr:8.898925781250001e-05
Epoch: 715	TL: 2.771e-02	VL: 4.368e-03	 4.168e-03	 adam_lr:8.898925781250001e-05
Epoch: 716	TL: 2.725e-02	VL: 3.588e-03	 4.110e-03	 adam_lr:8.898925781250001e-05
Epoch: 717	TL: 2.730e-02	VL: 3.971e-03	 4.096e-03	 adam_lr:8.898925781250001e-05
Epoch: 718	TL: 2.763e-02	VL: 3.843e-03	 4.071e-03	 adam_lr:8.898925781250001e-05
Epoch: 719	TL: 2.712e-02	VL: 3.764e-03	 4.040e-03	 adam_lr:8.898925781250001e-05
Epoch: 720	TL: 2.720e-02	VL: 4.663e-03	 4.102e-03	 adam_lr:8.898925781250001e-05
Epoch: 721	TL: 2.730e-02	VL: 5.071e-03	 4.199e-03	 adam_lr:8.898925781250001e-05
Epoch: 722	TL: 2.768e-02	VL: 5.016e-03	 4.281e-03	 adam_lr:8.898925781250001e-05
Epoch: 723	TL: 2.727e-02	VL: 3.563e-03	 4.209e-03	 adam_lr:8.898925781250001e-05
Epoch: 724	TL: 2.713e-02	VL: 4.407e-03	 4.229e-03	 adam_lr:8.898925781250001e-05
Epoch: 725	TL: 2.752e-02	VL: 3.330e-03	 4.139e-03	 adam_lr:8.898925781250001e-05
Epoch: 726	TL: 2.744e-02	VL: 4.109e-03	 4.136e-03	 adam_lr:8.898925781250001e-05
Epoch: 727	TL: 2.738e-02	VL: 3.942e-03	 4.117e-03	 adam_lr:8.898925781250001e-05
Epoch: 728	TL: 2.722e-02	VL: 3.765e-03	 4.081e-03	 adam_lr:8.898925781250001e-05
Epoch: 729	TL: 2.736e-02	VL: 4.629e-03	 4.136e-03	 adam_lr:8.898925781250001e-05
Epoch: 730	TL: 2.738e-02	VL: 4.038e-03	 4.126e-03	 adam_lr:8.898925781250001e-05
Epoch: 731	TL: 2.716e-02	VL: 4.572e-03	 4.171e-03	 adam_lr:8.898925781250001e-05
Epoch: 732	TL: 2.734e-02	VL: 4.247e-03	 4.179e-03	 adam_lr:8.898925781250001e-05
Epoch: 733	TL: 2.751e-02	VL: 4.140e-03	 4.175e-03	 adam_lr:8.898925781250001e-05
Epoch: 734	TL: 2.724e-02	VL: 3.914e-03	 4.149e-03	 adam_lr:8.898925781250001e-05
Epoch: 735	TL: 2.713e-02	VL: 4.137e-03	 4.148e-03	 adam_lr:8.898925781250001e-05
Epoch: 736	TL: 2.730e-02	VL: 4.249e-03	 4.158e-03	 adam_lr:8.898925781250001e-05
Epoch: 737	TL: 2.740e-02	VL: 3.537e-03	 4.096e-03	 adam_lr:8.898925781250001e-05
Epoch: 738	TL: 2.739e-02	VL: 3.534e-03	 4.039e-03	 adam_lr:8.898925781250001e-05
Epoch: 739	TL: 2.720e-02	VL: 3.753e-03	 4.011e-03	 adam_lr:8.898925781250001e-05
Epoch: 740	TL: 2.740e-02	VL: 3.551e-03	 3.965e-03	 adam_lr:8.898925781250001e-05
Epoch: 741	TL: 2.740e-02	VL: 3.777e-03	 3.946e-03	 adam_lr:8.898925781250001e-05
Epoch: 742	TL: 2.714e-02	VL: 5.044e-03	 4.056e-03	 adam_lr:8.898925781250001e-05
Epoch: 743	TL: 2.758e-02	VL: 6.421e-03	 4.292e-03	 adam_lr:8.898925781250001e-05
Epoch: 744	TL: 2.739e-02	VL: 3.637e-03	 4.227e-03	 adam_lr:8.898925781250001e-05
Epoch: 745	TL: 2.729e-02	VL: 3.648e-03	 4.169e-03	 adam_lr:8.898925781250001e-05
Epoch: 746	TL: 2.739e-02	VL: 5.058e-03	 4.258e-03	 adam_lr:8.898925781250001e-05
Epoch: 747	TL: 2.706e-02	VL: 3.829e-03	 4.215e-03	 adam_lr:8.898925781250001e-05
Epoch: 748	TL: 2.732e-02	VL: 4.367e-03	 4.230e-03	 adam_lr:8.898925781250001e-05
Epoch: 749	TL: 2.732e-02	VL: 4.090e-03	 4.216e-03	 adam_lr:8.898925781250001e-05
Epoch: 750	TL: 2.723e-02	VL: 3.671e-03	 4.162e-03	 adam_lr:8.898925781250001e-05
Epoch: 751	TL: 2.691e-02	VL: 4.273e-03	 4.173e-03	 adam_lr:8.898925781250001e-05
Epoch: 752	TL: 2.724e-02	VL: 3.505e-03	 4.106e-03	 adam_lr:8.898925781250001e-05
Epoch: 753	TL: 2.728e-02	VL: 4.132e-03	 4.109e-03	 adam_lr:8.898925781250001e-05
Epoch: 754	TL: 2.755e-02	VL: 6.412e-03	 4.339e-03	 adam_lr:8.898925781250001e-05
Epoch: 755	TL: 2.725e-02	VL: 5.923e-03	 4.497e-03	 adam_lr:8.898925781250001e-05
Epoch: 756	TL: 2.733e-02	VL: 5.502e-03	 4.598e-03	 adam_lr:8.898925781250001e-05
Epoch: 757	TL: 2.732e-02	VL: 3.454e-03	 4.483e-03	 adam_lr:8.898925781250001e-05
Epoch: 758	TL: 2.674e-02	VL: 4.029e-03	 4.438e-03	 adam_lr:8.898925781250001e-05
Epoch: 759	TL: 2.696e-02	VL: 4.283e-03	 4.422e-03	 adam_lr:8.898925781250001e-05
Epoch: 760	TL: 2.723e-02	VL: 3.997e-03	 4.380e-03	 adam_lr:8.898925781250001e-05
Epoch: 761	TL: 2.723e-02	VL: 3.857e-03	 4.328e-03	 adam_lr:8.898925781250001e-05
Epoch: 762	TL: 2.710e-02	VL: 5.607e-03	 4.456e-03	 adam_lr:8.898925781250001e-05
Epoch: 763	TL: 2.714e-02	VL: 4.655e-03	 4.476e-03	 adam_lr:8.898925781250001e-05
Epoch: 764	TL: 2.739e-02	VL: 5.077e-03	 4.536e-03	 adam_lr:8.898925781250001e-05
Epoch: 765	TL: 2.712e-02	VL: 6.492e-03	 4.731e-03	 adam_lr:8.898925781250001e-05
Epoch: 766	TL: 2.698e-02	VL: 4.509e-03	 4.709e-03	 adam_lr:8.898925781250001e-05
Epoch: 767	TL: 2.730e-02	VL: 4.490e-03	 4.687e-03	 adam_lr:8.898925781250001e-05
Epoch: 768	TL: 2.713e-02	VL: 4.394e-03	 4.658e-03	 adam_lr:8.898925781250001e-05
Epoch: 769	TL: 2.756e-02	VL: 3.415e-03	 4.534e-03	 adam_lr:8.898925781250001e-05
Epoch: 770	TL: 2.726e-02	VL: 3.618e-03	 4.442e-03	 adam_lr:8.898925781250001e-05
Epoch: 771	TL: 2.727e-02	VL: 3.801e-03	 4.378e-03	 adam_lr:8.898925781250001e-05
Epoch: 772	TL: 2.697e-02	VL: 4.213e-03	 4.361e-03	 adam_lr:8.898925781250001e-05
Epoch: 773	TL: 2.679e-02	VL: 3.445e-03	 4.270e-03	 adam_lr:6.674194335937501e-05
Epoch: 774	TL: 2.666e-02	VL: 4.876e-03	 4.330e-03	 adam_lr:6.674194335937501e-05
Epoch: 775	TL: 2.662e-02	VL: 3.831e-03	 4.280e-03	 adam_lr:6.674194335937501e-05
Epoch: 776	TL: 2.673e-02	VL: 6.612e-03	 4.514e-03	 adam_lr:6.674194335937501e-05
Epoch: 777	TL: 2.676e-02	VL: 3.917e-03	 4.454e-03	 adam_lr:6.674194335937501e-05
Epoch: 778	TL: 2.676e-02	VL: 3.545e-03	 4.363e-03	 adam_lr:6.674194335937501e-05
Epoch: 779	TL: 2.683e-02	VL: 5.849e-03	 4.512e-03	 adam_lr:6.674194335937501e-05
Epoch: 780	TL: 2.652e-02	VL: 4.646e-03	 4.525e-03	 adam_lr:6.674194335937501e-05
Epoch: 781	TL: 2.682e-02	VL: 4.502e-03	 4.523e-03	 adam_lr:6.674194335937501e-05
Epoch: 782	TL: 2.674e-02	VL: 3.684e-03	 4.439e-03	 adam_lr:6.674194335937501e-05
Epoch: 783	TL: 2.703e-02	VL: 4.295e-03	 4.425e-03	 adam_lr:6.674194335937501e-05
Epoch: 784	TL: 2.657e-02	VL: 3.684e-03	 4.350e-03	 adam_lr:6.674194335937501e-05
Epoch: 785	TL: 2.662e-02	VL: 4.504e-03	 4.366e-03	 adam_lr:6.674194335937501e-05
Epoch: 786	TL: 2.693e-02	VL: 5.056e-03	 4.435e-03	 adam_lr:6.674194335937501e-05
Epoch: 787	TL: 2.684e-02	VL: 3.640e-03	 4.355e-03	 adam_lr:6.674194335937501e-05
Epoch: 788	TL: 2.682e-02	VL: 4.550e-03	 4.375e-03	 adam_lr:6.674194335937501e-05
Epoch: 789	TL: 2.671e-02	VL: 4.020e-03	 4.339e-03	 adam_lr:6.674194335937501e-05
Epoch: 790	TL: 2.673e-02	VL: 3.136e-03	 4.219e-03	 adam_lr:6.674194335937501e-05
Epoch: 791	TL: 2.671e-02	VL: 7.163e-03	 4.513e-03	 adam_lr:6.674194335937501e-05
Epoch: 792	TL: 2.684e-02	VL: 5.839e-03	 4.646e-03	 adam_lr:6.674194335937501e-05
Epoch: 793	TL: 2.677e-02	VL: 3.473e-03	 4.529e-03	 adam_lr:6.674194335937501e-05
Epoch: 794	TL: 2.672e-02	VL: 4.387e-03	 4.515e-03	 adam_lr:6.674194335937501e-05
Epoch: 795	TL: 2.686e-02	VL: 3.835e-03	 4.447e-03	 adam_lr:6.674194335937501e-05
Epoch: 796	TL: 2.666e-02	VL: 4.788e-03	 4.481e-03	 adam_lr:6.674194335937501e-05
Epoch: 797	TL: 2.684e-02	VL: 3.852e-03	 4.418e-03	 adam_lr:6.674194335937501e-05
Epoch: 798	TL: 2.656e-02	VL: 3.963e-03	 4.372e-03	 adam_lr:6.674194335937501e-05
Epoch: 799	TL: 2.686e-02	VL: 3.366e-03	 4.272e-03	 adam_lr:6.674194335937501e-05
Epoch: 800	TL: 2.694e-02	VL: 3.691e-03	 4.214e-03	 adam_lr:6.674194335937501e-05
Epoch: 801	TL: 2.681e-02	VL: 3.169e-03	 4.109e-03	 adam_lr:6.674194335937501e-05
Epoch: 802	TL: 2.645e-02	VL: 4.223e-03	 4.121e-03	 adam_lr:6.674194335937501e-05
Epoch: 803	TL: 2.659e-02	VL: 3.388e-03	 4.047e-03	 adam_lr:6.674194335937501e-05
Epoch: 804	TL: 2.623e-02	VL: 3.802e-03	 4.023e-03	 adam_lr:5.0056457519531256e-05
Epoch: 805	TL: 2.624e-02	VL: 3.184e-03	 3.939e-03	 adam_lr:5.0056457519531256e-05
Epoch: 806	TL: 2.618e-02	VL: 3.610e-03	 3.906e-03	 adam_lr:5.0056457519531256e-05
Epoch: 807	TL: 2.618e-02	VL: 3.626e-03	 3.878e-03	 adam_lr:5.0056457519531256e-05
Epoch: 808	TL: 2.619e-02	VL: 3.306e-03	 3.821e-03	 adam_lr:5.0056457519531256e-05
Epoch: 809	TL: 2.608e-02	VL: 3.650e-03	 3.804e-03	 adam_lr:5.0056457519531256e-05
Epoch: 810	TL: 2.649e-02	VL: 3.323e-03	 3.756e-03	 adam_lr:5.0056457519531256e-05
Epoch: 811	TL: 2.643e-02	VL: 3.206e-03	 3.701e-03	 adam_lr:5.0056457519531256e-05
Epoch: 812	TL: 2.647e-02	VL: 3.575e-03	 3.688e-03	 adam_lr:5.0056457519531256e-05
Epoch: 813	TL: 2.643e-02	VL: 4.840e-03	 3.803e-03	 adam_lr:5.0056457519531256e-05
Epoch: 814	TL: 2.655e-02	VL: 4.740e-03	 3.897e-03	 adam_lr:5.0056457519531256e-05
Epoch: 815	TL: 2.615e-02	VL: 4.128e-03	 3.920e-03	 adam_lr:5.0056457519531256e-05
Epoch: 816	TL: 2.621e-02	VL: 3.669e-03	 3.895e-03	 adam_lr:5.0056457519531256e-05
Epoch: 817	TL: 2.637e-02	VL: 4.131e-03	 3.919e-03	 adam_lr:5.0056457519531256e-05
Epoch: 818	TL: 2.638e-02	VL: 3.417e-03	 3.868e-03	 adam_lr:5.0056457519531256e-05
Epoch: 819	TL: 2.624e-02	VL: 3.529e-03	 3.835e-03	 adam_lr:5.0056457519531256e-05
Epoch: 820	TL: 2.640e-02	VL: 3.881e-03	 3.839e-03	 adam_lr:5.0056457519531256e-05
Epoch: 821	TL: 2.623e-02	VL: 3.580e-03	 3.813e-03	 adam_lr:5.0056457519531256e-05
Epoch: 822	TL: 2.631e-02	VL: 3.587e-03	 3.791e-03	 adam_lr:5.0056457519531256e-05
Epoch: 823	TL: 2.616e-02	VL: 3.174e-03	 3.729e-03	 adam_lr:5.0056457519531256e-05
Epoch: 824	TL: 2.589e-02	VL: 4.588e-03	 3.815e-03	 adam_lr:5.0056457519531256e-05
Epoch: 825	TL: 2.621e-02	VL: 3.476e-03	 3.781e-03	 adam_lr:5.0056457519531256e-05
Epoch: 826	TL: 2.595e-02	VL: 3.505e-03	 3.753e-03	 adam_lr:5.0056457519531256e-05
Epoch: 827	TL: 2.596e-02	VL: 3.348e-03	 3.713e-03	 adam_lr:5.0056457519531256e-05
Epoch: 828	TL: 2.623e-02	VL: 3.558e-03	 3.697e-03	 adam_lr:5.0056457519531256e-05
Epoch: 829	TL: 2.590e-02	VL: 3.542e-03	 3.682e-03	 adam_lr:5.0056457519531256e-05
Epoch: 830	TL: 2.634e-02	VL: 3.099e-03	 3.624e-03	 adam_lr:5.0056457519531256e-05
Epoch: 831	TL: 2.641e-02	VL: 4.057e-03	 3.667e-03	 adam_lr:5.0056457519531256e-05
Epoch: 832	TL: 2.629e-02	VL: 3.832e-03	 3.683e-03	 adam_lr:5.0056457519531256e-05
Epoch: 833	TL: 2.623e-02	VL: 3.448e-03	 3.660e-03	 adam_lr:5.0056457519531256e-05
Epoch: 834	TL: 2.619e-02	VL: 3.108e-03	 3.605e-03	 adam_lr:5.0056457519531256e-05
Epoch: 835	TL: 2.640e-02	VL: 4.178e-03	 3.662e-03	 adam_lr:5.0056457519531256e-05
Epoch: 836	TL: 2.612e-02	VL: 3.111e-03	 3.607e-03	 adam_lr:5.0056457519531256e-05
Epoch: 837	TL: 2.610e-02	VL: 3.157e-03	 3.562e-03	 adam_lr:5.0056457519531256e-05
Epoch: 838	TL: 2.642e-02	VL: 3.790e-03	 3.585e-03	 adam_lr:5.0056457519531256e-05
Epoch: 839	TL: 2.641e-02	VL: 6.100e-03	 3.836e-03	 adam_lr:5.0056457519531256e-05
Epoch: 840	TL: 2.626e-02	VL: 3.682e-03	 3.821e-03	 adam_lr:5.0056457519531256e-05
Epoch: 841	TL: 2.607e-02	VL: 4.216e-03	 3.860e-03	 adam_lr:5.0056457519531256e-05
Epoch: 842	TL: 2.609e-02	VL: 3.390e-03	 3.813e-03	 adam_lr:5.0056457519531256e-05
Epoch: 843	TL: 2.627e-02	VL: 3.628e-03	 3.795e-03	 adam_lr:5.0056457519531256e-05
Epoch: 844	TL: 2.631e-02	VL: 3.617e-03	 3.777e-03	 adam_lr:5.0056457519531256e-05
Epoch: 845	TL: 2.633e-02	VL: 3.359e-03	 3.735e-03	 adam_lr:5.0056457519531256e-05
Epoch: 846	TL: 2.597e-02	VL: 3.459e-03	 3.708e-03	 adam_lr:5.0056457519531256e-05
Epoch: 847	TL: 2.609e-02	VL: 3.174e-03	 3.654e-03	 adam_lr:5.0056457519531256e-05
Epoch: 848	TL: 2.605e-02	VL: 4.049e-03	 3.694e-03	 adam_lr:5.0056457519531256e-05
Epoch: 849	TL: 2.618e-02	VL: 4.024e-03	 3.727e-03	 adam_lr:5.0056457519531256e-05
Epoch: 850	TL: 2.604e-02	VL: 3.350e-03	 3.689e-03	 adam_lr:5.0056457519531256e-05
Epoch: 851	TL: 2.632e-02	VL: 3.108e-03	 3.631e-03	 adam_lr:5.0056457519531256e-05
Epoch: 852	TL: 2.627e-02	VL: 4.858e-03	 3.754e-03	 adam_lr:5.0056457519531256e-05
Epoch: 853	TL: 2.622e-02	VL: 3.622e-03	 3.741e-03	 adam_lr:5.0056457519531256e-05
Epoch: 854	TL: 2.618e-02	VL: 3.016e-03	 3.668e-03	 adam_lr:5.0056457519531256e-05
Epoch: 855	TL: 2.614e-02	VL: 3.870e-03	 3.688e-03	 adam_lr:5.0056457519531256e-05
Epoch: 856	TL: 2.617e-02	VL: 4.218e-03	 3.741e-03	 adam_lr:5.0056457519531256e-05
Epoch: 857	TL: 2.606e-02	VL: 4.026e-03	 3.770e-03	 adam_lr:5.0056457519531256e-05
Epoch: 858	TL: 2.605e-02	VL: 6.054e-03	 3.998e-03	 adam_lr:5.0056457519531256e-05
Epoch: 859	TL: 2.588e-02	VL: 3.788e-03	 3.977e-03	 adam_lr:5.0056457519531256e-05
Epoch: 860	TL: 2.640e-02	VL: 3.612e-03	 3.941e-03	 adam_lr:5.0056457519531256e-05
Epoch: 861	TL: 2.589e-02	VL: 3.178e-03	 3.864e-03	 adam_lr:5.0056457519531256e-05
Epoch: 862	TL: 2.629e-02	VL: 3.419e-03	 3.820e-03	 adam_lr:5.0056457519531256e-05
Epoch: 863	TL: 2.637e-02	VL: 3.510e-03	 3.789e-03	 adam_lr:5.0056457519531256e-05
Epoch: 864	TL: 2.617e-02	VL: 3.904e-03	 3.800e-03	 adam_lr:5.0056457519531256e-05
Epoch: 865	TL: 2.629e-02	VL: 3.217e-03	 3.742e-03	 adam_lr:5.0056457519531256e-05
Epoch: 866	TL: 2.617e-02	VL: 3.177e-03	 3.686e-03	 adam_lr:5.0056457519531256e-05
Epoch: 867	TL: 2.603e-02	VL: 3.310e-03	 3.648e-03	 adam_lr:5.0056457519531256e-05
Epoch: 868	TL: 2.607e-02	VL: 3.158e-03	 3.599e-03	 adam_lr:5.0056457519531256e-05
Epoch: 869	TL: 2.579e-02	VL: 3.161e-03	 3.555e-03	 adam_lr:3.7542343139648444e-05
Epoch: 870	TL: 2.601e-02	VL: 3.179e-03	 3.518e-03	 adam_lr:3.7542343139648444e-05
Epoch: 871	TL: 2.566e-02	VL: 3.171e-03	 3.483e-03	 adam_lr:3.7542343139648444e-05
Epoch: 872	TL: 2.600e-02	VL: 3.328e-03	 3.467e-03	 adam_lr:3.7542343139648444e-05
Epoch: 873	TL: 2.562e-02	VL: 3.142e-03	 3.435e-03	 adam_lr:3.7542343139648444e-05
Epoch: 874	TL: 2.590e-02	VL: 3.326e-03	 3.424e-03	 adam_lr:3.7542343139648444e-05
Epoch: 875	TL: 2.619e-02	VL: 3.203e-03	 3.402e-03	 adam_lr:3.7542343139648444e-05
Epoch: 876	TL: 2.594e-02	VL: 4.663e-03	 3.528e-03	 adam_lr:3.7542343139648444e-05
Epoch: 877	TL: 2.585e-02	VL: 3.206e-03	 3.496e-03	 adam_lr:3.7542343139648444e-05
Epoch: 878	TL: 2.594e-02	VL: 4.037e-03	 3.550e-03	 adam_lr:3.7542343139648444e-05
Epoch: 879	TL: 2.576e-02	VL: 3.707e-03	 3.566e-03	 adam_lr:3.7542343139648444e-05
Epoch: 880	TL: 2.566e-02	VL: 3.247e-03	 3.534e-03	 adam_lr:3.7542343139648444e-05
Epoch: 881	TL: 2.597e-02	VL: 3.809e-03	 3.561e-03	 adam_lr:3.7542343139648444e-05
Epoch: 882	TL: 2.599e-02	VL: 3.467e-03	 3.552e-03	 adam_lr:3.7542343139648444e-05
Epoch: 883	TL: 2.596e-02	VL: 2.900e-03	 3.487e-03	 adam_lr:3.7542343139648444e-05
Epoch: 884	TL: 2.577e-02	VL: 5.276e-03	 3.666e-03	 adam_lr:3.7542343139648444e-05
Epoch: 885	TL: 2.597e-02	VL: 3.339e-03	 3.633e-03	 adam_lr:3.7542343139648444e-05
Epoch: 886	TL: 2.587e-02	VL: 3.162e-03	 3.586e-03	 adam_lr:3.7542343139648444e-05
Epoch: 887	TL: 2.579e-02	VL: 3.142e-03	 3.541e-03	 adam_lr:3.7542343139648444e-05
Epoch: 888	TL: 2.563e-02	VL: 3.929e-03	 3.580e-03	 adam_lr:3.7542343139648444e-05
Epoch: 889	TL: 2.598e-02	VL: 2.933e-03	 3.515e-03	 adam_lr:3.7542343139648444e-05
Epoch: 890	TL: 2.585e-02	VL: 4.378e-03	 3.602e-03	 adam_lr:3.7542343139648444e-05
Epoch: 891	TL: 2.597e-02	VL: 3.166e-03	 3.558e-03	 adam_lr:3.7542343139648444e-05
Epoch: 892	TL: 2.580e-02	VL: 3.574e-03	 3.560e-03	 adam_lr:3.7542343139648444e-05
Epoch: 893	TL: 2.584e-02	VL: 3.572e-03	 3.561e-03	 adam_lr:3.7542343139648444e-05
Epoch: 894	TL: 2.597e-02	VL: 4.156e-03	 3.620e-03	 adam_lr:3.7542343139648444e-05
Epoch: 895	TL: 2.581e-02	VL: 3.006e-03	 3.559e-03	 adam_lr:3.7542343139648444e-05
Epoch: 896	TL: 2.583e-02	VL: 4.065e-03	 3.610e-03	 adam_lr:3.7542343139648444e-05
Epoch: 897	TL: 2.576e-02	VL: 3.820e-03	 3.631e-03	 adam_lr:3.7542343139648444e-05
Epoch: 898	TL: 2.576e-02	VL: 3.829e-03	 3.651e-03	 adam_lr:3.7542343139648444e-05
Epoch: 899	TL: 2.561e-02	VL: 3.016e-03	 3.587e-03	 adam_lr:3.7542343139648444e-05
Epoch: 900	TL: 2.580e-02	VL: 3.754e-03	 3.604e-03	 adam_lr:3.7542343139648444e-05
Epoch: 901	TL: 2.582e-02	VL: 3.174e-03	 3.561e-03	 adam_lr:3.7542343139648444e-05
Epoch: 902	TL: 2.577e-02	VL: 3.091e-03	 3.514e-03	 adam_lr:3.7542343139648444e-05
Epoch: 903	TL: 2.572e-02	VL: 3.172e-03	 3.480e-03	 adam_lr:3.7542343139648444e-05
Epoch: 904	TL: 2.567e-02	VL: 4.255e-03	 3.557e-03	 adam_lr:3.7542343139648444e-05
Epoch: 905	TL: 2.585e-02	VL: 4.260e-03	 3.628e-03	 adam_lr:3.7542343139648444e-05
Epoch: 906	TL: 2.571e-02	VL: 3.376e-03	 3.602e-03	 adam_lr:3.7542343139648444e-05
Epoch: 907	TL: 2.528e-02	VL: 4.177e-03	 3.660e-03	 adam_lr:2.815675735473633e-05
Epoch: 908	TL: 2.569e-02	VL: 3.550e-03	 3.649e-03	 adam_lr:2.815675735473633e-05
Epoch: 909	TL: 2.555e-02	VL: 3.636e-03	 3.648e-03	 adam_lr:2.815675735473633e-05
Epoch: 910	TL: 2.542e-02	VL: 3.488e-03	 3.632e-03	 adam_lr:2.815675735473633e-05
Epoch: 911	TL: 2.548e-02	VL: 3.180e-03	 3.586e-03	 adam_lr:2.815675735473633e-05
Epoch: 912	TL: 2.551e-02	VL: 3.063e-03	 3.534e-03	 adam_lr:2.815675735473633e-05
Epoch: 913	TL: 2.535e-02	VL: 3.296e-03	 3.510e-03	 adam_lr:2.815675735473633e-05
Epoch: 914	TL: 2.545e-02	VL: 3.458e-03	 3.505e-03	 adam_lr:2.815675735473633e-05
Epoch: 915	TL: 2.561e-02	VL: 2.971e-03	 3.452e-03	 adam_lr:2.815675735473633e-05
Epoch: 916	TL: 2.535e-02	VL: 3.207e-03	 3.427e-03	 adam_lr:2.815675735473633e-05
Epoch: 917	TL: 2.556e-02	VL: 3.576e-03	 3.442e-03	 adam_lr:2.815675735473633e-05
Epoch: 918	TL: 2.553e-02	VL: 3.043e-03	 3.402e-03	 adam_lr:2.815675735473633e-05
Epoch: 919	TL: 2.551e-02	VL: 3.640e-03	 3.426e-03	 adam_lr:2.815675735473633e-05
Epoch: 920	TL: 2.567e-02	VL: 3.552e-03	 3.439e-03	 adam_lr:2.815675735473633e-05
Epoch: 921	TL: 2.560e-02	VL: 3.080e-03	 3.403e-03	 adam_lr:2.815675735473633e-05
Epoch: 922	TL: 2.531e-02	VL: 3.386e-03	 3.401e-03	 adam_lr:2.815675735473633e-05
Epoch: 923	TL: 2.548e-02	VL: 2.887e-03	 3.350e-03	 adam_lr:2.815675735473633e-05
Epoch: 924	TL: 2.555e-02	VL: 3.386e-03	 3.353e-03	 adam_lr:2.815675735473633e-05
Epoch: 925	TL: 2.552e-02	VL: 3.258e-03	 3.344e-03	 adam_lr:2.815675735473633e-05
Epoch: 926	TL: 2.550e-02	VL: 3.136e-03	 3.323e-03	 adam_lr:2.815675735473633e-05
Epoch: 927	TL: 2.529e-02	VL: 3.935e-03	 3.384e-03	 adam_lr:2.815675735473633e-05
Epoch: 928	TL: 2.527e-02	VL: 2.925e-03	 3.338e-03	 adam_lr:2.815675735473633e-05
Epoch: 929	TL: 2.570e-02	VL: 3.050e-03	 3.309e-03	 adam_lr:2.815675735473633e-05
Epoch: 930	TL: 2.545e-02	VL: 3.757e-03	 3.354e-03	 adam_lr:2.815675735473633e-05
Epoch: 931	TL: 2.563e-02	VL: 3.575e-03	 3.376e-03	 adam_lr:2.815675735473633e-05
Epoch: 932	TL: 2.545e-02	VL: 3.232e-03	 3.362e-03	 adam_lr:2.815675735473633e-05
Epoch: 933	TL: 2.569e-02	VL: 3.322e-03	 3.358e-03	 adam_lr:2.815675735473633e-05
Epoch: 934	TL: 2.552e-02	VL: 3.166e-03	 3.339e-03	 adam_lr:2.815675735473633e-05
Epoch: 935	TL: 2.552e-02	VL: 3.453e-03	 3.350e-03	 adam_lr:2.815675735473633e-05
Epoch: 936	TL: 2.564e-02	VL: 3.835e-03	 3.399e-03	 adam_lr:2.815675735473633e-05
Epoch: 937	TL: 2.556e-02	VL: 3.217e-03	 3.380e-03	 adam_lr:2.815675735473633e-05
Epoch: 938	TL: 2.546e-02	VL: 2.987e-03	 3.341e-03	 adam_lr:2.815675735473633e-05
Epoch: 939	TL: 2.552e-02	VL: 3.738e-03	 3.381e-03	 adam_lr:2.815675735473633e-05
Epoch: 940	TL: 2.551e-02	VL: 3.434e-03	 3.386e-03	 adam_lr:2.815675735473633e-05
Epoch: 941	TL: 2.548e-02	VL: 3.118e-03	 3.359e-03	 adam_lr:2.815675735473633e-05
Epoch: 942	TL: 2.560e-02	VL: 3.107e-03	 3.334e-03	 adam_lr:2.815675735473633e-05
Epoch: 943	TL: 2.548e-02	VL: 3.423e-03	 3.343e-03	 adam_lr:2.815675735473633e-05
Epoch: 944	TL: 2.544e-02	VL: 3.097e-03	 3.318e-03	 adam_lr:2.815675735473633e-05
Epoch: 945	TL: 2.545e-02	VL: 3.560e-03	 3.342e-03	 adam_lr:2.815675735473633e-05
Epoch: 946	TL: 2.553e-02	VL: 2.965e-03	 3.305e-03	 adam_lr:2.815675735473633e-05
Epoch: 947	TL: 2.552e-02	VL: 3.589e-03	 3.333e-03	 adam_lr:2.815675735473633e-05
Epoch: 948	TL: 2.547e-02	VL: 3.034e-03	 3.303e-03	 adam_lr:2.815675735473633e-05
Epoch: 949	TL: 2.548e-02	VL: 3.838e-03	 3.357e-03	 adam_lr:2.815675735473633e-05
Epoch: 950	TL: 2.546e-02	VL: 4.093e-03	 3.430e-03	 adam_lr:2.815675735473633e-05
Epoch: 951	TL: 2.537e-02	VL: 3.663e-03	 3.454e-03	 adam_lr:2.815675735473633e-05
Epoch: 952	TL: 2.565e-02	VL: 3.216e-03	 3.430e-03	 adam_lr:2.815675735473633e-05
Epoch: 953	TL: 2.575e-02	VL: 3.273e-03	 3.414e-03	 adam_lr:2.815675735473633e-05
Epoch: 954	TL: 2.546e-02	VL: 3.358e-03	 3.408e-03	 adam_lr:2.815675735473633e-05
Epoch: 955	TL: 2.547e-02	VL: 4.054e-03	 3.473e-03	 adam_lr:2.815675735473633e-05
Epoch: 956	TL: 2.543e-02	VL: 3.022e-03	 3.428e-03	 adam_lr:2.815675735473633e-05
Epoch: 957	TL: 2.528e-02	VL: 3.264e-03	 3.411e-03	 adam_lr:2.815675735473633e-05
Epoch: 958	TL: 2.553e-02	VL: 4.141e-03	 3.484e-03	 adam_lr:2.815675735473633e-05
Epoch: 959	TL: 2.549e-02	VL: 3.148e-03	 3.451e-03	 adam_lr:2.815675735473633e-05
Epoch: 960	TL: 2.566e-02	VL: 4.642e-03	 3.570e-03	 adam_lr:2.815675735473633e-05
Epoch: 961	TL: 2.523e-02	VL: 3.964e-03	 3.609e-03	 adam_lr:2.815675735473633e-05
Epoch: 962	TL: 2.542e-02	VL: 3.033e-03	 3.552e-03	 adam_lr:2.815675735473633e-05
Epoch: 963	TL: 2.541e-02	VL: 2.999e-03	 3.496e-03	 adam_lr:2.815675735473633e-05
Epoch: 964	TL: 2.539e-02	VL: 2.972e-03	 3.444e-03	 adam_lr:2.815675735473633e-05
Epoch: 965	TL: 2.529e-02	VL: 3.363e-03	 3.436e-03	 adam_lr:2.815675735473633e-05
Epoch: 966	TL: 2.567e-02	VL: 3.595e-03	 3.452e-03	 adam_lr:2.815675735473633e-05
Epoch: 967	TL: 2.543e-02	VL: 3.146e-03	 3.421e-03	 adam_lr:2.815675735473633e-05
Epoch: 968	TL: 2.541e-02	VL: 2.907e-03	 3.370e-03	 adam_lr:2.815675735473633e-05
Epoch: 969	TL: 2.548e-02	VL: 3.542e-03	 3.387e-03	 adam_lr:2.815675735473633e-05
Epoch: 970	TL: 2.551e-02	VL: 3.066e-03	 3.355e-03	 adam_lr:2.815675735473633e-05
Epoch: 971	TL: 2.560e-02	VL: 3.174e-03	 3.337e-03	 adam_lr:2.815675735473633e-05
Epoch: 972	TL: 2.571e-02	VL: 2.979e-03	 3.301e-03	 adam_lr:2.815675735473633e-05
Epoch: 973	TL: 2.557e-02	VL: 4.221e-03	 3.393e-03	 adam_lr:2.815675735473633e-05
Epoch: 974	TL: 2.553e-02	VL: 3.117e-03	 3.365e-03	 adam_lr:2.815675735473633e-05
Epoch: 975	TL: 2.557e-02	VL: 3.468e-03	 3.376e-03	 adam_lr:2.815675735473633e-05
Epoch: 976	TL: 2.515e-02	VL: 3.547e-03	 3.393e-03	 adam_lr:2.815675735473633e-05
Epoch: 977	TL: 2.526e-02	VL: 3.205e-03	 3.374e-03	 adam_lr:2.815675735473633e-05
Epoch: 978	TL: 2.534e-02	VL: 3.442e-03	 3.381e-03	 adam_lr:2.815675735473633e-05
Epoch: 979	TL: 2.565e-02	VL: 4.612e-03	 3.504e-03	 adam_lr:2.815675735473633e-05
Epoch: 980	TL: 2.556e-02	VL: 3.240e-03	 3.478e-03	 adam_lr:2.815675735473633e-05
Epoch: 981	TL: 2.568e-02	VL: 2.955e-03	 3.425e-03	 adam_lr:2.815675735473633e-05
Epoch: 982	TL: 2.569e-02	VL: 3.189e-03	 3.402e-03	 adam_lr:2.815675735473633e-05
Epoch: 983	TL: 2.540e-02	VL: 3.029e-03	 3.364e-03	 adam_lr:2.815675735473633e-05
Epoch: 984	TL: 2.528e-02	VL: 2.993e-03	 3.327e-03	 adam_lr:2.815675735473633e-05
Epoch: 985	TL: 2.534e-02	VL: 3.298e-03	 3.324e-03	 adam_lr:2.815675735473633e-05
Epoch: 986	TL: 2.554e-02	VL: 3.367e-03	 3.329e-03	 adam_lr:2.815675735473633e-05
Epoch: 987	TL: 2.582e-02	VL: 3.291e-03	 3.325e-03	 adam_lr:2.815675735473633e-05
Epoch: 988	TL: 2.528e-02	VL: 3.007e-03	 3.293e-03	 adam_lr:2.815675735473633e-05
Epoch: 989	TL: 2.566e-02	VL: 2.974e-03	 3.261e-03	 adam_lr:2.815675735473633e-05
Epoch: 990	TL: 2.545e-02	VL: 3.194e-03	 3.254e-03	 adam_lr:2.815675735473633e-05
Epoch: 991	TL: 2.541e-02	VL: 2.943e-03	 3.223e-03	 adam_lr:2.815675735473633e-05
Epoch: 992	TL: 2.538e-02	VL: 3.192e-03	 3.220e-03	 adam_lr:2.815675735473633e-05
Epoch: 993	TL: 2.552e-02	VL: 4.307e-03	 3.329e-03	 adam_lr:2.815675735473633e-05
Epoch: 994	TL: 2.543e-02	VL: 3.201e-03	 3.316e-03	 adam_lr:2.815675735473633e-05
Epoch: 995	TL: 2.537e-02	VL: 3.100e-03	 3.295e-03	 adam_lr:2.815675735473633e-05
Epoch: 996	TL: 2.573e-02	VL: 2.844e-03	 3.250e-03	 adam_lr:2.815675735473633e-05
Epoch: 997	TL: 2.550e-02	VL: 2.996e-03	 3.224e-03	 adam_lr:2.815675735473633e-05
Epoch: 998	TL: 2.564e-02	VL: 3.219e-03	 3.224e-03	 adam_lr:2.815675735473633e-05
Epoch: 999	TL: 2.546e-02	VL: 3.093e-03	 3.211e-03	 adam_lr:2.815675735473633e-05
Epoch: 1000	TL: 2.547e-02	VL: 2.954e-03	 3.185e-03	 adam_lr:2.815675735473633e-05
Test MAE: 40.538
