Sat Dec 14 19:31:32 2024       
+-----------------------------------------------------------------------------------------+
| NVIDIA-SMI 565.57.01              Driver Version: 565.57.01      CUDA Version: 12.7     |
|-----------------------------------------+------------------------+----------------------+
| GPU  Name                 Persistence-M | Bus-Id          Disp.A | Volatile Uncorr. ECC |
| Fan  Temp   Perf          Pwr:Usage/Cap |           Memory-Usage | GPU-Util  Compute M. |
|                                         |                        |               MIG M. |
|=========================================+========================+======================|
|   0  Tesla V100-SXM2-32GB           On  |   00000000:16:00.0 Off |                    0 |
| N/A   35C    P0             44W /  300W |       1MiB /  32768MiB |      0%   E. Process |
|                                         |                        |                  N/A |
+-----------------------------------------+------------------------+----------------------+
                                                                                         
+-----------------------------------------------------------------------------------------+
| Processes:                                                                              |
|  GPU   GI   CI        PID   Type   Process name                              GPU Memory |
|        ID   ID                                                               Usage      |
|=========================================================================================|
|  No running processes found                                                             |
+-----------------------------------------------------------------------------------------+
cuda
Tesla V100-SXM2-32GB
Epoch: 1	TL: 4.794e-01	VL: 7.418e-02	 7.418e-02	 adam_lr:0.0005
Epoch: 2	TL: 4.748e-02	VL: 3.336e-02	 7.010e-02	 adam_lr:0.0005
Epoch: 3	TL: 2.249e-02	VL: 4.021e-02	 6.711e-02	 adam_lr:0.0005
Epoch: 4	TL: 1.533e-02	VL: 1.921e-02	 6.232e-02	 adam_lr:0.0005
Epoch: 5	TL: 1.205e-02	VL: 1.672e-02	 5.776e-02	 adam_lr:0.0005
Epoch: 6	TL: 1.044e-02	VL: 6.234e-03	 5.261e-02	 adam_lr:0.0005
Epoch: 7	TL: 9.320e-03	VL: 6.584e-03	 4.800e-02	 adam_lr:0.0005
Epoch: 8	TL: 8.325e-03	VL: 1.231e-02	 4.443e-02	 adam_lr:0.0005
Epoch: 9	TL: 7.307e-03	VL: 7.157e-03	 4.071e-02	 adam_lr:0.0005
Epoch: 10	TL: 7.211e-03	VL: 5.826e-03	 3.722e-02	 adam_lr:0.0005
Epoch: 11	TL: 6.549e-03	VL: 7.817e-03	 3.428e-02	 adam_lr:0.0005
Epoch: 12	TL: 5.855e-03	VL: 1.020e-02	 3.187e-02	 adam_lr:0.0005
Epoch: 13	TL: 5.612e-03	VL: 5.550e-03	 2.924e-02	 adam_lr:0.0005
Epoch: 14	TL: 5.714e-03	VL: 5.808e-03	 2.690e-02	 adam_lr:0.0005
Epoch: 15	TL: 4.759e-03	VL: 3.488e-03	 2.455e-02	 adam_lr:0.0005
Epoch: 16	TL: 4.730e-03	VL: 5.584e-03	 2.266e-02	 adam_lr:0.0005
Epoch: 17	TL: 4.637e-03	VL: 3.296e-03	 2.072e-02	 adam_lr:0.0005
Epoch: 18	TL: 4.553e-03	VL: 3.542e-03	 1.900e-02	 adam_lr:0.0005
Epoch: 19	TL: 3.821e-03	VL: 5.266e-03	 1.763e-02	 adam_lr:0.0005
Epoch: 20	TL: 3.849e-03	VL: 3.221e-03	 1.619e-02	 adam_lr:0.0005
Epoch: 21	TL: 3.872e-03	VL: 3.462e-03	 1.492e-02	 adam_lr:0.0005
Epoch: 22	TL: 3.584e-03	VL: 3.110e-03	 1.374e-02	 adam_lr:0.0005
Epoch: 23	TL: 3.552e-03	VL: 2.541e-03	 1.262e-02	 adam_lr:0.0005
Epoch: 24	TL: 3.350e-03	VL: 2.790e-03	 1.163e-02	 adam_lr:0.0005
Epoch: 25	TL: 3.395e-03	VL: 3.008e-03	 1.077e-02	 adam_lr:0.0005
Epoch: 26	TL: 3.080e-03	VL: 6.495e-03	 1.034e-02	 adam_lr:0.0005
Epoch: 27	TL: 3.128e-03	VL: 2.755e-03	 9.584e-03	 adam_lr:0.0005
Epoch: 28	TL: 2.915e-03	VL: 2.204e-03	 8.846e-03	 adam_lr:0.0005
Epoch: 29	TL: 2.893e-03	VL: 2.014e-03	 8.163e-03	 adam_lr:0.0005
Epoch: 30	TL: 2.697e-03	VL: 4.422e-03	 7.789e-03	 adam_lr:0.0005
Epoch: 31	TL: 2.971e-03	VL: 2.690e-03	 7.279e-03	 adam_lr:0.0005
Epoch: 32	TL: 2.742e-03	VL: 4.214e-03	 6.973e-03	 adam_lr:0.0005
Epoch: 33	TL: 2.584e-03	VL: 4.424e-03	 6.718e-03	 adam_lr:0.0005
Epoch: 34	TL: 2.566e-03	VL: 2.658e-03	 6.312e-03	 adam_lr:0.0005
Epoch: 35	TL: 2.663e-03	VL: 2.330e-03	 5.914e-03	 adam_lr:0.0005
Epoch: 36	TL: 2.401e-03	VL: 2.097e-03	 5.532e-03	 adam_lr:0.0005
Epoch: 37	TL: 2.713e-03	VL: 1.854e-03	 5.164e-03	 adam_lr:0.0005
Epoch: 38	TL: 2.259e-03	VL: 4.113e-03	 5.059e-03	 adam_lr:0.0005
Epoch: 39	TL: 2.482e-03	VL: 2.950e-03	 4.848e-03	 adam_lr:0.0005
Epoch: 40	TL: 2.055e-03	VL: 3.286e-03	 4.692e-03	 adam_lr:0.0005
Epoch: 41	TL: 2.305e-03	VL: 2.341e-03	 4.457e-03	 adam_lr:0.0005
Epoch: 42	TL: 2.208e-03	VL: 2.290e-03	 4.240e-03	 adam_lr:0.0005
Epoch: 43	TL: 2.185e-03	VL: 1.918e-03	 4.008e-03	 adam_lr:0.0005
Epoch: 44	TL: 2.389e-03	VL: 2.955e-03	 3.903e-03	 adam_lr:0.0005
Epoch: 45	TL: 1.872e-03	VL: 2.832e-03	 3.796e-03	 adam_lr:0.0005
Epoch: 46	TL: 2.045e-03	VL: 1.945e-03	 3.611e-03	 adam_lr:0.0005
Epoch: 47	TL: 2.027e-03	VL: 2.604e-03	 3.510e-03	 adam_lr:0.0005
Epoch: 48	TL: 2.109e-03	VL: 2.523e-03	 3.411e-03	 adam_lr:0.0005
Epoch: 49	TL: 1.847e-03	VL: 1.923e-03	 3.262e-03	 adam_lr:0.0005
Epoch: 50	TL: 1.924e-03	VL: 1.758e-03	 3.112e-03	 adam_lr:0.0005
Epoch: 51	TL: 1.967e-03	VL: 1.964e-03	 2.997e-03	 adam_lr:0.0005
Epoch: 52	TL: 1.783e-03	VL: 3.895e-03	 3.087e-03	 adam_lr:0.0005
Epoch: 53	TL: 1.908e-03	VL: 2.559e-03	 3.034e-03	 adam_lr:0.0005
Epoch: 54	TL: 1.667e-03	VL: 4.805e-03	 3.211e-03	 adam_lr:0.0005
Epoch: 55	TL: 1.873e-03	VL: 1.546e-03	 3.045e-03	 adam_lr:0.0005
Epoch: 56	TL: 1.754e-03	VL: 1.788e-03	 2.919e-03	 adam_lr:0.0005
Epoch: 57	TL: 1.792e-03	VL: 1.395e-03	 2.767e-03	 adam_lr:0.0005
Epoch: 58	TL: 1.594e-03	VL: 2.699e-03	 2.760e-03	 adam_lr:0.0005
Epoch: 59	TL: 1.757e-03	VL: 2.072e-03	 2.691e-03	 adam_lr:0.0005
Epoch: 60	TL: 1.594e-03	VL: 1.876e-03	 2.610e-03	 adam_lr:0.0005
Epoch: 61	TL: 1.410e-03	VL: 1.577e-03	 2.506e-03	 adam_lr:0.0005
Epoch: 62	TL: 1.645e-03	VL: 2.997e-03	 2.555e-03	 adam_lr:0.0005
Epoch: 63	TL: 1.617e-03	VL: 4.838e-03	 2.784e-03	 adam_lr:0.0005
Epoch: 64	TL: 1.487e-03	VL: 1.829e-03	 2.688e-03	 adam_lr:0.0005
Epoch: 65	TL: 1.759e-03	VL: 1.752e-03	 2.595e-03	 adam_lr:0.0005
Epoch: 66	TL: 1.540e-03	VL: 1.336e-03	 2.469e-03	 adam_lr:0.0005
Epoch: 67	TL: 1.582e-03	VL: 2.495e-03	 2.471e-03	 adam_lr:0.0005
Epoch: 68	TL: 1.486e-03	VL: 3.229e-03	 2.547e-03	 adam_lr:0.0005
Epoch: 69	TL: 1.511e-03	VL: 1.812e-03	 2.473e-03	 adam_lr:0.0005
Epoch: 70	TL: 1.457e-03	VL: 1.725e-03	 2.399e-03	 adam_lr:0.0005
Epoch: 71	TL: 1.580e-03	VL: 1.317e-03	 2.290e-03	 adam_lr:0.0005
Epoch: 72	TL: 1.309e-03	VL: 2.274e-03	 2.289e-03	 adam_lr:0.0005
Epoch: 73	TL: 1.403e-03	VL: 1.572e-03	 2.217e-03	 adam_lr:0.0005
Epoch: 74	TL: 1.391e-03	VL: 1.810e-03	 2.176e-03	 adam_lr:0.0005
Epoch: 75	TL: 1.502e-03	VL: 1.654e-03	 2.124e-03	 adam_lr:0.0005
Epoch: 76	TL: 1.333e-03	VL: 1.506e-03	 2.062e-03	 adam_lr:0.0005
Epoch: 77	TL: 1.295e-03	VL: 1.361e-03	 1.992e-03	 adam_lr:0.0005
Epoch: 78	TL: 1.339e-03	VL: 1.457e-03	 1.939e-03	 adam_lr:0.0005
Epoch: 79	TL: 1.447e-03	VL: 1.163e-03	 1.861e-03	 adam_lr:0.0005
Epoch: 80	TL: 1.306e-03	VL: 4.779e-03	 2.153e-03	 adam_lr:0.0005
Epoch: 81	TL: 1.498e-03	VL: 1.870e-03	 2.125e-03	 adam_lr:0.0005
Epoch: 82	TL: 1.195e-03	VL: 2.129e-03	 2.125e-03	 adam_lr:0.0005
Epoch: 83	TL: 1.257e-03	VL: 2.326e-03	 2.145e-03	 adam_lr:0.0005
Epoch: 84	TL: 1.355e-03	VL: 1.896e-03	 2.120e-03	 adam_lr:0.0005
Epoch: 85	TL: 1.248e-03	VL: 1.416e-03	 2.050e-03	 adam_lr:0.0005
Epoch: 86	TL: 1.325e-03	VL: 2.497e-03	 2.094e-03	 adam_lr:0.0005
Epoch: 87	TL: 1.065e-03	VL: 1.452e-03	 2.030e-03	 adam_lr:0.0005
Epoch: 88	TL: 1.460e-03	VL: 1.670e-03	 1.994e-03	 adam_lr:0.0005
Epoch: 89	TL: 1.176e-03	VL: 1.735e-03	 1.968e-03	 adam_lr:0.0005
Epoch: 90	TL: 1.166e-03	VL: 1.854e-03	 1.957e-03	 adam_lr:0.0005
Epoch: 91	TL: 1.155e-03	VL: 1.097e-03	 1.871e-03	 adam_lr:0.0005
Epoch: 92	TL: 1.204e-03	VL: 1.425e-03	 1.826e-03	 adam_lr:0.0005
Epoch: 93	TL: 1.350e-03	VL: 1.058e-03	 1.749e-03	 adam_lr:0.0005
Epoch: 94	TL: 1.145e-03	VL: 1.120e-03	 1.686e-03	 adam_lr:0.0005
Epoch: 95	TL: 1.217e-03	VL: 1.401e-03	 1.658e-03	 adam_lr:0.0005
Epoch: 96	TL: 1.141e-03	VL: 1.309e-03	 1.623e-03	 adam_lr:0.0005
Epoch: 97	TL: 1.173e-03	VL: 1.364e-03	 1.597e-03	 adam_lr:0.0005
Epoch: 98	TL: 1.242e-03	VL: 1.289e-03	 1.566e-03	 adam_lr:0.0005
Epoch: 99	TL: 1.081e-03	VL: 1.222e-03	 1.532e-03	 adam_lr:0.0005
Epoch: 100	TL: 1.025e-03	VL: 1.302e-03	 1.509e-03	 adam_lr:0.0005
Epoch: 101	TL: 1.165e-03	VL: 1.176e-03	 1.476e-03	 adam_lr:0.0005
Epoch: 102	TL: 1.185e-03	VL: 1.933e-03	 1.521e-03	 adam_lr:0.0005
Epoch: 103	TL: 1.021e-03	VL: 2.730e-03	 1.642e-03	 adam_lr:0.0005
Epoch: 104	TL: 1.110e-03	VL: 1.708e-03	 1.649e-03	 adam_lr:0.0005
Epoch: 105	TL: 1.128e-03	VL: 2.080e-03	 1.692e-03	 adam_lr:0.0005
Epoch: 106	TL: 1.062e-03	VL: 1.517e-03	 1.674e-03	 adam_lr:0.0005
Epoch: 107	TL: 1.065e-03	VL: 1.802e-03	 1.687e-03	 adam_lr:0.0005
Epoch: 108	TL: 1.091e-03	VL: 2.161e-03	 1.735e-03	 adam_lr:0.0005
Epoch: 109	TL: 1.016e-03	VL: 1.216e-03	 1.683e-03	 adam_lr:0.0005
Epoch: 110	TL: 1.172e-03	VL: 1.160e-03	 1.630e-03	 adam_lr:0.0005
Epoch: 111	TL: 9.831e-04	VL: 1.239e-03	 1.591e-03	 adam_lr:0.0005
Epoch: 112	TL: 1.080e-03	VL: 1.622e-03	 1.594e-03	 adam_lr:0.0005
Epoch: 113	TL: 9.917e-04	VL: 1.322e-03	 1.567e-03	 adam_lr:0.0005
Epoch: 114	TL: 1.153e-03	VL: 1.634e-03	 1.574e-03	 adam_lr:0.0005
Epoch: 115	TL: 9.445e-04	VL: 1.475e-03	 1.564e-03	 adam_lr:0.0005
Epoch: 116	TL: 1.058e-03	VL: 3.462e-03	 1.754e-03	 adam_lr:0.0005
Epoch: 117	TL: 1.078e-03	VL: 1.473e-03	 1.726e-03	 adam_lr:0.0005
Epoch: 118	TL: 9.256e-04	VL: 1.255e-03	 1.679e-03	 adam_lr:0.0005
Epoch: 119	TL: 1.012e-03	VL: 1.122e-03	 1.623e-03	 adam_lr:0.0005
Epoch: 120	TL: 9.972e-04	VL: 1.287e-03	 1.589e-03	 adam_lr:0.0005
Epoch: 121	TL: 9.841e-04	VL: 1.163e-03	 1.547e-03	 adam_lr:0.0005
Epoch: 122	TL: 1.043e-03	VL: 1.195e-03	 1.512e-03	 adam_lr:0.0005
Epoch: 123	TL: 9.660e-04	VL: 2.282e-03	 1.589e-03	 adam_lr:0.0005
Epoch: 124	TL: 9.838e-04	VL: 1.215e-03	 1.551e-03	 adam_lr:0.0005
Epoch: 125	TL: 9.406e-04	VL: 1.328e-03	 1.529e-03	 adam_lr:0.0005
Epoch: 126	TL: 9.833e-04	VL: 1.208e-03	 1.497e-03	 adam_lr:0.0005
Epoch: 127	TL: 8.915e-04	VL: 1.627e-03	 1.510e-03	 adam_lr:0.0005
Epoch: 128	TL: 1.018e-03	VL: 2.888e-03	 1.648e-03	 adam_lr:0.0005
Epoch: 129	TL: 8.453e-04	VL: 1.402e-03	 1.623e-03	 adam_lr:0.0005
Epoch: 130	TL: 9.231e-04	VL: 1.473e-03	 1.608e-03	 adam_lr:0.0005
Epoch: 131	TL: 9.224e-04	VL: 1.217e-03	 1.569e-03	 adam_lr:0.0005
Epoch: 132	TL: 9.052e-04	VL: 2.184e-03	 1.631e-03	 adam_lr:0.0005
Epoch: 133	TL: 9.538e-04	VL: 1.034e-03	 1.571e-03	 adam_lr:0.0005
Epoch: 134	TL: 9.430e-04	VL: 1.040e-03	 1.518e-03	 adam_lr:0.0005
Epoch: 135	TL: 9.165e-04	VL: 1.123e-03	 1.478e-03	 adam_lr:0.0005
Epoch: 136	TL: 8.893e-04	VL: 1.281e-03	 1.459e-03	 adam_lr:0.0005
Epoch: 137	TL: 8.175e-04	VL: 1.221e-03	 1.435e-03	 adam_lr:0.0005
Epoch: 138	TL: 1.018e-03	VL: 1.261e-03	 1.417e-03	 adam_lr:0.0005
Epoch: 139	TL: 8.201e-04	VL: 2.129e-03	 1.489e-03	 adam_lr:0.0005
Epoch: 140	TL: 9.314e-04	VL: 2.155e-03	 1.555e-03	 adam_lr:0.0005
Epoch: 141	TL: 8.034e-04	VL: 1.212e-03	 1.521e-03	 adam_lr:0.0005
Epoch: 142	TL: 9.117e-04	VL: 1.066e-03	 1.475e-03	 adam_lr:0.0005
Epoch: 143	TL: 9.027e-04	VL: 1.799e-03	 1.508e-03	 adam_lr:0.0005
Epoch: 144	TL: 8.195e-04	VL: 2.166e-03	 1.574e-03	 adam_lr:0.0005
Epoch: 145	TL: 1.018e-03	VL: 1.117e-03	 1.528e-03	 adam_lr:0.0005
Epoch: 146	TL: 7.919e-04	VL: 1.109e-03	 1.486e-03	 adam_lr:0.0005
Epoch: 147	TL: 8.430e-04	VL: 1.398e-03	 1.477e-03	 adam_lr:0.0005
Epoch: 148	TL: 9.134e-04	VL: 1.285e-03	 1.458e-03	 adam_lr:0.0005
Epoch: 149	TL: 8.409e-04	VL: 1.047e-03	 1.417e-03	 adam_lr:0.0005
Epoch: 150	TL: 9.172e-04	VL: 1.277e-03	 1.403e-03	 adam_lr:0.0005
Epoch: 151	TL: 8.648e-04	VL: 1.474e-03	 1.410e-03	 adam_lr:0.0005
Epoch: 152	TL: 8.668e-04	VL: 1.199e-03	 1.389e-03	 adam_lr:0.0005
Epoch: 153	TL: 8.672e-04	VL: 1.094e-03	 1.359e-03	 adam_lr:0.0005
Epoch: 154	TL: 8.576e-04	VL: 9.956e-04	 1.323e-03	 adam_lr:0.0005
Epoch: 155	TL: 8.955e-04	VL: 1.103e-03	 1.301e-03	 adam_lr:0.0005
Epoch: 156	TL: 8.061e-04	VL: 1.858e-03	 1.357e-03	 adam_lr:0.0005
Epoch: 157	TL: 8.541e-04	VL: 1.112e-03	 1.332e-03	 adam_lr:0.0005
Epoch: 158	TL: 8.128e-04	VL: 1.039e-03	 1.303e-03	 adam_lr:0.0005
Epoch: 159	TL: 8.574e-04	VL: 1.004e-03	 1.273e-03	 adam_lr:0.0005
Epoch: 160	TL: 8.056e-04	VL: 1.170e-03	 1.263e-03	 adam_lr:0.0005
Epoch: 161	TL: 8.189e-04	VL: 1.432e-03	 1.280e-03	 adam_lr:0.0005
Epoch: 162	TL: 8.314e-04	VL: 1.713e-03	 1.323e-03	 adam_lr:0.0005
Epoch: 163	TL: 7.820e-04	VL: 2.338e-03	 1.425e-03	 adam_lr:0.0005
Epoch: 164	TL: 8.623e-04	VL: 1.290e-03	 1.411e-03	 adam_lr:0.0005
Epoch: 165	TL: 8.017e-04	VL: 1.052e-03	 1.375e-03	 adam_lr:0.0005
Epoch: 166	TL: 8.175e-04	VL: 9.270e-04	 1.330e-03	 adam_lr:0.0005
Epoch: 167	TL: 7.904e-04	VL: 1.612e-03	 1.359e-03	 adam_lr:0.0005
Epoch: 168	TL: 8.276e-04	VL: 1.245e-03	 1.347e-03	 adam_lr:0.0005
Epoch: 169	TL: 7.802e-04	VL: 1.297e-03	 1.342e-03	 adam_lr:0.0005
Epoch: 170	TL: 7.972e-04	VL: 8.469e-04	 1.293e-03	 adam_lr:0.0005
Epoch: 171	TL: 7.397e-04	VL: 1.322e-03	 1.296e-03	 adam_lr:0.0005
Epoch: 172	TL: 8.091e-04	VL: 1.692e-03	 1.335e-03	 adam_lr:0.0005
Epoch: 173	TL: 7.365e-04	VL: 1.223e-03	 1.324e-03	 adam_lr:0.0005
Epoch: 174	TL: 8.309e-04	VL: 1.140e-03	 1.306e-03	 adam_lr:0.0005
Epoch: 175	TL: 7.341e-04	VL: 9.967e-04	 1.275e-03	 adam_lr:0.0005
Epoch: 176	TL: 7.868e-04	VL: 1.603e-03	 1.308e-03	 adam_lr:0.0005
Epoch: 177	TL: 7.818e-04	VL: 1.195e-03	 1.296e-03	 adam_lr:0.0005
Epoch: 178	TL: 7.281e-04	VL: 1.581e-03	 1.325e-03	 adam_lr:0.0005
Epoch: 179	TL: 7.169e-04	VL: 1.117e-03	 1.304e-03	 adam_lr:0.0005
Epoch: 180	TL: 8.606e-04	VL: 9.436e-04	 1.268e-03	 adam_lr:0.0005
Epoch: 181	TL: 7.466e-04	VL: 9.381e-04	 1.235e-03	 adam_lr:0.0005
Epoch: 182	TL: 8.325e-04	VL: 1.725e-03	 1.284e-03	 adam_lr:0.0005
Epoch: 183	TL: 7.197e-04	VL: 1.969e-03	 1.352e-03	 adam_lr:0.0005
Epoch: 184	TL: 7.176e-04	VL: 1.077e-03	 1.325e-03	 adam_lr:0.0005
Epoch: 185	TL: 7.553e-04	VL: 1.031e-03	 1.296e-03	 adam_lr:0.0005
Epoch: 186	TL: 7.422e-04	VL: 9.518e-04	 1.261e-03	 adam_lr:0.0005
Epoch: 187	TL: 7.586e-04	VL: 1.317e-03	 1.267e-03	 adam_lr:0.0005
Epoch: 188	TL: 7.364e-04	VL: 1.056e-03	 1.246e-03	 adam_lr:0.0005
Epoch: 189	TL: 7.428e-04	VL: 1.490e-03	 1.270e-03	 adam_lr:0.0005
Epoch: 190	TL: 7.792e-04	VL: 1.143e-03	 1.257e-03	 adam_lr:0.0005
Epoch: 191	TL: 7.775e-04	VL: 1.566e-03	 1.288e-03	 adam_lr:0.0005
Epoch: 192	TL: 6.955e-04	VL: 9.446e-04	 1.254e-03	 adam_lr:0.0005
Epoch: 193	TL: 7.179e-04	VL: 9.544e-04	 1.224e-03	 adam_lr:0.0005
Epoch: 194	TL: 6.827e-04	VL: 1.087e-03	 1.210e-03	 adam_lr:0.0005
Epoch: 195	TL: 7.486e-04	VL: 1.267e-03	 1.216e-03	 adam_lr:0.0005
Epoch: 196	TL: 7.266e-04	VL: 9.884e-04	 1.193e-03	 adam_lr:0.0005
Epoch: 197	TL: 6.669e-04	VL: 1.373e-03	 1.211e-03	 adam_lr:0.0005
Epoch: 198	TL: 8.019e-04	VL: 9.032e-04	 1.180e-03	 adam_lr:0.0005
Epoch: 199	TL: 6.399e-04	VL: 1.054e-03	 1.168e-03	 adam_lr:0.0005
Epoch: 200	TL: 7.477e-04	VL: 1.360e-03	 1.187e-03	 adam_lr:0.0005
Epoch: 201	TL: 6.885e-04	VL: 1.008e-03	 1.169e-03	 adam_lr:0.0005
Epoch: 202	TL: 7.502e-04	VL: 1.190e-03	 1.171e-03	 adam_lr:0.0005
Epoch: 203	TL: 6.617e-04	VL: 1.025e-03	 1.157e-03	 adam_lr:0.0005
Epoch: 204	TL: 7.144e-04	VL: 1.390e-03	 1.180e-03	 adam_lr:0.0005
Epoch: 205	TL: 7.165e-04	VL: 3.380e-03	 1.400e-03	 adam_lr:0.0005
Epoch: 206	TL: 7.285e-04	VL: 1.181e-03	 1.378e-03	 adam_lr:0.0005
Epoch: 207	TL: 6.611e-04	VL: 1.201e-03	 1.360e-03	 adam_lr:0.0005
Epoch: 208	TL: 6.739e-04	VL: 1.349e-03	 1.359e-03	 adam_lr:0.0005
Epoch: 209	TL: 6.988e-04	VL: 1.036e-03	 1.327e-03	 adam_lr:0.0005
Epoch: 210	TL: 8.299e-04	VL: 1.498e-03	 1.344e-03	 adam_lr:0.0005
Epoch: 211	TL: 6.669e-04	VL: 1.864e-03	 1.396e-03	 adam_lr:0.0005
Epoch: 212	TL: 7.206e-04	VL: 1.085e-03	 1.365e-03	 adam_lr:0.0005
Epoch: 213	TL: 6.658e-04	VL: 1.084e-03	 1.337e-03	 adam_lr:0.0005
Epoch: 214	TL: 6.534e-04	VL: 1.206e-03	 1.324e-03	 adam_lr:0.0005
Epoch: 215	TL: 6.835e-04	VL: 1.299e-03	 1.321e-03	 adam_lr:0.0005
Epoch: 216	TL: 7.363e-04	VL: 1.395e-03	 1.329e-03	 adam_lr:0.0005
Epoch: 217	TL: 5.962e-04	VL: 8.524e-04	 1.281e-03	 adam_lr:0.0005
Epoch: 218	TL: 7.299e-04	VL: 1.075e-03	 1.260e-03	 adam_lr:0.0005
Epoch: 219	TL: 6.927e-04	VL: 1.681e-03	 1.302e-03	 adam_lr:0.0005
Epoch: 220	TL: 6.372e-04	VL: 1.041e-03	 1.276e-03	 adam_lr:0.0005
Epoch: 221	TL: 7.191e-04	VL: 1.429e-03	 1.292e-03	 adam_lr:0.0005
Epoch: 222	TL: 6.344e-04	VL: 1.096e-03	 1.272e-03	 adam_lr:0.0005
Epoch: 223	TL: 6.448e-04	VL: 1.662e-03	 1.311e-03	 adam_lr:0.0005
Epoch: 224	TL: 6.456e-04	VL: 1.574e-03	 1.337e-03	 adam_lr:0.0005
Epoch: 225	TL: 7.541e-04	VL: 1.021e-03	 1.306e-03	 adam_lr:0.0005
Epoch: 226	TL: 5.679e-04	VL: 8.445e-04	 1.260e-03	 adam_lr:0.0005
Epoch: 227	TL: 6.782e-04	VL: 9.914e-04	 1.233e-03	 adam_lr:0.0005
Epoch: 228	TL: 6.507e-04	VL: 9.120e-04	 1.201e-03	 adam_lr:0.0005
Epoch: 229	TL: 6.533e-04	VL: 1.199e-03	 1.200e-03	 adam_lr:0.0005
Epoch: 230	TL: 6.731e-04	VL: 2.244e-03	 1.305e-03	 adam_lr:0.0005
Epoch: 231	TL: 6.080e-04	VL: 1.050e-03	 1.279e-03	 adam_lr:0.0005
Epoch: 232	TL: 6.664e-04	VL: 1.157e-03	 1.267e-03	 adam_lr:0.0005
Epoch: 233	TL: 6.850e-04	VL: 9.856e-04	 1.239e-03	 adam_lr:0.0005
Epoch: 234	TL: 6.361e-04	VL: 1.002e-03	 1.215e-03	 adam_lr:0.0005
Epoch: 235	TL: 6.179e-04	VL: 1.041e-03	 1.198e-03	 adam_lr:0.0005
Epoch: 236	TL: 6.214e-04	VL: 8.868e-04	 1.167e-03	 adam_lr:0.0005
Epoch: 237	TL: 6.842e-04	VL: 8.917e-04	 1.139e-03	 adam_lr:0.0005
Epoch: 238	TL: 6.317e-04	VL: 1.032e-03	 1.129e-03	 adam_lr:0.0005
Epoch: 239	TL: 5.930e-04	VL: 1.005e-03	 1.116e-03	 adam_lr:0.0005
Epoch: 240	TL: 6.719e-04	VL: 1.727e-03	 1.177e-03	 adam_lr:0.0005
Epoch: 241	TL: 6.180e-04	VL: 8.661e-04	 1.146e-03	 adam_lr:0.0005
Epoch: 242	TL: 7.071e-04	VL: 1.325e-03	 1.164e-03	 adam_lr:0.0005
Epoch: 243	TL: 5.805e-04	VL: 9.196e-04	 1.140e-03	 adam_lr:0.0005
Epoch: 244	TL: 6.538e-04	VL: 1.708e-03	 1.196e-03	 adam_lr:0.0005
Epoch: 245	TL: 6.749e-04	VL: 1.120e-03	 1.189e-03	 adam_lr:0.0005
Epoch: 246	TL: 6.418e-04	VL: 1.103e-03	 1.180e-03	 adam_lr:0.0005
Epoch: 247	TL: 5.515e-04	VL: 1.046e-03	 1.167e-03	 adam_lr:0.0005
Epoch: 248	TL: 6.328e-04	VL: 1.150e-03	 1.165e-03	 adam_lr:0.0005
Epoch: 249	TL: 6.713e-04	VL: 9.434e-04	 1.143e-03	 adam_lr:0.0005
Epoch: 250	TL: 5.755e-04	VL: 8.285e-04	 1.112e-03	 adam_lr:0.0005
Epoch: 251	TL: 6.160e-04	VL: 1.497e-03	 1.150e-03	 adam_lr:0.0005
Epoch: 252	TL: 6.080e-04	VL: 9.767e-04	 1.133e-03	 adam_lr:0.0005
Epoch: 253	TL: 6.180e-04	VL: 9.019e-04	 1.110e-03	 adam_lr:0.0005
Epoch: 254	TL: 6.609e-04	VL: 9.624e-04	 1.095e-03	 adam_lr:0.0005
Epoch: 255	TL: 5.592e-04	VL: 9.353e-04	 1.079e-03	 adam_lr:0.0005
Epoch: 256	TL: 5.838e-04	VL: 1.086e-03	 1.080e-03	 adam_lr:0.0005
Epoch: 257	TL: 6.316e-04	VL: 1.023e-03	 1.074e-03	 adam_lr:0.0005
Epoch: 258	TL: 5.917e-04	VL: 9.635e-04	 1.063e-03	 adam_lr:0.0005
Epoch: 259	TL: 6.242e-04	VL: 9.593e-04	 1.053e-03	 adam_lr:0.0005
Epoch: 260	TL: 6.094e-04	VL: 1.032e-03	 1.051e-03	 adam_lr:0.0005
Epoch: 261	TL: 5.942e-04	VL: 1.030e-03	 1.048e-03	 adam_lr:0.0005
Epoch: 262	TL: 5.764e-04	VL: 9.590e-04	 1.040e-03	 adam_lr:0.0005
Epoch: 263	TL: 6.448e-04	VL: 9.562e-04	 1.031e-03	 adam_lr:0.0005
Epoch: 264	TL: 6.131e-04	VL: 9.332e-04	 1.021e-03	 adam_lr:0.0005
Epoch: 265	TL: 5.158e-04	VL: 9.150e-04	 1.011e-03	 adam_lr:0.0005
Epoch: 266	TL: 6.050e-04	VL: 1.442e-03	 1.054e-03	 adam_lr:0.0005
Epoch: 267	TL: 5.927e-04	VL: 1.219e-03	 1.070e-03	 adam_lr:0.0005
Epoch: 268	TL: 5.750e-04	VL: 9.917e-04	 1.063e-03	 adam_lr:0.0005
Epoch: 269	TL: 6.469e-04	VL: 1.134e-03	 1.070e-03	 adam_lr:0.0005
Epoch: 270	TL: 5.419e-04	VL: 1.089e-03	 1.072e-03	 adam_lr:0.0005
Epoch: 271	TL: 6.399e-04	VL: 7.792e-04	 1.042e-03	 adam_lr:0.0005
Epoch: 272	TL: 5.576e-04	VL: 8.866e-04	 1.027e-03	 adam_lr:0.0005
Epoch: 273	TL: 5.869e-04	VL: 9.069e-04	 1.015e-03	 adam_lr:0.0005
Epoch: 274	TL: 6.079e-04	VL: 9.137e-04	 1.005e-03	 adam_lr:0.0005
Epoch: 275	TL: 6.015e-04	VL: 1.069e-03	 1.011e-03	 adam_lr:0.0005
Epoch: 276	TL: 5.914e-04	VL: 8.865e-04	 9.987e-04	 adam_lr:0.0005
Epoch: 277	TL: 6.054e-04	VL: 1.241e-03	 1.023e-03	 adam_lr:0.0005
Epoch: 278	TL: 5.641e-04	VL: 9.872e-04	 1.019e-03	 adam_lr:0.0005
Epoch: 279	TL: 6.092e-04	VL: 1.219e-03	 1.039e-03	 adam_lr:0.0005
Epoch: 280	TL: 5.248e-04	VL: 1.124e-03	 1.048e-03	 adam_lr:0.0005
Epoch: 281	TL: 6.035e-04	VL: 1.061e-03	 1.049e-03	 adam_lr:0.0005
Epoch: 282	TL: 5.305e-04	VL: 9.026e-04	 1.034e-03	 adam_lr:0.0005
Epoch: 283	TL: 5.744e-04	VL: 9.062e-04	 1.022e-03	 adam_lr:0.0005
Epoch: 284	TL: 5.962e-04	VL: 1.060e-03	 1.025e-03	 adam_lr:0.0005
Epoch: 285	TL: 5.908e-04	VL: 9.198e-04	 1.015e-03	 adam_lr:0.0005
Epoch: 286	TL: 5.866e-04	VL: 1.112e-03	 1.025e-03	 adam_lr:0.0005
Epoch: 287	TL: 5.255e-04	VL: 1.458e-03	 1.068e-03	 adam_lr:0.0005
Epoch: 288	TL: 5.852e-04	VL: 1.978e-03	 1.159e-03	 adam_lr:0.0005
Epoch: 289	TL: 6.041e-04	VL: 9.616e-04	 1.139e-03	 adam_lr:0.0005
Epoch: 290	TL: 5.349e-04	VL: 1.053e-03	 1.131e-03	 adam_lr:0.0005
Epoch: 291	TL: 5.116e-04	VL: 8.764e-04	 1.105e-03	 adam_lr:0.0005
Epoch: 292	TL: 6.245e-04	VL: 8.639e-04	 1.081e-03	 adam_lr:0.0005
Epoch: 293	TL: 5.509e-04	VL: 9.869e-04	 1.072e-03	 adam_lr:0.0005
Epoch: 294	TL: 5.619e-04	VL: 7.634e-04	 1.041e-03	 adam_lr:0.0005
Epoch: 295	TL: 6.159e-04	VL: 1.118e-03	 1.049e-03	 adam_lr:0.0005
Epoch: 296	TL: 5.338e-04	VL: 8.618e-04	 1.030e-03	 adam_lr:0.0005
Epoch: 297	TL: 5.462e-04	VL: 1.096e-03	 1.036e-03	 adam_lr:0.0005
Epoch: 298	TL: 5.876e-04	VL: 2.681e-03	 1.201e-03	 adam_lr:0.0005
Epoch: 299	TL: 5.909e-04	VL: 1.673e-03	 1.248e-03	 adam_lr:0.0005
Epoch: 300	TL: 5.470e-04	VL: 8.655e-04	 1.210e-03	 adam_lr:0.0005
Epoch: 301	TL: 5.133e-04	VL: 9.730e-04	 1.186e-03	 adam_lr:0.0005
Epoch: 302	TL: 5.966e-04	VL: 4.138e-03	 1.481e-03	 adam_lr:0.0005
Epoch: 303	TL: 5.415e-04	VL: 8.209e-04	 1.415e-03	 adam_lr:0.0005
Epoch: 304	TL: 5.306e-04	VL: 9.619e-04	 1.370e-03	 adam_lr:0.0005
Epoch: 305	TL: 5.461e-04	VL: 8.236e-04	 1.315e-03	 adam_lr:0.0005
Epoch: 306	TL: 5.489e-04	VL: 1.109e-03	 1.295e-03	 adam_lr:0.0005
Epoch: 307	TL: 5.552e-04	VL: 9.157e-04	 1.257e-03	 adam_lr:0.0005
Epoch: 308	TL: 4.929e-04	VL: 9.838e-04	 1.230e-03	 adam_lr:0.0005
Epoch: 309	TL: 5.874e-04	VL: 1.641e-03	 1.271e-03	 adam_lr:0.0005
Epoch: 310	TL: 5.542e-04	VL: 1.052e-03	 1.249e-03	 adam_lr:0.0005
Epoch: 311	TL: 5.999e-04	VL: 9.394e-04	 1.218e-03	 adam_lr:0.0005
Epoch: 312	TL: 4.965e-04	VL: 9.069e-04	 1.187e-03	 adam_lr:0.0005
Epoch: 313	TL: 5.844e-04	VL: 1.403e-03	 1.208e-03	 adam_lr:0.0005
Epoch: 314	TL: 5.361e-04	VL: 1.032e-03	 1.191e-03	 adam_lr:0.0005
Epoch: 315	TL: 5.316e-04	VL: 9.643e-04	 1.168e-03	 adam_lr:0.0005
Epoch: 316	TL: 5.276e-04	VL: 9.600e-04	 1.147e-03	 adam_lr:0.0005
Epoch: 317	TL: 6.008e-04	VL: 8.599e-04	 1.119e-03	 adam_lr:0.0005
Epoch: 318	TL: 4.948e-04	VL: 8.274e-04	 1.089e-03	 adam_lr:0.0005
Epoch: 319	TL: 5.616e-04	VL: 8.141e-04	 1.062e-03	 adam_lr:0.0005
Epoch: 320	TL: 5.064e-04	VL: 9.972e-04	 1.055e-03	 adam_lr:0.0005
Epoch: 321	TL: 5.632e-04	VL: 9.757e-04	 1.047e-03	 adam_lr:0.0005
Epoch: 322	TL: 4.839e-04	VL: 1.147e-03	 1.057e-03	 adam_lr:0.0005
Epoch: 323	TL: 5.200e-04	VL: 1.178e-03	 1.069e-03	 adam_lr:0.0005
Epoch: 324	TL: 5.040e-04	VL: 9.381e-04	 1.056e-03	 adam_lr:0.0005
Epoch: 325	TL: 5.776e-04	VL: 9.974e-04	 1.050e-03	 adam_lr:0.0005
Epoch: 326	TL: 4.996e-04	VL: 8.714e-04	 1.033e-03	 adam_lr:0.0005
Epoch: 327	TL: 4.887e-04	VL: 1.652e-03	 1.094e-03	 adam_lr:0.0005
Epoch: 328	TL: 5.482e-04	VL: 1.057e-03	 1.091e-03	 adam_lr:0.0005
Epoch: 329	TL: 5.384e-04	VL: 8.846e-04	 1.070e-03	 adam_lr:0.0005
Epoch: 330	TL: 4.778e-04	VL: 1.131e-03	 1.076e-03	 adam_lr:0.0005
Epoch: 331	TL: 5.503e-04	VL: 8.416e-04	 1.053e-03	 adam_lr:0.0005
Epoch: 332	TL: 4.875e-04	VL: 1.154e-03	 1.063e-03	 adam_lr:0.0005
Epoch: 333	TL: 5.154e-04	VL: 1.149e-03	 1.071e-03	 adam_lr:0.0005
Epoch: 334	TL: 5.892e-04	VL: 8.041e-04	 1.045e-03	 adam_lr:0.0005
Epoch: 335	TL: 5.238e-04	VL: 9.483e-04	 1.035e-03	 adam_lr:0.0005
Epoch: 336	TL: 5.240e-04	VL: 1.093e-03	 1.041e-03	 adam_lr:0.0005
Epoch: 337	TL: 5.060e-04	VL: 1.354e-03	 1.072e-03	 adam_lr:0.0005
Epoch: 338	TL: 5.249e-04	VL: 8.727e-04	 1.052e-03	 adam_lr:0.0005
Epoch: 339	TL: 4.908e-04	VL: 8.321e-04	 1.030e-03	 adam_lr:0.0005
Epoch: 340	TL: 5.321e-04	VL: 9.138e-04	 1.019e-03	 adam_lr:0.0005
Epoch: 341	TL: 5.242e-04	VL: 9.117e-04	 1.008e-03	 adam_lr:0.0005
Epoch: 342	TL: 4.881e-04	VL: 9.624e-04	 1.003e-03	 adam_lr:0.0005
Epoch: 343	TL: 5.361e-04	VL: 1.241e-03	 1.027e-03	 adam_lr:0.0005
Epoch: 344	TL: 5.390e-04	VL: 1.004e-03	 1.025e-03	 adam_lr:0.0005
Epoch: 345	TL: 4.869e-04	VL: 7.870e-04	 1.001e-03	 adam_lr:0.0005
Epoch: 346	TL: 4.983e-04	VL: 1.089e-03	 1.010e-03	 adam_lr:0.0005
Epoch: 347	TL: 5.331e-04	VL: 8.701e-04	 9.958e-04	 adam_lr:0.0005
Epoch: 348	TL: 4.852e-04	VL: 8.860e-04	 9.848e-04	 adam_lr:0.0005
Epoch: 349	TL: 5.130e-04	VL: 1.363e-03	 1.023e-03	 adam_lr:0.0005
Epoch: 350	TL: 5.393e-04	VL: 8.891e-04	 1.009e-03	 adam_lr:0.0005
Epoch: 351	TL: 4.917e-04	VL: 7.847e-04	 9.868e-04	 adam_lr:0.0005
Epoch: 352	TL: 5.168e-04	VL: 1.066e-03	 9.947e-04	 adam_lr:0.0005
Epoch: 353	TL: 4.810e-04	VL: 9.252e-04	 9.878e-04	 adam_lr:0.0005
Epoch: 354	TL: 5.120e-04	VL: 1.055e-03	 9.945e-04	 adam_lr:0.0005
Epoch: 355	TL: 5.012e-04	VL: 1.045e-03	 9.996e-04	 adam_lr:0.0005
Epoch: 356	TL: 5.150e-04	VL: 1.488e-03	 1.048e-03	 adam_lr:0.0005
Epoch: 357	TL: 4.739e-04	VL: 9.135e-04	 1.035e-03	 adam_lr:0.0005
Epoch: 358	TL: 5.338e-04	VL: 9.462e-04	 1.026e-03	 adam_lr:0.0005
Epoch: 359	TL: 4.916e-04	VL: 1.495e-03	 1.073e-03	 adam_lr:0.0005
Epoch: 360	TL: 5.269e-04	VL: 9.169e-04	 1.057e-03	 adam_lr:0.0005
Epoch: 361	TL: 4.607e-04	VL: 7.019e-04	 1.022e-03	 adam_lr:0.0005
Epoch: 362	TL: 4.657e-04	VL: 9.356e-04	 1.013e-03	 adam_lr:0.0005
Epoch: 363	TL: 5.115e-04	VL: 7.642e-04	 9.883e-04	 adam_lr:0.0005
Epoch: 364	TL: 5.116e-04	VL: 7.749e-04	 9.669e-04	 adam_lr:0.0005
Epoch: 365	TL: 4.880e-04	VL: 1.065e-03	 9.767e-04	 adam_lr:0.0005
Epoch: 366	TL: 5.096e-04	VL: 1.284e-03	 1.007e-03	 adam_lr:0.0005
Epoch: 367	TL: 5.599e-04	VL: 1.349e-03	 1.042e-03	 adam_lr:0.0005
Epoch: 368	TL: 4.051e-04	VL: 1.202e-03	 1.058e-03	 adam_lr:0.0005
Epoch: 369	TL: 5.468e-04	VL: 1.017e-03	 1.054e-03	 adam_lr:0.0005
Epoch: 370	TL: 4.968e-04	VL: 9.960e-04	 1.048e-03	 adam_lr:0.0005
Epoch: 371	TL: 4.732e-04	VL: 8.645e-04	 1.030e-03	 adam_lr:0.0005
Epoch: 372	TL: 4.779e-04	VL: 1.233e-03	 1.050e-03	 adam_lr:0.0005
Epoch: 373	TL: 4.869e-04	VL: 1.186e-03	 1.063e-03	 adam_lr:0.0005
Epoch: 374	TL: 4.625e-04	VL: 8.710e-04	 1.044e-03	 adam_lr:0.0005
Epoch: 375	TL: 4.651e-04	VL: 1.046e-03	 1.044e-03	 adam_lr:0.0005
Epoch: 376	TL: 4.907e-04	VL: 1.468e-03	 1.087e-03	 adam_lr:0.0005
Epoch: 377	TL: 4.833e-04	VL: 8.444e-04	 1.063e-03	 adam_lr:0.0005
Epoch: 378	TL: 4.886e-04	VL: 2.436e-03	 1.200e-03	 adam_lr:0.0005
Epoch: 379	TL: 4.707e-04	VL: 1.226e-03	 1.203e-03	 adam_lr:0.0005
Epoch: 380	TL: 5.596e-04	VL: 8.540e-04	 1.168e-03	 adam_lr:0.0005
Epoch: 381	TL: 4.430e-04	VL: 1.044e-03	 1.155e-03	 adam_lr:0.0005
Epoch: 382	TL: 5.016e-04	VL: 1.183e-03	 1.158e-03	 adam_lr:0.0005
Epoch: 383	TL: 4.996e-04	VL: 8.767e-04	 1.130e-03	 adam_lr:0.0005
Epoch: 384	TL: 4.511e-04	VL: 9.371e-04	 1.111e-03	 adam_lr:0.0005
Epoch: 385	TL: 4.939e-04	VL: 1.095e-03	 1.109e-03	 adam_lr:0.0005
Epoch: 386	TL: 4.608e-04	VL: 8.824e-04	 1.086e-03	 adam_lr:0.0005
Epoch: 387	TL: 5.007e-04	VL: 7.811e-04	 1.056e-03	 adam_lr:0.0005
Epoch: 388	TL: 4.859e-04	VL: 8.495e-04	 1.035e-03	 adam_lr:0.0005
Epoch: 389	TL: 4.644e-04	VL: 8.820e-04	 1.020e-03	 adam_lr:0.0005
Epoch: 390	TL: 4.777e-04	VL: 9.395e-04	 1.012e-03	 adam_lr:0.0005
Epoch: 391	TL: 4.837e-04	VL: 1.037e-03	 1.014e-03	 adam_lr:0.0005
Epoch: 392	TL: 4.587e-04	VL: 1.397e-03	 1.053e-03	 adam_lr:0.0005
Epoch: 393	TL: 4.932e-04	VL: 1.068e-03	 1.054e-03	 adam_lr:0.0005
Epoch: 394	TL: 4.757e-04	VL: 1.097e-03	 1.059e-03	 adam_lr:0.0005
Epoch: 395	TL: 4.473e-04	VL: 1.134e-03	 1.066e-03	 adam_lr:0.0005
Epoch: 396	TL: 4.731e-04	VL: 2.404e-03	 1.200e-03	 adam_lr:0.0005
Epoch: 397	TL: 4.588e-04	VL: 1.991e-03	 1.279e-03	 adam_lr:0.0005
Epoch: 398	TL: 5.195e-04	VL: 9.724e-04	 1.248e-03	 adam_lr:0.0005
Epoch: 399	TL: 4.254e-04	VL: 1.050e-03	 1.229e-03	 adam_lr:0.0005
Epoch: 400	TL: 4.724e-04	VL: 8.429e-04	 1.190e-03	 adam_lr:0.0005
Epoch: 401	TL: 5.389e-04	VL: 1.016e-03	 1.173e-03	 adam_lr:0.0005
Epoch: 402	TL: 4.678e-04	VL: 8.626e-04	 1.142e-03	 adam_lr:0.0005
Epoch: 403	TL: 4.474e-04	VL: 1.352e-03	 1.163e-03	 adam_lr:0.0005
Epoch: 404	TL: 4.887e-04	VL: 1.003e-03	 1.147e-03	 adam_lr:0.0005
Epoch: 405	TL: 4.669e-04	VL: 1.292e-03	 1.161e-03	 adam_lr:0.0005
Epoch: 406	TL: 4.610e-04	VL: 8.131e-04	 1.126e-03	 adam_lr:0.0005
Epoch: 407	TL: 4.731e-04	VL: 9.427e-04	 1.108e-03	 adam_lr:0.0005
Epoch: 408	TL: 4.397e-04	VL: 8.941e-04	 1.087e-03	 adam_lr:0.0005
Epoch: 409	TL: 4.306e-04	VL: 9.904e-04	 1.077e-03	 adam_lr:0.0005
Epoch: 410	TL: 4.841e-04	VL: 8.802e-04	 1.057e-03	 adam_lr:0.0005
Epoch: 411	TL: 4.623e-04	VL: 8.734e-04	 1.039e-03	 adam_lr:0.0005
Epoch: 412	TL: 4.800e-04	VL: 1.089e-03	 1.044e-03	 adam_lr:0.0005
Epoch: 413	TL: 4.585e-04	VL: 7.755e-04	 1.017e-03	 adam_lr:0.0005
Epoch: 414	TL: 4.602e-04	VL: 1.457e-03	 1.061e-03	 adam_lr:0.0005
Epoch: 415	TL: 4.802e-04	VL: 9.982e-04	 1.055e-03	 adam_lr:0.0005
Epoch: 416	TL: 4.525e-04	VL: 8.067e-04	 1.030e-03	 adam_lr:0.0005
Epoch: 417	TL: 4.524e-04	VL: 7.608e-04	 1.003e-03	 adam_lr:0.0005
Epoch: 418	TL: 4.809e-04	VL: 1.341e-03	 1.037e-03	 adam_lr:0.0005
Epoch: 419	TL: 4.690e-04	VL: 1.155e-03	 1.049e-03	 adam_lr:0.0005
Epoch: 420	TL: 4.552e-04	VL: 8.144e-04	 1.025e-03	 adam_lr:0.0005
Epoch: 421	TL: 4.441e-04	VL: 9.481e-04	 1.018e-03	 adam_lr:0.0005
Epoch: 422	TL: 4.839e-04	VL: 8.067e-04	 9.965e-04	 adam_lr:0.0005
Epoch: 423	TL: 4.793e-04	VL: 7.159e-04	 9.684e-04	 adam_lr:0.0005
Epoch: 424	TL: 4.351e-04	VL: 1.474e-03	 1.019e-03	 adam_lr:0.0005
Epoch: 425	TL: 5.098e-04	VL: 9.467e-04	 1.012e-03	 adam_lr:0.0005
Epoch: 426	TL: 4.456e-04	VL: 9.321e-04	 1.004e-03	 adam_lr:0.0005
Epoch: 427	TL: 4.442e-04	VL: 8.305e-04	 9.865e-04	 adam_lr:0.0005
Epoch: 428	TL: 4.740e-04	VL: 9.422e-04	 9.820e-04	 adam_lr:0.0005
Epoch: 429	TL: 4.417e-04	VL: 8.502e-04	 9.689e-04	 adam_lr:0.0005
Epoch: 430	TL: 4.413e-04	VL: 8.830e-04	 9.603e-04	 adam_lr:0.0005
Epoch: 431	TL: 4.946e-04	VL: 1.001e-03	 9.644e-04	 adam_lr:0.0005
Epoch: 432	TL: 4.086e-04	VL: 1.079e-03	 9.758e-04	 adam_lr:0.0005
Epoch: 433	TL: 4.373e-04	VL: 1.350e-03	 1.013e-03	 adam_lr:0.0005
Epoch: 434	TL: 4.425e-04	VL: 9.412e-04	 1.006e-03	 adam_lr:0.0005
Epoch: 435	TL: 4.343e-04	VL: 8.484e-04	 9.902e-04	 adam_lr:0.0005
Epoch: 436	TL: 4.616e-04	VL: 8.728e-04	 9.785e-04	 adam_lr:0.0005
Epoch: 437	TL: 4.405e-04	VL: 1.007e-03	 9.813e-04	 adam_lr:0.0005
Epoch: 438	TL: 4.328e-04	VL: 9.191e-04	 9.751e-04	 adam_lr:0.0005
Epoch: 439	TL: 5.202e-04	VL: 7.657e-04	 9.542e-04	 adam_lr:0.0005
Epoch: 440	TL: 4.484e-04	VL: 1.371e-03	 9.958e-04	 adam_lr:0.0005
Epoch: 441	TL: 3.816e-04	VL: 8.809e-04	 9.843e-04	 adam_lr:0.0005
Epoch: 442	TL: 5.309e-04	VL: 8.054e-04	 9.664e-04	 adam_lr:0.0005
Epoch: 443	TL: 4.500e-04	VL: 8.158e-04	 9.514e-04	 adam_lr:0.0005
Epoch: 444	TL: 3.945e-04	VL: 1.041e-03	 9.603e-04	 adam_lr:0.0005
Epoch: 445	TL: 4.418e-04	VL: 9.508e-04	 9.593e-04	 adam_lr:0.0005
Epoch: 446	TL: 4.514e-04	VL: 8.850e-04	 9.519e-04	 adam_lr:0.0005
Epoch: 447	TL: 4.363e-04	VL: 8.439e-04	 9.411e-04	 adam_lr:0.0005
Epoch: 448	TL: 4.247e-04	VL: 8.174e-04	 9.287e-04	 adam_lr:0.0005
Epoch: 449	TL: 4.532e-04	VL: 8.521e-04	 9.211e-04	 adam_lr:0.0005
Epoch: 450	TL: 4.223e-04	VL: 9.951e-04	 9.285e-04	 adam_lr:0.0005
Epoch: 451	TL: 4.938e-04	VL: 8.418e-04	 9.198e-04	 adam_lr:0.0005
Epoch: 452	TL: 3.907e-04	VL: 1.036e-03	 9.315e-04	 adam_lr:0.0005
Epoch: 453	TL: 4.403e-04	VL: 8.288e-04	 9.212e-04	 adam_lr:0.0005
Epoch: 454	TL: 4.215e-04	VL: 1.073e-03	 9.364e-04	 adam_lr:0.0005
Epoch: 455	TL: 4.361e-04	VL: 8.075e-04	 9.235e-04	 adam_lr:0.0005
Epoch: 456	TL: 4.858e-04	VL: 8.996e-04	 9.211e-04	 adam_lr:0.0005
Epoch: 457	TL: 4.210e-04	VL: 7.459e-04	 9.036e-04	 adam_lr:0.0005
Epoch: 458	TL: 4.349e-04	VL: 8.431e-04	 8.975e-04	 adam_lr:0.0005
Epoch: 459	TL: 4.508e-04	VL: 8.376e-04	 8.915e-04	 adam_lr:0.0005
Epoch: 460	TL: 4.363e-04	VL: 7.162e-04	 8.740e-04	 adam_lr:0.0005
Epoch: 461	TL: 4.324e-04	VL: 8.670e-04	 8.733e-04	 adam_lr:0.0005
Epoch: 462	TL: 4.269e-04	VL: 1.027e-03	 8.887e-04	 adam_lr:0.0005
Epoch: 463	TL: 4.272e-04	VL: 1.144e-03	 9.143e-04	 adam_lr:0.0005
Epoch: 464	TL: 4.379e-04	VL: 7.617e-04	 8.990e-04	 adam_lr:0.0005
Epoch: 465	TL: 4.719e-04	VL: 1.067e-03	 9.158e-04	 adam_lr:0.0005
Epoch: 466	TL: 4.188e-04	VL: 1.092e-03	 9.334e-04	 adam_lr:0.0005
Epoch: 467	TL: 4.084e-04	VL: 7.678e-04	 9.169e-04	 adam_lr:0.0005
Epoch: 468	TL: 4.319e-04	VL: 8.633e-04	 9.115e-04	 adam_lr:0.0005
Epoch: 469	TL: 4.129e-04	VL: 7.925e-04	 8.996e-04	 adam_lr:0.0005
Epoch: 470	TL: 4.154e-04	VL: 9.275e-04	 9.024e-04	 adam_lr:0.0005
Epoch: 471	TL: 4.634e-04	VL: 9.673e-04	 9.089e-04	 adam_lr:0.0005
Epoch: 472	TL: 4.438e-04	VL: 7.767e-04	 8.957e-04	 adam_lr:0.0005
Epoch: 473	TL: 4.500e-04	VL: 1.151e-03	 9.212e-04	 adam_lr:0.0005
Epoch: 474	TL: 4.049e-04	VL: 7.790e-04	 9.070e-04	 adam_lr:0.0005
Epoch: 475	TL: 4.727e-04	VL: 8.468e-04	 9.010e-04	 adam_lr:0.0005
Epoch: 476	TL: 4.416e-04	VL: 7.442e-04	 8.853e-04	 adam_lr:0.0005
Epoch: 477	TL: 3.975e-04	VL: 7.604e-04	 8.728e-04	 adam_lr:0.0005
Epoch: 478	TL: 4.536e-04	VL: 8.389e-04	 8.694e-04	 adam_lr:0.0005
Epoch: 479	TL: 3.999e-04	VL: 7.371e-04	 8.562e-04	 adam_lr:0.0005
Epoch: 480	TL: 4.681e-04	VL: 8.914e-04	 8.597e-04	 adam_lr:0.0005
Epoch: 481	TL: 3.983e-04	VL: 1.794e-03	 9.532e-04	 adam_lr:0.0005
Epoch: 482	TL: 4.555e-04	VL: 7.700e-04	 9.349e-04	 adam_lr:0.0005
Epoch: 483	TL: 4.309e-04	VL: 1.092e-03	 9.506e-04	 adam_lr:0.0005
Epoch: 484	TL: 4.368e-04	VL: 8.136e-04	 9.369e-04	 adam_lr:0.0005
Epoch: 485	TL: 4.003e-04	VL: 9.684e-04	 9.400e-04	 adam_lr:0.0005
Epoch: 486	TL: 4.204e-04	VL: 9.818e-04	 9.442e-04	 adam_lr:0.0005
Epoch: 487	TL: 4.499e-04	VL: 9.672e-04	 9.465e-04	 adam_lr:0.0005
Epoch: 488	TL: 3.796e-04	VL: 7.131e-04	 9.232e-04	 adam_lr:0.0005
Epoch: 489	TL: 4.434e-04	VL: 8.438e-04	 9.152e-04	 adam_lr:0.0005
Epoch: 490	TL: 4.182e-04	VL: 8.320e-04	 9.069e-04	 adam_lr:0.0005
Epoch: 491	TL: 3.902e-04	VL: 8.669e-04	 9.029e-04	 adam_lr:0.0005
Epoch: 492	TL: 4.793e-04	VL: 9.029e-04	 9.029e-04	 adam_lr:0.0005
Epoch: 493	TL: 4.003e-04	VL: 7.453e-04	 8.871e-04	 adam_lr:0.0005
Epoch: 494	TL: 3.917e-04	VL: 9.400e-04	 8.924e-04	 adam_lr:0.0005
Epoch: 495	TL: 4.855e-04	VL: 8.246e-04	 8.856e-04	 adam_lr:0.0005
Epoch: 496	TL: 3.844e-04	VL: 1.162e-03	 9.133e-04	 adam_lr:0.0005
Epoch: 497	TL: 4.460e-04	VL: 7.667e-04	 8.986e-04	 adam_lr:0.0005
Epoch: 498	TL: 3.824e-04	VL: 1.037e-03	 9.124e-04	 adam_lr:0.0005
Epoch: 499	TL: 4.257e-04	VL: 9.723e-04	 9.184e-04	 adam_lr:0.0005
Epoch: 500	TL: 4.189e-04	VL: 8.304e-04	 9.096e-04	 adam_lr:0.0005
Epoch: 501	TL: 4.063e-04	VL: 9.270e-04	 9.113e-04	 adam_lr:0.0005
Epoch: 502	TL: 4.632e-04	VL: 1.433e-03	 9.635e-04	 adam_lr:0.0005
Epoch: 503	TL: 3.597e-04	VL: 7.385e-04	 9.410e-04	 adam_lr:0.0005
Epoch: 504	TL: 4.300e-04	VL: 7.901e-04	 9.259e-04	 adam_lr:0.0005
Epoch: 505	TL: 3.887e-04	VL: 1.090e-03	 9.423e-04	 adam_lr:0.0005
Epoch: 506	TL: 4.434e-04	VL: 7.478e-04	 9.228e-04	 adam_lr:0.0005
Epoch: 507	TL: 4.246e-04	VL: 1.101e-03	 9.407e-04	 adam_lr:0.0005
Epoch: 508	TL: 4.108e-04	VL: 8.027e-04	 9.269e-04	 adam_lr:0.0005
Epoch: 509	TL: 3.909e-04	VL: 7.934e-04	 9.135e-04	 adam_lr:0.0005
Epoch: 510	TL: 4.395e-04	VL: 7.262e-04	 8.948e-04	 adam_lr:0.0005
Epoch: 511	TL: 3.813e-04	VL: 8.164e-04	 8.869e-04	 adam_lr:0.0005
Epoch: 512	TL: 4.307e-04	VL: 1.215e-03	 9.198e-04	 adam_lr:0.0005
Epoch: 513	TL: 4.015e-04	VL: 9.444e-04	 9.223e-04	 adam_lr:0.0005
Epoch: 514	TL: 4.141e-04	VL: 7.744e-04	 9.075e-04	 adam_lr:0.0005
Epoch: 515	TL: 4.250e-04	VL: 8.306e-04	 8.998e-04	 adam_lr:0.0005
Epoch: 516	TL: 4.761e-04	VL: 9.141e-04	 9.012e-04	 adam_lr:0.0005
Epoch: 517	TL: 4.048e-04	VL: 8.918e-04	 9.003e-04	 adam_lr:0.0005
Epoch: 518	TL: 3.978e-04	VL: 9.289e-04	 9.031e-04	 adam_lr:0.0005
Epoch: 519	TL: 3.960e-04	VL: 8.418e-04	 8.970e-04	 adam_lr:0.0005
Epoch: 520	TL: 4.128e-04	VL: 7.325e-04	 8.806e-04	 adam_lr:0.0005
Epoch: 521	TL: 4.123e-04	VL: 1.449e-03	 9.374e-04	 adam_lr:0.0005
Epoch: 522	TL: 4.403e-04	VL: 7.738e-04	 9.210e-04	 adam_lr:0.0005
Epoch: 523	TL: 4.015e-04	VL: 9.931e-04	 9.282e-04	 adam_lr:0.0005
Epoch: 524	TL: 3.801e-04	VL: 1.135e-03	 9.489e-04	 adam_lr:0.0005
Epoch: 525	TL: 4.071e-04	VL: 1.140e-03	 9.680e-04	 adam_lr:0.0005
Epoch: 526	TL: 4.045e-04	VL: 1.113e-03	 9.825e-04	 adam_lr:0.0005
Epoch: 527	TL: 3.925e-04	VL: 1.009e-03	 9.852e-04	 adam_lr:0.0005
Epoch: 528	TL: 4.305e-04	VL: 9.927e-04	 9.859e-04	 adam_lr:0.0005
Epoch: 529	TL: 3.975e-04	VL: 9.918e-04	 9.865e-04	 adam_lr:0.0005
Epoch: 530	TL: 4.346e-04	VL: 8.229e-04	 9.702e-04	 adam_lr:0.0005
Epoch: 531	TL: 3.994e-04	VL: 9.609e-04	 9.692e-04	 adam_lr:0.0005
Epoch: 532	TL: 3.956e-04	VL: 9.606e-04	 9.684e-04	 adam_lr:0.0005
Epoch: 533	TL: 4.508e-04	VL: 7.684e-04	 9.484e-04	 adam_lr:0.0005
Epoch: 534	TL: 3.621e-04	VL: 8.689e-04	 9.404e-04	 adam_lr:0.0005
Epoch: 535	TL: 3.983e-04	VL: 1.498e-03	 9.962e-04	 adam_lr:0.0005
Epoch: 536	TL: 4.248e-04	VL: 7.488e-04	 9.714e-04	 adam_lr:0.0005
Epoch: 537	TL: 4.065e-04	VL: 8.849e-04	 9.628e-04	 adam_lr:0.0005
Epoch: 538	TL: 3.802e-04	VL: 8.053e-04	 9.470e-04	 adam_lr:0.0005
Epoch: 539	TL: 3.967e-04	VL: 9.374e-04	 9.461e-04	 adam_lr:0.0005
Epoch: 540	TL: 3.862e-04	VL: 9.089e-04	 9.423e-04	 adam_lr:0.0005
Epoch: 541	TL: 4.125e-04	VL: 9.165e-04	 9.398e-04	 adam_lr:0.0005
Epoch: 542	TL: 4.234e-04	VL: 8.961e-04	 9.354e-04	 adam_lr:0.0005
Epoch: 543	TL: 3.694e-04	VL: 8.628e-04	 9.281e-04	 adam_lr:0.0005
Epoch: 544	TL: 3.749e-04	VL: 1.381e-03	 9.734e-04	 adam_lr:0.0005
Epoch: 545	TL: 5.107e-04	VL: 9.229e-04	 9.684e-04	 adam_lr:0.0005
Epoch: 546	TL: 3.602e-04	VL: 1.047e-03	 9.763e-04	 adam_lr:0.0005
Epoch: 547	TL: 3.876e-04	VL: 8.428e-04	 9.629e-04	 adam_lr:0.0005
Epoch: 548	TL: 3.965e-04	VL: 9.771e-04	 9.643e-04	 adam_lr:0.0005
Epoch: 549	TL: 4.106e-04	VL: 9.674e-04	 9.646e-04	 adam_lr:0.0005
Epoch: 550	TL: 3.909e-04	VL: 8.217e-04	 9.503e-04	 adam_lr:0.0005
Epoch: 551	TL: 3.763e-04	VL: 1.116e-03	 9.669e-04	 adam_lr:0.0005
Epoch: 552	TL: 4.412e-04	VL: 8.587e-04	 9.561e-04	 adam_lr:0.0005
Epoch: 553	TL: 3.603e-04	VL: 9.942e-04	 9.599e-04	 adam_lr:0.0005
Epoch: 554	TL: 4.062e-04	VL: 7.018e-04	 9.341e-04	 adam_lr:0.0005
Epoch: 555	TL: 3.719e-04	VL: 8.719e-04	 9.279e-04	 adam_lr:0.0005
Epoch: 556	TL: 3.839e-04	VL: 8.413e-04	 9.192e-04	 adam_lr:0.0005
Epoch: 557	TL: 4.179e-04	VL: 1.003e-03	 9.276e-04	 adam_lr:0.0005
Epoch: 558	TL: 3.594e-04	VL: 9.203e-04	 9.268e-04	 adam_lr:0.0005
Epoch: 559	TL: 4.494e-04	VL: 8.464e-04	 9.188e-04	 adam_lr:0.0005
Epoch: 560	TL: 3.932e-04	VL: 1.025e-03	 9.294e-04	 adam_lr:0.0005
Epoch: 561	TL: 3.639e-04	VL: 9.155e-04	 9.280e-04	 adam_lr:0.0005
Epoch: 562	TL: 4.313e-04	VL: 9.270e-04	 9.279e-04	 adam_lr:0.0005
Epoch: 563	TL: 3.971e-04	VL: 8.134e-04	 9.165e-04	 adam_lr:0.0005
Epoch: 564	TL: 3.974e-04	VL: 7.805e-04	 9.029e-04	 adam_lr:0.0005
Epoch: 565	TL: 3.988e-04	VL: 8.173e-04	 8.943e-04	 adam_lr:0.0005
Epoch: 566	TL: 3.756e-04	VL: 1.050e-03	 9.099e-04	 adam_lr:0.0005
Epoch: 567	TL: 3.928e-04	VL: 8.244e-04	 9.013e-04	 adam_lr:0.0005
Epoch: 568	TL: 4.119e-04	VL: 1.260e-03	 9.372e-04	 adam_lr:0.0005
Epoch: 569	TL: 3.864e-04	VL: 8.024e-04	 9.237e-04	 adam_lr:0.0005
Epoch: 570	TL: 4.177e-04	VL: 1.082e-03	 9.395e-04	 adam_lr:0.0005
Epoch: 571	TL: 3.933e-04	VL: 8.821e-04	 9.337e-04	 adam_lr:0.0005
Epoch: 572	TL: 3.741e-04	VL: 8.956e-04	 9.299e-04	 adam_lr:0.0005
Epoch: 573	TL: 3.807e-04	VL: 1.033e-03	 9.402e-04	 adam_lr:0.0005
Epoch: 574	TL: 4.088e-04	VL: 9.782e-04	 9.440e-04	 adam_lr:0.0005
Epoch: 575	TL: 3.745e-04	VL: 9.334e-04	 9.430e-04	 adam_lr:0.0005
Epoch: 576	TL: 3.758e-04	VL: 8.637e-04	 9.350e-04	 adam_lr:0.0005
Epoch: 577	TL: 4.356e-04	VL: 7.317e-04	 9.147e-04	 adam_lr:0.0005
Epoch: 578	TL: 3.651e-04	VL: 1.202e-03	 9.435e-04	 adam_lr:0.0005
Epoch: 579	TL: 3.860e-04	VL: 9.661e-04	 9.457e-04	 adam_lr:0.0005
Epoch: 580	TL: 3.617e-04	VL: 7.499e-04	 9.261e-04	 adam_lr:0.0005
Epoch: 581	TL: 1.345e-04	VL: 7.026e-04	 9.038e-04	 adam_lr:0.00025
Epoch: 582	TL: 1.492e-04	VL: 7.833e-04	 8.917e-04	 adam_lr:0.00025
Epoch: 583	TL: 1.593e-04	VL: 6.874e-04	 8.713e-04	 adam_lr:0.00025
Epoch: 584	TL: 1.673e-04	VL: 7.293e-04	 8.571e-04	 adam_lr:0.00025
Epoch: 585	TL: 1.583e-04	VL: 6.916e-04	 8.406e-04	 adam_lr:0.00025
Epoch: 586	TL: 1.549e-04	VL: 7.018e-04	 8.267e-04	 adam_lr:0.00025
Epoch: 587	TL: 1.676e-04	VL: 6.411e-04	 8.081e-04	 adam_lr:0.00025
Epoch: 588	TL: 1.589e-04	VL: 6.999e-04	 7.973e-04	 adam_lr:0.00025
Epoch: 589	TL: 1.590e-04	VL: 6.473e-04	 7.823e-04	 adam_lr:0.00025
Epoch: 590	TL: 1.617e-04	VL: 6.546e-04	 7.695e-04	 adam_lr:0.00025
Epoch: 591	TL: 1.658e-04	VL: 8.222e-04	 7.748e-04	 adam_lr:0.00025
Epoch: 592	TL: 1.579e-04	VL: 7.412e-04	 7.714e-04	 adam_lr:0.00025
Epoch: 593	TL: 1.515e-04	VL: 6.263e-04	 7.569e-04	 adam_lr:0.00025
Epoch: 594	TL: 1.532e-04	VL: 6.681e-04	 7.480e-04	 adam_lr:0.00025
Epoch: 595	TL: 1.597e-04	VL: 6.378e-04	 7.370e-04	 adam_lr:0.00025
Epoch: 596	TL: 1.580e-04	VL: 6.264e-04	 7.260e-04	 adam_lr:0.00025
Epoch: 597	TL: 1.535e-04	VL: 6.721e-04	 7.206e-04	 adam_lr:0.00025
Epoch: 598	TL: 1.499e-04	VL: 6.627e-04	 7.148e-04	 adam_lr:0.00025
Epoch: 599	TL: 1.577e-04	VL: 6.737e-04	 7.107e-04	 adam_lr:0.00025
Epoch: 600	TL: 1.550e-04	VL: 6.511e-04	 7.047e-04	 adam_lr:0.00025
Epoch: 601	TL: 1.589e-04	VL: 6.561e-04	 6.999e-04	 adam_lr:0.00025
Epoch: 602	TL: 1.588e-04	VL: 6.650e-04	 6.964e-04	 adam_lr:0.00025
Epoch: 603	TL: 1.564e-04	VL: 6.815e-04	 6.949e-04	 adam_lr:0.00025
Epoch: 604	TL: 1.515e-04	VL: 6.534e-04	 6.907e-04	 adam_lr:0.00025
Epoch: 605	TL: 1.586e-04	VL: 6.662e-04	 6.883e-04	 adam_lr:0.00025
Epoch: 606	TL: 1.566e-04	VL: 7.034e-04	 6.898e-04	 adam_lr:0.00025
Epoch: 607	TL: 1.470e-04	VL: 6.798e-04	 6.888e-04	 adam_lr:0.00025
Epoch: 608	TL: 1.603e-04	VL: 6.506e-04	 6.850e-04	 adam_lr:0.00025
Epoch: 609	TL: 1.466e-04	VL: 6.487e-04	 6.814e-04	 adam_lr:0.00025
Epoch: 610	TL: 1.459e-04	VL: 7.038e-04	 6.836e-04	 adam_lr:0.00025
Epoch: 611	TL: 1.535e-04	VL: 6.893e-04	 6.842e-04	 adam_lr:0.00025
Epoch: 612	TL: 1.530e-04	VL: 7.051e-04	 6.863e-04	 adam_lr:0.00025
Epoch: 613	TL: 1.551e-04	VL: 6.836e-04	 6.860e-04	 adam_lr:0.00025
Epoch: 614	TL: 1.504e-04	VL: 7.515e-04	 6.925e-04	 adam_lr:0.00025
Epoch: 615	TL: 1.470e-04	VL: 7.270e-04	 6.960e-04	 adam_lr:0.00025
Epoch: 616	TL: 1.527e-04	VL: 6.337e-04	 6.898e-04	 adam_lr:0.00025
Epoch: 617	TL: 1.476e-04	VL: 6.463e-04	 6.854e-04	 adam_lr:0.00025
Epoch: 618	TL: 1.479e-04	VL: 6.802e-04	 6.849e-04	 adam_lr:0.00025
Epoch: 619	TL: 1.514e-04	VL: 7.322e-04	 6.896e-04	 adam_lr:0.00025
Epoch: 620	TL: 1.680e-04	VL: 6.402e-04	 6.847e-04	 adam_lr:0.00025
Epoch: 621	TL: 1.447e-04	VL: 6.643e-04	 6.826e-04	 adam_lr:0.00025
Epoch: 622	TL: 1.435e-04	VL: 7.107e-04	 6.854e-04	 adam_lr:0.00025
Epoch: 623	TL: 1.598e-04	VL: 6.740e-04	 6.843e-04	 adam_lr:0.00025
Epoch: 624	TL: 1.419e-04	VL: 6.815e-04	 6.840e-04	 adam_lr:0.00025
Epoch: 625	TL: 1.530e-04	VL: 7.634e-04	 6.920e-04	 adam_lr:0.00025
Epoch: 626	TL: 1.490e-04	VL: 7.061e-04	 6.934e-04	 adam_lr:0.00025
Epoch: 627	TL: 1.523e-04	VL: 6.554e-04	 6.896e-04	 adam_lr:0.00025
Epoch: 628	TL: 1.365e-04	VL: 6.412e-04	 6.847e-04	 adam_lr:0.00025
Epoch: 629	TL: 1.485e-04	VL: 6.496e-04	 6.812e-04	 adam_lr:0.00025
Epoch: 630	TL: 1.528e-04	VL: 6.307e-04	 6.762e-04	 adam_lr:0.00025
Epoch: 631	TL: 1.415e-04	VL: 6.174e-04	 6.703e-04	 adam_lr:0.00025
Epoch: 632	TL: 1.465e-04	VL: 6.364e-04	 6.669e-04	 adam_lr:0.00025
Epoch: 633	TL: 1.505e-04	VL: 6.812e-04	 6.683e-04	 adam_lr:0.00025
Epoch: 634	TL: 1.486e-04	VL: 6.604e-04	 6.675e-04	 adam_lr:0.00025
Epoch: 635	TL: 1.460e-04	VL: 7.021e-04	 6.710e-04	 adam_lr:0.00025
Epoch: 636	TL: 1.474e-04	VL: 6.703e-04	 6.709e-04	 adam_lr:0.00025
Epoch: 637	TL: 1.549e-04	VL: 6.244e-04	 6.663e-04	 adam_lr:0.00025
Epoch: 638	TL: 1.464e-04	VL: 6.390e-04	 6.635e-04	 adam_lr:0.00025
Epoch: 639	TL: 1.518e-04	VL: 7.096e-04	 6.681e-04	 adam_lr:0.00025
Epoch: 640	TL: 1.504e-04	VL: 6.347e-04	 6.648e-04	 adam_lr:0.00025
Epoch: 641	TL: 1.464e-04	VL: 6.927e-04	 6.676e-04	 adam_lr:0.00025
Epoch: 642	TL: 1.413e-04	VL: 6.629e-04	 6.671e-04	 adam_lr:0.00025
Epoch: 643	TL: 1.442e-04	VL: 7.150e-04	 6.719e-04	 adam_lr:0.00025
Epoch: 644	TL: 1.453e-04	VL: 6.551e-04	 6.702e-04	 adam_lr:0.00025
Epoch: 645	TL: 1.480e-04	VL: 9.400e-04	 6.972e-04	 adam_lr:0.00025
Epoch: 646	TL: 1.428e-04	VL: 6.242e-04	 6.899e-04	 adam_lr:0.00025
Epoch: 647	TL: 1.515e-04	VL: 6.297e-04	 6.839e-04	 adam_lr:0.00025
Epoch: 648	TL: 1.437e-04	VL: 6.276e-04	 6.783e-04	 adam_lr:0.00025
Epoch: 649	TL: 1.456e-04	VL: 6.732e-04	 6.778e-04	 adam_lr:0.00025
Epoch: 650	TL: 1.383e-04	VL: 6.544e-04	 6.754e-04	 adam_lr:0.00025
Epoch: 651	TL: 1.515e-04	VL: 6.838e-04	 6.763e-04	 adam_lr:0.00025
Epoch: 652	TL: 1.436e-04	VL: 7.003e-04	 6.787e-04	 adam_lr:0.00025
Epoch: 653	TL: 1.478e-04	VL: 7.164e-04	 6.824e-04	 adam_lr:0.00025
Epoch: 654	TL: 1.412e-04	VL: 6.730e-04	 6.815e-04	 adam_lr:0.00025
Epoch: 655	TL: 1.520e-04	VL: 6.368e-04	 6.770e-04	 adam_lr:0.00025
Epoch: 656	TL: 1.339e-04	VL: 8.463e-04	 6.940e-04	 adam_lr:0.00025
Epoch: 657	TL: 1.469e-04	VL: 6.671e-04	 6.913e-04	 adam_lr:0.00025
Epoch: 658	TL: 1.532e-04	VL: 6.389e-04	 6.860e-04	 adam_lr:0.00025
Epoch: 659	TL: 1.352e-04	VL: 7.447e-04	 6.919e-04	 adam_lr:0.00025
Epoch: 660	TL: 1.395e-04	VL: 8.150e-04	 7.042e-04	 adam_lr:0.00025
Epoch: 661	TL: 1.519e-04	VL: 6.429e-04	 6.981e-04	 adam_lr:0.00025
Epoch: 662	TL: 1.364e-04	VL: 6.570e-04	 6.940e-04	 adam_lr:0.00025
Epoch: 663	TL: 1.401e-04	VL: 6.577e-04	 6.903e-04	 adam_lr:0.00025
Epoch: 664	TL: 1.496e-04	VL: 7.075e-04	 6.921e-04	 adam_lr:0.00025
Epoch: 665	TL: 1.412e-04	VL: 6.438e-04	 6.872e-04	 adam_lr:0.00025
Epoch: 666	TL: 1.428e-04	VL: 6.491e-04	 6.834e-04	 adam_lr:0.00025
Epoch: 667	TL: 1.335e-04	VL: 7.705e-04	 6.921e-04	 adam_lr:0.00025
Epoch: 668	TL: 1.449e-04	VL: 6.426e-04	 6.872e-04	 adam_lr:0.00025
Epoch: 669	TL: 1.401e-04	VL: 6.978e-04	 6.882e-04	 adam_lr:0.00025
Epoch: 670	TL: 1.509e-04	VL: 9.828e-04	 7.177e-04	 adam_lr:0.00025
Epoch: 671	TL: 1.514e-04	VL: 6.250e-04	 7.084e-04	 adam_lr:0.00025
Epoch: 672	TL: 1.363e-04	VL: 6.592e-04	 7.035e-04	 adam_lr:0.00025
Epoch: 673	TL: 1.394e-04	VL: 6.497e-04	 6.981e-04	 adam_lr:0.00025
Epoch: 674	TL: 1.447e-04	VL: 6.421e-04	 6.925e-04	 adam_lr:0.00025
Epoch: 675	TL: 1.418e-04	VL: 6.893e-04	 6.922e-04	 adam_lr:0.00025
Epoch: 676	TL: 1.384e-04	VL: 6.416e-04	 6.871e-04	 adam_lr:0.00025
Epoch: 677	TL: 1.442e-04	VL: 6.771e-04	 6.861e-04	 adam_lr:0.00025
Epoch: 678	TL: 1.515e-04	VL: 6.623e-04	 6.838e-04	 adam_lr:0.00025
Epoch: 679	TL: 1.322e-04	VL: 7.034e-04	 6.857e-04	 adam_lr:0.00025
Epoch: 680	TL: 1.385e-04	VL: 6.653e-04	 6.837e-04	 adam_lr:0.00025
Epoch: 681	TL: 1.500e-04	VL: 7.892e-04	 6.942e-04	 adam_lr:0.00025
Epoch: 682	TL: 1.416e-04	VL: 6.889e-04	 6.937e-04	 adam_lr:0.00025
Epoch: 683	TL: 1.425e-04	VL: 6.446e-04	 6.888e-04	 adam_lr:0.00025
Epoch: 684	TL: 1.422e-04	VL: 6.409e-04	 6.840e-04	 adam_lr:0.00025
Epoch: 685	TL: 1.369e-04	VL: 6.678e-04	 6.824e-04	 adam_lr:0.00025
Epoch: 686	TL: 1.538e-04	VL: 6.362e-04	 6.778e-04	 adam_lr:0.00025
Epoch: 687	TL: 1.423e-04	VL: 6.701e-04	 6.770e-04	 adam_lr:0.00025
Epoch: 688	TL: 1.353e-04	VL: 6.776e-04	 6.771e-04	 adam_lr:0.00025
Epoch: 689	TL: 1.400e-04	VL: 6.385e-04	 6.732e-04	 adam_lr:0.00025
Epoch: 690	TL: 1.379e-04	VL: 6.626e-04	 6.721e-04	 adam_lr:0.00025
Epoch: 691	TL: 1.356e-04	VL: 7.662e-04	 6.815e-04	 adam_lr:0.00025
Epoch: 692	TL: 1.444e-04	VL: 6.502e-04	 6.784e-04	 adam_lr:0.00025
Epoch: 693	TL: 1.380e-04	VL: 6.345e-04	 6.740e-04	 adam_lr:0.00025
Epoch: 694	TL: 1.386e-04	VL: 6.476e-04	 6.714e-04	 adam_lr:0.00025
Epoch: 695	TL: 1.363e-04	VL: 6.837e-04	 6.726e-04	 adam_lr:0.00025
Epoch: 696	TL: 1.527e-04	VL: 6.554e-04	 6.709e-04	 adam_lr:0.00025
Epoch: 697	TL: 1.351e-04	VL: 6.408e-04	 6.679e-04	 adam_lr:0.00025
Epoch: 698	TL: 1.453e-04	VL: 6.610e-04	 6.672e-04	 adam_lr:0.00025
Epoch: 699	TL: 1.365e-04	VL: 6.829e-04	 6.688e-04	 adam_lr:0.00025
Epoch: 700	TL: 1.428e-04	VL: 6.754e-04	 6.694e-04	 adam_lr:0.00025
Epoch: 701	TL: 1.384e-04	VL: 6.505e-04	 6.675e-04	 adam_lr:0.00025
Epoch: 702	TL: 1.353e-04	VL: 6.181e-04	 6.626e-04	 adam_lr:0.00025
Epoch: 703	TL: 1.370e-04	VL: 6.666e-04	 6.630e-04	 adam_lr:0.00025
Epoch: 704	TL: 1.459e-04	VL: 6.382e-04	 6.605e-04	 adam_lr:0.00025
Epoch: 705	TL: 1.353e-04	VL: 6.733e-04	 6.618e-04	 adam_lr:0.00025
Epoch: 706	TL: 1.374e-04	VL: 6.086e-04	 6.565e-04	 adam_lr:0.00025
Epoch: 707	TL: 1.335e-04	VL: 6.512e-04	 6.559e-04	 adam_lr:0.00025
Epoch: 708	TL: 1.532e-04	VL: 6.457e-04	 6.549e-04	 adam_lr:0.00025
Epoch: 709	TL: 1.265e-04	VL: 7.120e-04	 6.606e-04	 adam_lr:0.00025
Epoch: 710	TL: 1.431e-04	VL: 6.191e-04	 6.565e-04	 adam_lr:0.00025
Epoch: 711	TL: 1.375e-04	VL: 6.501e-04	 6.558e-04	 adam_lr:0.00025
Epoch: 712	TL: 1.422e-04	VL: 6.440e-04	 6.547e-04	 adam_lr:0.00025
Epoch: 713	TL: 1.369e-04	VL: 6.415e-04	 6.533e-04	 adam_lr:0.00025
Epoch: 714	TL: 1.326e-04	VL: 6.596e-04	 6.540e-04	 adam_lr:0.00025
Epoch: 715	TL: 1.505e-04	VL: 6.363e-04	 6.522e-04	 adam_lr:0.00025
Epoch: 716	TL: 1.431e-04	VL: 6.641e-04	 6.534e-04	 adam_lr:0.00025
Epoch: 717	TL: 1.353e-04	VL: 6.169e-04	 6.498e-04	 adam_lr:0.00025
Epoch: 718	TL: 1.323e-04	VL: 6.727e-04	 6.520e-04	 adam_lr:0.00025
Epoch: 719	TL: 1.391e-04	VL: 8.358e-04	 6.704e-04	 adam_lr:0.00025
Epoch: 720	TL: 1.357e-04	VL: 8.366e-04	 6.870e-04	 adam_lr:0.00025
Epoch: 721	TL: 1.356e-04	VL: 8.068e-04	 6.990e-04	 adam_lr:0.00025
Epoch: 722	TL: 1.489e-04	VL: 7.571e-04	 7.048e-04	 adam_lr:0.00025
Epoch: 723	TL: 1.452e-04	VL: 6.704e-04	 7.014e-04	 adam_lr:0.00025
Epoch: 724	TL: 1.340e-04	VL: 6.312e-04	 6.944e-04	 adam_lr:0.00025
Epoch: 725	TL: 1.439e-04	VL: 6.301e-04	 6.879e-04	 adam_lr:0.00025
Epoch: 726	TL: 1.257e-04	VL: 6.393e-04	 6.831e-04	 adam_lr:0.00025
Epoch: 727	TL: 1.433e-04	VL: 6.216e-04	 6.769e-04	 adam_lr:0.00025
Epoch: 728	TL: 1.273e-04	VL: 6.463e-04	 6.739e-04	 adam_lr:0.00025
Epoch: 729	TL: 1.365e-04	VL: 6.368e-04	 6.702e-04	 adam_lr:0.00025
Epoch: 730	TL: 1.304e-04	VL: 6.827e-04	 6.714e-04	 adam_lr:0.00025
Epoch: 731	TL: 1.419e-04	VL: 7.795e-04	 6.822e-04	 adam_lr:0.00025
Epoch: 732	TL: 1.296e-04	VL: 7.475e-04	 6.888e-04	 adam_lr:0.00025
Epoch: 733	TL: 1.399e-04	VL: 6.327e-04	 6.832e-04	 adam_lr:0.00025
Epoch: 734	TL: 1.440e-04	VL: 6.498e-04	 6.798e-04	 adam_lr:0.00025
Epoch: 735	TL: 1.296e-04	VL: 6.972e-04	 6.816e-04	 adam_lr:0.00025
Epoch: 736	TL: 1.465e-04	VL: 6.161e-04	 6.750e-04	 adam_lr:0.00025
Epoch: 737	TL: 1.252e-04	VL: 6.539e-04	 6.729e-04	 adam_lr:0.00025
Epoch: 738	TL: 1.422e-04	VL: 6.961e-04	 6.752e-04	 adam_lr:0.00025
Epoch: 739	TL: 1.348e-04	VL: 6.277e-04	 6.705e-04	 adam_lr:0.00025
Epoch: 740	TL: 1.330e-04	VL: 6.890e-04	 6.723e-04	 adam_lr:0.00025
Epoch: 741	TL: 1.428e-04	VL: 7.849e-04	 6.836e-04	 adam_lr:0.00025
Epoch: 742	TL: 1.391e-04	VL: 6.543e-04	 6.807e-04	 adam_lr:0.00025
Epoch: 743	TL: 1.381e-04	VL: 6.502e-04	 6.776e-04	 adam_lr:0.00025
Epoch: 744	TL: 1.382e-04	VL: 6.124e-04	 6.711e-04	 adam_lr:0.00025
Epoch: 745	TL: 1.396e-04	VL: 6.760e-04	 6.716e-04	 adam_lr:0.00025
Epoch: 746	TL: 1.299e-04	VL: 6.647e-04	 6.709e-04	 adam_lr:0.00025
Epoch: 747	TL: 1.310e-04	VL: 8.572e-04	 6.895e-04	 adam_lr:0.00025
Epoch: 748	TL: 1.433e-04	VL: 6.606e-04	 6.866e-04	 adam_lr:0.00025
Epoch: 749	TL: 1.347e-04	VL: 6.204e-04	 6.800e-04	 adam_lr:0.00025
Epoch: 750	TL: 1.310e-04	VL: 7.097e-04	 6.830e-04	 adam_lr:0.00025
Epoch: 751	TL: 1.289e-04	VL: 6.295e-04	 6.776e-04	 adam_lr:0.00025
Epoch: 752	TL: 1.396e-04	VL: 8.538e-04	 6.952e-04	 adam_lr:0.00025
Epoch: 753	TL: 1.392e-04	VL: 6.625e-04	 6.920e-04	 adam_lr:0.00025
Epoch: 754	TL: 1.339e-04	VL: 6.490e-04	 6.877e-04	 adam_lr:0.00025
Epoch: 755	TL: 1.382e-04	VL: 6.309e-04	 6.820e-04	 adam_lr:0.00025
Epoch: 756	TL: 1.325e-04	VL: 6.291e-04	 6.767e-04	 adam_lr:0.00025
Epoch: 757	TL: 1.330e-04	VL: 6.463e-04	 6.737e-04	 adam_lr:0.00025
Epoch: 758	TL: 1.360e-04	VL: 6.413e-04	 6.704e-04	 adam_lr:0.00025
Epoch: 759	TL: 1.431e-04	VL: 6.424e-04	 6.676e-04	 adam_lr:0.00025
Epoch: 760	TL: 1.323e-04	VL: 6.475e-04	 6.656e-04	 adam_lr:0.00025
Epoch: 761	TL: 1.365e-04	VL: 6.505e-04	 6.641e-04	 adam_lr:0.00025
Epoch: 762	TL: 1.274e-04	VL: 6.360e-04	 6.613e-04	 adam_lr:0.00025
Epoch: 763	TL: 1.420e-04	VL: 6.578e-04	 6.609e-04	 adam_lr:0.00025
Epoch: 764	TL: 1.324e-04	VL: 7.009e-04	 6.649e-04	 adam_lr:0.00025
Epoch: 765	TL: 1.340e-04	VL: 6.392e-04	 6.624e-04	 adam_lr:0.00025
Epoch: 766	TL: 1.331e-04	VL: 6.769e-04	 6.638e-04	 adam_lr:0.00025
Epoch: 767	TL: 1.389e-04	VL: 6.826e-04	 6.657e-04	 adam_lr:0.00025
Epoch: 768	TL: 1.415e-04	VL: 6.661e-04	 6.657e-04	 adam_lr:0.00025
Epoch: 769	TL: 1.298e-04	VL: 6.409e-04	 6.633e-04	 adam_lr:0.00025
Epoch: 770	TL: 1.357e-04	VL: 6.185e-04	 6.588e-04	 adam_lr:0.00025
Epoch: 771	TL: 1.306e-04	VL: 6.335e-04	 6.563e-04	 adam_lr:0.00025
Epoch: 772	TL: 1.316e-04	VL: 6.183e-04	 6.525e-04	 adam_lr:0.00025
Epoch: 773	TL: 1.302e-04	VL: 6.197e-04	 6.492e-04	 adam_lr:0.00025
Epoch: 774	TL: 1.315e-04	VL: 6.371e-04	 6.480e-04	 adam_lr:0.00025
Epoch: 775	TL: 1.309e-04	VL: 6.518e-04	 6.484e-04	 adam_lr:0.00025
Epoch: 776	TL: 1.405e-04	VL: 6.344e-04	 6.470e-04	 adam_lr:0.00025
Epoch: 777	TL: 1.328e-04	VL: 7.302e-04	 6.553e-04	 adam_lr:0.00025
Epoch: 778	TL: 1.257e-04	VL: 6.156e-04	 6.513e-04	 adam_lr:0.00025
Epoch: 779	TL: 1.337e-04	VL: 6.612e-04	 6.523e-04	 adam_lr:0.00025
Epoch: 780	TL: 1.363e-04	VL: 6.369e-04	 6.508e-04	 adam_lr:0.00025
Epoch: 781	TL: 1.332e-04	VL: 6.676e-04	 6.525e-04	 adam_lr:0.00025
Epoch: 782	TL: 1.342e-04	VL: 7.141e-04	 6.586e-04	 adam_lr:0.00025
Epoch: 783	TL: 1.405e-04	VL: 7.717e-04	 6.699e-04	 adam_lr:0.00025
Epoch: 784	TL: 1.318e-04	VL: 6.899e-04	 6.719e-04	 adam_lr:0.00025
Epoch: 785	TL: 1.358e-04	VL: 6.276e-04	 6.675e-04	 adam_lr:0.00025
Epoch: 786	TL: 1.278e-04	VL: 6.099e-04	 6.617e-04	 adam_lr:0.00025
Epoch: 787	TL: 1.410e-04	VL: 6.940e-04	 6.650e-04	 adam_lr:0.00025
Epoch: 788	TL: 1.331e-04	VL: 6.465e-04	 6.631e-04	 adam_lr:0.00025
Epoch: 789	TL: 1.305e-04	VL: 6.594e-04	 6.627e-04	 adam_lr:0.00025
Epoch: 790	TL: 1.314e-04	VL: 6.226e-04	 6.587e-04	 adam_lr:0.00025
Epoch: 791	TL: 1.332e-04	VL: 6.406e-04	 6.569e-04	 adam_lr:0.00025
Epoch: 792	TL: 1.342e-04	VL: 6.900e-04	 6.602e-04	 adam_lr:0.00025
Epoch: 793	TL: 1.329e-04	VL: 6.960e-04	 6.638e-04	 adam_lr:0.00025
Epoch: 794	TL: 1.374e-04	VL: 7.947e-04	 6.769e-04	 adam_lr:0.00025
Epoch: 795	TL: 1.399e-04	VL: 6.873e-04	 6.779e-04	 adam_lr:0.00025
Epoch: 796	TL: 1.308e-04	VL: 6.674e-04	 6.769e-04	 adam_lr:0.00025
Epoch: 797	TL: 1.307e-04	VL: 7.349e-04	 6.827e-04	 adam_lr:0.00025
Epoch: 798	TL: 1.271e-04	VL: 6.479e-04	 6.792e-04	 adam_lr:0.00025
Epoch: 799	TL: 1.418e-04	VL: 6.440e-04	 6.757e-04	 adam_lr:0.00025
Epoch: 800	TL: 1.234e-04	VL: 7.063e-04	 6.787e-04	 adam_lr:0.00025
Epoch: 801	TL: 1.484e-04	VL: 6.464e-04	 6.755e-04	 adam_lr:0.00025
Epoch: 802	TL: 1.176e-04	VL: 6.798e-04	 6.759e-04	 adam_lr:0.00025
Epoch: 803	TL: 1.351e-04	VL: 6.540e-04	 6.737e-04	 adam_lr:0.00025
Epoch: 804	TL: 1.291e-04	VL: 7.779e-04	 6.842e-04	 adam_lr:0.00025
Epoch: 805	TL: 1.407e-04	VL: 6.513e-04	 6.809e-04	 adam_lr:0.00025
Epoch: 806	TL: 1.261e-04	VL: 6.493e-04	 6.777e-04	 adam_lr:0.00025
Epoch: 807	TL: 1.260e-04	VL: 6.850e-04	 6.784e-04	 adam_lr:0.00025
Epoch: 808	TL: 1.307e-04	VL: 6.624e-04	 6.768e-04	 adam_lr:0.00025
Epoch: 809	TL: 1.251e-04	VL: 6.770e-04	 6.769e-04	 adam_lr:0.00025
Epoch: 810	TL: 1.467e-04	VL: 9.130e-04	 7.005e-04	 adam_lr:0.00025
Epoch: 811	TL: 1.219e-04	VL: 6.258e-04	 6.930e-04	 adam_lr:0.00025
Epoch: 812	TL: 1.300e-04	VL: 6.809e-04	 6.918e-04	 adam_lr:0.00025
Epoch: 813	TL: 1.373e-04	VL: 7.624e-04	 6.989e-04	 adam_lr:0.00025
Epoch: 814	TL: 1.314e-04	VL: 6.376e-04	 6.927e-04	 adam_lr:0.00025
Epoch: 815	TL: 1.351e-04	VL: 6.490e-04	 6.884e-04	 adam_lr:0.00025
Epoch: 816	TL: 1.198e-04	VL: 6.552e-04	 6.850e-04	 adam_lr:0.00025
Epoch: 817	TL: 1.319e-04	VL: 7.002e-04	 6.866e-04	 adam_lr:0.00025
Epoch: 818	TL: 1.373e-04	VL: 6.518e-04	 6.831e-04	 adam_lr:0.00025
Epoch: 819	TL: 1.346e-04	VL: 7.147e-04	 6.862e-04	 adam_lr:0.00025
Epoch: 820	TL: 1.300e-04	VL: 7.683e-04	 6.944e-04	 adam_lr:0.00025
Epoch: 821	TL: 1.293e-04	VL: 6.564e-04	 6.906e-04	 adam_lr:0.00025
Epoch: 822	TL: 1.248e-04	VL: 6.430e-04	 6.859e-04	 adam_lr:0.00025
Epoch: 823	TL: 1.344e-04	VL: 6.985e-04	 6.871e-04	 adam_lr:0.00025
Epoch: 824	TL: 1.347e-04	VL: 6.893e-04	 6.874e-04	 adam_lr:0.00025
Epoch: 825	TL: 1.254e-04	VL: 7.892e-04	 6.975e-04	 adam_lr:0.00025
Epoch: 826	TL: 1.430e-04	VL: 6.575e-04	 6.935e-04	 adam_lr:0.00025
Epoch: 827	TL: 1.273e-04	VL: 6.260e-04	 6.868e-04	 adam_lr:0.00025
Epoch: 828	TL: 1.307e-04	VL: 6.131e-04	 6.794e-04	 adam_lr:0.00025
Epoch: 829	TL: 1.256e-04	VL: 6.741e-04	 6.789e-04	 adam_lr:0.00025
Epoch: 830	TL: 1.344e-04	VL: 6.348e-04	 6.745e-04	 adam_lr:0.00025
Epoch: 831	TL: 1.265e-04	VL: 6.300e-04	 6.700e-04	 adam_lr:0.00025
Epoch: 832	TL: 1.203e-04	VL: 6.441e-04	 6.674e-04	 adam_lr:0.00025
Epoch: 833	TL: 1.361e-04	VL: 6.611e-04	 6.668e-04	 adam_lr:0.00025
Epoch: 834	TL: 1.377e-04	VL: 6.492e-04	 6.650e-04	 adam_lr:0.00025
Epoch: 835	TL: 1.298e-04	VL: 6.566e-04	 6.642e-04	 adam_lr:0.00025
Epoch: 836	TL: 1.258e-04	VL: 6.324e-04	 6.610e-04	 adam_lr:0.00025
Epoch: 837	TL: 1.208e-04	VL: 7.006e-04	 6.650e-04	 adam_lr:0.00025
Epoch: 838	TL: 1.386e-04	VL: 6.427e-04	 6.627e-04	 adam_lr:0.00025
Epoch: 839	TL: 1.290e-04	VL: 7.041e-04	 6.669e-04	 adam_lr:0.00025
Epoch: 840	TL: 1.335e-04	VL: 6.059e-04	 6.608e-04	 adam_lr:0.00025
Epoch: 841	TL: 1.275e-04	VL: 6.482e-04	 6.595e-04	 adam_lr:0.00025
Epoch: 842	TL: 1.245e-04	VL: 6.715e-04	 6.607e-04	 adam_lr:0.00025
Epoch: 843	TL: 1.320e-04	VL: 6.577e-04	 6.604e-04	 adam_lr:0.00025
Epoch: 844	TL: 1.300e-04	VL: 6.627e-04	 6.606e-04	 adam_lr:0.00025
Epoch: 845	TL: 1.277e-04	VL: 6.272e-04	 6.573e-04	 adam_lr:0.00025
Epoch: 846	TL: 1.288e-04	VL: 6.240e-04	 6.540e-04	 adam_lr:0.00025
Epoch: 847	TL: 1.252e-04	VL: 7.056e-04	 6.591e-04	 adam_lr:0.00025
Epoch: 848	TL: 1.275e-04	VL: 6.556e-04	 6.588e-04	 adam_lr:0.00025
Epoch: 849	TL: 1.264e-04	VL: 8.056e-04	 6.735e-04	 adam_lr:0.00025
Epoch: 850	TL: 1.311e-04	VL: 7.268e-04	 6.788e-04	 adam_lr:0.00025
Epoch: 851	TL: 1.370e-04	VL: 6.721e-04	 6.781e-04	 adam_lr:0.00025
Epoch: 852	TL: 1.282e-04	VL: 6.479e-04	 6.751e-04	 adam_lr:0.00025
Epoch: 853	TL: 1.245e-04	VL: 7.117e-04	 6.788e-04	 adam_lr:0.00025
Epoch: 854	TL: 1.377e-04	VL: 6.392e-04	 6.748e-04	 adam_lr:0.00025
Epoch: 855	TL: 1.333e-04	VL: 7.818e-04	 6.855e-04	 adam_lr:0.00025
Epoch: 856	TL: 1.223e-04	VL: 6.832e-04	 6.853e-04	 adam_lr:0.00025
Epoch: 857	TL: 1.307e-04	VL: 6.477e-04	 6.815e-04	 adam_lr:0.00025
Epoch: 858	TL: 1.286e-04	VL: 6.522e-04	 6.786e-04	 adam_lr:0.00025
Epoch: 859	TL: 1.328e-04	VL: 6.067e-04	 6.714e-04	 adam_lr:0.00025
Epoch: 860	TL: 1.329e-04	VL: 6.143e-04	 6.657e-04	 adam_lr:0.00025
Epoch: 861	TL: 1.233e-04	VL: 6.812e-04	 6.672e-04	 adam_lr:0.00025
Epoch: 862	TL: 1.337e-04	VL: 6.524e-04	 6.657e-04	 adam_lr:0.00025
Epoch: 863	TL: 1.215e-04	VL: 6.659e-04	 6.658e-04	 adam_lr:0.00025
Epoch: 864	TL: 1.374e-04	VL: 6.303e-04	 6.622e-04	 adam_lr:0.00025
Epoch: 865	TL: 1.309e-04	VL: 6.764e-04	 6.636e-04	 adam_lr:0.00025
Epoch: 866	TL: 1.335e-04	VL: 6.072e-04	 6.580e-04	 adam_lr:0.00025
Epoch: 867	TL: 1.202e-04	VL: 6.334e-04	 6.555e-04	 adam_lr:0.00025
Epoch: 868	TL: 1.289e-04	VL: 6.548e-04	 6.555e-04	 adam_lr:0.00025
Epoch: 869	TL: 1.195e-04	VL: 7.492e-04	 6.648e-04	 adam_lr:0.00025
Epoch: 870	TL: 1.354e-04	VL: 6.511e-04	 6.635e-04	 adam_lr:0.00025
Epoch: 871	TL: 1.214e-04	VL: 6.878e-04	 6.659e-04	 adam_lr:0.00025
Epoch: 872	TL: 1.335e-04	VL: 6.092e-04	 6.602e-04	 adam_lr:0.00025
Epoch: 873	TL: 1.246e-04	VL: 7.017e-04	 6.644e-04	 adam_lr:0.00025
Epoch: 874	TL: 1.222e-04	VL: 6.571e-04	 6.636e-04	 adam_lr:0.00025
Epoch: 875	TL: 1.295e-04	VL: 6.455e-04	 6.618e-04	 adam_lr:0.00025
Epoch: 876	TL: 1.343e-04	VL: 6.421e-04	 6.598e-04	 adam_lr:0.00025
Epoch: 877	TL: 1.272e-04	VL: 6.225e-04	 6.561e-04	 adam_lr:0.00025
Epoch: 878	TL: 5.399e-05	VL: 5.877e-04	 6.493e-04	 adam_lr:0.000125
Epoch: 879	TL: 5.763e-05	VL: 5.912e-04	 6.435e-04	 adam_lr:0.000125
Epoch: 880	TL: 5.950e-05	VL: 6.021e-04	 6.393e-04	 adam_lr:0.000125
Epoch: 881	TL: 6.068e-05	VL: 6.552e-04	 6.409e-04	 adam_lr:0.000125
Epoch: 882	TL: 6.370e-05	VL: 6.022e-04	 6.370e-04	 adam_lr:0.000125
Epoch: 883	TL: 6.176e-05	VL: 5.966e-04	 6.330e-04	 adam_lr:0.000125
Epoch: 884	TL: 6.007e-05	VL: 6.132e-04	 6.310e-04	 adam_lr:0.000125
Epoch: 885	TL: 6.106e-05	VL: 5.821e-04	 6.261e-04	 adam_lr:0.000125
Epoch: 886	TL: 6.220e-05	VL: 5.830e-04	 6.218e-04	 adam_lr:0.000125
Epoch: 887	TL: 5.931e-05	VL: 5.906e-04	 6.187e-04	 adam_lr:0.000125
Epoch: 888	TL: 6.364e-05	VL: 5.992e-04	 6.167e-04	 adam_lr:0.000125
Epoch: 889	TL: 6.423e-05	VL: 6.028e-04	 6.154e-04	 adam_lr:0.000125
Epoch: 890	TL: 5.905e-05	VL: 6.219e-04	 6.160e-04	 adam_lr:0.000125
Epoch: 891	TL: 6.009e-05	VL: 6.005e-04	 6.144e-04	 adam_lr:0.000125
Epoch: 892	TL: 5.844e-05	VL: 6.025e-04	 6.133e-04	 adam_lr:0.000125
Epoch: 893	TL: 6.079e-05	VL: 5.846e-04	 6.104e-04	 adam_lr:0.000125
Epoch: 894	TL: 6.207e-05	VL: 6.088e-04	 6.102e-04	 adam_lr:0.000125
Epoch: 895	TL: 5.690e-05	VL: 5.992e-04	 6.091e-04	 adam_lr:0.000125
Epoch: 896	TL: 6.077e-05	VL: 5.898e-04	 6.072e-04	 adam_lr:0.000125
Epoch: 897	TL: 5.778e-05	VL: 6.057e-04	 6.070e-04	 adam_lr:0.000125
Epoch: 898	TL: 6.319e-05	VL: 6.204e-04	 6.084e-04	 adam_lr:0.000125
Epoch: 899	TL: 5.864e-05	VL: 6.000e-04	 6.075e-04	 adam_lr:0.000125
Epoch: 900	TL: 5.942e-05	VL: 5.810e-04	 6.049e-04	 adam_lr:0.000125
Epoch: 901	TL: 5.781e-05	VL: 5.880e-04	 6.032e-04	 adam_lr:0.000125
Epoch: 902	TL: 5.899e-05	VL: 6.012e-04	 6.030e-04	 adam_lr:0.000125
Epoch: 903	TL: 6.100e-05	VL: 5.905e-04	 6.018e-04	 adam_lr:0.000125
Epoch: 904	TL: 6.180e-05	VL: 5.869e-04	 6.003e-04	 adam_lr:0.000125
Epoch: 905	TL: 6.001e-05	VL: 5.951e-04	 5.998e-04	 adam_lr:0.000125
Epoch: 906	TL: 5.721e-05	VL: 5.909e-04	 5.989e-04	 adam_lr:0.000125
Epoch: 907	TL: 5.951e-05	VL: 6.382e-04	 6.028e-04	 adam_lr:0.000125
Epoch: 908	TL: 6.218e-05	VL: 6.017e-04	 6.027e-04	 adam_lr:0.000125
Epoch: 909	TL: 5.981e-05	VL: 6.356e-04	 6.060e-04	 adam_lr:0.000125
Epoch: 910	TL: 5.903e-05	VL: 6.055e-04	 6.059e-04	 adam_lr:0.000125
Epoch: 911	TL: 5.783e-05	VL: 5.865e-04	 6.040e-04	 adam_lr:0.000125
Epoch: 912	TL: 5.955e-05	VL: 6.268e-04	 6.063e-04	 adam_lr:0.000125
Epoch: 913	TL: 5.837e-05	VL: 6.061e-04	 6.063e-04	 adam_lr:0.000125
Epoch: 914	TL: 5.923e-05	VL: 5.931e-04	 6.049e-04	 adam_lr:0.000125
Epoch: 915	TL: 5.929e-05	VL: 5.921e-04	 6.037e-04	 adam_lr:0.000125
Epoch: 916	TL: 5.589e-05	VL: 5.801e-04	 6.013e-04	 adam_lr:0.000125
Epoch: 917	TL: 5.870e-05	VL: 6.104e-04	 6.022e-04	 adam_lr:0.000125
Epoch: 918	TL: 5.696e-05	VL: 6.005e-04	 6.020e-04	 adam_lr:0.000125
Epoch: 919	TL: 6.048e-05	VL: 5.917e-04	 6.010e-04	 adam_lr:0.000125
Epoch: 920	TL: 5.534e-05	VL: 5.951e-04	 6.004e-04	 adam_lr:0.000125
Epoch: 921	TL: 6.186e-05	VL: 5.995e-04	 6.003e-04	 adam_lr:0.000125
Epoch: 922	TL: 5.728e-05	VL: 5.689e-04	 5.972e-04	 adam_lr:0.000125
Epoch: 923	TL: 5.807e-05	VL: 6.374e-04	 6.012e-04	 adam_lr:0.000125
Epoch: 924	TL: 5.556e-05	VL: 5.962e-04	 6.007e-04	 adam_lr:0.000125
Epoch: 925	TL: 5.542e-05	VL: 5.959e-04	 6.002e-04	 adam_lr:0.000125
Epoch: 926	TL: 6.097e-05	VL: 5.872e-04	 5.989e-04	 adam_lr:0.000125
Epoch: 927	TL: 5.950e-05	VL: 5.877e-04	 5.978e-04	 adam_lr:0.000125
Epoch: 928	TL: 5.447e-05	VL: 5.959e-04	 5.976e-04	 adam_lr:0.000125
Epoch: 929	TL: 5.931e-05	VL: 5.779e-04	 5.956e-04	 adam_lr:0.000125
Epoch: 930	TL: 5.805e-05	VL: 5.848e-04	 5.946e-04	 adam_lr:0.000125
Epoch: 931	TL: 5.953e-05	VL: 6.107e-04	 5.962e-04	 adam_lr:0.000125
Epoch: 932	TL: 5.805e-05	VL: 5.957e-04	 5.961e-04	 adam_lr:0.000125
Epoch: 933	TL: 5.652e-05	VL: 5.949e-04	 5.960e-04	 adam_lr:0.000125
Epoch: 934	TL: 5.967e-05	VL: 5.883e-04	 5.952e-04	 adam_lr:0.000125
Epoch: 935	TL: 5.964e-05	VL: 5.927e-04	 5.950e-04	 adam_lr:0.000125
Epoch: 936	TL: 5.700e-05	VL: 6.025e-04	 5.957e-04	 adam_lr:0.000125
Epoch: 937	TL: 5.575e-05	VL: 6.054e-04	 5.967e-04	 adam_lr:0.000125
Epoch: 938	TL: 5.829e-05	VL: 6.137e-04	 5.984e-04	 adam_lr:0.000125
Epoch: 939	TL: 6.114e-05	VL: 6.073e-04	 5.993e-04	 adam_lr:0.000125
Epoch: 940	TL: 5.662e-05	VL: 5.936e-04	 5.987e-04	 adam_lr:0.000125
Epoch: 941	TL: 5.579e-05	VL: 6.056e-04	 5.994e-04	 adam_lr:0.000125
Epoch: 942	TL: 5.735e-05	VL: 5.820e-04	 5.977e-04	 adam_lr:0.000125
Epoch: 943	TL: 5.637e-05	VL: 6.036e-04	 5.983e-04	 adam_lr:0.000125
Epoch: 944	TL: 5.891e-05	VL: 6.065e-04	 5.991e-04	 adam_lr:0.000125
Epoch: 945	TL: 5.789e-05	VL: 6.088e-04	 6.001e-04	 adam_lr:0.000125
Epoch: 946	TL: 5.596e-05	VL: 6.096e-04	 6.010e-04	 adam_lr:0.000125
Epoch: 947	TL: 5.783e-05	VL: 6.353e-04	 6.044e-04	 adam_lr:0.000125
Epoch: 948	TL: 5.735e-05	VL: 5.934e-04	 6.033e-04	 adam_lr:0.000125
Epoch: 949	TL: 5.878e-05	VL: 5.866e-04	 6.017e-04	 adam_lr:0.000125
Epoch: 950	TL: 5.652e-05	VL: 6.141e-04	 6.029e-04	 adam_lr:0.000125
Epoch: 951	TL: 5.348e-05	VL: 5.829e-04	 6.009e-04	 adam_lr:0.000125
Epoch: 952	TL: 5.793e-05	VL: 5.968e-04	 6.005e-04	 adam_lr:0.000125
Epoch: 953	TL: 5.771e-05	VL: 6.046e-04	 6.009e-04	 adam_lr:0.000125
Epoch: 954	TL: 5.671e-05	VL: 5.985e-04	 6.007e-04	 adam_lr:0.000125
Epoch: 955	TL: 5.636e-05	VL: 6.046e-04	 6.011e-04	 adam_lr:0.000125
Epoch: 956	TL: 5.895e-05	VL: 5.920e-04	 6.001e-04	 adam_lr:0.000125
Epoch: 957	TL: 5.505e-05	VL: 6.100e-04	 6.011e-04	 adam_lr:0.000125
Epoch: 958	TL: 5.793e-05	VL: 5.978e-04	 6.008e-04	 adam_lr:0.000125
Epoch: 959	TL: 5.840e-05	VL: 5.913e-04	 5.999e-04	 adam_lr:0.000125
Epoch: 960	TL: 5.483e-05	VL: 5.947e-04	 5.993e-04	 adam_lr:0.000125
Epoch: 961	TL: 5.278e-05	VL: 6.069e-04	 6.001e-04	 adam_lr:0.000125
Epoch: 962	TL: 5.690e-05	VL: 5.964e-04	 5.997e-04	 adam_lr:0.000125
Epoch: 963	TL: 5.624e-05	VL: 6.045e-04	 6.002e-04	 adam_lr:0.000125
Epoch: 964	TL: 5.536e-05	VL: 6.527e-04	 6.055e-04	 adam_lr:0.000125
Epoch: 965	TL: 5.579e-05	VL: 6.011e-04	 6.050e-04	 adam_lr:0.000125
Epoch: 966	TL: 5.493e-05	VL: 6.027e-04	 6.048e-04	 adam_lr:0.000125
Epoch: 967	TL: 5.749e-05	VL: 7.154e-04	 6.159e-04	 adam_lr:0.000125
Epoch: 968	TL: 5.488e-05	VL: 6.005e-04	 6.143e-04	 adam_lr:0.000125
Epoch: 969	TL: 5.642e-05	VL: 5.824e-04	 6.111e-04	 adam_lr:0.000125
Epoch: 970	TL: 5.731e-05	VL: 5.870e-04	 6.087e-04	 adam_lr:0.000125
Epoch: 971	TL: 5.455e-05	VL: 5.873e-04	 6.066e-04	 adam_lr:0.000125
Epoch: 972	TL: 5.708e-05	VL: 6.038e-04	 6.063e-04	 adam_lr:0.000125
Epoch: 973	TL: 5.505e-05	VL: 5.885e-04	 6.045e-04	 adam_lr:0.000125
Epoch: 974	TL: 5.512e-05	VL: 6.002e-04	 6.041e-04	 adam_lr:0.000125
Epoch: 975	TL: 5.983e-05	VL: 6.060e-04	 6.043e-04	 adam_lr:0.000125
Epoch: 976	TL: 5.507e-05	VL: 6.130e-04	 6.051e-04	 adam_lr:0.000125
Epoch: 977	TL: 5.685e-05	VL: 5.827e-04	 6.029e-04	 adam_lr:0.000125
Epoch: 978	TL: 5.832e-05	VL: 5.733e-04	 5.999e-04	 adam_lr:0.000125
Epoch: 979	TL: 5.358e-05	VL: 6.525e-04	 6.052e-04	 adam_lr:0.000125
Epoch: 980	TL: 5.602e-05	VL: 6.109e-04	 6.058e-04	 adam_lr:0.000125
Epoch: 981	TL: 5.330e-05	VL: 5.953e-04	 6.047e-04	 adam_lr:0.000125
Epoch: 982	TL: 5.515e-05	VL: 5.990e-04	 6.041e-04	 adam_lr:0.000125
Epoch: 983	TL: 5.617e-05	VL: 5.900e-04	 6.027e-04	 adam_lr:0.000125
Epoch: 984	TL: 5.522e-05	VL: 6.033e-04	 6.028e-04	 adam_lr:0.000125
Epoch: 985	TL: 5.762e-05	VL: 6.427e-04	 6.068e-04	 adam_lr:0.000125
Epoch: 986	TL: 5.181e-05	VL: 6.201e-04	 6.081e-04	 adam_lr:0.000125
Epoch: 987	TL: 5.665e-05	VL: 5.929e-04	 6.066e-04	 adam_lr:0.000125
Epoch: 988	TL: 5.528e-05	VL: 6.225e-04	 6.082e-04	 adam_lr:0.000125
Epoch: 989	TL: 5.703e-05	VL: 6.095e-04	 6.083e-04	 adam_lr:0.000125
Epoch: 990	TL: 5.362e-05	VL: 6.220e-04	 6.097e-04	 adam_lr:0.000125
Epoch: 991	TL: 5.720e-05	VL: 5.976e-04	 6.085e-04	 adam_lr:0.000125
Epoch: 992	TL: 5.362e-05	VL: 5.891e-04	 6.065e-04	 adam_lr:0.000125
Epoch: 993	TL: 5.466e-05	VL: 6.073e-04	 6.066e-04	 adam_lr:0.000125
Epoch: 994	TL: 5.587e-05	VL: 6.171e-04	 6.077e-04	 adam_lr:0.000125
Epoch: 995	TL: 5.500e-05	VL: 5.924e-04	 6.061e-04	 adam_lr:0.000125
Epoch: 996	TL: 5.746e-05	VL: 5.877e-04	 6.043e-04	 adam_lr:0.000125
Epoch: 997	TL: 5.414e-05	VL: 6.053e-04	 6.044e-04	 adam_lr:0.000125
Epoch: 998	TL: 5.400e-05	VL: 6.066e-04	 6.046e-04	 adam_lr:0.000125
Epoch: 999	TL: 5.516e-05	VL: 5.898e-04	 6.031e-04	 adam_lr:0.000125
Epoch: 1000	TL: 5.494e-05	VL: 5.816e-04	 6.010e-04	 adam_lr:0.000125
Test MAE: 10.877
