Thu Dec  5 04:23:24 2024       
+-----------------------------------------------------------------------------------------+
| NVIDIA-SMI 565.57.01              Driver Version: 565.57.01      CUDA Version: 12.7     |
|-----------------------------------------+------------------------+----------------------+
| GPU  Name                 Persistence-M | Bus-Id          Disp.A | Volatile Uncorr. ECC |
| Fan  Temp   Perf          Pwr:Usage/Cap |           Memory-Usage | GPU-Util  Compute M. |
|                                         |                        |               MIG M. |
|=========================================+========================+======================|
|   0  Tesla V100-PCIE-32GB           On  |   00000000:58:00.0 Off |                    0 |
| N/A   35C    P0             27W /  250W |       1MiB /  32768MiB |      0%   E. Process |
|                                         |                        |                  N/A |
+-----------------------------------------+------------------------+----------------------+
                                                                                         
+-----------------------------------------------------------------------------------------+
| Processes:                                                                              |
|  GPU   GI   CI        PID   Type   Process name                              GPU Memory |
|        ID   ID                                                               Usage      |
|=========================================================================================|
|  No running processes found                                                             |
+-----------------------------------------------------------------------------------------+
cuda
Tesla V100-PCIE-32GB
Epoch: 1	TL: 2.414e-01	VL: 7.920e-02	LR:0.0005
Epoch: 2	TL: 3.301e-02	VL: 3.276e-02	LR:0.0005
Epoch: 3	TL: 1.903e-02	VL: 1.293e-02	LR:0.0005
Epoch: 4	TL: 1.451e-02	VL: 9.883e-03	LR:0.0005
Epoch: 5	TL: 1.207e-02	VL: 1.082e-02	LR:0.0005
Epoch: 6	TL: 1.098e-02	VL: 2.661e-02	LR:0.0005
Epoch: 7	TL: 1.013e-02	VL: 9.691e-03	LR:0.0005
Epoch: 8	TL: 8.950e-03	VL: 6.956e-03	LR:0.0005
Epoch: 9	TL: 8.457e-03	VL: 5.078e-03	LR:0.0005
Epoch: 10	TL: 7.197e-03	VL: 5.901e-03	LR:0.0005
Epoch: 11	TL: 7.231e-03	VL: 5.149e-03	LR:0.0005
Epoch: 12	TL: 6.371e-03	VL: 4.439e-03	LR:0.0005
Epoch: 13	TL: 6.116e-03	VL: 6.889e-03	LR:0.0005
Epoch: 14	TL: 5.733e-03	VL: 4.735e-03	LR:0.0005
Epoch: 15	TL: 5.664e-03	VL: 3.469e-03	LR:0.0005
Epoch: 16	TL: 4.757e-03	VL: 5.575e-03	LR:0.0005
Epoch: 17	TL: 5.268e-03	VL: 5.078e-03	LR:0.0005
Epoch: 18	TL: 4.431e-03	VL: 3.495e-03	LR:0.0005
Epoch: 19	TL: 4.353e-03	VL: 4.374e-03	LR:0.0005
Epoch: 20	TL: 4.032e-03	VL: 3.254e-03	LR:0.0005
Epoch: 21	TL: 3.960e-03	VL: 6.454e-03	LR:0.0005
Epoch: 22	TL: 4.067e-03	VL: 3.127e-03	LR:0.0005
Epoch: 23	TL: 3.713e-03	VL: 3.140e-03	LR:0.0005
Epoch: 24	TL: 3.514e-03	VL: 5.656e-03	LR:0.0005
Epoch: 25	TL: 3.584e-03	VL: 2.496e-03	LR:0.0005
Epoch: 26	TL: 3.339e-03	VL: 3.249e-03	LR:0.0005
Epoch: 27	TL: 3.163e-03	VL: 5.572e-03	LR:0.0005
Epoch: 28	TL: 2.998e-03	VL: 4.508e-03	LR:0.0005
Epoch: 29	TL: 3.380e-03	VL: 4.578e-03	LR:0.0005
Epoch: 30	TL: 2.960e-03	VL: 2.862e-03	LR:0.0005
Epoch: 31	TL: 2.683e-03	VL: 2.346e-03	LR:0.0005
Epoch: 32	TL: 3.074e-03	VL: 2.232e-03	LR:0.0005
Epoch: 33	TL: 2.427e-03	VL: 2.525e-03	LR:0.0005
Epoch: 34	TL: 2.559e-03	VL: 2.539e-03	LR:0.0005
Epoch: 35	TL: 2.661e-03	VL: 3.638e-03	LR:0.0005
Epoch: 36	TL: 2.487e-03	VL: 3.258e-03	LR:0.0005
Epoch: 37	TL: 2.545e-03	VL: 2.576e-03	LR:0.0005
Epoch: 38	TL: 2.305e-03	VL: 1.908e-03	LR:0.0005
Epoch: 39	TL: 2.465e-03	VL: 2.396e-03	LR:0.0005
Epoch: 40	TL: 2.224e-03	VL: 3.492e-03	LR:0.0005
Epoch: 41	TL: 2.273e-03	VL: 2.428e-03	LR:0.0005
Epoch: 42	TL: 2.194e-03	VL: 3.686e-03	LR:0.0005
Epoch: 43	TL: 2.223e-03	VL: 3.965e-03	LR:0.0005
Epoch: 44	TL: 2.123e-03	VL: 3.093e-03	LR:0.0005
Epoch: 45	TL: 2.069e-03	VL: 2.003e-03	LR:0.0005
Epoch: 46	TL: 1.996e-03	VL: 5.283e-03	LR:0.0005
Epoch: 47	TL: 2.105e-03	VL: 2.926e-03	LR:0.0005
Epoch: 48	TL: 2.231e-03	VL: 1.909e-03	LR:0.0005
Epoch: 49	TL: 1.860e-03	VL: 2.898e-03	LR:0.0005
Epoch: 50	TL: 1.754e-03	VL: 1.628e-03	LR:0.0005
Epoch: 51	TL: 2.047e-03	VL: 1.647e-03	LR:0.0005
Epoch: 52	TL: 1.745e-03	VL: 2.486e-03	LR:0.0005
Epoch: 53	TL: 1.817e-03	VL: 1.561e-03	LR:0.0005
Epoch: 54	TL: 1.815e-03	VL: 1.719e-03	LR:0.0005
Epoch: 55	TL: 1.826e-03	VL: 3.065e-03	LR:0.0005
Epoch: 56	TL: 1.808e-03	VL: 1.548e-03	LR:0.0005
Epoch: 57	TL: 1.745e-03	VL: 1.801e-03	LR:0.0005
Epoch: 58	TL: 1.650e-03	VL: 1.826e-03	LR:0.0005
Epoch: 59	TL: 1.864e-03	VL: 2.148e-03	LR:0.0005
Epoch: 60	TL: 1.548e-03	VL: 2.027e-03	LR:0.0005
Epoch: 61	TL: 1.796e-03	VL: 1.730e-03	LR:0.0005
Epoch: 62	TL: 1.603e-03	VL: 2.567e-03	LR:0.0005
Epoch: 63	TL: 1.552e-03	VL: 2.386e-03	LR:0.0005
Epoch: 64	TL: 1.570e-03	VL: 1.796e-03	LR:0.0005
Epoch: 65	TL: 1.514e-03	VL: 1.557e-03	LR:0.0005
Epoch: 66	TL: 1.657e-03	VL: 1.805e-03	LR:0.0005
Epoch: 67	TL: 1.409e-03	VL: 1.819e-03	LR:0.0005
Epoch: 68	TL: 1.429e-03	VL: 2.444e-03	LR:0.0005
Epoch: 69	TL: 1.531e-03	VL: 2.546e-03	LR:0.0005
Epoch: 70	TL: 1.473e-03	VL: 1.870e-03	LR:0.0005
Epoch: 71	TL: 1.447e-03	VL: 2.136e-03	LR:0.0005
Epoch: 72	TL: 1.466e-03	VL: 1.932e-03	LR:0.0005
Epoch: 73	TL: 1.510e-03	VL: 1.742e-03	LR:0.0005
Epoch: 74	TL: 1.358e-03	VL: 1.459e-03	LR:0.0005
Epoch: 75	TL: 1.385e-03	VL: 1.845e-03	LR:0.0005
Epoch: 76	TL: 1.338e-03	VL: 2.031e-03	LR:0.0005
Epoch: 77	TL: 1.449e-03	VL: 2.202e-03	LR:0.0005
Epoch: 78	TL: 1.434e-03	VL: 2.507e-03	LR:0.0005
Epoch: 79	TL: 1.304e-03	VL: 1.435e-03	LR:0.0005
Epoch: 80	TL: 1.256e-03	VL: 1.795e-03	LR:0.0005
Epoch: 81	TL: 1.363e-03	VL: 4.987e-03	LR:0.0005
Epoch: 82	TL: 1.338e-03	VL: 1.584e-03	LR:0.0005
Epoch: 83	TL: 1.428e-03	VL: 1.765e-03	LR:0.0005
Epoch: 84	TL: 1.237e-03	VL: 2.404e-03	LR:0.0005
Epoch: 85	TL: 1.233e-03	VL: 1.551e-03	LR:0.0005
Epoch: 86	TL: 1.323e-03	VL: 1.726e-03	LR:0.00025
Epoch: 87	TL: 5.174e-04	VL: 1.289e-03	LR:0.00025
Epoch: 88	TL: 5.589e-04	VL: 1.266e-03	LR:0.00025
Epoch: 89	TL: 6.301e-04	VL: 9.885e-04	LR:0.00025
Epoch: 90	TL: 6.360e-04	VL: 1.190e-03	LR:0.00025
Epoch: 91	TL: 6.358e-04	VL: 1.427e-03	LR:0.00025
Epoch: 92	TL: 5.961e-04	VL: 1.069e-03	LR:0.00025
Epoch: 93	TL: 5.973e-04	VL: 1.182e-03	LR:0.00025
Epoch: 94	TL: 5.664e-04	VL: 1.063e-03	LR:0.00025
Epoch: 95	TL: 5.892e-04	VL: 1.568e-03	LR:0.00025
Epoch: 96	TL: 5.871e-04	VL: 1.089e-03	LR:0.00025
Epoch: 97	TL: 5.529e-04	VL: 1.088e-03	LR:0.00025
Epoch: 98	TL: 5.678e-04	VL: 1.110e-03	LR:0.00025
Epoch: 99	TL: 5.770e-04	VL: 1.320e-03	LR:0.00025
Epoch: 100	TL: 5.718e-04	VL: 1.045e-03	LR:0.00025
Epoch: 101	TL: 5.936e-04	VL: 1.089e-03	LR:0.00025
Epoch: 102	TL: 5.157e-04	VL: 1.100e-03	LR:0.00025
Epoch: 103	TL: 5.618e-04	VL: 1.151e-03	LR:0.00025
Epoch: 104	TL: 5.812e-04	VL: 9.794e-04	LR:0.00025
Epoch: 105	TL: 5.017e-04	VL: 1.037e-03	LR:0.00025
Epoch: 106	TL: 5.323e-04	VL: 9.568e-04	LR:0.00025
Epoch: 107	TL: 5.338e-04	VL: 9.490e-04	LR:0.00025
Epoch: 108	TL: 5.617e-04	VL: 9.929e-04	LR:0.00025
Epoch: 109	TL: 5.273e-04	VL: 1.095e-03	LR:0.00025
Epoch: 110	TL: 5.470e-04	VL: 9.854e-04	LR:0.00025
Epoch: 111	TL: 5.156e-04	VL: 1.063e-03	LR:0.00025
Epoch: 112	TL: 5.303e-04	VL: 9.989e-04	LR:0.00025
Epoch: 113	TL: 5.125e-04	VL: 1.126e-03	LR:0.00025
Epoch: 114	TL: 4.939e-04	VL: 1.228e-03	LR:0.00025
Epoch: 115	TL: 5.634e-04	VL: 9.857e-04	LR:0.00025
Epoch: 116	TL: 5.073e-04	VL: 1.017e-03	LR:0.00025
Epoch: 117	TL: 4.662e-04	VL: 1.271e-03	LR:0.00025
Epoch: 118	TL: 5.262e-04	VL: 1.116e-03	LR:0.00025
Epoch: 119	TL: 5.121e-04	VL: 9.287e-04	LR:0.00025
Epoch: 120	TL: 4.964e-04	VL: 1.024e-03	LR:0.00025
Epoch: 121	TL: 5.206e-04	VL: 1.439e-03	LR:0.00025
Epoch: 122	TL: 4.840e-04	VL: 9.624e-04	LR:0.00025
Epoch: 123	TL: 4.956e-04	VL: 9.430e-04	LR:0.00025
Epoch: 124	TL: 4.760e-04	VL: 9.612e-04	LR:0.00025
Epoch: 125	TL: 4.958e-04	VL: 1.084e-03	LR:0.00025
Epoch: 126	TL: 4.948e-04	VL: 9.390e-04	LR:0.00025
Epoch: 127	TL: 4.955e-04	VL: 1.170e-03	LR:0.00025
Epoch: 128	TL: 4.627e-04	VL: 9.698e-04	LR:0.00025
Epoch: 129	TL: 4.972e-04	VL: 1.345e-03	LR:0.00025
Epoch: 130	TL: 4.936e-04	VL: 1.111e-03	LR:0.00025
Epoch: 131	TL: 5.050e-04	VL: 2.116e-03	LR:0.00025
Epoch: 132	TL: 4.597e-04	VL: 1.377e-03	LR:0.00025
Epoch: 133	TL: 4.795e-04	VL: 1.404e-03	LR:0.00025
Epoch: 134	TL: 4.612e-04	VL: 1.070e-03	LR:0.000125
Epoch: 135	TL: 2.472e-04	VL: 8.506e-04	LR:0.000125
Epoch: 136	TL: 2.605e-04	VL: 8.443e-04	LR:0.000125
Epoch: 137	TL: 2.697e-04	VL: 8.484e-04	LR:0.000125
Epoch: 138	TL: 2.789e-04	VL: 8.373e-04	LR:0.000125
Epoch: 139	TL: 2.646e-04	VL: 8.407e-04	LR:0.000125
Epoch: 140	TL: 2.699e-04	VL: 9.455e-04	LR:0.000125
Epoch: 141	TL: 2.753e-04	VL: 8.472e-04	LR:0.000125
Epoch: 142	TL: 2.680e-04	VL: 7.999e-04	LR:0.000125
Epoch: 143	TL: 2.640e-04	VL: 8.588e-04	LR:0.000125
Epoch: 144	TL: 2.554e-04	VL: 9.339e-04	LR:0.000125
Epoch: 145	TL: 2.599e-04	VL: 8.986e-04	LR:0.000125
Epoch: 146	TL: 2.485e-04	VL: 9.798e-04	LR:0.000125
Epoch: 147	TL: 2.607e-04	VL: 8.206e-04	LR:0.000125
Epoch: 148	TL: 2.682e-04	VL: 7.980e-04	LR:0.000125
Epoch: 149	TL: 2.501e-04	VL: 1.050e-03	LR:0.000125
Epoch: 150	TL: 2.592e-04	VL: 8.584e-04	LR:0.000125
Epoch: 151	TL: 2.504e-04	VL: 8.119e-04	LR:0.000125
Epoch: 152	TL: 2.580e-04	VL: 8.512e-04	LR:0.000125
Epoch: 153	TL: 2.526e-04	VL: 8.704e-04	LR:0.000125
Epoch: 154	TL: 2.488e-04	VL: 8.760e-04	LR:0.000125
Epoch: 155	TL: 2.535e-04	VL: 1.003e-03	LR:0.000125
Epoch: 156	TL: 2.442e-04	VL: 8.621e-04	LR:0.000125
Epoch: 157	TL: 2.497e-04	VL: 8.813e-04	LR:0.000125
Epoch: 158	TL: 2.573e-04	VL: 8.792e-04	LR:0.000125
Epoch: 159	TL: 2.458e-04	VL: 8.144e-04	LR:0.000125
Epoch: 160	TL: 2.511e-04	VL: 8.132e-04	LR:0.000125
Epoch: 161	TL: 2.415e-04	VL: 8.821e-04	LR:0.000125
Epoch: 162	TL: 2.480e-04	VL: 8.321e-04	LR:0.000125
Epoch: 163	TL: 2.393e-04	VL: 8.458e-04	LR:0.000125
Epoch: 164	TL: 2.452e-04	VL: 8.714e-04	LR:0.000125
Epoch: 165	TL: 2.368e-04	VL: 8.409e-04	LR:0.000125
Epoch: 166	TL: 2.468e-04	VL: 8.497e-04	LR:0.000125
Epoch: 167	TL: 2.365e-04	VL: 8.518e-04	LR:0.000125
Epoch: 168	TL: 2.281e-04	VL: 8.284e-04	LR:0.000125
Epoch: 169	TL: 2.278e-04	VL: 8.397e-04	LR:0.000125
Epoch: 170	TL: 2.551e-04	VL: 8.063e-04	LR:0.000125
Epoch: 171	TL: 2.367e-04	VL: 7.915e-04	LR:0.000125
Epoch: 172	TL: 2.247e-04	VL: 9.334e-04	LR:0.000125
Epoch: 173	TL: 2.409e-04	VL: 1.125e-03	LR:0.000125
Epoch: 174	TL: 2.285e-04	VL: 8.998e-04	LR:0.000125
Epoch: 175	TL: 2.244e-04	VL: 7.853e-04	LR:0.000125
Epoch: 176	TL: 2.303e-04	VL: 7.797e-04	LR:0.000125
Epoch: 177	TL: 2.417e-04	VL: 8.835e-04	LR:6.25e-05
Epoch: 178	TL: 1.549e-04	VL: 7.705e-04	LR:6.25e-05
Epoch: 179	TL: 1.593e-04	VL: 7.963e-04	LR:6.25e-05
Epoch: 180	TL: 1.652e-04	VL: 7.893e-04	LR:6.25e-05
Epoch: 181	TL: 1.655e-04	VL: 7.742e-04	LR:6.25e-05
Epoch: 182	TL: 1.597e-04	VL: 7.933e-04	LR:6.25e-05
Epoch: 183	TL: 1.657e-04	VL: 8.064e-04	LR:6.25e-05
Epoch: 184	TL: 1.609e-04	VL: 7.767e-04	LR:6.25e-05
Epoch: 185	TL: 1.605e-04	VL: 7.900e-04	LR:6.25e-05
Epoch: 186	TL: 1.591e-04	VL: 7.784e-04	LR:6.25e-05
Epoch: 187	TL: 1.603e-04	VL: 7.897e-04	LR:6.25e-05
Epoch: 188	TL: 1.573e-04	VL: 8.186e-04	LR:6.25e-05
Epoch: 189	TL: 1.556e-04	VL: 7.804e-04	LR:6.25e-05
Epoch: 190	TL: 1.580e-04	VL: 7.518e-04	LR:6.25e-05
Epoch: 191	TL: 1.591e-04	VL: 7.716e-04	LR:6.25e-05
Epoch: 192	TL: 1.555e-04	VL: 7.680e-04	LR:6.25e-05
Epoch: 193	TL: 1.580e-04	VL: 7.718e-04	LR:6.25e-05
Epoch: 194	TL: 1.552e-04	VL: 7.515e-04	LR:6.25e-05
Epoch: 195	TL: 1.556e-04	VL: 7.926e-04	LR:6.25e-05
Epoch: 196	TL: 1.539e-04	VL: 7.505e-04	LR:6.25e-05
Epoch: 197	TL: 1.537e-04	VL: 7.853e-04	LR:6.25e-05
Epoch: 198	TL: 1.540e-04	VL: 7.881e-04	LR:6.25e-05
Epoch: 199	TL: 1.527e-04	VL: 7.559e-04	LR:6.25e-05
Epoch: 200	TL: 1.533e-04	VL: 7.722e-04	LR:6.25e-05
Epoch: 201	TL: 1.551e-04	VL: 7.580e-04	LR:6.25e-05
Epoch: 202	TL: 1.486e-04	VL: 7.556e-04	LR:6.25e-05
Epoch: 203	TL: 1.513e-04	VL: 7.701e-04	LR:6.25e-05
Epoch: 204	TL: 1.498e-04	VL: 7.570e-04	LR:6.25e-05
Epoch: 205	TL: 1.524e-04	VL: 7.619e-04	LR:6.25e-05
Epoch: 206	TL: 1.496e-04	VL: 7.756e-04	LR:6.25e-05
Epoch: 207	TL: 1.516e-04	VL: 7.615e-04	LR:6.25e-05
Epoch: 208	TL: 1.476e-04	VL: 8.157e-04	LR:6.25e-05
Epoch: 209	TL: 1.486e-04	VL: 7.565e-04	LR:6.25e-05
Epoch: 210	TL: 1.488e-04	VL: 7.585e-04	LR:6.25e-05
Epoch: 211	TL: 1.484e-04	VL: 8.022e-04	LR:6.25e-05
Epoch: 212	TL: 1.514e-04	VL: 7.614e-04	LR:6.25e-05
Epoch: 213	TL: 1.468e-04	VL: 7.695e-04	LR:3.125e-05
Epoch: 214	TL: 1.192e-04	VL: 7.545e-04	LR:3.125e-05
Epoch: 215	TL: 1.205e-04	VL: 7.512e-04	LR:3.125e-05
Epoch: 216	TL: 1.220e-04	VL: 7.571e-04	LR:3.125e-05
Epoch: 217	TL: 1.188e-04	VL: 7.952e-04	LR:3.125e-05
Epoch: 218	TL: 1.213e-04	VL: 7.416e-04	LR:3.125e-05
Epoch: 219	TL: 1.205e-04	VL: 7.425e-04	LR:3.125e-05
Epoch: 220	TL: 1.191e-04	VL: 7.602e-04	LR:3.125e-05
Epoch: 221	TL: 1.206e-04	VL: 7.501e-04	LR:3.125e-05
Epoch: 222	TL: 1.195e-04	VL: 7.338e-04	LR:3.125e-05
Epoch: 223	TL: 1.192e-04	VL: 7.701e-04	LR:3.125e-05
Epoch: 224	TL: 1.215e-04	VL: 7.659e-04	LR:3.125e-05
Epoch: 225	TL: 1.181e-04	VL: 7.639e-04	LR:3.125e-05
Epoch: 226	TL: 1.203e-04	VL: 7.473e-04	LR:3.125e-05
Epoch: 227	TL: 1.181e-04	VL: 7.502e-04	LR:3.125e-05
Epoch: 228	TL: 1.192e-04	VL: 7.537e-04	LR:3.125e-05
Epoch: 229	TL: 1.179e-04	VL: 7.335e-04	LR:3.125e-05
Epoch: 230	TL: 1.191e-04	VL: 7.465e-04	LR:3.125e-05
Epoch: 231	TL: 1.172e-04	VL: 7.349e-04	LR:3.125e-05
Epoch: 232	TL: 1.171e-04	VL: 7.543e-04	LR:3.125e-05
Epoch: 233	TL: 1.165e-04	VL: 7.384e-04	LR:3.125e-05
Epoch: 234	TL: 1.165e-04	VL: 7.459e-04	LR:3.125e-05
Epoch: 235	TL: 1.178e-04	VL: 7.607e-04	LR:3.125e-05
Epoch: 236	TL: 1.165e-04	VL: 7.333e-04	LR:3.125e-05
Epoch: 237	TL: 1.161e-04	VL: 7.400e-04	LR:3.125e-05
Epoch: 238	TL: 1.153e-04	VL: 7.354e-04	LR:3.125e-05
Epoch: 239	TL: 1.166e-04	VL: 7.700e-04	LR:3.125e-05
Epoch: 240	TL: 1.141e-04	VL: 7.343e-04	LR:3.125e-05
Epoch: 241	TL: 1.150e-04	VL: 7.410e-04	LR:3.125e-05
Epoch: 242	TL: 1.154e-04	VL: 7.369e-04	LR:3.125e-05
Epoch: 243	TL: 1.149e-04	VL: 7.387e-04	LR:3.125e-05
Epoch: 244	TL: 1.146e-04	VL: 7.526e-04	LR:3.125e-05
Epoch: 245	TL: 1.139e-04	VL: 7.323e-04	LR:3.125e-05
Epoch: 246	TL: 1.147e-04	VL: 7.335e-04	LR:3.125e-05
Epoch: 247	TL: 1.145e-04	VL: 7.407e-04	LR:3.125e-05
Epoch: 248	TL: 1.142e-04	VL: 7.523e-04	LR:3.125e-05
Epoch: 249	TL: 1.141e-04	VL: 7.492e-04	LR:3.125e-05
Epoch: 250	TL: 1.145e-04	VL: 7.368e-04	LR:3.125e-05
Epoch: 251	TL: 1.133e-04	VL: 7.396e-04	LR:3.125e-05
Epoch: 252	TL: 1.129e-04	VL: 7.285e-04	LR:3.125e-05
Epoch: 253	TL: 1.108e-04	VL: 7.413e-04	LR:3.125e-05
Epoch: 254	TL: 1.140e-04	VL: 7.533e-04	LR:3.125e-05
Epoch: 255	TL: 1.128e-04	VL: 7.375e-04	LR:3.125e-05
Epoch: 256	TL: 1.121e-04	VL: 7.355e-04	LR:3.125e-05
Epoch: 257	TL: 1.145e-04	VL: 7.347e-04	LR:3.125e-05
Epoch: 258	TL: 1.113e-04	VL: 7.377e-04	LR:3.125e-05
Epoch: 259	TL: 1.130e-04	VL: 7.556e-04	LR:3.125e-05
Epoch: 260	TL: 1.111e-04	VL: 7.316e-04	LR:3.125e-05
Epoch: 261	TL: 1.122e-04	VL: 7.337e-04	LR:3.125e-05
Epoch: 262	TL: 1.115e-04	VL: 7.361e-04	LR:3.125e-05
Epoch: 263	TL: 1.105e-04	VL: 7.427e-04	LR:3.125e-05
Epoch: 264	TL: 1.126e-04	VL: 7.535e-04	LR:3.125e-05
Epoch: 265	TL: 1.111e-04	VL: 7.795e-04	LR:3.125e-05
Epoch: 266	TL: 1.095e-04	VL: 7.576e-04	LR:3.125e-05
Epoch: 267	TL: 1.116e-04	VL: 7.292e-04	LR:3.125e-05
Epoch: 268	TL: 1.122e-04	VL: 7.392e-04	LR:1.5625e-05
Epoch: 269	TL: 9.719e-05	VL: 7.237e-04	LR:1.5625e-05
Epoch: 270	TL: 9.712e-05	VL: 7.300e-04	LR:1.5625e-05
Epoch: 271	TL: 9.919e-05	VL: 7.264e-04	LR:1.5625e-05
Epoch: 272	TL: 9.776e-05	VL: 7.251e-04	LR:1.5625e-05
Epoch: 273	TL: 9.848e-05	VL: 7.454e-04	LR:1.5625e-05
Epoch: 274	TL: 9.771e-05	VL: 7.327e-04	LR:1.5625e-05
Epoch: 275	TL: 9.873e-05	VL: 7.317e-04	LR:1.5625e-05
Epoch: 276	TL: 9.769e-05	VL: 7.236e-04	LR:1.5625e-05
Epoch: 277	TL: 9.744e-05	VL: 7.308e-04	LR:1.5625e-05
Epoch: 278	TL: 9.811e-05	VL: 7.220e-04	LR:1.5625e-05
Epoch: 279	TL: 9.685e-05	VL: 7.237e-04	LR:1.5625e-05
Epoch: 280	TL: 9.750e-05	VL: 7.211e-04	LR:1.5625e-05
Epoch: 281	TL: 9.667e-05	VL: 7.264e-04	LR:1.5625e-05
Epoch: 282	TL: 9.708e-05	VL: 7.217e-04	LR:1.5625e-05
Epoch: 283	TL: 9.698e-05	VL: 7.268e-04	LR:1.5625e-05
Epoch: 284	TL: 9.683e-05	VL: 7.245e-04	LR:1.5625e-05
Epoch: 285	TL: 9.820e-05	VL: 7.241e-04	LR:1.5625e-05
Epoch: 286	TL: 9.559e-05	VL: 7.338e-04	LR:1.5625e-05
Epoch: 287	TL: 9.695e-05	VL: 7.260e-04	LR:1.5625e-05
Epoch: 288	TL: 9.564e-05	VL: 7.261e-04	LR:1.5625e-05
Epoch: 289	TL: 9.695e-05	VL: 7.342e-04	LR:1.5625e-05
Epoch: 290	TL: 9.691e-05	VL: 7.251e-04	LR:1.5625e-05
Epoch: 291	TL: 9.614e-05	VL: 7.279e-04	LR:1.5625e-05
Epoch: 292	TL: 9.550e-05	VL: 7.251e-04	LR:1.5625e-05
Epoch: 293	TL: 9.573e-05	VL: 7.313e-04	LR:1.5625e-05
Epoch: 294	TL: 9.689e-05	VL: 7.246e-04	LR:1.5625e-05
Epoch: 295	TL: 9.505e-05	VL: 7.183e-04	LR:1.5625e-05
Epoch: 296	TL: 9.556e-05	VL: 7.279e-04	LR:1.5625e-05
Epoch: 297	TL: 9.506e-05	VL: 7.211e-04	LR:1.5625e-05
Epoch: 298	TL: 9.535e-05	VL: 7.243e-04	LR:1.5625e-05
Epoch: 299	TL: 9.538e-05	VL: 7.341e-04	LR:1.5625e-05
Epoch: 300	TL: 9.556e-05	VL: 7.295e-04	LR:1.5625e-05
Epoch: 301	TL: 9.480e-05	VL: 7.215e-04	LR:1.5625e-05
Epoch: 302	TL: 9.515e-05	VL: 7.333e-04	LR:1.5625e-05
Epoch: 303	TL: 9.499e-05	VL: 7.208e-04	LR:1.5625e-05
Epoch: 304	TL: 9.439e-05	VL: 7.211e-04	LR:1.5625e-05
Epoch: 305	TL: 9.372e-05	VL: 7.256e-04	LR:1.5625e-05
Epoch: 306	TL: 9.502e-05	VL: 7.243e-04	LR:1.5625e-05
Epoch: 307	TL: 9.435e-05	VL: 7.246e-04	LR:1.5625e-05
Epoch: 308	TL: 9.549e-05	VL: 7.225e-04	LR:1.5625e-05
Epoch: 309	TL: 9.401e-05	VL: 7.332e-04	LR:1.5625e-05
Epoch: 310	TL: 9.426e-05	VL: 7.217e-04	LR:1.5625e-05
Epoch: 311	TL: 9.419e-05	VL: 7.232e-04	LR:1.5625e-05
Epoch: 312	TL: 9.372e-05	VL: 7.181e-04	LR:1.5625e-05
Epoch: 313	TL: 9.412e-05	VL: 7.285e-04	LR:1.5625e-05
Epoch: 314	TL: 9.348e-05	VL: 7.180e-04	LR:1.5625e-05
Epoch: 315	TL: 9.302e-05	VL: 7.171e-04	LR:1.5625e-05
Epoch: 316	TL: 9.419e-05	VL: 7.186e-04	LR:1.5625e-05
Epoch: 317	TL: 9.367e-05	VL: 7.186e-04	LR:1.5625e-05
Epoch: 318	TL: 9.366e-05	VL: 7.217e-04	LR:1.5625e-05
Epoch: 319	TL: 9.363e-05	VL: 7.262e-04	LR:1.5625e-05
Epoch: 320	TL: 9.383e-05	VL: 7.245e-04	LR:1.5625e-05
Epoch: 321	TL: 9.254e-05	VL: 7.373e-04	LR:1.5625e-05
Epoch: 322	TL: 9.295e-05	VL: 7.170e-04	LR:1.5625e-05
Epoch: 323	TL: 9.322e-05	VL: 7.230e-04	LR:1.5625e-05
Epoch: 324	TL: 9.234e-05	VL: 7.189e-04	LR:7.8125e-06
Epoch: 325	TL: 8.690e-05	VL: 7.167e-04	LR:7.8125e-06
Epoch: 326	TL: 8.705e-05	VL: 7.181e-04	LR:7.8125e-06
Epoch: 327	TL: 8.683e-05	VL: 7.209e-04	LR:7.8125e-06
Epoch: 328	TL: 8.684e-05	VL: 7.176e-04	LR:7.8125e-06
Epoch: 329	TL: 8.690e-05	VL: 7.199e-04	LR:7.8125e-06
Epoch: 330	TL: 8.691e-05	VL: 7.169e-04	LR:7.8125e-06
Epoch: 331	TL: 8.665e-05	VL: 7.154e-04	LR:7.8125e-06
Epoch: 332	TL: 8.674e-05	VL: 7.159e-04	LR:7.8125e-06
Epoch: 333	TL: 8.689e-05	VL: 7.177e-04	LR:7.8125e-06
Epoch: 334	TL: 8.617e-05	VL: 7.195e-04	LR:7.8125e-06
Epoch: 335	TL: 8.685e-05	VL: 7.213e-04	LR:7.8125e-06
Epoch: 336	TL: 8.674e-05	VL: 7.235e-04	LR:7.8125e-06
Epoch: 337	TL: 8.665e-05	VL: 7.247e-04	LR:7.8125e-06
Epoch: 338	TL: 8.638e-05	VL: 7.173e-04	LR:7.8125e-06
Epoch: 339	TL: 8.647e-05	VL: 7.190e-04	LR:3.90625e-06
Epoch: 340	TL: 8.340e-05	VL: 7.138e-04	LR:3.90625e-06
Epoch: 341	TL: 8.314e-05	VL: 7.154e-04	LR:3.90625e-06
Epoch: 342	TL: 8.325e-05	VL: 7.152e-04	LR:3.90625e-06
Epoch: 343	TL: 8.305e-05	VL: 7.155e-04	LR:3.90625e-06
Epoch: 344	TL: 8.302e-05	VL: 7.160e-04	LR:3.90625e-06
Epoch: 345	TL: 8.342e-05	VL: 7.220e-04	LR:3.90625e-06
Epoch: 346	TL: 8.337e-05	VL: 7.170e-04	LR:3.90625e-06
Epoch: 347	TL: 8.313e-05	VL: 7.160e-04	LR:3.90625e-06
Epoch: 348	TL: 8.289e-05	VL: 7.174e-04	LR:3.90625e-06
Epoch: 349	TL: 8.316e-05	VL: 7.120e-04	LR:3.90625e-06
Epoch: 350	TL: 8.304e-05	VL: 7.142e-04	LR:3.90625e-06
Epoch: 351	TL: 8.302e-05	VL: 7.174e-04	LR:3.90625e-06
Epoch: 352	TL: 8.312e-05	VL: 7.177e-04	LR:3.90625e-06
Epoch: 353	TL: 8.284e-05	VL: 7.149e-04	LR:3.90625e-06
Epoch: 354	TL: 8.308e-05	VL: 7.144e-04	LR:3.90625e-06
Epoch: 355	TL: 8.301e-05	VL: 7.159e-04	LR:3.90625e-06
Epoch: 356	TL: 8.286e-05	VL: 7.141e-04	LR:3.90625e-06
Epoch: 357	TL: 8.276e-05	VL: 7.136e-04	LR:3.90625e-06
Epoch: 358	TL: 8.244e-05	VL: 7.129e-04	LR:3.90625e-06
Epoch: 359	TL: 8.289e-05	VL: 7.169e-04	LR:3.90625e-06
Epoch: 360	TL: 8.267e-05	VL: 7.122e-04	LR:3.90625e-06
Epoch: 361	TL: 8.282e-05	VL: 7.149e-04	LR:3.90625e-06
Epoch: 362	TL: 8.263e-05	VL: 7.138e-04	LR:3.90625e-06
Epoch: 363	TL: 8.274e-05	VL: 7.149e-04	LR:3.90625e-06
Epoch: 364	TL: 8.261e-05	VL: 7.156e-04	LR:3.90625e-06
Epoch: 365	TL: 8.265e-05	VL: 7.111e-04	LR:3.90625e-06
Epoch: 366	TL: 8.246e-05	VL: 7.141e-04	LR:3.90625e-06
Epoch: 367	TL: 8.260e-05	VL: 7.151e-04	LR:3.90625e-06
Epoch: 368	TL: 8.263e-05	VL: 7.152e-04	LR:3.90625e-06
Epoch: 369	TL: 8.261e-05	VL: 7.167e-04	LR:3.90625e-06
Epoch: 370	TL: 8.239e-05	VL: 7.165e-04	LR:3.90625e-06
Epoch: 371	TL: 8.267e-05	VL: 7.169e-04	LR:3.90625e-06
Epoch: 372	TL: 8.242e-05	VL: 7.129e-04	LR:1.953125e-06
Epoch: 373	TL: 8.051e-05	VL: 7.134e-04	LR:1.953125e-06
Epoch: 374	TL: 8.097e-05	VL: 7.139e-04	LR:1.953125e-06
Epoch: 375	TL: 8.064e-05	VL: 7.123e-04	LR:1.953125e-06
Epoch: 376	TL: 8.083e-05	VL: 7.129e-04	LR:1.953125e-06
Epoch: 377	TL: 8.062e-05	VL: 7.146e-04	LR:1.953125e-06
Epoch: 378	TL: 8.075e-05	VL: 7.139e-04	LR:1.953125e-06
Epoch: 379	TL: 8.071e-05	VL: 7.135e-04	LR:1.953125e-06
Epoch: 380	TL: 8.076e-05	VL: 7.119e-04	LR:1.953125e-06
Epoch: 381	TL: 8.073e-05	VL: 7.133e-04	LR:1.953125e-06
Epoch: 382	TL: 8.063e-05	VL: 7.121e-04	LR:1.953125e-06
Epoch: 383	TL: 8.059e-05	VL: 7.172e-04	LR:1.953125e-06
Epoch: 384	TL: 8.065e-05	VL: 7.120e-04	LR:1.953125e-06
Epoch: 385	TL: 8.073e-05	VL: 7.113e-04	LR:1.953125e-06
Epoch: 386	TL: 8.062e-05	VL: 7.141e-04	LR:1.953125e-06
Epoch: 387	TL: 8.034e-05	VL: 7.132e-04	LR:1.953125e-06
Epoch: 388	TL: 8.045e-05	VL: 7.130e-04	LR:1.953125e-06
Epoch: 389	TL: 8.063e-05	VL: 7.162e-04	LR:1.953125e-06
Epoch: 390	TL: 8.058e-05	VL: 7.129e-04	LR:1.953125e-06
Epoch: 391	TL: 8.061e-05	VL: 7.132e-04	LR:9.765625e-07
Epoch: 392	TL: 7.957e-05	VL: 7.114e-04	LR:9.765625e-07
Epoch: 393	TL: 7.954e-05	VL: 7.106e-04	LR:9.765625e-07
Epoch: 394	TL: 7.962e-05	VL: 7.124e-04	LR:9.765625e-07
Epoch: 395	TL: 7.955e-05	VL: 7.127e-04	LR:9.765625e-07
Epoch: 396	TL: 7.951e-05	VL: 7.133e-04	LR:9.765625e-07
Epoch: 397	TL: 7.952e-05	VL: 7.116e-04	LR:9.765625e-07
Epoch: 398	TL: 7.959e-05	VL: 7.125e-04	LR:9.765625e-07
Epoch: 399	TL: 7.952e-05	VL: 7.122e-04	LR:9.765625e-07
Epoch: 400	TL: 7.957e-05	VL: 7.112e-04	LR:9.765625e-07
Epoch: 401	TL: 7.951e-05	VL: 7.114e-04	LR:9.765625e-07
Epoch: 402	TL: 7.957e-05	VL: 7.114e-04	LR:9.765625e-07
Epoch: 403	TL: 7.958e-05	VL: 7.121e-04	LR:9.765625e-07
Epoch: 404	TL: 7.963e-05	VL: 7.147e-04	LR:9.765625e-07
Epoch: 405	TL: 7.951e-05	VL: 7.113e-04	LR:9.765625e-07
Epoch: 406	TL: 7.950e-05	VL: 7.124e-04	LR:9.765625e-07
Epoch: 407	TL: 7.948e-05	VL: 7.111e-04	LR:9.765625e-07
Epoch: 408	TL: 7.950e-05	VL: 7.115e-04	LR:9.765625e-07
Epoch: 409	TL: 7.944e-05	VL: 7.122e-04	LR:9.765625e-07
Epoch: 410	TL: 7.943e-05	VL: 7.111e-04	LR:9.765625e-07
Epoch: 411	TL: 7.933e-05	VL: 7.125e-04	LR:9.765625e-07
Epoch: 412	TL: 7.949e-05	VL: 7.117e-04	LR:9.765625e-07
Epoch: 413	TL: 7.958e-05	VL: 7.116e-04	LR:9.765625e-07
Epoch: 414	TL: 7.947e-05	VL: 7.111e-04	LR:9.765625e-07
Epoch: 415	TL: 7.939e-05	VL: 7.122e-04	LR:9.765625e-07
Epoch: 416	TL: 7.956e-05	VL: 7.123e-04	LR:9.765625e-07
Epoch: 417	TL: 7.944e-05	VL: 7.118e-04	LR:9.765625e-07
Epoch: 418	TL: 7.938e-05	VL: 7.125e-04	LR:9.765625e-07
Epoch: 419	TL: 7.936e-05	VL: 7.122e-04	LR:9.765625e-07
Epoch: 420	TL: 7.950e-05	VL: 7.118e-04	LR:4.8828125e-07
Epoch: 421	TL: 7.887e-05	VL: 7.115e-04	LR:4.8828125e-07
Epoch: 422	TL: 7.890e-05	VL: 7.106e-04	LR:4.8828125e-07
Epoch: 423	TL: 7.888e-05	VL: 7.125e-04	LR:4.8828125e-07
Epoch: 424	TL: 7.893e-05	VL: 7.106e-04	LR:4.8828125e-07
Epoch: 425	TL: 7.891e-05	VL: 7.105e-04	LR:4.8828125e-07
Epoch: 426	TL: 7.895e-05	VL: 7.115e-04	LR:4.8828125e-07
Epoch: 427	TL: 7.896e-05	VL: 7.107e-04	LR:4.8828125e-07
Epoch: 428	TL: 7.899e-05	VL: 7.111e-04	LR:4.8828125e-07
Epoch: 429	TL: 7.883e-05	VL: 7.116e-04	LR:4.8828125e-07
Epoch: 430	TL: 7.878e-05	VL: 7.114e-04	LR:4.8828125e-07
Epoch: 431	TL: 7.892e-05	VL: 7.108e-04	LR:4.8828125e-07
Epoch: 432	TL: 7.900e-05	VL: 7.115e-04	LR:4.8828125e-07
Epoch: 433	TL: 7.893e-05	VL: 7.102e-04	LR:4.8828125e-07
Epoch: 434	TL: 7.886e-05	VL: 7.108e-04	LR:4.8828125e-07
Epoch: 435	TL: 7.890e-05	VL: 7.115e-04	LR:4.8828125e-07
Epoch: 436	TL: 7.894e-05	VL: 7.107e-04	LR:4.8828125e-07
Epoch: 437	TL: 7.885e-05	VL: 7.130e-04	LR:4.8828125e-07
Epoch: 438	TL: 7.879e-05	VL: 7.117e-04	LR:4.8828125e-07
Epoch: 439	TL: 7.887e-05	VL: 7.103e-04	LR:4.8828125e-07
Epoch: 440	TL: 7.885e-05	VL: 7.115e-04	LR:4.8828125e-07
Epoch: 441	TL: 7.889e-05	VL: 7.111e-04	LR:4.8828125e-07
Epoch: 442	TL: 7.888e-05	VL: 7.125e-04	LR:2.44140625e-07
Epoch: 443	TL: 7.857e-05	VL: 7.108e-04	LR:2.44140625e-07
Epoch: 444	TL: 7.856e-05	VL: 7.111e-04	LR:2.44140625e-07
Epoch: 445	TL: 7.866e-05	VL: 7.106e-04	LR:2.44140625e-07
Epoch: 446	TL: 7.857e-05	VL: 7.115e-04	LR:2.44140625e-07
Epoch: 447	TL: 7.864e-05	VL: 7.108e-04	LR:2.44140625e-07
Epoch: 448	TL: 7.863e-05	VL: 7.108e-04	LR:1.220703125e-07
Epoch: 449	TL: 7.841e-05	VL: 7.113e-04	LR:1.220703125e-07
Epoch: 450	TL: 7.842e-05	VL: 7.115e-04	LR:1.220703125e-07
Epoch: 451	TL: 7.838e-05	VL: 7.113e-04	LR:1.220703125e-07
Epoch: 452	TL: 7.847e-05	VL: 7.108e-04	LR:1.220703125e-07
Epoch: 453	TL: 7.849e-05	VL: 7.109e-04	LR:1.220703125e-07
Epoch: 454	TL: 7.843e-05	VL: 7.106e-04	LR:1.220703125e-07
Epoch: 455	TL: 7.840e-05	VL: 7.105e-04	LR:1.220703125e-07
Epoch: 456	TL: 7.848e-05	VL: 7.113e-04	LR:1.220703125e-07
Epoch: 457	TL: 7.840e-05	VL: 7.107e-04	LR:1.220703125e-07
Epoch: 458	TL: 7.850e-05	VL: 7.105e-04	LR:1.220703125e-07
Epoch: 459	TL: 7.843e-05	VL: 7.104e-04	LR:1.220703125e-07
Epoch: 460	TL: 7.842e-05	VL: 7.106e-04	LR:1.220703125e-07
Epoch: 461	TL: 7.844e-05	VL: 7.106e-04	LR:1.220703125e-07
Epoch: 462	TL: 7.843e-05	VL: 7.105e-04	LR:1.220703125e-07
Epoch: 463	TL: 7.846e-05	VL: 7.114e-04	LR:1.220703125e-07
Epoch: 464	TL: 7.843e-05	VL: 7.108e-04	LR:1.220703125e-07
Epoch: 465	TL: 7.844e-05	VL: 7.109e-04	LR:1.220703125e-07
Epoch: 466	TL: 7.843e-05	VL: 7.109e-04	LR:1.220703125e-07
Epoch: 467	TL: 7.845e-05	VL: 7.108e-04	LR:1.220703125e-07
Epoch: 468	TL: 7.841e-05	VL: 7.107e-04	LR:6.103515625e-08
Epoch: 469	TL: 7.836e-05	VL: 7.109e-04	LR:6.103515625e-08
Epoch: 470	TL: 7.832e-05	VL: 7.102e-04	LR:6.103515625e-08
Epoch: 471	TL: 7.836e-05	VL: 7.107e-04	LR:6.103515625e-08
Epoch: 472	TL: 7.832e-05	VL: 7.108e-04	LR:6.103515625e-08
Epoch: 473	TL: 7.837e-05	VL: 7.102e-04	LR:6.103515625e-08
Epoch: 474	TL: 7.836e-05	VL: 7.104e-04	LR:6.103515625e-08
Epoch: 475	TL: 7.836e-05	VL: 7.107e-04	LR:6.103515625e-08
Epoch: 476	TL: 7.832e-05	VL: 7.105e-04	LR:6.103515625e-08
Epoch: 477	TL: 7.832e-05	VL: 7.106e-04	LR:6.103515625e-08
Epoch: 478	TL: 7.837e-05	VL: 7.105e-04	LR:6.103515625e-08
Epoch: 479	TL: 7.835e-05	VL: 7.104e-04	LR:6.103515625e-08
Epoch: 480	TL: 7.836e-05	VL: 7.106e-04	LR:6.103515625e-08
Epoch: 481	TL: 7.832e-05	VL: 7.106e-04	LR:6.103515625e-08
Epoch: 482	TL: 7.839e-05	VL: 7.109e-04	LR:6.103515625e-08
Epoch: 483	TL: 7.831e-05	VL: 7.109e-04	LR:6.103515625e-08
Epoch: 484	TL: 7.838e-05	VL: 7.106e-04	LR:6.103515625e-08
Epoch: 485	TL: 7.833e-05	VL: 7.105e-04	LR:3.0517578125e-08
Epoch: 486	TL: 7.833e-05	VL: 7.107e-04	LR:3.0517578125e-08
Epoch: 487	TL: 7.828e-05	VL: 7.102e-04	LR:3.0517578125e-08
Epoch: 488	TL: 7.832e-05	VL: 7.102e-04	LR:3.0517578125e-08
Epoch: 489	TL: 7.831e-05	VL: 7.109e-04	LR:3.0517578125e-08
Epoch: 490	TL: 7.826e-05	VL: 7.107e-04	LR:3.0517578125e-08
Epoch: 491	TL: 7.827e-05	VL: 7.106e-04	LR:1.52587890625e-08
Epoch: 492	TL: 7.828e-05	VL: 7.108e-04	LR:1.52587890625e-08
Epoch: 493	TL: 7.832e-05	VL: 7.106e-04	LR:1.52587890625e-08
Epoch: 494	TL: 7.827e-05	VL: 7.105e-04	LR:1.52587890625e-08
Epoch: 495	TL: 7.829e-05	VL: 7.108e-04	LR:1.52587890625e-08
Epoch: 496	TL: 7.829e-05	VL: 7.108e-04	LR:1.52587890625e-08
Epoch: 497	TL: 7.829e-05	VL: 7.105e-04	LR:1.52587890625e-08
Epoch: 498	TL: 7.826e-05	VL: 7.103e-04	LR:1.52587890625e-08
Epoch: 499	TL: 7.827e-05	VL: 7.107e-04	LR:1.52587890625e-08
Epoch: 500	TL: 7.828e-05	VL: 7.104e-04	LR:1.52587890625e-08
Epoch: 501	TL: 7.825e-05	VL: 7.105e-04	LR:1.52587890625e-08
Epoch: 502	TL: 7.830e-05	VL: 7.104e-04	LR:1.52587890625e-08
Epoch: 503	TL: 7.833e-05	VL: 7.105e-04	LR:1.52587890625e-08
Epoch: 504	TL: 7.824e-05	VL: 7.106e-04	LR:1.52587890625e-08
Epoch: 505	TL: 7.828e-05	VL: 7.106e-04	LR:1.52587890625e-08
Epoch: 506	TL: 7.828e-05	VL: 7.106e-04	LR:1.52587890625e-08
Epoch: 507	TL: 7.828e-05	VL: 7.105e-04	LR:1.52587890625e-08
Epoch: 508	TL: 7.828e-05	VL: 7.107e-04	LR:1.52587890625e-08
Epoch: 509	TL: 7.829e-05	VL: 7.105e-04	LR:1.52587890625e-08
Epoch: 510	TL: 7.826e-05	VL: 7.106e-04	LR:1.52587890625e-08
Epoch: 511	TL: 7.828e-05	VL: 7.105e-04	LR:1.52587890625e-08
Epoch: 512	TL: 7.826e-05	VL: 7.106e-04	LR:1.52587890625e-08
Epoch: 513	TL: 7.830e-05	VL: 7.107e-04	LR:1.52587890625e-08
Epoch: 514	TL: 7.827e-05	VL: 7.107e-04	LR:1.52587890625e-08
Epoch: 515	TL: 7.828e-05	VL: 7.106e-04	LR:1.52587890625e-08
Epoch: 516	TL: 7.828e-05	VL: 7.103e-04	LR:1.52587890625e-08
Epoch: 517	TL: 7.832e-05	VL: 7.103e-04	LR:1.52587890625e-08
Epoch: 518	TL: 7.829e-05	VL: 7.105e-04	LR:1.52587890625e-08
Epoch: 519	TL: 7.830e-05	VL: 7.106e-04	LR:1.52587890625e-08
Epoch: 520	TL: 7.830e-05	VL: 7.108e-04	LR:1.52587890625e-08
Epoch: 521	TL: 7.829e-05	VL: 7.105e-04	LR:1.52587890625e-08
Epoch: 522	TL: 7.829e-05	VL: 7.103e-04	LR:1.52587890625e-08
Epoch: 523	TL: 7.830e-05	VL: 7.104e-04	LR:1.52587890625e-08
Epoch: 524	TL: 7.830e-05	VL: 7.106e-04	LR:1.52587890625e-08
Epoch: 525	TL: 7.826e-05	VL: 7.103e-04	LR:1.52587890625e-08
Epoch: 526	TL: 7.825e-05	VL: 7.103e-04	LR:1.52587890625e-08
Epoch: 527	TL: 7.828e-05	VL: 7.106e-04	LR:1.52587890625e-08
Epoch: 528	TL: 7.825e-05	VL: 7.104e-04	LR:1.52587890625e-08
Epoch: 529	TL: 7.827e-05	VL: 7.104e-04	LR:1.52587890625e-08
Epoch: 530	TL: 7.831e-05	VL: 7.105e-04	LR:1.52587890625e-08
Epoch: 531	TL: 7.827e-05	VL: 7.105e-04	LR:1.52587890625e-08
Epoch: 532	TL: 7.824e-05	VL: 7.110e-04	LR:1.52587890625e-08
Epoch: 533	TL: 7.831e-05	VL: 7.105e-04	LR:1.52587890625e-08
Epoch: 534	TL: 7.827e-05	VL: 7.105e-04	LR:1.52587890625e-08
Epoch: 535	TL: 7.827e-05	VL: 7.106e-04	LR:1.52587890625e-08
Epoch: 536	TL: 7.831e-05	VL: 7.102e-04	LR:1.52587890625e-08
Epoch: 537	TL: 7.831e-05	VL: 7.101e-04	LR:1.52587890625e-08
Epoch: 538	TL: 7.828e-05	VL: 7.106e-04	LR:1.52587890625e-08
Epoch: 539	TL: 7.827e-05	VL: 7.108e-04	LR:1.52587890625e-08
Epoch: 540	TL: 7.826e-05	VL: 7.105e-04	LR:1.52587890625e-08
Epoch: 541	TL: 7.828e-05	VL: 7.106e-04	LR:1.52587890625e-08
Epoch: 542	TL: 7.824e-05	VL: 7.104e-04	LR:1.52587890625e-08
Epoch: 543	TL: 7.823e-05	VL: 7.105e-04	LR:1.52587890625e-08
Epoch: 544	TL: 7.827e-05	VL: 7.105e-04	LR:1.52587890625e-08
Epoch: 545	TL: 7.830e-05	VL: 7.109e-04	LR:1.52587890625e-08
Epoch: 546	TL: 7.823e-05	VL: 7.102e-04	LR:1.52587890625e-08
Epoch: 547	TL: 7.831e-05	VL: 7.105e-04	LR:1.52587890625e-08
Epoch: 548	TL: 7.825e-05	VL: 7.104e-04	LR:1.52587890625e-08
Epoch: 549	TL: 7.827e-05	VL: 7.104e-04	LR:1.52587890625e-08
Epoch: 550	TL: 7.829e-05	VL: 7.105e-04	LR:1.52587890625e-08
Epoch: 551	TL: 7.830e-05	VL: 7.107e-04	LR:1.52587890625e-08
Epoch: 552	TL: 7.825e-05	VL: 7.107e-04	LR:1.52587890625e-08
Epoch: 553	TL: 7.826e-05	VL: 7.108e-04	LR:1.52587890625e-08
Epoch: 554	TL: 7.827e-05	VL: 7.108e-04	LR:1.52587890625e-08
Epoch: 555	TL: 7.827e-05	VL: 7.106e-04	LR:1.52587890625e-08
Epoch: 556	TL: 7.827e-05	VL: 7.104e-04	LR:1.52587890625e-08
Epoch: 557	TL: 7.829e-05	VL: 7.103e-04	LR:1.52587890625e-08
Epoch: 558	TL: 7.826e-05	VL: 7.105e-04	LR:1.52587890625e-08
Epoch: 559	TL: 7.829e-05	VL: 7.106e-04	LR:1.52587890625e-08
Epoch: 560	TL: 7.827e-05	VL: 7.108e-04	LR:1.52587890625e-08
Epoch: 561	TL: 7.825e-05	VL: 7.106e-04	LR:1.52587890625e-08
Epoch: 562	TL: 7.829e-05	VL: 7.106e-04	LR:1.52587890625e-08
Epoch: 563	TL: 7.824e-05	VL: 7.103e-04	LR:1.52587890625e-08
Epoch: 564	TL: 7.825e-05	VL: 7.108e-04	LR:1.52587890625e-08
Epoch: 565	TL: 7.827e-05	VL: 7.103e-04	LR:1.52587890625e-08
Epoch: 566	TL: 7.828e-05	VL: 7.103e-04	LR:1.52587890625e-08
Epoch: 567	TL: 7.827e-05	VL: 7.104e-04	LR:1.52587890625e-08
Epoch: 568	TL: 7.827e-05	VL: 7.106e-04	LR:1.52587890625e-08
Epoch: 569	TL: 7.828e-05	VL: 7.105e-04	LR:1.52587890625e-08
Epoch: 570	TL: 7.825e-05	VL: 7.105e-04	LR:1.52587890625e-08
Epoch: 571	TL: 7.826e-05	VL: 7.103e-04	LR:1.52587890625e-08
Epoch: 572	TL: 7.825e-05	VL: 7.107e-04	LR:1.52587890625e-08
Epoch: 573	TL: 7.829e-05	VL: 7.105e-04	LR:1.52587890625e-08
Epoch: 574	TL: 7.829e-05	VL: 7.106e-04	LR:1.52587890625e-08
Epoch: 575	TL: 7.826e-05	VL: 7.109e-04	LR:1.52587890625e-08
Epoch: 576	TL: 7.825e-05	VL: 7.105e-04	LR:1.52587890625e-08
Epoch: 577	TL: 7.824e-05	VL: 7.104e-04	LR:1.52587890625e-08
Epoch: 578	TL: 7.826e-05	VL: 7.109e-04	LR:1.52587890625e-08
Epoch: 579	TL: 7.830e-05	VL: 7.106e-04	LR:1.52587890625e-08
Epoch: 580	TL: 7.826e-05	VL: 7.105e-04	LR:1.52587890625e-08
Epoch: 581	TL: 7.828e-05	VL: 7.105e-04	LR:1.52587890625e-08
Epoch: 582	TL: 7.828e-05	VL: 7.106e-04	LR:1.52587890625e-08
Epoch: 583	TL: 7.827e-05	VL: 7.104e-04	LR:1.52587890625e-08
Epoch: 584	TL: 7.825e-05	VL: 7.105e-04	LR:1.52587890625e-08
Epoch: 585	TL: 7.827e-05	VL: 7.103e-04	LR:1.52587890625e-08
Epoch: 586	TL: 7.828e-05	VL: 7.108e-04	LR:1.52587890625e-08
Epoch: 587	TL: 7.828e-05	VL: 7.108e-04	LR:1.52587890625e-08
Epoch: 588	TL: 7.826e-05	VL: 7.102e-04	LR:1.52587890625e-08
Epoch: 589	TL: 7.823e-05	VL: 7.108e-04	LR:1.52587890625e-08
Epoch: 590	TL: 7.825e-05	VL: 7.110e-04	LR:1.52587890625e-08
Epoch: 591	TL: 7.827e-05	VL: 7.103e-04	LR:1.52587890625e-08
Epoch: 592	TL: 7.826e-05	VL: 7.109e-04	LR:1.52587890625e-08
Epoch: 593	TL: 7.825e-05	VL: 7.108e-04	LR:1.52587890625e-08
Epoch: 594	TL: 7.827e-05	VL: 7.107e-04	LR:1.52587890625e-08
Epoch: 595	TL: 7.828e-05	VL: 7.108e-04	LR:1.52587890625e-08
Epoch: 596	TL: 7.829e-05	VL: 7.105e-04	LR:1.52587890625e-08
Epoch: 597	TL: 7.829e-05	VL: 7.107e-04	LR:1.52587890625e-08
Epoch: 598	TL: 7.822e-05	VL: 7.103e-04	LR:1.52587890625e-08
Epoch: 599	TL: 7.828e-05	VL: 7.107e-04	LR:1.52587890625e-08
Epoch: 600	TL: 7.826e-05	VL: 7.105e-04	LR:1.52587890625e-08
Epoch: 601	TL: 7.822e-05	VL: 7.108e-04	LR:1.52587890625e-08
Epoch: 602	TL: 7.830e-05	VL: 7.110e-04	LR:1.52587890625e-08
Epoch: 603	TL: 7.828e-05	VL: 7.108e-04	LR:1.52587890625e-08
Epoch: 604	TL: 7.828e-05	VL: 7.104e-04	LR:1.52587890625e-08
Epoch: 605	TL: 7.828e-05	VL: 7.104e-04	LR:1.52587890625e-08
Epoch: 606	TL: 7.830e-05	VL: 7.105e-04	LR:1.52587890625e-08
Epoch: 607	TL: 7.824e-05	VL: 7.104e-04	LR:1.52587890625e-08
Epoch: 608	TL: 7.822e-05	VL: 7.105e-04	LR:1.52587890625e-08
Epoch: 609	TL: 7.823e-05	VL: 7.103e-04	LR:1.52587890625e-08
Epoch: 610	TL: 7.821e-05	VL: 7.109e-04	LR:1.52587890625e-08
Epoch: 611	TL: 7.823e-05	VL: 7.106e-04	LR:1.52587890625e-08
Epoch: 612	TL: 7.825e-05	VL: 7.102e-04	LR:1.52587890625e-08
Epoch: 613	TL: 7.825e-05	VL: 7.103e-04	LR:1.52587890625e-08
Epoch: 614	TL: 7.829e-05	VL: 7.105e-04	LR:1.52587890625e-08
Epoch: 615	TL: 7.830e-05	VL: 7.104e-04	LR:1.52587890625e-08
Epoch: 616	TL: 7.828e-05	VL: 7.105e-04	LR:1.52587890625e-08
Epoch: 617	TL: 7.828e-05	VL: 7.108e-04	LR:1.52587890625e-08
Epoch: 618	TL: 7.828e-05	VL: 7.109e-04	LR:1.52587890625e-08
Epoch: 619	TL: 7.824e-05	VL: 7.107e-04	LR:1.52587890625e-08
Epoch: 620	TL: 7.829e-05	VL: 7.104e-04	LR:1.52587890625e-08
Epoch: 621	TL: 7.826e-05	VL: 7.108e-04	LR:1.52587890625e-08
Epoch: 622	TL: 7.828e-05	VL: 7.107e-04	LR:1.52587890625e-08
Epoch: 623	TL: 7.826e-05	VL: 7.105e-04	LR:1.52587890625e-08
Epoch: 624	TL: 7.832e-05	VL: 7.103e-04	LR:1.52587890625e-08
Epoch: 625	TL: 7.829e-05	VL: 7.107e-04	LR:1.52587890625e-08
Epoch: 626	TL: 7.826e-05	VL: 7.105e-04	LR:1.52587890625e-08
Epoch: 627	TL: 7.831e-05	VL: 7.106e-04	LR:1.52587890625e-08
Epoch: 628	TL: 7.827e-05	VL: 7.108e-04	LR:1.52587890625e-08
Epoch: 629	TL: 7.831e-05	VL: 7.106e-04	LR:1.52587890625e-08
Epoch: 630	TL: 7.828e-05	VL: 7.109e-04	LR:1.52587890625e-08
Epoch: 631	TL: 7.824e-05	VL: 7.108e-04	LR:1.52587890625e-08
Epoch: 632	TL: 7.829e-05	VL: 7.107e-04	LR:1.52587890625e-08
Epoch: 633	TL: 7.824e-05	VL: 7.105e-04	LR:1.52587890625e-08
Epoch: 634	TL: 7.827e-05	VL: 7.107e-04	LR:1.52587890625e-08
Epoch: 635	TL: 7.829e-05	VL: 7.108e-04	LR:1.52587890625e-08
Epoch: 636	TL: 7.828e-05	VL: 7.108e-04	LR:1.52587890625e-08
Epoch: 637	TL: 7.829e-05	VL: 7.104e-04	LR:1.52587890625e-08
Epoch: 638	TL: 7.827e-05	VL: 7.105e-04	LR:1.52587890625e-08
Epoch: 639	TL: 7.826e-05	VL: 7.106e-04	LR:1.52587890625e-08
Epoch: 640	TL: 7.826e-05	VL: 7.107e-04	LR:1.52587890625e-08
Epoch: 641	TL: 7.826e-05	VL: 7.106e-04	LR:1.52587890625e-08
Epoch: 642	TL: 7.824e-05	VL: 7.104e-04	LR:1.52587890625e-08
Epoch: 643	TL: 7.829e-05	VL: 7.105e-04	LR:1.52587890625e-08
Epoch: 644	TL: 7.826e-05	VL: 7.104e-04	LR:1.52587890625e-08
Epoch: 645	TL: 7.830e-05	VL: 7.107e-04	LR:1.52587890625e-08
Epoch: 646	TL: 7.830e-05	VL: 7.105e-04	LR:1.52587890625e-08
Epoch: 647	TL: 7.828e-05	VL: 7.103e-04	LR:1.52587890625e-08
Epoch: 648	TL: 7.826e-05	VL: 7.103e-04	LR:1.52587890625e-08
Epoch: 649	TL: 7.828e-05	VL: 7.108e-04	LR:1.52587890625e-08
Epoch: 650	TL: 7.830e-05	VL: 7.103e-04	LR:1.52587890625e-08
Epoch: 651	TL: 7.824e-05	VL: 7.105e-04	LR:1.52587890625e-08
Epoch: 652	TL: 7.828e-05	VL: 7.109e-04	LR:1.52587890625e-08
Epoch: 653	TL: 7.828e-05	VL: 7.108e-04	LR:1.52587890625e-08
Epoch: 654	TL: 7.826e-05	VL: 7.108e-04	LR:1.52587890625e-08
Epoch: 655	TL: 7.826e-05	VL: 7.109e-04	LR:1.52587890625e-08
Epoch: 656	TL: 7.832e-05	VL: 7.106e-04	LR:1.52587890625e-08
Epoch: 657	TL: 7.825e-05	VL: 7.104e-04	LR:1.52587890625e-08
Epoch: 658	TL: 7.831e-05	VL: 7.104e-04	LR:1.52587890625e-08
Epoch: 659	TL: 7.822e-05	VL: 7.102e-04	LR:1.52587890625e-08
Epoch: 660	TL: 7.828e-05	VL: 7.109e-04	LR:1.52587890625e-08
Epoch: 661	TL: 7.827e-05	VL: 7.105e-04	LR:1.52587890625e-08
Epoch: 662	TL: 7.827e-05	VL: 7.103e-04	LR:1.52587890625e-08
Epoch: 663	TL: 7.826e-05	VL: 7.107e-04	LR:1.52587890625e-08
Epoch: 664	TL: 7.823e-05	VL: 7.105e-04	LR:1.52587890625e-08
Epoch: 665	TL: 7.825e-05	VL: 7.105e-04	LR:1.52587890625e-08
Epoch: 666	TL: 7.826e-05	VL: 7.108e-04	LR:1.52587890625e-08
Epoch: 667	TL: 7.826e-05	VL: 7.107e-04	LR:1.52587890625e-08
Epoch: 668	TL: 7.827e-05	VL: 7.110e-04	LR:1.52587890625e-08
Epoch: 669	TL: 7.827e-05	VL: 7.104e-04	LR:1.52587890625e-08
Epoch: 670	TL: 7.828e-05	VL: 7.105e-04	LR:1.52587890625e-08
Epoch: 671	TL: 7.823e-05	VL: 7.107e-04	LR:1.52587890625e-08
Epoch: 672	TL: 7.827e-05	VL: 7.105e-04	LR:1.52587890625e-08
Epoch: 673	TL: 7.827e-05	VL: 7.105e-04	LR:1.52587890625e-08
Epoch: 674	TL: 7.827e-05	VL: 7.104e-04	LR:1.52587890625e-08
Epoch: 675	TL: 7.822e-05	VL: 7.105e-04	LR:1.52587890625e-08
Epoch: 676	TL: 7.825e-05	VL: 7.108e-04	LR:1.52587890625e-08
Epoch: 677	TL: 7.824e-05	VL: 7.105e-04	LR:1.52587890625e-08
Epoch: 678	TL: 7.827e-05	VL: 7.106e-04	LR:1.52587890625e-08
Epoch: 679	TL: 7.820e-05	VL: 7.103e-04	LR:1.52587890625e-08
Epoch: 680	TL: 7.826e-05	VL: 7.106e-04	LR:1.52587890625e-08
Epoch: 681	TL: 7.827e-05	VL: 7.105e-04	LR:1.52587890625e-08
Epoch: 682	TL: 7.826e-05	VL: 7.103e-04	LR:1.52587890625e-08
Epoch: 683	TL: 7.824e-05	VL: 7.109e-04	LR:1.52587890625e-08
Epoch: 684	TL: 7.830e-05	VL: 7.103e-04	LR:1.52587890625e-08
Epoch: 685	TL: 7.827e-05	VL: 7.107e-04	LR:1.52587890625e-08
Epoch: 686	TL: 7.826e-05	VL: 7.105e-04	LR:1.52587890625e-08
Epoch: 687	TL: 7.826e-05	VL: 7.105e-04	LR:1.52587890625e-08
Epoch: 688	TL: 7.826e-05	VL: 7.104e-04	LR:1.52587890625e-08
Epoch: 689	TL: 7.824e-05	VL: 7.105e-04	LR:1.52587890625e-08
Epoch: 690	TL: 7.827e-05	VL: 7.103e-04	LR:1.52587890625e-08
Epoch: 691	TL: 7.827e-05	VL: 7.107e-04	LR:1.52587890625e-08
Epoch: 692	TL: 7.825e-05	VL: 7.106e-04	LR:1.52587890625e-08
Epoch: 693	TL: 7.825e-05	VL: 7.101e-04	LR:1.52587890625e-08
Epoch: 694	TL: 7.825e-05	VL: 7.105e-04	LR:1.52587890625e-08
Epoch: 695	TL: 7.824e-05	VL: 7.104e-04	LR:1.52587890625e-08
Epoch: 696	TL: 7.820e-05	VL: 7.110e-04	LR:1.52587890625e-08
Epoch: 697	TL: 7.828e-05	VL: 7.103e-04	LR:1.52587890625e-08
Epoch: 698	TL: 7.826e-05	VL: 7.102e-04	LR:1.52587890625e-08
Epoch: 699	TL: 7.824e-05	VL: 7.104e-04	LR:1.52587890625e-08
Epoch: 700	TL: 7.826e-05	VL: 7.105e-04	LR:1.52587890625e-08
Epoch: 701	TL: 7.822e-05	VL: 7.107e-04	LR:1.52587890625e-08
Epoch: 702	TL: 7.829e-05	VL: 7.104e-04	LR:1.52587890625e-08
Epoch: 703	TL: 7.825e-05	VL: 7.103e-04	LR:1.52587890625e-08
Epoch: 704	TL: 7.828e-05	VL: 7.108e-04	LR:1.52587890625e-08
Epoch: 705	TL: 7.823e-05	VL: 7.103e-04	LR:1.52587890625e-08
Epoch: 706	TL: 7.822e-05	VL: 7.104e-04	LR:1.52587890625e-08
Epoch: 707	TL: 7.822e-05	VL: 7.102e-04	LR:1.52587890625e-08
Epoch: 708	TL: 7.829e-05	VL: 7.107e-04	LR:1.52587890625e-08
Epoch: 709	TL: 7.825e-05	VL: 7.106e-04	LR:1.52587890625e-08
Epoch: 710	TL: 7.825e-05	VL: 7.104e-04	LR:1.52587890625e-08
Epoch: 711	TL: 7.825e-05	VL: 7.103e-04	LR:1.52587890625e-08
Epoch: 712	TL: 7.821e-05	VL: 7.111e-04	LR:1.52587890625e-08
Epoch: 713	TL: 7.828e-05	VL: 7.108e-04	LR:1.52587890625e-08
Epoch: 714	TL: 7.827e-05	VL: 7.104e-04	LR:1.52587890625e-08
Epoch: 715	TL: 7.824e-05	VL: 7.110e-04	LR:1.52587890625e-08
Epoch: 716	TL: 7.827e-05	VL: 7.109e-04	LR:1.52587890625e-08
Epoch: 717	TL: 7.830e-05	VL: 7.105e-04	LR:1.52587890625e-08
Epoch: 718	TL: 7.826e-05	VL: 7.107e-04	LR:1.52587890625e-08
Epoch: 719	TL: 7.826e-05	VL: 7.110e-04	LR:1.52587890625e-08
Epoch: 720	TL: 7.825e-05	VL: 7.107e-04	LR:1.52587890625e-08
Epoch: 721	TL: 7.819e-05	VL: 7.104e-04	LR:1.52587890625e-08
Epoch: 722	TL: 7.825e-05	VL: 7.108e-04	LR:1.52587890625e-08
Epoch: 723	TL: 7.830e-05	VL: 7.107e-04	LR:1.52587890625e-08
Epoch: 724	TL: 7.824e-05	VL: 7.103e-04	LR:1.52587890625e-08
Epoch: 725	TL: 7.826e-05	VL: 7.104e-04	LR:1.52587890625e-08
Epoch: 726	TL: 7.826e-05	VL: 7.104e-04	LR:1.52587890625e-08
Epoch: 727	TL: 7.826e-05	VL: 7.102e-04	LR:1.52587890625e-08
Epoch: 728	TL: 7.825e-05	VL: 7.107e-04	LR:1.52587890625e-08
Epoch: 729	TL: 7.823e-05	VL: 7.102e-04	LR:1.52587890625e-08
Epoch: 730	TL: 7.826e-05	VL: 7.109e-04	LR:1.52587890625e-08
Epoch: 731	TL: 7.824e-05	VL: 7.109e-04	LR:1.52587890625e-08
Epoch: 732	TL: 7.823e-05	VL: 7.107e-04	LR:1.52587890625e-08
Epoch: 733	TL: 7.826e-05	VL: 7.106e-04	LR:1.52587890625e-08
Epoch: 734	TL: 7.826e-05	VL: 7.104e-04	LR:1.52587890625e-08
Epoch: 735	TL: 7.826e-05	VL: 7.106e-04	LR:1.52587890625e-08
Epoch: 736	TL: 7.826e-05	VL: 7.108e-04	LR:1.52587890625e-08
Epoch: 737	TL: 7.825e-05	VL: 7.108e-04	LR:1.52587890625e-08
Epoch: 738	TL: 7.826e-05	VL: 7.110e-04	LR:1.52587890625e-08
Epoch: 739	TL: 7.828e-05	VL: 7.110e-04	LR:1.52587890625e-08
Epoch: 740	TL: 7.825e-05	VL: 7.109e-04	LR:1.52587890625e-08
Epoch: 741	TL: 7.829e-05	VL: 7.109e-04	LR:1.52587890625e-08
Epoch: 742	TL: 7.826e-05	VL: 7.108e-04	LR:1.52587890625e-08
Epoch: 743	TL: 7.826e-05	VL: 7.107e-04	LR:1.52587890625e-08
Epoch: 744	TL: 7.825e-05	VL: 7.105e-04	LR:1.52587890625e-08
Epoch: 745	TL: 7.826e-05	VL: 7.110e-04	LR:1.52587890625e-08
Epoch: 746	TL: 7.827e-05	VL: 7.107e-04	LR:1.52587890625e-08
Epoch: 747	TL: 7.825e-05	VL: 7.108e-04	LR:1.52587890625e-08
Epoch: 748	TL: 7.828e-05	VL: 7.108e-04	LR:1.52587890625e-08
Epoch: 749	TL: 7.824e-05	VL: 7.109e-04	LR:1.52587890625e-08
Epoch: 750	TL: 7.826e-05	VL: 7.109e-04	LR:1.52587890625e-08
Epoch: 751	TL: 7.823e-05	VL: 7.106e-04	LR:1.52587890625e-08
Epoch: 752	TL: 7.821e-05	VL: 7.105e-04	LR:1.52587890625e-08
Epoch: 753	TL: 7.822e-05	VL: 7.109e-04	LR:1.52587890625e-08
Epoch: 754	TL: 7.827e-05	VL: 7.109e-04	LR:1.52587890625e-08
Epoch: 755	TL: 7.826e-05	VL: 7.105e-04	LR:1.52587890625e-08
Epoch: 756	TL: 7.821e-05	VL: 7.107e-04	LR:1.52587890625e-08
Epoch: 757	TL: 7.825e-05	VL: 7.108e-04	LR:1.52587890625e-08
Epoch: 758	TL: 7.824e-05	VL: 7.108e-04	LR:1.52587890625e-08
Epoch: 759	TL: 7.825e-05	VL: 7.109e-04	LR:1.52587890625e-08
Epoch: 760	TL: 7.824e-05	VL: 7.110e-04	LR:1.52587890625e-08
Epoch: 761	TL: 7.826e-05	VL: 7.107e-04	LR:1.52587890625e-08
Epoch: 762	TL: 7.828e-05	VL: 7.106e-04	LR:1.52587890625e-08
Epoch: 763	TL: 7.827e-05	VL: 7.106e-04	LR:1.52587890625e-08
Epoch: 764	TL: 7.826e-05	VL: 7.106e-04	LR:1.52587890625e-08
Epoch: 765	TL: 7.824e-05	VL: 7.109e-04	LR:1.52587890625e-08
Epoch: 766	TL: 7.822e-05	VL: 7.110e-04	LR:1.52587890625e-08
Epoch: 767	TL: 7.824e-05	VL: 7.110e-04	LR:1.52587890625e-08
Epoch: 768	TL: 7.824e-05	VL: 7.105e-04	LR:1.52587890625e-08
Epoch: 769	TL: 7.827e-05	VL: 7.110e-04	LR:1.52587890625e-08
Epoch: 770	TL: 7.825e-05	VL: 7.106e-04	LR:1.52587890625e-08
Epoch: 771	TL: 7.826e-05	VL: 7.108e-04	LR:1.52587890625e-08
Epoch: 772	TL: 7.828e-05	VL: 7.109e-04	LR:1.52587890625e-08
Epoch: 773	TL: 7.826e-05	VL: 7.106e-04	LR:1.52587890625e-08
Epoch: 774	TL: 7.828e-05	VL: 7.107e-04	LR:1.52587890625e-08
Epoch: 775	TL: 7.826e-05	VL: 7.110e-04	LR:1.52587890625e-08
Epoch: 776	TL: 7.827e-05	VL: 7.108e-04	LR:1.52587890625e-08
Epoch: 777	TL: 7.819e-05	VL: 7.102e-04	LR:1.52587890625e-08
Epoch: 778	TL: 7.825e-05	VL: 7.105e-04	LR:1.52587890625e-08
Epoch: 779	TL: 7.824e-05	VL: 7.107e-04	LR:1.52587890625e-08
Epoch: 780	TL: 7.821e-05	VL: 7.108e-04	LR:1.52587890625e-08
Epoch: 781	TL: 7.824e-05	VL: 7.105e-04	LR:1.52587890625e-08
Epoch: 782	TL: 7.827e-05	VL: 7.107e-04	LR:1.52587890625e-08
Epoch: 783	TL: 7.823e-05	VL: 7.105e-04	LR:1.52587890625e-08
Epoch: 784	TL: 7.824e-05	VL: 7.107e-04	LR:1.52587890625e-08
Epoch: 785	TL: 7.824e-05	VL: 7.108e-04	LR:1.52587890625e-08
Epoch: 786	TL: 7.827e-05	VL: 7.106e-04	LR:1.52587890625e-08
Epoch: 787	TL: 7.824e-05	VL: 7.108e-04	LR:1.52587890625e-08
Epoch: 788	TL: 7.823e-05	VL: 7.108e-04	LR:1.52587890625e-08
Epoch: 789	TL: 7.820e-05	VL: 7.109e-04	LR:1.52587890625e-08
Epoch: 790	TL: 7.826e-05	VL: 7.105e-04	LR:1.52587890625e-08
Epoch: 791	TL: 7.826e-05	VL: 7.109e-04	LR:1.52587890625e-08
Epoch: 792	TL: 7.822e-05	VL: 7.107e-04	LR:1.52587890625e-08
Epoch: 793	TL: 7.823e-05	VL: 7.105e-04	LR:1.52587890625e-08
Epoch: 794	TL: 7.824e-05	VL: 7.107e-04	LR:1.52587890625e-08
Epoch: 795	TL: 7.825e-05	VL: 7.107e-04	LR:1.52587890625e-08
Epoch: 796	TL: 7.825e-05	VL: 7.107e-04	LR:1.52587890625e-08
Epoch: 797	TL: 7.822e-05	VL: 7.108e-04	LR:1.52587890625e-08
Epoch: 798	TL: 7.824e-05	VL: 7.106e-04	LR:1.52587890625e-08
Epoch: 799	TL: 7.824e-05	VL: 7.105e-04	LR:1.52587890625e-08
Epoch: 800	TL: 7.824e-05	VL: 7.108e-04	LR:1.52587890625e-08
Epoch: 801	TL: 7.821e-05	VL: 7.104e-04	LR:1.52587890625e-08
Epoch: 802	TL: 7.823e-05	VL: 7.107e-04	LR:1.52587890625e-08
Epoch: 803	TL: 7.824e-05	VL: 7.107e-04	LR:1.52587890625e-08
Epoch: 804	TL: 7.822e-05	VL: 7.106e-04	LR:1.52587890625e-08
Epoch: 805	TL: 7.827e-05	VL: 7.106e-04	LR:1.52587890625e-08
Epoch: 806	TL: 7.825e-05	VL: 7.108e-04	LR:1.52587890625e-08
Epoch: 807	TL: 7.825e-05	VL: 7.101e-04	LR:1.52587890625e-08
Epoch: 808	TL: 7.822e-05	VL: 7.105e-04	LR:1.52587890625e-08
Epoch: 809	TL: 7.824e-05	VL: 7.107e-04	LR:1.52587890625e-08
Epoch: 810	TL: 7.822e-05	VL: 7.106e-04	LR:1.52587890625e-08
Epoch: 811	TL: 7.823e-05	VL: 7.109e-04	LR:1.52587890625e-08
Epoch: 812	TL: 7.824e-05	VL: 7.102e-04	LR:1.52587890625e-08
Epoch: 813	TL: 7.826e-05	VL: 7.108e-04	LR:1.52587890625e-08
Epoch: 814	TL: 7.823e-05	VL: 7.104e-04	LR:1.52587890625e-08
Epoch: 815	TL: 7.820e-05	VL: 7.106e-04	LR:1.52587890625e-08
Epoch: 816	TL: 7.828e-05	VL: 7.105e-04	LR:1.52587890625e-08
Epoch: 817	TL: 7.830e-05	VL: 7.104e-04	LR:1.52587890625e-08
Epoch: 818	TL: 7.827e-05	VL: 7.106e-04	LR:1.52587890625e-08
Epoch: 819	TL: 7.821e-05	VL: 7.110e-04	LR:1.52587890625e-08
Epoch: 820	TL: 7.824e-05	VL: 7.106e-04	LR:1.52587890625e-08
Epoch: 821	TL: 7.826e-05	VL: 7.107e-04	LR:1.52587890625e-08
Epoch: 822	TL: 7.821e-05	VL: 7.107e-04	LR:1.52587890625e-08
Epoch: 823	TL: 7.826e-05	VL: 7.106e-04	LR:1.52587890625e-08
Epoch: 824	TL: 7.825e-05	VL: 7.107e-04	LR:1.52587890625e-08
Epoch: 825	TL: 7.828e-05	VL: 7.109e-04	LR:1.52587890625e-08
Epoch: 826	TL: 7.823e-05	VL: 7.107e-04	LR:1.52587890625e-08
Epoch: 827	TL: 7.824e-05	VL: 7.102e-04	LR:1.52587890625e-08
Epoch: 828	TL: 7.828e-05	VL: 7.106e-04	LR:1.52587890625e-08
Epoch: 829	TL: 7.824e-05	VL: 7.107e-04	LR:1.52587890625e-08
Epoch: 830	TL: 7.825e-05	VL: 7.103e-04	LR:1.52587890625e-08
Epoch: 831	TL: 7.828e-05	VL: 7.110e-04	LR:1.52587890625e-08
Epoch: 832	TL: 7.825e-05	VL: 7.102e-04	LR:1.52587890625e-08
Epoch: 833	TL: 7.827e-05	VL: 7.106e-04	LR:1.52587890625e-08
Epoch: 834	TL: 7.819e-05	VL: 7.105e-04	LR:1.52587890625e-08
Epoch: 835	TL: 7.823e-05	VL: 7.106e-04	LR:1.52587890625e-08
Epoch: 836	TL: 7.826e-05	VL: 7.106e-04	LR:1.52587890625e-08
Epoch: 837	TL: 7.824e-05	VL: 7.107e-04	LR:1.52587890625e-08
Epoch: 838	TL: 7.824e-05	VL: 7.107e-04	LR:1.52587890625e-08
Epoch: 839	TL: 7.825e-05	VL: 7.103e-04	LR:1.52587890625e-08
Epoch: 840	TL: 7.822e-05	VL: 7.103e-04	LR:1.52587890625e-08
Epoch: 841	TL: 7.825e-05	VL: 7.105e-04	LR:1.52587890625e-08
Epoch: 842	TL: 7.827e-05	VL: 7.103e-04	LR:1.52587890625e-08
Epoch: 843	TL: 7.826e-05	VL: 7.108e-04	LR:1.52587890625e-08
Epoch: 844	TL: 7.825e-05	VL: 7.107e-04	LR:1.52587890625e-08
Epoch: 845	TL: 7.823e-05	VL: 7.105e-04	LR:1.52587890625e-08
Epoch: 846	TL: 7.823e-05	VL: 7.106e-04	LR:1.52587890625e-08
Epoch: 847	TL: 7.825e-05	VL: 7.103e-04	LR:1.52587890625e-08
Epoch: 848	TL: 7.823e-05	VL: 7.105e-04	LR:1.52587890625e-08
Epoch: 849	TL: 7.822e-05	VL: 7.107e-04	LR:1.52587890625e-08
Epoch: 850	TL: 7.825e-05	VL: 7.104e-04	LR:1.52587890625e-08
Epoch: 851	TL: 7.822e-05	VL: 7.101e-04	LR:1.52587890625e-08
Epoch: 852	TL: 7.825e-05	VL: 7.107e-04	LR:1.52587890625e-08
Epoch: 853	TL: 7.821e-05	VL: 7.105e-04	LR:1.52587890625e-08
Epoch: 854	TL: 7.825e-05	VL: 7.106e-04	LR:1.52587890625e-08
Epoch: 855	TL: 7.824e-05	VL: 7.107e-04	LR:1.52587890625e-08
Epoch: 856	TL: 7.825e-05	VL: 7.106e-04	LR:1.52587890625e-08
Epoch: 857	TL: 7.824e-05	VL: 7.105e-04	LR:1.52587890625e-08
Epoch: 858	TL: 7.823e-05	VL: 7.105e-04	LR:1.52587890625e-08
Epoch: 859	TL: 7.824e-05	VL: 7.105e-04	LR:1.52587890625e-08
Epoch: 860	TL: 7.825e-05	VL: 7.103e-04	LR:1.52587890625e-08
Epoch: 861	TL: 7.828e-05	VL: 7.107e-04	LR:1.52587890625e-08
Epoch: 862	TL: 7.826e-05	VL: 7.106e-04	LR:1.52587890625e-08
Epoch: 863	TL: 7.823e-05	VL: 7.105e-04	LR:1.52587890625e-08
Epoch: 864	TL: 7.825e-05	VL: 7.106e-04	LR:1.52587890625e-08
Epoch: 865	TL: 7.825e-05	VL: 7.105e-04	LR:1.52587890625e-08
Epoch: 866	TL: 7.827e-05	VL: 7.102e-04	LR:1.52587890625e-08
Epoch: 867	TL: 7.823e-05	VL: 7.105e-04	LR:1.52587890625e-08
Epoch: 868	TL: 7.832e-05	VL: 7.108e-04	LR:1.52587890625e-08
Epoch: 869	TL: 7.824e-05	VL: 7.107e-04	LR:1.52587890625e-08
Epoch: 870	TL: 7.823e-05	VL: 7.107e-04	LR:1.52587890625e-08
Epoch: 871	TL: 7.819e-05	VL: 7.103e-04	LR:1.52587890625e-08
Epoch: 872	TL: 7.824e-05	VL: 7.105e-04	LR:1.52587890625e-08
Epoch: 873	TL: 7.824e-05	VL: 7.109e-04	LR:1.52587890625e-08
Epoch: 874	TL: 7.827e-05	VL: 7.104e-04	LR:1.52587890625e-08
Epoch: 875	TL: 7.823e-05	VL: 7.105e-04	LR:1.52587890625e-08
Epoch: 876	TL: 7.825e-05	VL: 7.103e-04	LR:1.52587890625e-08
Epoch: 877	TL: 7.826e-05	VL: 7.105e-04	LR:1.52587890625e-08
Epoch: 878	TL: 7.821e-05	VL: 7.107e-04	LR:1.52587890625e-08
Epoch: 879	TL: 7.822e-05	VL: 7.107e-04	LR:1.52587890625e-08
Epoch: 880	TL: 7.821e-05	VL: 7.107e-04	LR:1.52587890625e-08
Epoch: 881	TL: 7.826e-05	VL: 7.101e-04	LR:1.52587890625e-08
Epoch: 882	TL: 7.821e-05	VL: 7.105e-04	LR:1.52587890625e-08
Epoch: 883	TL: 7.824e-05	VL: 7.107e-04	LR:1.52587890625e-08
Epoch: 884	TL: 7.827e-05	VL: 7.107e-04	LR:1.52587890625e-08
Epoch: 885	TL: 7.823e-05	VL: 7.108e-04	LR:1.52587890625e-08
Epoch: 886	TL: 7.828e-05	VL: 7.106e-04	LR:1.52587890625e-08
Epoch: 887	TL: 7.822e-05	VL: 7.109e-04	LR:1.52587890625e-08
Epoch: 888	TL: 7.825e-05	VL: 7.105e-04	LR:1.52587890625e-08
Epoch: 889	TL: 7.826e-05	VL: 7.105e-04	LR:1.52587890625e-08
Epoch: 890	TL: 7.817e-05	VL: 7.106e-04	LR:1.52587890625e-08
Epoch: 891	TL: 7.823e-05	VL: 7.107e-04	LR:1.52587890625e-08
Epoch: 892	TL: 7.826e-05	VL: 7.106e-04	LR:1.52587890625e-08
Epoch: 893	TL: 7.825e-05	VL: 7.105e-04	LR:1.52587890625e-08
Epoch: 894	TL: 7.823e-05	VL: 7.106e-04	LR:1.52587890625e-08
Epoch: 895	TL: 7.823e-05	VL: 7.106e-04	LR:1.52587890625e-08
Epoch: 896	TL: 7.824e-05	VL: 7.106e-04	LR:1.52587890625e-08
Epoch: 897	TL: 7.823e-05	VL: 7.102e-04	LR:1.52587890625e-08
Epoch: 898	TL: 7.824e-05	VL: 7.107e-04	LR:1.52587890625e-08
Epoch: 899	TL: 7.827e-05	VL: 7.106e-04	LR:1.52587890625e-08
Epoch: 900	TL: 7.823e-05	VL: 7.101e-04	LR:1.52587890625e-08
Epoch: 901	TL: 7.821e-05	VL: 7.103e-04	LR:1.52587890625e-08
Epoch: 902	TL: 7.823e-05	VL: 7.103e-04	LR:1.52587890625e-08
Epoch: 903	TL: 7.824e-05	VL: 7.103e-04	LR:1.52587890625e-08
Epoch: 904	TL: 7.823e-05	VL: 7.106e-04	LR:1.52587890625e-08
Epoch: 905	TL: 7.825e-05	VL: 7.106e-04	LR:1.52587890625e-08
Epoch: 906	TL: 7.823e-05	VL: 7.106e-04	LR:1.52587890625e-08
Epoch: 907	TL: 7.826e-05	VL: 7.109e-04	LR:1.52587890625e-08
Epoch: 908	TL: 7.824e-05	VL: 7.105e-04	LR:1.52587890625e-08
Epoch: 909	TL: 7.821e-05	VL: 7.107e-04	LR:1.52587890625e-08
Epoch: 910	TL: 7.823e-05	VL: 7.102e-04	LR:1.52587890625e-08
Epoch: 911	TL: 7.824e-05	VL: 7.102e-04	LR:1.52587890625e-08
Epoch: 912	TL: 7.826e-05	VL: 7.105e-04	LR:1.52587890625e-08
Epoch: 913	TL: 7.826e-05	VL: 7.103e-04	LR:1.52587890625e-08
Epoch: 914	TL: 7.826e-05	VL: 7.102e-04	LR:1.52587890625e-08
Epoch: 915	TL: 7.825e-05	VL: 7.105e-04	LR:1.52587890625e-08
Epoch: 916	TL: 7.822e-05	VL: 7.103e-04	LR:1.52587890625e-08
Epoch: 917	TL: 7.823e-05	VL: 7.109e-04	LR:1.52587890625e-08
Epoch: 918	TL: 7.822e-05	VL: 7.109e-04	LR:1.52587890625e-08
Epoch: 919	TL: 7.824e-05	VL: 7.108e-04	LR:1.52587890625e-08
Epoch: 920	TL: 7.826e-05	VL: 7.107e-04	LR:1.52587890625e-08
Epoch: 921	TL: 7.825e-05	VL: 7.108e-04	LR:1.52587890625e-08
Epoch: 922	TL: 7.825e-05	VL: 7.108e-04	LR:1.52587890625e-08
Epoch: 923	TL: 7.824e-05	VL: 7.109e-04	LR:1.52587890625e-08
Epoch: 924	TL: 7.820e-05	VL: 7.108e-04	LR:1.52587890625e-08
Epoch: 925	TL: 7.825e-05	VL: 7.107e-04	LR:1.52587890625e-08
Epoch: 926	TL: 7.826e-05	VL: 7.108e-04	LR:1.52587890625e-08
Epoch: 927	TL: 7.828e-05	VL: 7.103e-04	LR:1.52587890625e-08
Epoch: 928	TL: 7.825e-05	VL: 7.103e-04	LR:1.52587890625e-08
Epoch: 929	TL: 7.827e-05	VL: 7.105e-04	LR:1.52587890625e-08
Epoch: 930	TL: 7.826e-05	VL: 7.109e-04	LR:1.52587890625e-08
Epoch: 931	TL: 7.821e-05	VL: 7.108e-04	LR:1.52587890625e-08
Epoch: 932	TL: 7.825e-05	VL: 7.106e-04	LR:1.52587890625e-08
Epoch: 933	TL: 7.821e-05	VL: 7.102e-04	LR:1.52587890625e-08
Epoch: 934	TL: 7.825e-05	VL: 7.105e-04	LR:1.52587890625e-08
Epoch: 935	TL: 7.830e-05	VL: 7.104e-04	LR:1.52587890625e-08
Epoch: 936	TL: 7.826e-05	VL: 7.111e-04	LR:1.52587890625e-08
Epoch: 937	TL: 7.824e-05	VL: 7.103e-04	LR:1.52587890625e-08
Epoch: 938	TL: 7.825e-05	VL: 7.104e-04	LR:1.52587890625e-08
Epoch: 939	TL: 7.823e-05	VL: 7.107e-04	LR:1.52587890625e-08
Epoch: 940	TL: 7.824e-05	VL: 7.103e-04	LR:1.52587890625e-08
Epoch: 941	TL: 7.828e-05	VL: 7.102e-04	LR:1.52587890625e-08
Epoch: 942	TL: 7.827e-05	VL: 7.105e-04	LR:1.52587890625e-08
Epoch: 943	TL: 7.824e-05	VL: 7.102e-04	LR:1.52587890625e-08
Epoch: 944	TL: 7.822e-05	VL: 7.104e-04	LR:1.52587890625e-08
Epoch: 945	TL: 7.823e-05	VL: 7.108e-04	LR:1.52587890625e-08
Epoch: 946	TL: 7.826e-05	VL: 7.105e-04	LR:1.52587890625e-08
Epoch: 947	TL: 7.826e-05	VL: 7.106e-04	LR:1.52587890625e-08
Epoch: 948	TL: 7.825e-05	VL: 7.104e-04	LR:1.52587890625e-08
Epoch: 949	TL: 7.830e-05	VL: 7.106e-04	LR:1.52587890625e-08
Epoch: 950	TL: 7.826e-05	VL: 7.104e-04	LR:1.52587890625e-08
Epoch: 951	TL: 7.822e-05	VL: 7.107e-04	LR:1.52587890625e-08
Epoch: 952	TL: 7.827e-05	VL: 7.107e-04	LR:1.52587890625e-08
Epoch: 953	TL: 7.825e-05	VL: 7.103e-04	LR:1.52587890625e-08
Epoch: 954	TL: 7.826e-05	VL: 7.107e-04	LR:1.52587890625e-08
Epoch: 955	TL: 7.825e-05	VL: 7.105e-04	LR:1.52587890625e-08
Epoch: 956	TL: 7.825e-05	VL: 7.108e-04	LR:1.52587890625e-08
Epoch: 957	TL: 7.826e-05	VL: 7.102e-04	LR:1.52587890625e-08
Epoch: 958	TL: 7.828e-05	VL: 7.107e-04	LR:1.52587890625e-08
Epoch: 959	TL: 7.828e-05	VL: 7.110e-04	LR:1.52587890625e-08
Epoch: 960	TL: 7.824e-05	VL: 7.104e-04	LR:1.52587890625e-08
Epoch: 961	TL: 7.824e-05	VL: 7.100e-04	LR:1.52587890625e-08
Epoch: 962	TL: 7.824e-05	VL: 7.108e-04	LR:1.52587890625e-08
Epoch: 963	TL: 7.825e-05	VL: 7.107e-04	LR:1.52587890625e-08
Epoch: 964	TL: 7.823e-05	VL: 7.109e-04	LR:1.52587890625e-08
Epoch: 965	TL: 7.827e-05	VL: 7.103e-04	LR:1.52587890625e-08
Epoch: 966	TL: 7.826e-05	VL: 7.101e-04	LR:1.52587890625e-08
Epoch: 967	TL: 7.823e-05	VL: 7.103e-04	LR:1.52587890625e-08
Epoch: 968	TL: 7.823e-05	VL: 7.104e-04	LR:1.52587890625e-08
Epoch: 969	TL: 7.824e-05	VL: 7.108e-04	LR:1.52587890625e-08
Epoch: 970	TL: 7.829e-05	VL: 7.107e-04	LR:1.52587890625e-08
Epoch: 971	TL: 7.820e-05	VL: 7.106e-04	LR:1.52587890625e-08
Epoch: 972	TL: 7.821e-05	VL: 7.109e-04	LR:1.52587890625e-08
Epoch: 973	TL: 7.823e-05	VL: 7.105e-04	LR:1.52587890625e-08
Epoch: 974	TL: 7.827e-05	VL: 7.103e-04	LR:1.52587890625e-08
Epoch: 975	TL: 7.823e-05	VL: 7.101e-04	LR:1.52587890625e-08
Epoch: 976	TL: 7.821e-05	VL: 7.109e-04	LR:1.52587890625e-08
Epoch: 977	TL: 7.825e-05	VL: 7.102e-04	LR:1.52587890625e-08
Epoch: 978	TL: 7.823e-05	VL: 7.104e-04	LR:1.52587890625e-08
Epoch: 979	TL: 7.825e-05	VL: 7.104e-04	LR:1.52587890625e-08
Epoch: 980	TL: 7.821e-05	VL: 7.106e-04	LR:1.52587890625e-08
Epoch: 981	TL: 7.822e-05	VL: 7.104e-04	LR:1.52587890625e-08
Epoch: 982	TL: 7.822e-05	VL: 7.109e-04	LR:1.52587890625e-08
Epoch: 983	TL: 7.825e-05	VL: 7.107e-04	LR:1.52587890625e-08
Epoch: 984	TL: 7.824e-05	VL: 7.106e-04	LR:1.52587890625e-08
Epoch: 985	TL: 7.825e-05	VL: 7.106e-04	LR:1.52587890625e-08
Epoch: 986	TL: 7.825e-05	VL: 7.107e-04	LR:1.52587890625e-08
Epoch: 987	TL: 7.820e-05	VL: 7.107e-04	LR:1.52587890625e-08
Epoch: 988	TL: 7.822e-05	VL: 7.102e-04	LR:1.52587890625e-08
Epoch: 989	TL: 7.824e-05	VL: 7.109e-04	LR:1.52587890625e-08
Epoch: 990	TL: 7.824e-05	VL: 7.104e-04	LR:1.52587890625e-08
Epoch: 991	TL: 7.822e-05	VL: 7.109e-04	LR:1.52587890625e-08
Epoch: 992	TL: 7.826e-05	VL: 7.109e-04	LR:1.52587890625e-08
Epoch: 993	TL: 7.823e-05	VL: 7.103e-04	LR:1.52587890625e-08
Epoch: 994	TL: 7.818e-05	VL: 7.103e-04	LR:1.52587890625e-08
Epoch: 995	TL: 7.825e-05	VL: 7.107e-04	LR:1.52587890625e-08
Epoch: 996	TL: 7.821e-05	VL: 7.102e-04	LR:1.52587890625e-08
Epoch: 997	TL: 7.824e-05	VL: 7.105e-04	LR:1.52587890625e-08
Epoch: 998	TL: 7.823e-05	VL: 7.106e-04	LR:1.52587890625e-08
Epoch: 999	TL: 7.823e-05	VL: 7.110e-04	LR:1.52587890625e-08
Epoch: 1000	TL: 7.824e-05	VL: 7.109e-04	LR:1.52587890625e-08
Test MAE: 11.931
