Thu Dec 12 10:32:46 2024       
+-----------------------------------------------------------------------------------------+
| NVIDIA-SMI 565.57.01              Driver Version: 565.57.01      CUDA Version: 12.7     |
|-----------------------------------------+------------------------+----------------------+
| GPU  Name                 Persistence-M | Bus-Id          Disp.A | Volatile Uncorr. ECC |
| Fan  Temp   Perf          Pwr:Usage/Cap |           Memory-Usage | GPU-Util  Compute M. |
|                                         |                        |               MIG M. |
|=========================================+========================+======================|
|   0  Tesla V100-PCIE-32GB           On  |   00000000:D8:00.0 Off |                    0 |
| N/A   29C    P0             24W /  250W |       1MiB /  32768MiB |      0%   E. Process |
|                                         |                        |                  N/A |
+-----------------------------------------+------------------------+----------------------+
                                                                                         
+-----------------------------------------------------------------------------------------+
| Processes:                                                                              |
|  GPU   GI   CI        PID   Type   Process name                              GPU Memory |
|        ID   ID                                                               Usage      |
|=========================================================================================|
|  No running processes found                                                             |
+-----------------------------------------------------------------------------------------+
cuda
Tesla V100-PCIE-32GB
Epoch: 1	TL: 2.689e-01	VL: 5.256e-02	 5.256e-02	 adam_lr:0.0005
Epoch: 2	TL: 3.542e-02	VL: 1.866e-02	 4.917e-02	 adam_lr:0.0005
Epoch: 3	TL: 2.024e-02	VL: 1.571e-02	 4.583e-02	 adam_lr:0.0005
Epoch: 4	TL: 1.435e-02	VL: 9.049e-03	 4.215e-02	 adam_lr:0.0005
Epoch: 5	TL: 1.248e-02	VL: 1.226e-02	 3.916e-02	 adam_lr:0.0005
Epoch: 6	TL: 1.169e-02	VL: 7.916e-03	 3.603e-02	 adam_lr:0.0005
Epoch: 7	TL: 9.917e-03	VL: 8.267e-03	 3.326e-02	 adam_lr:0.0005
Epoch: 8	TL: 9.634e-03	VL: 7.264e-03	 3.066e-02	 adam_lr:0.0005
Epoch: 9	TL: 8.262e-03	VL: 1.157e-02	 2.875e-02	 adam_lr:0.0005
Epoch: 10	TL: 7.227e-03	VL: 6.573e-03	 2.653e-02	 adam_lr:0.0005
Epoch: 11	TL: 6.963e-03	VL: 4.737e-03	 2.435e-02	 adam_lr:0.0005
Epoch: 12	TL: 6.879e-03	VL: 8.023e-03	 2.272e-02	 adam_lr:0.0005
Epoch: 13	TL: 5.858e-03	VL: 6.579e-03	 2.111e-02	 adam_lr:0.0005
Epoch: 14	TL: 6.077e-03	VL: 5.377e-03	 1.953e-02	 adam_lr:0.0005
Epoch: 15	TL: 5.260e-03	VL: 8.241e-03	 1.840e-02	 adam_lr:0.0005
Epoch: 16	TL: 5.077e-03	VL: 5.134e-03	 1.708e-02	 adam_lr:0.0005
Epoch: 17	TL: 4.988e-03	VL: 6.862e-03	 1.605e-02	 adam_lr:0.0005
Epoch: 18	TL: 4.487e-03	VL: 4.781e-03	 1.493e-02	 adam_lr:0.0005
Epoch: 19	TL: 4.177e-03	VL: 3.058e-03	 1.374e-02	 adam_lr:0.0005
Epoch: 20	TL: 3.933e-03	VL: 6.344e-03	 1.300e-02	 adam_lr:0.0005
Epoch: 21	TL: 4.210e-03	VL: 4.277e-03	 1.213e-02	 adam_lr:0.0005
Epoch: 22	TL: 3.977e-03	VL: 2.558e-03	 1.117e-02	 adam_lr:0.0005
Epoch: 23	TL: 3.860e-03	VL: 3.930e-03	 1.045e-02	 adam_lr:0.0005
Epoch: 24	TL: 3.397e-03	VL: 3.597e-03	 9.762e-03	 adam_lr:0.0005
Epoch: 25	TL: 3.639e-03	VL: 2.987e-03	 9.085e-03	 adam_lr:0.0005
Epoch: 26	TL: 3.344e-03	VL: 8.389e-03	 9.015e-03	 adam_lr:0.0005
Epoch: 27	TL: 3.098e-03	VL: 3.527e-03	 8.466e-03	 adam_lr:0.0005
Epoch: 28	TL: 3.111e-03	VL: 2.893e-03	 7.909e-03	 adam_lr:0.0005
Epoch: 29	TL: 3.251e-03	VL: 2.295e-03	 7.348e-03	 adam_lr:0.0005
Epoch: 30	TL: 2.840e-03	VL: 6.190e-03	 7.232e-03	 adam_lr:0.0005
Epoch: 31	TL: 2.950e-03	VL: 3.270e-03	 6.836e-03	 adam_lr:0.0005
Epoch: 32	TL: 2.959e-03	VL: 2.608e-03	 6.413e-03	 adam_lr:0.0005
Epoch: 33	TL: 2.770e-03	VL: 3.315e-03	 6.103e-03	 adam_lr:0.0005
Epoch: 34	TL: 2.453e-03	VL: 2.617e-03	 5.754e-03	 adam_lr:0.0005
Epoch: 35	TL: 2.553e-03	VL: 4.680e-03	 5.647e-03	 adam_lr:0.0005
Epoch: 36	TL: 2.441e-03	VL: 2.261e-03	 5.308e-03	 adam_lr:0.0005
Epoch: 37	TL: 2.792e-03	VL: 3.227e-03	 5.100e-03	 adam_lr:0.0005
Epoch: 38	TL: 2.309e-03	VL: 2.766e-03	 4.867e-03	 adam_lr:0.0005
Epoch: 39	TL: 2.369e-03	VL: 2.876e-03	 4.668e-03	 adam_lr:0.0005
Epoch: 40	TL: 2.267e-03	VL: 2.070e-03	 4.408e-03	 adam_lr:0.0005
Epoch: 41	TL: 2.296e-03	VL: 2.148e-03	 4.182e-03	 adam_lr:0.0005
Epoch: 42	TL: 2.250e-03	VL: 2.113e-03	 3.975e-03	 adam_lr:0.0005
Epoch: 43	TL: 2.227e-03	VL: 4.821e-03	 4.060e-03	 adam_lr:0.0005
Epoch: 44	TL: 2.174e-03	VL: 2.657e-03	 3.919e-03	 adam_lr:0.0005
Epoch: 45	TL: 2.078e-03	VL: 1.878e-03	 3.715e-03	 adam_lr:0.0005
Epoch: 46	TL: 1.921e-03	VL: 1.861e-03	 3.530e-03	 adam_lr:0.0005
Epoch: 47	TL: 2.118e-03	VL: 1.556e-03	 3.333e-03	 adam_lr:0.0005
Epoch: 48	TL: 1.950e-03	VL: 1.964e-03	 3.196e-03	 adam_lr:0.0005
Epoch: 49	TL: 1.943e-03	VL: 1.595e-03	 3.036e-03	 adam_lr:0.0005
Epoch: 50	TL: 1.825e-03	VL: 1.861e-03	 2.918e-03	 adam_lr:0.0005
Epoch: 51	TL: 1.878e-03	VL: 1.827e-03	 2.809e-03	 adam_lr:0.0005
Epoch: 52	TL: 1.817e-03	VL: 2.884e-03	 2.817e-03	 adam_lr:0.0005
Epoch: 53	TL: 1.795e-03	VL: 4.002e-03	 2.935e-03	 adam_lr:0.0005
Epoch: 54	TL: 1.759e-03	VL: 1.511e-03	 2.793e-03	 adam_lr:0.0005
Epoch: 55	TL: 1.830e-03	VL: 2.063e-03	 2.720e-03	 adam_lr:0.0005
Epoch: 56	TL: 1.780e-03	VL: 1.435e-03	 2.591e-03	 adam_lr:0.0005
Epoch: 57	TL: 1.882e-03	VL: 2.013e-03	 2.533e-03	 adam_lr:0.0005
Epoch: 58	TL: 1.488e-03	VL: 2.339e-03	 2.514e-03	 adam_lr:0.0005
Epoch: 59	TL: 1.737e-03	VL: 1.925e-03	 2.455e-03	 adam_lr:0.0005
Epoch: 60	TL: 1.667e-03	VL: 1.702e-03	 2.380e-03	 adam_lr:0.0005
Epoch: 61	TL: 1.535e-03	VL: 1.616e-03	 2.303e-03	 adam_lr:0.0005
Epoch: 62	TL: 1.539e-03	VL: 2.533e-03	 2.326e-03	 adam_lr:0.0005
Epoch: 63	TL: 1.688e-03	VL: 1.932e-03	 2.287e-03	 adam_lr:0.0005
Epoch: 64	TL: 1.482e-03	VL: 1.552e-03	 2.213e-03	 adam_lr:0.0005
Epoch: 65	TL: 1.697e-03	VL: 2.218e-03	 2.214e-03	 adam_lr:0.0005
Epoch: 66	TL: 1.754e-03	VL: 3.211e-03	 2.314e-03	 adam_lr:0.0005
Epoch: 67	TL: 1.523e-03	VL: 1.591e-03	 2.241e-03	 adam_lr:0.0005
Epoch: 68	TL: 1.681e-03	VL: 1.538e-03	 2.171e-03	 adam_lr:0.0005
Epoch: 69	TL: 1.472e-03	VL: 1.724e-03	 2.126e-03	 adam_lr:0.0005
Epoch: 70	TL: 1.443e-03	VL: 1.529e-03	 2.067e-03	 adam_lr:0.0005
Epoch: 71	TL: 1.497e-03	VL: 1.312e-03	 1.991e-03	 adam_lr:0.0005
Epoch: 72	TL: 1.340e-03	VL: 2.787e-03	 2.071e-03	 adam_lr:0.0005
Epoch: 73	TL: 1.349e-03	VL: 2.090e-03	 2.073e-03	 adam_lr:0.0005
Epoch: 74	TL: 1.563e-03	VL: 1.281e-03	 1.993e-03	 adam_lr:0.0005
Epoch: 75	TL: 1.394e-03	VL: 1.591e-03	 1.953e-03	 adam_lr:0.0005
Epoch: 76	TL: 1.328e-03	VL: 1.443e-03	 1.902e-03	 adam_lr:0.0005
Epoch: 77	TL: 1.451e-03	VL: 1.371e-03	 1.849e-03	 adam_lr:0.0005
Epoch: 78	TL: 1.262e-03	VL: 1.783e-03	 1.842e-03	 adam_lr:0.0005
Epoch: 79	TL: 1.394e-03	VL: 2.525e-03	 1.911e-03	 adam_lr:0.0005
Epoch: 80	TL: 1.335e-03	VL: 1.298e-03	 1.849e-03	 adam_lr:0.0005
Epoch: 81	TL: 1.329e-03	VL: 1.658e-03	 1.830e-03	 adam_lr:0.0005
Epoch: 82	TL: 1.170e-03	VL: 1.572e-03	 1.804e-03	 adam_lr:0.0005
Epoch: 83	TL: 1.323e-03	VL: 1.509e-03	 1.775e-03	 adam_lr:0.0005
Epoch: 84	TL: 1.308e-03	VL: 1.183e-03	 1.716e-03	 adam_lr:0.0005
Epoch: 85	TL: 1.292e-03	VL: 1.490e-03	 1.693e-03	 adam_lr:0.0005
Epoch: 86	TL: 1.145e-03	VL: 1.328e-03	 1.657e-03	 adam_lr:0.0005
Epoch: 87	TL: 1.266e-03	VL: 1.172e-03	 1.608e-03	 adam_lr:0.0005
Epoch: 88	TL: 1.254e-03	VL: 1.218e-03	 1.569e-03	 adam_lr:0.0005
Epoch: 89	TL: 1.123e-03	VL: 2.133e-03	 1.626e-03	 adam_lr:0.0005
Epoch: 90	TL: 1.321e-03	VL: 1.584e-03	 1.621e-03	 adam_lr:0.0005
Epoch: 91	TL: 1.158e-03	VL: 2.069e-03	 1.666e-03	 adam_lr:0.0005
Epoch: 92	TL: 1.119e-03	VL: 1.238e-03	 1.623e-03	 adam_lr:0.0005
Epoch: 93	TL: 1.262e-03	VL: 1.780e-03	 1.639e-03	 adam_lr:0.0005
Epoch: 94	TL: 1.144e-03	VL: 1.214e-03	 1.596e-03	 adam_lr:0.0005
Epoch: 95	TL: 4.511e-04	VL: 9.951e-04	 1.536e-03	 adam_lr:0.00025
Epoch: 96	TL: 5.192e-04	VL: 1.276e-03	 1.510e-03	 adam_lr:0.00025
Epoch: 97	TL: 5.527e-04	VL: 9.577e-04	 1.455e-03	 adam_lr:0.00025
Epoch: 98	TL: 5.350e-04	VL: 1.481e-03	 1.458e-03	 adam_lr:0.00025
Epoch: 99	TL: 5.714e-04	VL: 1.713e-03	 1.483e-03	 adam_lr:0.00025
Epoch: 100	TL: 5.340e-04	VL: 9.745e-04	 1.432e-03	 adam_lr:0.00025
Epoch: 101	TL: 5.794e-04	VL: 1.309e-03	 1.420e-03	 adam_lr:0.00025
Epoch: 102	TL: 5.214e-04	VL: 1.045e-03	 1.382e-03	 adam_lr:0.00025
Epoch: 103	TL: 5.489e-04	VL: 1.369e-03	 1.381e-03	 adam_lr:0.00025
Epoch: 104	TL: 5.167e-04	VL: 9.091e-04	 1.334e-03	 adam_lr:0.00025
Epoch: 105	TL: 5.195e-04	VL: 1.017e-03	 1.302e-03	 adam_lr:0.00025
Epoch: 106	TL: 5.112e-04	VL: 1.067e-03	 1.279e-03	 adam_lr:0.00025
Epoch: 107	TL: 5.019e-04	VL: 1.026e-03	 1.253e-03	 adam_lr:0.00025
Epoch: 108	TL: 5.005e-04	VL: 9.389e-04	 1.222e-03	 adam_lr:0.00025
Epoch: 109	TL: 5.129e-04	VL: 8.798e-04	 1.188e-03	 adam_lr:0.00025
Epoch: 110	TL: 4.858e-04	VL: 9.137e-04	 1.160e-03	 adam_lr:0.00025
Epoch: 111	TL: 5.066e-04	VL: 9.071e-04	 1.135e-03	 adam_lr:0.00025
Epoch: 112	TL: 5.053e-04	VL: 9.485e-04	 1.116e-03	 adam_lr:0.00025
Epoch: 113	TL: 5.201e-04	VL: 8.634e-04	 1.091e-03	 adam_lr:0.00025
Epoch: 114	TL: 4.482e-04	VL: 9.516e-04	 1.077e-03	 adam_lr:0.00025
Epoch: 115	TL: 4.947e-04	VL: 9.944e-04	 1.069e-03	 adam_lr:0.00025
Epoch: 116	TL: 4.644e-04	VL: 1.295e-03	 1.091e-03	 adam_lr:0.00025
Epoch: 117	TL: 5.040e-04	VL: 1.777e-03	 1.160e-03	 adam_lr:0.00025
Epoch: 118	TL: 4.784e-04	VL: 8.857e-04	 1.133e-03	 adam_lr:0.00025
Epoch: 119	TL: 4.687e-04	VL: 1.457e-03	 1.165e-03	 adam_lr:0.00025
Epoch: 120	TL: 4.986e-04	VL: 8.764e-04	 1.136e-03	 adam_lr:0.00025
Epoch: 121	TL: 4.681e-04	VL: 7.976e-04	 1.102e-03	 adam_lr:0.00025
Epoch: 122	TL: 2.474e-04	VL: 7.395e-04	 1.066e-03	 adam_lr:0.000125
Epoch: 123	TL: 2.665e-04	VL: 7.372e-04	 1.033e-03	 adam_lr:0.000125
Epoch: 124	TL: 2.794e-04	VL: 7.568e-04	 1.005e-03	 adam_lr:0.000125
Epoch: 125	TL: 2.730e-04	VL: 7.735e-04	 9.823e-04	 adam_lr:0.000125
Epoch: 126	TL: 2.757e-04	VL: 8.309e-04	 9.671e-04	 adam_lr:0.000125
Epoch: 127	TL: 2.737e-04	VL: 7.484e-04	 9.453e-04	 adam_lr:0.000125
Epoch: 128	TL: 2.637e-04	VL: 7.445e-04	 9.252e-04	 adam_lr:0.000125
Epoch: 129	TL: 2.714e-04	VL: 7.961e-04	 9.123e-04	 adam_lr:0.000125
Epoch: 130	TL: 2.677e-04	VL: 7.749e-04	 8.986e-04	 adam_lr:0.000125
Epoch: 131	TL: 2.585e-04	VL: 7.910e-04	 8.878e-04	 adam_lr:0.000125
Epoch: 132	TL: 2.681e-04	VL: 8.478e-04	 8.838e-04	 adam_lr:0.000125
Epoch: 133	TL: 2.570e-04	VL: 7.460e-04	 8.700e-04	 adam_lr:0.000125
Epoch: 134	TL: 2.656e-04	VL: 7.213e-04	 8.551e-04	 adam_lr:0.000125
Epoch: 135	TL: 2.524e-04	VL: 7.336e-04	 8.430e-04	 adam_lr:0.000125
Epoch: 136	TL: 2.586e-04	VL: 7.508e-04	 8.338e-04	 adam_lr:0.000125
Epoch: 137	TL: 2.519e-04	VL: 7.631e-04	 8.267e-04	 adam_lr:0.000125
Epoch: 138	TL: 2.714e-04	VL: 7.323e-04	 8.173e-04	 adam_lr:0.000125
Epoch: 139	TL: 2.482e-04	VL: 7.350e-04	 8.090e-04	 adam_lr:0.000125
Epoch: 140	TL: 2.409e-04	VL: 7.011e-04	 7.983e-04	 adam_lr:0.000125
Epoch: 141	TL: 2.526e-04	VL: 7.425e-04	 7.927e-04	 adam_lr:0.000125
Epoch: 142	TL: 2.540e-04	VL: 6.913e-04	 7.825e-04	 adam_lr:0.000125
Epoch: 143	TL: 2.482e-04	VL: 7.514e-04	 7.794e-04	 adam_lr:0.000125
Epoch: 144	TL: 2.394e-04	VL: 7.946e-04	 7.809e-04	 adam_lr:0.000125
Epoch: 145	TL: 2.458e-04	VL: 7.548e-04	 7.783e-04	 adam_lr:0.000125
Epoch: 146	TL: 2.425e-04	VL: 8.096e-04	 7.815e-04	 adam_lr:0.000125
Epoch: 147	TL: 2.459e-04	VL: 8.004e-04	 7.834e-04	 adam_lr:0.000125
Epoch: 148	TL: 2.341e-04	VL: 8.442e-04	 7.894e-04	 adam_lr:0.000125
Epoch: 149	TL: 2.346e-04	VL: 7.386e-04	 7.844e-04	 adam_lr:0.000125
Epoch: 150	TL: 2.464e-04	VL: 7.766e-04	 7.836e-04	 adam_lr:0.000125
Epoch: 151	TL: 2.390e-04	VL: 6.985e-04	 7.751e-04	 adam_lr:0.000125
Epoch: 152	TL: 2.367e-04	VL: 8.217e-04	 7.797e-04	 adam_lr:0.000125
Epoch: 153	TL: 2.356e-04	VL: 7.660e-04	 7.784e-04	 adam_lr:0.000125
Epoch: 154	TL: 2.375e-04	VL: 7.178e-04	 7.723e-04	 adam_lr:0.000125
Epoch: 155	TL: 2.334e-04	VL: 6.863e-04	 7.637e-04	 adam_lr:0.000125
Epoch: 156	TL: 2.304e-04	VL: 7.642e-04	 7.638e-04	 adam_lr:0.000125
Epoch: 157	TL: 2.260e-04	VL: 6.818e-04	 7.556e-04	 adam_lr:0.000125
Epoch: 158	TL: 2.205e-04	VL: 7.003e-04	 7.500e-04	 adam_lr:0.000125
Epoch: 159	TL: 2.350e-04	VL: 7.405e-04	 7.491e-04	 adam_lr:0.000125
Epoch: 160	TL: 2.332e-04	VL: 7.012e-04	 7.443e-04	 adam_lr:0.000125
Epoch: 161	TL: 2.306e-04	VL: 7.001e-04	 7.399e-04	 adam_lr:0.000125
Epoch: 162	TL: 2.250e-04	VL: 6.986e-04	 7.357e-04	 adam_lr:0.000125
Epoch: 163	TL: 2.369e-04	VL: 7.197e-04	 7.341e-04	 adam_lr:0.000125
Epoch: 164	TL: 2.250e-04	VL: 6.805e-04	 7.288e-04	 adam_lr:0.000125
Epoch: 165	TL: 2.240e-04	VL: 7.085e-04	 7.268e-04	 adam_lr:0.000125
Epoch: 166	TL: 2.244e-04	VL: 7.450e-04	 7.286e-04	 adam_lr:0.000125
Epoch: 167	TL: 2.310e-04	VL: 8.099e-04	 7.367e-04	 adam_lr:0.000125
Epoch: 168	TL: 2.149e-04	VL: 6.751e-04	 7.306e-04	 adam_lr:0.000125
Epoch: 169	TL: 2.257e-04	VL: 7.258e-04	 7.301e-04	 adam_lr:0.000125
Epoch: 170	TL: 2.157e-04	VL: 7.289e-04	 7.300e-04	 adam_lr:0.000125
Epoch: 171	TL: 2.292e-04	VL: 7.083e-04	 7.278e-04	 adam_lr:0.000125
Epoch: 172	TL: 1.461e-04	VL: 6.774e-04	 7.228e-04	 adam_lr:6.25e-05
Epoch: 173	TL: 1.541e-04	VL: 6.417e-04	 7.147e-04	 adam_lr:6.25e-05
Epoch: 174	TL: 1.529e-04	VL: 6.531e-04	 7.085e-04	 adam_lr:6.25e-05
Epoch: 175	TL: 1.565e-04	VL: 6.648e-04	 7.041e-04	 adam_lr:6.25e-05
Epoch: 176	TL: 1.517e-04	VL: 6.521e-04	 6.989e-04	 adam_lr:6.25e-05
Epoch: 177	TL: 1.517e-04	VL: 6.418e-04	 6.932e-04	 adam_lr:6.25e-05
Epoch: 178	TL: 1.514e-04	VL: 6.720e-04	 6.911e-04	 adam_lr:6.25e-05
Epoch: 179	TL: 1.516e-04	VL: 6.514e-04	 6.871e-04	 adam_lr:6.25e-05
Epoch: 180	TL: 1.531e-04	VL: 6.377e-04	 6.822e-04	 adam_lr:6.25e-05
Epoch: 181	TL: 1.506e-04	VL: 6.331e-04	 6.773e-04	 adam_lr:6.25e-05
Epoch: 182	TL: 1.483e-04	VL: 6.396e-04	 6.735e-04	 adam_lr:6.25e-05
Epoch: 183	TL: 1.517e-04	VL: 6.376e-04	 6.699e-04	 adam_lr:6.25e-05
Epoch: 184	TL: 1.495e-04	VL: 6.497e-04	 6.679e-04	 adam_lr:6.25e-05
Epoch: 185	TL: 1.503e-04	VL: 6.649e-04	 6.676e-04	 adam_lr:6.25e-05
Epoch: 186	TL: 1.441e-04	VL: 6.410e-04	 6.649e-04	 adam_lr:6.25e-05
Epoch: 187	TL: 1.489e-04	VL: 6.619e-04	 6.646e-04	 adam_lr:6.25e-05
Epoch: 188	TL: 1.479e-04	VL: 6.382e-04	 6.620e-04	 adam_lr:6.25e-05
Epoch: 189	TL: 1.463e-04	VL: 6.396e-04	 6.597e-04	 adam_lr:6.25e-05
Epoch: 190	TL: 1.470e-04	VL: 6.835e-04	 6.621e-04	 adam_lr:6.25e-05
Epoch: 191	TL: 1.485e-04	VL: 6.662e-04	 6.625e-04	 adam_lr:6.25e-05
Epoch: 192	TL: 1.459e-04	VL: 6.461e-04	 6.609e-04	 adam_lr:6.25e-05
Epoch: 193	TL: 1.475e-04	VL: 6.368e-04	 6.585e-04	 adam_lr:6.25e-05
Epoch: 194	TL: 1.447e-04	VL: 6.429e-04	 6.569e-04	 adam_lr:6.25e-05
Epoch: 195	TL: 1.452e-04	VL: 6.367e-04	 6.549e-04	 adam_lr:6.25e-05
Epoch: 196	TL: 1.428e-04	VL: 6.620e-04	 6.556e-04	 adam_lr:6.25e-05
Epoch: 197	TL: 1.440e-04	VL: 6.222e-04	 6.523e-04	 adam_lr:6.25e-05
Epoch: 198	TL: 1.435e-04	VL: 6.484e-04	 6.519e-04	 adam_lr:6.25e-05
Epoch: 199	TL: 1.428e-04	VL: 6.225e-04	 6.489e-04	 adam_lr:6.25e-05
Epoch: 200	TL: 1.419e-04	VL: 6.325e-04	 6.473e-04	 adam_lr:6.25e-05
Epoch: 201	TL: 1.402e-04	VL: 6.319e-04	 6.458e-04	 adam_lr:6.25e-05
Epoch: 202	TL: 1.395e-04	VL: 6.283e-04	 6.440e-04	 adam_lr:6.25e-05
Epoch: 203	TL: 1.443e-04	VL: 6.211e-04	 6.417e-04	 adam_lr:6.25e-05
Epoch: 204	TL: 1.398e-04	VL: 6.158e-04	 6.391e-04	 adam_lr:6.25e-05
Epoch: 205	TL: 1.427e-04	VL: 6.331e-04	 6.385e-04	 adam_lr:6.25e-05
Epoch: 206	TL: 1.383e-04	VL: 6.712e-04	 6.418e-04	 adam_lr:6.25e-05
Epoch: 207	TL: 1.361e-04	VL: 6.475e-04	 6.424e-04	 adam_lr:6.25e-05
Epoch: 208	TL: 1.433e-04	VL: 6.274e-04	 6.409e-04	 adam_lr:6.25e-05
Epoch: 209	TL: 1.358e-04	VL: 6.096e-04	 6.378e-04	 adam_lr:6.25e-05
Epoch: 210	TL: 1.406e-04	VL: 6.373e-04	 6.377e-04	 adam_lr:6.25e-05
Epoch: 211	TL: 1.337e-04	VL: 6.457e-04	 6.385e-04	 adam_lr:6.25e-05
Epoch: 212	TL: 1.403e-04	VL: 6.302e-04	 6.377e-04	 adam_lr:6.25e-05
Epoch: 213	TL: 1.392e-04	VL: 6.535e-04	 6.393e-04	 adam_lr:6.25e-05
Epoch: 214	TL: 1.366e-04	VL: 6.064e-04	 6.360e-04	 adam_lr:6.25e-05
Epoch: 215	TL: 1.327e-04	VL: 6.229e-04	 6.347e-04	 adam_lr:6.25e-05
Epoch: 216	TL: 1.390e-04	VL: 6.603e-04	 6.372e-04	 adam_lr:6.25e-05
Epoch: 217	TL: 1.358e-04	VL: 6.168e-04	 6.352e-04	 adam_lr:6.25e-05
Epoch: 218	TL: 1.323e-04	VL: 6.748e-04	 6.392e-04	 adam_lr:6.25e-05
Epoch: 219	TL: 1.373e-04	VL: 6.248e-04	 6.377e-04	 adam_lr:6.25e-05
Epoch: 220	TL: 1.326e-04	VL: 6.165e-04	 6.356e-04	 adam_lr:6.25e-05
Epoch: 221	TL: 1.335e-04	VL: 6.079e-04	 6.328e-04	 adam_lr:6.25e-05
Epoch: 222	TL: 1.317e-04	VL: 6.149e-04	 6.310e-04	 adam_lr:6.25e-05
Epoch: 223	TL: 1.393e-04	VL: 6.162e-04	 6.295e-04	 adam_lr:6.25e-05
Epoch: 224	TL: 1.317e-04	VL: 6.134e-04	 6.279e-04	 adam_lr:6.25e-05
Epoch: 225	TL: 1.343e-04	VL: 6.106e-04	 6.262e-04	 adam_lr:6.25e-05
Epoch: 226	TL: 1.337e-04	VL: 6.138e-04	 6.250e-04	 adam_lr:6.25e-05
Epoch: 227	TL: 1.354e-04	VL: 6.131e-04	 6.238e-04	 adam_lr:6.25e-05
Epoch: 228	TL: 1.285e-04	VL: 6.385e-04	 6.252e-04	 adam_lr:6.25e-05
Epoch: 229	TL: 1.339e-04	VL: 6.346e-04	 6.262e-04	 adam_lr:6.25e-05
Epoch: 230	TL: 1.305e-04	VL: 6.376e-04	 6.273e-04	 adam_lr:6.25e-05
Epoch: 231	TL: 1.288e-04	VL: 6.334e-04	 6.279e-04	 adam_lr:6.25e-05
Epoch: 232	TL: 1.322e-04	VL: 6.222e-04	 6.274e-04	 adam_lr:6.25e-05
Epoch: 233	TL: 1.298e-04	VL: 6.207e-04	 6.267e-04	 adam_lr:6.25e-05
Epoch: 234	TL: 1.033e-04	VL: 5.939e-04	 6.234e-04	 adam_lr:3.125e-05
Epoch: 235	TL: 1.037e-04	VL: 6.316e-04	 6.242e-04	 adam_lr:3.125e-05
Epoch: 236	TL: 1.053e-04	VL: 5.987e-04	 6.217e-04	 adam_lr:3.125e-05
Epoch: 237	TL: 1.045e-04	VL: 5.989e-04	 6.194e-04	 adam_lr:3.125e-05
Epoch: 238	TL: 1.054e-04	VL: 5.958e-04	 6.170e-04	 adam_lr:3.125e-05
Epoch: 239	TL: 1.048e-04	VL: 5.974e-04	 6.151e-04	 adam_lr:3.125e-05
Epoch: 240	TL: 1.042e-04	VL: 5.883e-04	 6.124e-04	 adam_lr:3.125e-05
Epoch: 241	TL: 1.051e-04	VL: 6.118e-04	 6.123e-04	 adam_lr:3.125e-05
Epoch: 242	TL: 1.048e-04	VL: 6.084e-04	 6.119e-04	 adam_lr:3.125e-05
Epoch: 243	TL: 1.038e-04	VL: 5.907e-04	 6.098e-04	 adam_lr:3.125e-05
Epoch: 244	TL: 1.016e-04	VL: 5.854e-04	 6.074e-04	 adam_lr:3.125e-05
Epoch: 245	TL: 1.030e-04	VL: 5.964e-04	 6.063e-04	 adam_lr:3.125e-05
Epoch: 246	TL: 1.035e-04	VL: 5.821e-04	 6.039e-04	 adam_lr:3.125e-05
Epoch: 247	TL: 1.046e-04	VL: 5.943e-04	 6.029e-04	 adam_lr:3.125e-05
Epoch: 248	TL: 1.018e-04	VL: 5.939e-04	 6.020e-04	 adam_lr:3.125e-05
Epoch: 249	TL: 1.016e-04	VL: 5.856e-04	 6.004e-04	 adam_lr:3.125e-05
Epoch: 250	TL: 1.025e-04	VL: 5.949e-04	 5.998e-04	 adam_lr:3.125e-05
Epoch: 251	TL: 1.015e-04	VL: 6.007e-04	 5.999e-04	 adam_lr:3.125e-05
Epoch: 252	TL: 1.018e-04	VL: 6.028e-04	 6.002e-04	 adam_lr:3.125e-05
Epoch: 253	TL: 1.031e-04	VL: 6.005e-04	 6.002e-04	 adam_lr:3.125e-05
Epoch: 254	TL: 1.018e-04	VL: 5.903e-04	 5.992e-04	 adam_lr:3.125e-05
Epoch: 255	TL: 1.019e-04	VL: 5.776e-04	 5.971e-04	 adam_lr:3.125e-05
Epoch: 256	TL: 1.005e-04	VL: 5.844e-04	 5.958e-04	 adam_lr:3.125e-05
Epoch: 257	TL: 1.008e-04	VL: 5.896e-04	 5.952e-04	 adam_lr:3.125e-05
Epoch: 258	TL: 1.011e-04	VL: 5.853e-04	 5.942e-04	 adam_lr:3.125e-05
Epoch: 259	TL: 1.008e-04	VL: 6.019e-04	 5.950e-04	 adam_lr:3.125e-05
Epoch: 260	TL: 1.008e-04	VL: 5.880e-04	 5.943e-04	 adam_lr:3.125e-05
Epoch: 261	TL: 1.001e-04	VL: 6.001e-04	 5.949e-04	 adam_lr:3.125e-05
Epoch: 262	TL: 9.988e-05	VL: 5.805e-04	 5.934e-04	 adam_lr:3.125e-05
Epoch: 263	TL: 9.945e-05	VL: 5.903e-04	 5.931e-04	 adam_lr:3.125e-05
Epoch: 264	TL: 9.954e-05	VL: 5.814e-04	 5.919e-04	 adam_lr:3.125e-05
Epoch: 265	TL: 9.964e-05	VL: 5.923e-04	 5.920e-04	 adam_lr:3.125e-05
Epoch: 266	TL: 1.009e-04	VL: 5.837e-04	 5.911e-04	 adam_lr:3.125e-05
Epoch: 267	TL: 9.926e-05	VL: 5.853e-04	 5.906e-04	 adam_lr:3.125e-05
Epoch: 268	TL: 9.926e-05	VL: 5.831e-04	 5.898e-04	 adam_lr:3.125e-05
Epoch: 269	TL: 1.003e-04	VL: 5.876e-04	 5.896e-04	 adam_lr:3.125e-05
Epoch: 270	TL: 9.857e-05	VL: 5.840e-04	 5.890e-04	 adam_lr:3.125e-05
Epoch: 271	TL: 9.711e-05	VL: 6.059e-04	 5.907e-04	 adam_lr:3.125e-05
Epoch: 272	TL: 9.764e-05	VL: 5.707e-04	 5.887e-04	 adam_lr:3.125e-05
Epoch: 273	TL: 9.721e-05	VL: 5.895e-04	 5.888e-04	 adam_lr:3.125e-05
Epoch: 274	TL: 9.899e-05	VL: 5.698e-04	 5.869e-04	 adam_lr:3.125e-05
Epoch: 275	TL: 9.798e-05	VL: 5.813e-04	 5.863e-04	 adam_lr:3.125e-05
Epoch: 276	TL: 9.715e-05	VL: 6.219e-04	 5.899e-04	 adam_lr:3.125e-05
Epoch: 277	TL: 9.819e-05	VL: 6.053e-04	 5.914e-04	 adam_lr:3.125e-05
Epoch: 278	TL: 9.659e-05	VL: 5.764e-04	 5.899e-04	 adam_lr:3.125e-05
Epoch: 279	TL: 9.660e-05	VL: 5.849e-04	 5.894e-04	 adam_lr:3.125e-05
Epoch: 280	TL: 9.812e-05	VL: 5.840e-04	 5.889e-04	 adam_lr:3.125e-05
Epoch: 281	TL: 9.778e-05	VL: 5.762e-04	 5.876e-04	 adam_lr:3.125e-05
Epoch: 282	TL: 8.520e-05	VL: 5.672e-04	 5.856e-04	 adam_lr:1.5625e-05
Epoch: 283	TL: 8.532e-05	VL: 5.690e-04	 5.839e-04	 adam_lr:1.5625e-05
Epoch: 284	TL: 8.545e-05	VL: 5.890e-04	 5.844e-04	 adam_lr:1.5625e-05
Epoch: 285	TL: 8.666e-05	VL: 5.716e-04	 5.831e-04	 adam_lr:1.5625e-05
Epoch: 286	TL: 8.573e-05	VL: 5.664e-04	 5.815e-04	 adam_lr:1.5625e-05
Epoch: 287	TL: 8.629e-05	VL: 5.721e-04	 5.805e-04	 adam_lr:1.5625e-05
Epoch: 288	TL: 8.579e-05	VL: 5.684e-04	 5.793e-04	 adam_lr:1.5625e-05
Epoch: 289	TL: 8.483e-05	VL: 5.688e-04	 5.783e-04	 adam_lr:1.5625e-05
Epoch: 290	TL: 8.469e-05	VL: 5.715e-04	 5.776e-04	 adam_lr:1.5625e-05
Epoch: 291	TL: 8.399e-05	VL: 5.741e-04	 5.772e-04	 adam_lr:1.5625e-05
Epoch: 292	TL: 8.523e-05	VL: 5.723e-04	 5.767e-04	 adam_lr:1.5625e-05
Epoch: 293	TL: 8.549e-05	VL: 5.643e-04	 5.755e-04	 adam_lr:1.5625e-05
Epoch: 294	TL: 8.559e-05	VL: 5.652e-04	 5.745e-04	 adam_lr:1.5625e-05
Epoch: 295	TL: 8.481e-05	VL: 5.686e-04	 5.739e-04	 adam_lr:1.5625e-05
Epoch: 296	TL: 8.429e-05	VL: 5.678e-04	 5.733e-04	 adam_lr:1.5625e-05
Epoch: 297	TL: 8.483e-05	VL: 5.671e-04	 5.727e-04	 adam_lr:1.5625e-05
Epoch: 298	TL: 8.459e-05	VL: 5.705e-04	 5.724e-04	 adam_lr:1.5625e-05
Epoch: 299	TL: 8.459e-05	VL: 5.678e-04	 5.720e-04	 adam_lr:1.5625e-05
Epoch: 300	TL: 8.474e-05	VL: 5.666e-04	 5.714e-04	 adam_lr:1.5625e-05
Epoch: 301	TL: 8.417e-05	VL: 5.669e-04	 5.710e-04	 adam_lr:1.5625e-05
Epoch: 302	TL: 8.553e-05	VL: 5.690e-04	 5.708e-04	 adam_lr:1.5625e-05
Epoch: 303	TL: 8.388e-05	VL: 5.669e-04	 5.704e-04	 adam_lr:1.5625e-05
Epoch: 304	TL: 8.404e-05	VL: 5.699e-04	 5.703e-04	 adam_lr:1.5625e-05
Epoch: 305	TL: 8.385e-05	VL: 5.621e-04	 5.695e-04	 adam_lr:1.5625e-05
Epoch: 306	TL: 8.348e-05	VL: 5.677e-04	 5.693e-04	 adam_lr:1.5625e-05
Epoch: 307	TL: 8.397e-05	VL: 5.645e-04	 5.689e-04	 adam_lr:1.5625e-05
Epoch: 308	TL: 8.286e-05	VL: 5.604e-04	 5.680e-04	 adam_lr:1.5625e-05
Epoch: 309	TL: 8.372e-05	VL: 5.666e-04	 5.679e-04	 adam_lr:1.5625e-05
Epoch: 310	TL: 8.309e-05	VL: 5.632e-04	 5.674e-04	 adam_lr:1.5625e-05
Epoch: 311	TL: 8.320e-05	VL: 5.661e-04	 5.673e-04	 adam_lr:1.5625e-05
Epoch: 312	TL: 8.312e-05	VL: 5.622e-04	 5.668e-04	 adam_lr:1.5625e-05
Epoch: 313	TL: 8.320e-05	VL: 5.638e-04	 5.665e-04	 adam_lr:1.5625e-05
Epoch: 314	TL: 8.256e-05	VL: 5.714e-04	 5.670e-04	 adam_lr:1.5625e-05
Epoch: 315	TL: 8.286e-05	VL: 5.672e-04	 5.670e-04	 adam_lr:1.5625e-05
Epoch: 316	TL: 8.253e-05	VL: 5.617e-04	 5.665e-04	 adam_lr:1.5625e-05
Epoch: 317	TL: 8.362e-05	VL: 5.711e-04	 5.669e-04	 adam_lr:1.5625e-05
Epoch: 318	TL: 8.288e-05	VL: 5.649e-04	 5.667e-04	 adam_lr:1.5625e-05
Epoch: 319	TL: 8.313e-05	VL: 5.649e-04	 5.665e-04	 adam_lr:1.5625e-05
Epoch: 320	TL: 7.638e-05	VL: 5.565e-04	 5.655e-04	 adam_lr:7.8125e-06
Epoch: 321	TL: 7.673e-05	VL: 5.640e-04	 5.654e-04	 adam_lr:7.8125e-06
Epoch: 322	TL: 7.737e-05	VL: 5.623e-04	 5.651e-04	 adam_lr:7.8125e-06
Epoch: 323	TL: 7.719e-05	VL: 5.605e-04	 5.646e-04	 adam_lr:7.8125e-06
Epoch: 324	TL: 7.694e-05	VL: 5.580e-04	 5.640e-04	 adam_lr:7.8125e-06
Epoch: 325	TL: 7.710e-05	VL: 5.567e-04	 5.632e-04	 adam_lr:7.8125e-06
Epoch: 326	TL: 7.650e-05	VL: 5.533e-04	 5.622e-04	 adam_lr:7.8125e-06
Epoch: 327	TL: 7.717e-05	VL: 5.615e-04	 5.622e-04	 adam_lr:7.8125e-06
Epoch: 328	TL: 7.674e-05	VL: 5.571e-04	 5.617e-04	 adam_lr:7.8125e-06
Epoch: 329	TL: 7.638e-05	VL: 5.567e-04	 5.612e-04	 adam_lr:7.8125e-06
Epoch: 330	TL: 7.662e-05	VL: 5.530e-04	 5.603e-04	 adam_lr:7.8125e-06
Epoch: 331	TL: 7.701e-05	VL: 5.561e-04	 5.599e-04	 adam_lr:7.8125e-06
Epoch: 332	TL: 7.639e-05	VL: 5.612e-04	 5.601e-04	 adam_lr:7.8125e-06
Epoch: 333	TL: 7.666e-05	VL: 5.576e-04	 5.598e-04	 adam_lr:7.8125e-06
Epoch: 334	TL: 7.642e-05	VL: 5.589e-04	 5.597e-04	 adam_lr:7.8125e-06
Epoch: 335	TL: 7.710e-05	VL: 5.576e-04	 5.595e-04	 adam_lr:7.8125e-06
Epoch: 336	TL: 7.599e-05	VL: 5.536e-04	 5.589e-04	 adam_lr:7.8125e-06
Epoch: 337	TL: 7.628e-05	VL: 5.553e-04	 5.585e-04	 adam_lr:7.8125e-06
Epoch: 338	TL: 7.633e-05	VL: 5.568e-04	 5.584e-04	 adam_lr:7.8125e-06
Epoch: 339	TL: 7.654e-05	VL: 5.566e-04	 5.582e-04	 adam_lr:7.8125e-06
Epoch: 340	TL: 7.665e-05	VL: 5.621e-04	 5.586e-04	 adam_lr:7.8125e-06
Epoch: 341	TL: 7.627e-05	VL: 5.567e-04	 5.584e-04	 adam_lr:7.8125e-06
Epoch: 342	TL: 7.580e-05	VL: 5.560e-04	 5.582e-04	 adam_lr:7.8125e-06
Epoch: 343	TL: 7.622e-05	VL: 5.583e-04	 5.582e-04	 adam_lr:7.8125e-06
Epoch: 344	TL: 7.585e-05	VL: 5.543e-04	 5.578e-04	 adam_lr:7.8125e-06
Epoch: 345	TL: 7.588e-05	VL: 5.559e-04	 5.576e-04	 adam_lr:7.8125e-06
Epoch: 346	TL: 7.635e-05	VL: 5.542e-04	 5.573e-04	 adam_lr:7.8125e-06
Epoch: 347	TL: 7.624e-05	VL: 5.549e-04	 5.570e-04	 adam_lr:7.8125e-06
Epoch: 348	TL: 7.625e-05	VL: 5.546e-04	 5.568e-04	 adam_lr:7.8125e-06
Epoch: 349	TL: 7.565e-05	VL: 5.695e-04	 5.581e-04	 adam_lr:7.8125e-06
Epoch: 350	TL: 7.571e-05	VL: 5.544e-04	 5.577e-04	 adam_lr:7.8125e-06
Epoch: 351	TL: 7.606e-05	VL: 5.545e-04	 5.574e-04	 adam_lr:7.8125e-06
Epoch: 352	TL: 7.598e-05	VL: 5.543e-04	 5.571e-04	 adam_lr:7.8125e-06
Epoch: 353	TL: 7.588e-05	VL: 5.544e-04	 5.568e-04	 adam_lr:7.8125e-06
Epoch: 354	TL: 7.555e-05	VL: 5.545e-04	 5.566e-04	 adam_lr:7.8125e-06
Epoch: 355	TL: 7.584e-05	VL: 5.537e-04	 5.563e-04	 adam_lr:7.8125e-06
Epoch: 356	TL: 7.538e-05	VL: 5.550e-04	 5.562e-04	 adam_lr:7.8125e-06
Epoch: 357	TL: 7.540e-05	VL: 5.610e-04	 5.566e-04	 adam_lr:7.8125e-06
Epoch: 358	TL: 7.529e-05	VL: 5.540e-04	 5.564e-04	 adam_lr:7.8125e-06
Epoch: 359	TL: 7.540e-05	VL: 5.587e-04	 5.566e-04	 adam_lr:7.8125e-06
Epoch: 360	TL: 7.539e-05	VL: 5.542e-04	 5.564e-04	 adam_lr:7.8125e-06
Epoch: 361	TL: 7.493e-05	VL: 5.536e-04	 5.561e-04	 adam_lr:7.8125e-06
Epoch: 362	TL: 7.507e-05	VL: 5.591e-04	 5.564e-04	 adam_lr:7.8125e-06
Epoch: 363	TL: 7.255e-05	VL: 5.552e-04	 5.563e-04	 adam_lr:3.90625e-06
Epoch: 364	TL: 7.258e-05	VL: 5.513e-04	 5.558e-04	 adam_lr:3.90625e-06
Epoch: 365	TL: 7.229e-05	VL: 5.518e-04	 5.554e-04	 adam_lr:3.90625e-06
Epoch: 366	TL: 7.259e-05	VL: 5.530e-04	 5.551e-04	 adam_lr:3.90625e-06
Epoch: 367	TL: 7.235e-05	VL: 5.553e-04	 5.552e-04	 adam_lr:3.90625e-06
Epoch: 368	TL: 7.245e-05	VL: 5.545e-04	 5.551e-04	 adam_lr:3.90625e-06
Epoch: 369	TL: 7.225e-05	VL: 5.518e-04	 5.548e-04	 adam_lr:3.90625e-06
Epoch: 370	TL: 7.214e-05	VL: 5.513e-04	 5.544e-04	 adam_lr:3.90625e-06
Epoch: 371	TL: 7.234e-05	VL: 5.545e-04	 5.544e-04	 adam_lr:3.90625e-06
Epoch: 372	TL: 7.236e-05	VL: 5.520e-04	 5.542e-04	 adam_lr:3.90625e-06
Epoch: 373	TL: 7.225e-05	VL: 5.514e-04	 5.539e-04	 adam_lr:3.90625e-06
Epoch: 374	TL: 7.228e-05	VL: 5.514e-04	 5.537e-04	 adam_lr:3.90625e-06
Epoch: 375	TL: 7.228e-05	VL: 5.529e-04	 5.536e-04	 adam_lr:3.90625e-06
Epoch: 376	TL: 7.190e-05	VL: 5.503e-04	 5.533e-04	 adam_lr:3.90625e-06
Epoch: 377	TL: 7.221e-05	VL: 5.518e-04	 5.531e-04	 adam_lr:3.90625e-06
Epoch: 378	TL: 7.211e-05	VL: 5.510e-04	 5.529e-04	 adam_lr:3.90625e-06
Epoch: 379	TL: 7.204e-05	VL: 5.541e-04	 5.530e-04	 adam_lr:3.90625e-06
Epoch: 380	TL: 7.216e-05	VL: 5.537e-04	 5.531e-04	 adam_lr:3.90625e-06
Epoch: 381	TL: 7.200e-05	VL: 5.512e-04	 5.529e-04	 adam_lr:3.90625e-06
Epoch: 382	TL: 7.200e-05	VL: 5.547e-04	 5.531e-04	 adam_lr:3.90625e-06
Epoch: 383	TL: 7.180e-05	VL: 5.521e-04	 5.530e-04	 adam_lr:3.90625e-06
Epoch: 384	TL: 7.191e-05	VL: 5.518e-04	 5.529e-04	 adam_lr:3.90625e-06
Epoch: 385	TL: 7.041e-05	VL: 5.498e-04	 5.526e-04	 adam_lr:1.953125e-06
Epoch: 386	TL: 7.032e-05	VL: 5.509e-04	 5.524e-04	 adam_lr:1.953125e-06
Epoch: 387	TL: 7.023e-05	VL: 5.511e-04	 5.523e-04	 adam_lr:1.953125e-06
Epoch: 388	TL: 7.036e-05	VL: 5.495e-04	 5.520e-04	 adam_lr:1.953125e-06
Epoch: 389	TL: 7.038e-05	VL: 5.497e-04	 5.518e-04	 adam_lr:1.953125e-06
Epoch: 390	TL: 7.039e-05	VL: 5.503e-04	 5.516e-04	 adam_lr:1.953125e-06
Epoch: 391	TL: 7.030e-05	VL: 5.539e-04	 5.518e-04	 adam_lr:1.953125e-06
Epoch: 392	TL: 7.036e-05	VL: 5.489e-04	 5.516e-04	 adam_lr:1.953125e-06
Epoch: 393	TL: 7.044e-05	VL: 5.522e-04	 5.516e-04	 adam_lr:1.953125e-06
Epoch: 394	TL: 7.017e-05	VL: 5.495e-04	 5.514e-04	 adam_lr:1.953125e-06
Epoch: 395	TL: 7.038e-05	VL: 5.506e-04	 5.513e-04	 adam_lr:1.953125e-06
Epoch: 396	TL: 7.025e-05	VL: 5.513e-04	 5.513e-04	 adam_lr:1.953125e-06
Epoch: 397	TL: 7.036e-05	VL: 5.499e-04	 5.512e-04	 adam_lr:1.953125e-06
Epoch: 398	TL: 7.016e-05	VL: 5.509e-04	 5.512e-04	 adam_lr:1.953125e-06
Epoch: 399	TL: 7.022e-05	VL: 5.499e-04	 5.510e-04	 adam_lr:1.953125e-06
Epoch: 400	TL: 7.015e-05	VL: 5.520e-04	 5.511e-04	 adam_lr:1.953125e-06
Epoch: 401	TL: 7.028e-05	VL: 5.492e-04	 5.509e-04	 adam_lr:1.953125e-06
Epoch: 402	TL: 7.012e-05	VL: 5.492e-04	 5.508e-04	 adam_lr:1.953125e-06
Epoch: 403	TL: 7.013e-05	VL: 5.477e-04	 5.505e-04	 adam_lr:1.953125e-06
Epoch: 404	TL: 7.016e-05	VL: 5.491e-04	 5.503e-04	 adam_lr:1.953125e-06
Epoch: 405	TL: 7.023e-05	VL: 5.503e-04	 5.503e-04	 adam_lr:1.953125e-06
Epoch: 406	TL: 7.009e-05	VL: 5.508e-04	 5.504e-04	 adam_lr:1.953125e-06
Epoch: 407	TL: 7.024e-05	VL: 5.502e-04	 5.504e-04	 adam_lr:1.953125e-06
Epoch: 408	TL: 7.008e-05	VL: 5.488e-04	 5.502e-04	 adam_lr:1.953125e-06
Epoch: 409	TL: 7.004e-05	VL: 5.491e-04	 5.501e-04	 adam_lr:1.953125e-06
Epoch: 410	TL: 7.008e-05	VL: 5.501e-04	 5.501e-04	 adam_lr:1.953125e-06
Epoch: 411	TL: 7.006e-05	VL: 5.497e-04	 5.501e-04	 adam_lr:1.953125e-06
Epoch: 412	TL: 7.003e-05	VL: 5.506e-04	 5.501e-04	 adam_lr:1.953125e-06
Epoch: 413	TL: 7.001e-05	VL: 5.499e-04	 5.501e-04	 adam_lr:1.953125e-06
Epoch: 414	TL: 7.007e-05	VL: 5.497e-04	 5.500e-04	 adam_lr:1.953125e-06
Epoch: 415	TL: 6.997e-05	VL: 5.502e-04	 5.501e-04	 adam_lr:1.953125e-06
Epoch: 416	TL: 6.922e-05	VL: 5.492e-04	 5.500e-04	 adam_lr:9.765625e-07
Epoch: 417	TL: 6.918e-05	VL: 5.484e-04	 5.498e-04	 adam_lr:9.765625e-07
Epoch: 418	TL: 6.923e-05	VL: 5.493e-04	 5.498e-04	 adam_lr:9.765625e-07
Epoch: 419	TL: 6.926e-05	VL: 5.489e-04	 5.497e-04	 adam_lr:9.765625e-07
Epoch: 420	TL: 6.910e-05	VL: 5.501e-04	 5.497e-04	 adam_lr:9.765625e-07
Epoch: 421	TL: 6.903e-05	VL: 5.488e-04	 5.496e-04	 adam_lr:9.765625e-07
Epoch: 422	TL: 6.920e-05	VL: 5.483e-04	 5.495e-04	 adam_lr:9.765625e-07
Epoch: 423	TL: 6.912e-05	VL: 5.489e-04	 5.494e-04	 adam_lr:9.765625e-07
Epoch: 424	TL: 6.906e-05	VL: 5.496e-04	 5.495e-04	 adam_lr:9.765625e-07
Epoch: 425	TL: 6.914e-05	VL: 5.493e-04	 5.494e-04	 adam_lr:9.765625e-07
Epoch: 426	TL: 6.911e-05	VL: 5.495e-04	 5.494e-04	 adam_lr:9.765625e-07
Epoch: 427	TL: 6.915e-05	VL: 5.487e-04	 5.494e-04	 adam_lr:9.765625e-07
Epoch: 428	TL: 6.906e-05	VL: 5.487e-04	 5.493e-04	 adam_lr:9.765625e-07
Epoch: 429	TL: 6.909e-05	VL: 5.489e-04	 5.493e-04	 adam_lr:9.765625e-07
Epoch: 430	TL: 6.914e-05	VL: 5.475e-04	 5.491e-04	 adam_lr:9.765625e-07
Epoch: 431	TL: 6.914e-05	VL: 5.484e-04	 5.490e-04	 adam_lr:9.765625e-07
Epoch: 432	TL: 6.901e-05	VL: 5.510e-04	 5.492e-04	 adam_lr:9.765625e-07
Epoch: 433	TL: 6.901e-05	VL: 5.477e-04	 5.491e-04	 adam_lr:9.765625e-07
Epoch: 434	TL: 6.913e-05	VL: 5.498e-04	 5.491e-04	 adam_lr:9.765625e-07
Epoch: 435	TL: 6.912e-05	VL: 5.480e-04	 5.490e-04	 adam_lr:9.765625e-07
Epoch: 436	TL: 6.903e-05	VL: 5.492e-04	 5.490e-04	 adam_lr:9.765625e-07
Epoch: 437	TL: 6.904e-05	VL: 5.479e-04	 5.489e-04	 adam_lr:9.765625e-07
Epoch: 438	TL: 6.905e-05	VL: 5.484e-04	 5.489e-04	 adam_lr:9.765625e-07
Epoch: 439	TL: 6.907e-05	VL: 5.488e-04	 5.489e-04	 adam_lr:9.765625e-07
Epoch: 440	TL: 6.901e-05	VL: 5.507e-04	 5.491e-04	 adam_lr:9.765625e-07
Epoch: 441	TL: 6.901e-05	VL: 5.496e-04	 5.491e-04	 adam_lr:9.765625e-07
Epoch: 442	TL: 6.904e-05	VL: 5.481e-04	 5.490e-04	 adam_lr:9.765625e-07
Epoch: 443	TL: 6.900e-05	VL: 5.489e-04	 5.490e-04	 adam_lr:9.765625e-07
Epoch: 444	TL: 6.897e-05	VL: 5.476e-04	 5.488e-04	 adam_lr:9.765625e-07
Epoch: 445	TL: 6.911e-05	VL: 5.487e-04	 5.488e-04	 adam_lr:9.765625e-07
Epoch: 446	TL: 6.861e-05	VL: 5.485e-04	 5.488e-04	 adam_lr:4.8828125e-07
Epoch: 447	TL: 6.847e-05	VL: 5.480e-04	 5.487e-04	 adam_lr:4.8828125e-07
Epoch: 448	TL: 6.849e-05	VL: 5.475e-04	 5.486e-04	 adam_lr:4.8828125e-07
Epoch: 449	TL: 6.858e-05	VL: 5.484e-04	 5.486e-04	 adam_lr:4.8828125e-07
Epoch: 450	TL: 6.859e-05	VL: 5.476e-04	 5.485e-04	 adam_lr:4.8828125e-07
Epoch: 451	TL: 6.851e-05	VL: 5.483e-04	 5.485e-04	 adam_lr:4.8828125e-07
Epoch: 452	TL: 6.858e-05	VL: 5.478e-04	 5.484e-04	 adam_lr:4.8828125e-07
Epoch: 453	TL: 6.855e-05	VL: 5.472e-04	 5.483e-04	 adam_lr:4.8828125e-07
Epoch: 454	TL: 6.861e-05	VL: 5.484e-04	 5.483e-04	 adam_lr:4.8828125e-07
Epoch: 455	TL: 6.852e-05	VL: 5.471e-04	 5.482e-04	 adam_lr:4.8828125e-07
Epoch: 456	TL: 6.850e-05	VL: 5.478e-04	 5.481e-04	 adam_lr:4.8828125e-07
Epoch: 457	TL: 6.856e-05	VL: 5.484e-04	 5.482e-04	 adam_lr:4.8828125e-07
Epoch: 458	TL: 6.846e-05	VL: 5.477e-04	 5.481e-04	 adam_lr:4.8828125e-07
Epoch: 459	TL: 6.858e-05	VL: 5.477e-04	 5.481e-04	 adam_lr:4.8828125e-07
Epoch: 460	TL: 6.847e-05	VL: 5.483e-04	 5.481e-04	 adam_lr:4.8828125e-07
Epoch: 461	TL: 6.844e-05	VL: 5.473e-04	 5.480e-04	 adam_lr:4.8828125e-07
Epoch: 462	TL: 6.852e-05	VL: 5.478e-04	 5.480e-04	 adam_lr:4.8828125e-07
Epoch: 463	TL: 6.850e-05	VL: 5.491e-04	 5.481e-04	 adam_lr:4.8828125e-07
Epoch: 464	TL: 6.857e-05	VL: 5.471e-04	 5.480e-04	 adam_lr:4.8828125e-07
Epoch: 465	TL: 6.855e-05	VL: 5.471e-04	 5.479e-04	 adam_lr:4.8828125e-07
Epoch: 466	TL: 6.853e-05	VL: 5.471e-04	 5.478e-04	 adam_lr:4.8828125e-07
Epoch: 467	TL: 6.846e-05	VL: 5.466e-04	 5.477e-04	 adam_lr:4.8828125e-07
Epoch: 468	TL: 6.847e-05	VL: 5.471e-04	 5.476e-04	 adam_lr:4.8828125e-07
Epoch: 469	TL: 6.845e-05	VL: 5.469e-04	 5.476e-04	 adam_lr:4.8828125e-07
Epoch: 470	TL: 6.847e-05	VL: 5.478e-04	 5.476e-04	 adam_lr:4.8828125e-07
Epoch: 471	TL: 6.848e-05	VL: 5.484e-04	 5.477e-04	 adam_lr:4.8828125e-07
Epoch: 472	TL: 6.852e-05	VL: 5.477e-04	 5.477e-04	 adam_lr:4.8828125e-07
Epoch: 473	TL: 6.847e-05	VL: 5.478e-04	 5.477e-04	 adam_lr:4.8828125e-07
Epoch: 474	TL: 6.845e-05	VL: 5.465e-04	 5.476e-04	 adam_lr:4.8828125e-07
Epoch: 475	TL: 6.849e-05	VL: 5.481e-04	 5.476e-04	 adam_lr:4.8828125e-07
Epoch: 476	TL: 6.823e-05	VL: 5.472e-04	 5.476e-04	 adam_lr:2.44140625e-07
Epoch: 477	TL: 6.820e-05	VL: 5.461e-04	 5.474e-04	 adam_lr:2.44140625e-07
Epoch: 478	TL: 6.823e-05	VL: 5.472e-04	 5.474e-04	 adam_lr:2.44140625e-07
Epoch: 479	TL: 6.821e-05	VL: 5.478e-04	 5.475e-04	 adam_lr:2.44140625e-07
Epoch: 480	TL: 6.823e-05	VL: 5.474e-04	 5.474e-04	 adam_lr:2.44140625e-07
Epoch: 481	TL: 6.822e-05	VL: 5.472e-04	 5.474e-04	 adam_lr:2.44140625e-07
Epoch: 482	TL: 6.823e-05	VL: 5.469e-04	 5.474e-04	 adam_lr:2.44140625e-07
Epoch: 483	TL: 6.824e-05	VL: 5.476e-04	 5.474e-04	 adam_lr:2.44140625e-07
Epoch: 484	TL: 6.821e-05	VL: 5.473e-04	 5.474e-04	 adam_lr:2.44140625e-07
Epoch: 485	TL: 6.823e-05	VL: 5.473e-04	 5.474e-04	 adam_lr:2.44140625e-07
Epoch: 486	TL: 6.819e-05	VL: 5.469e-04	 5.473e-04	 adam_lr:2.44140625e-07
Epoch: 487	TL: 6.818e-05	VL: 5.476e-04	 5.473e-04	 adam_lr:2.44140625e-07
Epoch: 488	TL: 6.818e-05	VL: 5.474e-04	 5.473e-04	 adam_lr:2.44140625e-07
Epoch: 489	TL: 6.809e-05	VL: 5.469e-04	 5.473e-04	 adam_lr:1.220703125e-07
Epoch: 490	TL: 6.803e-05	VL: 5.468e-04	 5.473e-04	 adam_lr:1.220703125e-07
Epoch: 491	TL: 6.801e-05	VL: 5.476e-04	 5.473e-04	 adam_lr:1.220703125e-07
Epoch: 492	TL: 6.802e-05	VL: 5.477e-04	 5.473e-04	 adam_lr:1.220703125e-07
Epoch: 493	TL: 6.808e-05	VL: 5.475e-04	 5.473e-04	 adam_lr:1.220703125e-07
Epoch: 494	TL: 6.803e-05	VL: 5.474e-04	 5.473e-04	 adam_lr:1.220703125e-07
Epoch: 495	TL: 6.806e-05	VL: 5.466e-04	 5.473e-04	 adam_lr:1.220703125e-07
Epoch: 496	TL: 6.796e-05	VL: 5.468e-04	 5.472e-04	 adam_lr:6.103515625e-08
Epoch: 497	TL: 6.797e-05	VL: 5.472e-04	 5.472e-04	 adam_lr:6.103515625e-08
Epoch: 498	TL: 6.800e-05	VL: 5.476e-04	 5.473e-04	 adam_lr:6.103515625e-08
Epoch: 499	TL: 6.798e-05	VL: 5.470e-04	 5.472e-04	 adam_lr:6.103515625e-08
Epoch: 500	TL: 6.791e-05	VL: 5.473e-04	 5.472e-04	 adam_lr:6.103515625e-08
Epoch: 501	TL: 6.798e-05	VL: 5.476e-04	 5.473e-04	 adam_lr:6.103515625e-08
Epoch: 502	TL: 6.797e-05	VL: 5.471e-04	 5.473e-04	 adam_lr:6.103515625e-08
Epoch: 503	TL: 6.792e-05	VL: 5.473e-04	 5.473e-04	 adam_lr:3.0517578125e-08
Epoch: 504	TL: 6.793e-05	VL: 5.469e-04	 5.472e-04	 adam_lr:3.0517578125e-08
Epoch: 505	TL: 6.789e-05	VL: 5.472e-04	 5.472e-04	 adam_lr:3.0517578125e-08
Epoch: 506	TL: 6.797e-05	VL: 5.476e-04	 5.473e-04	 adam_lr:3.0517578125e-08
Epoch: 507	TL: 6.791e-05	VL: 5.473e-04	 5.473e-04	 adam_lr:3.0517578125e-08
Epoch: 508	TL: 6.793e-05	VL: 5.471e-04	 5.472e-04	 adam_lr:3.0517578125e-08
Epoch: 509	TL: 6.793e-05	VL: 5.475e-04	 5.473e-04	 adam_lr:1.52587890625e-08
Epoch: 510	TL: 6.790e-05	VL: 5.474e-04	 5.473e-04	 adam_lr:1.52587890625e-08
Epoch: 511	TL: 6.789e-05	VL: 5.473e-04	 5.473e-04	 adam_lr:1.52587890625e-08
Epoch: 512	TL: 6.787e-05	VL: 5.474e-04	 5.473e-04	 adam_lr:1.52587890625e-08
Epoch: 513	TL: 6.789e-05	VL: 5.476e-04	 5.473e-04	 adam_lr:1.52587890625e-08
Epoch: 514	TL: 6.788e-05	VL: 5.474e-04	 5.473e-04	 adam_lr:1.52587890625e-08
Epoch: 515	TL: 6.793e-05	VL: 5.473e-04	 5.473e-04	 adam_lr:1.52587890625e-08
Epoch: 516	TL: 6.787e-05	VL: 5.472e-04	 5.473e-04	 adam_lr:1.52587890625e-08
Epoch: 517	TL: 6.792e-05	VL: 5.475e-04	 5.473e-04	 adam_lr:1.52587890625e-08
Epoch: 518	TL: 6.786e-05	VL: 5.474e-04	 5.473e-04	 adam_lr:1.52587890625e-08
Epoch: 519	TL: 6.788e-05	VL: 5.475e-04	 5.474e-04	 adam_lr:1.52587890625e-08
Epoch: 520	TL: 6.791e-05	VL: 5.477e-04	 5.474e-04	 adam_lr:1.52587890625e-08
Epoch: 521	TL: 6.787e-05	VL: 5.476e-04	 5.474e-04	 adam_lr:1.52587890625e-08
Epoch: 522	TL: 6.788e-05	VL: 5.473e-04	 5.474e-04	 adam_lr:1.52587890625e-08
Epoch: 523	TL: 6.788e-05	VL: 5.477e-04	 5.474e-04	 adam_lr:1.52587890625e-08
Epoch: 524	TL: 6.790e-05	VL: 5.476e-04	 5.474e-04	 adam_lr:1.52587890625e-08
Epoch: 525	TL: 6.791e-05	VL: 5.476e-04	 5.475e-04	 adam_lr:1.52587890625e-08
Epoch: 526	TL: 6.790e-05	VL: 5.478e-04	 5.475e-04	 adam_lr:1.52587890625e-08
Epoch: 527	TL: 6.788e-05	VL: 5.471e-04	 5.475e-04	 adam_lr:1.52587890625e-08
Epoch: 528	TL: 6.789e-05	VL: 5.474e-04	 5.474e-04	 adam_lr:1.52587890625e-08
Epoch: 529	TL: 6.788e-05	VL: 5.472e-04	 5.474e-04	 adam_lr:1.52587890625e-08
Epoch: 530	TL: 6.791e-05	VL: 5.476e-04	 5.474e-04	 adam_lr:1.52587890625e-08
Epoch: 531	TL: 6.789e-05	VL: 5.475e-04	 5.474e-04	 adam_lr:1.52587890625e-08
Epoch: 532	TL: 6.787e-05	VL: 5.473e-04	 5.474e-04	 adam_lr:1.52587890625e-08
Epoch: 533	TL: 6.787e-05	VL: 5.473e-04	 5.474e-04	 adam_lr:1.52587890625e-08
Early stopping triggered after 534 epochs.
Test MAE: 11.491
