Wed Dec  4 10:39:09 2024       
+-----------------------------------------------------------------------------------------+
| NVIDIA-SMI 565.57.01              Driver Version: 565.57.01      CUDA Version: 12.7     |
|-----------------------------------------+------------------------+----------------------+
| GPU  Name                 Persistence-M | Bus-Id          Disp.A | Volatile Uncorr. ECC |
| Fan  Temp   Perf          Pwr:Usage/Cap |           Memory-Usage | GPU-Util  Compute M. |
|                                         |                        |               MIG M. |
|=========================================+========================+======================|
|   0  Tesla V100-SXM2-32GB           On  |   00000000:16:00.0 Off |                    0 |
| N/A   43C    P0             46W /  300W |       1MiB /  32768MiB |      0%   E. Process |
|                                         |                        |                  N/A |
+-----------------------------------------+------------------------+----------------------+
                                                                                         
+-----------------------------------------------------------------------------------------+
| Processes:                                                                              |
|  GPU   GI   CI        PID   Type   Process name                              GPU Memory |
|        ID   ID                                                               Usage      |
|=========================================================================================|
|  No running processes found                                                             |
+-----------------------------------------------------------------------------------------+
cuda
Tesla V100-SXM2-32GB
Epoch: 1	TL: 2.689e-01	VL: 5.221e-02	LR:0.0005
Epoch: 2	TL: 3.543e-02	VL: 1.873e-02	LR:0.0005
Epoch: 3	TL: 2.024e-02	VL: 1.563e-02	LR:0.0005
Epoch: 4	TL: 1.435e-02	VL: 9.013e-03	LR:0.0005
Epoch: 5	TL: 1.248e-02	VL: 1.224e-02	LR:0.0005
Epoch: 6	TL: 1.169e-02	VL: 7.758e-03	LR:0.0005
Epoch: 7	TL: 9.928e-03	VL: 8.178e-03	LR:0.0005
Epoch: 8	TL: 9.627e-03	VL: 7.355e-03	LR:0.0005
Epoch: 9	TL: 8.260e-03	VL: 1.138e-02	LR:0.0005
Epoch: 10	TL: 7.225e-03	VL: 6.535e-03	LR:0.0005
Epoch: 11	TL: 6.955e-03	VL: 4.747e-03	LR:0.0005
Epoch: 12	TL: 6.874e-03	VL: 7.945e-03	LR:0.0005
Epoch: 13	TL: 5.859e-03	VL: 6.542e-03	LR:0.0005
Epoch: 14	TL: 6.089e-03	VL: 5.345e-03	LR:0.0005
Epoch: 15	TL: 5.237e-03	VL: 7.501e-03	LR:0.0005
Epoch: 16	TL: 5.098e-03	VL: 5.015e-03	LR:0.0005
Epoch: 17	TL: 5.000e-03	VL: 6.640e-03	LR:0.0005
Epoch: 18	TL: 4.470e-03	VL: 4.847e-03	LR:0.0005
Epoch: 19	TL: 4.178e-03	VL: 3.080e-03	LR:0.0005
Epoch: 20	TL: 3.924e-03	VL: 6.607e-03	LR:0.0005
Epoch: 21	TL: 4.224e-03	VL: 4.229e-03	LR:0.0005
Epoch: 22	TL: 3.971e-03	VL: 2.574e-03	LR:0.0005
Epoch: 23	TL: 3.846e-03	VL: 3.921e-03	LR:0.0005
Epoch: 24	TL: 3.393e-03	VL: 3.493e-03	LR:0.0005
Epoch: 25	TL: 3.645e-03	VL: 2.985e-03	LR:0.0005
Epoch: 26	TL: 3.342e-03	VL: 8.241e-03	LR:0.0005
Epoch: 27	TL: 3.096e-03	VL: 3.397e-03	LR:0.0005
Epoch: 28	TL: 3.128e-03	VL: 2.671e-03	LR:0.0005
Epoch: 29	TL: 3.242e-03	VL: 2.305e-03	LR:0.0005
Epoch: 30	TL: 2.757e-03	VL: 3.829e-03	LR:0.0005
Epoch: 31	TL: 3.003e-03	VL: 2.941e-03	LR:0.0005
Epoch: 32	TL: 2.949e-03	VL: 2.667e-03	LR:0.0005
Epoch: 33	TL: 2.758e-03	VL: 3.230e-03	LR:0.0005
Epoch: 34	TL: 2.470e-03	VL: 2.442e-03	LR:0.0005
Epoch: 35	TL: 2.537e-03	VL: 4.857e-03	LR:0.0005
Epoch: 36	TL: 2.460e-03	VL: 2.256e-03	LR:0.0005
Epoch: 37	TL: 2.787e-03	VL: 3.311e-03	LR:0.0005
Epoch: 38	TL: 2.316e-03	VL: 2.648e-03	LR:0.0005
Epoch: 39	TL: 2.380e-03	VL: 2.823e-03	LR:0.0005
Epoch: 40	TL: 2.272e-03	VL: 2.265e-03	LR:0.0005
Epoch: 41	TL: 2.284e-03	VL: 2.055e-03	LR:0.0005
Epoch: 42	TL: 2.220e-03	VL: 2.072e-03	LR:0.0005
Epoch: 43	TL: 2.279e-03	VL: 4.732e-03	LR:0.0005
Epoch: 44	TL: 2.219e-03	VL: 2.304e-03	LR:0.0005
Epoch: 45	TL: 2.107e-03	VL: 1.960e-03	LR:0.0005
Epoch: 46	TL: 1.894e-03	VL: 1.865e-03	LR:0.0005
Epoch: 47	TL: 2.112e-03	VL: 1.535e-03	LR:0.0005
Epoch: 48	TL: 1.948e-03	VL: 1.522e-03	LR:0.0005
Epoch: 49	TL: 1.925e-03	VL: 1.694e-03	LR:0.0005
Epoch: 50	TL: 1.823e-03	VL: 1.901e-03	LR:0.0005
Epoch: 51	TL: 1.849e-03	VL: 2.097e-03	LR:0.0005
Epoch: 52	TL: 1.850e-03	VL: 2.258e-03	LR:0.0005
Epoch: 53	TL: 1.766e-03	VL: 4.091e-03	LR:0.0005
Epoch: 54	TL: 1.832e-03	VL: 1.524e-03	LR:0.0005
Epoch: 55	TL: 1.793e-03	VL: 2.368e-03	LR:0.0005
Epoch: 56	TL: 1.758e-03	VL: 1.459e-03	LR:0.0005
Epoch: 57	TL: 1.863e-03	VL: 1.627e-03	LR:0.0005
Epoch: 58	TL: 1.509e-03	VL: 2.005e-03	LR:0.0005
Epoch: 59	TL: 1.731e-03	VL: 2.412e-03	LR:0.0005
Epoch: 60	TL: 1.698e-03	VL: 1.864e-03	LR:0.0005
Epoch: 61	TL: 1.465e-03	VL: 1.626e-03	LR:0.0005
Epoch: 62	TL: 1.599e-03	VL: 3.013e-03	LR:0.0005
Epoch: 63	TL: 1.677e-03	VL: 2.054e-03	LR:0.0005
Epoch: 64	TL: 1.514e-03	VL: 1.642e-03	LR:0.0005
Epoch: 65	TL: 1.656e-03	VL: 2.214e-03	LR:0.0005
Epoch: 66	TL: 1.896e-03	VL: 2.816e-03	LR:0.0005
Epoch: 67	TL: 1.569e-03	VL: 1.631e-03	LR:0.0005
Epoch: 68	TL: 1.567e-03	VL: 1.688e-03	LR:0.0005
Epoch: 69	TL: 1.496e-03	VL: 1.741e-03	LR:0.0005
Epoch: 70	TL: 1.396e-03	VL: 1.772e-03	LR:0.0005
Epoch: 71	TL: 1.443e-03	VL: 1.350e-03	LR:0.0005
Epoch: 72	TL: 1.436e-03	VL: 1.968e-03	LR:0.0005
Epoch: 73	TL: 1.329e-03	VL: 1.590e-03	LR:0.0005
Epoch: 74	TL: 1.523e-03	VL: 1.380e-03	LR:0.0005
Epoch: 75	TL: 1.381e-03	VL: 1.612e-03	LR:0.0005
Epoch: 76	TL: 1.402e-03	VL: 1.504e-03	LR:0.0005
Epoch: 77	TL: 1.400e-03	VL: 1.286e-03	LR:0.0005
Epoch: 78	TL: 1.434e-03	VL: 1.524e-03	LR:0.0005
Epoch: 79	TL: 1.348e-03	VL: 1.941e-03	LR:0.0005
Epoch: 80	TL: 1.359e-03	VL: 2.374e-03	LR:0.0005
Epoch: 81	TL: 1.288e-03	VL: 1.473e-03	LR:0.0005
Epoch: 82	TL: 1.164e-03	VL: 1.719e-03	LR:0.0005
Epoch: 83	TL: 1.322e-03	VL: 1.539e-03	LR:0.0005
Epoch: 84	TL: 1.227e-03	VL: 1.226e-03	LR:0.0005
Epoch: 85	TL: 1.242e-03	VL: 1.264e-03	LR:0.0005
Epoch: 86	TL: 1.214e-03	VL: 1.625e-03	LR:0.0005
Epoch: 87	TL: 1.228e-03	VL: 1.189e-03	LR:0.0005
Epoch: 88	TL: 1.311e-03	VL: 1.320e-03	LR:0.0005
Epoch: 89	TL: 1.097e-03	VL: 1.926e-03	LR:0.0005
Epoch: 90	TL: 1.367e-03	VL: 1.454e-03	LR:0.0005
Epoch: 91	TL: 1.126e-03	VL: 2.205e-03	LR:0.0005
Epoch: 92	TL: 1.101e-03	VL: 1.079e-03	LR:0.0005
Epoch: 93	TL: 1.282e-03	VL: 1.579e-03	LR:0.0005
Epoch: 94	TL: 1.098e-03	VL: 1.098e-03	LR:0.0005
Epoch: 95	TL: 1.260e-03	VL: 2.006e-03	LR:0.0005
Epoch: 96	TL: 1.153e-03	VL: 1.415e-03	LR:0.0005
Epoch: 97	TL: 1.107e-03	VL: 1.655e-03	LR:0.0005
Epoch: 98	TL: 1.173e-03	VL: 1.618e-03	LR:0.0005
Epoch: 99	TL: 1.029e-03	VL: 1.249e-03	LR:0.0005
Epoch: 100	TL: 1.192e-03	VL: 1.328e-03	LR:0.0005
Epoch: 101	TL: 1.110e-03	VL: 1.258e-03	LR:0.0005
Epoch: 102	TL: 1.217e-03	VL: 1.363e-03	LR:0.0005
Epoch: 103	TL: 1.013e-03	VL: 1.693e-03	LR:0.0005
Epoch: 104	TL: 1.085e-03	VL: 1.151e-03	LR:0.0005
Epoch: 105	TL: 1.065e-03	VL: 1.614e-03	LR:0.0005
Epoch: 106	TL: 1.064e-03	VL: 1.248e-03	LR:0.0005
Epoch: 107	TL: 1.087e-03	VL: 2.440e-03	LR:0.0005
Epoch: 108	TL: 1.019e-03	VL: 1.460e-03	LR:0.0005
Epoch: 109	TL: 1.169e-03	VL: 3.917e-03	LR:0.0005
Epoch: 110	TL: 9.442e-04	VL: 3.464e-03	LR:0.0005
Epoch: 111	TL: 1.060e-03	VL: 1.340e-03	LR:0.0005
Epoch: 112	TL: 1.083e-03	VL: 3.365e-03	LR:0.00025
Epoch: 113	TL: 4.096e-04	VL: 8.473e-04	LR:0.00025
Epoch: 114	TL: 4.166e-04	VL: 8.764e-04	LR:0.00025
Epoch: 115	TL: 4.921e-04	VL: 1.217e-03	LR:0.00025
Epoch: 116	TL: 4.928e-04	VL: 8.841e-04	LR:0.00025
Epoch: 117	TL: 4.868e-04	VL: 2.043e-03	LR:0.00025
Epoch: 118	TL: 5.099e-04	VL: 1.150e-03	LR:0.000125
Epoch: 119	TL: 2.626e-04	VL: 7.645e-04	LR:0.000125
Epoch: 120	TL: 2.853e-04	VL: 8.306e-04	LR:0.000125
Epoch: 121	TL: 2.997e-04	VL: 8.141e-04	LR:0.000125
Epoch: 122	TL: 2.829e-04	VL: 7.893e-04	LR:0.000125
Epoch: 123	TL: 2.873e-04	VL: 8.001e-04	LR:0.000125
Epoch: 124	TL: 2.839e-04	VL: 7.722e-04	LR:0.000125
Epoch: 125	TL: 2.808e-04	VL: 7.583e-04	LR:0.000125
Epoch: 126	TL: 2.825e-04	VL: 7.823e-04	LR:0.000125
Epoch: 127	TL: 2.714e-04	VL: 7.836e-04	LR:0.000125
Epoch: 128	TL: 2.708e-04	VL: 7.371e-04	LR:0.000125
Epoch: 129	TL: 2.690e-04	VL: 7.840e-04	LR:0.000125
Epoch: 130	TL: 2.668e-04	VL: 7.704e-04	LR:0.000125
Epoch: 131	TL: 2.604e-04	VL: 7.545e-04	LR:0.000125
Epoch: 132	TL: 2.693e-04	VL: 7.644e-04	LR:0.000125
Epoch: 133	TL: 2.555e-04	VL: 7.827e-04	LR:0.000125
Epoch: 134	TL: 2.674e-04	VL: 7.227e-04	LR:0.000125
Epoch: 135	TL: 2.499e-04	VL: 7.400e-04	LR:0.000125
Epoch: 136	TL: 2.649e-04	VL: 7.671e-04	LR:0.000125
Epoch: 137	TL: 2.533e-04	VL: 7.293e-04	LR:0.000125
Epoch: 138	TL: 2.638e-04	VL: 7.284e-04	LR:0.000125
Epoch: 139	TL: 2.466e-04	VL: 7.296e-04	LR:0.000125
Epoch: 140	TL: 2.440e-04	VL: 7.047e-04	LR:0.000125
Epoch: 141	TL: 2.484e-04	VL: 7.749e-04	LR:0.000125
Epoch: 142	TL: 2.496e-04	VL: 7.030e-04	LR:0.000125
Epoch: 143	TL: 2.500e-04	VL: 7.488e-04	LR:0.000125
Epoch: 144	TL: 2.391e-04	VL: 7.497e-04	LR:0.000125
Epoch: 145	TL: 2.466e-04	VL: 7.924e-04	LR:0.000125
Epoch: 146	TL: 2.374e-04	VL: 7.152e-04	LR:0.000125
Epoch: 147	TL: 2.518e-04	VL: 7.338e-04	LR:0.000125
Epoch: 148	TL: 2.345e-04	VL: 7.504e-04	LR:0.000125
Epoch: 149	TL: 2.283e-04	VL: 7.495e-04	LR:0.000125
Epoch: 150	TL: 2.378e-04	VL: 7.797e-04	LR:0.000125
Epoch: 151	TL: 2.381e-04	VL: 7.068e-04	LR:0.000125
Epoch: 152	TL: 2.322e-04	VL: 7.434e-04	LR:0.000125
Epoch: 153	TL: 2.413e-04	VL: 7.265e-04	LR:0.000125
Epoch: 154	TL: 2.307e-04	VL: 7.278e-04	LR:0.000125
Epoch: 155	TL: 2.279e-04	VL: 7.023e-04	LR:0.000125
Epoch: 156	TL: 2.366e-04	VL: 8.131e-04	LR:0.000125
Epoch: 157	TL: 2.238e-04	VL: 6.857e-04	LR:0.000125
Epoch: 158	TL: 2.152e-04	VL: 6.880e-04	LR:0.000125
Epoch: 159	TL: 2.333e-04	VL: 7.634e-04	LR:0.000125
Epoch: 160	TL: 2.226e-04	VL: 6.838e-04	LR:0.000125
Epoch: 161	TL: 2.301e-04	VL: 7.087e-04	LR:0.000125
Epoch: 162	TL: 2.284e-04	VL: 7.304e-04	LR:0.000125
Epoch: 163	TL: 2.249e-04	VL: 7.063e-04	LR:0.000125
Epoch: 164	TL: 2.203e-04	VL: 7.180e-04	LR:0.000125
Epoch: 165	TL: 2.214e-04	VL: 7.138e-04	LR:0.000125
Epoch: 166	TL: 2.159e-04	VL: 7.730e-04	LR:0.000125
Epoch: 167	TL: 2.276e-04	VL: 7.120e-04	LR:0.000125
Epoch: 168	TL: 2.101e-04	VL: 6.891e-04	LR:0.000125
Epoch: 169	TL: 2.212e-04	VL: 7.469e-04	LR:0.000125
Epoch: 170	TL: 2.128e-04	VL: 7.175e-04	LR:0.000125
Epoch: 171	TL: 2.248e-04	VL: 7.132e-04	LR:0.000125
Epoch: 172	TL: 2.109e-04	VL: 6.897e-04	LR:0.000125
Epoch: 173	TL: 2.178e-04	VL: 7.164e-04	LR:0.000125
Epoch: 174	TL: 2.109e-04	VL: 7.623e-04	LR:0.000125
Epoch: 175	TL: 2.129e-04	VL: 7.213e-04	LR:0.000125
Epoch: 176	TL: 2.089e-04	VL: 8.041e-04	LR:0.000125
Epoch: 177	TL: 2.202e-04	VL: 7.058e-04	LR:0.000125
Epoch: 178	TL: 2.150e-04	VL: 8.035e-04	LR:0.000125
Epoch: 179	TL: 1.996e-04	VL: 7.033e-04	LR:6.25e-05
Epoch: 180	TL: 1.428e-04	VL: 6.488e-04	LR:6.25e-05
Epoch: 181	TL: 1.467e-04	VL: 6.359e-04	LR:6.25e-05
Epoch: 182	TL: 1.470e-04	VL: 6.412e-04	LR:6.25e-05
Epoch: 183	TL: 1.506e-04	VL: 6.438e-04	LR:6.25e-05
Epoch: 184	TL: 1.491e-04	VL: 6.459e-04	LR:6.25e-05
Epoch: 185	TL: 1.476e-04	VL: 6.594e-04	LR:6.25e-05
Epoch: 186	TL: 1.444e-04	VL: 6.433e-04	LR:6.25e-05
Epoch: 187	TL: 1.455e-04	VL: 6.865e-04	LR:6.25e-05
Epoch: 188	TL: 1.485e-04	VL: 6.440e-04	LR:6.25e-05
Epoch: 189	TL: 1.421e-04	VL: 6.539e-04	LR:6.25e-05
Epoch: 190	TL: 1.460e-04	VL: 7.030e-04	LR:6.25e-05
Epoch: 191	TL: 1.447e-04	VL: 6.573e-04	LR:6.25e-05
Epoch: 192	TL: 1.449e-04	VL: 6.350e-04	LR:6.25e-05
Epoch: 193	TL: 1.462e-04	VL: 6.615e-04	LR:6.25e-05
Epoch: 194	TL: 1.416e-04	VL: 6.604e-04	LR:6.25e-05
Epoch: 195	TL: 1.441e-04	VL: 6.430e-04	LR:6.25e-05
Epoch: 196	TL: 1.408e-04	VL: 6.790e-04	LR:6.25e-05
Epoch: 197	TL: 1.414e-04	VL: 6.333e-04	LR:6.25e-05
Epoch: 198	TL: 1.420e-04	VL: 6.498e-04	LR:6.25e-05
Epoch: 199	TL: 1.389e-04	VL: 6.393e-04	LR:6.25e-05
Epoch: 200	TL: 1.395e-04	VL: 6.427e-04	LR:6.25e-05
Epoch: 201	TL: 1.391e-04	VL: 6.285e-04	LR:6.25e-05
Epoch: 202	TL: 1.375e-04	VL: 6.354e-04	LR:6.25e-05
Epoch: 203	TL: 1.416e-04	VL: 6.177e-04	LR:6.25e-05
Epoch: 204	TL: 1.364e-04	VL: 6.235e-04	LR:6.25e-05
Epoch: 205	TL: 1.422e-04	VL: 6.439e-04	LR:6.25e-05
Epoch: 206	TL: 1.349e-04	VL: 6.610e-04	LR:6.25e-05
Epoch: 207	TL: 1.345e-04	VL: 6.457e-04	LR:6.25e-05
Epoch: 208	TL: 1.412e-04	VL: 6.323e-04	LR:6.25e-05
Epoch: 209	TL: 1.345e-04	VL: 6.171e-04	LR:6.25e-05
Epoch: 210	TL: 1.363e-04	VL: 6.362e-04	LR:6.25e-05
Epoch: 211	TL: 1.324e-04	VL: 6.656e-04	LR:6.25e-05
Epoch: 212	TL: 1.386e-04	VL: 6.370e-04	LR:6.25e-05
Epoch: 213	TL: 1.373e-04	VL: 6.610e-04	LR:6.25e-05
Epoch: 214	TL: 1.327e-04	VL: 6.217e-04	LR:6.25e-05
Epoch: 215	TL: 1.311e-04	VL: 6.349e-04	LR:6.25e-05
Epoch: 216	TL: 1.356e-04	VL: 6.440e-04	LR:6.25e-05
Epoch: 217	TL: 1.343e-04	VL: 6.261e-04	LR:6.25e-05
Epoch: 218	TL: 1.303e-04	VL: 6.970e-04	LR:6.25e-05
Epoch: 219	TL: 1.332e-04	VL: 6.300e-04	LR:6.25e-05
Epoch: 220	TL: 1.310e-04	VL: 6.225e-04	LR:6.25e-05
Epoch: 221	TL: 1.316e-04	VL: 6.132e-04	LR:6.25e-05
Epoch: 222	TL: 1.335e-04	VL: 6.333e-04	LR:6.25e-05
Epoch: 223	TL: 1.331e-04	VL: 6.220e-04	LR:6.25e-05
Epoch: 224	TL: 1.291e-04	VL: 6.265e-04	LR:6.25e-05
Epoch: 225	TL: 1.309e-04	VL: 6.265e-04	LR:6.25e-05
Epoch: 226	TL: 1.313e-04	VL: 6.254e-04	LR:6.25e-05
Epoch: 227	TL: 1.325e-04	VL: 6.135e-04	LR:6.25e-05
Epoch: 228	TL: 1.259e-04	VL: 6.403e-04	LR:6.25e-05
Epoch: 229	TL: 1.300e-04	VL: 6.436e-04	LR:6.25e-05
Epoch: 230	TL: 1.285e-04	VL: 6.465e-04	LR:6.25e-05
Epoch: 231	TL: 1.261e-04	VL: 6.391e-04	LR:6.25e-05
Epoch: 232	TL: 1.309e-04	VL: 6.288e-04	LR:6.25e-05
Epoch: 233	TL: 1.252e-04	VL: 6.244e-04	LR:3.125e-05
Epoch: 234	TL: 1.019e-04	VL: 6.040e-04	LR:3.125e-05
Epoch: 235	TL: 1.025e-04	VL: 6.396e-04	LR:3.125e-05
Epoch: 236	TL: 1.044e-04	VL: 6.055e-04	LR:3.125e-05
Epoch: 237	TL: 1.025e-04	VL: 6.288e-04	LR:3.125e-05
Epoch: 238	TL: 1.046e-04	VL: 5.995e-04	LR:3.125e-05
Epoch: 239	TL: 1.038e-04	VL: 5.993e-04	LR:3.125e-05
Epoch: 240	TL: 1.022e-04	VL: 5.982e-04	LR:3.125e-05
Epoch: 241	TL: 1.036e-04	VL: 6.209e-04	LR:3.125e-05
Epoch: 242	TL: 1.033e-04	VL: 6.159e-04	LR:3.125e-05
Epoch: 243	TL: 1.023e-04	VL: 6.046e-04	LR:3.125e-05
Epoch: 244	TL: 1.011e-04	VL: 6.015e-04	LR:3.125e-05
Epoch: 245	TL: 1.027e-04	VL: 6.147e-04	LR:3.125e-05
Epoch: 246	TL: 1.020e-04	VL: 5.940e-04	LR:3.125e-05
Epoch: 247	TL: 1.026e-04	VL: 6.039e-04	LR:3.125e-05
Epoch: 248	TL: 1.007e-04	VL: 6.020e-04	LR:3.125e-05
Epoch: 249	TL: 1.002e-04	VL: 6.006e-04	LR:3.125e-05
Epoch: 250	TL: 1.008e-04	VL: 6.110e-04	LR:3.125e-05
Epoch: 251	TL: 1.015e-04	VL: 6.113e-04	LR:3.125e-05
Epoch: 252	TL: 9.974e-05	VL: 6.189e-04	LR:3.125e-05
Epoch: 253	TL: 1.011e-04	VL: 6.081e-04	LR:3.125e-05
Epoch: 254	TL: 1.001e-04	VL: 5.996e-04	LR:3.125e-05
Epoch: 255	TL: 1.003e-04	VL: 5.914e-04	LR:3.125e-05
Epoch: 256	TL: 9.965e-05	VL: 5.963e-04	LR:3.125e-05
Epoch: 257	TL: 9.945e-05	VL: 6.077e-04	LR:3.125e-05
Epoch: 258	TL: 9.948e-05	VL: 6.029e-04	LR:3.125e-05
Epoch: 259	TL: 9.846e-05	VL: 6.142e-04	LR:3.125e-05
Epoch: 260	TL: 9.965e-05	VL: 6.008e-04	LR:3.125e-05
Epoch: 261	TL: 9.832e-05	VL: 6.183e-04	LR:3.125e-05
Epoch: 262	TL: 9.859e-05	VL: 5.966e-04	LR:3.125e-05
Epoch: 263	TL: 9.897e-05	VL: 6.049e-04	LR:3.125e-05
Epoch: 264	TL: 9.779e-05	VL: 6.019e-04	LR:3.125e-05
Epoch: 265	TL: 9.815e-05	VL: 6.042e-04	LR:3.125e-05
Epoch: 266	TL: 9.900e-05	VL: 5.966e-04	LR:3.125e-05
Epoch: 267	TL: 9.709e-05	VL: 5.984e-04	LR:3.125e-05
Epoch: 268	TL: 9.750e-05	VL: 6.008e-04	LR:3.125e-05
Epoch: 269	TL: 9.932e-05	VL: 5.978e-04	LR:3.125e-05
Epoch: 270	TL: 9.680e-05	VL: 5.943e-04	LR:3.125e-05
Epoch: 271	TL: 9.596e-05	VL: 5.997e-04	LR:3.125e-05
Epoch: 272	TL: 9.598e-05	VL: 5.842e-04	LR:3.125e-05
Epoch: 273	TL: 9.571e-05	VL: 5.996e-04	LR:3.125e-05
Epoch: 274	TL: 9.729e-05	VL: 5.839e-04	LR:3.125e-05
Epoch: 275	TL: 9.611e-05	VL: 5.958e-04	LR:3.125e-05
Epoch: 276	TL: 9.570e-05	VL: 6.184e-04	LR:3.125e-05
Epoch: 277	TL: 9.755e-05	VL: 6.405e-04	LR:3.125e-05
Epoch: 278	TL: 9.452e-05	VL: 5.936e-04	LR:3.125e-05
Epoch: 279	TL: 9.631e-05	VL: 5.999e-04	LR:3.125e-05
Epoch: 280	TL: 9.681e-05	VL: 5.916e-04	LR:3.125e-05
Epoch: 281	TL: 9.562e-05	VL: 5.917e-04	LR:1.5625e-05
Epoch: 282	TL: 8.447e-05	VL: 5.826e-04	LR:1.5625e-05
Epoch: 283	TL: 8.408e-05	VL: 5.846e-04	LR:1.5625e-05
Epoch: 284	TL: 8.434e-05	VL: 5.951e-04	LR:1.5625e-05
Epoch: 285	TL: 8.571e-05	VL: 5.864e-04	LR:1.5625e-05
Epoch: 286	TL: 8.463e-05	VL: 5.833e-04	LR:1.5625e-05
Epoch: 287	TL: 8.521e-05	VL: 5.906e-04	LR:1.5625e-05
Epoch: 288	TL: 8.486e-05	VL: 5.855e-04	LR:1.5625e-05
Epoch: 289	TL: 8.401e-05	VL: 5.834e-04	LR:1.5625e-05
Epoch: 290	TL: 8.383e-05	VL: 5.843e-04	LR:1.5625e-05
Epoch: 291	TL: 8.358e-05	VL: 5.890e-04	LR:1.5625e-05
Epoch: 292	TL: 8.441e-05	VL: 5.847e-04	LR:1.5625e-05
Epoch: 293	TL: 8.456e-05	VL: 5.804e-04	LR:1.5625e-05
Epoch: 294	TL: 8.464e-05	VL: 5.779e-04	LR:1.5625e-05
Epoch: 295	TL: 8.380e-05	VL: 5.806e-04	LR:1.5625e-05
Epoch: 296	TL: 8.318e-05	VL: 5.850e-04	LR:1.5625e-05
Epoch: 297	TL: 8.386e-05	VL: 5.948e-04	LR:1.5625e-05
Epoch: 298	TL: 8.374e-05	VL: 5.868e-04	LR:1.5625e-05
Epoch: 299	TL: 8.387e-05	VL: 5.838e-04	LR:1.5625e-05
Epoch: 300	TL: 8.359e-05	VL: 5.793e-04	LR:1.5625e-05
Epoch: 301	TL: 8.352e-05	VL: 5.781e-04	LR:1.5625e-05
Epoch: 302	TL: 8.406e-05	VL: 5.837e-04	LR:1.5625e-05
Epoch: 303	TL: 8.295e-05	VL: 5.806e-04	LR:1.5625e-05
Epoch: 304	TL: 8.334e-05	VL: 5.830e-04	LR:1.5625e-05
Epoch: 305	TL: 8.291e-05	VL: 5.771e-04	LR:1.5625e-05
Epoch: 306	TL: 8.227e-05	VL: 5.827e-04	LR:1.5625e-05
Epoch: 307	TL: 8.319e-05	VL: 5.827e-04	LR:1.5625e-05
Epoch: 308	TL: 8.215e-05	VL: 5.795e-04	LR:1.5625e-05
Epoch: 309	TL: 8.308e-05	VL: 5.842e-04	LR:1.5625e-05
Epoch: 310	TL: 8.199e-05	VL: 5.798e-04	LR:1.5625e-05
Epoch: 311	TL: 8.255e-05	VL: 5.799e-04	LR:1.5625e-05
Epoch: 312	TL: 8.186e-05	VL: 5.826e-04	LR:1.5625e-05
Epoch: 313	TL: 8.244e-05	VL: 5.812e-04	LR:1.5625e-05
Epoch: 314	TL: 8.202e-05	VL: 5.906e-04	LR:1.5625e-05
Epoch: 315	TL: 8.168e-05	VL: 5.880e-04	LR:1.5625e-05
Epoch: 316	TL: 8.174e-05	VL: 5.790e-04	LR:1.5625e-05
Epoch: 317	TL: 8.273e-05	VL: 5.937e-04	LR:1.5625e-05
Epoch: 318	TL: 8.183e-05	VL: 5.829e-04	LR:1.5625e-05
Epoch: 319	TL: 8.266e-05	VL: 5.801e-04	LR:7.8125e-06
Epoch: 320	TL: 7.561e-05	VL: 5.742e-04	LR:7.8125e-06
Epoch: 321	TL: 7.602e-05	VL: 5.857e-04	LR:7.8125e-06
Epoch: 322	TL: 7.645e-05	VL: 5.790e-04	LR:7.8125e-06
Epoch: 323	TL: 7.653e-05	VL: 5.762e-04	LR:7.8125e-06
Epoch: 324	TL: 7.633e-05	VL: 5.756e-04	LR:7.8125e-06
Epoch: 325	TL: 7.642e-05	VL: 5.762e-04	LR:7.8125e-06
Epoch: 326	TL: 7.584e-05	VL: 5.728e-04	LR:7.8125e-06
Epoch: 327	TL: 7.625e-05	VL: 5.768e-04	LR:7.8125e-06
Epoch: 328	TL: 7.626e-05	VL: 5.760e-04	LR:7.8125e-06
Epoch: 329	TL: 7.554e-05	VL: 5.750e-04	LR:7.8125e-06
Epoch: 330	TL: 7.599e-05	VL: 5.730e-04	LR:7.8125e-06
Epoch: 331	TL: 7.633e-05	VL: 5.764e-04	LR:7.8125e-06
Epoch: 332	TL: 7.565e-05	VL: 5.755e-04	LR:7.8125e-06
Epoch: 333	TL: 7.569e-05	VL: 5.735e-04	LR:7.8125e-06
Epoch: 334	TL: 7.588e-05	VL: 5.761e-04	LR:7.8125e-06
Epoch: 335	TL: 7.622e-05	VL: 5.766e-04	LR:7.8125e-06
Epoch: 336	TL: 7.532e-05	VL: 5.734e-04	LR:7.8125e-06
Epoch: 337	TL: 7.561e-05	VL: 5.725e-04	LR:7.8125e-06
Epoch: 338	TL: 7.610e-05	VL: 5.766e-04	LR:7.8125e-06
Epoch: 339	TL: 7.574e-05	VL: 5.728e-04	LR:7.8125e-06
Epoch: 340	TL: 7.546e-05	VL: 5.803e-04	LR:7.8125e-06
Epoch: 341	TL: 7.575e-05	VL: 5.755e-04	LR:7.8125e-06
Epoch: 342	TL: 7.536e-05	VL: 5.786e-04	LR:7.8125e-06
Epoch: 343	TL: 7.542e-05	VL: 5.760e-04	LR:7.8125e-06
Epoch: 344	TL: 7.516e-05	VL: 5.728e-04	LR:7.8125e-06
Epoch: 345	TL: 7.510e-05	VL: 5.775e-04	LR:3.90625e-06
Epoch: 346	TL: 7.272e-05	VL: 5.719e-04	LR:3.90625e-06
Epoch: 347	TL: 7.245e-05	VL: 5.721e-04	LR:3.90625e-06
Epoch: 348	TL: 7.290e-05	VL: 5.728e-04	LR:3.90625e-06
Epoch: 349	TL: 7.247e-05	VL: 5.743e-04	LR:3.90625e-06
Epoch: 350	TL: 7.242e-05	VL: 5.724e-04	LR:3.90625e-06
Epoch: 351	TL: 7.243e-05	VL: 5.716e-04	LR:3.90625e-06
Epoch: 352	TL: 7.259e-05	VL: 5.745e-04	LR:3.90625e-06
Epoch: 353	TL: 7.213e-05	VL: 5.710e-04	LR:3.90625e-06
Epoch: 354	TL: 7.243e-05	VL: 5.737e-04	LR:3.90625e-06
Epoch: 355	TL: 7.239e-05	VL: 5.719e-04	LR:3.90625e-06
Epoch: 356	TL: 7.231e-05	VL: 5.725e-04	LR:3.90625e-06
Epoch: 357	TL: 7.240e-05	VL: 5.719e-04	LR:3.90625e-06
Epoch: 358	TL: 7.238e-05	VL: 5.722e-04	LR:3.90625e-06
Epoch: 359	TL: 7.209e-05	VL: 5.732e-04	LR:3.90625e-06
Epoch: 360	TL: 7.208e-05	VL: 5.762e-04	LR:3.90625e-06
Epoch: 361	TL: 7.220e-05	VL: 5.706e-04	LR:3.90625e-06
Epoch: 362	TL: 7.203e-05	VL: 5.736e-04	LR:3.90625e-06
Epoch: 363	TL: 7.238e-05	VL: 5.716e-04	LR:3.90625e-06
Epoch: 364	TL: 7.235e-05	VL: 5.711e-04	LR:3.90625e-06
Epoch: 365	TL: 7.190e-05	VL: 5.706e-04	LR:3.90625e-06
Epoch: 366	TL: 7.216e-05	VL: 5.739e-04	LR:3.90625e-06
Epoch: 367	TL: 7.200e-05	VL: 5.753e-04	LR:3.90625e-06
Epoch: 368	TL: 7.200e-05	VL: 5.735e-04	LR:3.90625e-06
Epoch: 369	TL: 7.203e-05	VL: 5.709e-04	LR:3.90625e-06
Epoch: 370	TL: 7.193e-05	VL: 5.709e-04	LR:3.90625e-06
Epoch: 371	TL: 7.190e-05	VL: 5.732e-04	LR:1.953125e-06
Epoch: 372	TL: 7.049e-05	VL: 5.701e-04	LR:1.953125e-06
Epoch: 373	TL: 7.051e-05	VL: 5.687e-04	LR:1.953125e-06
Epoch: 374	TL: 7.055e-05	VL: 5.701e-04	LR:1.953125e-06
Epoch: 375	TL: 7.055e-05	VL: 5.713e-04	LR:1.953125e-06
Epoch: 376	TL: 7.036e-05	VL: 5.692e-04	LR:1.953125e-06
Epoch: 377	TL: 7.040e-05	VL: 5.701e-04	LR:1.953125e-06
Epoch: 378	TL: 7.035e-05	VL: 5.698e-04	LR:1.953125e-06
Epoch: 379	TL: 7.040e-05	VL: 5.704e-04	LR:1.953125e-06
Epoch: 380	TL: 7.033e-05	VL: 5.710e-04	LR:1.953125e-06
Epoch: 381	TL: 7.040e-05	VL: 5.705e-04	LR:1.953125e-06
Epoch: 382	TL: 7.019e-05	VL: 5.718e-04	LR:1.953125e-06
Epoch: 383	TL: 7.022e-05	VL: 5.724e-04	LR:1.953125e-06
Epoch: 384	TL: 7.043e-05	VL: 5.704e-04	LR:1.953125e-06
Epoch: 385	TL: 7.038e-05	VL: 5.700e-04	LR:1.953125e-06
Epoch: 386	TL: 7.038e-05	VL: 5.712e-04	LR:1.953125e-06
Epoch: 387	TL: 7.022e-05	VL: 5.715e-04	LR:9.765625e-07
Epoch: 388	TL: 6.966e-05	VL: 5.693e-04	LR:9.765625e-07
Epoch: 389	TL: 6.956e-05	VL: 5.703e-04	LR:9.765625e-07
Epoch: 390	TL: 6.948e-05	VL: 5.700e-04	LR:9.765625e-07
Epoch: 391	TL: 6.965e-05	VL: 5.695e-04	LR:9.765625e-07
Epoch: 392	TL: 6.952e-05	VL: 5.697e-04	LR:9.765625e-07
Epoch: 393	TL: 6.957e-05	VL: 5.691e-04	LR:9.765625e-07
Epoch: 394	TL: 6.945e-05	VL: 5.696e-04	LR:9.765625e-07
Epoch: 395	TL: 6.956e-05	VL: 5.690e-04	LR:9.765625e-07
Epoch: 396	TL: 6.946e-05	VL: 5.707e-04	LR:9.765625e-07
Epoch: 397	TL: 6.951e-05	VL: 5.695e-04	LR:9.765625e-07
Epoch: 398	TL: 6.940e-05	VL: 5.697e-04	LR:9.765625e-07
Epoch: 399	TL: 6.941e-05	VL: 5.695e-04	LR:9.765625e-07
Epoch: 400	TL: 6.949e-05	VL: 5.701e-04	LR:9.765625e-07
Epoch: 401	TL: 6.945e-05	VL: 5.703e-04	LR:9.765625e-07
Epoch: 402	TL: 6.941e-05	VL: 5.694e-04	LR:9.765625e-07
Epoch: 403	TL: 6.943e-05	VL: 5.693e-04	LR:9.765625e-07
Epoch: 404	TL: 6.940e-05	VL: 5.698e-04	LR:9.765625e-07
Epoch: 405	TL: 6.946e-05	VL: 5.705e-04	LR:9.765625e-07
Epoch: 406	TL: 6.942e-05	VL: 5.700e-04	LR:9.765625e-07
Epoch: 407	TL: 6.938e-05	VL: 5.700e-04	LR:9.765625e-07
Epoch: 408	TL: 6.937e-05	VL: 5.693e-04	LR:9.765625e-07
Epoch: 409	TL: 6.943e-05	VL: 5.694e-04	LR:9.765625e-07
Epoch: 410	TL: 6.936e-05	VL: 5.698e-04	LR:9.765625e-07
Epoch: 411	TL: 6.935e-05	VL: 5.694e-04	LR:9.765625e-07
Epoch: 412	TL: 6.932e-05	VL: 5.704e-04	LR:9.765625e-07
Epoch: 413	TL: 6.943e-05	VL: 5.709e-04	LR:9.765625e-07
Epoch: 414	TL: 6.941e-05	VL: 5.697e-04	LR:9.765625e-07
Epoch: 415	TL: 6.922e-05	VL: 5.693e-04	LR:4.8828125e-07
Epoch: 416	TL: 6.891e-05	VL: 5.694e-04	LR:4.8828125e-07
Epoch: 417	TL: 6.888e-05	VL: 5.695e-04	LR:4.8828125e-07
Epoch: 418	TL: 6.888e-05	VL: 5.690e-04	LR:4.8828125e-07
Epoch: 419	TL: 6.889e-05	VL: 5.691e-04	LR:4.8828125e-07
Epoch: 420	TL: 6.882e-05	VL: 5.707e-04	LR:4.8828125e-07
Epoch: 421	TL: 6.885e-05	VL: 5.690e-04	LR:4.8828125e-07
Epoch: 422	TL: 6.895e-05	VL: 5.684e-04	LR:4.8828125e-07
Epoch: 423	TL: 6.893e-05	VL: 5.694e-04	LR:4.8828125e-07
Epoch: 424	TL: 6.884e-05	VL: 5.702e-04	LR:4.8828125e-07
Epoch: 425	TL: 6.888e-05	VL: 5.698e-04	LR:4.8828125e-07
Epoch: 426	TL: 6.889e-05	VL: 5.703e-04	LR:4.8828125e-07
Epoch: 427	TL: 6.890e-05	VL: 5.698e-04	LR:4.8828125e-07
Epoch: 428	TL: 6.887e-05	VL: 5.702e-04	LR:2.44140625e-07
Epoch: 429	TL: 6.863e-05	VL: 5.698e-04	LR:2.44140625e-07
Epoch: 430	TL: 6.863e-05	VL: 5.688e-04	LR:2.44140625e-07
Epoch: 431	TL: 6.862e-05	VL: 5.692e-04	LR:2.44140625e-07
Epoch: 432	TL: 6.861e-05	VL: 5.692e-04	LR:2.44140625e-07
Epoch: 433	TL: 6.857e-05	VL: 5.693e-04	LR:2.44140625e-07
Epoch: 434	TL: 6.866e-05	VL: 5.688e-04	LR:2.44140625e-07
Epoch: 435	TL: 6.863e-05	VL: 5.691e-04	LR:2.44140625e-07
Epoch: 436	TL: 6.858e-05	VL: 5.692e-04	LR:2.44140625e-07
Epoch: 437	TL: 6.856e-05	VL: 5.688e-04	LR:2.44140625e-07
Epoch: 438	TL: 6.855e-05	VL: 5.689e-04	LR:2.44140625e-07
Epoch: 439	TL: 6.864e-05	VL: 5.691e-04	LR:2.44140625e-07
Epoch: 440	TL: 6.857e-05	VL: 5.692e-04	LR:2.44140625e-07
Epoch: 441	TL: 6.867e-05	VL: 5.692e-04	LR:2.44140625e-07
Epoch: 442	TL: 6.861e-05	VL: 5.692e-04	LR:2.44140625e-07
Epoch: 443	TL: 6.863e-05	VL: 5.686e-04	LR:2.44140625e-07
Epoch: 444	TL: 6.858e-05	VL: 5.686e-04	LR:2.44140625e-07
Epoch: 445	TL: 6.858e-05	VL: 5.691e-04	LR:2.44140625e-07
Epoch: 446	TL: 6.859e-05	VL: 5.691e-04	LR:2.44140625e-07
Epoch: 447	TL: 6.857e-05	VL: 5.690e-04	LR:2.44140625e-07
Epoch: 448	TL: 6.862e-05	VL: 5.696e-04	LR:2.44140625e-07
Epoch: 449	TL: 6.858e-05	VL: 5.690e-04	LR:2.44140625e-07
Epoch: 450	TL: 6.860e-05	VL: 5.689e-04	LR:1.220703125e-07
Epoch: 451	TL: 6.845e-05	VL: 5.692e-04	LR:1.220703125e-07
Epoch: 452	TL: 6.844e-05	VL: 5.690e-04	LR:1.220703125e-07
Epoch: 453	TL: 6.843e-05	VL: 5.690e-04	LR:1.220703125e-07
Epoch: 454	TL: 6.848e-05	VL: 5.691e-04	LR:1.220703125e-07
Epoch: 455	TL: 6.841e-05	VL: 5.690e-04	LR:1.220703125e-07
Epoch: 456	TL: 6.843e-05	VL: 5.684e-04	LR:1.220703125e-07
Epoch: 457	TL: 6.849e-05	VL: 5.688e-04	LR:1.220703125e-07
Epoch: 458	TL: 6.844e-05	VL: 5.687e-04	LR:1.220703125e-07
Epoch: 459	TL: 6.846e-05	VL: 5.687e-04	LR:1.220703125e-07
Epoch: 460	TL: 6.845e-05	VL: 5.688e-04	LR:1.220703125e-07
Epoch: 461	TL: 6.843e-05	VL: 5.685e-04	LR:1.220703125e-07
Epoch: 462	TL: 6.848e-05	VL: 5.688e-04	LR:1.220703125e-07
Epoch: 463	TL: 6.847e-05	VL: 5.689e-04	LR:1.220703125e-07
Epoch: 464	TL: 6.846e-05	VL: 5.689e-04	LR:1.220703125e-07
Epoch: 465	TL: 6.845e-05	VL: 5.688e-04	LR:1.220703125e-07
Epoch: 466	TL: 6.843e-05	VL: 5.689e-04	LR:1.220703125e-07
Epoch: 467	TL: 6.842e-05	VL: 5.689e-04	LR:6.103515625e-08
Epoch: 468	TL: 6.836e-05	VL: 5.689e-04	LR:6.103515625e-08
Epoch: 469	TL: 6.838e-05	VL: 5.688e-04	LR:6.103515625e-08
Epoch: 470	TL: 6.832e-05	VL: 5.690e-04	LR:6.103515625e-08
Epoch: 471	TL: 6.835e-05	VL: 5.689e-04	LR:6.103515625e-08
Epoch: 472	TL: 6.830e-05	VL: 5.690e-04	LR:6.103515625e-08
Epoch: 473	TL: 6.829e-05	VL: 5.688e-04	LR:3.0517578125e-08
Epoch: 474	TL: 6.828e-05	VL: 5.689e-04	LR:3.0517578125e-08
Epoch: 475	TL: 6.832e-05	VL: 5.688e-04	LR:3.0517578125e-08
Epoch: 476	TL: 6.833e-05	VL: 5.690e-04	LR:3.0517578125e-08
Epoch: 477	TL: 6.829e-05	VL: 5.691e-04	LR:3.0517578125e-08
Epoch: 478	TL: 6.832e-05	VL: 5.693e-04	LR:3.0517578125e-08
Epoch: 479	TL: 6.837e-05	VL: 5.691e-04	LR:1.52587890625e-08
Epoch: 480	TL: 6.827e-05	VL: 5.688e-04	LR:1.52587890625e-08
Epoch: 481	TL: 6.833e-05	VL: 5.690e-04	LR:1.52587890625e-08
Epoch: 482	TL: 6.832e-05	VL: 5.688e-04	LR:1.52587890625e-08
Epoch: 483	TL: 6.828e-05	VL: 5.689e-04	LR:1.52587890625e-08
Epoch: 484	TL: 6.833e-05	VL: 5.690e-04	LR:1.52587890625e-08
Epoch: 485	TL: 6.828e-05	VL: 5.689e-04	LR:1.52587890625e-08
Epoch: 486	TL: 6.831e-05	VL: 5.691e-04	LR:1.52587890625e-08
Epoch: 487	TL: 6.826e-05	VL: 5.689e-04	LR:1.52587890625e-08
Epoch: 488	TL: 6.828e-05	VL: 5.688e-04	LR:1.52587890625e-08
Epoch: 489	TL: 6.828e-05	VL: 5.690e-04	LR:1.52587890625e-08
Epoch: 490	TL: 6.829e-05	VL: 5.688e-04	LR:1.52587890625e-08
Epoch: 491	TL: 6.833e-05	VL: 5.690e-04	LR:1.52587890625e-08
Epoch: 492	TL: 6.829e-05	VL: 5.689e-04	LR:1.52587890625e-08
Epoch: 493	TL: 6.832e-05	VL: 5.689e-04	LR:1.52587890625e-08
Epoch: 494	TL: 6.831e-05	VL: 5.690e-04	LR:1.52587890625e-08
Early stopping triggered after 495 epochs.
Test MAE: 11.545
