Wed Dec 11 14:13:42 2024       
+-----------------------------------------------------------------------------------------+
| NVIDIA-SMI 565.57.01              Driver Version: 565.57.01      CUDA Version: 12.7     |
|-----------------------------------------+------------------------+----------------------+
| GPU  Name                 Persistence-M | Bus-Id          Disp.A | Volatile Uncorr. ECC |
| Fan  Temp   Perf          Pwr:Usage/Cap |           Memory-Usage | GPU-Util  Compute M. |
|                                         |                        |               MIG M. |
|=========================================+========================+======================|
|   0  Tesla V100-PCIE-32GB           On  |   00000000:D8:00.0 Off |                    0 |
| N/A   50C    P0             38W /  250W |       1MiB /  32768MiB |      0%   E. Process |
|                                         |                        |                  N/A |
+-----------------------------------------+------------------------+----------------------+
                                                                                         
+-----------------------------------------------------------------------------------------+
| Processes:                                                                              |
|  GPU   GI   CI        PID   Type   Process name                              GPU Memory |
|        ID   ID                                                               Usage      |
|=========================================================================================|
|  No running processes found                                                             |
+-----------------------------------------------------------------------------------------+
cuda
Tesla V100-PCIE-32GB
Epoch: 1	TL: 2.689e-01	VL: 5.241e-02	 5.241e-02	 adam_lr:0.0005
Epoch: 2	TL: 3.542e-02	VL: 1.866e-02	 2.203e-02	 adam_lr:0.0005
Epoch: 3	TL: 2.025e-02	VL: 1.555e-02	 1.620e-02	 adam_lr:0.0005
Epoch: 4	TL: 1.435e-02	VL: 9.030e-03	 9.746e-03	 adam_lr:0.0005
Epoch: 5	TL: 1.249e-02	VL: 1.210e-02	 1.187e-02	 adam_lr:0.0005
Epoch: 6	TL: 1.169e-02	VL: 7.739e-03	 8.152e-03	 adam_lr:0.0005
Epoch: 7	TL: 9.939e-03	VL: 8.156e-03	 8.156e-03	 adam_lr:0.0005
Epoch: 8	TL: 9.631e-03	VL: 7.257e-03	 7.347e-03	 adam_lr:0.0005
Epoch: 9	TL: 8.253e-03	VL: 1.149e-02	 1.108e-02	 adam_lr:0.0005
Epoch: 10	TL: 7.226e-03	VL: 6.530e-03	 6.985e-03	 adam_lr:0.0005
Epoch: 11	TL: 6.963e-03	VL: 4.729e-03	 4.955e-03	 adam_lr:0.0005
Epoch: 12	TL: 6.880e-03	VL: 7.986e-03	 7.683e-03	 adam_lr:0.0005
Epoch: 13	TL: 5.861e-03	VL: 6.678e-03	 6.778e-03	 adam_lr:0.0005
Epoch: 14	TL: 6.083e-03	VL: 5.361e-03	 5.503e-03	 adam_lr:0.0005
Epoch: 15	TL: 5.246e-03	VL: 7.773e-03	 7.546e-03	 adam_lr:0.0005
Epoch: 16	TL: 5.087e-03	VL: 5.102e-03	 5.346e-03	 adam_lr:0.0005
Epoch: 17	TL: 5.013e-03	VL: 6.443e-03	 6.334e-03	 adam_lr:0.0005
Epoch: 18	TL: 2.446e-03	VL: 2.865e-03	 3.212e-03	 adam_lr:0.00025
Epoch: 19	TL: 2.654e-03	VL: 2.601e-03	 2.662e-03	 adam_lr:0.00025
Epoch: 20	TL: 2.676e-03	VL: 2.442e-03	 2.464e-03	 adam_lr:0.00025
Epoch: 21	TL: 2.563e-03	VL: 3.523e-03	 3.417e-03	 adam_lr:0.00025
Epoch: 22	TL: 2.529e-03	VL: 2.210e-03	 2.331e-03	 adam_lr:0.00025
Epoch: 23	TL: 2.420e-03	VL: 2.423e-03	 2.414e-03	 adam_lr:0.00025
Epoch: 24	TL: 2.269e-03	VL: 2.150e-03	 2.176e-03	 adam_lr:0.00025
Epoch: 25	TL: 2.153e-03	VL: 2.347e-03	 2.330e-03	 adam_lr:0.00025
Epoch: 26	TL: 2.110e-03	VL: 4.417e-03	 4.208e-03	 adam_lr:0.00025
Epoch: 27	TL: 2.117e-03	VL: 2.135e-03	 2.343e-03	 adam_lr:0.00025
Epoch: 28	TL: 1.992e-03	VL: 1.901e-03	 1.945e-03	 adam_lr:0.00025
Epoch: 29	TL: 2.012e-03	VL: 2.172e-03	 2.150e-03	 adam_lr:0.00025
Epoch: 30	TL: 1.963e-03	VL: 1.920e-03	 1.943e-03	 adam_lr:0.00025
Epoch: 31	TL: 1.839e-03	VL: 2.268e-03	 2.235e-03	 adam_lr:0.00025
Epoch: 32	TL: 1.766e-03	VL: 2.028e-03	 2.049e-03	 adam_lr:0.00025
Epoch: 33	TL: 1.789e-03	VL: 3.062e-03	 2.961e-03	 adam_lr:0.00025
Epoch: 34	TL: 1.742e-03	VL: 1.942e-03	 2.044e-03	 adam_lr:0.00025
Epoch: 35	TL: 1.784e-03	VL: 2.182e-03	 2.169e-03	 adam_lr:0.00025
Epoch: 36	TL: 1.622e-03	VL: 2.457e-03	 2.428e-03	 adam_lr:0.00025
Epoch: 37	TL: 9.746e-04	VL: 1.388e-03	 1.492e-03	 adam_lr:0.000125
Epoch: 38	TL: 1.047e-03	VL: 1.423e-03	 1.430e-03	 adam_lr:0.000125
Epoch: 39	TL: 1.044e-03	VL: 1.316e-03	 1.327e-03	 adam_lr:0.000125
Epoch: 40	TL: 1.061e-03	VL: 1.347e-03	 1.345e-03	 adam_lr:0.000125
Epoch: 41	TL: 9.624e-04	VL: 1.326e-03	 1.328e-03	 adam_lr:0.000125
Epoch: 42	TL: 1.026e-03	VL: 1.347e-03	 1.345e-03	 adam_lr:0.000125
Epoch: 43	TL: 9.595e-04	VL: 1.421e-03	 1.414e-03	 adam_lr:0.000125
Epoch: 44	TL: 9.565e-04	VL: 1.181e-03	 1.205e-03	 adam_lr:0.000125
Epoch: 45	TL: 9.477e-04	VL: 1.300e-03	 1.291e-03	 adam_lr:0.000125
Epoch: 46	TL: 9.245e-04	VL: 1.257e-03	 1.260e-03	 adam_lr:0.000125
Epoch: 47	TL: 9.456e-04	VL: 1.120e-03	 1.134e-03	 adam_lr:0.000125
Epoch: 48	TL: 8.812e-04	VL: 1.292e-03	 1.276e-03	 adam_lr:0.000125
Epoch: 49	TL: 8.890e-04	VL: 1.372e-03	 1.363e-03	 adam_lr:0.000125
Epoch: 50	TL: 8.569e-04	VL: 1.222e-03	 1.236e-03	 adam_lr:0.000125
Epoch: 51	TL: 8.787e-04	VL: 1.138e-03	 1.148e-03	 adam_lr:0.000125
Epoch: 52	TL: 8.735e-04	VL: 1.173e-03	 1.171e-03	 adam_lr:0.000125
Epoch: 53	TL: 8.911e-04	VL: 1.413e-03	 1.389e-03	 adam_lr:0.000125
Epoch: 54	TL: 5.769e-04	VL: 1.029e-03	 1.065e-03	 adam_lr:6.25e-05
Epoch: 55	TL: 6.192e-04	VL: 1.160e-03	 1.150e-03	 adam_lr:6.25e-05
Epoch: 56	TL: 5.986e-04	VL: 1.063e-03	 1.072e-03	 adam_lr:6.25e-05
Epoch: 57	TL: 6.210e-04	VL: 9.970e-04	 1.004e-03	 adam_lr:6.25e-05
Epoch: 58	TL: 6.030e-04	VL: 1.315e-03	 1.284e-03	 adam_lr:6.25e-05
Epoch: 59	TL: 6.017e-04	VL: 1.040e-03	 1.065e-03	 adam_lr:6.25e-05
Epoch: 60	TL: 5.862e-04	VL: 9.763e-04	 9.851e-04	 adam_lr:6.25e-05
Epoch: 61	TL: 5.789e-04	VL: 9.753e-04	 9.763e-04	 adam_lr:6.25e-05
Epoch: 62	TL: 5.841e-04	VL: 9.626e-04	 9.640e-04	 adam_lr:6.25e-05
Epoch: 63	TL: 5.820e-04	VL: 1.026e-03	 1.020e-03	 adam_lr:6.25e-05
Epoch: 64	TL: 5.610e-04	VL: 1.184e-03	 1.167e-03	 adam_lr:6.25e-05
Epoch: 65	TL: 5.743e-04	VL: 9.851e-04	 1.003e-03	 adam_lr:6.25e-05
Epoch: 66	TL: 5.485e-04	VL: 1.007e-03	 1.007e-03	 adam_lr:6.25e-05
Epoch: 67	TL: 5.517e-04	VL: 1.042e-03	 1.038e-03	 adam_lr:6.25e-05
Epoch: 68	TL: 5.449e-04	VL: 1.023e-03	 1.025e-03	 adam_lr:6.25e-05
Epoch: 69	TL: 4.457e-04	VL: 8.904e-04	 9.038e-04	 adam_lr:3.125e-05
Epoch: 70	TL: 4.544e-04	VL: 8.627e-04	 8.668e-04	 adam_lr:3.125e-05
Epoch: 71	TL: 4.553e-04	VL: 9.247e-04	 9.190e-04	 adam_lr:3.125e-05
Epoch: 72	TL: 4.566e-04	VL: 8.807e-04	 8.845e-04	 adam_lr:3.125e-05
Epoch: 73	TL: 4.442e-04	VL: 8.926e-04	 8.918e-04	 adam_lr:3.125e-05
Epoch: 74	TL: 4.450e-04	VL: 8.598e-04	 8.630e-04	 adam_lr:3.125e-05
Epoch: 75	TL: 4.442e-04	VL: 8.763e-04	 8.750e-04	 adam_lr:3.125e-05
Epoch: 76	TL: 4.409e-04	VL: 8.674e-04	 8.681e-04	 adam_lr:3.125e-05
Epoch: 77	TL: 4.358e-04	VL: 8.854e-04	 8.837e-04	 adam_lr:3.125e-05
Epoch: 78	TL: 4.365e-04	VL: 8.811e-04	 8.814e-04	 adam_lr:3.125e-05
Epoch: 79	TL: 4.405e-04	VL: 9.614e-04	 9.534e-04	 adam_lr:3.125e-05
Epoch: 80	TL: 4.324e-04	VL: 8.573e-04	 8.669e-04	 adam_lr:3.125e-05
Epoch: 81	TL: 3.852e-04	VL: 8.494e-04	 8.511e-04	 adam_lr:1.5625e-05
Epoch: 82	TL: 3.882e-04	VL: 8.296e-04	 8.317e-04	 adam_lr:1.5625e-05
Epoch: 83	TL: 3.864e-04	VL: 8.200e-04	 8.211e-04	 adam_lr:1.5625e-05
Epoch: 84	TL: 3.868e-04	VL: 8.081e-04	 8.094e-04	 adam_lr:1.5625e-05
Epoch: 85	TL: 3.827e-04	VL: 8.256e-04	 8.240e-04	 adam_lr:1.5625e-05
Epoch: 86	TL: 3.837e-04	VL: 8.575e-04	 8.542e-04	 adam_lr:1.5625e-05
Epoch: 87	TL: 3.806e-04	VL: 8.064e-04	 8.112e-04	 adam_lr:1.5625e-05
Epoch: 88	TL: 3.815e-04	VL: 8.095e-04	 8.096e-04	 adam_lr:1.5625e-05
Epoch: 89	TL: 3.819e-04	VL: 8.151e-04	 8.146e-04	 adam_lr:1.5625e-05
Epoch: 90	TL: 3.757e-04	VL: 8.401e-04	 8.375e-04	 adam_lr:1.5625e-05
Epoch: 91	TL: 3.536e-04	VL: 7.964e-04	 8.005e-04	 adam_lr:7.8125e-06
Epoch: 92	TL: 3.554e-04	VL: 8.094e-04	 8.085e-04	 adam_lr:7.8125e-06
Epoch: 93	TL: 3.548e-04	VL: 8.057e-04	 8.060e-04	 adam_lr:7.8125e-06
Epoch: 94	TL: 3.545e-04	VL: 7.896e-04	 7.912e-04	 adam_lr:7.8125e-06
Epoch: 95	TL: 3.540e-04	VL: 8.012e-04	 8.002e-04	 adam_lr:7.8125e-06
Epoch: 96	TL: 3.535e-04	VL: 8.151e-04	 8.136e-04	 adam_lr:7.8125e-06
Epoch: 97	TL: 3.515e-04	VL: 7.943e-04	 7.963e-04	 adam_lr:7.8125e-06
Epoch: 98	TL: 3.508e-04	VL: 8.111e-04	 8.096e-04	 adam_lr:7.8125e-06
Epoch: 99	TL: 3.513e-04	VL: 7.902e-04	 7.921e-04	 adam_lr:7.8125e-06
Epoch: 100	TL: 3.504e-04	VL: 7.893e-04	 7.896e-04	 adam_lr:7.8125e-06
Epoch: 101	TL: 3.486e-04	VL: 7.880e-04	 7.882e-04	 adam_lr:7.8125e-06
Epoch: 102	TL: 3.470e-04	VL: 8.023e-04	 8.009e-04	 adam_lr:7.8125e-06
Epoch: 103	TL: 3.482e-04	VL: 7.928e-04	 7.936e-04	 adam_lr:7.8125e-06
Epoch: 104	TL: 3.468e-04	VL: 7.850e-04	 7.859e-04	 adam_lr:7.8125e-06
Epoch: 105	TL: 3.476e-04	VL: 7.997e-04	 7.983e-04	 adam_lr:7.8125e-06
Epoch: 106	TL: 3.457e-04	VL: 7.986e-04	 7.985e-04	 adam_lr:7.8125e-06
Epoch: 107	TL: 3.455e-04	VL: 8.001e-04	 8.000e-04	 adam_lr:7.8125e-06
Epoch: 108	TL: 3.450e-04	VL: 7.895e-04	 7.906e-04	 adam_lr:7.8125e-06
Epoch: 109	TL: 3.448e-04	VL: 7.912e-04	 7.912e-04	 adam_lr:7.8125e-06
Epoch: 110	TL: 3.427e-04	VL: 7.998e-04	 7.990e-04	 adam_lr:7.8125e-06
Epoch: 111	TL: 3.316e-04	VL: 7.779e-04	 7.800e-04	 adam_lr:3.90625e-06
Epoch: 112	TL: 3.316e-04	VL: 7.779e-04	 7.781e-04	 adam_lr:3.90625e-06
Epoch: 113	TL: 3.318e-04	VL: 7.738e-04	 7.742e-04	 adam_lr:3.90625e-06
Epoch: 114	TL: 3.307e-04	VL: 7.824e-04	 7.816e-04	 adam_lr:3.90625e-06
Epoch: 115	TL: 3.301e-04	VL: 7.794e-04	 7.796e-04	 adam_lr:3.90625e-06
Epoch: 116	TL: 3.298e-04	VL: 7.782e-04	 7.783e-04	 adam_lr:3.90625e-06
Epoch: 117	TL: 3.299e-04	VL: 7.797e-04	 7.796e-04	 adam_lr:3.90625e-06
Epoch: 118	TL: 3.306e-04	VL: 7.726e-04	 7.733e-04	 adam_lr:3.90625e-06
Epoch: 119	TL: 3.290e-04	VL: 7.748e-04	 7.746e-04	 adam_lr:3.90625e-06
Epoch: 120	TL: 3.287e-04	VL: 7.734e-04	 7.735e-04	 adam_lr:3.90625e-06
Epoch: 121	TL: 3.294e-04	VL: 7.762e-04	 7.759e-04	 adam_lr:3.90625e-06
Epoch: 122	TL: 3.290e-04	VL: 7.775e-04	 7.773e-04	 adam_lr:3.90625e-06
Epoch: 123	TL: 3.284e-04	VL: 7.740e-04	 7.743e-04	 adam_lr:3.90625e-06
Epoch: 124	TL: 3.275e-04	VL: 7.784e-04	 7.780e-04	 adam_lr:3.90625e-06
Epoch: 125	TL: 3.219e-04	VL: 7.717e-04	 7.723e-04	 adam_lr:1.953125e-06
Epoch: 126	TL: 3.210e-04	VL: 7.717e-04	 7.718e-04	 adam_lr:1.953125e-06
Epoch: 127	TL: 3.208e-04	VL: 7.692e-04	 7.694e-04	 adam_lr:1.953125e-06
Epoch: 128	TL: 3.209e-04	VL: 7.700e-04	 7.699e-04	 adam_lr:1.953125e-06
Epoch: 129	TL: 3.209e-04	VL: 7.663e-04	 7.666e-04	 adam_lr:1.953125e-06
Epoch: 130	TL: 3.208e-04	VL: 7.705e-04	 7.701e-04	 adam_lr:1.953125e-06
Epoch: 131	TL: 3.210e-04	VL: 7.678e-04	 7.681e-04	 adam_lr:1.953125e-06
Epoch: 132	TL: 3.202e-04	VL: 7.750e-04	 7.743e-04	 adam_lr:1.953125e-06
Epoch: 133	TL: 3.199e-04	VL: 7.670e-04	 7.677e-04	 adam_lr:1.953125e-06
Epoch: 134	TL: 3.202e-04	VL: 7.650e-04	 7.653e-04	 adam_lr:1.953125e-06
Epoch: 135	TL: 3.199e-04	VL: 7.686e-04	 7.683e-04	 adam_lr:1.953125e-06
Epoch: 136	TL: 3.200e-04	VL: 7.691e-04	 7.691e-04	 adam_lr:1.953125e-06
Epoch: 137	TL: 3.197e-04	VL: 7.701e-04	 7.700e-04	 adam_lr:1.953125e-06
Epoch: 138	TL: 3.194e-04	VL: 7.679e-04	 7.681e-04	 adam_lr:1.953125e-06
Epoch: 139	TL: 3.195e-04	VL: 7.751e-04	 7.744e-04	 adam_lr:1.953125e-06
Epoch: 140	TL: 3.192e-04	VL: 7.696e-04	 7.701e-04	 adam_lr:1.953125e-06
Epoch: 141	TL: 3.157e-04	VL: 7.663e-04	 7.667e-04	 adam_lr:9.765625e-07
Epoch: 142	TL: 3.157e-04	VL: 7.652e-04	 7.654e-04	 adam_lr:9.765625e-07
Epoch: 143	TL: 3.155e-04	VL: 7.656e-04	 7.656e-04	 adam_lr:9.765625e-07
Epoch: 144	TL: 3.155e-04	VL: 7.673e-04	 7.671e-04	 adam_lr:9.765625e-07
Epoch: 145	TL: 3.157e-04	VL: 7.652e-04	 7.654e-04	 adam_lr:9.765625e-07
Epoch: 146	TL: 3.152e-04	VL: 7.669e-04	 7.668e-04	 adam_lr:9.765625e-07
Epoch: 147	TL: 3.136e-04	VL: 7.626e-04	 7.630e-04	 adam_lr:4.8828125e-07
Epoch: 148	TL: 3.133e-04	VL: 7.630e-04	 7.630e-04	 adam_lr:4.8828125e-07
Epoch: 149	TL: 3.134e-04	VL: 7.634e-04	 7.633e-04	 adam_lr:4.8828125e-07
Epoch: 150	TL: 3.135e-04	VL: 7.641e-04	 7.640e-04	 adam_lr:4.8828125e-07
Epoch: 151	TL: 3.135e-04	VL: 7.650e-04	 7.649e-04	 adam_lr:4.8828125e-07
Epoch: 152	TL: 3.130e-04	VL: 7.636e-04	 7.637e-04	 adam_lr:4.8828125e-07
Epoch: 153	TL: 3.134e-04	VL: 7.625e-04	 7.626e-04	 adam_lr:4.8828125e-07
Epoch: 154	TL: 3.131e-04	VL: 7.635e-04	 7.634e-04	 adam_lr:4.8828125e-07
Epoch: 155	TL: 3.130e-04	VL: 7.627e-04	 7.628e-04	 adam_lr:4.8828125e-07
Epoch: 156	TL: 3.131e-04	VL: 7.648e-04	 7.646e-04	 adam_lr:4.8828125e-07
Epoch: 157	TL: 3.131e-04	VL: 7.626e-04	 7.628e-04	 adam_lr:4.8828125e-07
Epoch: 158	TL: 3.128e-04	VL: 7.638e-04	 7.637e-04	 adam_lr:4.8828125e-07
Epoch: 159	TL: 3.133e-04	VL: 7.620e-04	 7.622e-04	 adam_lr:4.8828125e-07
Epoch: 160	TL: 3.128e-04	VL: 7.625e-04	 7.624e-04	 adam_lr:4.8828125e-07
Epoch: 161	TL: 3.128e-04	VL: 7.614e-04	 7.615e-04	 adam_lr:4.8828125e-07
Epoch: 162	TL: 3.126e-04	VL: 7.617e-04	 7.617e-04	 adam_lr:4.8828125e-07
Epoch: 163	TL: 3.127e-04	VL: 7.631e-04	 7.630e-04	 adam_lr:4.8828125e-07
Epoch: 164	TL: 3.127e-04	VL: 7.621e-04	 7.621e-04	 adam_lr:4.8828125e-07
Epoch: 165	TL: 3.125e-04	VL: 7.626e-04	 7.625e-04	 adam_lr:4.8828125e-07
Epoch: 166	TL: 3.127e-04	VL: 7.619e-04	 7.619e-04	 adam_lr:4.8828125e-07
Epoch: 167	TL: 3.126e-04	VL: 7.626e-04	 7.626e-04	 adam_lr:4.8828125e-07
Epoch: 168	TL: 3.117e-04	VL: 7.623e-04	 7.623e-04	 adam_lr:2.44140625e-07
Epoch: 169	TL: 3.117e-04	VL: 7.609e-04	 7.611e-04	 adam_lr:2.44140625e-07
Epoch: 170	TL: 3.116e-04	VL: 7.629e-04	 7.627e-04	 adam_lr:2.44140625e-07
Epoch: 171	TL: 3.118e-04	VL: 7.619e-04	 7.620e-04	 adam_lr:2.44140625e-07
Epoch: 172	TL: 3.116e-04	VL: 7.613e-04	 7.614e-04	 adam_lr:2.44140625e-07
Epoch: 173	TL: 3.115e-04	VL: 7.603e-04	 7.604e-04	 adam_lr:2.44140625e-07
Epoch: 174	TL: 3.116e-04	VL: 7.610e-04	 7.610e-04	 adam_lr:2.44140625e-07
Epoch: 175	TL: 3.116e-04	VL: 7.606e-04	 7.606e-04	 adam_lr:2.44140625e-07
Epoch: 176	TL: 3.113e-04	VL: 7.621e-04	 7.620e-04	 adam_lr:2.44140625e-07
Epoch: 177	TL: 3.115e-04	VL: 7.609e-04	 7.610e-04	 adam_lr:2.44140625e-07
Epoch: 178	TL: 3.114e-04	VL: 7.610e-04	 7.610e-04	 adam_lr:2.44140625e-07
Epoch: 179	TL: 3.113e-04	VL: 7.622e-04	 7.621e-04	 adam_lr:2.44140625e-07
Epoch: 180	TL: 3.109e-04	VL: 7.607e-04	 7.608e-04	 adam_lr:1.220703125e-07
Epoch: 181	TL: 3.108e-04	VL: 7.602e-04	 7.603e-04	 adam_lr:1.220703125e-07
Epoch: 182	TL: 3.108e-04	VL: 7.602e-04	 7.603e-04	 adam_lr:1.220703125e-07
Epoch: 183	TL: 3.110e-04	VL: 7.609e-04	 7.608e-04	 adam_lr:1.220703125e-07
Epoch: 184	TL: 3.109e-04	VL: 7.607e-04	 7.607e-04	 adam_lr:1.220703125e-07
Epoch: 185	TL: 3.108e-04	VL: 7.613e-04	 7.612e-04	 adam_lr:1.220703125e-07
Epoch: 186	TL: 3.109e-04	VL: 7.607e-04	 7.608e-04	 adam_lr:1.220703125e-07
Epoch: 187	TL: 3.108e-04	VL: 7.605e-04	 7.605e-04	 adam_lr:1.220703125e-07
Epoch: 188	TL: 3.107e-04	VL: 7.611e-04	 7.611e-04	 adam_lr:1.220703125e-07
Epoch: 189	TL: 3.105e-04	VL: 7.611e-04	 7.611e-04	 adam_lr:6.103515625e-08
Epoch: 190	TL: 3.106e-04	VL: 7.608e-04	 7.608e-04	 adam_lr:6.103515625e-08
Epoch: 191	TL: 3.106e-04	VL: 7.604e-04	 7.604e-04	 adam_lr:6.103515625e-08
Epoch: 192	TL: 3.107e-04	VL: 7.610e-04	 7.609e-04	 adam_lr:6.103515625e-08
Epoch: 193	TL: 3.105e-04	VL: 7.608e-04	 7.608e-04	 adam_lr:6.103515625e-08
Epoch: 194	TL: 3.105e-04	VL: 7.602e-04	 7.603e-04	 adam_lr:6.103515625e-08
Epoch: 195	TL: 3.105e-04	VL: 7.605e-04	 7.604e-04	 adam_lr:3.0517578125e-08
Epoch: 196	TL: 3.105e-04	VL: 7.608e-04	 7.608e-04	 adam_lr:3.0517578125e-08
Epoch: 197	TL: 3.105e-04	VL: 7.604e-04	 7.604e-04	 adam_lr:3.0517578125e-08
Epoch: 198	TL: 3.104e-04	VL: 7.606e-04	 7.606e-04	 adam_lr:3.0517578125e-08
Epoch: 199	TL: 3.105e-04	VL: 7.603e-04	 7.603e-04	 adam_lr:3.0517578125e-08
Epoch: 200	TL: 3.104e-04	VL: 7.603e-04	 7.603e-04	 adam_lr:3.0517578125e-08
Epoch: 201	TL: 3.104e-04	VL: 7.605e-04	 7.605e-04	 adam_lr:1.52587890625e-08
Epoch: 202	TL: 3.103e-04	VL: 7.608e-04	 7.608e-04	 adam_lr:1.52587890625e-08
Epoch: 203	TL: 3.104e-04	VL: 7.604e-04	 7.604e-04	 adam_lr:1.52587890625e-08
Epoch: 204	TL: 3.103e-04	VL: 7.605e-04	 7.605e-04	 adam_lr:1.52587890625e-08
Epoch: 205	TL: 3.104e-04	VL: 7.608e-04	 7.607e-04	 adam_lr:1.52587890625e-08
Epoch: 206	TL: 3.103e-04	VL: 7.604e-04	 7.604e-04	 adam_lr:1.52587890625e-08
Epoch: 207	TL: 3.103e-04	VL: 7.604e-04	 7.604e-04	 adam_lr:1.52587890625e-08
Epoch: 208	TL: 3.103e-04	VL: 7.605e-04	 7.605e-04	 adam_lr:1.52587890625e-08
Epoch: 209	TL: 3.104e-04	VL: 7.606e-04	 7.606e-04	 adam_lr:1.52587890625e-08
Epoch: 210	TL: 3.104e-04	VL: 7.605e-04	 7.605e-04	 adam_lr:1.52587890625e-08
Epoch: 211	TL: 3.103e-04	VL: 7.600e-04	 7.601e-04	 adam_lr:1.52587890625e-08
Epoch: 212	TL: 3.104e-04	VL: 7.606e-04	 7.605e-04	 adam_lr:1.52587890625e-08
Epoch: 213	TL: 3.101e-04	VL: 7.602e-04	 7.602e-04	 adam_lr:1.52587890625e-08
Epoch: 214	TL: 3.103e-04	VL: 7.604e-04	 7.604e-04	 adam_lr:1.52587890625e-08
Epoch: 215	TL: 3.103e-04	VL: 7.601e-04	 7.602e-04	 adam_lr:1.52587890625e-08
Epoch: 216	TL: 3.103e-04	VL: 7.598e-04	 7.598e-04	 adam_lr:1.52587890625e-08
Epoch: 217	TL: 3.103e-04	VL: 7.601e-04	 7.601e-04	 adam_lr:1.52587890625e-08
Epoch: 218	TL: 3.103e-04	VL: 7.601e-04	 7.601e-04	 adam_lr:1.52587890625e-08
Epoch: 219	TL: 3.103e-04	VL: 7.605e-04	 7.605e-04	 adam_lr:1.52587890625e-08
Epoch: 220	TL: 3.103e-04	VL: 7.603e-04	 7.604e-04	 adam_lr:1.52587890625e-08
Epoch: 221	TL: 3.103e-04	VL: 7.601e-04	 7.601e-04	 adam_lr:1.52587890625e-08
Epoch: 222	TL: 3.103e-04	VL: 7.598e-04	 7.598e-04	 adam_lr:1.52587890625e-08
Epoch: 223	TL: 3.102e-04	VL: 7.600e-04	 7.600e-04	 adam_lr:1.52587890625e-08
Epoch: 224	TL: 3.103e-04	VL: 7.599e-04	 7.600e-04	 adam_lr:1.52587890625e-08
Epoch: 225	TL: 3.102e-04	VL: 7.601e-04	 7.601e-04	 adam_lr:1.52587890625e-08
Epoch: 226	TL: 3.104e-04	VL: 7.603e-04	 7.602e-04	 adam_lr:1.52587890625e-08
Epoch: 227	TL: 3.103e-04	VL: 7.604e-04	 7.603e-04	 adam_lr:1.52587890625e-08
Epoch: 228	TL: 3.104e-04	VL: 7.601e-04	 7.601e-04	 adam_lr:1.52587890625e-08
Epoch: 229	TL: 3.103e-04	VL: 7.602e-04	 7.602e-04	 adam_lr:1.52587890625e-08
Epoch: 230	TL: 3.103e-04	VL: 7.604e-04	 7.604e-04	 adam_lr:1.52587890625e-08
Epoch: 231	TL: 3.104e-04	VL: 7.602e-04	 7.602e-04	 adam_lr:1.52587890625e-08
Epoch: 232	TL: 3.103e-04	VL: 7.601e-04	 7.601e-04	 adam_lr:1.52587890625e-08
Epoch: 233	TL: 3.102e-04	VL: 7.600e-04	 7.600e-04	 adam_lr:1.52587890625e-08
Epoch: 234	TL: 3.103e-04	VL: 7.600e-04	 7.600e-04	 adam_lr:1.52587890625e-08
Epoch: 235	TL: 3.103e-04	VL: 7.599e-04	 7.599e-04	 adam_lr:1.52587890625e-08
Epoch: 236	TL: 3.103e-04	VL: 7.604e-04	 7.604e-04	 adam_lr:1.52587890625e-08
Epoch: 237	TL: 3.103e-04	VL: 7.601e-04	 7.601e-04	 adam_lr:1.52587890625e-08
Epoch: 238	TL: 3.103e-04	VL: 7.601e-04	 7.601e-04	 adam_lr:1.52587890625e-08
Epoch: 239	TL: 3.103e-04	VL: 7.601e-04	 7.601e-04	 adam_lr:1.52587890625e-08
Epoch: 240	TL: 3.102e-04	VL: 7.605e-04	 7.604e-04	 adam_lr:1.52587890625e-08
Epoch: 241	TL: 3.103e-04	VL: 7.598e-04	 7.599e-04	 adam_lr:1.52587890625e-08
Epoch: 242	TL: 3.102e-04	VL: 7.606e-04	 7.605e-04	 adam_lr:1.52587890625e-08
Epoch: 243	TL: 3.103e-04	VL: 7.599e-04	 7.599e-04	 adam_lr:1.52587890625e-08
Epoch: 244	TL: 3.103e-04	VL: 7.600e-04	 7.600e-04	 adam_lr:1.52587890625e-08
Epoch: 245	TL: 3.102e-04	VL: 7.600e-04	 7.600e-04	 adam_lr:1.52587890625e-08
Epoch: 246	TL: 3.102e-04	VL: 7.601e-04	 7.601e-04	 adam_lr:1.52587890625e-08
Epoch: 247	TL: 3.103e-04	VL: 7.599e-04	 7.599e-04	 adam_lr:1.52587890625e-08
Epoch: 248	TL: 3.103e-04	VL: 7.602e-04	 7.602e-04	 adam_lr:1.52587890625e-08
Epoch: 249	TL: 3.103e-04	VL: 7.601e-04	 7.601e-04	 adam_lr:1.52587890625e-08
Epoch: 250	TL: 3.103e-04	VL: 7.602e-04	 7.602e-04	 adam_lr:1.52587890625e-08
Epoch: 251	TL: 3.102e-04	VL: 7.602e-04	 7.602e-04	 adam_lr:1.52587890625e-08
Early stopping triggered after 252 epochs.
Test MAE: 16.837
