Thu Dec  5 15:29:49 2024       
+-----------------------------------------------------------------------------------------+
| NVIDIA-SMI 565.57.01              Driver Version: 565.57.01      CUDA Version: 12.7     |
|-----------------------------------------+------------------------+----------------------+
| GPU  Name                 Persistence-M | Bus-Id          Disp.A | Volatile Uncorr. ECC |
| Fan  Temp   Perf          Pwr:Usage/Cap |           Memory-Usage | GPU-Util  Compute M. |
|                                         |                        |               MIG M. |
|=========================================+========================+======================|
|   0  Tesla V100-PCIE-32GB           On  |   00000000:D8:00.0 Off |                    0 |
| N/A   27C    P0             25W /  250W |       1MiB /  32768MiB |      0%   E. Process |
|                                         |                        |                  N/A |
+-----------------------------------------+------------------------+----------------------+
                                                                                         
+-----------------------------------------------------------------------------------------+
| Processes:                                                                              |
|  GPU   GI   CI        PID   Type   Process name                              GPU Memory |
|        ID   ID                                                               Usage      |
|=========================================================================================|
|  No running processes found                                                             |
+-----------------------------------------------------------------------------------------+
cuda
Tesla V100-PCIE-32GB
Epoch: 1	TL: 2.689e-01	VL: 5.245e-02	LR:0.0005
Epoch: 2	TL: 3.543e-02	VL: 1.868e-02	LR:0.0005
Epoch: 3	TL: 2.025e-02	VL: 1.571e-02	LR:0.0005
Epoch: 4	TL: 1.435e-02	VL: 8.989e-03	LR:0.0005
Epoch: 5	TL: 1.248e-02	VL: 1.219e-02	LR:0.0005
Epoch: 6	TL: 1.169e-02	VL: 7.799e-03	LR:0.0005
Epoch: 7	TL: 9.924e-03	VL: 8.248e-03	LR:0.0005
Epoch: 8	TL: 9.634e-03	VL: 7.359e-03	LR:0.0005
Epoch: 9	TL: 8.257e-03	VL: 1.143e-02	LR:0.0005
Epoch: 10	TL: 7.229e-03	VL: 6.564e-03	LR:0.0005
Epoch: 11	TL: 6.954e-03	VL: 4.741e-03	LR:0.0005
Epoch: 12	TL: 6.845e-03	VL: 8.422e-03	LR:0.0005
Epoch: 13	TL: 5.887e-03	VL: 6.587e-03	LR:0.0005
Epoch: 14	TL: 6.074e-03	VL: 5.333e-03	LR:0.0005
Epoch: 15	TL: 5.248e-03	VL: 7.392e-03	LR:0.0005
Epoch: 16	TL: 5.082e-03	VL: 5.070e-03	LR:0.0005
Epoch: 17	TL: 5.006e-03	VL: 6.750e-03	LR:0.0005
Epoch: 18	TL: 4.470e-03	VL: 4.801e-03	LR:0.0005
Epoch: 19	TL: 4.177e-03	VL: 3.088e-03	LR:0.0005
Epoch: 20	TL: 3.923e-03	VL: 6.614e-03	LR:0.0005
Epoch: 21	TL: 4.216e-03	VL: 4.219e-03	LR:0.0005
Epoch: 22	TL: 3.979e-03	VL: 2.537e-03	LR:0.0005
Epoch: 23	TL: 3.849e-03	VL: 3.843e-03	LR:0.0005
Epoch: 24	TL: 3.403e-03	VL: 3.479e-03	LR:0.0005
Epoch: 25	TL: 3.636e-03	VL: 2.962e-03	LR:0.0005
Epoch: 26	TL: 3.345e-03	VL: 8.548e-03	LR:0.0005
Epoch: 27	TL: 3.081e-03	VL: 3.417e-03	LR:0.0005
Epoch: 28	TL: 3.127e-03	VL: 2.746e-03	LR:0.0005
Epoch: 29	TL: 3.243e-03	VL: 2.274e-03	LR:0.0005
Epoch: 30	TL: 2.771e-03	VL: 5.367e-03	LR:0.0005
Epoch: 31	TL: 2.985e-03	VL: 3.098e-03	LR:0.0005
Epoch: 32	TL: 2.955e-03	VL: 2.763e-03	LR:0.0005
Epoch: 33	TL: 2.791e-03	VL: 3.439e-03	LR:0.0005
Epoch: 34	TL: 2.469e-03	VL: 2.472e-03	LR:0.0005
Epoch: 35	TL: 2.518e-03	VL: 5.015e-03	LR:0.0005
Epoch: 36	TL: 2.451e-03	VL: 2.128e-03	LR:0.0005
Epoch: 37	TL: 2.795e-03	VL: 3.318e-03	LR:0.0005
Epoch: 38	TL: 2.299e-03	VL: 2.801e-03	LR:0.0005
Epoch: 39	TL: 2.379e-03	VL: 2.722e-03	LR:0.0005
Epoch: 40	TL: 2.256e-03	VL: 2.236e-03	LR:0.0005
Epoch: 41	TL: 2.295e-03	VL: 2.090e-03	LR:0.0005
Epoch: 42	TL: 2.246e-03	VL: 1.854e-03	LR:0.0005
Epoch: 43	TL: 2.216e-03	VL: 4.786e-03	LR:0.0005
Epoch: 44	TL: 2.173e-03	VL: 2.643e-03	LR:0.0005
Epoch: 45	TL: 2.088e-03	VL: 1.861e-03	LR:0.0005
Epoch: 46	TL: 1.874e-03	VL: 1.799e-03	LR:0.0005
Epoch: 47	TL: 2.146e-03	VL: 1.518e-03	LR:0.0005
Epoch: 48	TL: 1.955e-03	VL: 1.774e-03	LR:0.0005
Epoch: 49	TL: 1.937e-03	VL: 1.729e-03	LR:0.0005
Epoch: 50	TL: 1.815e-03	VL: 1.966e-03	LR:0.0005
Epoch: 51	TL: 1.858e-03	VL: 1.930e-03	LR:0.0005
Epoch: 52	TL: 1.850e-03	VL: 2.874e-03	LR:0.0005
Epoch: 53	TL: 1.783e-03	VL: 3.636e-03	LR:0.0005
Epoch: 54	TL: 1.810e-03	VL: 1.433e-03	LR:0.0005
Epoch: 55	TL: 1.781e-03	VL: 1.879e-03	LR:0.0005
Epoch: 56	TL: 1.743e-03	VL: 1.601e-03	LR:0.0005
Epoch: 57	TL: 1.891e-03	VL: 1.844e-03	LR:0.0005
Epoch: 58	TL: 1.506e-03	VL: 1.989e-03	LR:0.0005
Epoch: 59	TL: 1.705e-03	VL: 1.411e-03	LR:0.0005
Epoch: 60	TL: 1.685e-03	VL: 1.894e-03	LR:0.0005
Epoch: 61	TL: 1.499e-03	VL: 1.661e-03	LR:0.0005
Epoch: 62	TL: 1.553e-03	VL: 4.226e-03	LR:0.0005
Epoch: 63	TL: 1.705e-03	VL: 1.852e-03	LR:0.0005
Epoch: 64	TL: 1.478e-03	VL: 1.496e-03	LR:0.0005
Epoch: 65	TL: 1.708e-03	VL: 3.353e-03	LR:0.0005
Epoch: 66	TL: 1.844e-03	VL: 2.831e-03	LR:0.0005
Epoch: 67	TL: 1.663e-03	VL: 1.930e-03	LR:0.00025
Epoch: 68	TL: 6.965e-04	VL: 1.392e-03	LR:0.00025
Epoch: 69	TL: 7.668e-04	VL: 1.247e-03	LR:0.00025
Epoch: 70	TL: 7.741e-04	VL: 1.227e-03	LR:0.00025
Epoch: 71	TL: 8.072e-04	VL: 1.091e-03	LR:0.00025
Epoch: 72	TL: 7.076e-04	VL: 1.446e-03	LR:0.00025
Epoch: 73	TL: 7.386e-04	VL: 1.123e-03	LR:0.00025
Epoch: 74	TL: 7.218e-04	VL: 1.256e-03	LR:0.00025
Epoch: 75	TL: 6.831e-04	VL: 1.020e-03	LR:0.00025
Epoch: 76	TL: 7.011e-04	VL: 1.313e-03	LR:0.00025
Epoch: 77	TL: 7.202e-04	VL: 1.000e-03	LR:0.00025
Epoch: 78	TL: 6.846e-04	VL: 1.142e-03	LR:0.00025
Epoch: 79	TL: 6.555e-04	VL: 9.901e-04	LR:0.00025
Epoch: 80	TL: 7.033e-04	VL: 1.002e-03	LR:0.00025
Epoch: 81	TL: 6.656e-04	VL: 1.050e-03	LR:0.00025
Epoch: 82	TL: 6.141e-04	VL: 9.706e-04	LR:0.00025
Epoch: 83	TL: 6.574e-04	VL: 9.316e-04	LR:0.00025
Epoch: 84	TL: 6.092e-04	VL: 9.388e-04	LR:0.00025
Epoch: 85	TL: 7.170e-04	VL: 1.028e-03	LR:0.00025
Epoch: 86	TL: 5.861e-04	VL: 1.143e-03	LR:0.00025
Epoch: 87	TL: 5.806e-04	VL: 9.326e-04	LR:0.00025
Epoch: 88	TL: 6.331e-04	VL: 9.855e-04	LR:0.00025
Epoch: 89	TL: 6.234e-04	VL: 1.962e-03	LR:0.00025
Epoch: 90	TL: 6.095e-04	VL: 1.109e-03	LR:0.00025
Epoch: 91	TL: 5.946e-04	VL: 9.349e-04	LR:0.00025
Epoch: 92	TL: 6.172e-04	VL: 1.026e-03	LR:0.00025
Epoch: 93	TL: 5.727e-04	VL: 1.194e-03	LR:0.00025
Epoch: 94	TL: 6.089e-04	VL: 1.078e-03	LR:0.00025
Epoch: 95	TL: 5.717e-04	VL: 1.131e-03	LR:0.00025
Epoch: 96	TL: 6.083e-04	VL: 1.107e-03	LR:0.00025
Epoch: 97	TL: 5.753e-04	VL: 8.682e-04	LR:0.00025
Epoch: 98	TL: 5.389e-04	VL: 1.417e-03	LR:0.00025
Epoch: 99	TL: 6.085e-04	VL: 1.371e-03	LR:0.00025
Epoch: 100	TL: 5.744e-04	VL: 9.271e-04	LR:0.00025
Epoch: 101	TL: 6.197e-04	VL: 1.250e-03	LR:0.00025
Epoch: 102	TL: 5.573e-04	VL: 9.905e-04	LR:0.00025
Epoch: 103	TL: 5.575e-04	VL: 8.802e-04	LR:0.00025
Epoch: 104	TL: 5.572e-04	VL: 8.557e-04	LR:0.00025
Epoch: 105	TL: 5.648e-04	VL: 1.047e-03	LR:0.00025
Epoch: 106	TL: 5.162e-04	VL: 9.672e-04	LR:0.00025
Epoch: 107	TL: 5.459e-04	VL: 9.759e-04	LR:0.00025
Epoch: 108	TL: 5.524e-04	VL: 1.007e-03	LR:0.00025
Epoch: 109	TL: 5.557e-04	VL: 9.446e-04	LR:0.00025
Epoch: 110	TL: 5.183e-04	VL: 8.712e-04	LR:0.00025
Epoch: 111	TL: 5.620e-04	VL: 8.713e-04	LR:0.00025
Epoch: 112	TL: 5.576e-04	VL: 9.377e-04	LR:0.00025
Epoch: 113	TL: 5.390e-04	VL: 1.439e-03	LR:0.00025
Epoch: 114	TL: 5.074e-04	VL: 8.741e-04	LR:0.00025
Epoch: 115	TL: 5.549e-04	VL: 9.120e-04	LR:0.00025
Epoch: 116	TL: 5.183e-04	VL: 1.312e-03	LR:0.00025
Epoch: 117	TL: 5.356e-04	VL: 1.940e-03	LR:0.00025
Epoch: 118	TL: 5.227e-04	VL: 9.659e-04	LR:0.000125
Epoch: 119	TL: 2.693e-04	VL: 9.439e-04	LR:0.000125
Epoch: 120	TL: 2.891e-04	VL: 7.785e-04	LR:0.000125
Epoch: 121	TL: 3.131e-04	VL: 7.882e-04	LR:0.000125
Epoch: 122	TL: 2.850e-04	VL: 7.453e-04	LR:0.000125
Epoch: 123	TL: 2.973e-04	VL: 8.150e-04	LR:0.000125
Epoch: 124	TL: 3.036e-04	VL: 8.586e-04	LR:0.000125
Epoch: 125	TL: 2.837e-04	VL: 7.683e-04	LR:0.000125
Epoch: 126	TL: 2.899e-04	VL: 7.882e-04	LR:0.000125
Epoch: 127	TL: 2.933e-04	VL: 7.313e-04	LR:0.000125
Epoch: 128	TL: 2.777e-04	VL: 7.532e-04	LR:0.000125
Epoch: 129	TL: 2.919e-04	VL: 7.810e-04	LR:0.000125
Epoch: 130	TL: 2.883e-04	VL: 7.647e-04	LR:0.000125
Epoch: 131	TL: 2.721e-04	VL: 7.235e-04	LR:0.000125
Epoch: 132	TL: 2.887e-04	VL: 7.981e-04	LR:0.000125
Epoch: 133	TL: 2.771e-04	VL: 7.370e-04	LR:0.000125
Epoch: 134	TL: 2.823e-04	VL: 7.063e-04	LR:0.000125
Epoch: 135	TL: 2.657e-04	VL: 7.421e-04	LR:0.000125
Epoch: 136	TL: 2.824e-04	VL: 7.718e-04	LR:0.000125
Epoch: 137	TL: 2.593e-04	VL: 7.564e-04	LR:0.000125
Epoch: 138	TL: 2.805e-04	VL: 7.270e-04	LR:0.000125
Epoch: 139	TL: 2.629e-04	VL: 7.401e-04	LR:0.000125
Epoch: 140	TL: 2.599e-04	VL: 7.266e-04	LR:0.000125
Epoch: 141	TL: 2.696e-04	VL: 7.306e-04	LR:0.000125
Epoch: 142	TL: 2.677e-04	VL: 7.810e-04	LR:0.000125
Epoch: 143	TL: 2.762e-04	VL: 7.040e-04	LR:0.000125
Epoch: 144	TL: 2.587e-04	VL: 7.206e-04	LR:0.000125
Epoch: 145	TL: 2.653e-04	VL: 7.839e-04	LR:0.000125
Epoch: 146	TL: 2.607e-04	VL: 7.117e-04	LR:0.000125
Epoch: 147	TL: 2.564e-04	VL: 7.738e-04	LR:0.000125
Epoch: 148	TL: 2.553e-04	VL: 7.252e-04	LR:0.000125
Epoch: 149	TL: 2.502e-04	VL: 7.631e-04	LR:0.000125
Epoch: 150	TL: 2.603e-04	VL: 6.942e-04	LR:0.000125
Epoch: 151	TL: 2.557e-04	VL: 7.290e-04	LR:0.000125
Epoch: 152	TL: 2.500e-04	VL: 8.457e-04	LR:0.000125
Epoch: 153	TL: 2.557e-04	VL: 9.127e-04	LR:0.000125
Epoch: 154	TL: 2.553e-04	VL: 7.070e-04	LR:0.000125
Epoch: 155	TL: 2.576e-04	VL: 7.142e-04	LR:0.000125
Epoch: 156	TL: 2.469e-04	VL: 7.588e-04	LR:0.000125
Epoch: 157	TL: 2.425e-04	VL: 6.765e-04	LR:6.25e-05
Epoch: 158	TL: 1.703e-04	VL: 6.724e-04	LR:6.25e-05
Epoch: 159	TL: 1.725e-04	VL: 6.572e-04	LR:6.25e-05
Epoch: 160	TL: 1.759e-04	VL: 8.177e-04	LR:6.25e-05
Epoch: 161	TL: 1.747e-04	VL: 6.446e-04	LR:6.25e-05
Epoch: 162	TL: 1.756e-04	VL: 6.505e-04	LR:6.25e-05
Epoch: 163	TL: 1.716e-04	VL: 6.473e-04	LR:6.25e-05
Epoch: 164	TL: 1.737e-04	VL: 6.544e-04	LR:6.25e-05
Epoch: 165	TL: 1.739e-04	VL: 6.630e-04	LR:6.25e-05
Epoch: 166	TL: 1.664e-04	VL: 6.702e-04	LR:6.25e-05
Epoch: 167	TL: 1.712e-04	VL: 6.715e-04	LR:6.25e-05
Epoch: 168	TL: 1.702e-04	VL: 6.597e-04	LR:6.25e-05
Epoch: 169	TL: 1.672e-04	VL: 7.828e-04	LR:6.25e-05
Epoch: 170	TL: 1.651e-04	VL: 6.730e-04	LR:6.25e-05
Epoch: 171	TL: 1.709e-04	VL: 6.735e-04	LR:6.25e-05
Epoch: 172	TL: 1.644e-04	VL: 6.537e-04	LR:6.25e-05
Epoch: 173	TL: 1.660e-04	VL: 6.645e-04	LR:6.25e-05
Epoch: 174	TL: 1.641e-04	VL: 6.735e-04	LR:6.25e-05
Epoch: 175	TL: 1.658e-04	VL: 6.580e-04	LR:6.25e-05
Epoch: 176	TL: 1.631e-04	VL: 6.460e-04	LR:6.25e-05
Epoch: 177	TL: 1.629e-04	VL: 6.416e-04	LR:6.25e-05
Epoch: 178	TL: 1.643e-04	VL: 6.796e-04	LR:6.25e-05
Epoch: 179	TL: 1.617e-04	VL: 6.611e-04	LR:6.25e-05
Epoch: 180	TL: 1.623e-04	VL: 6.401e-04	LR:6.25e-05
Epoch: 181	TL: 1.591e-04	VL: 6.402e-04	LR:6.25e-05
Epoch: 182	TL: 1.575e-04	VL: 6.451e-04	LR:6.25e-05
Epoch: 183	TL: 1.637e-04	VL: 6.374e-04	LR:6.25e-05
Epoch: 184	TL: 1.611e-04	VL: 6.592e-04	LR:6.25e-05
Epoch: 185	TL: 1.599e-04	VL: 6.653e-04	LR:6.25e-05
Epoch: 186	TL: 1.560e-04	VL: 6.635e-04	LR:6.25e-05
Epoch: 187	TL: 1.591e-04	VL: 6.703e-04	LR:6.25e-05
Epoch: 188	TL: 1.588e-04	VL: 6.456e-04	LR:6.25e-05
Epoch: 189	TL: 1.590e-04	VL: 6.504e-04	LR:6.25e-05
Epoch: 190	TL: 1.577e-04	VL: 6.489e-04	LR:6.25e-05
Epoch: 191	TL: 1.578e-04	VL: 6.698e-04	LR:6.25e-05
Epoch: 192	TL: 1.558e-04	VL: 6.773e-04	LR:6.25e-05
Epoch: 193	TL: 1.607e-04	VL: 6.439e-04	LR:6.25e-05
Epoch: 194	TL: 1.576e-04	VL: 6.448e-04	LR:6.25e-05
Epoch: 195	TL: 1.562e-04	VL: 6.457e-04	LR:6.25e-05
Epoch: 196	TL: 1.526e-04	VL: 6.888e-04	LR:6.25e-05
Epoch: 197	TL: 1.552e-04	VL: 6.247e-04	LR:6.25e-05
Epoch: 198	TL: 1.561e-04	VL: 6.453e-04	LR:6.25e-05
Epoch: 199	TL: 1.537e-04	VL: 6.287e-04	LR:6.25e-05
Epoch: 200	TL: 1.531e-04	VL: 6.305e-04	LR:6.25e-05
Epoch: 201	TL: 1.515e-04	VL: 6.505e-04	LR:6.25e-05
Epoch: 202	TL: 1.493e-04	VL: 6.316e-04	LR:6.25e-05
Epoch: 203	TL: 1.545e-04	VL: 6.240e-04	LR:6.25e-05
Epoch: 204	TL: 1.495e-04	VL: 6.402e-04	LR:6.25e-05
Epoch: 205	TL: 1.511e-04	VL: 6.545e-04	LR:6.25e-05
Epoch: 206	TL: 1.494e-04	VL: 6.964e-04	LR:6.25e-05
Epoch: 207	TL: 1.452e-04	VL: 6.485e-04	LR:6.25e-05
Epoch: 208	TL: 1.555e-04	VL: 6.455e-04	LR:6.25e-05
Epoch: 209	TL: 1.501e-04	VL: 6.217e-04	LR:6.25e-05
Epoch: 210	TL: 1.512e-04	VL: 6.466e-04	LR:3.125e-05
Epoch: 211	TL: 1.172e-04	VL: 6.180e-04	LR:3.125e-05
Epoch: 212	TL: 1.193e-04	VL: 6.241e-04	LR:3.125e-05
Epoch: 213	TL: 1.205e-04	VL: 6.197e-04	LR:3.125e-05
Epoch: 214	TL: 1.194e-04	VL: 6.112e-04	LR:3.125e-05
Epoch: 215	TL: 1.191e-04	VL: 6.212e-04	LR:3.125e-05
Epoch: 216	TL: 1.194e-04	VL: 6.251e-04	LR:3.125e-05
Epoch: 217	TL: 1.201e-04	VL: 6.151e-04	LR:3.125e-05
Epoch: 218	TL: 1.176e-04	VL: 6.232e-04	LR:3.125e-05
Epoch: 219	TL: 1.198e-04	VL: 6.159e-04	LR:3.125e-05
Epoch: 220	TL: 1.166e-04	VL: 6.154e-04	LR:3.125e-05
Epoch: 221	TL: 1.181e-04	VL: 6.144e-04	LR:3.125e-05
Epoch: 222	TL: 1.193e-04	VL: 6.159e-04	LR:3.125e-05
Epoch: 223	TL: 1.173e-04	VL: 6.225e-04	LR:3.125e-05
Epoch: 224	TL: 1.196e-04	VL: 6.437e-04	LR:3.125e-05
Epoch: 225	TL: 1.167e-04	VL: 6.102e-04	LR:3.125e-05
Epoch: 226	TL: 1.173e-04	VL: 6.186e-04	LR:3.125e-05
Epoch: 227	TL: 1.167e-04	VL: 6.194e-04	LR:3.125e-05
Epoch: 228	TL: 1.171e-04	VL: 6.204e-04	LR:3.125e-05
Epoch: 229	TL: 1.181e-04	VL: 6.224e-04	LR:3.125e-05
Epoch: 230	TL: 1.156e-04	VL: 6.336e-04	LR:3.125e-05
Epoch: 231	TL: 1.141e-04	VL: 6.154e-04	LR:3.125e-05
Epoch: 232	TL: 1.168e-04	VL: 6.193e-04	LR:3.125e-05
Epoch: 233	TL: 1.158e-04	VL: 6.116e-04	LR:3.125e-05
Epoch: 234	TL: 1.144e-04	VL: 6.489e-04	LR:3.125e-05
Epoch: 235	TL: 1.142e-04	VL: 6.339e-04	LR:3.125e-05
Epoch: 236	TL: 1.149e-04	VL: 6.264e-04	LR:3.125e-05
Epoch: 237	TL: 1.127e-04	VL: 6.120e-04	LR:3.125e-05
Epoch: 238	TL: 1.144e-04	VL: 6.161e-04	LR:3.125e-05
Epoch: 239	TL: 1.135e-04	VL: 6.122e-04	LR:1.5625e-05
Epoch: 240	TL: 9.988e-05	VL: 6.083e-04	LR:1.5625e-05
Epoch: 241	TL: 1.013e-04	VL: 6.066e-04	LR:1.5625e-05
Epoch: 242	TL: 1.008e-04	VL: 6.308e-04	LR:1.5625e-05
Epoch: 243	TL: 1.014e-04	VL: 6.086e-04	LR:1.5625e-05
Epoch: 244	TL: 1.010e-04	VL: 6.076e-04	LR:1.5625e-05
Epoch: 245	TL: 1.015e-04	VL: 6.097e-04	LR:1.5625e-05
Epoch: 246	TL: 9.991e-05	VL: 6.029e-04	LR:1.5625e-05
Epoch: 247	TL: 1.005e-04	VL: 6.127e-04	LR:1.5625e-05
Epoch: 248	TL: 1.002e-04	VL: 6.016e-04	LR:1.5625e-05
Epoch: 249	TL: 9.980e-05	VL: 6.061e-04	LR:1.5625e-05
Epoch: 250	TL: 9.992e-05	VL: 6.071e-04	LR:1.5625e-05
Epoch: 251	TL: 9.971e-05	VL: 6.060e-04	LR:1.5625e-05
Epoch: 252	TL: 1.005e-04	VL: 6.024e-04	LR:1.5625e-05
Epoch: 253	TL: 9.991e-05	VL: 6.105e-04	LR:1.5625e-05
Epoch: 254	TL: 9.957e-05	VL: 6.076e-04	LR:1.5625e-05
Epoch: 255	TL: 9.977e-05	VL: 6.063e-04	LR:1.5625e-05
Epoch: 256	TL: 9.886e-05	VL: 5.989e-04	LR:1.5625e-05
Epoch: 257	TL: 9.898e-05	VL: 6.045e-04	LR:1.5625e-05
Epoch: 258	TL: 9.946e-05	VL: 6.045e-04	LR:1.5625e-05
Epoch: 259	TL: 9.846e-05	VL: 6.068e-04	LR:1.5625e-05
Epoch: 260	TL: 9.896e-05	VL: 6.078e-04	LR:1.5625e-05
Epoch: 261	TL: 9.925e-05	VL: 5.991e-04	LR:1.5625e-05
Epoch: 262	TL: 9.761e-05	VL: 6.116e-04	LR:1.5625e-05
Epoch: 263	TL: 9.902e-05	VL: 5.999e-04	LR:1.5625e-05
Epoch: 264	TL: 9.818e-05	VL: 6.213e-04	LR:1.5625e-05
Epoch: 265	TL: 9.765e-05	VL: 6.063e-04	LR:1.5625e-05
Epoch: 266	TL: 9.857e-05	VL: 6.029e-04	LR:1.5625e-05
Epoch: 267	TL: 9.835e-05	VL: 6.114e-04	LR:1.5625e-05
Epoch: 268	TL: 9.788e-05	VL: 6.020e-04	LR:1.5625e-05
Epoch: 269	TL: 9.888e-05	VL: 6.193e-04	LR:7.8125e-06
Epoch: 270	TL: 9.103e-05	VL: 5.957e-04	LR:7.8125e-06
Epoch: 271	TL: 9.080e-05	VL: 5.950e-04	LR:7.8125e-06
Epoch: 272	TL: 9.157e-05	VL: 5.986e-04	LR:7.8125e-06
Epoch: 273	TL: 9.152e-05	VL: 5.976e-04	LR:7.8125e-06
Epoch: 274	TL: 9.103e-05	VL: 6.000e-04	LR:7.8125e-06
Epoch: 275	TL: 9.102e-05	VL: 6.064e-04	LR:7.8125e-06
Epoch: 276	TL: 9.064e-05	VL: 5.968e-04	LR:7.8125e-06
Epoch: 277	TL: 9.107e-05	VL: 6.053e-04	LR:7.8125e-06
Epoch: 278	TL: 9.082e-05	VL: 6.063e-04	LR:7.8125e-06
Epoch: 279	TL: 9.077e-05	VL: 5.975e-04	LR:7.8125e-06
Epoch: 280	TL: 9.143e-05	VL: 6.065e-04	LR:7.8125e-06
Epoch: 281	TL: 9.056e-05	VL: 6.002e-04	LR:7.8125e-06
Epoch: 282	TL: 9.094e-05	VL: 6.027e-04	LR:7.8125e-06
Epoch: 283	TL: 9.043e-05	VL: 5.987e-04	LR:7.8125e-06
Epoch: 284	TL: 9.008e-05	VL: 5.975e-04	LR:7.8125e-06
Epoch: 285	TL: 9.061e-05	VL: 6.005e-04	LR:7.8125e-06
Epoch: 286	TL: 9.040e-05	VL: 5.994e-04	LR:7.8125e-06
Epoch: 287	TL: 9.068e-05	VL: 6.017e-04	LR:7.8125e-06
Epoch: 288	TL: 9.041e-05	VL: 6.003e-04	LR:7.8125e-06
Epoch: 289	TL: 9.001e-05	VL: 5.997e-04	LR:7.8125e-06
Epoch: 290	TL: 9.019e-05	VL: 5.992e-04	LR:7.8125e-06
Epoch: 291	TL: 8.965e-05	VL: 5.995e-04	LR:7.8125e-06
Epoch: 292	TL: 9.006e-05	VL: 5.965e-04	LR:7.8125e-06
Epoch: 293	TL: 9.002e-05	VL: 5.955e-04	LR:7.8125e-06
Epoch: 294	TL: 9.010e-05	VL: 6.027e-04	LR:7.8125e-06
Epoch: 295	TL: 8.978e-05	VL: 5.964e-04	LR:7.8125e-06
Epoch: 296	TL: 8.971e-05	VL: 5.979e-04	LR:7.8125e-06
Epoch: 297	TL: 8.972e-05	VL: 6.052e-04	LR:7.8125e-06
Epoch: 298	TL: 8.989e-05	VL: 5.953e-04	LR:7.8125e-06
Epoch: 299	TL: 8.938e-05	VL: 5.972e-04	LR:7.8125e-06
Epoch: 300	TL: 9.020e-05	VL: 6.039e-04	LR:7.8125e-06
Epoch: 301	TL: 8.997e-05	VL: 5.939e-04	LR:7.8125e-06
Epoch: 302	TL: 8.959e-05	VL: 5.991e-04	LR:7.8125e-06
Epoch: 303	TL: 8.898e-05	VL: 6.097e-04	LR:7.8125e-06
Epoch: 304	TL: 8.924e-05	VL: 6.074e-04	LR:7.8125e-06
Epoch: 305	TL: 8.917e-05	VL: 5.982e-04	LR:7.8125e-06
Epoch: 306	TL: 8.887e-05	VL: 6.020e-04	LR:7.8125e-06
Epoch: 307	TL: 8.887e-05	VL: 5.979e-04	LR:7.8125e-06
Epoch: 308	TL: 8.894e-05	VL: 5.952e-04	LR:3.90625e-06
Epoch: 309	TL: 8.571e-05	VL: 5.945e-04	LR:3.90625e-06
Epoch: 310	TL: 8.565e-05	VL: 5.963e-04	LR:3.90625e-06
Epoch: 311	TL: 8.550e-05	VL: 5.940e-04	LR:3.90625e-06
Epoch: 312	TL: 8.563e-05	VL: 5.952e-04	LR:3.90625e-06
Epoch: 313	TL: 8.578e-05	VL: 5.960e-04	LR:3.90625e-06
Epoch: 314	TL: 8.550e-05	VL: 5.937e-04	LR:3.90625e-06
Epoch: 315	TL: 8.547e-05	VL: 5.933e-04	LR:3.90625e-06
Epoch: 316	TL: 8.544e-05	VL: 5.940e-04	LR:3.90625e-06
Epoch: 317	TL: 8.562e-05	VL: 5.942e-04	LR:3.90625e-06
Epoch: 318	TL: 8.541e-05	VL: 5.944e-04	LR:3.90625e-06
Epoch: 319	TL: 8.545e-05	VL: 5.938e-04	LR:3.90625e-06
Epoch: 320	TL: 8.526e-05	VL: 5.935e-04	LR:3.90625e-06
Epoch: 321	TL: 8.517e-05	VL: 5.948e-04	LR:3.90625e-06
Epoch: 322	TL: 8.533e-05	VL: 5.945e-04	LR:3.90625e-06
Epoch: 323	TL: 8.530e-05	VL: 5.960e-04	LR:3.90625e-06
Epoch: 324	TL: 8.518e-05	VL: 5.980e-04	LR:3.90625e-06
Epoch: 325	TL: 8.534e-05	VL: 5.928e-04	LR:3.90625e-06
Epoch: 326	TL: 8.523e-05	VL: 5.928e-04	LR:3.90625e-06
Epoch: 327	TL: 8.529e-05	VL: 5.963e-04	LR:3.90625e-06
Epoch: 328	TL: 8.501e-05	VL: 5.952e-04	LR:3.90625e-06
Epoch: 329	TL: 8.467e-05	VL: 5.928e-04	LR:3.90625e-06
Epoch: 330	TL: 8.491e-05	VL: 5.971e-04	LR:3.90625e-06
Epoch: 331	TL: 8.480e-05	VL: 5.948e-04	LR:3.90625e-06
Epoch: 332	TL: 8.492e-05	VL: 5.936e-04	LR:3.90625e-06
Epoch: 333	TL: 8.488e-05	VL: 5.940e-04	LR:3.90625e-06
Epoch: 334	TL: 8.486e-05	VL: 5.971e-04	LR:3.90625e-06
Epoch: 335	TL: 8.515e-05	VL: 5.947e-04	LR:3.90625e-06
Epoch: 336	TL: 8.485e-05	VL: 5.981e-04	LR:3.90625e-06
Epoch: 337	TL: 8.486e-05	VL: 5.939e-04	LR:3.90625e-06
Epoch: 338	TL: 8.478e-05	VL: 5.958e-04	LR:3.90625e-06
Epoch: 339	TL: 8.473e-05	VL: 5.961e-04	LR:1.953125e-06
Epoch: 340	TL: 8.299e-05	VL: 5.931e-04	LR:1.953125e-06
Epoch: 341	TL: 8.298e-05	VL: 5.942e-04	LR:1.953125e-06
Epoch: 342	TL: 8.296e-05	VL: 5.919e-04	LR:1.953125e-06
Epoch: 343	TL: 8.281e-05	VL: 5.929e-04	LR:1.953125e-06
Epoch: 344	TL: 8.292e-05	VL: 5.922e-04	LR:1.953125e-06
Epoch: 345	TL: 8.288e-05	VL: 5.949e-04	LR:1.953125e-06
Epoch: 346	TL: 8.279e-05	VL: 5.914e-04	LR:1.953125e-06
Epoch: 347	TL: 8.286e-05	VL: 5.930e-04	LR:1.953125e-06
Epoch: 348	TL: 8.296e-05	VL: 5.940e-04	LR:1.953125e-06
Epoch: 349	TL: 8.265e-05	VL: 5.934e-04	LR:1.953125e-06
Epoch: 350	TL: 8.263e-05	VL: 5.924e-04	LR:1.953125e-06
Epoch: 351	TL: 8.279e-05	VL: 5.925e-04	LR:1.953125e-06
Epoch: 352	TL: 8.286e-05	VL: 5.933e-04	LR:1.953125e-06
Epoch: 353	TL: 8.277e-05	VL: 5.939e-04	LR:1.953125e-06
Epoch: 354	TL: 8.271e-05	VL: 5.920e-04	LR:1.953125e-06
Epoch: 355	TL: 8.272e-05	VL: 5.925e-04	LR:1.953125e-06
Epoch: 356	TL: 8.283e-05	VL: 5.926e-04	LR:1.953125e-06
Epoch: 357	TL: 8.277e-05	VL: 5.918e-04	LR:1.953125e-06
Epoch: 358	TL: 8.274e-05	VL: 5.922e-04	LR:1.953125e-06
Epoch: 359	TL: 8.268e-05	VL: 5.931e-04	LR:1.953125e-06
Epoch: 360	TL: 8.261e-05	VL: 5.923e-04	LR:1.953125e-06
Epoch: 361	TL: 8.266e-05	VL: 5.922e-04	LR:1.953125e-06
Epoch: 362	TL: 8.248e-05	VL: 5.936e-04	LR:1.953125e-06
Epoch: 363	TL: 8.270e-05	VL: 5.924e-04	LR:1.953125e-06
Epoch: 364	TL: 8.270e-05	VL: 5.931e-04	LR:1.953125e-06
Epoch: 365	TL: 8.238e-05	VL: 5.913e-04	LR:1.953125e-06
Epoch: 366	TL: 8.260e-05	VL: 5.937e-04	LR:1.953125e-06
Epoch: 367	TL: 8.255e-05	VL: 5.930e-04	LR:1.953125e-06
Epoch: 368	TL: 8.250e-05	VL: 5.924e-04	LR:1.953125e-06
Epoch: 369	TL: 8.249e-05	VL: 5.931e-04	LR:1.953125e-06
Epoch: 370	TL: 8.241e-05	VL: 5.911e-04	LR:1.953125e-06
Epoch: 371	TL: 8.251e-05	VL: 5.926e-04	LR:1.953125e-06
Epoch: 372	TL: 8.251e-05	VL: 5.927e-04	LR:1.953125e-06
Epoch: 373	TL: 8.258e-05	VL: 5.930e-04	LR:1.953125e-06
Epoch: 374	TL: 8.237e-05	VL: 5.926e-04	LR:1.953125e-06
Epoch: 375	TL: 8.245e-05	VL: 5.929e-04	LR:1.953125e-06
Epoch: 376	TL: 8.238e-05	VL: 5.923e-04	LR:1.953125e-06
Epoch: 377	TL: 8.239e-05	VL: 5.911e-04	LR:1.953125e-06
Epoch: 378	TL: 8.242e-05	VL: 5.922e-04	LR:1.953125e-06
Epoch: 379	TL: 8.221e-05	VL: 5.920e-04	LR:1.953125e-06
Epoch: 380	TL: 8.225e-05	VL: 5.925e-04	LR:1.953125e-06
Epoch: 381	TL: 8.241e-05	VL: 5.914e-04	LR:1.953125e-06
Epoch: 382	TL: 8.210e-05	VL: 5.935e-04	LR:1.953125e-06
Epoch: 383	TL: 8.209e-05	VL: 5.926e-04	LR:1.953125e-06
Epoch: 384	TL: 8.221e-05	VL: 5.926e-04	LR:1.953125e-06
Epoch: 385	TL: 8.237e-05	VL: 5.915e-04	LR:1.953125e-06
Epoch: 386	TL: 8.203e-05	VL: 5.945e-04	LR:1.953125e-06
Epoch: 387	TL: 8.199e-05	VL: 5.919e-04	LR:9.765625e-07
Epoch: 388	TL: 8.137e-05	VL: 5.921e-04	LR:9.765625e-07
Epoch: 389	TL: 8.116e-05	VL: 5.910e-04	LR:9.765625e-07
Epoch: 390	TL: 8.122e-05	VL: 5.913e-04	LR:9.765625e-07
Epoch: 391	TL: 8.118e-05	VL: 5.929e-04	LR:9.765625e-07
Epoch: 392	TL: 8.114e-05	VL: 5.918e-04	LR:9.765625e-07
Epoch: 393	TL: 8.122e-05	VL: 5.915e-04	LR:9.765625e-07
Epoch: 394	TL: 8.110e-05	VL: 5.911e-04	LR:9.765625e-07
Epoch: 395	TL: 8.111e-05	VL: 5.921e-04	LR:9.765625e-07
Epoch: 396	TL: 8.115e-05	VL: 5.917e-04	LR:9.765625e-07
Epoch: 397	TL: 8.113e-05	VL: 5.909e-04	LR:9.765625e-07
Epoch: 398	TL: 8.111e-05	VL: 5.926e-04	LR:9.765625e-07
Epoch: 399	TL: 8.112e-05	VL: 5.913e-04	LR:9.765625e-07
Epoch: 400	TL: 8.107e-05	VL: 5.914e-04	LR:9.765625e-07
Epoch: 401	TL: 8.115e-05	VL: 5.929e-04	LR:9.765625e-07
Epoch: 402	TL: 8.106e-05	VL: 5.905e-04	LR:9.765625e-07
Epoch: 403	TL: 8.110e-05	VL: 5.899e-04	LR:9.765625e-07
Epoch: 404	TL: 8.097e-05	VL: 5.908e-04	LR:9.765625e-07
Epoch: 405	TL: 8.113e-05	VL: 5.919e-04	LR:9.765625e-07
Epoch: 406	TL: 8.103e-05	VL: 5.905e-04	LR:9.765625e-07
Epoch: 407	TL: 8.112e-05	VL: 5.911e-04	LR:9.765625e-07
Epoch: 408	TL: 8.100e-05	VL: 5.908e-04	LR:9.765625e-07
Epoch: 409	TL: 8.107e-05	VL: 5.900e-04	LR:9.765625e-07
Epoch: 410	TL: 8.105e-05	VL: 5.916e-04	LR:9.765625e-07
Epoch: 411	TL: 8.101e-05	VL: 5.905e-04	LR:9.765625e-07
Epoch: 412	TL: 8.101e-05	VL: 5.926e-04	LR:9.765625e-07
Epoch: 413	TL: 8.096e-05	VL: 5.910e-04	LR:9.765625e-07
Epoch: 414	TL: 8.112e-05	VL: 5.917e-04	LR:9.765625e-07
Epoch: 415	TL: 8.087e-05	VL: 5.911e-04	LR:9.765625e-07
Epoch: 416	TL: 8.108e-05	VL: 5.914e-04	LR:9.765625e-07
Epoch: 417	TL: 8.101e-05	VL: 5.918e-04	LR:4.8828125e-07
Epoch: 418	TL: 8.041e-05	VL: 5.916e-04	LR:4.8828125e-07
Epoch: 419	TL: 8.042e-05	VL: 5.899e-04	LR:4.8828125e-07
Epoch: 420	TL: 8.042e-05	VL: 5.919e-04	LR:4.8828125e-07
Epoch: 421	TL: 8.041e-05	VL: 5.905e-04	LR:4.8828125e-07
Epoch: 422	TL: 8.049e-05	VL: 5.901e-04	LR:4.8828125e-07
Epoch: 423	TL: 8.042e-05	VL: 5.902e-04	LR:4.8828125e-07
Epoch: 424	TL: 8.038e-05	VL: 5.914e-04	LR:4.8828125e-07
Epoch: 425	TL: 8.039e-05	VL: 5.913e-04	LR:4.8828125e-07
Epoch: 426	TL: 8.041e-05	VL: 5.919e-04	LR:4.8828125e-07
Epoch: 427	TL: 8.044e-05	VL: 5.913e-04	LR:4.8828125e-07
Epoch: 428	TL: 8.039e-05	VL: 5.910e-04	LR:4.8828125e-07
Epoch: 429	TL: 8.039e-05	VL: 5.911e-04	LR:2.44140625e-07
Epoch: 430	TL: 8.017e-05	VL: 5.909e-04	LR:2.44140625e-07
Epoch: 431	TL: 8.007e-05	VL: 5.907e-04	LR:2.44140625e-07
Epoch: 432	TL: 8.017e-05	VL: 5.907e-04	LR:2.44140625e-07
Epoch: 433	TL: 8.010e-05	VL: 5.906e-04	LR:2.44140625e-07
Epoch: 434	TL: 8.012e-05	VL: 5.908e-04	LR:2.44140625e-07
Epoch: 435	TL: 8.013e-05	VL: 5.908e-04	LR:2.44140625e-07
Epoch: 436	TL: 8.006e-05	VL: 5.908e-04	LR:2.44140625e-07
Epoch: 437	TL: 8.012e-05	VL: 5.901e-04	LR:2.44140625e-07
Epoch: 438	TL: 8.011e-05	VL: 5.910e-04	LR:2.44140625e-07
Epoch: 439	TL: 8.011e-05	VL: 5.909e-04	LR:2.44140625e-07
Epoch: 440	TL: 7.997e-05	VL: 5.908e-04	LR:2.44140625e-07
Epoch: 441	TL: 8.011e-05	VL: 5.904e-04	LR:2.44140625e-07
Epoch: 442	TL: 8.009e-05	VL: 5.907e-04	LR:2.44140625e-07
Epoch: 443	TL: 8.014e-05	VL: 5.910e-04	LR:2.44140625e-07
Epoch: 444	TL: 8.012e-05	VL: 5.904e-04	LR:2.44140625e-07
Epoch: 445	TL: 8.007e-05	VL: 5.900e-04	LR:2.44140625e-07
Epoch: 446	TL: 8.016e-05	VL: 5.903e-04	LR:2.44140625e-07
Epoch: 447	TL: 8.009e-05	VL: 5.907e-04	LR:2.44140625e-07
Epoch: 448	TL: 8.002e-05	VL: 5.906e-04	LR:2.44140625e-07
Epoch: 449	TL: 8.009e-05	VL: 5.906e-04	LR:2.44140625e-07
Epoch: 450	TL: 8.006e-05	VL: 5.903e-04	LR:2.44140625e-07
Epoch: 451	TL: 8.000e-05	VL: 5.913e-04	LR:2.44140625e-07
Epoch: 452	TL: 8.010e-05	VL: 5.906e-04	LR:2.44140625e-07
Epoch: 453	TL: 8.009e-05	VL: 5.906e-04	LR:2.44140625e-07
Epoch: 454	TL: 8.012e-05	VL: 5.912e-04	LR:2.44140625e-07
Epoch: 455	TL: 8.008e-05	VL: 5.910e-04	LR:2.44140625e-07
Epoch: 456	TL: 8.015e-05	VL: 5.911e-04	LR:1.220703125e-07
Epoch: 457	TL: 7.992e-05	VL: 5.904e-04	LR:1.220703125e-07
Epoch: 458	TL: 7.989e-05	VL: 5.908e-04	LR:1.220703125e-07
Epoch: 459	TL: 7.993e-05	VL: 5.906e-04	LR:1.220703125e-07
Epoch: 460	TL: 7.994e-05	VL: 5.908e-04	LR:1.220703125e-07
Epoch: 461	TL: 7.988e-05	VL: 5.901e-04	LR:1.220703125e-07
Epoch: 462	TL: 7.988e-05	VL: 5.910e-04	LR:6.103515625e-08
Epoch: 463	TL: 7.986e-05	VL: 5.905e-04	LR:6.103515625e-08
Epoch: 464	TL: 7.985e-05	VL: 5.908e-04	LR:6.103515625e-08
Epoch: 465	TL: 7.988e-05	VL: 5.905e-04	LR:6.103515625e-08
Epoch: 466	TL: 7.988e-05	VL: 5.906e-04	LR:6.103515625e-08
Epoch: 467	TL: 7.987e-05	VL: 5.905e-04	LR:6.103515625e-08
Epoch: 468	TL: 7.983e-05	VL: 5.902e-04	LR:3.0517578125e-08
Epoch: 469	TL: 7.978e-05	VL: 5.907e-04	LR:3.0517578125e-08
Epoch: 470	TL: 7.977e-05	VL: 5.905e-04	LR:3.0517578125e-08
Epoch: 471	TL: 7.980e-05	VL: 5.904e-04	LR:3.0517578125e-08
Epoch: 472	TL: 7.983e-05	VL: 5.908e-04	LR:3.0517578125e-08
Epoch: 473	TL: 7.981e-05	VL: 5.904e-04	LR:3.0517578125e-08
Epoch: 474	TL: 7.985e-05	VL: 5.904e-04	LR:3.0517578125e-08
Epoch: 475	TL: 7.978e-05	VL: 5.906e-04	LR:3.0517578125e-08
Epoch: 476	TL: 7.979e-05	VL: 5.908e-04	LR:3.0517578125e-08
Epoch: 477	TL: 7.976e-05	VL: 5.907e-04	LR:3.0517578125e-08
Epoch: 478	TL: 7.979e-05	VL: 5.906e-04	LR:3.0517578125e-08
Epoch: 479	TL: 7.980e-05	VL: 5.906e-04	LR:3.0517578125e-08
Epoch: 480	TL: 7.981e-05	VL: 5.904e-04	LR:1.52587890625e-08
Epoch: 481	TL: 7.979e-05	VL: 5.906e-04	LR:1.52587890625e-08
Epoch: 482	TL: 7.980e-05	VL: 5.907e-04	LR:1.52587890625e-08
Epoch: 483	TL: 7.980e-05	VL: 5.906e-04	LR:1.52587890625e-08
Epoch: 484	TL: 7.979e-05	VL: 5.908e-04	LR:1.52587890625e-08
Epoch: 485	TL: 7.974e-05	VL: 5.907e-04	LR:1.52587890625e-08
Epoch: 486	TL: 7.975e-05	VL: 5.907e-04	LR:1.52587890625e-08
Epoch: 487	TL: 7.976e-05	VL: 5.907e-04	LR:1.52587890625e-08
Epoch: 488	TL: 7.978e-05	VL: 5.908e-04	LR:1.52587890625e-08
Epoch: 489	TL: 7.977e-05	VL: 5.906e-04	LR:1.52587890625e-08
Epoch: 490	TL: 7.979e-05	VL: 5.903e-04	LR:1.52587890625e-08
Epoch: 491	TL: 7.979e-05	VL: 5.906e-04	LR:1.52587890625e-08
Epoch: 492	TL: 7.972e-05	VL: 5.905e-04	LR:1.52587890625e-08
Epoch: 493	TL: 7.979e-05	VL: 5.906e-04	LR:1.52587890625e-08
Epoch: 494	TL: 7.979e-05	VL: 5.905e-04	LR:1.52587890625e-08
Epoch: 495	TL: 7.978e-05	VL: 5.907e-04	LR:1.52587890625e-08
Epoch: 496	TL: 7.979e-05	VL: 5.905e-04	LR:1.52587890625e-08
Epoch: 497	TL: 7.979e-05	VL: 5.904e-04	LR:1.52587890625e-08
Epoch: 498	TL: 7.977e-05	VL: 5.905e-04	LR:1.52587890625e-08
Epoch: 499	TL: 7.977e-05	VL: 5.906e-04	LR:1.52587890625e-08
Epoch: 500	TL: 7.979e-05	VL: 5.906e-04	LR:1.52587890625e-08
Epoch: 501	TL: 7.979e-05	VL: 5.907e-04	LR:1.52587890625e-08
Epoch: 502	TL: 7.976e-05	VL: 5.906e-04	LR:1.52587890625e-08
Epoch: 503	TL: 7.978e-05	VL: 5.904e-04	LR:1.52587890625e-08
Early stopping triggered after 504 epochs.
Test MAE: 11.879
