Sat Dec 14 13:11:52 2024       
+-----------------------------------------------------------------------------------------+
| NVIDIA-SMI 565.57.01              Driver Version: 565.57.01      CUDA Version: 12.7     |
|-----------------------------------------+------------------------+----------------------+
| GPU  Name                 Persistence-M | Bus-Id          Disp.A | Volatile Uncorr. ECC |
| Fan  Temp   Perf          Pwr:Usage/Cap |           Memory-Usage | GPU-Util  Compute M. |
|                                         |                        |               MIG M. |
|=========================================+========================+======================|
|   0  Tesla V100-SXM2-32GB           On  |   00000000:3B:00.0 Off |                    0 |
| N/A   41C    P0             44W /  300W |       1MiB /  32768MiB |      0%   E. Process |
|                                         |                        |                  N/A |
+-----------------------------------------+------------------------+----------------------+
                                                                                         
+-----------------------------------------------------------------------------------------+
| Processes:                                                                              |
|  GPU   GI   CI        PID   Type   Process name                              GPU Memory |
|        ID   ID                                                               Usage      |
|=========================================================================================|
|  No running processes found                                                             |
+-----------------------------------------------------------------------------------------+
cuda
Tesla V100-SXM2-32GB
Epoch: 1	TL: 4.794e-01	VL: 7.418e-02	 7.418e-02	 adam_lr:0.0005
Epoch: 2	TL: 4.747e-02	VL: 3.340e-02	 7.010e-02	 adam_lr:0.0005
Epoch: 3	TL: 2.250e-02	VL: 3.980e-02	 6.707e-02	 adam_lr:0.0005
Epoch: 4	TL: 1.532e-02	VL: 1.955e-02	 6.232e-02	 adam_lr:0.0005
Epoch: 5	TL: 1.206e-02	VL: 1.685e-02	 5.777e-02	 adam_lr:0.0005
Epoch: 6	TL: 1.044e-02	VL: 6.216e-03	 5.262e-02	 adam_lr:0.0005
Epoch: 7	TL: 9.318e-03	VL: 6.610e-03	 4.802e-02	 adam_lr:0.0005
Epoch: 8	TL: 8.333e-03	VL: 1.248e-02	 4.446e-02	 adam_lr:0.0005
Epoch: 9	TL: 7.303e-03	VL: 7.254e-03	 4.074e-02	 adam_lr:0.0005
Epoch: 10	TL: 7.220e-03	VL: 5.783e-03	 3.725e-02	 adam_lr:0.0005
Epoch: 11	TL: 6.534e-03	VL: 7.756e-03	 3.430e-02	 adam_lr:0.0005
Epoch: 12	TL: 5.846e-03	VL: 1.035e-02	 3.190e-02	 adam_lr:0.0005
Epoch: 13	TL: 5.648e-03	VL: 5.653e-03	 2.928e-02	 adam_lr:0.0005
Epoch: 14	TL: 5.680e-03	VL: 5.745e-03	 2.692e-02	 adam_lr:0.0005
Epoch: 15	TL: 4.770e-03	VL: 3.826e-03	 2.461e-02	 adam_lr:0.0005
Epoch: 16	TL: 4.730e-03	VL: 5.543e-03	 2.271e-02	 adam_lr:0.0005
Epoch: 17	TL: 4.641e-03	VL: 3.314e-03	 2.077e-02	 adam_lr:0.0005
Epoch: 18	TL: 4.543e-03	VL: 3.501e-03	 1.904e-02	 adam_lr:0.0005
Epoch: 19	TL: 3.816e-03	VL: 5.436e-03	 1.768e-02	 adam_lr:0.0005
Epoch: 20	TL: 3.851e-03	VL: 3.116e-03	 1.622e-02	 adam_lr:0.0005
Epoch: 21	TL: 3.868e-03	VL: 3.476e-03	 1.495e-02	 adam_lr:0.0005
Epoch: 22	TL: 3.583e-03	VL: 3.075e-03	 1.376e-02	 adam_lr:0.0005
Epoch: 23	TL: 3.559e-03	VL: 2.512e-03	 1.264e-02	 adam_lr:0.0005
Epoch: 24	TL: 3.348e-03	VL: 2.681e-03	 1.164e-02	 adam_lr:0.0005
Epoch: 25	TL: 3.392e-03	VL: 3.005e-03	 1.078e-02	 adam_lr:0.0005
Epoch: 26	TL: 3.081e-03	VL: 6.196e-03	 1.032e-02	 adam_lr:0.0005
Epoch: 27	TL: 3.120e-03	VL: 2.781e-03	 9.566e-03	 adam_lr:0.0005
Epoch: 28	TL: 2.933e-03	VL: 2.136e-03	 8.823e-03	 adam_lr:0.0005
Epoch: 29	TL: 2.884e-03	VL: 2.008e-03	 8.141e-03	 adam_lr:0.0005
Epoch: 30	TL: 2.701e-03	VL: 4.382e-03	 7.765e-03	 adam_lr:0.0005
Epoch: 31	TL: 2.934e-03	VL: 2.699e-03	 7.259e-03	 adam_lr:0.0005
Epoch: 32	TL: 2.757e-03	VL: 4.526e-03	 6.985e-03	 adam_lr:0.0005
Epoch: 33	TL: 2.573e-03	VL: 4.159e-03	 6.703e-03	 adam_lr:0.0005
Epoch: 34	TL: 2.585e-03	VL: 2.540e-03	 6.287e-03	 adam_lr:0.0005
Epoch: 35	TL: 2.654e-03	VL: 2.373e-03	 5.895e-03	 adam_lr:0.0005
Epoch: 36	TL: 2.428e-03	VL: 1.924e-03	 5.498e-03	 adam_lr:0.0005
Epoch: 37	TL: 2.634e-03	VL: 2.159e-03	 5.164e-03	 adam_lr:0.0005
Epoch: 38	TL: 2.233e-03	VL: 4.349e-03	 5.083e-03	 adam_lr:0.0005
Epoch: 39	TL: 2.445e-03	VL: 3.281e-03	 4.902e-03	 adam_lr:0.0005
Epoch: 40	TL: 2.105e-03	VL: 2.980e-03	 4.710e-03	 adam_lr:0.0005
Epoch: 41	TL: 2.407e-03	VL: 2.215e-03	 4.461e-03	 adam_lr:0.0005
Epoch: 42	TL: 2.157e-03	VL: 2.859e-03	 4.301e-03	 adam_lr:0.0005
Epoch: 43	TL: 2.159e-03	VL: 2.110e-03	 4.082e-03	 adam_lr:0.0005
Epoch: 44	TL: 2.286e-03	VL: 4.995e-03	 4.173e-03	 adam_lr:0.0005
Epoch: 45	TL: 1.926e-03	VL: 3.089e-03	 4.065e-03	 adam_lr:0.0005
Epoch: 46	TL: 2.083e-03	VL: 1.832e-03	 3.841e-03	 adam_lr:0.0005
Epoch: 47	TL: 1.988e-03	VL: 3.278e-03	 3.785e-03	 adam_lr:0.0005
Epoch: 48	TL: 2.094e-03	VL: 2.461e-03	 3.652e-03	 adam_lr:0.0005
Epoch: 49	TL: 1.857e-03	VL: 1.496e-03	 3.437e-03	 adam_lr:0.0005
Epoch: 50	TL: 2.023e-03	VL: 2.361e-03	 3.329e-03	 adam_lr:0.0005
Epoch: 51	TL: 1.823e-03	VL: 3.043e-03	 3.301e-03	 adam_lr:0.0005
Epoch: 52	TL: 1.901e-03	VL: 3.566e-03	 3.327e-03	 adam_lr:0.0005
Epoch: 53	TL: 1.942e-03	VL: 2.174e-03	 3.212e-03	 adam_lr:0.0005
Epoch: 54	TL: 1.696e-03	VL: 4.356e-03	 3.326e-03	 adam_lr:0.0005
Epoch: 55	TL: 1.874e-03	VL: 1.472e-03	 3.141e-03	 adam_lr:0.0005
Epoch: 56	TL: 1.754e-03	VL: 1.766e-03	 3.003e-03	 adam_lr:0.0005
Epoch: 57	TL: 1.797e-03	VL: 1.300e-03	 2.833e-03	 adam_lr:0.0005
Epoch: 58	TL: 1.623e-03	VL: 2.490e-03	 2.799e-03	 adam_lr:0.0005
Epoch: 59	TL: 1.809e-03	VL: 2.202e-03	 2.739e-03	 adam_lr:0.0005
Epoch: 60	TL: 1.485e-03	VL: 1.562e-03	 2.621e-03	 adam_lr:0.0005
Epoch: 61	TL: 1.521e-03	VL: 1.477e-03	 2.507e-03	 adam_lr:0.0005
Epoch: 62	TL: 1.612e-03	VL: 2.503e-03	 2.507e-03	 adam_lr:0.0005
Epoch: 63	TL: 1.621e-03	VL: 5.792e-03	 2.835e-03	 adam_lr:0.0005
Epoch: 64	TL: 1.496e-03	VL: 1.677e-03	 2.719e-03	 adam_lr:0.0005
Epoch: 65	TL: 1.752e-03	VL: 1.844e-03	 2.632e-03	 adam_lr:0.0005
Epoch: 66	TL: 1.507e-03	VL: 1.368e-03	 2.505e-03	 adam_lr:0.0005
Epoch: 67	TL: 1.613e-03	VL: 2.518e-03	 2.507e-03	 adam_lr:0.0005
Epoch: 68	TL: 1.530e-03	VL: 2.731e-03	 2.529e-03	 adam_lr:0.0005
Epoch: 69	TL: 1.436e-03	VL: 1.765e-03	 2.453e-03	 adam_lr:0.0005
Epoch: 70	TL: 1.482e-03	VL: 1.852e-03	 2.393e-03	 adam_lr:0.0005
Epoch: 71	TL: 1.581e-03	VL: 1.275e-03	 2.281e-03	 adam_lr:0.0005
Epoch: 72	TL: 1.290e-03	VL: 2.943e-03	 2.347e-03	 adam_lr:0.0005
Epoch: 73	TL: 1.390e-03	VL: 1.490e-03	 2.261e-03	 adam_lr:0.0005
Epoch: 74	TL: 1.414e-03	VL: 1.587e-03	 2.194e-03	 adam_lr:0.0005
Epoch: 75	TL: 1.420e-03	VL: 1.318e-03	 2.106e-03	 adam_lr:0.0005
Epoch: 76	TL: 1.349e-03	VL: 1.518e-03	 2.047e-03	 adam_lr:0.0005
Epoch: 77	TL: 1.291e-03	VL: 1.197e-03	 1.962e-03	 adam_lr:0.0005
Epoch: 78	TL: 1.319e-03	VL: 1.504e-03	 1.917e-03	 adam_lr:0.0005
Epoch: 79	TL: 1.449e-03	VL: 1.204e-03	 1.845e-03	 adam_lr:0.0005
Epoch: 80	TL: 1.323e-03	VL: 2.186e-03	 1.879e-03	 adam_lr:0.0005
Epoch: 81	TL: 1.494e-03	VL: 1.515e-03	 1.843e-03	 adam_lr:0.0005
Epoch: 82	TL: 1.196e-03	VL: 2.111e-03	 1.870e-03	 adam_lr:0.0005
Epoch: 83	TL: 1.358e-03	VL: 1.875e-03	 1.870e-03	 adam_lr:0.0005
Epoch: 84	TL: 1.290e-03	VL: 1.617e-03	 1.845e-03	 adam_lr:0.0005
Epoch: 85	TL: 1.275e-03	VL: 1.582e-03	 1.819e-03	 adam_lr:0.0005
Epoch: 86	TL: 1.304e-03	VL: 2.297e-03	 1.866e-03	 adam_lr:0.0005
Epoch: 87	TL: 1.101e-03	VL: 1.429e-03	 1.823e-03	 adam_lr:0.0005
Epoch: 88	TL: 1.404e-03	VL: 1.560e-03	 1.796e-03	 adam_lr:0.0005
Epoch: 89	TL: 1.122e-03	VL: 1.814e-03	 1.798e-03	 adam_lr:0.0005
Epoch: 90	TL: 1.149e-03	VL: 1.397e-03	 1.758e-03	 adam_lr:0.0005
Epoch: 91	TL: 1.138e-03	VL: 1.470e-03	 1.729e-03	 adam_lr:0.0005
Epoch: 92	TL: 1.180e-03	VL: 1.437e-03	 1.700e-03	 adam_lr:0.0005
Epoch: 93	TL: 1.307e-03	VL: 1.429e-03	 1.673e-03	 adam_lr:0.0005
Epoch: 94	TL: 1.194e-03	VL: 1.128e-03	 1.618e-03	 adam_lr:0.0005
Epoch: 95	TL: 1.204e-03	VL: 1.341e-03	 1.591e-03	 adam_lr:0.0005
Epoch: 96	TL: 1.130e-03	VL: 1.285e-03	 1.560e-03	 adam_lr:0.0005
Epoch: 97	TL: 1.163e-03	VL: 1.522e-03	 1.556e-03	 adam_lr:0.0005
Epoch: 98	TL: 1.218e-03	VL: 1.269e-03	 1.528e-03	 adam_lr:0.0005
Epoch: 99	TL: 1.090e-03	VL: 1.214e-03	 1.496e-03	 adam_lr:0.0005
Epoch: 100	TL: 1.044e-03	VL: 2.066e-03	 1.553e-03	 adam_lr:0.0005
Epoch: 101	TL: 1.135e-03	VL: 1.251e-03	 1.523e-03	 adam_lr:0.0005
Epoch: 102	TL: 1.201e-03	VL: 1.905e-03	 1.561e-03	 adam_lr:0.0005
Epoch: 103	TL: 1.048e-03	VL: 4.109e-03	 1.816e-03	 adam_lr:0.0005
Epoch: 104	TL: 1.053e-03	VL: 2.159e-03	 1.850e-03	 adam_lr:0.0005
Epoch: 105	TL: 1.108e-03	VL: 2.187e-03	 1.884e-03	 adam_lr:0.0005
Epoch: 106	TL: 4.409e-04	VL: 9.239e-04	 1.788e-03	 adam_lr:0.00025
Epoch: 107	TL: 4.804e-04	VL: 8.918e-04	 1.698e-03	 adam_lr:0.00025
Epoch: 108	TL: 5.031e-04	VL: 1.342e-03	 1.663e-03	 adam_lr:0.00025
Epoch: 109	TL: 5.409e-04	VL: 9.506e-04	 1.591e-03	 adam_lr:0.00025
Epoch: 110	TL: 4.987e-04	VL: 9.848e-04	 1.531e-03	 adam_lr:0.00025
Epoch: 111	TL: 4.819e-04	VL: 9.640e-04	 1.474e-03	 adam_lr:0.00025
Epoch: 112	TL: 5.265e-04	VL: 1.071e-03	 1.434e-03	 adam_lr:0.00025
Epoch: 113	TL: 4.894e-04	VL: 8.164e-04	 1.372e-03	 adam_lr:0.00025
Epoch: 114	TL: 4.555e-04	VL: 7.613e-04	 1.311e-03	 adam_lr:0.00025
Epoch: 115	TL: 5.009e-04	VL: 9.629e-04	 1.276e-03	 adam_lr:0.00025
Epoch: 116	TL: 4.814e-04	VL: 1.147e-03	 1.263e-03	 adam_lr:0.00025
Epoch: 117	TL: 4.874e-04	VL: 1.284e-03	 1.265e-03	 adam_lr:0.00025
Epoch: 118	TL: 4.504e-04	VL: 8.250e-04	 1.221e-03	 adam_lr:0.00025
Epoch: 119	TL: 4.741e-04	VL: 1.086e-03	 1.208e-03	 adam_lr:0.00025
Epoch: 120	TL: 4.835e-04	VL: 9.356e-04	 1.181e-03	 adam_lr:0.00025
Epoch: 121	TL: 4.649e-04	VL: 8.173e-04	 1.144e-03	 adam_lr:0.00025
Epoch: 122	TL: 4.679e-04	VL: 9.207e-04	 1.122e-03	 adam_lr:0.00025
Epoch: 123	TL: 4.659e-04	VL: 8.658e-04	 1.096e-03	 adam_lr:0.00025
Epoch: 124	TL: 4.396e-04	VL: 7.943e-04	 1.066e-03	 adam_lr:0.00025
Epoch: 125	TL: 4.789e-04	VL: 9.149e-04	 1.051e-03	 adam_lr:0.00025
Epoch: 126	TL: 4.679e-04	VL: 8.443e-04	 1.030e-03	 adam_lr:0.00025
Epoch: 127	TL: 4.403e-04	VL: 1.002e-03	 1.027e-03	 adam_lr:0.00025
Epoch: 128	TL: 4.546e-04	VL: 8.849e-04	 1.013e-03	 adam_lr:0.00025
Epoch: 129	TL: 4.120e-04	VL: 8.062e-04	 9.925e-04	 adam_lr:0.00025
Epoch: 130	TL: 4.685e-04	VL: 9.324e-04	 9.865e-04	 adam_lr:0.00025
Epoch: 131	TL: 4.320e-04	VL: 8.985e-04	 9.777e-04	 adam_lr:0.00025
Epoch: 132	TL: 4.230e-04	VL: 8.003e-04	 9.600e-04	 adam_lr:0.00025
Epoch: 133	TL: 4.562e-04	VL: 8.624e-04	 9.502e-04	 adam_lr:0.00025
Epoch: 134	TL: 4.416e-04	VL: 7.528e-04	 9.305e-04	 adam_lr:0.00025
Epoch: 135	TL: 4.003e-04	VL: 7.367e-04	 9.111e-04	 adam_lr:0.00025
Epoch: 136	TL: 4.345e-04	VL: 8.351e-04	 9.035e-04	 adam_lr:0.00025
Epoch: 137	TL: 4.073e-04	VL: 9.547e-04	 9.086e-04	 adam_lr:0.00025
Epoch: 138	TL: 4.608e-04	VL: 8.081e-04	 8.985e-04	 adam_lr:0.00025
Epoch: 139	TL: 4.198e-04	VL: 8.566e-04	 8.943e-04	 adam_lr:0.00025
Epoch: 140	TL: 4.276e-04	VL: 1.636e-03	 9.685e-04	 adam_lr:0.00025
Epoch: 141	TL: 3.884e-04	VL: 8.017e-04	 9.518e-04	 adam_lr:0.00025
Epoch: 142	TL: 4.322e-04	VL: 8.716e-04	 9.438e-04	 adam_lr:0.00025
Epoch: 143	TL: 4.255e-04	VL: 9.503e-04	 9.444e-04	 adam_lr:0.00025
Epoch: 144	TL: 4.170e-04	VL: 8.918e-04	 9.392e-04	 adam_lr:0.00025
Epoch: 145	TL: 3.876e-04	VL: 8.382e-04	 9.291e-04	 adam_lr:0.00025
Epoch: 146	TL: 2.231e-04	VL: 7.020e-04	 9.064e-04	 adam_lr:0.000125
Epoch: 147	TL: 2.256e-04	VL: 8.007e-04	 8.958e-04	 adam_lr:0.000125
Epoch: 148	TL: 2.452e-04	VL: 6.718e-04	 8.734e-04	 adam_lr:0.000125
Epoch: 149	TL: 2.445e-04	VL: 6.718e-04	 8.532e-04	 adam_lr:0.000125
Epoch: 150	TL: 2.292e-04	VL: 6.970e-04	 8.376e-04	 adam_lr:0.000125
Epoch: 151	TL: 2.333e-04	VL: 6.331e-04	 8.172e-04	 adam_lr:0.000125
Epoch: 152	TL: 2.366e-04	VL: 7.256e-04	 8.080e-04	 adam_lr:0.000125
Epoch: 153	TL: 2.223e-04	VL: 8.174e-04	 8.090e-04	 adam_lr:0.000125
Epoch: 154	TL: 2.403e-04	VL: 7.133e-04	 7.994e-04	 adam_lr:0.000125
Epoch: 155	TL: 2.246e-04	VL: 6.491e-04	 7.844e-04	 adam_lr:0.000125
Epoch: 156	TL: 2.291e-04	VL: 6.982e-04	 7.757e-04	 adam_lr:0.000125
Epoch: 157	TL: 2.259e-04	VL: 7.716e-04	 7.753e-04	 adam_lr:0.000125
Epoch: 158	TL: 2.179e-04	VL: 7.007e-04	 7.679e-04	 adam_lr:0.000125
Epoch: 159	TL: 2.296e-04	VL: 6.845e-04	 7.595e-04	 adam_lr:0.000125
Epoch: 160	TL: 2.243e-04	VL: 6.488e-04	 7.485e-04	 adam_lr:0.000125
Epoch: 161	TL: 2.166e-04	VL: 6.618e-04	 7.398e-04	 adam_lr:0.000125
Epoch: 162	TL: 2.220e-04	VL: 6.749e-04	 7.333e-04	 adam_lr:0.000125
Epoch: 163	TL: 2.272e-04	VL: 6.746e-04	 7.274e-04	 adam_lr:0.000125
Epoch: 164	TL: 2.140e-04	VL: 6.582e-04	 7.205e-04	 adam_lr:0.000125
Epoch: 165	TL: 2.171e-04	VL: 6.908e-04	 7.175e-04	 adam_lr:0.000125
Epoch: 166	TL: 2.188e-04	VL: 6.575e-04	 7.115e-04	 adam_lr:0.000125
Epoch: 167	TL: 2.182e-04	VL: 6.492e-04	 7.053e-04	 adam_lr:0.000125
Epoch: 168	TL: 2.161e-04	VL: 6.470e-04	 6.995e-04	 adam_lr:0.000125
Epoch: 169	TL: 2.181e-04	VL: 7.044e-04	 7.000e-04	 adam_lr:0.000125
Epoch: 170	TL: 2.135e-04	VL: 6.494e-04	 6.949e-04	 adam_lr:0.000125
Epoch: 171	TL: 2.077e-04	VL: 7.605e-04	 7.015e-04	 adam_lr:0.000125
Epoch: 172	TL: 2.090e-04	VL: 6.401e-04	 6.953e-04	 adam_lr:0.000125
Epoch: 173	TL: 2.094e-04	VL: 6.628e-04	 6.921e-04	 adam_lr:0.000125
Epoch: 174	TL: 2.080e-04	VL: 7.079e-04	 6.937e-04	 adam_lr:0.000125
Epoch: 175	TL: 2.072e-04	VL: 6.515e-04	 6.895e-04	 adam_lr:0.000125
Epoch: 176	TL: 2.060e-04	VL: 6.326e-04	 6.838e-04	 adam_lr:0.000125
Epoch: 177	TL: 1.983e-04	VL: 6.363e-04	 6.790e-04	 adam_lr:0.000125
Epoch: 178	TL: 2.182e-04	VL: 6.807e-04	 6.792e-04	 adam_lr:0.000125
Epoch: 179	TL: 2.025e-04	VL: 6.929e-04	 6.806e-04	 adam_lr:0.000125
Epoch: 180	TL: 2.084e-04	VL: 6.396e-04	 6.765e-04	 adam_lr:0.000125
Epoch: 181	TL: 1.988e-04	VL: 6.297e-04	 6.718e-04	 adam_lr:0.000125
Epoch: 182	TL: 2.041e-04	VL: 6.405e-04	 6.687e-04	 adam_lr:0.000125
Epoch: 183	TL: 2.019e-04	VL: 6.626e-04	 6.681e-04	 adam_lr:0.000125
Epoch: 184	TL: 2.045e-04	VL: 6.474e-04	 6.660e-04	 adam_lr:0.000125
Epoch: 185	TL: 2.034e-04	VL: 6.725e-04	 6.666e-04	 adam_lr:0.000125
Epoch: 186	TL: 1.987e-04	VL: 6.427e-04	 6.642e-04	 adam_lr:0.000125
Epoch: 187	TL: 1.992e-04	VL: 6.913e-04	 6.669e-04	 adam_lr:0.000125
Epoch: 188	TL: 2.036e-04	VL: 6.102e-04	 6.613e-04	 adam_lr:0.000125
Epoch: 189	TL: 1.995e-04	VL: 6.739e-04	 6.625e-04	 adam_lr:0.000125
Epoch: 190	TL: 1.969e-04	VL: 6.226e-04	 6.585e-04	 adam_lr:0.000125
Epoch: 191	TL: 1.957e-04	VL: 6.148e-04	 6.542e-04	 adam_lr:0.000125
Epoch: 192	TL: 1.876e-04	VL: 6.275e-04	 6.515e-04	 adam_lr:0.000125
Epoch: 193	TL: 2.072e-04	VL: 7.027e-04	 6.566e-04	 adam_lr:0.000125
Epoch: 194	TL: 1.923e-04	VL: 6.076e-04	 6.517e-04	 adam_lr:0.000125
Epoch: 195	TL: 1.953e-04	VL: 8.234e-04	 6.689e-04	 adam_lr:0.000125
Epoch: 196	TL: 1.921e-04	VL: 6.256e-04	 6.646e-04	 adam_lr:0.000125
Epoch: 197	TL: 1.905e-04	VL: 6.131e-04	 6.594e-04	 adam_lr:0.000125
Epoch: 198	TL: 1.957e-04	VL: 9.019e-04	 6.837e-04	 adam_lr:0.000125
Epoch: 199	TL: 1.299e-04	VL: 5.857e-04	 6.739e-04	 adam_lr:6.25e-05
Epoch: 200	TL: 1.325e-04	VL: 6.114e-04	 6.676e-04	 adam_lr:6.25e-05
Epoch: 201	TL: 1.327e-04	VL: 6.161e-04	 6.625e-04	 adam_lr:6.25e-05
Epoch: 202	TL: 1.347e-04	VL: 5.876e-04	 6.550e-04	 adam_lr:6.25e-05
Epoch: 203	TL: 1.344e-04	VL: 6.063e-04	 6.501e-04	 adam_lr:6.25e-05
Epoch: 204	TL: 1.302e-04	VL: 6.140e-04	 6.465e-04	 adam_lr:6.25e-05
Epoch: 205	TL: 1.334e-04	VL: 5.837e-04	 6.402e-04	 adam_lr:6.25e-05
Epoch: 206	TL: 1.322e-04	VL: 5.925e-04	 6.355e-04	 adam_lr:6.25e-05
Epoch: 207	TL: 1.280e-04	VL: 5.910e-04	 6.310e-04	 adam_lr:6.25e-05
Epoch: 208	TL: 1.310e-04	VL: 6.176e-04	 6.297e-04	 adam_lr:6.25e-05
Epoch: 209	TL: 1.262e-04	VL: 6.080e-04	 6.275e-04	 adam_lr:6.25e-05
Epoch: 210	TL: 1.293e-04	VL: 5.884e-04	 6.236e-04	 adam_lr:6.25e-05
Epoch: 211	TL: 1.301e-04	VL: 6.061e-04	 6.218e-04	 adam_lr:6.25e-05
Epoch: 212	TL: 1.284e-04	VL: 5.993e-04	 6.196e-04	 adam_lr:6.25e-05
Epoch: 213	TL: 1.300e-04	VL: 6.054e-04	 6.182e-04	 adam_lr:6.25e-05
Epoch: 214	TL: 1.295e-04	VL: 6.024e-04	 6.166e-04	 adam_lr:6.25e-05
Epoch: 215	TL: 1.269e-04	VL: 5.975e-04	 6.147e-04	 adam_lr:6.25e-05
Epoch: 216	TL: 1.283e-04	VL: 6.021e-04	 6.134e-04	 adam_lr:6.25e-05
Epoch: 217	TL: 1.245e-04	VL: 5.874e-04	 6.108e-04	 adam_lr:6.25e-05
Epoch: 218	TL: 1.273e-04	VL: 5.989e-04	 6.096e-04	 adam_lr:6.25e-05
Epoch: 219	TL: 1.250e-04	VL: 6.294e-04	 6.116e-04	 adam_lr:6.25e-05
Epoch: 220	TL: 1.243e-04	VL: 5.973e-04	 6.102e-04	 adam_lr:6.25e-05
Epoch: 221	TL: 1.247e-04	VL: 6.127e-04	 6.104e-04	 adam_lr:6.25e-05
Epoch: 222	TL: 1.232e-04	VL: 6.027e-04	 6.097e-04	 adam_lr:6.25e-05
Epoch: 223	TL: 1.260e-04	VL: 5.936e-04	 6.081e-04	 adam_lr:6.25e-05
Epoch: 224	TL: 1.247e-04	VL: 5.908e-04	 6.063e-04	 adam_lr:6.25e-05
Epoch: 225	TL: 1.249e-04	VL: 6.062e-04	 6.063e-04	 adam_lr:6.25e-05
Epoch: 226	TL: 1.243e-04	VL: 5.937e-04	 6.051e-04	 adam_lr:6.25e-05
Epoch: 227	TL: 1.239e-04	VL: 6.103e-04	 6.056e-04	 adam_lr:6.25e-05
Epoch: 228	TL: 1.216e-04	VL: 5.988e-04	 6.049e-04	 adam_lr:6.25e-05
Epoch: 229	TL: 1.248e-04	VL: 5.890e-04	 6.033e-04	 adam_lr:6.25e-05
Epoch: 230	TL: 1.240e-04	VL: 6.005e-04	 6.030e-04	 adam_lr:6.25e-05
Epoch: 231	TL: 1.214e-04	VL: 6.744e-04	 6.102e-04	 adam_lr:6.25e-05
Epoch: 232	TL: 1.212e-04	VL: 6.192e-04	 6.111e-04	 adam_lr:6.25e-05
Epoch: 233	TL: 1.223e-04	VL: 6.115e-04	 6.111e-04	 adam_lr:6.25e-05
Epoch: 234	TL: 1.207e-04	VL: 6.224e-04	 6.122e-04	 adam_lr:6.25e-05
Epoch: 235	TL: 1.237e-04	VL: 5.852e-04	 6.095e-04	 adam_lr:6.25e-05
Epoch: 236	TL: 1.185e-04	VL: 5.834e-04	 6.069e-04	 adam_lr:6.25e-05
Epoch: 237	TL: 9.401e-05	VL: 5.732e-04	 6.036e-04	 adam_lr:3.125e-05
Epoch: 238	TL: 9.756e-05	VL: 5.749e-04	 6.007e-04	 adam_lr:3.125e-05
Epoch: 239	TL: 9.777e-05	VL: 5.695e-04	 5.976e-04	 adam_lr:3.125e-05
Epoch: 240	TL: 9.659e-05	VL: 5.619e-04	 5.940e-04	 adam_lr:3.125e-05
Epoch: 241	TL: 9.813e-05	VL: 5.801e-04	 5.926e-04	 adam_lr:3.125e-05
Epoch: 242	TL: 9.578e-05	VL: 5.773e-04	 5.911e-04	 adam_lr:3.125e-05
Epoch: 243	TL: 9.570e-05	VL: 5.703e-04	 5.890e-04	 adam_lr:3.125e-05
Epoch: 244	TL: 9.710e-05	VL: 5.721e-04	 5.873e-04	 adam_lr:3.125e-05
Epoch: 245	TL: 9.488e-05	VL: 5.796e-04	 5.865e-04	 adam_lr:3.125e-05
Epoch: 246	TL: 9.548e-05	VL: 5.755e-04	 5.854e-04	 adam_lr:3.125e-05
Epoch: 247	TL: 9.667e-05	VL: 5.671e-04	 5.836e-04	 adam_lr:3.125e-05
Epoch: 248	TL: 9.588e-05	VL: 5.652e-04	 5.818e-04	 adam_lr:3.125e-05
Epoch: 249	TL: 9.471e-05	VL: 5.598e-04	 5.796e-04	 adam_lr:3.125e-05
Epoch: 250	TL: 9.405e-05	VL: 5.716e-04	 5.788e-04	 adam_lr:3.125e-05
Epoch: 251	TL: 9.478e-05	VL: 5.599e-04	 5.769e-04	 adam_lr:3.125e-05
Epoch: 252	TL: 9.398e-05	VL: 5.712e-04	 5.763e-04	 adam_lr:3.125e-05
Epoch: 253	TL: 9.685e-05	VL: 5.857e-04	 5.772e-04	 adam_lr:3.125e-05
Epoch: 254	TL: 9.407e-05	VL: 5.679e-04	 5.763e-04	 adam_lr:3.125e-05
Epoch: 255	TL: 9.415e-05	VL: 5.733e-04	 5.760e-04	 adam_lr:3.125e-05
Epoch: 256	TL: 9.171e-05	VL: 5.773e-04	 5.761e-04	 adam_lr:3.125e-05
Epoch: 257	TL: 9.367e-05	VL: 5.762e-04	 5.761e-04	 adam_lr:3.125e-05
Epoch: 258	TL: 9.376e-05	VL: 5.752e-04	 5.760e-04	 adam_lr:3.125e-05
Epoch: 259	TL: 9.268e-05	VL: 5.815e-04	 5.766e-04	 adam_lr:3.125e-05
Epoch: 260	TL: 9.374e-05	VL: 5.802e-04	 5.770e-04	 adam_lr:3.125e-05
Epoch: 261	TL: 9.138e-05	VL: 5.803e-04	 5.773e-04	 adam_lr:3.125e-05
Epoch: 262	TL: 8.199e-05	VL: 5.678e-04	 5.764e-04	 adam_lr:1.5625e-05
Epoch: 263	TL: 8.199e-05	VL: 5.666e-04	 5.754e-04	 adam_lr:1.5625e-05
Epoch: 264	TL: 8.199e-05	VL: 5.595e-04	 5.738e-04	 adam_lr:1.5625e-05
Epoch: 265	TL: 8.230e-05	VL: 5.618e-04	 5.726e-04	 adam_lr:1.5625e-05
Epoch: 266	TL: 8.242e-05	VL: 5.639e-04	 5.717e-04	 adam_lr:1.5625e-05
Epoch: 267	TL: 8.172e-05	VL: 5.608e-04	 5.706e-04	 adam_lr:1.5625e-05
Epoch: 268	TL: 8.184e-05	VL: 5.670e-04	 5.703e-04	 adam_lr:1.5625e-05
Epoch: 269	TL: 8.276e-05	VL: 5.732e-04	 5.706e-04	 adam_lr:1.5625e-05
Epoch: 270	TL: 8.174e-05	VL: 5.614e-04	 5.696e-04	 adam_lr:1.5625e-05
Epoch: 271	TL: 8.210e-05	VL: 5.605e-04	 5.687e-04	 adam_lr:1.5625e-05
Epoch: 272	TL: 8.128e-05	VL: 5.663e-04	 5.685e-04	 adam_lr:1.5625e-05
Epoch: 273	TL: 8.178e-05	VL: 5.619e-04	 5.678e-04	 adam_lr:1.5625e-05
Epoch: 274	TL: 8.100e-05	VL: 5.615e-04	 5.672e-04	 adam_lr:1.5625e-05
Epoch: 275	TL: 8.134e-05	VL: 5.654e-04	 5.670e-04	 adam_lr:1.5625e-05
Epoch: 276	TL: 8.120e-05	VL: 5.564e-04	 5.660e-04	 adam_lr:1.5625e-05
Epoch: 277	TL: 8.121e-05	VL: 5.662e-04	 5.660e-04	 adam_lr:1.5625e-05
Epoch: 278	TL: 8.136e-05	VL: 5.640e-04	 5.658e-04	 adam_lr:1.5625e-05
Epoch: 279	TL: 8.040e-05	VL: 5.607e-04	 5.653e-04	 adam_lr:1.5625e-05
Epoch: 280	TL: 8.120e-05	VL: 5.721e-04	 5.660e-04	 adam_lr:1.5625e-05
Epoch: 281	TL: 8.063e-05	VL: 5.635e-04	 5.657e-04	 adam_lr:1.5625e-05
Epoch: 282	TL: 8.068e-05	VL: 5.640e-04	 5.655e-04	 adam_lr:1.5625e-05
Epoch: 283	TL: 8.037e-05	VL: 5.644e-04	 5.654e-04	 adam_lr:1.5625e-05
Epoch: 284	TL: 8.067e-05	VL: 5.601e-04	 5.649e-04	 adam_lr:1.5625e-05
Epoch: 285	TL: 8.040e-05	VL: 5.581e-04	 5.642e-04	 adam_lr:1.5625e-05
Epoch: 286	TL: 7.980e-05	VL: 5.603e-04	 5.638e-04	 adam_lr:1.5625e-05
Epoch: 287	TL: 8.086e-05	VL: 5.718e-04	 5.646e-04	 adam_lr:1.5625e-05
Epoch: 288	TL: 8.107e-05	VL: 5.590e-04	 5.641e-04	 adam_lr:1.5625e-05
Epoch: 289	TL: 7.998e-05	VL: 5.610e-04	 5.638e-04	 adam_lr:1.5625e-05
Epoch: 290	TL: 8.004e-05	VL: 5.620e-04	 5.636e-04	 adam_lr:1.5625e-05
Epoch: 291	TL: 8.002e-05	VL: 5.624e-04	 5.635e-04	 adam_lr:1.5625e-05
Epoch: 292	TL: 7.905e-05	VL: 5.634e-04	 5.635e-04	 adam_lr:1.5625e-05
Epoch: 293	TL: 7.963e-05	VL: 5.753e-04	 5.646e-04	 adam_lr:1.5625e-05
Epoch: 294	TL: 7.981e-05	VL: 5.698e-04	 5.652e-04	 adam_lr:1.5625e-05
Epoch: 295	TL: 8.040e-05	VL: 5.660e-04	 5.652e-04	 adam_lr:1.5625e-05
Epoch: 296	TL: 7.911e-05	VL: 5.679e-04	 5.655e-04	 adam_lr:1.5625e-05
Epoch: 297	TL: 7.932e-05	VL: 5.649e-04	 5.654e-04	 adam_lr:1.5625e-05
Epoch: 298	TL: 7.386e-05	VL: 5.569e-04	 5.646e-04	 adam_lr:7.8125e-06
Epoch: 299	TL: 7.368e-05	VL: 5.618e-04	 5.643e-04	 adam_lr:7.8125e-06
Epoch: 300	TL: 7.404e-05	VL: 5.572e-04	 5.636e-04	 adam_lr:7.8125e-06
Epoch: 301	TL: 7.422e-05	VL: 5.559e-04	 5.628e-04	 adam_lr:7.8125e-06
Epoch: 302	TL: 7.400e-05	VL: 5.584e-04	 5.624e-04	 adam_lr:7.8125e-06
Epoch: 303	TL: 7.382e-05	VL: 5.588e-04	 5.620e-04	 adam_lr:7.8125e-06
Epoch: 304	TL: 7.383e-05	VL: 5.553e-04	 5.614e-04	 adam_lr:7.8125e-06
Epoch: 305	TL: 7.366e-05	VL: 5.575e-04	 5.610e-04	 adam_lr:7.8125e-06
Epoch: 306	TL: 7.378e-05	VL: 5.558e-04	 5.604e-04	 adam_lr:7.8125e-06
Epoch: 307	TL: 7.395e-05	VL: 5.635e-04	 5.608e-04	 adam_lr:7.8125e-06
Epoch: 308	TL: 7.358e-05	VL: 5.600e-04	 5.607e-04	 adam_lr:7.8125e-06
Epoch: 309	TL: 7.339e-05	VL: 5.587e-04	 5.605e-04	 adam_lr:7.8125e-06
Epoch: 310	TL: 7.359e-05	VL: 5.620e-04	 5.606e-04	 adam_lr:7.8125e-06
Epoch: 311	TL: 7.341e-05	VL: 5.583e-04	 5.604e-04	 adam_lr:7.8125e-06
Epoch: 312	TL: 7.355e-05	VL: 5.570e-04	 5.601e-04	 adam_lr:7.8125e-06
Epoch: 313	TL: 7.379e-05	VL: 5.613e-04	 5.602e-04	 adam_lr:7.8125e-06
Epoch: 314	TL: 7.345e-05	VL: 5.610e-04	 5.603e-04	 adam_lr:7.8125e-06
Epoch: 315	TL: 7.356e-05	VL: 5.653e-04	 5.608e-04	 adam_lr:7.8125e-06
Epoch: 316	TL: 7.336e-05	VL: 5.635e-04	 5.610e-04	 adam_lr:7.8125e-06
Epoch: 317	TL: 7.327e-05	VL: 5.596e-04	 5.609e-04	 adam_lr:7.8125e-06
Epoch: 318	TL: 7.336e-05	VL: 5.595e-04	 5.608e-04	 adam_lr:7.8125e-06
Epoch: 319	TL: 7.057e-05	VL: 5.544e-04	 5.601e-04	 adam_lr:3.90625e-06
Epoch: 320	TL: 7.031e-05	VL: 5.550e-04	 5.596e-04	 adam_lr:3.90625e-06
Epoch: 321	TL: 7.045e-05	VL: 5.563e-04	 5.593e-04	 adam_lr:3.90625e-06
Epoch: 322	TL: 7.025e-05	VL: 5.628e-04	 5.596e-04	 adam_lr:3.90625e-06
Epoch: 323	TL: 7.039e-05	VL: 5.546e-04	 5.591e-04	 adam_lr:3.90625e-06
Epoch: 324	TL: 7.021e-05	VL: 5.619e-04	 5.594e-04	 adam_lr:3.90625e-06
Epoch: 325	TL: 7.020e-05	VL: 5.560e-04	 5.591e-04	 adam_lr:3.90625e-06
Epoch: 326	TL: 7.028e-05	VL: 5.589e-04	 5.591e-04	 adam_lr:3.90625e-06
Epoch: 327	TL: 7.030e-05	VL: 5.568e-04	 5.588e-04	 adam_lr:3.90625e-06
Epoch: 328	TL: 7.032e-05	VL: 5.554e-04	 5.585e-04	 adam_lr:3.90625e-06
Epoch: 329	TL: 7.044e-05	VL: 5.585e-04	 5.585e-04	 adam_lr:3.90625e-06
Epoch: 330	TL: 6.991e-05	VL: 5.571e-04	 5.584e-04	 adam_lr:3.90625e-06
Epoch: 331	TL: 6.996e-05	VL: 5.557e-04	 5.581e-04	 adam_lr:3.90625e-06
Epoch: 332	TL: 7.015e-05	VL: 5.552e-04	 5.578e-04	 adam_lr:3.90625e-06
Epoch: 333	TL: 6.984e-05	VL: 5.554e-04	 5.576e-04	 adam_lr:3.90625e-06
Epoch: 334	TL: 7.016e-05	VL: 5.539e-04	 5.572e-04	 adam_lr:3.90625e-06
Epoch: 335	TL: 7.009e-05	VL: 5.557e-04	 5.570e-04	 adam_lr:3.90625e-06
Epoch: 336	TL: 6.988e-05	VL: 5.570e-04	 5.570e-04	 adam_lr:3.90625e-06
Epoch: 337	TL: 7.001e-05	VL: 5.542e-04	 5.568e-04	 adam_lr:3.90625e-06
Epoch: 338	TL: 6.985e-05	VL: 5.544e-04	 5.565e-04	 adam_lr:3.90625e-06
Epoch: 339	TL: 6.979e-05	VL: 5.566e-04	 5.565e-04	 adam_lr:3.90625e-06
Epoch: 340	TL: 7.007e-05	VL: 5.542e-04	 5.563e-04	 adam_lr:3.90625e-06
Epoch: 341	TL: 7.007e-05	VL: 5.544e-04	 5.561e-04	 adam_lr:3.90625e-06
Epoch: 342	TL: 6.971e-05	VL: 5.589e-04	 5.564e-04	 adam_lr:3.90625e-06
Epoch: 343	TL: 6.995e-05	VL: 5.536e-04	 5.561e-04	 adam_lr:3.90625e-06
Epoch: 344	TL: 6.969e-05	VL: 5.544e-04	 5.559e-04	 adam_lr:3.90625e-06
Epoch: 345	TL: 6.964e-05	VL: 5.569e-04	 5.560e-04	 adam_lr:3.90625e-06
Epoch: 346	TL: 6.973e-05	VL: 5.568e-04	 5.561e-04	 adam_lr:3.90625e-06
Epoch: 347	TL: 6.981e-05	VL: 5.544e-04	 5.559e-04	 adam_lr:3.90625e-06
Epoch: 348	TL: 6.982e-05	VL: 5.545e-04	 5.558e-04	 adam_lr:3.90625e-06
Epoch: 349	TL: 6.966e-05	VL: 5.548e-04	 5.557e-04	 adam_lr:3.90625e-06
Epoch: 350	TL: 6.960e-05	VL: 5.571e-04	 5.558e-04	 adam_lr:3.90625e-06
Epoch: 351	TL: 6.963e-05	VL: 5.545e-04	 5.557e-04	 adam_lr:3.90625e-06
Epoch: 352	TL: 6.973e-05	VL: 5.563e-04	 5.558e-04	 adam_lr:3.90625e-06
Epoch: 353	TL: 6.971e-05	VL: 5.528e-04	 5.555e-04	 adam_lr:3.90625e-06
Epoch: 354	TL: 6.983e-05	VL: 5.554e-04	 5.555e-04	 adam_lr:3.90625e-06
Epoch: 355	TL: 6.955e-05	VL: 5.611e-04	 5.560e-04	 adam_lr:3.90625e-06
Epoch: 356	TL: 6.954e-05	VL: 5.550e-04	 5.559e-04	 adam_lr:3.90625e-06
Epoch: 357	TL: 6.949e-05	VL: 5.549e-04	 5.558e-04	 adam_lr:3.90625e-06
Epoch: 358	TL: 6.958e-05	VL: 5.535e-04	 5.556e-04	 adam_lr:3.90625e-06
Epoch: 359	TL: 6.926e-05	VL: 5.568e-04	 5.557e-04	 adam_lr:3.90625e-06
Epoch: 360	TL: 6.812e-05	VL: 5.536e-04	 5.555e-04	 adam_lr:1.953125e-06
Epoch: 361	TL: 6.790e-05	VL: 5.555e-04	 5.555e-04	 adam_lr:1.953125e-06
Epoch: 362	TL: 6.804e-05	VL: 5.543e-04	 5.554e-04	 adam_lr:1.953125e-06
Epoch: 363	TL: 6.799e-05	VL: 5.577e-04	 5.556e-04	 adam_lr:1.953125e-06
Epoch: 364	TL: 6.794e-05	VL: 5.552e-04	 5.556e-04	 adam_lr:1.953125e-06
Epoch: 365	TL: 6.791e-05	VL: 5.538e-04	 5.554e-04	 adam_lr:1.953125e-06
Epoch: 366	TL: 6.793e-05	VL: 5.535e-04	 5.552e-04	 adam_lr:1.953125e-06
Epoch: 367	TL: 6.783e-05	VL: 5.554e-04	 5.552e-04	 adam_lr:1.953125e-06
Epoch: 368	TL: 6.795e-05	VL: 5.545e-04	 5.551e-04	 adam_lr:1.953125e-06
Epoch: 369	TL: 6.790e-05	VL: 5.557e-04	 5.552e-04	 adam_lr:1.953125e-06
Epoch: 370	TL: 6.785e-05	VL: 5.541e-04	 5.551e-04	 adam_lr:1.953125e-06
Epoch: 371	TL: 6.772e-05	VL: 5.539e-04	 5.550e-04	 adam_lr:1.953125e-06
Epoch: 372	TL: 6.783e-05	VL: 5.534e-04	 5.548e-04	 adam_lr:1.953125e-06
Epoch: 373	TL: 6.769e-05	VL: 5.530e-04	 5.546e-04	 adam_lr:1.953125e-06
Epoch: 374	TL: 6.766e-05	VL: 5.558e-04	 5.547e-04	 adam_lr:1.953125e-06
Epoch: 375	TL: 6.781e-05	VL: 5.550e-04	 5.548e-04	 adam_lr:1.953125e-06
Epoch: 376	TL: 6.784e-05	VL: 5.544e-04	 5.547e-04	 adam_lr:1.953125e-06
Epoch: 377	TL: 6.778e-05	VL: 5.558e-04	 5.548e-04	 adam_lr:1.953125e-06
Epoch: 378	TL: 6.782e-05	VL: 5.539e-04	 5.547e-04	 adam_lr:1.953125e-06
Epoch: 379	TL: 6.772e-05	VL: 5.535e-04	 5.546e-04	 adam_lr:1.953125e-06
Epoch: 380	TL: 6.696e-05	VL: 5.532e-04	 5.545e-04	 adam_lr:9.765625e-07
Epoch: 381	TL: 6.693e-05	VL: 5.537e-04	 5.544e-04	 adam_lr:9.765625e-07
Epoch: 382	TL: 6.696e-05	VL: 5.535e-04	 5.543e-04	 adam_lr:9.765625e-07
Epoch: 383	TL: 6.695e-05	VL: 5.544e-04	 5.543e-04	 adam_lr:9.765625e-07
Epoch: 384	TL: 6.693e-05	VL: 5.538e-04	 5.543e-04	 adam_lr:9.765625e-07
Epoch: 385	TL: 6.696e-05	VL: 5.541e-04	 5.543e-04	 adam_lr:9.765625e-07
Epoch: 386	TL: 6.696e-05	VL: 5.542e-04	 5.542e-04	 adam_lr:9.765625e-07
Epoch: 387	TL: 6.696e-05	VL: 5.548e-04	 5.543e-04	 adam_lr:9.765625e-07
Epoch: 388	TL: 6.699e-05	VL: 5.538e-04	 5.543e-04	 adam_lr:9.765625e-07
Epoch: 389	TL: 6.701e-05	VL: 5.546e-04	 5.543e-04	 adam_lr:9.765625e-07
Epoch: 390	TL: 6.691e-05	VL: 5.545e-04	 5.543e-04	 adam_lr:9.765625e-07
Epoch: 391	TL: 6.690e-05	VL: 5.547e-04	 5.544e-04	 adam_lr:9.765625e-07
Epoch: 392	TL: 6.645e-05	VL: 5.541e-04	 5.543e-04	 adam_lr:4.8828125e-07
Epoch: 393	TL: 6.651e-05	VL: 5.544e-04	 5.543e-04	 adam_lr:4.8828125e-07
Epoch: 394	TL: 6.649e-05	VL: 5.534e-04	 5.543e-04	 adam_lr:4.8828125e-07
Epoch: 395	TL: 6.645e-05	VL: 5.539e-04	 5.542e-04	 adam_lr:4.8828125e-07
Epoch: 396	TL: 6.653e-05	VL: 5.542e-04	 5.542e-04	 adam_lr:4.8828125e-07
Epoch: 397	TL: 6.649e-05	VL: 5.536e-04	 5.541e-04	 adam_lr:4.8828125e-07
Epoch: 398	TL: 6.648e-05	VL: 5.536e-04	 5.541e-04	 adam_lr:4.8828125e-07
Epoch: 399	TL: 6.649e-05	VL: 5.539e-04	 5.541e-04	 adam_lr:4.8828125e-07
Epoch: 400	TL: 6.650e-05	VL: 5.535e-04	 5.540e-04	 adam_lr:4.8828125e-07
Epoch: 401	TL: 6.648e-05	VL: 5.544e-04	 5.540e-04	 adam_lr:4.8828125e-07
Epoch: 402	TL: 6.649e-05	VL: 5.534e-04	 5.540e-04	 adam_lr:4.8828125e-07
Epoch: 403	TL: 6.650e-05	VL: 5.542e-04	 5.540e-04	 adam_lr:4.8828125e-07
Epoch: 404	TL: 6.651e-05	VL: 5.539e-04	 5.540e-04	 adam_lr:4.8828125e-07
Epoch: 405	TL: 6.641e-05	VL: 5.548e-04	 5.541e-04	 adam_lr:4.8828125e-07
Epoch: 406	TL: 6.651e-05	VL: 5.544e-04	 5.541e-04	 adam_lr:4.8828125e-07
Epoch: 407	TL: 6.624e-05	VL: 5.546e-04	 5.542e-04	 adam_lr:2.44140625e-07
Epoch: 408	TL: 6.629e-05	VL: 5.538e-04	 5.541e-04	 adam_lr:2.44140625e-07
Epoch: 409	TL: 6.631e-05	VL: 5.541e-04	 5.541e-04	 adam_lr:2.44140625e-07
Epoch: 410	TL: 6.623e-05	VL: 5.531e-04	 5.540e-04	 adam_lr:2.44140625e-07
Epoch: 411	TL: 6.629e-05	VL: 5.540e-04	 5.540e-04	 adam_lr:2.44140625e-07
Epoch: 412	TL: 6.622e-05	VL: 5.535e-04	 5.540e-04	 adam_lr:2.44140625e-07
Epoch: 413	TL: 6.610e-05	VL: 5.536e-04	 5.539e-04	 adam_lr:1.220703125e-07
Epoch: 414	TL: 6.617e-05	VL: 5.535e-04	 5.539e-04	 adam_lr:1.220703125e-07
Epoch: 415	TL: 6.614e-05	VL: 5.531e-04	 5.538e-04	 adam_lr:1.220703125e-07
Epoch: 416	TL: 6.616e-05	VL: 5.538e-04	 5.538e-04	 adam_lr:1.220703125e-07
Epoch: 417	TL: 6.614e-05	VL: 5.539e-04	 5.538e-04	 adam_lr:1.220703125e-07
Epoch: 418	TL: 6.620e-05	VL: 5.538e-04	 5.538e-04	 adam_lr:1.220703125e-07
Epoch: 419	TL: 6.617e-05	VL: 5.539e-04	 5.538e-04	 adam_lr:1.220703125e-07
Epoch: 420	TL: 6.614e-05	VL: 5.532e-04	 5.538e-04	 adam_lr:1.220703125e-07
Epoch: 421	TL: 6.613e-05	VL: 5.540e-04	 5.538e-04	 adam_lr:1.220703125e-07
Epoch: 422	TL: 6.607e-05	VL: 5.537e-04	 5.538e-04	 adam_lr:6.103515625e-08
Epoch: 423	TL: 6.605e-05	VL: 5.535e-04	 5.538e-04	 adam_lr:6.103515625e-08
Epoch: 424	TL: 6.609e-05	VL: 5.539e-04	 5.538e-04	 adam_lr:6.103515625e-08
Epoch: 425	TL: 6.611e-05	VL: 5.537e-04	 5.538e-04	 adam_lr:6.103515625e-08
Epoch: 426	TL: 6.610e-05	VL: 5.536e-04	 5.537e-04	 adam_lr:6.103515625e-08
Epoch: 427	TL: 6.609e-05	VL: 5.533e-04	 5.537e-04	 adam_lr:6.103515625e-08
Epoch: 428	TL: 6.612e-05	VL: 5.539e-04	 5.537e-04	 adam_lr:6.103515625e-08
Epoch: 429	TL: 6.607e-05	VL: 5.533e-04	 5.537e-04	 adam_lr:6.103515625e-08
Epoch: 430	TL: 6.604e-05	VL: 5.533e-04	 5.536e-04	 adam_lr:6.103515625e-08
Epoch: 431	TL: 6.610e-05	VL: 5.537e-04	 5.536e-04	 adam_lr:6.103515625e-08
Epoch: 432	TL: 6.607e-05	VL: 5.541e-04	 5.537e-04	 adam_lr:6.103515625e-08
Epoch: 433	TL: 6.609e-05	VL: 5.538e-04	 5.537e-04	 adam_lr:6.103515625e-08
Epoch: 434	TL: 6.611e-05	VL: 5.537e-04	 5.537e-04	 adam_lr:6.103515625e-08
Epoch: 435	TL: 6.612e-05	VL: 5.537e-04	 5.537e-04	 adam_lr:6.103515625e-08
Epoch: 436	TL: 6.607e-05	VL: 5.535e-04	 5.537e-04	 adam_lr:3.0517578125e-08
Epoch: 437	TL: 6.606e-05	VL: 5.539e-04	 5.537e-04	 adam_lr:3.0517578125e-08
Epoch: 438	TL: 6.609e-05	VL: 5.537e-04	 5.537e-04	 adam_lr:3.0517578125e-08
Epoch: 439	TL: 6.606e-05	VL: 5.532e-04	 5.536e-04	 adam_lr:3.0517578125e-08
Epoch: 440	TL: 6.604e-05	VL: 5.536e-04	 5.536e-04	 adam_lr:3.0517578125e-08
Epoch: 441	TL: 6.607e-05	VL: 5.535e-04	 5.536e-04	 adam_lr:3.0517578125e-08
Epoch: 442	TL: 6.604e-05	VL: 5.536e-04	 5.536e-04	 adam_lr:1.52587890625e-08
Epoch: 443	TL: 6.606e-05	VL: 5.537e-04	 5.536e-04	 adam_lr:1.52587890625e-08
Epoch: 444	TL: 6.604e-05	VL: 5.536e-04	 5.536e-04	 adam_lr:1.52587890625e-08
Epoch: 445	TL: 6.604e-05	VL: 5.536e-04	 5.536e-04	 adam_lr:1.52587890625e-08
Epoch: 446	TL: 6.606e-05	VL: 5.535e-04	 5.536e-04	 adam_lr:1.52587890625e-08
Epoch: 447	TL: 6.603e-05	VL: 5.539e-04	 5.536e-04	 adam_lr:1.52587890625e-08
Epoch: 448	TL: 6.607e-05	VL: 5.533e-04	 5.536e-04	 adam_lr:1.52587890625e-08
Epoch: 449	TL: 6.606e-05	VL: 5.537e-04	 5.536e-04	 adam_lr:1.52587890625e-08
Epoch: 450	TL: 6.604e-05	VL: 5.537e-04	 5.536e-04	 adam_lr:1.52587890625e-08
Epoch: 451	TL: 6.604e-05	VL: 5.538e-04	 5.537e-04	 adam_lr:1.52587890625e-08
Epoch: 452	TL: 6.606e-05	VL: 5.533e-04	 5.536e-04	 adam_lr:1.52587890625e-08
Epoch: 453	TL: 6.603e-05	VL: 5.535e-04	 5.536e-04	 adam_lr:1.52587890625e-08
Epoch: 454	TL: 6.605e-05	VL: 5.537e-04	 5.536e-04	 adam_lr:1.52587890625e-08
Epoch: 455	TL: 6.604e-05	VL: 5.536e-04	 5.536e-04	 adam_lr:1.52587890625e-08
Epoch: 456	TL: 6.602e-05	VL: 5.534e-04	 5.536e-04	 adam_lr:1.52587890625e-08
Epoch: 457	TL: 6.609e-05	VL: 5.535e-04	 5.536e-04	 adam_lr:1.52587890625e-08
Epoch: 458	TL: 6.603e-05	VL: 5.538e-04	 5.536e-04	 adam_lr:1.52587890625e-08
Epoch: 459	TL: 6.605e-05	VL: 5.536e-04	 5.536e-04	 adam_lr:1.52587890625e-08
Epoch: 460	TL: 6.600e-05	VL: 5.538e-04	 5.536e-04	 adam_lr:1.52587890625e-08
Epoch: 461	TL: 6.601e-05	VL: 5.533e-04	 5.536e-04	 adam_lr:1.52587890625e-08
Epoch: 462	TL: 6.607e-05	VL: 5.535e-04	 5.536e-04	 adam_lr:1.52587890625e-08
Epoch: 463	TL: 6.602e-05	VL: 5.536e-04	 5.536e-04	 adam_lr:1.52587890625e-08
Epoch: 464	TL: 6.605e-05	VL: 5.537e-04	 5.536e-04	 adam_lr:1.52587890625e-08
Epoch: 465	TL: 6.603e-05	VL: 5.536e-04	 5.536e-04	 adam_lr:1.52587890625e-08
Epoch: 466	TL: 6.602e-05	VL: 5.537e-04	 5.536e-04	 adam_lr:1.52587890625e-08
Epoch: 467	TL: 6.604e-05	VL: 5.538e-04	 5.536e-04	 adam_lr:1.52587890625e-08
Epoch: 468	TL: 6.605e-05	VL: 5.535e-04	 5.536e-04	 adam_lr:1.52587890625e-08
Epoch: 469	TL: 6.604e-05	VL: 5.534e-04	 5.536e-04	 adam_lr:1.52587890625e-08
Epoch: 470	TL: 6.600e-05	VL: 5.535e-04	 5.536e-04	 adam_lr:1.52587890625e-08
Epoch: 471	TL: 6.603e-05	VL: 5.533e-04	 5.536e-04	 adam_lr:1.52587890625e-08
Epoch: 472	TL: 6.604e-05	VL: 5.534e-04	 5.535e-04	 adam_lr:1.52587890625e-08
Epoch: 473	TL: 6.603e-05	VL: 5.532e-04	 5.535e-04	 adam_lr:1.52587890625e-08
Epoch: 474	TL: 6.605e-05	VL: 5.533e-04	 5.535e-04	 adam_lr:1.52587890625e-08
Epoch: 475	TL: 6.609e-05	VL: 5.534e-04	 5.535e-04	 adam_lr:1.52587890625e-08
Epoch: 476	TL: 6.604e-05	VL: 5.534e-04	 5.535e-04	 adam_lr:1.52587890625e-08
Epoch: 477	TL: 6.603e-05	VL: 5.533e-04	 5.535e-04	 adam_lr:1.52587890625e-08
Epoch: 478	TL: 6.605e-05	VL: 5.534e-04	 5.534e-04	 adam_lr:1.52587890625e-08
Epoch: 479	TL: 6.606e-05	VL: 5.534e-04	 5.534e-04	 adam_lr:1.52587890625e-08
Epoch: 480	TL: 6.607e-05	VL: 5.537e-04	 5.535e-04	 adam_lr:1.52587890625e-08
Epoch: 481	TL: 6.605e-05	VL: 5.535e-04	 5.535e-04	 adam_lr:1.52587890625e-08
Epoch: 482	TL: 6.603e-05	VL: 5.536e-04	 5.535e-04	 adam_lr:1.52587890625e-08
Epoch: 483	TL: 6.600e-05	VL: 5.538e-04	 5.535e-04	 adam_lr:1.52587890625e-08
Epoch: 484	TL: 6.608e-05	VL: 5.536e-04	 5.535e-04	 adam_lr:1.52587890625e-08
Epoch: 485	TL: 6.606e-05	VL: 5.533e-04	 5.535e-04	 adam_lr:1.52587890625e-08
Epoch: 486	TL: 6.604e-05	VL: 5.535e-04	 5.535e-04	 adam_lr:1.52587890625e-08
Epoch: 487	TL: 6.605e-05	VL: 5.534e-04	 5.535e-04	 adam_lr:1.52587890625e-08
Epoch: 488	TL: 6.603e-05	VL: 5.537e-04	 5.535e-04	 adam_lr:1.52587890625e-08
Epoch: 489	TL: 6.607e-05	VL: 5.535e-04	 5.535e-04	 adam_lr:1.52587890625e-08
Epoch: 490	TL: 6.605e-05	VL: 5.534e-04	 5.535e-04	 adam_lr:1.52587890625e-08
Epoch: 491	TL: 6.602e-05	VL: 5.534e-04	 5.535e-04	 adam_lr:1.52587890625e-08
Epoch: 492	TL: 6.602e-05	VL: 5.533e-04	 5.535e-04	 adam_lr:1.52587890625e-08
Epoch: 493	TL: 6.603e-05	VL: 5.536e-04	 5.535e-04	 adam_lr:1.52587890625e-08
Epoch: 494	TL: 6.604e-05	VL: 5.536e-04	 5.535e-04	 adam_lr:1.52587890625e-08
Epoch: 495	TL: 6.602e-05	VL: 5.535e-04	 5.535e-04	 adam_lr:1.52587890625e-08
Epoch: 496	TL: 6.605e-05	VL: 5.533e-04	 5.535e-04	 adam_lr:1.52587890625e-08
Epoch: 497	TL: 6.603e-05	VL: 5.534e-04	 5.535e-04	 adam_lr:1.52587890625e-08
Epoch: 498	TL: 6.601e-05	VL: 5.534e-04	 5.535e-04	 adam_lr:1.52587890625e-08
Epoch: 499	TL: 6.604e-05	VL: 5.532e-04	 5.534e-04	 adam_lr:1.52587890625e-08
Epoch: 500	TL: 6.605e-05	VL: 5.536e-04	 5.535e-04	 adam_lr:1.52587890625e-08
Epoch: 501	TL: 6.603e-05	VL: 5.534e-04	 5.535e-04	 adam_lr:1.52587890625e-08
Epoch: 502	TL: 6.605e-05	VL: 5.535e-04	 5.535e-04	 adam_lr:1.52587890625e-08
Epoch: 503	TL: 6.605e-05	VL: 5.535e-04	 5.535e-04	 adam_lr:1.52587890625e-08
Epoch: 504	TL: 6.605e-05	VL: 5.539e-04	 5.535e-04	 adam_lr:1.52587890625e-08
Epoch: 505	TL: 6.605e-05	VL: 5.533e-04	 5.535e-04	 adam_lr:1.52587890625e-08
Epoch: 506	TL: 6.602e-05	VL: 5.535e-04	 5.535e-04	 adam_lr:1.52587890625e-08
Epoch: 507	TL: 6.603e-05	VL: 5.534e-04	 5.535e-04	 adam_lr:1.52587890625e-08
Epoch: 508	TL: 6.605e-05	VL: 5.533e-04	 5.535e-04	 adam_lr:1.52587890625e-08
Early stopping triggered after 509 epochs.
Test MAE: 11.413
