Tue Dec 17 22:04:54 2024       
+-----------------------------------------------------------------------------------------+
| NVIDIA-SMI 565.57.01              Driver Version: 565.57.01      CUDA Version: 12.7     |
|-----------------------------------------+------------------------+----------------------+
| GPU  Name                 Persistence-M | Bus-Id          Disp.A | Volatile Uncorr. ECC |
| Fan  Temp   Perf          Pwr:Usage/Cap |           Memory-Usage | GPU-Util  Compute M. |
|                                         |                        |               MIG M. |
|=========================================+========================+======================|
|   0  Tesla V100-SXM2-32GB           On  |   00000000:15:00.0 Off |                    0 |
| N/A   32C    P0             42W /  300W |       1MiB /  32768MiB |      0%   E. Process |
|                                         |                        |                  N/A |
+-----------------------------------------+------------------------+----------------------+
                                                                                         
+-----------------------------------------------------------------------------------------+
| Processes:                                                                              |
|  GPU   GI   CI        PID   Type   Process name                              GPU Memory |
|        ID   ID                                                               Usage      |
|=========================================================================================|
|  No running processes found                                                             |
+-----------------------------------------------------------------------------------------+
cuda
Tesla V100-SXM2-32GB
PaiNN(
  (zi): Embedding(100, 128)
  (Lm): Message(
    (Ls): Sequential(
      (0): Linear(in_features=128, out_features=128, bias=True)
      (1): SiLU()
      (2): Dropout(p=0.5, inplace=False)
      (3): Linear(in_features=128, out_features=384, bias=True)
    )
    (Lrbf): Linear(in_features=20, out_features=384, bias=True)
  )
  (Lu): Update(
    (Luu): Linear(in_features=3, out_features=3, bias=False)
    (Luv): Linear(in_features=3, out_features=3, bias=False)
    (Ls): Sequential(
      (0): Linear(in_features=256, out_features=128, bias=True)
      (1): SiLU()
      (2): Dropout(p=0.5, inplace=False)
      (3): Linear(in_features=128, out_features=384, bias=True)
    )
  )
  (Lr): Sequential(
    (0): Linear(in_features=128, out_features=64, bias=True)
    (1): SiLU()
    (2): Dropout(p=0.5, inplace=False)
    (3): Linear(in_features=64, out_features=1, bias=True)
  )
)
Epoch: 1	TL: 4.794e-01	VL: 7.418e-02	 7.418e-02	 adam_lr:0.0005
Epoch: 2	TL: 4.748e-02	VL: 3.325e-02	 5.372e-02	 adam_lr:0.0005
Epoch: 3	TL: 2.249e-02	VL: 4.004e-02	 4.688e-02	 adam_lr:0.0005
Epoch: 4	TL: 1.532e-02	VL: 1.933e-02	 3.311e-02	 adam_lr:0.0005
Epoch: 5	TL: 1.205e-02	VL: 1.662e-02	 2.486e-02	 adam_lr:0.0005
Epoch: 6	TL: 1.044e-02	VL: 6.239e-03	 1.555e-02	 adam_lr:0.0005
Epoch: 7	TL: 9.313e-03	VL: 6.658e-03	 1.110e-02	 adam_lr:0.0005
Epoch: 8	TL: 8.334e-03	VL: 1.221e-02	 1.166e-02	 adam_lr:0.0005
Epoch: 9	TL: 7.302e-03	VL: 7.281e-03	 9.469e-03	 adam_lr:0.0005
Epoch: 10	TL: 7.220e-03	VL: 5.850e-03	 7.660e-03	 adam_lr:0.0005
Epoch: 11	TL: 6.523e-03	VL: 7.775e-03	 7.717e-03	 adam_lr:0.0005
Epoch: 12	TL: 5.849e-03	VL: 1.043e-02	 9.076e-03	 adam_lr:0.0005
Epoch: 13	TL: 5.635e-03	VL: 5.608e-03	 7.342e-03	 adam_lr:0.0005
Epoch: 14	TL: 5.703e-03	VL: 5.907e-03	 6.625e-03	 adam_lr:0.0005
Epoch: 15	TL: 4.766e-03	VL: 3.391e-03	 5.008e-03	 adam_lr:0.0005
Epoch: 16	TL: 4.742e-03	VL: 5.559e-03	 5.283e-03	 adam_lr:0.0005
Epoch: 17	TL: 4.637e-03	VL: 3.330e-03	 4.306e-03	 adam_lr:0.0005
Epoch: 18	TL: 4.544e-03	VL: 3.542e-03	 3.924e-03	 adam_lr:0.0005
Epoch: 19	TL: 3.811e-03	VL: 5.181e-03	 4.553e-03	 adam_lr:0.0005
Epoch: 20	TL: 3.887e-03	VL: 2.990e-03	 3.771e-03	 adam_lr:0.0005
Epoch: 21	TL: 3.835e-03	VL: 3.720e-03	 3.746e-03	 adam_lr:0.0005
Epoch: 22	TL: 3.592e-03	VL: 3.008e-03	 3.377e-03	 adam_lr:0.0005
Epoch: 23	TL: 3.541e-03	VL: 2.573e-03	 2.975e-03	 adam_lr:0.0005
Epoch: 24	TL: 3.370e-03	VL: 2.687e-03	 2.831e-03	 adam_lr:0.0005
Epoch: 25	TL: 3.401e-03	VL: 2.703e-03	 2.767e-03	 adam_lr:0.0005
Epoch: 26	TL: 3.070e-03	VL: 6.409e-03	 4.588e-03	 adam_lr:0.0005
Epoch: 27	TL: 3.134e-03	VL: 2.746e-03	 3.667e-03	 adam_lr:0.0005
Epoch: 28	TL: 2.902e-03	VL: 2.121e-03	 2.894e-03	 adam_lr:0.0005
Epoch: 29	TL: 2.892e-03	VL: 2.045e-03	 2.470e-03	 adam_lr:0.0005
Epoch: 30	TL: 2.710e-03	VL: 4.037e-03	 3.253e-03	 adam_lr:0.0005
Epoch: 31	TL: 2.936e-03	VL: 2.700e-03	 2.977e-03	 adam_lr:0.0005
Epoch: 32	TL: 2.752e-03	VL: 4.562e-03	 3.769e-03	 adam_lr:0.0005
Epoch: 33	TL: 2.574e-03	VL: 4.328e-03	 4.049e-03	 adam_lr:0.0005
Epoch: 34	TL: 2.569e-03	VL: 2.625e-03	 3.337e-03	 adam_lr:0.0005
Epoch: 35	TL: 2.677e-03	VL: 2.426e-03	 2.881e-03	 adam_lr:0.0005
Epoch: 36	TL: 2.406e-03	VL: 2.054e-03	 2.468e-03	 adam_lr:0.0005
Epoch: 37	TL: 2.623e-03	VL: 2.314e-03	 2.391e-03	 adam_lr:0.0005
Epoch: 38	TL: 2.209e-03	VL: 4.342e-03	 3.366e-03	 adam_lr:0.0005
Epoch: 39	TL: 2.483e-03	VL: 3.126e-03	 3.246e-03	 adam_lr:0.0005
Epoch: 40	TL: 2.118e-03	VL: 2.511e-03	 2.878e-03	 adam_lr:0.0005
Epoch: 41	TL: 2.316e-03	VL: 2.567e-03	 2.723e-03	 adam_lr:0.0005
Epoch: 42	TL: 2.157e-03	VL: 2.953e-03	 2.838e-03	 adam_lr:0.0005
Epoch: 43	TL: 2.152e-03	VL: 2.197e-03	 2.517e-03	 adam_lr:0.0005
Epoch: 44	TL: 2.318e-03	VL: 3.509e-03	 3.013e-03	 adam_lr:0.0005
Epoch: 45	TL: 1.924e-03	VL: 3.075e-03	 3.044e-03	 adam_lr:0.0005
Epoch: 46	TL: 2.037e-03	VL: 1.853e-03	 2.448e-03	 adam_lr:0.0005
Epoch: 47	TL: 2.028e-03	VL: 3.010e-03	 2.729e-03	 adam_lr:0.0005
Epoch: 48	TL: 2.109e-03	VL: 2.647e-03	 2.688e-03	 adam_lr:0.0005
Epoch: 49	TL: 1.847e-03	VL: 1.494e-03	 2.091e-03	 adam_lr:0.0005
Epoch: 50	TL: 1.912e-03	VL: 1.772e-03	 1.932e-03	 adam_lr:0.0005
Epoch: 51	TL: 1.948e-03	VL: 1.899e-03	 1.915e-03	 adam_lr:0.0005
Epoch: 52	TL: 1.789e-03	VL: 3.142e-03	 2.529e-03	 adam_lr:0.0005
Epoch: 53	TL: 1.840e-03	VL: 1.677e-03	 2.103e-03	 adam_lr:0.0005
Epoch: 54	TL: 1.748e-03	VL: 4.538e-03	 3.320e-03	 adam_lr:0.0005
Epoch: 55	TL: 1.790e-03	VL: 1.810e-03	 2.565e-03	 adam_lr:0.0005
Epoch: 56	TL: 1.774e-03	VL: 1.905e-03	 2.235e-03	 adam_lr:0.0005
Epoch: 57	TL: 1.795e-03	VL: 1.252e-03	 1.744e-03	 adam_lr:0.0005
Epoch: 58	TL: 1.567e-03	VL: 2.653e-03	 2.198e-03	 adam_lr:0.0005
Epoch: 59	TL: 1.761e-03	VL: 2.235e-03	 2.217e-03	 adam_lr:0.0005
Epoch: 60	TL: 1.572e-03	VL: 1.840e-03	 2.029e-03	 adam_lr:0.0005
Epoch: 61	TL: 1.475e-03	VL: 1.431e-03	 1.730e-03	 adam_lr:0.0005
Epoch: 62	TL: 1.626e-03	VL: 2.459e-03	 2.094e-03	 adam_lr:0.0005
Epoch: 63	TL: 1.626e-03	VL: 4.855e-03	 3.474e-03	 adam_lr:0.0005
Epoch: 64	TL: 1.522e-03	VL: 1.621e-03	 2.548e-03	 adam_lr:0.0005
Epoch: 65	TL: 1.753e-03	VL: 1.895e-03	 2.221e-03	 adam_lr:0.0005
Epoch: 66	TL: 1.476e-03	VL: 1.446e-03	 1.834e-03	 adam_lr:0.0005
Epoch: 67	TL: 1.617e-03	VL: 2.162e-03	 1.998e-03	 adam_lr:0.0005
Epoch: 68	TL: 1.487e-03	VL: 2.931e-03	 2.464e-03	 adam_lr:0.0005
Epoch: 69	TL: 1.452e-03	VL: 1.617e-03	 2.041e-03	 adam_lr:0.0005
Epoch: 70	TL: 1.490e-03	VL: 1.599e-03	 1.820e-03	 adam_lr:0.0005
Epoch: 71	TL: 1.537e-03	VL: 1.272e-03	 1.546e-03	 adam_lr:0.0005
Epoch: 72	TL: 1.313e-03	VL: 2.746e-03	 2.146e-03	 adam_lr:0.0005
Epoch: 73	TL: 1.388e-03	VL: 1.439e-03	 1.793e-03	 adam_lr:0.0005
Epoch: 74	TL: 1.416e-03	VL: 1.411e-03	 1.602e-03	 adam_lr:0.0005
Epoch: 75	TL: 1.369e-03	VL: 1.379e-03	 1.490e-03	 adam_lr:0.0005
Epoch: 76	TL: 1.299e-03	VL: 2.120e-03	 1.805e-03	 adam_lr:0.0005
Epoch: 77	TL: 1.354e-03	VL: 1.386e-03	 1.596e-03	 adam_lr:0.0005
Epoch: 78	TL: 1.324e-03	VL: 1.300e-03	 1.448e-03	 adam_lr:0.0005
Epoch: 79	TL: 1.418e-03	VL: 1.220e-03	 1.334e-03	 adam_lr:0.0005
Epoch: 80	TL: 1.296e-03	VL: 2.462e-03	 1.898e-03	 adam_lr:0.0005
Epoch: 81	TL: 1.476e-03	VL: 1.774e-03	 1.836e-03	 adam_lr:0.0005
Epoch: 82	TL: 1.228e-03	VL: 3.272e-03	 2.554e-03	 adam_lr:0.0005
Epoch: 83	TL: 1.188e-03	VL: 1.598e-03	 2.076e-03	 adam_lr:0.0005
Epoch: 84	TL: 1.341e-03	VL: 1.267e-03	 1.671e-03	 adam_lr:0.0005
Epoch: 85	TL: 1.301e-03	VL: 1.721e-03	 1.696e-03	 adam_lr:0.0005
Epoch: 86	TL: 1.314e-03	VL: 2.050e-03	 1.873e-03	 adam_lr:0.0005
Epoch: 87	TL: 1.094e-03	VL: 1.305e-03	 1.589e-03	 adam_lr:0.0005
Epoch: 88	TL: 1.331e-03	VL: 1.434e-03	 1.511e-03	 adam_lr:0.0005
Epoch: 89	TL: 1.224e-03	VL: 1.410e-03	 1.461e-03	 adam_lr:0.0005
Epoch: 90	TL: 1.172e-03	VL: 1.600e-03	 1.530e-03	 adam_lr:0.0005
Epoch: 91	TL: 1.174e-03	VL: 1.856e-03	 1.693e-03	 adam_lr:0.0005
Epoch: 92	TL: 1.149e-03	VL: 1.784e-03	 1.738e-03	 adam_lr:0.0005
Epoch: 93	TL: 1.413e-03	VL: 1.030e-03	 1.384e-03	 adam_lr:0.0005
Epoch: 94	TL: 1.148e-03	VL: 1.238e-03	 1.311e-03	 adam_lr:0.0005
Epoch: 95	TL: 1.203e-03	VL: 1.465e-03	 1.388e-03	 adam_lr:0.0005
Epoch: 96	TL: 1.110e-03	VL: 2.246e-03	 1.817e-03	 adam_lr:0.0005
Epoch: 97	TL: 1.235e-03	VL: 1.398e-03	 1.608e-03	 adam_lr:0.0005
Epoch: 98	TL: 1.203e-03	VL: 1.385e-03	 1.496e-03	 adam_lr:0.0005
Epoch: 99	TL: 1.107e-03	VL: 1.200e-03	 1.348e-03	 adam_lr:0.0005
Epoch: 100	TL: 1.053e-03	VL: 2.750e-03	 2.049e-03	 adam_lr:0.0005
Epoch: 101	TL: 1.138e-03	VL: 1.339e-03	 1.694e-03	 adam_lr:0.0005
Epoch: 102	TL: 1.213e-03	VL: 2.643e-03	 2.168e-03	 adam_lr:0.0005
Epoch: 103	TL: 1.072e-03	VL: 1.599e-03	 1.884e-03	 adam_lr:0.0005
Epoch: 104	TL: 1.037e-03	VL: 1.695e-03	 1.789e-03	 adam_lr:0.0005
Epoch: 105	TL: 1.132e-03	VL: 1.231e-03	 1.510e-03	 adam_lr:0.0005
Epoch: 106	TL: 1.080e-03	VL: 1.245e-03	 1.378e-03	 adam_lr:0.0005
Epoch: 107	TL: 9.922e-04	VL: 1.790e-03	 1.584e-03	 adam_lr:0.0005
Epoch: 108	TL: 1.158e-03	VL: 2.018e-03	 1.801e-03	 adam_lr:0.0005
Epoch: 109	TL: 1.046e-03	VL: 1.300e-03	 1.551e-03	 adam_lr:0.0005
Epoch: 110	TL: 1.127e-03	VL: 1.124e-03	 1.337e-03	 adam_lr:0.0005
Epoch: 111	TL: 9.736e-04	VL: 1.146e-03	 1.242e-03	 adam_lr:0.0005
Epoch: 112	TL: 1.108e-03	VL: 1.964e-03	 1.603e-03	 adam_lr:0.0005
Epoch: 113	TL: 1.004e-03	VL: 1.560e-03	 1.582e-03	 adam_lr:0.0005
Epoch: 114	TL: 1.110e-03	VL: 1.831e-03	 1.706e-03	 adam_lr:0.0005
Epoch: 115	TL: 9.815e-04	VL: 1.551e-03	 1.629e-03	 adam_lr:0.0005
Epoch: 116	TL: 1.024e-03	VL: 3.650e-03	 2.639e-03	 adam_lr:0.0005
Epoch: 117	TL: 1.106e-03	VL: 2.193e-03	 2.416e-03	 adam_lr:0.0005
Epoch: 118	TL: 9.516e-04	VL: 1.241e-03	 1.828e-03	 adam_lr:0.0005
Epoch: 119	TL: 1.014e-03	VL: 1.348e-03	 1.588e-03	 adam_lr:0.0005
Epoch: 120	TL: 9.736e-04	VL: 1.331e-03	 1.459e-03	 adam_lr:0.0005
Epoch: 121	TL: 9.778e-04	VL: 1.170e-03	 1.315e-03	 adam_lr:0.0005
Epoch: 122	TL: 1.026e-03	VL: 1.123e-03	 1.219e-03	 adam_lr:0.0005
Epoch: 123	TL: 9.492e-04	VL: 1.802e-03	 1.511e-03	 adam_lr:0.0005
Epoch: 124	TL: 9.742e-04	VL: 1.015e-03	 1.263e-03	 adam_lr:0.0005
Epoch: 125	TL: 9.374e-04	VL: 1.414e-03	 1.338e-03	 adam_lr:0.0005
Epoch: 126	TL: 9.568e-04	VL: 9.680e-04	 1.153e-03	 adam_lr:0.0005
Epoch: 127	TL: 9.007e-04	VL: 1.851e-03	 1.502e-03	 adam_lr:0.0005
Epoch: 128	TL: 1.028e-03	VL: 2.593e-03	 2.047e-03	 adam_lr:0.0005
Epoch: 129	TL: 8.218e-04	VL: 1.487e-03	 1.767e-03	 adam_lr:0.0005
Epoch: 130	TL: 9.099e-04	VL: 1.035e-03	 1.401e-03	 adam_lr:0.0005
Epoch: 131	TL: 1.018e-03	VL: 1.293e-03	 1.347e-03	 adam_lr:0.0005
Epoch: 132	TL: 8.617e-04	VL: 1.641e-03	 1.494e-03	 adam_lr:0.0005
Epoch: 133	TL: 9.608e-04	VL: 1.078e-03	 1.286e-03	 adam_lr:0.0005
Epoch: 134	TL: 9.440e-04	VL: 1.177e-03	 1.232e-03	 adam_lr:0.0005
Epoch: 135	TL: 9.081e-04	VL: 1.110e-03	 1.171e-03	 adam_lr:0.0005
Epoch: 136	TL: 8.385e-04	VL: 1.084e-03	 1.127e-03	 adam_lr:0.0005
Epoch: 137	TL: 8.967e-04	VL: 1.331e-03	 1.229e-03	 adam_lr:0.0005
Epoch: 138	TL: 1.010e-03	VL: 9.845e-04	 1.107e-03	 adam_lr:0.0005
Epoch: 139	TL: 7.792e-04	VL: 1.532e-03	 1.319e-03	 adam_lr:0.0005
Epoch: 140	TL: 9.864e-04	VL: 2.092e-03	 1.706e-03	 adam_lr:0.0005
Epoch: 141	TL: 8.653e-04	VL: 1.026e-03	 1.366e-03	 adam_lr:0.0005
Epoch: 142	TL: 8.664e-04	VL: 1.112e-03	 1.239e-03	 adam_lr:0.0005
Epoch: 143	TL: 9.359e-04	VL: 1.722e-03	 1.480e-03	 adam_lr:0.0005
Epoch: 144	TL: 7.992e-04	VL: 1.092e-03	 1.286e-03	 adam_lr:0.0005
Epoch: 145	TL: 9.197e-04	VL: 9.622e-04	 1.124e-03	 adam_lr:0.0005
Epoch: 146	TL: 9.021e-04	VL: 1.050e-03	 1.087e-03	 adam_lr:0.0005
Epoch: 147	TL: 8.373e-04	VL: 1.254e-03	 1.171e-03	 adam_lr:0.0005
Epoch: 148	TL: 8.898e-04	VL: 9.605e-04	 1.066e-03	 adam_lr:0.0005
Epoch: 149	TL: 8.405e-04	VL: 9.944e-04	 1.030e-03	 adam_lr:0.0005
Epoch: 150	TL: 8.872e-04	VL: 1.081e-03	 1.056e-03	 adam_lr:0.0005
Epoch: 151	TL: 8.442e-04	VL: 1.345e-03	 1.200e-03	 adam_lr:0.0005
Epoch: 152	TL: 8.386e-04	VL: 1.047e-03	 1.123e-03	 adam_lr:0.0005
Epoch: 153	TL: 9.124e-04	VL: 8.700e-04	 9.967e-04	 adam_lr:0.0005
Epoch: 154	TL: 8.225e-04	VL: 1.415e-03	 1.206e-03	 adam_lr:0.0005
Epoch: 155	TL: 8.705e-04	VL: 1.578e-03	 1.392e-03	 adam_lr:0.0005
Epoch: 156	TL: 9.033e-04	VL: 1.323e-03	 1.358e-03	 adam_lr:0.0005
Epoch: 157	TL: 7.406e-04	VL: 2.181e-03	 1.770e-03	 adam_lr:0.0005
Epoch: 158	TL: 8.040e-04	VL: 8.628e-04	 1.316e-03	 adam_lr:0.0005
Epoch: 159	TL: 8.740e-04	VL: 1.102e-03	 1.209e-03	 adam_lr:0.0005
Epoch: 160	TL: 7.929e-04	VL: 9.789e-04	 1.094e-03	 adam_lr:0.0005
Epoch: 161	TL: 8.326e-04	VL: 1.032e-03	 1.063e-03	 adam_lr:0.0005
Epoch: 162	TL: 8.171e-04	VL: 1.307e-03	 1.185e-03	 adam_lr:0.0005
Epoch: 163	TL: 7.614e-04	VL: 1.432e-03	 1.308e-03	 adam_lr:0.0005
Epoch: 164	TL: 8.664e-04	VL: 1.258e-03	 1.283e-03	 adam_lr:0.0005
Epoch: 165	TL: 8.048e-04	VL: 1.049e-03	 1.166e-03	 adam_lr:0.0005
Epoch: 166	TL: 7.738e-04	VL: 9.048e-04	 1.035e-03	 adam_lr:0.0005
Epoch: 167	TL: 8.074e-04	VL: 1.274e-03	 1.155e-03	 adam_lr:0.0005
Epoch: 168	TL: 8.151e-04	VL: 1.639e-03	 1.397e-03	 adam_lr:0.0005
Epoch: 169	TL: 7.769e-04	VL: 1.056e-03	 1.226e-03	 adam_lr:0.0005
Epoch: 170	TL: 7.414e-04	VL: 9.479e-04	 1.087e-03	 adam_lr:0.0005
Epoch: 171	TL: 7.587e-04	VL: 1.208e-03	 1.148e-03	 adam_lr:0.0005
Epoch: 172	TL: 8.315e-04	VL: 1.688e-03	 1.418e-03	 adam_lr:0.0005
Epoch: 173	TL: 7.177e-04	VL: 1.019e-03	 1.219e-03	 adam_lr:0.0005
Epoch: 174	TL: 7.750e-04	VL: 1.157e-03	 1.188e-03	 adam_lr:0.0005
Epoch: 175	TL: 7.319e-04	VL: 1.070e-03	 1.129e-03	 adam_lr:0.0005
Epoch: 176	TL: 7.957e-04	VL: 8.917e-04	 1.010e-03	 adam_lr:0.0005
Epoch: 177	TL: 7.878e-04	VL: 1.219e-03	 1.115e-03	 adam_lr:0.0005
Epoch: 178	TL: 7.304e-04	VL: 2.848e-03	 1.982e-03	 adam_lr:0.0005
Epoch: 179	TL: 7.805e-04	VL: 1.036e-03	 1.509e-03	 adam_lr:0.0005
Epoch: 180	TL: 8.153e-04	VL: 1.072e-03	 1.291e-03	 adam_lr:0.0005
Epoch: 181	TL: 7.793e-04	VL: 9.307e-04	 1.111e-03	 adam_lr:0.0005
Epoch: 182	TL: 7.176e-04	VL: 1.883e-03	 1.497e-03	 adam_lr:0.0005
Epoch: 183	TL: 7.084e-04	VL: 1.519e-03	 1.508e-03	 adam_lr:0.0005
Epoch: 184	TL: 7.606e-04	VL: 1.091e-03	 1.300e-03	 adam_lr:0.0005
Epoch: 185	TL: 2.817e-04	VL: 7.544e-04	 1.027e-03	 adam_lr:0.00025
Epoch: 186	TL: 2.898e-04	VL: 7.954e-04	 9.112e-04	 adam_lr:0.00025
Epoch: 187	TL: 3.351e-04	VL: 8.051e-04	 8.582e-04	 adam_lr:0.00025
Epoch: 188	TL: 3.687e-04	VL: 7.497e-04	 8.040e-04	 adam_lr:0.00025
Epoch: 189	TL: 3.180e-04	VL: 7.847e-04	 7.944e-04	 adam_lr:0.00025
Epoch: 190	TL: 3.280e-04	VL: 7.478e-04	 7.711e-04	 adam_lr:0.00025
Epoch: 191	TL: 3.201e-04	VL: 8.267e-04	 7.989e-04	 adam_lr:0.00025
Epoch: 192	TL: 3.113e-04	VL: 7.493e-04	 7.741e-04	 adam_lr:0.00025
Epoch: 193	TL: 3.324e-04	VL: 8.102e-04	 7.921e-04	 adam_lr:0.00025
Epoch: 194	TL: 3.151e-04	VL: 8.556e-04	 8.239e-04	 adam_lr:0.00025
Epoch: 195	TL: 3.390e-04	VL: 7.257e-04	 7.748e-04	 adam_lr:0.00025
Epoch: 196	TL: 3.026e-04	VL: 7.979e-04	 7.863e-04	 adam_lr:0.00025
Epoch: 197	TL: 3.167e-04	VL: 7.312e-04	 7.588e-04	 adam_lr:0.00025
Epoch: 198	TL: 3.194e-04	VL: 7.413e-04	 7.500e-04	 adam_lr:0.00025
Epoch: 199	TL: 3.216e-04	VL: 8.047e-04	 7.774e-04	 adam_lr:0.00025
Epoch: 200	TL: 3.049e-04	VL: 7.814e-04	 7.794e-04	 adam_lr:0.00025
Epoch: 201	TL: 3.020e-04	VL: 7.445e-04	 7.619e-04	 adam_lr:0.00025
Epoch: 202	TL: 3.166e-04	VL: 8.277e-04	 7.948e-04	 adam_lr:0.00025
Epoch: 203	TL: 2.924e-04	VL: 6.599e-04	 7.273e-04	 adam_lr:0.00025
Epoch: 204	TL: 3.222e-04	VL: 8.853e-04	 8.063e-04	 adam_lr:0.00025
Epoch: 205	TL: 3.173e-04	VL: 7.805e-04	 7.934e-04	 adam_lr:0.00025
Epoch: 206	TL: 3.351e-04	VL: 8.877e-04	 8.406e-04	 adam_lr:0.00025
Epoch: 207	TL: 2.899e-04	VL: 7.049e-04	 7.727e-04	 adam_lr:0.00025
Epoch: 208	TL: 3.001e-04	VL: 8.688e-04	 8.208e-04	 adam_lr:0.00025
Epoch: 209	TL: 3.102e-04	VL: 8.093e-04	 8.150e-04	 adam_lr:0.00025
Epoch: 210	TL: 2.993e-04	VL: 7.298e-04	 7.724e-04	 adam_lr:0.00025
Epoch: 211	TL: 3.138e-04	VL: 9.048e-04	 8.386e-04	 adam_lr:0.00025
Epoch: 212	TL: 2.999e-04	VL: 7.353e-04	 7.870e-04	 adam_lr:0.00025
Epoch: 213	TL: 2.942e-04	VL: 7.348e-04	 7.609e-04	 adam_lr:0.00025
Epoch: 214	TL: 2.960e-04	VL: 7.189e-04	 7.399e-04	 adam_lr:0.00025
Epoch: 215	TL: 2.897e-04	VL: 7.427e-04	 7.413e-04	 adam_lr:0.00025
Epoch: 216	TL: 3.077e-04	VL: 7.901e-04	 7.657e-04	 adam_lr:0.00025
Epoch: 217	TL: 3.018e-04	VL: 6.902e-04	 7.280e-04	 adam_lr:0.00025
Epoch: 218	TL: 3.051e-04	VL: 8.958e-04	 8.119e-04	 adam_lr:0.00025
Epoch: 219	TL: 2.999e-04	VL: 7.327e-04	 7.723e-04	 adam_lr:0.00025
Epoch: 220	TL: 2.934e-04	VL: 8.591e-04	 8.157e-04	 adam_lr:0.00025
Epoch: 221	TL: 2.961e-04	VL: 7.951e-04	 8.054e-04	 adam_lr:0.00025
Epoch: 222	TL: 3.055e-04	VL: 1.550e-03	 1.178e-03	 adam_lr:0.00025
Epoch: 223	TL: 2.874e-04	VL: 7.469e-04	 9.624e-04	 adam_lr:0.00025
Epoch: 224	TL: 2.938e-04	VL: 7.278e-04	 8.451e-04	 adam_lr:0.00025
Epoch: 225	TL: 2.863e-04	VL: 8.973e-04	 8.712e-04	 adam_lr:0.00025
Epoch: 226	TL: 2.932e-04	VL: 7.118e-04	 7.915e-04	 adam_lr:0.00025
Epoch: 227	TL: 2.991e-04	VL: 9.092e-04	 8.503e-04	 adam_lr:0.00025
Epoch: 228	TL: 2.788e-04	VL: 1.000e-03	 9.252e-04	 adam_lr:0.00025
Epoch: 229	TL: 2.753e-04	VL: 6.953e-04	 8.103e-04	 adam_lr:0.00025
Epoch: 230	TL: 3.071e-04	VL: 9.958e-04	 9.031e-04	 adam_lr:0.00025
Epoch: 231	TL: 2.892e-04	VL: 6.456e-04	 7.743e-04	 adam_lr:0.00025
Epoch: 232	TL: 2.896e-04	VL: 7.145e-04	 7.444e-04	 adam_lr:0.00025
Epoch: 233	TL: 2.901e-04	VL: 7.073e-04	 7.259e-04	 adam_lr:0.00025
Epoch: 234	TL: 2.721e-04	VL: 1.008e-03	 8.671e-04	 adam_lr:0.00025
Epoch: 235	TL: 2.864e-04	VL: 8.206e-04	 8.438e-04	 adam_lr:0.00025
Epoch: 236	TL: 2.888e-04	VL: 8.934e-04	 8.686e-04	 adam_lr:0.00025
Epoch: 237	TL: 2.774e-04	VL: 8.562e-04	 8.624e-04	 adam_lr:0.00025
Epoch: 238	TL: 3.039e-04	VL: 8.018e-04	 8.321e-04	 adam_lr:0.00025
Epoch: 239	TL: 2.705e-04	VL: 7.189e-04	 7.755e-04	 adam_lr:0.00025
Epoch: 240	TL: 2.760e-04	VL: 6.911e-04	 7.333e-04	 adam_lr:0.00025
Epoch: 241	TL: 2.797e-04	VL: 6.713e-04	 7.023e-04	 adam_lr:0.00025
Epoch: 242	TL: 2.955e-04	VL: 8.136e-04	 7.579e-04	 adam_lr:0.00025
Epoch: 243	TL: 2.761e-04	VL: 8.053e-04	 7.816e-04	 adam_lr:0.00025
Epoch: 244	TL: 2.672e-04	VL: 8.486e-04	 8.151e-04	 adam_lr:0.00025
Epoch: 245	TL: 2.767e-04	VL: 8.264e-04	 8.208e-04	 adam_lr:0.00025
Epoch: 246	TL: 2.809e-04	VL: 7.897e-04	 8.052e-04	 adam_lr:0.00025
Epoch: 247	TL: 2.836e-04	VL: 7.401e-04	 7.726e-04	 adam_lr:0.00025
Epoch: 248	TL: 2.727e-04	VL: 6.871e-04	 7.299e-04	 adam_lr:0.00025
Epoch: 249	TL: 2.811e-04	VL: 7.101e-04	 7.200e-04	 adam_lr:0.00025
Epoch: 250	TL: 2.858e-04	VL: 6.691e-04	 6.945e-04	 adam_lr:0.00025
Epoch: 251	TL: 2.641e-04	VL: 7.067e-04	 7.006e-04	 adam_lr:0.00025
Epoch: 252	TL: 2.769e-04	VL: 7.515e-04	 7.260e-04	 adam_lr:0.00025
Epoch: 253	TL: 2.634e-04	VL: 6.608e-04	 6.934e-04	 adam_lr:0.00025
Epoch: 254	TL: 2.700e-04	VL: 7.309e-04	 7.122e-04	 adam_lr:0.00025
Epoch: 255	TL: 2.631e-04	VL: 6.811e-04	 6.966e-04	 adam_lr:0.00025
Epoch: 256	TL: 2.822e-04	VL: 9.879e-04	 8.423e-04	 adam_lr:0.00025
Epoch: 257	TL: 2.612e-04	VL: 7.451e-04	 7.937e-04	 adam_lr:0.00025
Epoch: 258	TL: 2.645e-04	VL: 7.026e-04	 7.481e-04	 adam_lr:0.00025
Epoch: 259	TL: 2.736e-04	VL: 7.752e-04	 7.617e-04	 adam_lr:0.00025
Epoch: 260	TL: 2.783e-04	VL: 8.508e-04	 8.062e-04	 adam_lr:0.00025
Epoch: 261	TL: 2.706e-04	VL: 9.180e-04	 8.621e-04	 adam_lr:0.00025
Epoch: 262	TL: 2.635e-04	VL: 9.009e-04	 8.815e-04	 adam_lr:0.00025
Epoch: 263	TL: 2.778e-04	VL: 7.912e-04	 8.364e-04	 adam_lr:0.00025
Epoch: 264	TL: 2.762e-04	VL: 1.071e-03	 9.537e-04	 adam_lr:0.00025
Epoch: 265	TL: 2.455e-04	VL: 8.179e-04	 8.858e-04	 adam_lr:0.00025
Epoch: 266	TL: 2.506e-04	VL: 1.012e-03	 9.490e-04	 adam_lr:0.00025
Epoch: 267	TL: 2.864e-04	VL: 7.650e-04	 8.570e-04	 adam_lr:0.00025
Epoch: 268	TL: 2.804e-04	VL: 7.047e-04	 7.808e-04	 adam_lr:0.00025
Epoch: 269	TL: 2.621e-04	VL: 1.127e-03	 9.539e-04	 adam_lr:0.00025
Epoch: 270	TL: 2.649e-04	VL: 8.125e-04	 8.832e-04	 adam_lr:0.00025
Epoch: 271	TL: 2.548e-04	VL: 6.840e-04	 7.836e-04	 adam_lr:0.00025
Epoch: 272	TL: 2.695e-04	VL: 7.861e-04	 7.849e-04	 adam_lr:0.00025
Epoch: 273	TL: 2.632e-04	VL: 6.594e-04	 7.221e-04	 adam_lr:0.00025
Epoch: 274	TL: 2.621e-04	VL: 7.772e-04	 7.497e-04	 adam_lr:0.00025
Epoch: 275	TL: 2.787e-04	VL: 6.780e-04	 7.139e-04	 adam_lr:0.00025
Epoch: 276	TL: 2.520e-04	VL: 6.348e-04	 6.744e-04	 adam_lr:0.00025
Epoch: 277	TL: 2.630e-04	VL: 7.049e-04	 6.896e-04	 adam_lr:0.00025
Epoch: 278	TL: 2.437e-04	VL: 7.510e-04	 7.203e-04	 adam_lr:0.00025
Epoch: 279	TL: 2.630e-04	VL: 6.913e-04	 7.058e-04	 adam_lr:0.00025
Epoch: 280	TL: 2.671e-04	VL: 7.064e-04	 7.061e-04	 adam_lr:0.00025
Epoch: 281	TL: 2.662e-04	VL: 7.798e-04	 7.429e-04	 adam_lr:0.00025
Epoch: 282	TL: 2.530e-04	VL: 1.024e-03	 8.837e-04	 adam_lr:0.00025
Epoch: 283	TL: 2.632e-04	VL: 8.459e-04	 8.648e-04	 adam_lr:0.00025
Epoch: 284	TL: 2.694e-04	VL: 6.488e-04	 7.568e-04	 adam_lr:0.00025
Epoch: 285	TL: 2.521e-04	VL: 6.675e-04	 7.121e-04	 adam_lr:0.00025
Epoch: 286	TL: 2.618e-04	VL: 6.905e-04	 7.013e-04	 adam_lr:0.00025
Epoch: 287	TL: 2.583e-04	VL: 7.629e-04	 7.321e-04	 adam_lr:0.00025
Epoch: 288	TL: 2.619e-04	VL: 7.091e-04	 7.206e-04	 adam_lr:0.00025
Epoch: 289	TL: 2.474e-04	VL: 6.517e-04	 6.861e-04	 adam_lr:0.00025
Epoch: 290	TL: 2.633e-04	VL: 9.355e-04	 8.108e-04	 adam_lr:0.00025
Epoch: 291	TL: 2.420e-04	VL: 7.371e-04	 7.740e-04	 adam_lr:0.00025
Epoch: 292	TL: 2.583e-04	VL: 7.241e-04	 7.490e-04	 adam_lr:0.00025
Epoch: 293	TL: 2.427e-04	VL: 8.024e-04	 7.757e-04	 adam_lr:0.00025
Epoch: 294	TL: 2.598e-04	VL: 8.124e-04	 7.941e-04	 adam_lr:0.00025
Epoch: 295	TL: 2.568e-04	VL: 7.769e-04	 7.855e-04	 adam_lr:0.00025
Epoch: 296	TL: 2.594e-04	VL: 6.345e-04	 7.100e-04	 adam_lr:0.00025
Epoch: 297	TL: 2.498e-04	VL: 6.947e-04	 7.023e-04	 adam_lr:0.00025
Epoch: 298	TL: 2.499e-04	VL: 6.747e-04	 6.885e-04	 adam_lr:0.00025
Epoch: 299	TL: 2.434e-04	VL: 6.983e-04	 6.934e-04	 adam_lr:0.00025
Epoch: 300	TL: 2.468e-04	VL: 6.684e-04	 6.809e-04	 adam_lr:0.00025
Epoch: 301	TL: 2.699e-04	VL: 7.307e-04	 7.058e-04	 adam_lr:0.00025
Epoch: 302	TL: 2.686e-04	VL: 6.812e-04	 6.935e-04	 adam_lr:0.00025
Epoch: 303	TL: 2.487e-04	VL: 1.002e-03	 8.479e-04	 adam_lr:0.00025
Epoch: 304	TL: 2.415e-04	VL: 7.011e-04	 7.745e-04	 adam_lr:0.00025
Epoch: 305	TL: 2.520e-04	VL: 6.443e-04	 7.094e-04	 adam_lr:0.00025
Epoch: 306	TL: 2.263e-04	VL: 6.997e-04	 7.046e-04	 adam_lr:0.00025
Epoch: 307	TL: 2.671e-04	VL: 6.874e-04	 6.960e-04	 adam_lr:0.00025
Epoch: 308	TL: 1.111e-04	VL: 6.256e-04	 6.608e-04	 adam_lr:0.000125
Epoch: 309	TL: 1.236e-04	VL: 6.034e-04	 6.321e-04	 adam_lr:0.000125
Epoch: 310	TL: 1.303e-04	VL: 6.377e-04	 6.349e-04	 adam_lr:0.000125
Epoch: 311	TL: 1.297e-04	VL: 6.153e-04	 6.251e-04	 adam_lr:0.000125
Epoch: 312	TL: 1.368e-04	VL: 6.351e-04	 6.301e-04	 adam_lr:0.000125
Epoch: 313	TL: 1.281e-04	VL: 6.249e-04	 6.275e-04	 adam_lr:0.000125
Epoch: 314	TL: 1.268e-04	VL: 5.959e-04	 6.117e-04	 adam_lr:0.000125
Epoch: 315	TL: 1.246e-04	VL: 6.555e-04	 6.336e-04	 adam_lr:0.000125
Epoch: 316	TL: 1.315e-04	VL: 6.028e-04	 6.182e-04	 adam_lr:0.000125
Epoch: 317	TL: 1.281e-04	VL: 6.592e-04	 6.387e-04	 adam_lr:0.000125
Epoch: 318	TL: 1.299e-04	VL: 6.142e-04	 6.264e-04	 adam_lr:0.000125
Epoch: 319	TL: 1.248e-04	VL: 6.255e-04	 6.260e-04	 adam_lr:0.000125
Epoch: 320	TL: 1.279e-04	VL: 6.172e-04	 6.216e-04	 adam_lr:0.000125
Epoch: 321	TL: 1.205e-04	VL: 6.380e-04	 6.298e-04	 adam_lr:0.000125
Epoch: 322	TL: 1.276e-04	VL: 6.123e-04	 6.211e-04	 adam_lr:0.000125
Epoch: 323	TL: 1.267e-04	VL: 6.586e-04	 6.398e-04	 adam_lr:0.000125
Epoch: 324	TL: 1.202e-04	VL: 6.218e-04	 6.308e-04	 adam_lr:0.000125
Epoch: 325	TL: 1.239e-04	VL: 6.402e-04	 6.355e-04	 adam_lr:0.000125
Epoch: 326	TL: 1.280e-04	VL: 6.100e-04	 6.228e-04	 adam_lr:0.000125
Epoch: 327	TL: 1.276e-04	VL: 6.296e-04	 6.262e-04	 adam_lr:0.000125
Epoch: 328	TL: 1.202e-04	VL: 6.490e-04	 6.376e-04	 adam_lr:0.000125
Epoch: 329	TL: 1.272e-04	VL: 6.353e-04	 6.364e-04	 adam_lr:0.000125
Epoch: 330	TL: 1.241e-04	VL: 6.565e-04	 6.465e-04	 adam_lr:0.000125
Epoch: 331	TL: 1.225e-04	VL: 6.282e-04	 6.373e-04	 adam_lr:0.000125
Epoch: 332	TL: 1.229e-04	VL: 5.875e-04	 6.124e-04	 adam_lr:0.000125
Epoch: 333	TL: 1.189e-04	VL: 6.868e-04	 6.496e-04	 adam_lr:0.000125
Epoch: 334	TL: 1.243e-04	VL: 6.231e-04	 6.364e-04	 adam_lr:0.000125
Epoch: 335	TL: 1.231e-04	VL: 6.064e-04	 6.214e-04	 adam_lr:0.000125
Epoch: 336	TL: 1.142e-04	VL: 6.106e-04	 6.160e-04	 adam_lr:0.000125
Epoch: 337	TL: 1.275e-04	VL: 6.151e-04	 6.155e-04	 adam_lr:0.000125
Epoch: 338	TL: 1.164e-04	VL: 6.028e-04	 6.092e-04	 adam_lr:0.000125
Epoch: 339	TL: 1.196e-04	VL: 6.125e-04	 6.109e-04	 adam_lr:0.000125
Epoch: 340	TL: 1.171e-04	VL: 7.274e-04	 6.692e-04	 adam_lr:0.000125
Epoch: 341	TL: 1.185e-04	VL: 6.440e-04	 6.566e-04	 adam_lr:0.000125
Epoch: 342	TL: 1.241e-04	VL: 6.081e-04	 6.323e-04	 adam_lr:0.000125
Epoch: 343	TL: 1.149e-04	VL: 6.891e-04	 6.607e-04	 adam_lr:0.000125
Epoch: 344	TL: 1.213e-04	VL: 6.096e-04	 6.352e-04	 adam_lr:0.000125
Epoch: 345	TL: 1.173e-04	VL: 6.002e-04	 6.177e-04	 adam_lr:0.000125
Epoch: 346	TL: 1.231e-04	VL: 6.038e-04	 6.107e-04	 adam_lr:0.000125
Epoch: 347	TL: 1.199e-04	VL: 6.264e-04	 6.186e-04	 adam_lr:0.000125
Epoch: 348	TL: 1.162e-04	VL: 6.174e-04	 6.180e-04	 adam_lr:0.000125
Epoch: 349	TL: 1.157e-04	VL: 6.352e-04	 6.266e-04	 adam_lr:0.000125
Epoch: 350	TL: 1.181e-04	VL: 8.256e-04	 7.261e-04	 adam_lr:0.000125
Epoch: 351	TL: 1.173e-04	VL: 5.848e-04	 6.555e-04	 adam_lr:0.000125
Epoch: 352	TL: 1.206e-04	VL: 6.985e-04	 6.770e-04	 adam_lr:0.000125
Epoch: 353	TL: 1.189e-04	VL: 6.562e-04	 6.666e-04	 adam_lr:0.000125
Epoch: 354	TL: 1.203e-04	VL: 5.856e-04	 6.261e-04	 adam_lr:0.000125
Epoch: 355	TL: 1.111e-04	VL: 6.340e-04	 6.301e-04	 adam_lr:0.000125
Epoch: 356	TL: 1.208e-04	VL: 6.158e-04	 6.229e-04	 adam_lr:0.000125
Epoch: 357	TL: 1.102e-04	VL: 6.222e-04	 6.226e-04	 adam_lr:0.000125
Epoch: 358	TL: 1.143e-04	VL: 5.950e-04	 6.088e-04	 adam_lr:0.000125
Epoch: 359	TL: 1.156e-04	VL: 6.094e-04	 6.091e-04	 adam_lr:0.000125
Epoch: 360	TL: 1.175e-04	VL: 6.103e-04	 6.097e-04	 adam_lr:0.000125
Epoch: 361	TL: 1.188e-04	VL: 6.146e-04	 6.121e-04	 adam_lr:0.000125
Epoch: 362	TL: 1.126e-04	VL: 6.607e-04	 6.364e-04	 adam_lr:0.000125
Epoch: 363	TL: 1.173e-04	VL: 5.972e-04	 6.168e-04	 adam_lr:0.000125
Epoch: 364	TL: 1.076e-04	VL: 6.109e-04	 6.138e-04	 adam_lr:0.000125
Epoch: 365	TL: 1.171e-04	VL: 6.046e-04	 6.092e-04	 adam_lr:0.000125
Epoch: 366	TL: 1.190e-04	VL: 6.006e-04	 6.049e-04	 adam_lr:0.000125
Epoch: 367	TL: 1.141e-04	VL: 6.070e-04	 6.059e-04	 adam_lr:0.000125
Epoch: 368	TL: 1.169e-04	VL: 6.332e-04	 6.196e-04	 adam_lr:0.000125
Epoch: 369	TL: 1.152e-04	VL: 6.342e-04	 6.269e-04	 adam_lr:0.000125
Epoch: 370	TL: 1.176e-04	VL: 7.126e-04	 6.697e-04	 adam_lr:0.000125
Epoch: 371	TL: 1.120e-04	VL: 6.163e-04	 6.430e-04	 adam_lr:0.000125
Epoch: 372	TL: 1.127e-04	VL: 6.825e-04	 6.627e-04	 adam_lr:0.000125
Epoch: 373	TL: 1.162e-04	VL: 6.021e-04	 6.324e-04	 adam_lr:0.000125
Epoch: 374	TL: 1.195e-04	VL: 6.061e-04	 6.193e-04	 adam_lr:0.000125
Epoch: 375	TL: 1.090e-04	VL: 5.938e-04	 6.065e-04	 adam_lr:0.000125
Epoch: 376	TL: 1.107e-04	VL: 6.370e-04	 6.217e-04	 adam_lr:0.000125
Epoch: 377	TL: 1.153e-04	VL: 6.092e-04	 6.155e-04	 adam_lr:0.000125
Epoch: 378	TL: 1.138e-04	VL: 5.896e-04	 6.025e-04	 adam_lr:0.000125
Epoch: 379	TL: 1.130e-04	VL: 6.313e-04	 6.169e-04	 adam_lr:0.000125
Epoch: 380	TL: 1.101e-04	VL: 6.092e-04	 6.130e-04	 adam_lr:0.000125
Epoch: 381	TL: 1.145e-04	VL: 6.596e-04	 6.363e-04	 adam_lr:0.000125
Epoch: 382	TL: 1.156e-04	VL: 6.068e-04	 6.215e-04	 adam_lr:0.000125
Epoch: 383	TL: 1.100e-04	VL: 6.148e-04	 6.182e-04	 adam_lr:0.000125
Epoch: 384	TL: 1.123e-04	VL: 7.059e-04	 6.620e-04	 adam_lr:0.000125
Epoch: 385	TL: 1.164e-04	VL: 6.772e-04	 6.696e-04	 adam_lr:0.000125
Epoch: 386	TL: 1.127e-04	VL: 5.860e-04	 6.278e-04	 adam_lr:0.000125
Epoch: 387	TL: 1.089e-04	VL: 5.981e-04	 6.130e-04	 adam_lr:0.000125
Epoch: 388	TL: 1.115e-04	VL: 6.356e-04	 6.243e-04	 adam_lr:0.000125
Epoch: 389	TL: 1.137e-04	VL: 5.947e-04	 6.095e-04	 adam_lr:0.000125
Epoch: 390	TL: 1.140e-04	VL: 6.196e-04	 6.145e-04	 adam_lr:0.000125
Epoch: 391	TL: 1.078e-04	VL: 6.498e-04	 6.321e-04	 adam_lr:0.000125
Epoch: 392	TL: 1.082e-04	VL: 6.318e-04	 6.320e-04	 adam_lr:0.000125
Epoch: 393	TL: 1.142e-04	VL: 5.981e-04	 6.150e-04	 adam_lr:0.000125
Epoch: 394	TL: 1.089e-04	VL: 5.993e-04	 6.072e-04	 adam_lr:0.000125
Epoch: 395	TL: 1.115e-04	VL: 6.085e-04	 6.078e-04	 adam_lr:0.000125
Epoch: 396	TL: 1.040e-04	VL: 6.230e-04	 6.154e-04	 adam_lr:0.000125
Epoch: 397	TL: 1.124e-04	VL: 6.567e-04	 6.361e-04	 adam_lr:0.000125
Epoch: 398	TL: 1.079e-04	VL: 6.303e-04	 6.332e-04	 adam_lr:0.000125
Epoch: 399	TL: 1.161e-04	VL: 6.112e-04	 6.222e-04	 adam_lr:0.000125
Epoch: 400	TL: 1.044e-04	VL: 6.183e-04	 6.202e-04	 adam_lr:0.000125
Epoch: 401	TL: 1.141e-04	VL: 6.429e-04	 6.316e-04	 adam_lr:0.000125
Epoch: 402	TL: 1.036e-04	VL: 5.914e-04	 6.115e-04	 adam_lr:0.000125
Epoch: 403	TL: 1.061e-04	VL: 6.014e-04	 6.065e-04	 adam_lr:0.000125
Epoch: 404	TL: 1.107e-04	VL: 6.407e-04	 6.236e-04	 adam_lr:0.000125
Epoch: 405	TL: 1.099e-04	VL: 5.899e-04	 6.067e-04	 adam_lr:0.000125
Epoch: 406	TL: 1.151e-04	VL: 5.842e-04	 5.954e-04	 adam_lr:0.000125
Epoch: 407	TL: 1.081e-04	VL: 5.859e-04	 5.906e-04	 adam_lr:0.000125
Epoch: 408	TL: 1.061e-04	VL: 5.942e-04	 5.924e-04	 adam_lr:0.000125
Epoch: 409	TL: 1.047e-04	VL: 5.847e-04	 5.886e-04	 adam_lr:0.000125
Epoch: 410	TL: 1.089e-04	VL: 5.851e-04	 5.868e-04	 adam_lr:0.000125
Epoch: 411	TL: 1.101e-04	VL: 5.837e-04	 5.853e-04	 adam_lr:0.000125
Epoch: 412	TL: 1.098e-04	VL: 6.005e-04	 5.929e-04	 adam_lr:0.000125
Epoch: 413	TL: 1.031e-04	VL: 5.979e-04	 5.954e-04	 adam_lr:0.000125
Epoch: 414	TL: 1.115e-04	VL: 6.135e-04	 6.045e-04	 adam_lr:0.000125
Epoch: 415	TL: 1.050e-04	VL: 5.721e-04	 5.883e-04	 adam_lr:0.000125
Epoch: 416	TL: 1.076e-04	VL: 6.052e-04	 5.967e-04	 adam_lr:0.000125
Epoch: 417	TL: 1.036e-04	VL: 6.257e-04	 6.112e-04	 adam_lr:0.000125
Epoch: 418	TL: 1.129e-04	VL: 5.939e-04	 6.026e-04	 adam_lr:0.000125
Epoch: 419	TL: 1.034e-04	VL: 5.790e-04	 5.908e-04	 adam_lr:0.000125
Epoch: 420	TL: 1.031e-04	VL: 6.046e-04	 5.977e-04	 adam_lr:0.000125
Epoch: 421	TL: 1.104e-04	VL: 6.017e-04	 5.997e-04	 adam_lr:0.000125
Epoch: 422	TL: 1.019e-04	VL: 5.898e-04	 5.948e-04	 adam_lr:0.000125
Epoch: 423	TL: 1.089e-04	VL: 5.929e-04	 5.938e-04	 adam_lr:0.000125
Epoch: 424	TL: 1.026e-04	VL: 6.084e-04	 6.011e-04	 adam_lr:0.000125
Epoch: 425	TL: 1.054e-04	VL: 6.209e-04	 6.110e-04	 adam_lr:0.000125
Epoch: 426	TL: 1.102e-04	VL: 5.772e-04	 5.941e-04	 adam_lr:0.000125
Epoch: 427	TL: 1.062e-04	VL: 6.094e-04	 6.017e-04	 adam_lr:0.000125
Epoch: 428	TL: 1.064e-04	VL: 5.803e-04	 5.910e-04	 adam_lr:0.000125
Epoch: 429	TL: 1.044e-04	VL: 5.969e-04	 5.940e-04	 adam_lr:0.000125
Epoch: 430	TL: 1.037e-04	VL: 5.979e-04	 5.959e-04	 adam_lr:0.000125
Epoch: 431	TL: 1.059e-04	VL: 6.150e-04	 6.055e-04	 adam_lr:0.000125
Epoch: 432	TL: 1.014e-04	VL: 5.793e-04	 5.924e-04	 adam_lr:0.000125
Epoch: 433	TL: 1.075e-04	VL: 6.332e-04	 6.128e-04	 adam_lr:0.000125
Epoch: 434	TL: 1.082e-04	VL: 5.919e-04	 6.023e-04	 adam_lr:0.000125
Epoch: 435	TL: 1.011e-04	VL: 6.130e-04	 6.077e-04	 adam_lr:0.000125
Epoch: 436	TL: 1.030e-04	VL: 5.805e-04	 5.941e-04	 adam_lr:0.000125
Epoch: 437	TL: 1.040e-04	VL: 6.721e-04	 6.331e-04	 adam_lr:0.000125
Epoch: 438	TL: 1.068e-04	VL: 6.655e-04	 6.493e-04	 adam_lr:0.000125
Epoch: 439	TL: 1.044e-04	VL: 6.203e-04	 6.348e-04	 adam_lr:0.000125
Epoch: 440	TL: 1.017e-04	VL: 5.641e-04	 5.994e-04	 adam_lr:0.000125
Epoch: 441	TL: 1.059e-04	VL: 5.807e-04	 5.901e-04	 adam_lr:0.000125
Epoch: 442	TL: 1.046e-04	VL: 6.381e-04	 6.141e-04	 adam_lr:0.000125
Epoch: 443	TL: 6.236e-05	VL: 5.841e-04	 5.991e-04	 adam_lr:6.25e-05
Epoch: 444	TL: 6.513e-05	VL: 5.744e-04	 5.867e-04	 adam_lr:6.25e-05
Epoch: 445	TL: 6.660e-05	VL: 5.754e-04	 5.811e-04	 adam_lr:6.25e-05
Epoch: 446	TL: 6.569e-05	VL: 5.833e-04	 5.822e-04	 adam_lr:6.25e-05
Epoch: 447	TL: 6.679e-05	VL: 5.999e-04	 5.911e-04	 adam_lr:6.25e-05
Epoch: 448	TL: 6.591e-05	VL: 5.855e-04	 5.883e-04	 adam_lr:6.25e-05
Epoch: 449	TL: 6.724e-05	VL: 5.856e-04	 5.870e-04	 adam_lr:6.25e-05
Epoch: 450	TL: 6.528e-05	VL: 5.732e-04	 5.801e-04	 adam_lr:6.25e-05
Epoch: 451	TL: 6.541e-05	VL: 5.814e-04	 5.808e-04	 adam_lr:6.25e-05
Epoch: 452	TL: 6.377e-05	VL: 5.865e-04	 5.836e-04	 adam_lr:6.25e-05
Epoch: 453	TL: 6.541e-05	VL: 5.692e-04	 5.764e-04	 adam_lr:6.25e-05
Epoch: 454	TL: 6.710e-05	VL: 5.637e-04	 5.701e-04	 adam_lr:6.25e-05
Epoch: 455	TL: 6.406e-05	VL: 5.786e-04	 5.744e-04	 adam_lr:6.25e-05
Epoch: 456	TL: 6.423e-05	VL: 5.855e-04	 5.799e-04	 adam_lr:6.25e-05
Epoch: 457	TL: 6.407e-05	VL: 5.768e-04	 5.783e-04	 adam_lr:6.25e-05
Epoch: 458	TL: 6.521e-05	VL: 5.771e-04	 5.777e-04	 adam_lr:6.25e-05
Epoch: 459	TL: 6.545e-05	VL: 5.845e-04	 5.811e-04	 adam_lr:6.25e-05
Epoch: 460	TL: 6.455e-05	VL: 6.445e-04	 6.128e-04	 adam_lr:6.25e-05
Epoch: 461	TL: 6.352e-05	VL: 5.702e-04	 5.915e-04	 adam_lr:6.25e-05
Epoch: 462	TL: 6.322e-05	VL: 6.109e-04	 6.012e-04	 adam_lr:6.25e-05
Epoch: 463	TL: 6.531e-05	VL: 5.788e-04	 5.900e-04	 adam_lr:6.25e-05
Epoch: 464	TL: 6.219e-05	VL: 5.634e-04	 5.767e-04	 adam_lr:6.25e-05
Epoch: 465	TL: 6.224e-05	VL: 5.774e-04	 5.770e-04	 adam_lr:6.25e-05
Epoch: 466	TL: 6.550e-05	VL: 5.697e-04	 5.734e-04	 adam_lr:6.25e-05
Epoch: 467	TL: 6.423e-05	VL: 5.720e-04	 5.727e-04	 adam_lr:6.25e-05
Epoch: 468	TL: 6.313e-05	VL: 5.751e-04	 5.739e-04	 adam_lr:6.25e-05
Epoch: 469	TL: 6.553e-05	VL: 5.812e-04	 5.775e-04	 adam_lr:6.25e-05
Epoch: 470	TL: 6.028e-05	VL: 6.054e-04	 5.915e-04	 adam_lr:6.25e-05
Epoch: 471	TL: 6.340e-05	VL: 5.839e-04	 5.877e-04	 adam_lr:6.25e-05
Epoch: 472	TL: 6.307e-05	VL: 5.984e-04	 5.930e-04	 adam_lr:6.25e-05
Epoch: 473	TL: 6.391e-05	VL: 6.069e-04	 5.999e-04	 adam_lr:6.25e-05
Epoch: 474	TL: 6.376e-05	VL: 5.727e-04	 5.863e-04	 adam_lr:6.25e-05
Epoch: 475	TL: 6.134e-05	VL: 5.710e-04	 5.786e-04	 adam_lr:6.25e-05
Epoch: 476	TL: 6.494e-05	VL: 5.830e-04	 5.808e-04	 adam_lr:6.25e-05
Epoch: 477	TL: 6.380e-05	VL: 5.957e-04	 5.883e-04	 adam_lr:6.25e-05
Epoch: 478	TL: 6.338e-05	VL: 5.802e-04	 5.842e-04	 adam_lr:6.25e-05
Epoch: 479	TL: 6.227e-05	VL: 5.753e-04	 5.798e-04	 adam_lr:6.25e-05
Epoch: 480	TL: 6.249e-05	VL: 5.693e-04	 5.745e-04	 adam_lr:6.25e-05
Epoch: 481	TL: 6.288e-05	VL: 5.849e-04	 5.797e-04	 adam_lr:6.25e-05
Epoch: 482	TL: 6.419e-05	VL: 5.710e-04	 5.753e-04	 adam_lr:6.25e-05
Epoch: 483	TL: 6.257e-05	VL: 5.755e-04	 5.754e-04	 adam_lr:6.25e-05
Epoch: 484	TL: 6.265e-05	VL: 6.178e-04	 5.966e-04	 adam_lr:6.25e-05
Epoch: 485	TL: 6.099e-05	VL: 5.731e-04	 5.848e-04	 adam_lr:6.25e-05
Epoch: 486	TL: 4.745e-05	VL: 5.783e-04	 5.816e-04	 adam_lr:3.125e-05
Epoch: 487	TL: 4.770e-05	VL: 5.648e-04	 5.732e-04	 adam_lr:3.125e-05
Epoch: 488	TL: 4.884e-05	VL: 5.624e-04	 5.678e-04	 adam_lr:3.125e-05
Epoch: 489	TL: 4.914e-05	VL: 5.814e-04	 5.746e-04	 adam_lr:3.125e-05
Epoch: 490	TL: 4.878e-05	VL: 5.851e-04	 5.798e-04	 adam_lr:3.125e-05
Epoch: 491	TL: 4.822e-05	VL: 5.729e-04	 5.764e-04	 adam_lr:3.125e-05
Epoch: 492	TL: 4.902e-05	VL: 5.769e-04	 5.766e-04	 adam_lr:3.125e-05
Epoch: 493	TL: 4.850e-05	VL: 5.848e-04	 5.807e-04	 adam_lr:3.125e-05
Epoch: 494	TL: 4.816e-05	VL: 5.794e-04	 5.801e-04	 adam_lr:3.125e-05
Epoch: 495	TL: 4.780e-05	VL: 5.722e-04	 5.761e-04	 adam_lr:3.125e-05
Epoch: 496	TL: 4.847e-05	VL: 5.721e-04	 5.741e-04	 adam_lr:3.125e-05
Epoch: 497	TL: 4.829e-05	VL: 5.724e-04	 5.732e-04	 adam_lr:3.125e-05
Epoch: 498	TL: 4.801e-05	VL: 5.631e-04	 5.682e-04	 adam_lr:3.125e-05
Epoch: 499	TL: 4.806e-05	VL: 5.670e-04	 5.676e-04	 adam_lr:3.125e-05
Epoch: 500	TL: 4.798e-05	VL: 5.895e-04	 5.785e-04	 adam_lr:3.125e-05
Epoch: 501	TL: 4.749e-05	VL: 5.797e-04	 5.791e-04	 adam_lr:3.125e-05
Epoch: 502	TL: 4.847e-05	VL: 5.719e-04	 5.755e-04	 adam_lr:3.125e-05
Epoch: 503	TL: 4.726e-05	VL: 5.922e-04	 5.839e-04	 adam_lr:3.125e-05
Epoch: 504	TL: 4.805e-05	VL: 5.667e-04	 5.753e-04	 adam_lr:3.125e-05
Epoch: 505	TL: 4.786e-05	VL: 5.674e-04	 5.713e-04	 adam_lr:3.125e-05
Epoch: 506	TL: 4.816e-05	VL: 5.859e-04	 5.786e-04	 adam_lr:3.125e-05
Epoch: 507	TL: 4.756e-05	VL: 5.794e-04	 5.790e-04	 adam_lr:3.125e-05
Epoch: 508	TL: 4.736e-05	VL: 5.702e-04	 5.746e-04	 adam_lr:3.125e-05
Epoch: 509	TL: 4.728e-05	VL: 5.897e-04	 5.822e-04	 adam_lr:3.125e-05
Epoch: 510	TL: 4.811e-05	VL: 5.746e-04	 5.784e-04	 adam_lr:3.125e-05
Epoch: 511	TL: 4.726e-05	VL: 5.699e-04	 5.741e-04	 adam_lr:3.125e-05
Epoch: 512	TL: 4.760e-05	VL: 5.810e-04	 5.775e-04	 adam_lr:3.125e-05
Epoch: 513	TL: 4.747e-05	VL: 5.685e-04	 5.730e-04	 adam_lr:3.125e-05
Epoch: 514	TL: 4.822e-05	VL: 5.724e-04	 5.727e-04	 adam_lr:3.125e-05
Epoch: 515	TL: 4.703e-05	VL: 5.769e-04	 5.748e-04	 adam_lr:3.125e-05
Epoch: 516	TL: 4.698e-05	VL: 5.799e-04	 5.773e-04	 adam_lr:3.125e-05
Epoch: 517	TL: 4.764e-05	VL: 5.745e-04	 5.759e-04	 adam_lr:3.125e-05
Epoch: 518	TL: 4.667e-05	VL: 5.749e-04	 5.754e-04	 adam_lr:3.125e-05
Epoch: 519	TL: 4.736e-05	VL: 5.732e-04	 5.743e-04	 adam_lr:3.125e-05
Epoch: 520	TL: 4.744e-05	VL: 5.860e-04	 5.801e-04	 adam_lr:3.125e-05
Epoch: 521	TL: 4.632e-05	VL: 5.792e-04	 5.797e-04	 adam_lr:3.125e-05
Epoch: 522	TL: 4.657e-05	VL: 5.763e-04	 5.780e-04	 adam_lr:3.125e-05
Epoch: 523	TL: 4.727e-05	VL: 5.772e-04	 5.776e-04	 adam_lr:3.125e-05
Epoch: 524	TL: 4.627e-05	VL: 5.868e-04	 5.822e-04	 adam_lr:3.125e-05
Epoch: 525	TL: 4.695e-05	VL: 5.829e-04	 5.825e-04	 adam_lr:3.125e-05
Epoch: 526	TL: 4.688e-05	VL: 5.783e-04	 5.804e-04	 adam_lr:3.125e-05
Epoch: 527	TL: 4.674e-05	VL: 5.864e-04	 5.834e-04	 adam_lr:3.125e-05
Epoch: 528	TL: 4.645e-05	VL: 5.678e-04	 5.756e-04	 adam_lr:3.125e-05
Epoch: 529	TL: 4.629e-05	VL: 5.742e-04	 5.749e-04	 adam_lr:3.125e-05
Epoch: 530	TL: 4.608e-05	VL: 5.746e-04	 5.748e-04	 adam_lr:3.125e-05
Epoch: 531	TL: 3.998e-05	VL: 5.735e-04	 5.742e-04	 adam_lr:1.5625e-05
Epoch: 532	TL: 4.018e-05	VL: 5.709e-04	 5.725e-04	 adam_lr:1.5625e-05
Epoch: 533	TL: 4.021e-05	VL: 5.740e-04	 5.732e-04	 adam_lr:1.5625e-05
Epoch: 534	TL: 4.059e-05	VL: 5.693e-04	 5.713e-04	 adam_lr:1.5625e-05
Epoch: 535	TL: 4.055e-05	VL: 5.735e-04	 5.724e-04	 adam_lr:1.5625e-05
Epoch: 536	TL: 4.027e-05	VL: 5.728e-04	 5.726e-04	 adam_lr:1.5625e-05
Epoch: 537	TL: 4.073e-05	VL: 5.759e-04	 5.743e-04	 adam_lr:1.5625e-05
Epoch: 538	TL: 3.986e-05	VL: 5.698e-04	 5.720e-04	 adam_lr:1.5625e-05
Epoch: 539	TL: 4.049e-05	VL: 5.693e-04	 5.707e-04	 adam_lr:1.5625e-05
Epoch: 540	TL: 4.026e-05	VL: 5.738e-04	 5.722e-04	 adam_lr:1.5625e-05
Epoch: 541	TL: 4.001e-05	VL: 5.726e-04	 5.724e-04	 adam_lr:1.5625e-05
Epoch: 542	TL: 4.042e-05	VL: 5.733e-04	 5.729e-04	 adam_lr:1.5625e-05
Epoch: 543	TL: 4.009e-05	VL: 5.738e-04	 5.733e-04	 adam_lr:1.5625e-05
Epoch: 544	TL: 3.998e-05	VL: 5.643e-04	 5.688e-04	 adam_lr:1.5625e-05
Epoch: 545	TL: 4.010e-05	VL: 5.745e-04	 5.717e-04	 adam_lr:1.5625e-05
Epoch: 546	TL: 4.042e-05	VL: 5.833e-04	 5.775e-04	 adam_lr:1.5625e-05
Epoch: 547	TL: 3.983e-05	VL: 5.710e-04	 5.742e-04	 adam_lr:1.5625e-05
Epoch: 548	TL: 3.990e-05	VL: 5.725e-04	 5.734e-04	 adam_lr:1.5625e-05
Epoch: 549	TL: 4.034e-05	VL: 5.768e-04	 5.751e-04	 adam_lr:1.5625e-05
Epoch: 550	TL: 3.987e-05	VL: 5.804e-04	 5.778e-04	 adam_lr:1.5625e-05
Epoch: 551	TL: 3.995e-05	VL: 5.718e-04	 5.748e-04	 adam_lr:1.5625e-05
Epoch: 552	TL: 4.001e-05	VL: 5.767e-04	 5.757e-04	 adam_lr:1.5625e-05
Epoch: 553	TL: 4.009e-05	VL: 5.782e-04	 5.770e-04	 adam_lr:1.5625e-05
Epoch: 554	TL: 3.942e-05	VL: 5.865e-04	 5.817e-04	 adam_lr:1.5625e-05
Epoch: 555	TL: 3.970e-05	VL: 5.732e-04	 5.775e-04	 adam_lr:1.5625e-05
Epoch: 556	TL: 3.990e-05	VL: 5.725e-04	 5.750e-04	 adam_lr:1.5625e-05
Epoch: 557	TL: 3.958e-05	VL: 5.780e-04	 5.765e-04	 adam_lr:1.5625e-05
Epoch: 558	TL: 3.977e-05	VL: 5.749e-04	 5.757e-04	 adam_lr:1.5625e-05
Epoch: 559	TL: 3.958e-05	VL: 5.733e-04	 5.745e-04	 adam_lr:1.5625e-05
Epoch: 560	TL: 3.992e-05	VL: 5.747e-04	 5.746e-04	 adam_lr:1.5625e-05
Epoch: 561	TL: 3.966e-05	VL: 5.736e-04	 5.741e-04	 adam_lr:1.5625e-05
Epoch: 562	TL: 3.666e-05	VL: 5.700e-04	 5.721e-04	 adam_lr:7.8125e-06
Epoch: 563	TL: 3.667e-05	VL: 5.711e-04	 5.716e-04	 adam_lr:7.8125e-06
Epoch: 564	TL: 3.683e-05	VL: 5.714e-04	 5.715e-04	 adam_lr:7.8125e-06
Epoch: 565	TL: 3.688e-05	VL: 5.701e-04	 5.708e-04	 adam_lr:7.8125e-06
Epoch: 566	TL: 3.665e-05	VL: 5.727e-04	 5.717e-04	 adam_lr:7.8125e-06
Epoch: 567	TL: 3.662e-05	VL: 5.738e-04	 5.727e-04	 adam_lr:7.8125e-06
Epoch: 568	TL: 3.660e-05	VL: 5.742e-04	 5.735e-04	 adam_lr:7.8125e-06
Epoch: 569	TL: 3.705e-05	VL: 5.757e-04	 5.746e-04	 adam_lr:7.8125e-06
Epoch: 570	TL: 3.667e-05	VL: 5.696e-04	 5.721e-04	 adam_lr:7.8125e-06
Epoch: 571	TL: 3.653e-05	VL: 5.696e-04	 5.708e-04	 adam_lr:7.8125e-06
Epoch: 572	TL: 3.673e-05	VL: 5.708e-04	 5.708e-04	 adam_lr:7.8125e-06
Epoch: 573	TL: 3.672e-05	VL: 5.720e-04	 5.714e-04	 adam_lr:7.8125e-06
Epoch: 574	TL: 3.680e-05	VL: 5.741e-04	 5.727e-04	 adam_lr:7.8125e-06
Epoch: 575	TL: 3.675e-05	VL: 5.737e-04	 5.732e-04	 adam_lr:7.8125e-06
Epoch: 576	TL: 3.668e-05	VL: 5.741e-04	 5.737e-04	 adam_lr:7.8125e-06
Epoch: 577	TL: 3.642e-05	VL: 5.708e-04	 5.723e-04	 adam_lr:7.8125e-06
Epoch: 578	TL: 3.651e-05	VL: 5.720e-04	 5.721e-04	 adam_lr:7.8125e-06
Epoch: 579	TL: 3.638e-05	VL: 5.751e-04	 5.736e-04	 adam_lr:7.8125e-06
Epoch: 580	TL: 3.652e-05	VL: 5.736e-04	 5.736e-04	 adam_lr:7.8125e-06
Epoch: 581	TL: 3.648e-05	VL: 5.709e-04	 5.723e-04	 adam_lr:7.8125e-06
Epoch: 582	TL: 3.666e-05	VL: 5.730e-04	 5.726e-04	 adam_lr:7.8125e-06
Epoch: 583	TL: 3.638e-05	VL: 5.745e-04	 5.736e-04	 adam_lr:7.8125e-06
Epoch: 584	TL: 3.654e-05	VL: 5.742e-04	 5.739e-04	 adam_lr:7.8125e-06
Epoch: 585	TL: 3.647e-05	VL: 5.756e-04	 5.747e-04	 adam_lr:7.8125e-06
Epoch: 586	TL: 3.636e-05	VL: 5.765e-04	 5.756e-04	 adam_lr:7.8125e-06
Epoch: 587	TL: 3.639e-05	VL: 5.732e-04	 5.744e-04	 adam_lr:7.8125e-06
Epoch: 588	TL: 3.636e-05	VL: 5.810e-04	 5.777e-04	 adam_lr:7.8125e-06
Epoch: 589	TL: 3.649e-05	VL: 5.715e-04	 5.746e-04	 adam_lr:7.8125e-06
Epoch: 590	TL: 3.645e-05	VL: 5.768e-04	 5.757e-04	 adam_lr:7.8125e-06
Epoch: 591	TL: 3.647e-05	VL: 5.762e-04	 5.760e-04	 adam_lr:7.8125e-06
Epoch: 592	TL: 3.628e-05	VL: 5.745e-04	 5.752e-04	 adam_lr:7.8125e-06
Epoch: 593	TL: 3.483e-05	VL: 5.722e-04	 5.737e-04	 adam_lr:3.90625e-06
Epoch: 594	TL: 3.479e-05	VL: 5.746e-04	 5.741e-04	 adam_lr:3.90625e-06
Epoch: 595	TL: 3.479e-05	VL: 5.712e-04	 5.726e-04	 adam_lr:3.90625e-06
Epoch: 596	TL: 3.474e-05	VL: 5.728e-04	 5.727e-04	 adam_lr:3.90625e-06
Epoch: 597	TL: 3.501e-05	VL: 5.721e-04	 5.724e-04	 adam_lr:3.90625e-06
Epoch: 598	TL: 3.492e-05	VL: 5.735e-04	 5.729e-04	 adam_lr:3.90625e-06
Epoch: 599	TL: 3.470e-05	VL: 5.751e-04	 5.740e-04	 adam_lr:3.90625e-06
Epoch: 600	TL: 3.477e-05	VL: 5.720e-04	 5.730e-04	 adam_lr:3.90625e-06
Epoch: 601	TL: 3.476e-05	VL: 5.725e-04	 5.727e-04	 adam_lr:3.90625e-06
Epoch: 602	TL: 3.471e-05	VL: 5.727e-04	 5.727e-04	 adam_lr:3.90625e-06
Epoch: 603	TL: 3.474e-05	VL: 5.724e-04	 5.726e-04	 adam_lr:3.90625e-06
Epoch: 604	TL: 3.473e-05	VL: 5.737e-04	 5.731e-04	 adam_lr:3.90625e-06
Epoch: 605	TL: 3.467e-05	VL: 5.716e-04	 5.724e-04	 adam_lr:3.90625e-06
Epoch: 606	TL: 3.485e-05	VL: 5.747e-04	 5.735e-04	 adam_lr:3.90625e-06
Epoch: 607	TL: 3.469e-05	VL: 5.755e-04	 5.745e-04	 adam_lr:3.90625e-06
Epoch: 608	TL: 3.488e-05	VL: 5.711e-04	 5.728e-04	 adam_lr:3.90625e-06
Epoch: 609	TL: 3.460e-05	VL: 5.713e-04	 5.721e-04	 adam_lr:3.90625e-06
Epoch: 610	TL: 3.452e-05	VL: 5.757e-04	 5.739e-04	 adam_lr:3.90625e-06
Epoch: 611	TL: 3.479e-05	VL: 5.707e-04	 5.723e-04	 adam_lr:3.90625e-06
Epoch: 612	TL: 3.460e-05	VL: 5.725e-04	 5.724e-04	 adam_lr:3.90625e-06
Epoch: 613	TL: 3.471e-05	VL: 5.731e-04	 5.727e-04	 adam_lr:3.90625e-06
Epoch: 614	TL: 3.469e-05	VL: 5.721e-04	 5.724e-04	 adam_lr:3.90625e-06
Epoch: 615	TL: 3.458e-05	VL: 5.704e-04	 5.714e-04	 adam_lr:3.90625e-06
Epoch: 616	TL: 3.480e-05	VL: 5.717e-04	 5.716e-04	 adam_lr:3.90625e-06
Epoch: 617	TL: 3.466e-05	VL: 5.736e-04	 5.726e-04	 adam_lr:3.90625e-06
Epoch: 618	TL: 3.463e-05	VL: 5.730e-04	 5.728e-04	 adam_lr:3.90625e-06
Epoch: 619	TL: 3.464e-05	VL: 5.752e-04	 5.740e-04	 adam_lr:3.90625e-06
Epoch: 620	TL: 3.458e-05	VL: 5.717e-04	 5.728e-04	 adam_lr:3.90625e-06
Epoch: 621	TL: 3.457e-05	VL: 5.757e-04	 5.742e-04	 adam_lr:3.90625e-06
Epoch: 622	TL: 3.458e-05	VL: 5.743e-04	 5.743e-04	 adam_lr:3.90625e-06
Epoch: 623	TL: 3.464e-05	VL: 5.717e-04	 5.730e-04	 adam_lr:3.90625e-06
Epoch: 624	TL: 3.385e-05	VL: 5.733e-04	 5.731e-04	 adam_lr:1.953125e-06
Epoch: 625	TL: 3.374e-05	VL: 5.730e-04	 5.731e-04	 adam_lr:1.953125e-06
Epoch: 626	TL: 3.375e-05	VL: 5.730e-04	 5.730e-04	 adam_lr:1.953125e-06
Epoch: 627	TL: 3.389e-05	VL: 5.727e-04	 5.728e-04	 adam_lr:1.953125e-06
Epoch: 628	TL: 3.373e-05	VL: 5.747e-04	 5.737e-04	 adam_lr:1.953125e-06
Epoch: 629	TL: 3.376e-05	VL: 5.727e-04	 5.732e-04	 adam_lr:1.953125e-06
Epoch: 630	TL: 3.374e-05	VL: 5.718e-04	 5.725e-04	 adam_lr:1.953125e-06
Epoch: 631	TL: 3.370e-05	VL: 5.714e-04	 5.720e-04	 adam_lr:1.953125e-06
Epoch: 632	TL: 3.374e-05	VL: 5.724e-04	 5.722e-04	 adam_lr:1.953125e-06
Epoch: 633	TL: 3.379e-05	VL: 5.741e-04	 5.731e-04	 adam_lr:1.953125e-06
Epoch: 634	TL: 3.373e-05	VL: 5.733e-04	 5.732e-04	 adam_lr:1.953125e-06
Epoch: 635	TL: 3.379e-05	VL: 5.739e-04	 5.736e-04	 adam_lr:1.953125e-06
Epoch: 636	TL: 3.375e-05	VL: 5.753e-04	 5.744e-04	 adam_lr:1.953125e-06
Epoch: 637	TL: 3.369e-05	VL: 5.732e-04	 5.738e-04	 adam_lr:1.953125e-06
Epoch: 638	TL: 3.373e-05	VL: 5.727e-04	 5.732e-04	 adam_lr:1.953125e-06
Epoch: 639	TL: 3.366e-05	VL: 5.737e-04	 5.735e-04	 adam_lr:1.953125e-06
Epoch: 640	TL: 3.374e-05	VL: 5.739e-04	 5.737e-04	 adam_lr:1.953125e-06
Epoch: 641	TL: 3.376e-05	VL: 5.718e-04	 5.727e-04	 adam_lr:1.953125e-06
Epoch: 642	TL: 3.374e-05	VL: 5.745e-04	 5.736e-04	 adam_lr:1.953125e-06
Epoch: 643	TL: 3.368e-05	VL: 5.715e-04	 5.726e-04	 adam_lr:1.953125e-06
Epoch: 644	TL: 3.372e-05	VL: 5.722e-04	 5.724e-04	 adam_lr:1.953125e-06
Epoch: 645	TL: 3.368e-05	VL: 5.729e-04	 5.726e-04	 adam_lr:1.953125e-06
Epoch: 646	TL: 3.368e-05	VL: 5.724e-04	 5.725e-04	 adam_lr:1.953125e-06
Epoch: 647	TL: 3.375e-05	VL: 5.727e-04	 5.726e-04	 adam_lr:1.953125e-06
Epoch: 648	TL: 3.372e-05	VL: 5.722e-04	 5.724e-04	 adam_lr:1.953125e-06
Epoch: 649	TL: 3.372e-05	VL: 5.730e-04	 5.727e-04	 adam_lr:1.953125e-06
Epoch: 650	TL: 3.376e-05	VL: 5.742e-04	 5.735e-04	 adam_lr:1.953125e-06
Epoch: 651	TL: 3.368e-05	VL: 5.758e-04	 5.746e-04	 adam_lr:1.953125e-06
Epoch: 652	TL: 3.364e-05	VL: 5.727e-04	 5.737e-04	 adam_lr:1.953125e-06
Epoch: 653	TL: 3.369e-05	VL: 5.746e-04	 5.741e-04	 adam_lr:1.953125e-06
Epoch: 654	TL: 3.366e-05	VL: 5.730e-04	 5.736e-04	 adam_lr:1.953125e-06
Epoch: 655	TL: 3.323e-05	VL: 5.727e-04	 5.731e-04	 adam_lr:9.765625e-07
Epoch: 656	TL: 3.325e-05	VL: 5.725e-04	 5.728e-04	 adam_lr:9.765625e-07
Epoch: 657	TL: 3.320e-05	VL: 5.723e-04	 5.726e-04	 adam_lr:9.765625e-07
Epoch: 658	TL: 3.317e-05	VL: 5.726e-04	 5.726e-04	 adam_lr:9.765625e-07
Epoch: 659	TL: 3.318e-05	VL: 5.724e-04	 5.725e-04	 adam_lr:9.765625e-07
Epoch: 660	TL: 3.321e-05	VL: 5.743e-04	 5.734e-04	 adam_lr:9.765625e-07
Epoch: 661	TL: 3.316e-05	VL: 5.728e-04	 5.731e-04	 adam_lr:9.765625e-07
Epoch: 662	TL: 3.321e-05	VL: 5.728e-04	 5.730e-04	 adam_lr:9.765625e-07
Epoch: 663	TL: 3.318e-05	VL: 5.717e-04	 5.723e-04	 adam_lr:9.765625e-07
Epoch: 664	TL: 3.319e-05	VL: 5.718e-04	 5.721e-04	 adam_lr:9.765625e-07
Epoch: 665	TL: 3.322e-05	VL: 5.723e-04	 5.722e-04	 adam_lr:9.765625e-07
Epoch: 666	TL: 3.320e-05	VL: 5.724e-04	 5.723e-04	 adam_lr:9.765625e-07
Epoch: 667	TL: 3.316e-05	VL: 5.735e-04	 5.729e-04	 adam_lr:9.765625e-07
Epoch: 668	TL: 3.325e-05	VL: 5.729e-04	 5.729e-04	 adam_lr:9.765625e-07
Epoch: 669	TL: 3.319e-05	VL: 5.746e-04	 5.738e-04	 adam_lr:9.765625e-07
Epoch: 670	TL: 3.323e-05	VL: 5.724e-04	 5.731e-04	 adam_lr:9.765625e-07
Epoch: 671	TL: 3.326e-05	VL: 5.726e-04	 5.729e-04	 adam_lr:9.765625e-07
Epoch: 672	TL: 3.318e-05	VL: 5.728e-04	 5.729e-04	 adam_lr:9.765625e-07
Epoch: 673	TL: 3.315e-05	VL: 5.721e-04	 5.725e-04	 adam_lr:9.765625e-07
Epoch: 674	TL: 3.322e-05	VL: 5.721e-04	 5.723e-04	 adam_lr:9.765625e-07
Epoch: 675	TL: 3.319e-05	VL: 5.722e-04	 5.723e-04	 adam_lr:9.765625e-07
Epoch: 676	TL: 3.313e-05	VL: 5.728e-04	 5.726e-04	 adam_lr:9.765625e-07
Epoch: 677	TL: 3.315e-05	VL: 5.724e-04	 5.725e-04	 adam_lr:9.765625e-07
Epoch: 678	TL: 3.325e-05	VL: 5.721e-04	 5.723e-04	 adam_lr:9.765625e-07
Epoch: 679	TL: 3.318e-05	VL: 5.731e-04	 5.727e-04	 adam_lr:9.765625e-07
Epoch: 680	TL: 3.316e-05	VL: 5.731e-04	 5.729e-04	 adam_lr:9.765625e-07
Epoch: 681	TL: 3.317e-05	VL: 5.731e-04	 5.730e-04	 adam_lr:9.765625e-07
Epoch: 682	TL: 3.320e-05	VL: 5.732e-04	 5.731e-04	 adam_lr:9.765625e-07
Epoch: 683	TL: 3.321e-05	VL: 5.726e-04	 5.728e-04	 adam_lr:9.765625e-07
Epoch: 684	TL: 3.316e-05	VL: 5.721e-04	 5.725e-04	 adam_lr:9.765625e-07
Epoch: 685	TL: 3.314e-05	VL: 5.732e-04	 5.728e-04	 adam_lr:9.765625e-07
Epoch: 686	TL: 3.292e-05	VL: 5.731e-04	 5.729e-04	 adam_lr:4.8828125e-07
Epoch: 687	TL: 3.291e-05	VL: 5.727e-04	 5.728e-04	 adam_lr:4.8828125e-07
Epoch: 688	TL: 3.291e-05	VL: 5.729e-04	 5.729e-04	 adam_lr:4.8828125e-07
Epoch: 689	TL: 3.289e-05	VL: 5.725e-04	 5.727e-04	 adam_lr:4.8828125e-07
Epoch: 690	TL: 3.295e-05	VL: 5.730e-04	 5.728e-04	 adam_lr:4.8828125e-07
Epoch: 691	TL: 3.293e-05	VL: 5.747e-04	 5.738e-04	 adam_lr:4.8828125e-07
Epoch: 692	TL: 3.291e-05	VL: 5.730e-04	 5.734e-04	 adam_lr:4.8828125e-07
Epoch: 693	TL: 3.293e-05	VL: 5.731e-04	 5.732e-04	 adam_lr:4.8828125e-07
Epoch: 694	TL: 3.294e-05	VL: 5.733e-04	 5.732e-04	 adam_lr:4.8828125e-07
Epoch: 695	TL: 3.292e-05	VL: 5.739e-04	 5.736e-04	 adam_lr:4.8828125e-07
Epoch: 696	TL: 3.289e-05	VL: 5.731e-04	 5.733e-04	 adam_lr:4.8828125e-07
Epoch: 697	TL: 3.290e-05	VL: 5.735e-04	 5.734e-04	 adam_lr:4.8828125e-07
Epoch: 698	TL: 3.291e-05	VL: 5.727e-04	 5.731e-04	 adam_lr:4.8828125e-07
Epoch: 699	TL: 3.292e-05	VL: 5.726e-04	 5.729e-04	 adam_lr:4.8828125e-07
Epoch: 700	TL: 3.286e-05	VL: 5.741e-04	 5.735e-04	 adam_lr:4.8828125e-07
Epoch: 701	TL: 3.290e-05	VL: 5.731e-04	 5.733e-04	 adam_lr:4.8828125e-07
Epoch: 702	TL: 3.283e-05	VL: 5.734e-04	 5.734e-04	 adam_lr:4.8828125e-07
Epoch: 703	TL: 3.287e-05	VL: 5.736e-04	 5.735e-04	 adam_lr:4.8828125e-07
Epoch: 704	TL: 3.294e-05	VL: 5.733e-04	 5.734e-04	 adam_lr:4.8828125e-07
Epoch: 705	TL: 3.291e-05	VL: 5.724e-04	 5.729e-04	 adam_lr:4.8828125e-07
Epoch: 706	TL: 3.291e-05	VL: 5.732e-04	 5.730e-04	 adam_lr:4.8828125e-07
Epoch: 707	TL: 3.291e-05	VL: 5.725e-04	 5.728e-04	 adam_lr:4.8828125e-07
Epoch: 708	TL: 3.291e-05	VL: 5.728e-04	 5.728e-04	 adam_lr:4.8828125e-07
Epoch: 709	TL: 3.290e-05	VL: 5.730e-04	 5.729e-04	 adam_lr:4.8828125e-07
Epoch: 710	TL: 3.286e-05	VL: 5.732e-04	 5.731e-04	 adam_lr:4.8828125e-07
Epoch: 711	TL: 3.289e-05	VL: 5.733e-04	 5.732e-04	 adam_lr:4.8828125e-07
Epoch: 712	TL: 3.288e-05	VL: 5.732e-04	 5.732e-04	 adam_lr:4.8828125e-07
Epoch: 713	TL: 3.290e-05	VL: 5.734e-04	 5.733e-04	 adam_lr:4.8828125e-07
Epoch: 714	TL: 3.290e-05	VL: 5.738e-04	 5.735e-04	 adam_lr:4.8828125e-07
Epoch: 715	TL: 3.286e-05	VL: 5.728e-04	 5.731e-04	 adam_lr:4.8828125e-07
Epoch: 716	TL: 3.288e-05	VL: 5.733e-04	 5.732e-04	 adam_lr:4.8828125e-07
Epoch: 717	TL: 3.280e-05	VL: 5.739e-04	 5.736e-04	 adam_lr:2.44140625e-07
Epoch: 718	TL: 3.278e-05	VL: 5.730e-04	 5.733e-04	 adam_lr:2.44140625e-07
Epoch: 719	TL: 3.275e-05	VL: 5.732e-04	 5.732e-04	 adam_lr:2.44140625e-07
Epoch: 720	TL: 3.277e-05	VL: 5.729e-04	 5.731e-04	 adam_lr:2.44140625e-07
Epoch: 721	TL: 3.273e-05	VL: 5.725e-04	 5.728e-04	 adam_lr:2.44140625e-07
Epoch: 722	TL: 3.275e-05	VL: 5.729e-04	 5.728e-04	 adam_lr:2.44140625e-07
Epoch: 723	TL: 3.272e-05	VL: 5.728e-04	 5.728e-04	 adam_lr:2.44140625e-07
Epoch: 724	TL: 3.277e-05	VL: 5.732e-04	 5.730e-04	 adam_lr:2.44140625e-07
Epoch: 725	TL: 3.277e-05	VL: 5.733e-04	 5.731e-04	 adam_lr:2.44140625e-07
Epoch: 726	TL: 3.277e-05	VL: 5.738e-04	 5.735e-04	 adam_lr:2.44140625e-07
Epoch: 727	TL: 3.278e-05	VL: 5.726e-04	 5.730e-04	 adam_lr:2.44140625e-07
Epoch: 728	TL: 3.277e-05	VL: 5.728e-04	 5.729e-04	 adam_lr:2.44140625e-07
Epoch: 729	TL: 3.276e-05	VL: 5.739e-04	 5.734e-04	 adam_lr:2.44140625e-07
Epoch: 730	TL: 3.273e-05	VL: 5.730e-04	 5.732e-04	 adam_lr:2.44140625e-07
Epoch: 731	TL: 3.279e-05	VL: 5.728e-04	 5.730e-04	 adam_lr:2.44140625e-07
Epoch: 732	TL: 3.279e-05	VL: 5.731e-04	 5.730e-04	 adam_lr:2.44140625e-07
Epoch: 733	TL: 3.278e-05	VL: 5.730e-04	 5.730e-04	 adam_lr:2.44140625e-07
Epoch: 734	TL: 3.277e-05	VL: 5.733e-04	 5.732e-04	 adam_lr:2.44140625e-07
Epoch: 735	TL: 3.275e-05	VL: 5.732e-04	 5.732e-04	 adam_lr:2.44140625e-07
Epoch: 736	TL: 3.278e-05	VL: 5.730e-04	 5.731e-04	 adam_lr:2.44140625e-07
Epoch: 737	TL: 3.277e-05	VL: 5.735e-04	 5.733e-04	 adam_lr:2.44140625e-07
Epoch: 738	TL: 3.277e-05	VL: 5.732e-04	 5.733e-04	 adam_lr:2.44140625e-07
Epoch: 739	TL: 3.272e-05	VL: 5.733e-04	 5.733e-04	 adam_lr:2.44140625e-07
Epoch: 740	TL: 3.274e-05	VL: 5.730e-04	 5.731e-04	 adam_lr:2.44140625e-07
Epoch: 741	TL: 3.275e-05	VL: 5.733e-04	 5.732e-04	 adam_lr:2.44140625e-07
Epoch: 742	TL: 3.276e-05	VL: 5.733e-04	 5.733e-04	 adam_lr:2.44140625e-07
Epoch: 743	TL: 3.275e-05	VL: 5.729e-04	 5.731e-04	 adam_lr:2.44140625e-07
Epoch: 744	TL: 3.275e-05	VL: 5.729e-04	 5.730e-04	 adam_lr:2.44140625e-07
Epoch: 745	TL: 3.274e-05	VL: 5.734e-04	 5.732e-04	 adam_lr:2.44140625e-07
Epoch: 746	TL: 3.275e-05	VL: 5.731e-04	 5.731e-04	 adam_lr:2.44140625e-07
Epoch: 747	TL: 3.275e-05	VL: 5.731e-04	 5.731e-04	 adam_lr:2.44140625e-07
Epoch: 748	TL: 3.268e-05	VL: 5.728e-04	 5.729e-04	 adam_lr:1.220703125e-07
Epoch: 749	TL: 3.267e-05	VL: 5.729e-04	 5.729e-04	 adam_lr:1.220703125e-07
Epoch: 750	TL: 3.267e-05	VL: 5.726e-04	 5.728e-04	 adam_lr:1.220703125e-07
Epoch: 751	TL: 3.270e-05	VL: 5.735e-04	 5.732e-04	 adam_lr:1.220703125e-07
Epoch: 752	TL: 3.270e-05	VL: 5.732e-04	 5.732e-04	 adam_lr:1.220703125e-07
Epoch: 753	TL: 3.267e-05	VL: 5.728e-04	 5.730e-04	 adam_lr:1.220703125e-07
Epoch: 754	TL: 3.269e-05	VL: 5.729e-04	 5.729e-04	 adam_lr:1.220703125e-07
Epoch: 755	TL: 3.268e-05	VL: 5.731e-04	 5.730e-04	 adam_lr:1.220703125e-07
Epoch: 756	TL: 3.271e-05	VL: 5.728e-04	 5.729e-04	 adam_lr:1.220703125e-07
Epoch: 757	TL: 3.266e-05	VL: 5.730e-04	 5.729e-04	 adam_lr:1.220703125e-07
Epoch: 758	TL: 3.266e-05	VL: 5.730e-04	 5.730e-04	 adam_lr:1.220703125e-07
Epoch: 759	TL: 3.268e-05	VL: 5.727e-04	 5.728e-04	 adam_lr:1.220703125e-07
Epoch: 760	TL: 3.269e-05	VL: 5.733e-04	 5.730e-04	 adam_lr:1.220703125e-07
Epoch: 761	TL: 3.273e-05	VL: 5.729e-04	 5.730e-04	 adam_lr:1.220703125e-07
Epoch: 762	TL: 3.267e-05	VL: 5.730e-04	 5.730e-04	 adam_lr:1.220703125e-07
Epoch: 763	TL: 3.266e-05	VL: 5.725e-04	 5.727e-04	 adam_lr:1.220703125e-07
Epoch: 764	TL: 3.266e-05	VL: 5.728e-04	 5.728e-04	 adam_lr:1.220703125e-07
Epoch: 765	TL: 3.269e-05	VL: 5.734e-04	 5.731e-04	 adam_lr:1.220703125e-07
Epoch: 766	TL: 3.268e-05	VL: 5.732e-04	 5.731e-04	 adam_lr:1.220703125e-07
Epoch: 767	TL: 3.265e-05	VL: 5.729e-04	 5.730e-04	 adam_lr:1.220703125e-07
Epoch: 768	TL: 3.266e-05	VL: 5.730e-04	 5.730e-04	 adam_lr:1.220703125e-07
Epoch: 769	TL: 3.265e-05	VL: 5.735e-04	 5.733e-04	 adam_lr:1.220703125e-07
Epoch: 770	TL: 3.267e-05	VL: 5.733e-04	 5.733e-04	 adam_lr:1.220703125e-07
Epoch: 771	TL: 3.269e-05	VL: 5.732e-04	 5.732e-04	 adam_lr:1.220703125e-07
Epoch: 772	TL: 3.265e-05	VL: 5.731e-04	 5.732e-04	 adam_lr:1.220703125e-07
Epoch: 773	TL: 3.266e-05	VL: 5.728e-04	 5.730e-04	 adam_lr:1.220703125e-07
Epoch: 774	TL: 3.264e-05	VL: 5.727e-04	 5.728e-04	 adam_lr:1.220703125e-07
Epoch: 775	TL: 3.269e-05	VL: 5.730e-04	 5.729e-04	 adam_lr:1.220703125e-07
Epoch: 776	TL: 3.268e-05	VL: 5.732e-04	 5.731e-04	 adam_lr:1.220703125e-07
Epoch: 777	TL: 3.268e-05	VL: 5.733e-04	 5.732e-04	 adam_lr:1.220703125e-07
Epoch: 778	TL: 3.267e-05	VL: 5.734e-04	 5.733e-04	 adam_lr:1.220703125e-07
Epoch: 779	TL: 3.264e-05	VL: 5.731e-04	 5.732e-04	 adam_lr:6.103515625e-08
Epoch: 780	TL: 3.260e-05	VL: 5.731e-04	 5.731e-04	 adam_lr:6.103515625e-08
Epoch: 781	TL: 3.264e-05	VL: 5.734e-04	 5.733e-04	 adam_lr:6.103515625e-08
Epoch: 782	TL: 3.261e-05	VL: 5.732e-04	 5.732e-04	 adam_lr:6.103515625e-08
Epoch: 783	TL: 3.261e-05	VL: 5.732e-04	 5.732e-04	 adam_lr:6.103515625e-08
Epoch: 784	TL: 3.266e-05	VL: 5.732e-04	 5.732e-04	 adam_lr:6.103515625e-08
Epoch: 785	TL: 3.264e-05	VL: 5.729e-04	 5.730e-04	 adam_lr:6.103515625e-08
Epoch: 786	TL: 3.265e-05	VL: 5.733e-04	 5.732e-04	 adam_lr:6.103515625e-08
Epoch: 787	TL: 3.265e-05	VL: 5.729e-04	 5.730e-04	 adam_lr:6.103515625e-08
Epoch: 788	TL: 3.261e-05	VL: 5.731e-04	 5.730e-04	 adam_lr:6.103515625e-08
Epoch: 789	TL: 3.265e-05	VL: 5.736e-04	 5.733e-04	 adam_lr:6.103515625e-08
Epoch: 790	TL: 3.258e-05	VL: 5.731e-04	 5.732e-04	 adam_lr:6.103515625e-08
Epoch: 791	TL: 3.262e-05	VL: 5.731e-04	 5.731e-04	 adam_lr:6.103515625e-08
Epoch: 792	TL: 3.263e-05	VL: 5.731e-04	 5.731e-04	 adam_lr:6.103515625e-08
Epoch: 793	TL: 3.262e-05	VL: 5.738e-04	 5.734e-04	 adam_lr:6.103515625e-08
Epoch: 794	TL: 3.262e-05	VL: 5.732e-04	 5.733e-04	 adam_lr:6.103515625e-08
Epoch: 795	TL: 3.265e-05	VL: 5.730e-04	 5.732e-04	 adam_lr:6.103515625e-08
Epoch: 796	TL: 3.263e-05	VL: 5.731e-04	 5.732e-04	 adam_lr:6.103515625e-08
Epoch: 797	TL: 3.261e-05	VL: 5.731e-04	 5.731e-04	 adam_lr:6.103515625e-08
Epoch: 798	TL: 3.263e-05	VL: 5.731e-04	 5.731e-04	 adam_lr:6.103515625e-08
Epoch: 799	TL: 3.263e-05	VL: 5.736e-04	 5.733e-04	 adam_lr:6.103515625e-08
Epoch: 800	TL: 3.261e-05	VL: 5.730e-04	 5.732e-04	 adam_lr:6.103515625e-08
Epoch: 801	TL: 3.263e-05	VL: 5.730e-04	 5.731e-04	 adam_lr:6.103515625e-08
Epoch: 802	TL: 3.263e-05	VL: 5.733e-04	 5.732e-04	 adam_lr:6.103515625e-08
Epoch: 803	TL: 3.260e-05	VL: 5.731e-04	 5.732e-04	 adam_lr:6.103515625e-08
Epoch: 804	TL: 3.262e-05	VL: 5.729e-04	 5.730e-04	 adam_lr:6.103515625e-08
Epoch: 805	TL: 3.263e-05	VL: 5.732e-04	 5.731e-04	 adam_lr:6.103515625e-08
Epoch: 806	TL: 3.263e-05	VL: 5.735e-04	 5.733e-04	 adam_lr:6.103515625e-08
Epoch: 807	TL: 3.260e-05	VL: 5.733e-04	 5.733e-04	 adam_lr:6.103515625e-08
Epoch: 808	TL: 3.262e-05	VL: 5.730e-04	 5.732e-04	 adam_lr:6.103515625e-08
Epoch: 809	TL: 3.262e-05	VL: 5.733e-04	 5.732e-04	 adam_lr:6.103515625e-08
Epoch: 810	TL: 3.259e-05	VL: 5.733e-04	 5.733e-04	 adam_lr:3.0517578125e-08
Epoch: 811	TL: 3.263e-05	VL: 5.732e-04	 5.732e-04	 adam_lr:3.0517578125e-08
Epoch: 812	TL: 3.259e-05	VL: 5.732e-04	 5.732e-04	 adam_lr:3.0517578125e-08
Epoch: 813	TL: 3.263e-05	VL: 5.727e-04	 5.730e-04	 adam_lr:3.0517578125e-08
Epoch: 814	TL: 3.260e-05	VL: 5.730e-04	 5.730e-04	 adam_lr:3.0517578125e-08
Epoch: 815	TL: 3.262e-05	VL: 5.733e-04	 5.732e-04	 adam_lr:3.0517578125e-08
Epoch: 816	TL: 3.261e-05	VL: 5.728e-04	 5.730e-04	 adam_lr:3.0517578125e-08
Epoch: 817	TL: 3.261e-05	VL: 5.732e-04	 5.731e-04	 adam_lr:3.0517578125e-08
Epoch: 818	TL: 3.260e-05	VL: 5.730e-04	 5.730e-04	 adam_lr:3.0517578125e-08
Epoch: 819	TL: 3.261e-05	VL: 5.731e-04	 5.731e-04	 adam_lr:3.0517578125e-08
Epoch: 820	TL: 3.259e-05	VL: 5.732e-04	 5.732e-04	 adam_lr:3.0517578125e-08
Epoch: 821	TL: 3.263e-05	VL: 5.731e-04	 5.731e-04	 adam_lr:3.0517578125e-08
Epoch: 822	TL: 3.262e-05	VL: 5.729e-04	 5.730e-04	 adam_lr:3.0517578125e-08
Epoch: 823	TL: 3.261e-05	VL: 5.731e-04	 5.730e-04	 adam_lr:3.0517578125e-08
Epoch: 824	TL: 3.260e-05	VL: 5.731e-04	 5.731e-04	 adam_lr:3.0517578125e-08
Epoch: 825	TL: 3.260e-05	VL: 5.730e-04	 5.731e-04	 adam_lr:3.0517578125e-08
Epoch: 826	TL: 3.259e-05	VL: 5.729e-04	 5.730e-04	 adam_lr:3.0517578125e-08
Epoch: 827	TL: 3.260e-05	VL: 5.729e-04	 5.729e-04	 adam_lr:3.0517578125e-08
Epoch: 828	TL: 3.261e-05	VL: 5.734e-04	 5.732e-04	 adam_lr:3.0517578125e-08
Epoch: 829	TL: 3.261e-05	VL: 5.730e-04	 5.731e-04	 adam_lr:3.0517578125e-08
Epoch: 830	TL: 3.262e-05	VL: 5.729e-04	 5.730e-04	 adam_lr:3.0517578125e-08
Epoch: 831	TL: 3.262e-05	VL: 5.731e-04	 5.731e-04	 adam_lr:3.0517578125e-08
Epoch: 832	TL: 3.261e-05	VL: 5.733e-04	 5.732e-04	 adam_lr:3.0517578125e-08
Epoch: 833	TL: 3.261e-05	VL: 5.732e-04	 5.732e-04	 adam_lr:3.0517578125e-08
Epoch: 834	TL: 3.261e-05	VL: 5.733e-04	 5.732e-04	 adam_lr:3.0517578125e-08
Epoch: 835	TL: 3.260e-05	VL: 5.731e-04	 5.732e-04	 adam_lr:3.0517578125e-08
Epoch: 836	TL: 3.260e-05	VL: 5.732e-04	 5.732e-04	 adam_lr:3.0517578125e-08
Epoch: 837	TL: 3.261e-05	VL: 5.731e-04	 5.731e-04	 adam_lr:3.0517578125e-08
Epoch: 838	TL: 3.263e-05	VL: 5.733e-04	 5.732e-04	 adam_lr:3.0517578125e-08
Epoch: 839	TL: 3.257e-05	VL: 5.732e-04	 5.732e-04	 adam_lr:3.0517578125e-08
Epoch: 840	TL: 3.260e-05	VL: 5.733e-04	 5.732e-04	 adam_lr:3.0517578125e-08
Epoch: 841	TL: 3.260e-05	VL: 5.729e-04	 5.731e-04	 adam_lr:1.52587890625e-08
Epoch: 842	TL: 3.261e-05	VL: 5.731e-04	 5.731e-04	 adam_lr:1.52587890625e-08
Epoch: 843	TL: 3.260e-05	VL: 5.732e-04	 5.731e-04	 adam_lr:1.52587890625e-08
Epoch: 844	TL: 3.257e-05	VL: 5.732e-04	 5.731e-04	 adam_lr:1.52587890625e-08
Epoch: 845	TL: 3.259e-05	VL: 5.733e-04	 5.732e-04	 adam_lr:1.52587890625e-08
Epoch: 846	TL: 3.259e-05	VL: 5.733e-04	 5.733e-04	 adam_lr:1.52587890625e-08
Epoch: 847	TL: 3.257e-05	VL: 5.731e-04	 5.732e-04	 adam_lr:1.52587890625e-08
Epoch: 848	TL: 3.258e-05	VL: 5.729e-04	 5.731e-04	 adam_lr:1.52587890625e-08
Epoch: 849	TL: 3.260e-05	VL: 5.732e-04	 5.731e-04	 adam_lr:1.52587890625e-08
Epoch: 850	TL: 3.260e-05	VL: 5.734e-04	 5.732e-04	 adam_lr:1.52587890625e-08
Epoch: 851	TL: 3.258e-05	VL: 5.735e-04	 5.734e-04	 adam_lr:1.52587890625e-08
Epoch: 852	TL: 3.257e-05	VL: 5.733e-04	 5.733e-04	 adam_lr:1.52587890625e-08
Epoch: 853	TL: 3.258e-05	VL: 5.734e-04	 5.733e-04	 adam_lr:1.52587890625e-08
Epoch: 854	TL: 3.259e-05	VL: 5.732e-04	 5.733e-04	 adam_lr:1.52587890625e-08
Epoch: 855	TL: 3.257e-05	VL: 5.733e-04	 5.733e-04	 adam_lr:1.52587890625e-08
Epoch: 856	TL: 3.260e-05	VL: 5.735e-04	 5.734e-04	 adam_lr:1.52587890625e-08
Epoch: 857	TL: 3.259e-05	VL: 5.736e-04	 5.735e-04	 adam_lr:1.52587890625e-08
Epoch: 858	TL: 3.261e-05	VL: 5.732e-04	 5.734e-04	 adam_lr:1.52587890625e-08
Epoch: 859	TL: 3.260e-05	VL: 5.733e-04	 5.733e-04	 adam_lr:1.52587890625e-08
Epoch: 860	TL: 3.258e-05	VL: 5.733e-04	 5.733e-04	 adam_lr:1.52587890625e-08
Epoch: 861	TL: 3.261e-05	VL: 5.731e-04	 5.732e-04	 adam_lr:1.52587890625e-08
Epoch: 862	TL: 3.260e-05	VL: 5.735e-04	 5.734e-04	 adam_lr:1.52587890625e-08
Epoch: 863	TL: 3.260e-05	VL: 5.734e-04	 5.734e-04	 adam_lr:1.52587890625e-08
Epoch: 864	TL: 3.264e-05	VL: 5.736e-04	 5.735e-04	 adam_lr:1.52587890625e-08
Epoch: 865	TL: 3.258e-05	VL: 5.734e-04	 5.735e-04	 adam_lr:1.52587890625e-08
Epoch: 866	TL: 3.260e-05	VL: 5.733e-04	 5.734e-04	 adam_lr:1.52587890625e-08
Epoch: 867	TL: 3.258e-05	VL: 5.729e-04	 5.732e-04	 adam_lr:1.52587890625e-08
Epoch: 868	TL: 3.259e-05	VL: 5.729e-04	 5.730e-04	 adam_lr:1.52587890625e-08
Epoch: 869	TL: 3.261e-05	VL: 5.730e-04	 5.730e-04	 adam_lr:1.52587890625e-08
Epoch: 870	TL: 3.261e-05	VL: 5.729e-04	 5.730e-04	 adam_lr:1.52587890625e-08
Epoch: 871	TL: 3.259e-05	VL: 5.733e-04	 5.731e-04	 adam_lr:1.52587890625e-08
Epoch: 872	TL: 3.260e-05	VL: 5.733e-04	 5.732e-04	 adam_lr:1.52587890625e-08
Epoch: 873	TL: 3.258e-05	VL: 5.731e-04	 5.731e-04	 adam_lr:1.52587890625e-08
Epoch: 874	TL: 3.261e-05	VL: 5.731e-04	 5.731e-04	 adam_lr:1.52587890625e-08
Epoch: 875	TL: 3.258e-05	VL: 5.731e-04	 5.731e-04	 adam_lr:1.52587890625e-08
Epoch: 876	TL: 3.257e-05	VL: 5.730e-04	 5.731e-04	 adam_lr:1.52587890625e-08
Epoch: 877	TL: 3.259e-05	VL: 5.734e-04	 5.732e-04	 adam_lr:1.52587890625e-08
Epoch: 878	TL: 3.259e-05	VL: 5.736e-04	 5.734e-04	 adam_lr:1.52587890625e-08
Epoch: 879	TL: 3.259e-05	VL: 5.732e-04	 5.733e-04	 adam_lr:1.52587890625e-08
Epoch: 880	TL: 3.258e-05	VL: 5.732e-04	 5.732e-04	 adam_lr:1.52587890625e-08
Epoch: 881	TL: 3.258e-05	VL: 5.730e-04	 5.731e-04	 adam_lr:1.52587890625e-08
Epoch: 882	TL: 3.258e-05	VL: 5.733e-04	 5.732e-04	 adam_lr:1.52587890625e-08
Epoch: 883	TL: 3.258e-05	VL: 5.732e-04	 5.732e-04	 adam_lr:1.52587890625e-08
Epoch: 884	TL: 3.256e-05	VL: 5.733e-04	 5.732e-04	 adam_lr:1.52587890625e-08
Epoch: 885	TL: 3.260e-05	VL: 5.730e-04	 5.731e-04	 adam_lr:1.52587890625e-08
Epoch: 886	TL: 3.258e-05	VL: 5.730e-04	 5.730e-04	 adam_lr:1.52587890625e-08
Epoch: 887	TL: 3.261e-05	VL: 5.734e-04	 5.732e-04	 adam_lr:1.52587890625e-08
Epoch: 888	TL: 3.259e-05	VL: 5.731e-04	 5.731e-04	 adam_lr:1.52587890625e-08
Epoch: 889	TL: 3.257e-05	VL: 5.730e-04	 5.731e-04	 adam_lr:1.52587890625e-08
Epoch: 890	TL: 3.258e-05	VL: 5.735e-04	 5.733e-04	 adam_lr:1.52587890625e-08
Epoch: 891	TL: 3.258e-05	VL: 5.730e-04	 5.731e-04	 adam_lr:1.52587890625e-08
Epoch: 892	TL: 3.258e-05	VL: 5.734e-04	 5.733e-04	 adam_lr:1.52587890625e-08
Epoch: 893	TL: 3.259e-05	VL: 5.733e-04	 5.733e-04	 adam_lr:1.52587890625e-08
Epoch: 894	TL: 3.259e-05	VL: 5.733e-04	 5.733e-04	 adam_lr:1.52587890625e-08
Epoch: 895	TL: 3.259e-05	VL: 5.732e-04	 5.733e-04	 adam_lr:1.52587890625e-08
Epoch: 896	TL: 3.260e-05	VL: 5.731e-04	 5.732e-04	 adam_lr:1.52587890625e-08
Epoch: 897	TL: 3.259e-05	VL: 5.733e-04	 5.732e-04	 adam_lr:1.52587890625e-08
Epoch: 898	TL: 3.258e-05	VL: 5.732e-04	 5.732e-04	 adam_lr:1.52587890625e-08
Epoch: 899	TL: 3.259e-05	VL: 5.734e-04	 5.733e-04	 adam_lr:1.52587890625e-08
Epoch: 900	TL: 3.259e-05	VL: 5.731e-04	 5.732e-04	 adam_lr:1.52587890625e-08
Epoch: 901	TL: 3.258e-05	VL: 5.731e-04	 5.732e-04	 adam_lr:1.52587890625e-08
Epoch: 902	TL: 3.257e-05	VL: 5.732e-04	 5.732e-04	 adam_lr:1.52587890625e-08
Epoch: 903	TL: 3.259e-05	VL: 5.728e-04	 5.730e-04	 adam_lr:1.52587890625e-08
Epoch: 904	TL: 3.261e-05	VL: 5.732e-04	 5.731e-04	 adam_lr:1.52587890625e-08
Epoch: 905	TL: 3.257e-05	VL: 5.733e-04	 5.732e-04	 adam_lr:1.52587890625e-08
Epoch: 906	TL: 3.259e-05	VL: 5.730e-04	 5.731e-04	 adam_lr:1.52587890625e-08
Epoch: 907	TL: 3.260e-05	VL: 5.734e-04	 5.732e-04	 adam_lr:1.52587890625e-08
Epoch: 908	TL: 3.261e-05	VL: 5.735e-04	 5.734e-04	 adam_lr:1.52587890625e-08
Epoch: 909	TL: 3.262e-05	VL: 5.729e-04	 5.731e-04	 adam_lr:1.52587890625e-08
Epoch: 910	TL: 3.258e-05	VL: 5.729e-04	 5.730e-04	 adam_lr:1.52587890625e-08
Epoch: 911	TL: 3.258e-05	VL: 5.733e-04	 5.732e-04	 adam_lr:1.52587890625e-08
Epoch: 912	TL: 3.258e-05	VL: 5.732e-04	 5.732e-04	 adam_lr:1.52587890625e-08
Epoch: 913	TL: 3.259e-05	VL: 5.731e-04	 5.731e-04	 adam_lr:1.52587890625e-08
Epoch: 914	TL: 3.258e-05	VL: 5.732e-04	 5.732e-04	 adam_lr:1.52587890625e-08
Epoch: 915	TL: 3.257e-05	VL: 5.729e-04	 5.730e-04	 adam_lr:1.52587890625e-08
Epoch: 916	TL: 3.257e-05	VL: 5.733e-04	 5.732e-04	 adam_lr:1.52587890625e-08
Epoch: 917	TL: 3.257e-05	VL: 5.733e-04	 5.732e-04	 adam_lr:1.52587890625e-08
Epoch: 918	TL: 3.258e-05	VL: 5.732e-04	 5.732e-04	 adam_lr:1.52587890625e-08
Epoch: 919	TL: 3.258e-05	VL: 5.734e-04	 5.733e-04	 adam_lr:1.52587890625e-08
Epoch: 920	TL: 3.257e-05	VL: 5.731e-04	 5.732e-04	 adam_lr:1.52587890625e-08
Epoch: 921	TL: 3.260e-05	VL: 5.729e-04	 5.731e-04	 adam_lr:1.52587890625e-08
Epoch: 922	TL: 3.259e-05	VL: 5.730e-04	 5.731e-04	 adam_lr:1.52587890625e-08
Epoch: 923	TL: 3.259e-05	VL: 5.732e-04	 5.731e-04	 adam_lr:1.52587890625e-08
Epoch: 924	TL: 3.259e-05	VL: 5.735e-04	 5.733e-04	 adam_lr:1.52587890625e-08
Epoch: 925	TL: 3.259e-05	VL: 5.732e-04	 5.732e-04	 adam_lr:1.52587890625e-08
Epoch: 926	TL: 3.260e-05	VL: 5.731e-04	 5.731e-04	 adam_lr:1.52587890625e-08
Epoch: 927	TL: 3.257e-05	VL: 5.732e-04	 5.732e-04	 adam_lr:1.52587890625e-08
Epoch: 928	TL: 3.261e-05	VL: 5.729e-04	 5.731e-04	 adam_lr:1.52587890625e-08
Epoch: 929	TL: 3.259e-05	VL: 5.734e-04	 5.733e-04	 adam_lr:1.52587890625e-08
Epoch: 930	TL: 3.258e-05	VL: 5.734e-04	 5.733e-04	 adam_lr:1.52587890625e-08
Epoch: 931	TL: 3.261e-05	VL: 5.732e-04	 5.733e-04	 adam_lr:1.52587890625e-08
Epoch: 932	TL: 3.259e-05	VL: 5.732e-04	 5.732e-04	 adam_lr:1.52587890625e-08
Epoch: 933	TL: 3.258e-05	VL: 5.731e-04	 5.732e-04	 adam_lr:1.52587890625e-08
Epoch: 934	TL: 3.259e-05	VL: 5.734e-04	 5.733e-04	 adam_lr:1.52587890625e-08
Epoch: 935	TL: 3.261e-05	VL: 5.730e-04	 5.731e-04	 adam_lr:1.52587890625e-08
Epoch: 936	TL: 3.257e-05	VL: 5.733e-04	 5.732e-04	 adam_lr:1.52587890625e-08
Epoch: 937	TL: 3.260e-05	VL: 5.730e-04	 5.731e-04	 adam_lr:1.52587890625e-08
Epoch: 938	TL: 3.258e-05	VL: 5.729e-04	 5.730e-04	 adam_lr:1.52587890625e-08
Epoch: 939	TL: 3.259e-05	VL: 5.730e-04	 5.730e-04	 adam_lr:1.52587890625e-08
Epoch: 940	TL: 3.258e-05	VL: 5.732e-04	 5.731e-04	 adam_lr:1.52587890625e-08
Epoch: 941	TL: 3.260e-05	VL: 5.731e-04	 5.731e-04	 adam_lr:1.52587890625e-08
Epoch: 942	TL: 3.259e-05	VL: 5.732e-04	 5.732e-04	 adam_lr:1.52587890625e-08
Epoch: 943	TL: 3.260e-05	VL: 5.730e-04	 5.731e-04	 adam_lr:1.52587890625e-08
Epoch: 944	TL: 3.258e-05	VL: 5.733e-04	 5.732e-04	 adam_lr:1.52587890625e-08
Epoch: 945	TL: 3.257e-05	VL: 5.735e-04	 5.734e-04	 adam_lr:1.52587890625e-08
Epoch: 946	TL: 3.259e-05	VL: 5.729e-04	 5.731e-04	 adam_lr:1.52587890625e-08
Epoch: 947	TL: 3.256e-05	VL: 5.733e-04	 5.732e-04	 adam_lr:1.52587890625e-08
Epoch: 948	TL: 3.258e-05	VL: 5.733e-04	 5.733e-04	 adam_lr:1.52587890625e-08
Epoch: 949	TL: 3.261e-05	VL: 5.731e-04	 5.732e-04	 adam_lr:1.52587890625e-08
Epoch: 950	TL: 3.259e-05	VL: 5.730e-04	 5.731e-04	 adam_lr:1.52587890625e-08
Epoch: 951	TL: 3.258e-05	VL: 5.731e-04	 5.731e-04	 adam_lr:1.52587890625e-08
Epoch: 952	TL: 3.260e-05	VL: 5.729e-04	 5.730e-04	 adam_lr:1.52587890625e-08
Epoch: 953	TL: 3.261e-05	VL: 5.733e-04	 5.731e-04	 adam_lr:1.52587890625e-08
Epoch: 954	TL: 3.258e-05	VL: 5.729e-04	 5.730e-04	 adam_lr:1.52587890625e-08
Epoch: 955	TL: 3.258e-05	VL: 5.732e-04	 5.731e-04	 adam_lr:1.52587890625e-08
Epoch: 956	TL: 3.261e-05	VL: 5.730e-04	 5.730e-04	 adam_lr:1.52587890625e-08
Epoch: 957	TL: 3.259e-05	VL: 5.734e-04	 5.732e-04	 adam_lr:1.52587890625e-08
Epoch: 958	TL: 3.258e-05	VL: 5.733e-04	 5.733e-04	 adam_lr:1.52587890625e-08
Epoch: 959	TL: 3.259e-05	VL: 5.730e-04	 5.731e-04	 adam_lr:1.52587890625e-08
Epoch: 960	TL: 3.260e-05	VL: 5.730e-04	 5.731e-04	 adam_lr:1.52587890625e-08
Epoch: 961	TL: 3.257e-05	VL: 5.733e-04	 5.732e-04	 adam_lr:1.52587890625e-08
Epoch: 962	TL: 3.257e-05	VL: 5.730e-04	 5.731e-04	 adam_lr:1.52587890625e-08
Epoch: 963	TL: 3.258e-05	VL: 5.734e-04	 5.732e-04	 adam_lr:1.52587890625e-08
Epoch: 964	TL: 3.257e-05	VL: 5.730e-04	 5.731e-04	 adam_lr:1.52587890625e-08
Epoch: 965	TL: 3.261e-05	VL: 5.731e-04	 5.731e-04	 adam_lr:1.52587890625e-08
Epoch: 966	TL: 3.257e-05	VL: 5.730e-04	 5.731e-04	 adam_lr:1.52587890625e-08
Epoch: 967	TL: 3.258e-05	VL: 5.734e-04	 5.732e-04	 adam_lr:1.52587890625e-08
Epoch: 968	TL: 3.257e-05	VL: 5.732e-04	 5.732e-04	 adam_lr:1.52587890625e-08
Epoch: 969	TL: 3.259e-05	VL: 5.734e-04	 5.733e-04	 adam_lr:1.52587890625e-08
Epoch: 970	TL: 3.260e-05	VL: 5.734e-04	 5.733e-04	 adam_lr:1.52587890625e-08
Epoch: 971	TL: 3.259e-05	VL: 5.731e-04	 5.732e-04	 adam_lr:1.52587890625e-08
Epoch: 972	TL: 3.255e-05	VL: 5.730e-04	 5.731e-04	 adam_lr:1.52587890625e-08
Epoch: 973	TL: 3.258e-05	VL: 5.733e-04	 5.732e-04	 adam_lr:1.52587890625e-08
Epoch: 974	TL: 3.260e-05	VL: 5.729e-04	 5.730e-04	 adam_lr:1.52587890625e-08
Epoch: 975	TL: 3.259e-05	VL: 5.730e-04	 5.730e-04	 adam_lr:1.52587890625e-08
Epoch: 976	TL: 3.260e-05	VL: 5.732e-04	 5.731e-04	 adam_lr:1.52587890625e-08
Epoch: 977	TL: 3.257e-05	VL: 5.733e-04	 5.732e-04	 adam_lr:1.52587890625e-08
Epoch: 978	TL: 3.258e-05	VL: 5.732e-04	 5.732e-04	 adam_lr:1.52587890625e-08
Epoch: 979	TL: 3.260e-05	VL: 5.730e-04	 5.731e-04	 adam_lr:1.52587890625e-08
Epoch: 980	TL: 3.261e-05	VL: 5.730e-04	 5.730e-04	 adam_lr:1.52587890625e-08
Epoch: 981	TL: 3.261e-05	VL: 5.730e-04	 5.730e-04	 adam_lr:1.52587890625e-08
Epoch: 982	TL: 3.257e-05	VL: 5.728e-04	 5.729e-04	 adam_lr:1.52587890625e-08
Epoch: 983	TL: 3.258e-05	VL: 5.733e-04	 5.731e-04	 adam_lr:1.52587890625e-08
Epoch: 984	TL: 3.257e-05	VL: 5.733e-04	 5.732e-04	 adam_lr:1.52587890625e-08
Epoch: 985	TL: 3.259e-05	VL: 5.728e-04	 5.730e-04	 adam_lr:1.52587890625e-08
Epoch: 986	TL: 3.259e-05	VL: 5.736e-04	 5.733e-04	 adam_lr:1.52587890625e-08
Epoch: 987	TL: 3.260e-05	VL: 5.731e-04	 5.732e-04	 adam_lr:1.52587890625e-08
Epoch: 988	TL: 3.259e-05	VL: 5.730e-04	 5.731e-04	 adam_lr:1.52587890625e-08
Epoch: 989	TL: 3.256e-05	VL: 5.732e-04	 5.732e-04	 adam_lr:1.52587890625e-08
Epoch: 990	TL: 3.260e-05	VL: 5.731e-04	 5.732e-04	 adam_lr:1.52587890625e-08
Epoch: 991	TL: 3.260e-05	VL: 5.729e-04	 5.730e-04	 adam_lr:1.52587890625e-08
Epoch: 992	TL: 3.256e-05	VL: 5.733e-04	 5.732e-04	 adam_lr:1.52587890625e-08
Epoch: 993	TL: 3.259e-05	VL: 5.728e-04	 5.730e-04	 adam_lr:1.52587890625e-08
Epoch: 994	TL: 3.259e-05	VL: 5.729e-04	 5.729e-04	 adam_lr:1.52587890625e-08
Epoch: 995	TL: 3.257e-05	VL: 5.731e-04	 5.730e-04	 adam_lr:1.52587890625e-08
Epoch: 996	TL: 3.257e-05	VL: 5.728e-04	 5.729e-04	 adam_lr:1.52587890625e-08
Epoch: 997	TL: 3.260e-05	VL: 5.732e-04	 5.730e-04	 adam_lr:1.52587890625e-08
Epoch: 998	TL: 3.259e-05	VL: 5.734e-04	 5.732e-04	 adam_lr:1.52587890625e-08
Epoch: 999	TL: 3.259e-05	VL: 5.728e-04	 5.730e-04	 adam_lr:1.52587890625e-08
Epoch: 1000	TL: 3.259e-05	VL: 5.729e-04	 5.730e-04	 adam_lr:1.52587890625e-08
Test MAE: 10.406
