Mon Dec  9 06:20:30 2024       
+-----------------------------------------------------------------------------------------+
| NVIDIA-SMI 565.57.01              Driver Version: 565.57.01      CUDA Version: 12.7     |
|-----------------------------------------+------------------------+----------------------+
| GPU  Name                 Persistence-M | Bus-Id          Disp.A | Volatile Uncorr. ECC |
| Fan  Temp   Perf          Pwr:Usage/Cap |           Memory-Usage | GPU-Util  Compute M. |
|                                         |                        |               MIG M. |
|=========================================+========================+======================|
|   0  Tesla V100-SXM2-32GB           On  |   00000000:15:00.0 Off |                    0 |
| N/A   41C    P0             69W /  300W |       1MiB /  32768MiB |      0%   E. Process |
|                                         |                        |                  N/A |
+-----------------------------------------+------------------------+----------------------+
                                                                                         
+-----------------------------------------------------------------------------------------+
| Processes:                                                                              |
|  GPU   GI   CI        PID   Type   Process name                              GPU Memory |
|        ID   ID                                                               Usage      |
|=========================================================================================|
|  No running processes found                                                             |
+-----------------------------------------------------------------------------------------+
cuda
Tesla V100-SXM2-32GB
Namespace(seed=0, target=7, data_dir='data/', batch_size_train=100, batch_size_inference=1000, num_workers=0, splits=[110000, 10000, 10831], subset_size=None, num_message_passing_layers=3, num_features=128, num_outputs=1, num_rbf_features=20, num_unique_atoms=100, cutoff_dist=5.0, lr=0.0005, weight_decay=0.0001, num_epochs=1000)
PaiNN(
  (zi): Embedding(100, 128)
  (Lm): Message(
    (Ls): Sequential(
      (0): Linear(in_features=128, out_features=128, bias=True)
      (1): SiLU()
      (2): Linear(in_features=128, out_features=384, bias=True)
    )
    (Lrbf): Linear(in_features=20, out_features=384, bias=True)
  )
  (Lu): Update(
    (Luu): Linear(in_features=3, out_features=3, bias=False)
    (Luv): Linear(in_features=3, out_features=3, bias=False)
    (Ls): Sequential(
      (0): Linear(in_features=256, out_features=128, bias=True)
      (1): SiLU()
      (2): Linear(in_features=128, out_features=384, bias=True)
    )
  )
  (Lr): Sequential(
    (0): Linear(in_features=128, out_features=64, bias=True)
    (1): SiLU()
    (2): Linear(in_features=64, out_features=1, bias=True)
  )
)
Epoch: 1	TL: 4.537e-01	VL: 1.312e-01	LR:0.0005
Epoch: 2	TL: 1.005e-01	VL: 7.940e-02	LR:0.0005
Epoch: 3	TL: 8.160e-02	VL: 6.566e-02	LR:0.0005
Epoch: 4	TL: 6.752e-02	VL: 5.672e-02	LR:0.0005
Epoch: 5	TL: 6.157e-02	VL: 5.767e-02	LR:0.0005
Epoch: 6	TL: 5.485e-02	VL: 4.767e-02	LR:0.0005
Epoch: 7	TL: 4.910e-02	VL: 5.065e-02	LR:0.0005
Epoch: 8	TL: 4.479e-02	VL: 3.845e-02	LR:0.0005
Epoch: 9	TL: 4.206e-02	VL: 3.520e-02	LR:0.0005
Epoch: 10	TL: 3.862e-02	VL: 3.289e-02	LR:0.0005
Epoch: 11	TL: 3.467e-02	VL: 3.024e-02	LR:0.0005
Epoch: 12	TL: 3.188e-02	VL: 3.457e-02	LR:0.0005
Epoch: 13	TL: 3.112e-02	VL: 2.935e-02	LR:0.0005
Epoch: 14	TL: 2.796e-02	VL: 3.248e-02	LR:0.0005
Epoch: 15	TL: 2.668e-02	VL: 2.414e-02	LR:0.0005
Epoch: 16	TL: 2.441e-02	VL: 2.180e-02	LR:0.0005
Epoch: 17	TL: 2.314e-02	VL: 2.527e-02	LR:0.0005
Epoch: 18	TL: 2.236e-02	VL: 4.020e-02	LR:0.0005
Epoch: 19	TL: 2.105e-02	VL: 1.929e-02	LR:0.0005
Epoch: 20	TL: 2.014e-02	VL: 2.222e-02	LR:0.0005
Epoch: 21	TL: 1.970e-02	VL: 1.991e-02	LR:0.0005
Epoch: 22	TL: 1.853e-02	VL: 1.547e-02	LR:0.0005
Epoch: 23	TL: 1.759e-02	VL: 1.764e-02	LR:0.0005
Epoch: 24	TL: 1.679e-02	VL: 1.686e-02	LR:0.0005
Epoch: 25	TL: 1.626e-02	VL: 1.387e-02	LR:0.0005
Epoch: 26	TL: 1.546e-02	VL: 1.497e-02	LR:0.0005
Epoch: 27	TL: 1.468e-02	VL: 1.285e-02	LR:0.0005
Epoch: 28	TL: 1.472e-02	VL: 1.352e-02	LR:0.0005
Epoch: 29	TL: 1.326e-02	VL: 1.344e-02	LR:0.0005
Epoch: 30	TL: 1.323e-02	VL: 1.569e-02	LR:0.0005
Epoch: 31	TL: 1.283e-02	VL: 1.263e-02	LR:0.0005
Epoch: 32	TL: 1.277e-02	VL: 2.353e-02	LR:0.0005
Epoch: 33	TL: 1.188e-02	VL: 1.119e-02	LR:0.0005
Epoch: 34	TL: 1.165e-02	VL: 1.072e-02	LR:0.0005
Epoch: 35	TL: 1.096e-02	VL: 1.016e-02	LR:0.0005
Epoch: 36	TL: 1.137e-02	VL: 1.092e-02	LR:0.0005
Epoch: 37	TL: 1.105e-02	VL: 9.702e-03	LR:0.0005
Epoch: 38	TL: 1.051e-02	VL: 9.302e-03	LR:0.0005
Epoch: 39	TL: 1.056e-02	VL: 1.413e-02	LR:0.0005
Epoch: 40	TL: 1.019e-02	VL: 9.364e-03	LR:0.0005
Epoch: 41	TL: 9.888e-03	VL: 9.497e-03	LR:0.0005
Epoch: 42	TL: 9.808e-03	VL: 8.992e-03	LR:0.0005
Epoch: 43	TL: 9.356e-03	VL: 8.727e-03	LR:0.0005
Epoch: 44	TL: 9.434e-03	VL: 9.675e-03	LR:0.0005
Epoch: 45	TL: 9.150e-03	VL: 1.207e-02	LR:0.0005
Epoch: 46	TL: 9.038e-03	VL: 8.795e-03	LR:0.0005
Epoch: 47	TL: 8.841e-03	VL: 1.372e-02	LR:0.0005
Epoch: 48	TL: 9.000e-03	VL: 1.244e-02	LR:0.0005
Epoch: 49	TL: 8.733e-03	VL: 7.944e-03	LR:0.0005
Epoch: 50	TL: 8.716e-03	VL: 7.550e-03	LR:0.0005
Epoch: 51	TL: 8.589e-03	VL: 8.975e-03	LR:0.0005
Epoch: 52	TL: 8.119e-03	VL: 8.849e-03	LR:0.0005
Epoch: 53	TL: 8.016e-03	VL: 7.731e-03	LR:0.0005
Epoch: 54	TL: 7.854e-03	VL: 8.977e-03	LR:0.0005
Epoch: 55	TL: 8.046e-03	VL: 7.094e-03	LR:0.0005
Epoch: 56	TL: 7.895e-03	VL: 9.965e-03	LR:0.0005
Epoch: 57	TL: 7.795e-03	VL: 7.221e-03	LR:0.0005
Epoch: 58	TL: 7.451e-03	VL: 7.143e-03	LR:0.0005
Epoch: 59	TL: 7.679e-03	VL: 7.098e-03	LR:0.0005
Epoch: 60	TL: 7.268e-03	VL: 7.513e-03	LR:0.0005
Epoch: 61	TL: 7.117e-03	VL: 7.153e-03	LR:0.0005
Epoch: 62	TL: 7.570e-03	VL: 7.516e-03	LR:0.0005
Epoch: 63	TL: 7.312e-03	VL: 7.663e-03	LR:0.0005
Epoch: 64	TL: 7.048e-03	VL: 7.769e-03	LR:0.0005
Epoch: 65	TL: 7.154e-03	VL: 7.117e-03	LR:0.0005
Epoch: 66	TL: 6.954e-03	VL: 6.431e-03	LR:0.0005
Epoch: 67	TL: 6.772e-03	VL: 6.151e-03	LR:0.0005
Epoch: 68	TL: 6.787e-03	VL: 6.123e-03	LR:0.0005
Epoch: 69	TL: 6.720e-03	VL: 8.381e-03	LR:0.0005
Epoch: 70	TL: 6.627e-03	VL: 5.991e-03	LR:0.0005
Epoch: 71	TL: 6.501e-03	VL: 6.618e-03	LR:0.0005
Epoch: 72	TL: 6.385e-03	VL: 6.587e-03	LR:0.0005
Epoch: 73	TL: 6.457e-03	VL: 5.910e-03	LR:0.0005
Epoch: 74	TL: 6.521e-03	VL: 6.886e-03	LR:0.0005
Epoch: 75	TL: 6.283e-03	VL: 7.887e-03	LR:0.0005
Epoch: 76	TL: 6.418e-03	VL: 5.524e-03	LR:0.0005
Epoch: 77	TL: 6.127e-03	VL: 5.806e-03	LR:0.0005
Epoch: 78	TL: 6.119e-03	VL: 5.740e-03	LR:0.0005
Epoch: 79	TL: 6.008e-03	VL: 5.995e-03	LR:0.0005
Epoch: 80	TL: 6.232e-03	VL: 5.771e-03	LR:0.0005
Epoch: 81	TL: 5.925e-03	VL: 6.535e-03	LR:0.0005
Epoch: 82	TL: 5.891e-03	VL: 5.889e-03	LR:0.0005
Epoch: 83	TL: 5.967e-03	VL: 6.331e-03	LR:0.0005
Epoch: 84	TL: 5.846e-03	VL: 5.623e-03	LR:0.0005
Epoch: 85	TL: 5.720e-03	VL: 5.388e-03	LR:0.0005
Epoch: 86	TL: 5.625e-03	VL: 5.143e-03	LR:0.0005
Epoch: 87	TL: 5.696e-03	VL: 5.734e-03	LR:0.0005
Epoch: 88	TL: 5.668e-03	VL: 6.567e-03	LR:0.0005
Epoch: 89	TL: 5.736e-03	VL: 6.931e-03	LR:0.0005
Epoch: 90	TL: 5.569e-03	VL: 5.743e-03	LR:0.0005
Epoch: 91	TL: 5.569e-03	VL: 7.301e-03	LR:0.0005
Epoch: 92	TL: 5.535e-03	VL: 5.013e-03	LR:0.0005
Epoch: 93	TL: 5.468e-03	VL: 4.921e-03	LR:0.0005
Epoch: 94	TL: 5.327e-03	VL: 1.060e-02	LR:0.0005
Epoch: 95	TL: 5.445e-03	VL: 4.911e-03	LR:0.0005
Epoch: 96	TL: 5.237e-03	VL: 5.552e-03	LR:0.0005
Epoch: 97	TL: 5.394e-03	VL: 7.776e-03	LR:0.0005
Epoch: 98	TL: 5.163e-03	VL: 4.832e-03	LR:0.0005
Epoch: 99	TL: 5.226e-03	VL: 5.101e-03	LR:0.0005
Epoch: 100	TL: 5.093e-03	VL: 5.688e-03	LR:0.0005
Epoch: 101	TL: 5.309e-03	VL: 4.908e-03	LR:0.0005
Epoch: 102	TL: 5.162e-03	VL: 4.665e-03	LR:0.0005
Epoch: 103	TL: 5.000e-03	VL: 6.104e-03	LR:0.0005
Epoch: 104	TL: 5.101e-03	VL: 5.909e-03	LR:0.0005
Epoch: 105	TL: 5.134e-03	VL: 1.470e-02	LR:0.0005
Epoch: 106	TL: 5.092e-03	VL: 4.897e-03	LR:0.0005
Epoch: 107	TL: 5.018e-03	VL: 4.755e-03	LR:0.0005
Epoch: 108	TL: 5.031e-03	VL: 4.647e-03	LR:0.0005
Epoch: 109	TL: 4.781e-03	VL: 4.727e-03	LR:0.0005
Epoch: 110	TL: 4.923e-03	VL: 4.502e-03	LR:0.0005
Epoch: 111	TL: 4.875e-03	VL: 4.473e-03	LR:0.0005
Epoch: 112	TL: 4.893e-03	VL: 5.896e-03	LR:0.0005
Epoch: 113	TL: 4.753e-03	VL: 4.927e-03	LR:0.0005
Epoch: 114	TL: 4.764e-03	VL: 6.657e-03	LR:0.0005
Epoch: 115	TL: 4.729e-03	VL: 4.531e-03	LR:0.0005
Epoch: 116	TL: 4.536e-03	VL: 4.602e-03	LR:0.0005
Epoch: 117	TL: 4.664e-03	VL: 6.948e-03	LR:0.0005
Epoch: 118	TL: 4.713e-03	VL: 4.257e-03	LR:0.0005
Epoch: 119	TL: 4.552e-03	VL: 4.678e-03	LR:0.0005
Epoch: 120	TL: 4.588e-03	VL: 4.553e-03	LR:0.0005
Epoch: 121	TL: 4.476e-03	VL: 4.299e-03	LR:0.0005
Epoch: 122	TL: 4.507e-03	VL: 4.875e-03	LR:0.0005
Epoch: 123	TL: 4.528e-03	VL: 4.302e-03	LR:0.0005
Epoch: 124	TL: 4.597e-03	VL: 4.588e-03	LR:0.0005
Epoch: 125	TL: 4.505e-03	VL: 4.345e-03	LR:0.0005
Epoch: 126	TL: 4.468e-03	VL: 4.430e-03	LR:0.0005
Epoch: 127	TL: 4.422e-03	VL: 4.480e-03	LR:0.0005
Epoch: 128	TL: 4.394e-03	VL: 4.318e-03	LR:0.0005
Epoch: 129	TL: 4.364e-03	VL: 4.411e-03	LR:0.0005
Epoch: 130	TL: 4.419e-03	VL: 4.113e-03	LR:0.0005
Epoch: 131	TL: 4.386e-03	VL: 4.405e-03	LR:0.0005
Epoch: 132	TL: 4.324e-03	VL: 4.630e-03	LR:0.0005
Epoch: 133	TL: 4.366e-03	VL: 6.182e-03	LR:0.0005
Epoch: 134	TL: 4.255e-03	VL: 4.339e-03	LR:0.0005
Epoch: 135	TL: 4.337e-03	VL: 4.454e-03	LR:0.0005
Epoch: 136	TL: 4.293e-03	VL: 3.978e-03	LR:0.0005
Epoch: 137	TL: 4.437e-03	VL: 7.800e-03	LR:0.0005
Epoch: 138	TL: 4.242e-03	VL: 4.182e-03	LR:0.0005
Epoch: 139	TL: 4.151e-03	VL: 4.503e-03	LR:0.0005
Epoch: 140	TL: 4.131e-03	VL: 5.123e-03	LR:0.0005
Epoch: 141	TL: 4.175e-03	VL: 5.246e-03	LR:0.0005
Epoch: 142	TL: 4.184e-03	VL: 4.493e-03	LR:0.0005
Epoch: 143	TL: 4.071e-03	VL: 4.121e-03	LR:0.0005
Epoch: 144	TL: 4.094e-03	VL: 7.499e-03	LR:0.0005
Epoch: 145	TL: 4.166e-03	VL: 3.881e-03	LR:0.0005
Epoch: 146	TL: 4.055e-03	VL: 5.199e-03	LR:0.0005
Epoch: 147	TL: 3.959e-03	VL: 4.492e-03	LR:0.0005
Epoch: 148	TL: 4.107e-03	VL: 4.958e-03	LR:0.0005
Epoch: 149	TL: 3.997e-03	VL: 4.475e-03	LR:0.0005
Epoch: 150	TL: 3.936e-03	VL: 4.517e-03	LR:0.0005
Epoch: 151	TL: 3.987e-03	VL: 4.076e-03	LR:0.0005
Epoch: 152	TL: 3.992e-03	VL: 3.765e-03	LR:0.0005
Epoch: 153	TL: 4.015e-03	VL: 4.039e-03	LR:0.0005
Epoch: 154	TL: 3.935e-03	VL: 3.658e-03	LR:0.0005
Epoch: 155	TL: 3.846e-03	VL: 3.779e-03	LR:0.0005
Epoch: 156	TL: 3.858e-03	VL: 3.681e-03	LR:0.0005
Epoch: 157	TL: 4.009e-03	VL: 5.869e-03	LR:0.0005
Epoch: 158	TL: 3.965e-03	VL: 3.959e-03	LR:0.0005
Epoch: 159	TL: 3.791e-03	VL: 3.772e-03	LR:0.0005
Epoch: 160	TL: 3.921e-03	VL: 3.781e-03	LR:0.0005
Epoch: 161	TL: 3.891e-03	VL: 3.609e-03	LR:0.0005
Epoch: 162	TL: 3.779e-03	VL: 3.871e-03	LR:0.0005
Epoch: 163	TL: 3.736e-03	VL: 3.585e-03	LR:0.0005
Epoch: 164	TL: 3.737e-03	VL: 3.692e-03	LR:0.0005
Epoch: 165	TL: 3.717e-03	VL: 3.708e-03	LR:0.0005
Epoch: 166	TL: 3.827e-03	VL: 5.079e-03	LR:0.0005
Epoch: 167	TL: 3.805e-03	VL: 3.759e-03	LR:0.0005
Epoch: 168	TL: 3.728e-03	VL: 3.908e-03	LR:0.0005
Epoch: 169	TL: 3.702e-03	VL: 3.682e-03	LR:0.0005
Epoch: 170	TL: 3.760e-03	VL: 3.531e-03	LR:0.0005
Epoch: 171	TL: 3.661e-03	VL: 5.004e-03	LR:0.0005
Epoch: 172	TL: 3.731e-03	VL: 3.868e-03	LR:0.0005
Epoch: 173	TL: 3.698e-03	VL: 4.030e-03	LR:0.0005
Epoch: 174	TL: 3.656e-03	VL: 4.309e-03	LR:0.0005
Epoch: 175	TL: 3.624e-03	VL: 3.581e-03	LR:0.0005
Epoch: 176	TL: 3.644e-03	VL: 3.917e-03	LR:0.0005
Epoch: 177	TL: 3.614e-03	VL: 3.863e-03	LR:0.0005
Epoch: 178	TL: 3.666e-03	VL: 3.929e-03	LR:0.0005
Epoch: 179	TL: 3.633e-03	VL: 4.919e-03	LR:0.0005
Epoch: 180	TL: 3.598e-03	VL: 3.949e-03	LR:0.0005
Epoch: 181	TL: 3.593e-03	VL: 3.649e-03	LR:0.0005
Epoch: 182	TL: 3.592e-03	VL: 3.569e-03	LR:0.0005
Epoch: 183	TL: 3.552e-03	VL: 3.591e-03	LR:0.0005
Epoch: 184	TL: 3.553e-03	VL: 3.605e-03	LR:0.0005
Epoch: 185	TL: 3.474e-03	VL: 4.470e-03	LR:0.0005
Epoch: 186	TL: 3.514e-03	VL: 6.213e-03	LR:0.0005
Epoch: 187	TL: 3.520e-03	VL: 3.709e-03	LR:0.0005
Epoch: 188	TL: 3.544e-03	VL: 5.157e-03	LR:0.0005
Epoch: 189	TL: 3.456e-03	VL: 3.505e-03	LR:0.0005
Epoch: 190	TL: 3.493e-03	VL: 3.644e-03	LR:0.0005
Epoch: 191	TL: 3.427e-03	VL: 3.867e-03	LR:0.0005
Epoch: 192	TL: 3.438e-03	VL: 4.169e-03	LR:0.0005
Epoch: 193	TL: 3.396e-03	VL: 3.718e-03	LR:0.0005
Epoch: 194	TL: 3.420e-03	VL: 3.310e-03	LR:0.0005
Epoch: 195	TL: 3.295e-03	VL: 3.873e-03	LR:0.0005
Epoch: 196	TL: 3.363e-03	VL: 3.404e-03	LR:0.0005
Epoch: 197	TL: 3.365e-03	VL: 3.357e-03	LR:0.0005
Epoch: 198	TL: 3.273e-03	VL: 3.678e-03	LR:0.0005
Epoch: 199	TL: 3.334e-03	VL: 3.351e-03	LR:0.0005
Epoch: 200	TL: 3.296e-03	VL: 4.563e-03	LR:0.0005
Epoch: 201	TL: 3.429e-03	VL: 3.292e-03	LR:0.0005
Epoch: 202	TL: 3.393e-03	VL: 3.473e-03	LR:0.0005
Epoch: 203	TL: 3.255e-03	VL: 3.533e-03	LR:0.0005
Epoch: 204	TL: 3.343e-03	VL: 3.971e-03	LR:0.0005
Epoch: 205	TL: 3.309e-03	VL: 5.960e-03	LR:0.0005
Epoch: 206	TL: 3.344e-03	VL: 3.141e-03	LR:0.0005
Epoch: 207	TL: 3.285e-03	VL: 3.354e-03	LR:0.0005
Epoch: 208	TL: 3.282e-03	VL: 3.137e-03	LR:0.0005
Epoch: 209	TL: 3.156e-03	VL: 3.465e-03	LR:0.0005
Epoch: 210	TL: 3.283e-03	VL: 3.524e-03	LR:0.0005
Epoch: 211	TL: 3.286e-03	VL: 3.276e-03	LR:0.0005
Epoch: 212	TL: 3.136e-03	VL: 3.375e-03	LR:0.0005
Epoch: 213	TL: 3.152e-03	VL: 3.378e-03	LR:0.0005
Epoch: 214	TL: 3.329e-03	VL: 3.676e-03	LR:0.0005
Epoch: 215	TL: 3.237e-03	VL: 3.168e-03	LR:0.0005
Epoch: 216	TL: 3.254e-03	VL: 3.571e-03	LR:0.0005
Epoch: 217	TL: 3.175e-03	VL: 3.228e-03	LR:0.0005
Epoch: 218	TL: 3.196e-03	VL: 3.387e-03	LR:0.0005
Epoch: 219	TL: 3.147e-03	VL: 4.696e-03	LR:0.0005
Epoch: 220	TL: 3.125e-03	VL: 3.170e-03	LR:0.0005
Epoch: 221	TL: 3.169e-03	VL: 3.614e-03	LR:0.0005
Epoch: 222	TL: 3.161e-03	VL: 3.174e-03	LR:0.0005
Epoch: 223	TL: 3.112e-03	VL: 3.532e-03	LR:0.0005
Epoch: 224	TL: 3.125e-03	VL: 3.446e-03	LR:0.0005
Epoch: 225	TL: 3.096e-03	VL: 3.215e-03	LR:0.0005
Epoch: 226	TL: 3.007e-03	VL: 3.322e-03	LR:0.0005
Epoch: 227	TL: 3.147e-03	VL: 3.113e-03	LR:0.0005
Epoch: 228	TL: 3.118e-03	VL: 3.130e-03	LR:0.0005
Epoch: 229	TL: 3.031e-03	VL: 3.720e-03	LR:0.0005
Epoch: 230	TL: 3.017e-03	VL: 3.190e-03	LR:0.0005
Epoch: 231	TL: 3.065e-03	VL: 2.988e-03	LR:0.0005
Epoch: 232	TL: 3.024e-03	VL: 3.717e-03	LR:0.0005
Epoch: 233	TL: 3.005e-03	VL: 3.632e-03	LR:0.0005
Epoch: 234	TL: 2.981e-03	VL: 3.290e-03	LR:0.0005
Epoch: 235	TL: 3.032e-03	VL: 3.003e-03	LR:0.0005
Epoch: 236	TL: 3.003e-03	VL: 3.113e-03	LR:0.0005
Epoch: 237	TL: 2.916e-03	VL: 4.419e-03	LR:0.0005
Epoch: 238	TL: 3.005e-03	VL: 3.726e-03	LR:0.0005
Epoch: 239	TL: 3.036e-03	VL: 2.935e-03	LR:0.0005
Epoch: 240	TL: 3.019e-03	VL: 4.784e-03	LR:0.0005
Epoch: 241	TL: 2.991e-03	VL: 3.007e-03	LR:0.0005
Epoch: 242	TL: 2.886e-03	VL: 3.439e-03	LR:0.0005
Epoch: 243	TL: 2.963e-03	VL: 3.076e-03	LR:0.0005
Epoch: 244	TL: 2.902e-03	VL: 3.098e-03	LR:0.0005
Epoch: 245	TL: 2.872e-03	VL: 2.898e-03	LR:0.0005
Epoch: 246	TL: 2.939e-03	VL: 3.116e-03	LR:0.0005
Epoch: 247	TL: 2.982e-03	VL: 3.649e-03	LR:0.0005
Epoch: 248	TL: 2.974e-03	VL: 4.334e-03	LR:0.0005
Epoch: 249	TL: 2.939e-03	VL: 2.851e-03	LR:0.0005
Epoch: 250	TL: 2.923e-03	VL: 2.967e-03	LR:0.0005
Epoch: 251	TL: 2.904e-03	VL: 4.255e-03	LR:0.0005
Epoch: 252	TL: 2.826e-03	VL: 2.828e-03	LR:0.0005
Epoch: 253	TL: 2.958e-03	VL: 2.912e-03	LR:0.0005
Epoch: 254	TL: 2.890e-03	VL: 2.884e-03	LR:0.0005
Epoch: 255	TL: 2.850e-03	VL: 3.342e-03	LR:0.0005
Epoch: 256	TL: 2.813e-03	VL: 3.119e-03	LR:0.0005
Epoch: 257	TL: 2.807e-03	VL: 3.582e-03	LR:0.0005
Epoch: 258	TL: 2.842e-03	VL: 2.838e-03	LR:0.0005
Epoch: 259	TL: 2.900e-03	VL: 2.862e-03	LR:0.0005
Epoch: 260	TL: 2.853e-03	VL: 2.806e-03	LR:0.0005
Epoch: 261	TL: 2.741e-03	VL: 3.286e-03	LR:0.0005
Epoch: 262	TL: 2.895e-03	VL: 2.789e-03	LR:0.0005
Epoch: 263	TL: 2.815e-03	VL: 2.849e-03	LR:0.0005
Epoch: 264	TL: 2.791e-03	VL: 2.746e-03	LR:0.0005
Epoch: 265	TL: 2.748e-03	VL: 3.138e-03	LR:0.0005
Epoch: 266	TL: 2.747e-03	VL: 2.943e-03	LR:0.0005
Epoch: 267	TL: 2.774e-03	VL: 2.914e-03	LR:0.0005
Epoch: 268	TL: 2.742e-03	VL: 3.103e-03	LR:0.0005
Epoch: 269	TL: 2.754e-03	VL: 3.551e-03	LR:0.0005
Epoch: 270	TL: 2.743e-03	VL: 2.983e-03	LR:0.0005
Epoch: 271	TL: 2.838e-03	VL: 2.737e-03	LR:0.0005
Epoch: 272	TL: 2.770e-03	VL: 3.042e-03	LR:0.0005
Epoch: 273	TL: 2.765e-03	VL: 2.917e-03	LR:0.0005
Epoch: 274	TL: 2.756e-03	VL: 2.982e-03	LR:0.0005
Epoch: 275	TL: 2.716e-03	VL: 2.750e-03	LR:0.0005
Epoch: 276	TL: 2.724e-03	VL: 4.208e-03	LR:0.0005
Epoch: 277	TL: 2.672e-03	VL: 2.959e-03	LR:0.0005
Epoch: 278	TL: 2.836e-03	VL: 3.465e-03	LR:0.0005
Epoch: 279	TL: 2.671e-03	VL: 4.656e-03	LR:0.0005
Epoch: 280	TL: 2.742e-03	VL: 2.824e-03	LR:0.0005
Epoch: 281	TL: 2.727e-03	VL: 2.917e-03	LR:0.0005
Epoch: 282	TL: 2.659e-03	VL: 2.842e-03	LR:0.0005
Epoch: 283	TL: 2.674e-03	VL: 2.882e-03	LR:0.0005
Epoch: 284	TL: 2.712e-03	VL: 3.204e-03	LR:0.0005
Epoch: 285	TL: 2.688e-03	VL: 3.198e-03	LR:0.0005
Epoch: 286	TL: 2.646e-03	VL: 2.918e-03	LR:0.0005
Epoch: 287	TL: 2.653e-03	VL: 3.240e-03	LR:0.0005
Epoch: 288	TL: 2.639e-03	VL: 2.709e-03	LR:0.0005
Epoch: 289	TL: 2.553e-03	VL: 3.044e-03	LR:0.0005
Epoch: 290	TL: 2.591e-03	VL: 2.791e-03	LR:0.0005
Epoch: 291	TL: 2.600e-03	VL: 3.032e-03	LR:0.0005
Epoch: 292	TL: 2.606e-03	VL: 2.698e-03	LR:0.0005
Epoch: 293	TL: 2.575e-03	VL: 3.019e-03	LR:0.0005
Epoch: 294	TL: 2.719e-03	VL: 3.262e-03	LR:0.0005
Epoch: 295	TL: 2.758e-03	VL: 3.564e-03	LR:0.0005
Epoch: 296	TL: 2.622e-03	VL: 2.787e-03	LR:0.0005
Epoch: 297	TL: 2.559e-03	VL: 2.691e-03	LR:0.0005
Epoch: 298	TL: 2.620e-03	VL: 3.503e-03	LR:0.0005
Epoch: 299	TL: 2.519e-03	VL: 2.742e-03	LR:0.0005
Epoch: 300	TL: 2.566e-03	VL: 2.594e-03	LR:0.0005
Epoch: 301	TL: 2.648e-03	VL: 2.561e-03	LR:0.0005
Epoch: 302	TL: 2.521e-03	VL: 2.588e-03	LR:0.0005
Epoch: 303	TL: 2.527e-03	VL: 2.585e-03	LR:0.0005
Epoch: 304	TL: 2.564e-03	VL: 2.553e-03	LR:0.0005
Epoch: 305	TL: 2.505e-03	VL: 2.944e-03	LR:0.0005
Epoch: 306	TL: 2.563e-03	VL: 2.712e-03	LR:0.0005
Epoch: 307	TL: 2.550e-03	VL: 2.684e-03	LR:0.0005
Epoch: 308	TL: 2.583e-03	VL: 2.740e-03	LR:0.0005
Epoch: 309	TL: 2.486e-03	VL: 2.573e-03	LR:0.0005
Epoch: 310	TL: 2.530e-03	VL: 2.580e-03	LR:0.0005
Epoch: 311	TL: 2.519e-03	VL: 2.793e-03	LR:0.0005
Epoch: 312	TL: 2.517e-03	VL: 2.763e-03	LR:0.0005
Epoch: 313	TL: 2.567e-03	VL: 2.816e-03	LR:0.0005
Epoch: 314	TL: 2.514e-03	VL: 2.507e-03	LR:0.0005
Epoch: 315	TL: 2.509e-03	VL: 2.554e-03	LR:0.0005
Epoch: 316	TL: 2.533e-03	VL: 3.510e-03	LR:0.0005
Epoch: 317	TL: 2.464e-03	VL: 3.165e-03	LR:0.0005
Epoch: 318	TL: 2.508e-03	VL: 2.509e-03	LR:0.0005
Epoch: 319	TL: 2.465e-03	VL: 2.540e-03	LR:0.0005
Epoch: 320	TL: 2.403e-03	VL: 2.716e-03	LR:0.0005
Epoch: 321	TL: 2.475e-03	VL: 2.558e-03	LR:0.0005
Epoch: 322	TL: 2.425e-03	VL: 2.577e-03	LR:0.0005
Epoch: 323	TL: 2.520e-03	VL: 3.082e-03	LR:0.0005
Epoch: 324	TL: 2.427e-03	VL: 2.757e-03	LR:0.0005
Epoch: 325	TL: 2.411e-03	VL: 2.666e-03	LR:0.0005
Epoch: 326	TL: 2.478e-03	VL: 2.752e-03	LR:0.0005
Epoch: 327	TL: 2.399e-03	VL: 3.047e-03	LR:0.0005
Epoch: 328	TL: 2.403e-03	VL: 2.566e-03	LR:0.0005
Epoch: 329	TL: 2.422e-03	VL: 3.215e-03	LR:0.0005
Epoch: 330	TL: 2.426e-03	VL: 2.410e-03	LR:0.0005
Epoch: 331	TL: 2.400e-03	VL: 3.438e-03	LR:0.0005
Epoch: 332	TL: 2.478e-03	VL: 2.623e-03	LR:0.0005
Epoch: 333	TL: 2.403e-03	VL: 3.307e-03	LR:0.0005
Epoch: 334	TL: 2.395e-03	VL: 2.833e-03	LR:0.0005
Epoch: 335	TL: 2.444e-03	VL: 2.528e-03	LR:0.0005
Epoch: 336	TL: 2.394e-03	VL: 2.437e-03	LR:0.0005
Epoch: 337	TL: 2.383e-03	VL: 3.080e-03	LR:0.0005
Epoch: 338	TL: 2.393e-03	VL: 2.527e-03	LR:0.0005
Epoch: 339	TL: 2.398e-03	VL: 2.644e-03	LR:0.0005
Epoch: 340	TL: 2.381e-03	VL: 3.081e-03	LR:0.0005
Epoch: 341	TL: 2.355e-03	VL: 2.431e-03	LR:0.0005
Epoch: 342	TL: 2.340e-03	VL: 2.872e-03	LR:0.0005
Epoch: 343	TL: 2.303e-03	VL: 2.563e-03	LR:0.0005
Epoch: 344	TL: 2.379e-03	VL: 2.723e-03	LR:0.0005
Epoch: 345	TL: 2.344e-03	VL: 2.810e-03	LR:0.0005
Epoch: 346	TL: 2.306e-03	VL: 2.796e-03	LR:0.0005
Epoch: 347	TL: 2.375e-03	VL: 2.409e-03	LR:0.0005
Epoch: 348	TL: 2.326e-03	VL: 2.437e-03	LR:0.0005
Epoch: 349	TL: 2.346e-03	VL: 2.937e-03	LR:0.0005
Epoch: 350	TL: 2.311e-03	VL: 2.382e-03	LR:0.0005
Epoch: 351	TL: 2.255e-03	VL: 2.626e-03	LR:0.0005
Epoch: 352	TL: 2.285e-03	VL: 2.887e-03	LR:0.0005
Epoch: 353	TL: 2.291e-03	VL: 2.543e-03	LR:0.0005
Epoch: 354	TL: 2.303e-03	VL: 2.411e-03	LR:0.0005
Epoch: 355	TL: 2.266e-03	VL: 2.452e-03	LR:0.0005
Epoch: 356	TL: 2.289e-03	VL: 2.542e-03	LR:0.0005
Epoch: 357	TL: 2.227e-03	VL: 2.328e-03	LR:0.0005
Epoch: 358	TL: 2.280e-03	VL: 2.430e-03	LR:0.0005
Epoch: 359	TL: 2.308e-03	VL: 2.505e-03	LR:0.0005
Epoch: 360	TL: 2.259e-03	VL: 2.479e-03	LR:0.0005
Epoch: 361	TL: 2.280e-03	VL: 2.737e-03	LR:0.0005
Epoch: 362	TL: 2.268e-03	VL: 2.331e-03	LR:0.0005
Epoch: 363	TL: 2.255e-03	VL: 2.735e-03	LR:0.0005
Epoch: 364	TL: 2.270e-03	VL: 2.437e-03	LR:0.0005
Epoch: 365	TL: 2.265e-03	VL: 2.387e-03	LR:0.0005
Epoch: 366	TL: 2.253e-03	VL: 2.355e-03	LR:0.0005
Epoch: 367	TL: 2.265e-03	VL: 2.948e-03	LR:0.0005
Epoch: 368	TL: 2.217e-03	VL: 2.302e-03	LR:0.0005
Epoch: 369	TL: 2.266e-03	VL: 2.573e-03	LR:0.0005
Epoch: 370	TL: 2.256e-03	VL: 2.295e-03	LR:0.0005
Epoch: 371	TL: 2.243e-03	VL: 2.535e-03	LR:0.0005
Epoch: 372	TL: 2.220e-03	VL: 2.312e-03	LR:0.0005
Epoch: 373	TL: 2.243e-03	VL: 2.465e-03	LR:0.0005
Epoch: 374	TL: 2.196e-03	VL: 2.549e-03	LR:0.0005
Epoch: 375	TL: 2.231e-03	VL: 2.455e-03	LR:0.0005
Epoch: 376	TL: 2.202e-03	VL: 2.282e-03	LR:0.0005
Epoch: 377	TL: 2.185e-03	VL: 2.834e-03	LR:0.0005
Epoch: 378	TL: 2.216e-03	VL: 2.276e-03	LR:0.0005
Epoch: 379	TL: 2.210e-03	VL: 3.781e-03	LR:0.0005
Epoch: 380	TL: 2.157e-03	VL: 2.316e-03	LR:0.0005
Epoch: 381	TL: 2.184e-03	VL: 2.423e-03	LR:0.0005
Epoch: 382	TL: 2.196e-03	VL: 2.379e-03	LR:0.0005
Epoch: 383	TL: 2.151e-03	VL: 2.715e-03	LR:0.0005
Epoch: 384	TL: 2.259e-03	VL: 2.617e-03	LR:0.0005
Epoch: 385	TL: 2.164e-03	VL: 2.337e-03	LR:0.0005
Epoch: 386	TL: 2.160e-03	VL: 2.336e-03	LR:0.0005
Epoch: 387	TL: 2.187e-03	VL: 2.283e-03	LR:0.0005
Epoch: 388	TL: 2.211e-03	VL: 2.459e-03	LR:0.0005
Epoch: 389	TL: 2.197e-03	VL: 2.601e-03	LR:0.0005
Epoch: 390	TL: 2.157e-03	VL: 2.591e-03	LR:0.0005
Epoch: 391	TL: 2.187e-03	VL: 2.209e-03	LR:0.0005
Epoch: 392	TL: 2.139e-03	VL: 2.310e-03	LR:0.0005
Epoch: 393	TL: 2.137e-03	VL: 2.634e-03	LR:0.0005
Epoch: 394	TL: 2.140e-03	VL: 2.247e-03	LR:0.0005
Epoch: 395	TL: 2.133e-03	VL: 2.505e-03	LR:0.0005
Epoch: 396	TL: 2.130e-03	VL: 2.965e-03	LR:0.0005
Epoch: 397	TL: 2.172e-03	VL: 2.333e-03	LR:0.0005
Epoch: 398	TL: 2.144e-03	VL: 3.361e-03	LR:0.0005
Epoch: 399	TL: 2.120e-03	VL: 2.274e-03	LR:0.0005
Epoch: 400	TL: 2.100e-03	VL: 2.517e-03	LR:0.0005
Epoch: 401	TL: 2.089e-03	VL: 2.836e-03	LR:0.0005
Epoch: 402	TL: 2.102e-03	VL: 2.618e-03	LR:0.0005
Epoch: 403	TL: 2.132e-03	VL: 3.293e-03	LR:0.0005
Epoch: 404	TL: 2.099e-03	VL: 2.533e-03	LR:0.0005
Epoch: 405	TL: 2.103e-03	VL: 2.412e-03	LR:0.0005
Epoch: 406	TL: 2.055e-03	VL: 2.344e-03	LR:0.0005
Epoch: 407	TL: 2.092e-03	VL: 2.486e-03	LR:0.0005
Epoch: 408	TL: 2.070e-03	VL: 3.417e-03	LR:0.0005
Epoch: 409	TL: 2.114e-03	VL: 2.427e-03	LR:0.0005
Epoch: 410	TL: 2.118e-03	VL: 2.283e-03	LR:0.0005
Epoch: 411	TL: 2.087e-03	VL: 2.728e-03	LR:0.0005
Epoch: 412	TL: 2.119e-03	VL: 2.298e-03	LR:0.0005
Epoch: 413	TL: 2.052e-03	VL: 2.218e-03	LR:0.0005
Epoch: 414	TL: 2.033e-03	VL: 2.235e-03	LR:0.0005
Epoch: 415	TL: 2.047e-03	VL: 2.217e-03	LR:0.0005
Epoch: 416	TL: 2.072e-03	VL: 2.390e-03	LR:0.0005
Epoch: 417	TL: 2.050e-03	VL: 2.143e-03	LR:0.0005
Epoch: 418	TL: 2.047e-03	VL: 2.295e-03	LR:0.0005
Epoch: 419	TL: 2.068e-03	VL: 2.183e-03	LR:0.0005
Epoch: 420	TL: 2.022e-03	VL: 2.313e-03	LR:0.0005
Epoch: 421	TL: 2.040e-03	VL: 2.377e-03	LR:0.0005
Epoch: 422	TL: 2.021e-03	VL: 3.077e-03	LR:0.0005
Epoch: 423	TL: 2.020e-03	VL: 2.280e-03	LR:0.0005
Epoch: 424	TL: 2.019e-03	VL: 2.512e-03	LR:0.0005
Epoch: 425	TL: 2.025e-03	VL: 3.330e-03	LR:0.0005
Epoch: 426	TL: 2.043e-03	VL: 2.410e-03	LR:0.0005
Epoch: 427	TL: 2.030e-03	VL: 2.187e-03	LR:0.0005
Epoch: 428	TL: 1.995e-03	VL: 2.110e-03	LR:0.0005
Epoch: 429	TL: 1.939e-03	VL: 2.155e-03	LR:0.0005
Epoch: 430	TL: 1.956e-03	VL: 2.173e-03	LR:0.0005
Epoch: 431	TL: 1.974e-03	VL: 2.397e-03	LR:0.0005
Epoch: 432	TL: 1.962e-03	VL: 2.157e-03	LR:0.0005
Epoch: 433	TL: 1.996e-03	VL: 2.172e-03	LR:0.0005
Epoch: 434	TL: 1.986e-03	VL: 2.207e-03	LR:0.0005
Epoch: 435	TL: 1.964e-03	VL: 2.089e-03	LR:0.0005
Epoch: 436	TL: 1.953e-03	VL: 2.152e-03	LR:0.0005
Epoch: 437	TL: 1.959e-03	VL: 2.520e-03	LR:0.0005
Epoch: 438	TL: 2.000e-03	VL: 2.111e-03	LR:0.0005
Epoch: 439	TL: 2.016e-03	VL: 2.134e-03	LR:0.0005
Epoch: 440	TL: 2.005e-03	VL: 2.490e-03	LR:0.0005
Epoch: 441	TL: 1.989e-03	VL: 2.236e-03	LR:0.0005
Epoch: 442	TL: 1.986e-03	VL: 2.457e-03	LR:0.0005
Epoch: 443	TL: 2.014e-03	VL: 2.121e-03	LR:0.0005
Epoch: 444	TL: 1.970e-03	VL: 2.081e-03	LR:0.0005
Epoch: 445	TL: 1.941e-03	VL: 2.116e-03	LR:0.0005
Epoch: 446	TL: 1.915e-03	VL: 2.372e-03	LR:0.0005
Epoch: 447	TL: 2.001e-03	VL: 2.142e-03	LR:0.0005
Epoch: 448	TL: 1.952e-03	VL: 2.098e-03	LR:0.0005
Epoch: 449	TL: 1.916e-03	VL: 2.187e-03	LR:0.0005
Epoch: 450	TL: 1.926e-03	VL: 2.212e-03	LR:0.0005
Epoch: 451	TL: 1.952e-03	VL: 2.486e-03	LR:0.0005
Epoch: 452	TL: 1.957e-03	VL: 2.110e-03	LR:0.0005
Epoch: 453	TL: 1.923e-03	VL: 2.149e-03	LR:0.0005
Epoch: 454	TL: 1.907e-03	VL: 2.208e-03	LR:0.0005
Epoch: 455	TL: 1.906e-03	VL: 2.637e-03	LR:0.0005
Epoch: 456	TL: 1.946e-03	VL: 3.021e-03	LR:0.0005
Epoch: 457	TL: 1.947e-03	VL: 2.248e-03	LR:0.0005
Epoch: 458	TL: 1.919e-03	VL: 2.474e-03	LR:0.0005
Epoch: 459	TL: 1.924e-03	VL: 2.118e-03	LR:0.0005
Epoch: 460	TL: 1.919e-03	VL: 2.144e-03	LR:0.0005
Epoch: 461	TL: 1.907e-03	VL: 2.092e-03	LR:0.0005
Epoch: 462	TL: 1.855e-03	VL: 2.611e-03	LR:0.0005
Epoch: 463	TL: 1.893e-03	VL: 2.146e-03	LR:0.0005
Epoch: 464	TL: 1.901e-03	VL: 2.186e-03	LR:0.0005
Epoch: 465	TL: 1.856e-03	VL: 2.101e-03	LR:0.0005
Epoch: 466	TL: 1.924e-03	VL: 2.846e-03	LR:0.0005
Epoch: 467	TL: 1.884e-03	VL: 2.008e-03	LR:0.0005
Epoch: 468	TL: 1.893e-03	VL: 1.996e-03	LR:0.0005
Epoch: 469	TL: 1.894e-03	VL: 2.049e-03	LR:0.0005
Epoch: 470	TL: 1.892e-03	VL: 2.026e-03	LR:0.0005
Epoch: 471	TL: 1.886e-03	VL: 2.151e-03	LR:0.0005
Epoch: 472	TL: 1.850e-03	VL: 1.970e-03	LR:0.0005
Epoch: 473	TL: 1.867e-03	VL: 2.667e-03	LR:0.0005
Epoch: 474	TL: 1.867e-03	VL: 2.194e-03	LR:0.0005
Epoch: 475	TL: 1.872e-03	VL: 2.032e-03	LR:0.0005
Epoch: 476	TL: 1.822e-03	VL: 2.571e-03	LR:0.0005
Epoch: 477	TL: 1.850e-03	VL: 2.008e-03	LR:0.0005
Epoch: 478	TL: 1.889e-03	VL: 2.069e-03	LR:0.0005
Epoch: 479	TL: 1.854e-03	VL: 2.489e-03	LR:0.0005
Epoch: 480	TL: 1.844e-03	VL: 2.022e-03	LR:0.0005
Epoch: 481	TL: 1.856e-03	VL: 2.146e-03	LR:0.0005
Epoch: 482	TL: 1.880e-03	VL: 2.044e-03	LR:0.0005
Epoch: 483	TL: 1.880e-03	VL: 2.649e-03	LR:0.0005
Epoch: 484	TL: 1.889e-03	VL: 2.122e-03	LR:0.0005
Epoch: 485	TL: 1.853e-03	VL: 1.997e-03	LR:0.0005
Epoch: 486	TL: 1.844e-03	VL: 2.024e-03	LR:0.0005
Epoch: 487	TL: 1.857e-03	VL: 2.267e-03	LR:0.0005
Epoch: 488	TL: 1.781e-03	VL: 1.982e-03	LR:0.0005
Epoch: 489	TL: 1.939e-03	VL: 2.020e-03	LR:0.0005
Epoch: 490	TL: 1.767e-03	VL: 2.272e-03	LR:0.0005
Epoch: 491	TL: 1.837e-03	VL: 1.969e-03	LR:0.0005
Epoch: 492	TL: 1.832e-03	VL: 1.971e-03	LR:0.0005
Epoch: 493	TL: 1.817e-03	VL: 2.028e-03	LR:0.0005
Epoch: 494	TL: 1.822e-03	VL: 2.041e-03	LR:0.0005
Epoch: 495	TL: 1.842e-03	VL: 2.021e-03	LR:0.0005
Epoch: 496	TL: 1.773e-03	VL: 2.070e-03	LR:0.0005
Epoch: 497	TL: 1.759e-03	VL: 2.186e-03	LR:0.0005
Epoch: 498	TL: 1.811e-03	VL: 2.027e-03	LR:0.0005
Epoch: 499	TL: 1.774e-03	VL: 2.211e-03	LR:0.0005
Epoch: 500	TL: 1.781e-03	VL: 2.304e-03	LR:0.0005
Epoch: 501	TL: 1.784e-03	VL: 2.472e-03	LR:0.0005
Epoch: 502	TL: 1.822e-03	VL: 2.400e-03	LR:0.0005
Epoch: 503	TL: 1.792e-03	VL: 2.386e-03	LR:0.0005
Epoch: 504	TL: 1.762e-03	VL: 2.266e-03	LR:0.0005
Epoch: 505	TL: 1.787e-03	VL: 2.106e-03	LR:0.0005
Epoch: 506	TL: 1.771e-03	VL: 3.245e-03	LR:0.0005
Epoch: 507	TL: 1.782e-03	VL: 2.067e-03	LR:0.0005
Epoch: 508	TL: 1.746e-03	VL: 2.274e-03	LR:0.0005
Epoch: 509	TL: 1.761e-03	VL: 1.954e-03	LR:0.0005
Epoch: 510	TL: 1.796e-03	VL: 1.992e-03	LR:0.0005
Epoch: 511	TL: 1.803e-03	VL: 2.165e-03	LR:0.0005
Epoch: 512	TL: 1.748e-03	VL: 1.972e-03	LR:0.0005
Epoch: 513	TL: 1.781e-03	VL: 2.027e-03	LR:0.0005
Epoch: 514	TL: 1.759e-03	VL: 2.126e-03	LR:0.0005
Epoch: 515	TL: 1.796e-03	VL: 2.615e-03	LR:0.0005
Epoch: 516	TL: 1.784e-03	VL: 2.799e-03	LR:0.0005
Epoch: 517	TL: 1.800e-03	VL: 2.006e-03	LR:0.0005
Epoch: 518	TL: 1.707e-03	VL: 1.953e-03	LR:0.0005
Epoch: 519	TL: 1.747e-03	VL: 1.999e-03	LR:0.0005
Epoch: 520	TL: 1.741e-03	VL: 2.048e-03	LR:0.0005
Epoch: 521	TL: 1.711e-03	VL: 2.105e-03	LR:0.0005
Epoch: 522	TL: 1.722e-03	VL: 2.602e-03	LR:0.0005
Epoch: 523	TL: 1.747e-03	VL: 1.896e-03	LR:0.0005
Epoch: 524	TL: 1.819e-03	VL: 2.202e-03	LR:0.0005
Epoch: 525	TL: 1.794e-03	VL: 2.009e-03	LR:0.0005
Epoch: 526	TL: 1.713e-03	VL: 2.007e-03	LR:0.0005
Epoch: 527	TL: 1.729e-03	VL: 2.728e-03	LR:0.0005
Epoch: 528	TL: 1.721e-03	VL: 3.376e-03	LR:0.0005
Epoch: 529	TL: 1.729e-03	VL: 2.098e-03	LR:0.0005
Epoch: 530	TL: 1.705e-03	VL: 1.904e-03	LR:0.0005
Epoch: 531	TL: 1.739e-03	VL: 1.947e-03	LR:0.0005
Epoch: 532	TL: 1.732e-03	VL: 2.073e-03	LR:0.0005
Epoch: 533	TL: 1.691e-03	VL: 2.010e-03	LR:0.0005
Epoch: 534	TL: 1.708e-03	VL: 2.044e-03	LR:0.0005
Epoch: 535	TL: 1.696e-03	VL: 2.529e-03	LR:0.0005
Epoch: 536	TL: 1.689e-03	VL: 1.983e-03	LR:0.0005
Epoch: 537	TL: 1.703e-03	VL: 1.997e-03	LR:0.0005
Epoch: 538	TL: 1.746e-03	VL: 2.122e-03	LR:0.0005
Epoch: 539	TL: 1.743e-03	VL: 2.036e-03	LR:0.0005
Epoch: 540	TL: 1.669e-03	VL: 1.963e-03	LR:0.0005
Epoch: 541	TL: 1.677e-03	VL: 2.204e-03	LR:0.0005
Epoch: 542	TL: 1.692e-03	VL: 1.949e-03	LR:0.0005
Epoch: 543	TL: 1.655e-03	VL: 2.004e-03	LR:0.0005
Epoch: 544	TL: 1.696e-03	VL: 1.877e-03	LR:0.0005
Epoch: 545	TL: 1.692e-03	VL: 2.051e-03	LR:0.0005
Epoch: 546	TL: 1.702e-03	VL: 1.868e-03	LR:0.0005
Epoch: 547	TL: 1.688e-03	VL: 2.357e-03	LR:0.0005
Epoch: 548	TL: 1.672e-03	VL: 1.985e-03	LR:0.0005
Epoch: 549	TL: 1.675e-03	VL: 2.176e-03	LR:0.0005
Epoch: 550	TL: 1.646e-03	VL: 1.834e-03	LR:0.0005
Epoch: 551	TL: 1.664e-03	VL: 1.970e-03	LR:0.0005
Epoch: 552	TL: 1.655e-03	VL: 1.916e-03	LR:0.0005
Epoch: 553	TL: 1.673e-03	VL: 1.825e-03	LR:0.0005
Epoch: 554	TL: 1.698e-03	VL: 2.051e-03	LR:0.0005
Epoch: 555	TL: 1.711e-03	VL: 2.518e-03	LR:0.0005
Epoch: 556	TL: 1.676e-03	VL: 1.864e-03	LR:0.0005
Epoch: 557	TL: 1.687e-03	VL: 2.033e-03	LR:0.0005
Epoch: 558	TL: 1.632e-03	VL: 2.013e-03	LR:0.0005
Epoch: 559	TL: 1.665e-03	VL: 2.127e-03	LR:0.0005
Epoch: 560	TL: 1.645e-03	VL: 1.947e-03	LR:0.0005
Epoch: 561	TL: 1.709e-03	VL: 1.980e-03	LR:0.0005
Epoch: 562	TL: 1.680e-03	VL: 1.876e-03	LR:0.0005
Epoch: 563	TL: 1.665e-03	VL: 2.003e-03	LR:0.0005
Epoch: 564	TL: 1.681e-03	VL: 1.845e-03	LR:0.0005
Epoch: 565	TL: 1.640e-03	VL: 2.125e-03	LR:0.0005
Epoch: 566	TL: 1.628e-03	VL: 1.827e-03	LR:0.0005
Epoch: 567	TL: 1.645e-03	VL: 1.961e-03	LR:0.0005
Epoch: 568	TL: 1.639e-03	VL: 2.543e-03	LR:0.0005
Epoch: 569	TL: 1.623e-03	VL: 1.787e-03	LR:0.0005
Epoch: 570	TL: 1.625e-03	VL: 2.463e-03	LR:0.0005
Epoch: 571	TL: 1.689e-03	VL: 2.858e-03	LR:0.0005
Epoch: 572	TL: 1.618e-03	VL: 1.820e-03	LR:0.0005
Epoch: 573	TL: 1.618e-03	VL: 1.984e-03	LR:0.0005
Epoch: 574	TL: 1.638e-03	VL: 2.396e-03	LR:0.0005
Epoch: 575	TL: 1.654e-03	VL: 1.955e-03	LR:0.0005
Epoch: 576	TL: 1.665e-03	VL: 1.808e-03	LR:0.0005
Epoch: 577	TL: 1.636e-03	VL: 1.935e-03	LR:0.0005
Epoch: 578	TL: 1.600e-03	VL: 1.901e-03	LR:0.0005
Epoch: 579	TL: 1.609e-03	VL: 2.086e-03	LR:0.0005
Epoch: 580	TL: 1.621e-03	VL: 1.843e-03	LR:0.0005
Epoch: 581	TL: 1.585e-03	VL: 1.809e-03	LR:0.0005
Epoch: 582	TL: 1.611e-03	VL: 2.042e-03	LR:0.0005
Epoch: 583	TL: 1.622e-03	VL: 1.872e-03	LR:0.0005
Epoch: 584	TL: 1.636e-03	VL: 2.017e-03	LR:0.0005
Epoch: 585	TL: 1.621e-03	VL: 1.791e-03	LR:0.0005
Epoch: 586	TL: 1.603e-03	VL: 1.920e-03	LR:0.0005
Epoch: 587	TL: 1.577e-03	VL: 1.845e-03	LR:0.0005
Epoch: 588	TL: 1.565e-03	VL: 1.856e-03	LR:0.0005
Epoch: 589	TL: 1.627e-03	VL: 2.227e-03	LR:0.0005
Epoch: 590	TL: 1.568e-03	VL: 1.909e-03	LR:0.0005
Epoch: 591	TL: 1.609e-03	VL: 1.847e-03	LR:0.0005
Epoch: 592	TL: 1.575e-03	VL: 1.740e-03	LR:0.0005
Epoch: 593	TL: 1.577e-03	VL: 1.875e-03	LR:0.0005
Epoch: 594	TL: 1.622e-03	VL: 1.979e-03	LR:0.0005
Epoch: 595	TL: 1.624e-03	VL: 1.769e-03	LR:0.0005
Epoch: 596	TL: 1.609e-03	VL: 1.838e-03	LR:0.0005
Epoch: 597	TL: 1.580e-03	VL: 1.751e-03	LR:0.0005
Epoch: 598	TL: 1.541e-03	VL: 2.008e-03	LR:0.0005
Epoch: 599	TL: 1.548e-03	VL: 1.823e-03	LR:0.0005
Epoch: 600	TL: 1.566e-03	VL: 1.777e-03	LR:0.0005
Epoch: 601	TL: 1.549e-03	VL: 1.793e-03	LR:0.0005
Epoch: 602	TL: 1.584e-03	VL: 1.844e-03	LR:0.0005
Epoch: 603	TL: 1.547e-03	VL: 1.749e-03	LR:0.0005
Epoch: 604	TL: 1.553e-03	VL: 1.950e-03	LR:0.0005
Epoch: 605	TL: 1.549e-03	VL: 2.616e-03	LR:0.0005
Epoch: 606	TL: 1.531e-03	VL: 1.919e-03	LR:0.0005
Epoch: 607	TL: 1.532e-03	VL: 1.987e-03	LR:0.0005
Epoch: 608	TL: 1.562e-03	VL: 1.903e-03	LR:0.0005
Epoch: 609	TL: 1.581e-03	VL: 1.992e-03	LR:0.0005
Epoch: 610	TL: 1.604e-03	VL: 1.843e-03	LR:0.0005
Epoch: 611	TL: 1.582e-03	VL: 1.852e-03	LR:0.0005
Epoch: 612	TL: 1.556e-03	VL: 1.954e-03	LR:0.0005
Epoch: 613	TL: 1.559e-03	VL: 1.851e-03	LR:0.0005
Epoch: 614	TL: 1.598e-03	VL: 1.753e-03	LR:0.0005
Epoch: 615	TL: 1.566e-03	VL: 1.858e-03	LR:0.0005
Epoch: 616	TL: 1.512e-03	VL: 1.720e-03	LR:0.0005
Epoch: 617	TL: 1.523e-03	VL: 1.889e-03	LR:0.0005
Epoch: 618	TL: 1.524e-03	VL: 1.786e-03	LR:0.0005
Epoch: 619	TL: 1.521e-03	VL: 1.746e-03	LR:0.0005
Epoch: 620	TL: 1.571e-03	VL: 2.249e-03	LR:0.0005
Epoch: 621	TL: 1.551e-03	VL: 1.876e-03	LR:0.0005
Epoch: 622	TL: 1.509e-03	VL: 1.819e-03	LR:0.0005
Epoch: 623	TL: 1.551e-03	VL: 1.704e-03	LR:0.0005
Epoch: 624	TL: 1.523e-03	VL: 1.919e-03	LR:0.0005
Epoch: 625	TL: 1.551e-03	VL: 1.801e-03	LR:0.0005
Epoch: 626	TL: 1.496e-03	VL: 1.853e-03	LR:0.0005
Epoch: 627	TL: 1.502e-03	VL: 1.919e-03	LR:0.0005
Epoch: 628	TL: 1.511e-03	VL: 1.935e-03	LR:0.0005
Epoch: 629	TL: 1.532e-03	VL: 1.827e-03	LR:0.0005
Epoch: 630	TL: 1.508e-03	VL: 1.745e-03	LR:0.0005
Epoch: 631	TL: 1.535e-03	VL: 1.959e-03	LR:0.0005
Epoch: 632	TL: 1.525e-03	VL: 1.821e-03	LR:0.0005
Epoch: 633	TL: 1.532e-03	VL: 2.029e-03	LR:0.0005
Epoch: 634	TL: 1.480e-03	VL: 2.321e-03	LR:0.0005
Epoch: 635	TL: 1.537e-03	VL: 2.057e-03	LR:0.0005
Epoch: 636	TL: 1.492e-03	VL: 1.824e-03	LR:0.0005
Epoch: 637	TL: 1.499e-03	VL: 2.176e-03	LR:0.0005
Epoch: 638	TL: 1.488e-03	VL: 2.184e-03	LR:0.0005
Epoch: 639	TL: 1.500e-03	VL: 1.772e-03	LR:0.0005
Epoch: 640	TL: 1.495e-03	VL: 1.834e-03	LR:0.0005
Epoch: 641	TL: 1.476e-03	VL: 1.962e-03	LR:0.0005
Epoch: 642	TL: 1.544e-03	VL: 1.794e-03	LR:0.0005
Epoch: 643	TL: 1.482e-03	VL: 1.716e-03	LR:0.0005
Epoch: 644	TL: 1.498e-03	VL: 1.762e-03	LR:0.0005
Epoch: 645	TL: 1.489e-03	VL: 1.690e-03	LR:0.0005
Epoch: 646	TL: 1.484e-03	VL: 1.980e-03	LR:0.0005
Epoch: 647	TL: 1.464e-03	VL: 1.687e-03	LR:0.0005
Epoch: 648	TL: 1.489e-03	VL: 1.773e-03	LR:0.0005
Epoch: 649	TL: 1.470e-03	VL: 1.760e-03	LR:0.0005
Epoch: 650	TL: 1.460e-03	VL: 2.211e-03	LR:0.0005
Epoch: 651	TL: 1.491e-03	VL: 1.955e-03	LR:0.0005
Epoch: 652	TL: 1.501e-03	VL: 2.076e-03	LR:0.0005
Epoch: 653	TL: 1.500e-03	VL: 1.819e-03	LR:0.0005
Epoch: 654	TL: 1.458e-03	VL: 1.720e-03	LR:0.0005
Epoch: 655	TL: 1.502e-03	VL: 1.632e-03	LR:0.0005
Epoch: 656	TL: 1.457e-03	VL: 1.770e-03	LR:0.0005
Epoch: 657	TL: 1.434e-03	VL: 1.691e-03	LR:0.0005
Epoch: 658	TL: 1.458e-03	VL: 1.644e-03	LR:0.0005
Epoch: 659	TL: 1.479e-03	VL: 2.180e-03	LR:0.0005
Epoch: 660	TL: 1.451e-03	VL: 1.841e-03	LR:0.0005
Epoch: 661	TL: 1.462e-03	VL: 1.765e-03	LR:0.0005
Epoch: 662	TL: 1.440e-03	VL: 1.766e-03	LR:0.0005
Epoch: 663	TL: 1.506e-03	VL: 2.017e-03	LR:0.0005
Epoch: 664	TL: 1.439e-03	VL: 1.886e-03	LR:0.0005
Epoch: 665	TL: 1.446e-03	VL: 1.662e-03	LR:0.0005
Epoch: 666	TL: 1.468e-03	VL: 1.928e-03	LR:0.0005
Epoch: 667	TL: 1.455e-03	VL: 1.612e-03	LR:0.0005
Epoch: 668	TL: 1.413e-03	VL: 1.662e-03	LR:0.0005
Epoch: 669	TL: 1.440e-03	VL: 1.732e-03	LR:0.0005
Epoch: 670	TL: 1.452e-03	VL: 1.771e-03	LR:0.0005
Epoch: 671	TL: 1.463e-03	VL: 1.813e-03	LR:0.0005
Epoch: 672	TL: 1.438e-03	VL: 1.932e-03	LR:0.0005
Epoch: 673	TL: 1.456e-03	VL: 1.633e-03	LR:0.0005
Epoch: 674	TL: 1.420e-03	VL: 1.609e-03	LR:0.0005
Epoch: 675	TL: 1.442e-03	VL: 1.803e-03	LR:0.0005
Epoch: 676	TL: 1.457e-03	VL: 1.932e-03	LR:0.0005
Epoch: 677	TL: 1.438e-03	VL: 1.753e-03	LR:0.0005
Epoch: 678	TL: 1.431e-03	VL: 1.757e-03	LR:0.0005
Epoch: 679	TL: 1.431e-03	VL: 1.702e-03	LR:0.0005
Epoch: 680	TL: 1.434e-03	VL: 1.755e-03	LR:0.0005
Epoch: 681	TL: 1.415e-03	VL: 1.623e-03	LR:0.0005
Epoch: 682	TL: 1.396e-03	VL: 2.094e-03	LR:0.0005
Epoch: 683	TL: 1.413e-03	VL: 1.606e-03	LR:0.0005
Epoch: 684	TL: 1.418e-03	VL: 1.641e-03	LR:0.0005
Epoch: 685	TL: 1.403e-03	VL: 1.915e-03	LR:0.0005
Epoch: 686	TL: 1.419e-03	VL: 1.693e-03	LR:0.0005
Epoch: 687	TL: 1.410e-03	VL: 1.773e-03	LR:0.0005
Epoch: 688	TL: 1.386e-03	VL: 1.691e-03	LR:0.0005
Epoch: 689	TL: 1.443e-03	VL: 1.626e-03	LR:0.0005
Epoch: 690	TL: 1.411e-03	VL: 1.620e-03	LR:0.0005
Epoch: 691	TL: 1.391e-03	VL: 1.605e-03	LR:0.0005
Epoch: 692	TL: 1.429e-03	VL: 1.946e-03	LR:0.0005
Epoch: 693	TL: 1.379e-03	VL: 1.603e-03	LR:0.0005
Epoch: 694	TL: 1.429e-03	VL: 1.673e-03	LR:0.0005
Epoch: 695	TL: 1.428e-03	VL: 1.756e-03	LR:0.0005
Epoch: 696	TL: 1.390e-03	VL: 1.649e-03	LR:0.0005
Epoch: 697	TL: 1.403e-03	VL: 1.576e-03	LR:0.0005
Epoch: 698	TL: 1.434e-03	VL: 1.664e-03	LR:0.0005
Epoch: 699	TL: 1.396e-03	VL: 1.637e-03	LR:0.0005
Epoch: 700	TL: 1.434e-03	VL: 2.083e-03	LR:0.0005
Epoch: 701	TL: 1.393e-03	VL: 1.867e-03	LR:0.0005
Epoch: 702	TL: 1.377e-03	VL: 1.599e-03	LR:0.0005
Epoch: 703	TL: 1.399e-03	VL: 1.736e-03	LR:0.0005
Epoch: 704	TL: 1.392e-03	VL: 1.722e-03	LR:0.0005
Epoch: 705	TL: 1.371e-03	VL: 2.095e-03	LR:0.0005
Epoch: 706	TL: 1.392e-03	VL: 1.639e-03	LR:0.0005
Epoch: 707	TL: 1.386e-03	VL: 2.041e-03	LR:0.0005
Epoch: 708	TL: 1.390e-03	VL: 1.667e-03	LR:0.0005
Epoch: 709	TL: 1.419e-03	VL: 1.605e-03	LR:0.0005
Epoch: 710	TL: 1.373e-03	VL: 1.683e-03	LR:0.0005
Epoch: 711	TL: 1.376e-03	VL: 1.959e-03	LR:0.0005
Epoch: 712	TL: 1.377e-03	VL: 1.703e-03	LR:0.0005
Epoch: 713	TL: 1.397e-03	VL: 1.586e-03	LR:0.0005
Epoch: 714	TL: 1.441e-03	VL: 1.639e-03	LR:0.0005
Epoch: 715	TL: 1.379e-03	VL: 1.734e-03	LR:0.0005
Epoch: 716	TL: 1.392e-03	VL: 1.666e-03	LR:0.0005
Epoch: 717	TL: 1.355e-03	VL: 2.317e-03	LR:0.0005
Epoch: 718	TL: 1.367e-03	VL: 1.728e-03	LR:0.0005
Epoch: 719	TL: 1.349e-03	VL: 1.627e-03	LR:0.0005
Epoch: 720	TL: 1.375e-03	VL: 1.570e-03	LR:0.0005
Epoch: 721	TL: 1.358e-03	VL: 1.626e-03	LR:0.0005
Epoch: 722	TL: 1.324e-03	VL: 1.601e-03	LR:0.0005
Epoch: 723	TL: 1.353e-03	VL: 1.627e-03	LR:0.0005
Epoch: 724	TL: 1.341e-03	VL: 1.724e-03	LR:0.0005
Epoch: 725	TL: 1.338e-03	VL: 1.648e-03	LR:0.0005
Epoch: 726	TL: 1.352e-03	VL: 1.821e-03	LR:0.0005
Epoch: 727	TL: 1.351e-03	VL: 1.598e-03	LR:0.0005
Epoch: 728	TL: 1.359e-03	VL: 1.651e-03	LR:0.0005
Epoch: 729	TL: 1.347e-03	VL: 1.669e-03	LR:0.0005
Epoch: 730	TL: 1.336e-03	VL: 1.591e-03	LR:0.0005
Epoch: 731	TL: 1.357e-03	VL: 2.060e-03	LR:0.0005
Epoch: 732	TL: 1.358e-03	VL: 1.585e-03	LR:0.0005
Epoch: 733	TL: 1.334e-03	VL: 1.562e-03	LR:0.0005
Epoch: 734	TL: 1.370e-03	VL: 2.508e-03	LR:0.0005
Epoch: 735	TL: 1.339e-03	VL: 1.577e-03	LR:0.0005
Epoch: 736	TL: 1.343e-03	VL: 1.890e-03	LR:0.0005
Epoch: 737	TL: 1.391e-03	VL: 1.586e-03	LR:0.0005
Epoch: 738	TL: 1.318e-03	VL: 1.601e-03	LR:0.0005
Epoch: 739	TL: 1.323e-03	VL: 1.606e-03	LR:0.0005
Epoch: 740	TL: 1.312e-03	VL: 1.648e-03	LR:0.0005
Epoch: 741	TL: 1.335e-03	VL: 1.567e-03	LR:0.0005
Epoch: 742	TL: 1.311e-03	VL: 1.578e-03	LR:0.0005
Epoch: 743	TL: 1.343e-03	VL: 1.712e-03	LR:0.0005
Epoch: 744	TL: 1.362e-03	VL: 1.544e-03	LR:0.0005
Epoch: 745	TL: 1.340e-03	VL: 1.612e-03	LR:0.0005
Epoch: 746	TL: 1.310e-03	VL: 1.553e-03	LR:0.0005
Epoch: 747	TL: 1.331e-03	VL: 1.545e-03	LR:0.0005
Epoch: 748	TL: 1.304e-03	VL: 1.687e-03	LR:0.0005
Epoch: 749	TL: 1.309e-03	VL: 1.894e-03	LR:0.0005
Epoch: 750	TL: 1.336e-03	VL: 1.521e-03	LR:0.0005
Epoch: 751	TL: 1.308e-03	VL: 1.535e-03	LR:0.0005
Epoch: 752	TL: 1.324e-03	VL: 1.622e-03	LR:0.0005
Epoch: 753	TL: 1.325e-03	VL: 1.756e-03	LR:0.0005
Epoch: 754	TL: 1.301e-03	VL: 1.579e-03	LR:0.0005
Epoch: 755	TL: 1.332e-03	VL: 1.676e-03	LR:0.0005
Epoch: 756	TL: 1.346e-03	VL: 1.635e-03	LR:0.0005
Epoch: 757	TL: 1.292e-03	VL: 2.034e-03	LR:0.0005
Epoch: 758	TL: 1.322e-03	VL: 1.881e-03	LR:0.0005
Epoch: 759	TL: 1.293e-03	VL: 1.511e-03	LR:0.0005
Epoch: 760	TL: 1.303e-03	VL: 1.689e-03	LR:0.0005
Epoch: 761	TL: 1.308e-03	VL: 1.569e-03	LR:0.0005
Epoch: 762	TL: 1.333e-03	VL: 1.957e-03	LR:0.0005
Epoch: 763	TL: 1.269e-03	VL: 1.552e-03	LR:0.0005
Epoch: 764	TL: 1.299e-03	VL: 1.580e-03	LR:0.0005
Epoch: 765	TL: 1.283e-03	VL: 1.716e-03	LR:0.0005
Epoch: 766	TL: 1.267e-03	VL: 1.525e-03	LR:0.0005
Epoch: 767	TL: 1.287e-03	VL: 1.577e-03	LR:0.0005
Epoch: 768	TL: 1.283e-03	VL: 1.528e-03	LR:0.0005
Epoch: 769	TL: 1.296e-03	VL: 1.557e-03	LR:0.0005
Epoch: 770	TL: 1.306e-03	VL: 1.596e-03	LR:0.0005
Epoch: 771	TL: 1.298e-03	VL: 1.550e-03	LR:0.0005
Epoch: 772	TL: 1.282e-03	VL: 1.648e-03	LR:0.0005
Epoch: 773	TL: 1.277e-03	VL: 1.486e-03	LR:0.0005
Epoch: 774	TL: 1.330e-03	VL: 1.529e-03	LR:0.0005
Epoch: 775	TL: 1.282e-03	VL: 1.654e-03	LR:0.0005
Epoch: 776	TL: 1.277e-03	VL: 1.506e-03	LR:0.0005
Epoch: 777	TL: 1.296e-03	VL: 1.786e-03	LR:0.0005
Epoch: 778	TL: 1.277e-03	VL: 1.523e-03	LR:0.0005
Epoch: 779	TL: 1.257e-03	VL: 1.839e-03	LR:0.0005
Epoch: 780	TL: 1.315e-03	VL: 2.076e-03	LR:0.0005
Epoch: 781	TL: 1.268e-03	VL: 1.628e-03	LR:0.0005
Epoch: 782	TL: 1.283e-03	VL: 1.489e-03	LR:0.0005
Epoch: 783	TL: 1.272e-03	VL: 1.633e-03	LR:0.0005
Epoch: 784	TL: 1.287e-03	VL: 1.483e-03	LR:0.0005
Epoch: 785	TL: 1.285e-03	VL: 1.611e-03	LR:0.0005
Epoch: 786	TL: 1.268e-03	VL: 1.560e-03	LR:0.0005
Epoch: 787	TL: 1.270e-03	VL: 1.562e-03	LR:0.0005
Epoch: 788	TL: 1.292e-03	VL: 1.568e-03	LR:0.0005
Epoch: 789	TL: 1.261e-03	VL: 1.510e-03	LR:0.0005
Epoch: 790	TL: 1.273e-03	VL: 1.634e-03	LR:0.0005
Epoch: 791	TL: 1.296e-03	VL: 1.716e-03	LR:0.0005
Epoch: 792	TL: 1.252e-03	VL: 1.599e-03	LR:0.0005
Epoch: 793	TL: 1.283e-03	VL: 1.761e-03	LR:0.0005
Epoch: 794	TL: 1.288e-03	VL: 1.523e-03	LR:0.0005
Epoch: 795	TL: 1.247e-03	VL: 1.482e-03	LR:0.0005
Epoch: 796	TL: 1.230e-03	VL: 1.511e-03	LR:0.0005
Epoch: 797	TL: 1.248e-03	VL: 1.460e-03	LR:0.0005
Epoch: 798	TL: 1.266e-03	VL: 1.786e-03	LR:0.0005
Epoch: 799	TL: 1.249e-03	VL: 1.632e-03	LR:0.0005
Epoch: 800	TL: 1.233e-03	VL: 1.487e-03	LR:0.0005
Epoch: 801	TL: 1.261e-03	VL: 1.585e-03	LR:0.0005
Epoch: 802	TL: 1.276e-03	VL: 2.297e-03	LR:0.0005
Epoch: 803	TL: 1.268e-03	VL: 1.533e-03	LR:0.0005
Epoch: 804	TL: 1.269e-03	VL: 1.672e-03	LR:0.0005
Epoch: 805	TL: 1.234e-03	VL: 1.488e-03	LR:0.0005
Epoch: 806	TL: 1.263e-03	VL: 1.514e-03	LR:0.0005
Epoch: 807	TL: 1.246e-03	VL: 1.480e-03	LR:0.0005
Epoch: 808	TL: 1.274e-03	VL: 1.707e-03	LR:0.0005
Epoch: 809	TL: 1.249e-03	VL: 1.622e-03	LR:0.0005
Epoch: 810	TL: 1.259e-03	VL: 1.509e-03	LR:0.0005
Epoch: 811	TL: 1.243e-03	VL: 1.489e-03	LR:0.0005
Epoch: 812	TL: 1.259e-03	VL: 1.526e-03	LR:0.0005
Epoch: 813	TL: 1.217e-03	VL: 1.532e-03	LR:0.0005
Epoch: 814	TL: 1.238e-03	VL: 1.694e-03	LR:0.0005
Epoch: 815	TL: 1.257e-03	VL: 1.461e-03	LR:0.0005
Epoch: 816	TL: 1.230e-03	VL: 1.606e-03	LR:0.0005
Epoch: 817	TL: 1.231e-03	VL: 1.515e-03	LR:0.0005
Epoch: 818	TL: 1.250e-03	VL: 1.448e-03	LR:0.0005
Epoch: 819	TL: 1.224e-03	VL: 1.467e-03	LR:0.0005
Epoch: 820	TL: 1.243e-03	VL: 1.506e-03	LR:0.0005
Epoch: 821	TL: 1.242e-03	VL: 1.597e-03	LR:0.0005
Epoch: 822	TL: 1.235e-03	VL: 1.548e-03	LR:0.0005
Epoch: 823	TL: 1.229e-03	VL: 1.557e-03	LR:0.0005
Epoch: 824	TL: 1.206e-03	VL: 1.470e-03	LR:0.0005
Epoch: 825	TL: 1.248e-03	VL: 1.527e-03	LR:0.0005
Epoch: 826	TL: 1.253e-03	VL: 1.502e-03	LR:0.0005
Epoch: 827	TL: 1.212e-03	VL: 1.469e-03	LR:0.0005
Epoch: 828	TL: 1.213e-03	VL: 1.678e-03	LR:0.0005
Epoch: 829	TL: 1.239e-03	VL: 1.443e-03	LR:0.0005
Epoch: 830	TL: 1.243e-03	VL: 1.437e-03	LR:0.0005
Epoch: 831	TL: 1.204e-03	VL: 1.639e-03	LR:0.0005
Epoch: 832	TL: 1.190e-03	VL: 1.444e-03	LR:0.0005
Epoch: 833	TL: 1.211e-03	VL: 1.728e-03	LR:0.0005
Epoch: 834	TL: 1.205e-03	VL: 1.440e-03	LR:0.0005
Epoch: 835	TL: 1.231e-03	VL: 1.590e-03	LR:0.0005
Epoch: 836	TL: 1.205e-03	VL: 1.463e-03	LR:0.0005
Epoch: 837	TL: 1.210e-03	VL: 1.593e-03	LR:0.0005
Epoch: 838	TL: 1.239e-03	VL: 1.525e-03	LR:0.0005
Epoch: 839	TL: 1.210e-03	VL: 1.869e-03	LR:0.0005
Epoch: 840	TL: 1.207e-03	VL: 1.545e-03	LR:0.0005
Epoch: 841	TL: 1.211e-03	VL: 1.513e-03	LR:0.0005
Epoch: 842	TL: 1.231e-03	VL: 1.637e-03	LR:0.0005
Epoch: 843	TL: 1.193e-03	VL: 1.558e-03	LR:0.0005
Epoch: 844	TL: 1.193e-03	VL: 1.694e-03	LR:0.0005
Epoch: 845	TL: 1.210e-03	VL: 1.510e-03	LR:0.0005
Epoch: 846	TL: 1.172e-03	VL: 1.439e-03	LR:0.0005
Epoch: 847	TL: 1.221e-03	VL: 1.452e-03	LR:0.0005
Epoch: 848	TL: 1.188e-03	VL: 1.514e-03	LR:0.0005
Epoch: 849	TL: 1.199e-03	VL: 1.426e-03	LR:0.0005
Epoch: 850	TL: 1.220e-03	VL: 1.628e-03	LR:0.0005
Epoch: 851	TL: 1.215e-03	VL: 1.602e-03	LR:0.0005
Epoch: 852	TL: 1.219e-03	VL: 1.754e-03	LR:0.0005
Epoch: 853	TL: 1.200e-03	VL: 1.447e-03	LR:0.0005
Epoch: 854	TL: 1.186e-03	VL: 1.913e-03	LR:0.0005
Epoch: 855	TL: 1.198e-03	VL: 1.438e-03	LR:0.0005
Epoch: 856	TL: 1.193e-03	VL: 1.908e-03	LR:0.0005
Epoch: 857	TL: 1.209e-03	VL: 1.542e-03	LR:0.0005
Epoch: 858	TL: 1.209e-03	VL: 1.478e-03	LR:0.0005
Epoch: 859	TL: 1.150e-03	VL: 1.429e-03	LR:0.0005
Epoch: 860	TL: 1.183e-03	VL: 1.436e-03	LR:0.0005
Epoch: 861	TL: 1.187e-03	VL: 1.493e-03	LR:0.0005
Epoch: 862	TL: 1.186e-03	VL: 1.604e-03	LR:0.0005
Epoch: 863	TL: 1.191e-03	VL: 1.465e-03	LR:0.0005
Epoch: 864	TL: 1.176e-03	VL: 1.435e-03	LR:0.0005
Epoch: 865	TL: 1.164e-03	VL: 1.466e-03	LR:0.0005
Epoch: 866	TL: 1.198e-03	VL: 1.440e-03	LR:0.0005
Epoch: 867	TL: 1.191e-03	VL: 1.465e-03	LR:0.0005
Epoch: 868	TL: 1.161e-03	VL: 1.404e-03	LR:0.0005
Epoch: 869	TL: 1.160e-03	VL: 1.470e-03	LR:0.0005
Epoch: 870	TL: 1.146e-03	VL: 1.451e-03	LR:0.0005
Epoch: 871	TL: 1.146e-03	VL: 1.407e-03	LR:0.0005
Epoch: 872	TL: 1.194e-03	VL: 1.433e-03	LR:0.0005
Epoch: 873	TL: 1.159e-03	VL: 1.657e-03	LR:0.0005
Epoch: 874	TL: 1.176e-03	VL: 1.502e-03	LR:0.0005
Epoch: 875	TL: 1.183e-03	VL: 1.661e-03	LR:0.0005
Epoch: 876	TL: 1.144e-03	VL: 1.468e-03	LR:0.0005
Epoch: 877	TL: 1.172e-03	VL: 1.461e-03	LR:0.0005
Epoch: 878	TL: 1.180e-03	VL: 1.458e-03	LR:0.0005
Epoch: 879	TL: 1.163e-03	VL: 1.758e-03	LR:0.0005
Epoch: 880	TL: 1.163e-03	VL: 1.643e-03	LR:0.0005
Epoch: 881	TL: 1.143e-03	VL: 1.449e-03	LR:0.0005
Epoch: 882	TL: 1.153e-03	VL: 1.397e-03	LR:0.0005
Epoch: 883	TL: 1.157e-03	VL: 1.625e-03	LR:0.0005
Epoch: 884	TL: 1.147e-03	VL: 2.043e-03	LR:0.0005
Epoch: 885	TL: 1.160e-03	VL: 1.392e-03	LR:0.0005
Epoch: 886	TL: 1.194e-03	VL: 1.613e-03	LR:0.0005
Epoch: 887	TL: 1.154e-03	VL: 1.520e-03	LR:0.0005
Epoch: 888	TL: 1.156e-03	VL: 1.408e-03	LR:0.0005
Epoch: 889	TL: 1.159e-03	VL: 1.404e-03	LR:0.0005
Epoch: 890	TL: 1.154e-03	VL: 1.480e-03	LR:0.0005
Epoch: 891	TL: 1.175e-03	VL: 1.909e-03	LR:0.0005
Epoch: 892	TL: 1.168e-03	VL: 1.668e-03	LR:0.0005
Epoch: 893	TL: 1.162e-03	VL: 1.489e-03	LR:0.0005
Epoch: 894	TL: 1.149e-03	VL: 1.393e-03	LR:0.0005
Epoch: 895	TL: 1.133e-03	VL: 1.463e-03	LR:0.0005
Epoch: 896	TL: 1.168e-03	VL: 1.471e-03	LR:0.0005
Epoch: 897	TL: 1.145e-03	VL: 1.399e-03	LR:0.0005
Epoch: 898	TL: 1.163e-03	VL: 1.629e-03	LR:0.0005
Epoch: 899	TL: 1.152e-03	VL: 1.351e-03	LR:0.0005
Epoch: 900	TL: 1.128e-03	VL: 1.601e-03	LR:0.0005
Epoch: 901	TL: 1.181e-03	VL: 1.522e-03	LR:0.0005
Epoch: 902	TL: 1.140e-03	VL: 1.677e-03	LR:0.0005
Epoch: 903	TL: 1.149e-03	VL: 1.499e-03	LR:0.0005
Epoch: 904	TL: 1.112e-03	VL: 1.451e-03	LR:0.0005
Epoch: 905	TL: 1.132e-03	VL: 1.390e-03	LR:0.0005
Epoch: 906	TL: 1.153e-03	VL: 1.428e-03	LR:0.0005
Epoch: 907	TL: 1.139e-03	VL: 1.447e-03	LR:0.0005
Epoch: 908	TL: 1.163e-03	VL: 1.397e-03	LR:0.0005
Epoch: 909	TL: 1.109e-03	VL: 1.391e-03	LR:0.0005
Epoch: 910	TL: 1.143e-03	VL: 1.545e-03	LR:0.0005
Epoch: 911	TL: 1.120e-03	VL: 1.551e-03	LR:0.0005
Epoch: 912	TL: 1.116e-03	VL: 1.575e-03	LR:0.0005
Epoch: 913	TL: 1.119e-03	VL: 1.388e-03	LR:0.0005
Epoch: 914	TL: 1.125e-03	VL: 1.502e-03	LR:0.0005
Epoch: 915	TL: 1.135e-03	VL: 1.484e-03	LR:0.0005
Epoch: 916	TL: 1.127e-03	VL: 1.491e-03	LR:0.0005
Epoch: 917	TL: 1.143e-03	VL: 1.576e-03	LR:0.0005
Epoch: 918	TL: 1.095e-03	VL: 1.391e-03	LR:0.0005
Epoch: 919	TL: 1.139e-03	VL: 1.357e-03	LR:0.0005
Epoch: 920	TL: 1.156e-03	VL: 1.725e-03	LR:0.0005
Epoch: 921	TL: 1.113e-03	VL: 1.732e-03	LR:0.0005
Epoch: 922	TL: 1.134e-03	VL: 1.348e-03	LR:0.0005
Epoch: 923	TL: 1.123e-03	VL: 1.561e-03	LR:0.0005
Epoch: 924	TL: 1.128e-03	VL: 1.517e-03	LR:0.0005
Epoch: 925	TL: 1.110e-03	VL: 2.326e-03	LR:0.0005
Epoch: 926	TL: 1.106e-03	VL: 1.366e-03	LR:0.0005
Epoch: 927	TL: 1.154e-03	VL: 1.386e-03	LR:0.0005
Epoch: 928	TL: 1.129e-03	VL: 1.504e-03	LR:0.0005
Epoch: 929	TL: 1.150e-03	VL: 1.359e-03	LR:0.0005
Epoch: 930	TL: 1.118e-03	VL: 1.366e-03	LR:0.0005
Epoch: 931	TL: 1.099e-03	VL: 1.473e-03	LR:0.0005
Epoch: 932	TL: 1.111e-03	VL: 1.378e-03	LR:0.0005
Epoch: 933	TL: 1.103e-03	VL: 1.575e-03	LR:0.0005
Epoch: 934	TL: 1.089e-03	VL: 1.417e-03	LR:0.0005
Epoch: 935	TL: 1.099e-03	VL: 1.915e-03	LR:0.0005
Epoch: 936	TL: 1.109e-03	VL: 1.353e-03	LR:0.0005
Epoch: 937	TL: 1.105e-03	VL: 1.483e-03	LR:0.0005
Epoch: 938	TL: 1.105e-03	VL: 1.434e-03	LR:0.0005
Epoch: 939	TL: 1.115e-03	VL: 1.405e-03	LR:0.0005
Epoch: 940	TL: 1.106e-03	VL: 1.334e-03	LR:0.0005
Epoch: 941	TL: 1.121e-03	VL: 1.386e-03	LR:0.0005
Epoch: 942	TL: 1.103e-03	VL: 1.513e-03	LR:0.0005
Epoch: 943	TL: 1.133e-03	VL: 1.361e-03	LR:0.0005
Epoch: 944	TL: 1.119e-03	VL: 1.383e-03	LR:0.0005
Epoch: 945	TL: 1.118e-03	VL: 1.610e-03	LR:0.0005
Epoch: 946	TL: 1.124e-03	VL: 1.356e-03	LR:0.0005
Epoch: 947	TL: 1.093e-03	VL: 1.616e-03	LR:0.0005
Epoch: 948	TL: 1.088e-03	VL: 1.366e-03	LR:0.0005
Epoch: 949	TL: 1.085e-03	VL: 1.519e-03	LR:0.0005
Epoch: 950	TL: 1.098e-03	VL: 1.463e-03	LR:0.0005
Epoch: 951	TL: 1.120e-03	VL: 1.514e-03	LR:0.0005
Epoch: 952	TL: 1.113e-03	VL: 1.400e-03	LR:0.0005
Epoch: 953	TL: 1.082e-03	VL: 1.405e-03	LR:0.0005
Epoch: 954	TL: 1.085e-03	VL: 1.341e-03	LR:0.0005
Epoch: 955	TL: 1.097e-03	VL: 1.451e-03	LR:0.0005
Epoch: 956	TL: 1.084e-03	VL: 1.410e-03	LR:0.0005
Epoch: 957	TL: 1.097e-03	VL: 1.346e-03	LR:0.0005
Epoch: 958	TL: 1.089e-03	VL: 1.398e-03	LR:0.0005
Epoch: 959	TL: 1.073e-03	VL: 1.355e-03	LR:0.0005
Epoch: 960	TL: 1.111e-03	VL: 1.324e-03	LR:0.0005
Epoch: 961	TL: 1.085e-03	VL: 1.374e-03	LR:0.0005
Epoch: 962	TL: 1.083e-03	VL: 1.416e-03	LR:0.0005
Epoch: 963	TL: 1.080e-03	VL: 1.390e-03	LR:0.0005
Epoch: 964	TL: 1.103e-03	VL: 1.426e-03	LR:0.0005
Epoch: 965	TL: 1.076e-03	VL: 1.453e-03	LR:0.0005
Epoch: 966	TL: 1.077e-03	VL: 1.325e-03	LR:0.0005
Epoch: 967	TL: 1.082e-03	VL: 1.325e-03	LR:0.0005
Epoch: 968	TL: 1.072e-03	VL: 1.413e-03	LR:0.0005
Epoch: 969	TL: 1.084e-03	VL: 1.323e-03	LR:0.0005
Epoch: 970	TL: 1.057e-03	VL: 1.761e-03	LR:0.0005
Epoch: 971	TL: 1.075e-03	VL: 1.604e-03	LR:0.0005
Epoch: 972	TL: 1.080e-03	VL: 1.856e-03	LR:0.0005
Epoch: 973	TL: 1.061e-03	VL: 1.382e-03	LR:0.0005
Epoch: 974	TL: 1.102e-03	VL: 1.433e-03	LR:0.0005
Epoch: 975	TL: 1.080e-03	VL: 1.321e-03	LR:0.0005
Epoch: 976	TL: 1.054e-03	VL: 1.438e-03	LR:0.0005
Epoch: 977	TL: 1.050e-03	VL: 1.346e-03	LR:0.0005
Epoch: 978	TL: 1.079e-03	VL: 1.426e-03	LR:0.0005
Epoch: 979	TL: 1.062e-03	VL: 1.339e-03	LR:0.0005
Epoch: 980	TL: 1.056e-03	VL: 1.565e-03	LR:0.0005
Epoch: 981	TL: 1.072e-03	VL: 1.625e-03	LR:0.0005
Epoch: 982	TL: 1.069e-03	VL: 1.332e-03	LR:0.0005
Epoch: 983	TL: 1.079e-03	VL: 1.391e-03	LR:0.0005
Epoch: 984	TL: 1.068e-03	VL: 1.333e-03	LR:0.0005
Epoch: 985	TL: 1.048e-03	VL: 1.460e-03	LR:0.0005
Epoch: 986	TL: 1.046e-03	VL: 1.536e-03	LR:0.0005
Epoch: 987	TL: 1.091e-03	VL: 1.367e-03	LR:0.0005
Epoch: 988	TL: 1.057e-03	VL: 1.385e-03	LR:0.0005
Epoch: 989	TL: 1.062e-03	VL: 1.531e-03	LR:0.0005
Epoch: 990	TL: 1.042e-03	VL: 1.282e-03	LR:0.0005
Epoch: 991	TL: 1.064e-03	VL: 1.353e-03	LR:0.0005
Epoch: 992	TL: 1.050e-03	VL: 1.331e-03	LR:0.0005
Epoch: 993	TL: 1.047e-03	VL: 1.351e-03	LR:0.0005
Epoch: 994	TL: 1.041e-03	VL: 1.353e-03	LR:0.0005
Epoch: 995	TL: 1.024e-03	VL: 2.190e-03	LR:0.0005
Epoch: 996	TL: 1.044e-03	VL: 1.311e-03	LR:0.0005
Epoch: 997	TL: 1.043e-03	VL: 1.348e-03	LR:0.0005
Epoch: 998	TL: 1.053e-03	VL: 1.315e-03	LR:0.0005
Epoch: 999	TL: 1.021e-03	VL: 1.323e-03	LR:0.0005
Epoch: 1000	TL: 1.047e-03	VL: 1.330e-03	LR:0.0005
Test MAE: 22.700
swa Test MAE: 22.700
