Fri Dec  6 06:51:01 2024       
+-----------------------------------------------------------------------------------------+
| NVIDIA-SMI 565.57.01              Driver Version: 565.57.01      CUDA Version: 12.7     |
|-----------------------------------------+------------------------+----------------------+
| GPU  Name                 Persistence-M | Bus-Id          Disp.A | Volatile Uncorr. ECC |
| Fan  Temp   Perf          Pwr:Usage/Cap |           Memory-Usage | GPU-Util  Compute M. |
|                                         |                        |               MIG M. |
|=========================================+========================+======================|
|   0  Tesla V100-PCIE-32GB           On  |   00000000:58:00.0 Off |                    0 |
| N/A   48C    P0             27W /  250W |       1MiB /  32768MiB |      0%   E. Process |
|                                         |                        |                  N/A |
+-----------------------------------------+------------------------+----------------------+
                                                                                         
+-----------------------------------------------------------------------------------------+
| Processes:                                                                              |
|  GPU   GI   CI        PID   Type   Process name                              GPU Memory |
|        ID   ID                                                               Usage      |
|=========================================================================================|
|  No running processes found                                                             |
+-----------------------------------------------------------------------------------------+
cuda
Tesla V100-PCIE-32GB
Epoch: 1	TL: 2.689e-01	VL: 5.238e-02	LR:0.0005
Epoch: 2	TL: 3.541e-02	VL: 1.856e-02	LR:0.0005
Epoch: 3	TL: 2.029e-02	VL: 1.563e-02	LR:0.0005
Epoch: 4	TL: 1.438e-02	VL: 9.065e-03	LR:0.0005
Epoch: 5	TL: 1.249e-02	VL: 1.221e-02	LR:0.0005
Epoch: 6	TL: 1.171e-02	VL: 8.045e-03	LR:0.0005
Epoch: 7	TL: 9.907e-03	VL: 8.424e-03	LR:0.0005
Epoch: 8	TL: 9.651e-03	VL: 7.355e-03	LR:0.0005
Epoch: 9	TL: 8.267e-03	VL: 1.196e-02	LR:0.0005
Epoch: 10	TL: 7.241e-03	VL: 6.514e-03	LR:0.0005
Epoch: 11	TL: 6.967e-03	VL: 4.692e-03	LR:0.0005
Epoch: 12	TL: 6.839e-03	VL: 8.235e-03	LR:0.0005
Epoch: 13	TL: 5.878e-03	VL: 6.574e-03	LR:0.0005
Epoch: 14	TL: 6.106e-03	VL: 5.284e-03	LR:0.0005
Epoch: 15	TL: 5.246e-03	VL: 7.360e-03	LR:0.0005
Epoch: 16	TL: 5.112e-03	VL: 4.875e-03	LR:0.0005
Epoch: 17	TL: 4.986e-03	VL: 6.876e-03	LR:0.0005
Epoch: 18	TL: 4.505e-03	VL: 4.829e-03	LR:0.0005
Epoch: 19	TL: 4.168e-03	VL: 3.114e-03	LR:0.0005
Epoch: 20	TL: 3.936e-03	VL: 6.494e-03	LR:0.0005
Epoch: 21	TL: 4.236e-03	VL: 4.259e-03	LR:0.0005
Epoch: 22	TL: 3.970e-03	VL: 2.532e-03	LR:0.0005
Epoch: 23	TL: 3.816e-03	VL: 3.951e-03	LR:0.0005
Epoch: 24	TL: 3.405e-03	VL: 3.112e-03	LR:0.0005
Epoch: 25	TL: 3.660e-03	VL: 2.997e-03	LR:0.0005
Epoch: 26	TL: 3.335e-03	VL: 9.105e-03	LR:0.0005
Epoch: 27	TL: 3.111e-03	VL: 3.558e-03	LR:0.0005
Epoch: 28	TL: 3.104e-03	VL: 3.164e-03	LR:0.0005
Epoch: 29	TL: 3.240e-03	VL: 2.281e-03	LR:0.0005
Epoch: 30	TL: 2.820e-03	VL: 6.124e-03	LR:0.0005
Epoch: 31	TL: 2.944e-03	VL: 3.032e-03	LR:0.0005
Epoch: 32	TL: 2.987e-03	VL: 2.593e-03	LR:0.0005
Epoch: 33	TL: 2.735e-03	VL: 3.091e-03	LR:0.0005
Epoch: 34	TL: 2.503e-03	VL: 2.633e-03	LR:0.0005
Epoch: 35	TL: 2.560e-03	VL: 5.054e-03	LR:0.0005
Epoch: 36	TL: 2.437e-03	VL: 2.485e-03	LR:0.0005
Epoch: 37	TL: 2.805e-03	VL: 3.191e-03	LR:0.0005
Epoch: 38	TL: 2.321e-03	VL: 2.656e-03	LR:0.0005
Epoch: 39	TL: 2.398e-03	VL: 2.749e-03	LR:0.0005
Epoch: 40	TL: 2.302e-03	VL: 2.253e-03	LR:0.0005
Epoch: 41	TL: 2.299e-03	VL: 2.112e-03	LR:0.0005
Epoch: 42	TL: 2.224e-03	VL: 1.953e-03	LR:0.0005
Epoch: 43	TL: 2.274e-03	VL: 6.557e-03	LR:0.0005
Epoch: 44	TL: 2.181e-03	VL: 2.631e-03	LR:0.0005
Epoch: 45	TL: 2.093e-03	VL: 1.969e-03	LR:0.0005
Epoch: 46	TL: 1.894e-03	VL: 1.895e-03	LR:0.0005
Epoch: 47	TL: 2.101e-03	VL: 1.604e-03	LR:0.0005
Epoch: 48	TL: 1.999e-03	VL: 1.517e-03	LR:0.0005
Epoch: 49	TL: 1.927e-03	VL: 1.817e-03	LR:0.0005
Epoch: 50	TL: 1.833e-03	VL: 1.963e-03	LR:0.0005
Epoch: 51	TL: 1.892e-03	VL: 1.818e-03	LR:0.0005
Epoch: 52	TL: 1.846e-03	VL: 2.452e-03	LR:0.0005
Epoch: 53	TL: 1.827e-03	VL: 4.815e-03	LR:0.0005
Epoch: 54	TL: 1.690e-03	VL: 1.500e-03	LR:0.0005
Epoch: 55	TL: 1.808e-03	VL: 2.493e-03	LR:0.0005
Epoch: 56	TL: 1.767e-03	VL: 1.512e-03	LR:0.0005
Epoch: 57	TL: 1.915e-03	VL: 1.788e-03	LR:0.0005
Epoch: 58	TL: 1.507e-03	VL: 2.968e-03	LR:0.0005
Epoch: 59	TL: 1.767e-03	VL: 1.845e-03	LR:0.0005
Epoch: 60	TL: 1.582e-03	VL: 1.745e-03	LR:0.0005
Epoch: 61	TL: 1.587e-03	VL: 1.736e-03	LR:0.0005
Epoch: 62	TL: 1.542e-03	VL: 1.809e-03	LR:0.0005
Epoch: 63	TL: 1.675e-03	VL: 1.893e-03	LR:0.0005
Epoch: 64	TL: 1.517e-03	VL: 1.771e-03	LR:0.0005
Epoch: 65	TL: 1.681e-03	VL: 2.829e-03	LR:0.0005
Epoch: 66	TL: 1.594e-03	VL: 1.886e-03	LR:0.0005
Epoch: 67	TL: 1.650e-03	VL: 2.344e-03	LR:0.0005
Epoch: 68	TL: 1.444e-03	VL: 2.370e-03	LR:0.0005
Epoch: 69	TL: 1.484e-03	VL: 1.644e-03	LR:0.0005
Epoch: 70	TL: 1.473e-03	VL: 2.226e-03	LR:0.0005
Epoch: 71	TL: 1.436e-03	VL: 1.655e-03	LR:0.0005
Epoch: 72	TL: 1.343e-03	VL: 1.378e-03	LR:0.0005
Epoch: 73	TL: 1.380e-03	VL: 1.503e-03	LR:0.0005
Epoch: 74	TL: 1.493e-03	VL: 1.411e-03	LR:0.0005
Epoch: 75	TL: 1.370e-03	VL: 1.351e-03	LR:0.0005
Epoch: 76	TL: 1.338e-03	VL: 1.473e-03	LR:0.0005
Epoch: 77	TL: 1.437e-03	VL: 1.281e-03	LR:0.0005
Epoch: 78	TL: 1.354e-03	VL: 2.382e-03	LR:0.0005
Epoch: 79	TL: 1.363e-03	VL: 3.144e-03	LR:0.0005
Epoch: 80	TL: 1.344e-03	VL: 1.330e-03	LR:0.0005
Epoch: 81	TL: 1.341e-03	VL: 1.428e-03	LR:0.0005
Epoch: 82	TL: 1.270e-03	VL: 1.918e-03	LR:0.0005
Epoch: 83	TL: 1.358e-03	VL: 1.501e-03	LR:0.00025
Epoch: 84	TL: 5.003e-04	VL: 1.085e-03	LR:0.00025
Epoch: 85	TL: 5.994e-04	VL: 1.143e-03	LR:0.00025
Epoch: 86	TL: 5.734e-04	VL: 1.200e-03	LR:0.00025
Epoch: 87	TL: 5.883e-04	VL: 1.018e-03	LR:0.00025
Epoch: 88	TL: 6.233e-04	VL: 9.863e-04	LR:0.00025
Epoch: 89	TL: 5.968e-04	VL: 1.528e-03	LR:0.00025
Epoch: 90	TL: 5.882e-04	VL: 1.141e-03	LR:0.00025
Epoch: 91	TL: 5.717e-04	VL: 9.374e-04	LR:0.00025
Epoch: 92	TL: 6.199e-04	VL: 1.066e-03	LR:0.00025
Epoch: 93	TL: 5.430e-04	VL: 1.120e-03	LR:0.00025
Epoch: 94	TL: 5.740e-04	VL: 1.063e-03	LR:0.00025
Epoch: 95	TL: 5.695e-04	VL: 1.016e-03	LR:0.00025
Epoch: 96	TL: 5.751e-04	VL: 1.156e-03	LR:0.00025
Epoch: 97	TL: 5.473e-04	VL: 1.099e-03	LR:0.00025
Epoch: 98	TL: 5.334e-04	VL: 1.382e-03	LR:0.00025
Epoch: 99	TL: 5.818e-04	VL: 1.500e-03	LR:0.00025
Epoch: 100	TL: 5.410e-04	VL: 9.433e-04	LR:0.00025
Epoch: 101	TL: 5.836e-04	VL: 1.234e-03	LR:0.00025
Epoch: 102	TL: 5.381e-04	VL: 1.054e-03	LR:0.00025
Epoch: 103	TL: 5.379e-04	VL: 9.040e-04	LR:0.00025
Epoch: 104	TL: 5.276e-04	VL: 9.569e-04	LR:0.00025
Epoch: 105	TL: 5.347e-04	VL: 1.047e-03	LR:0.00025
Epoch: 106	TL: 5.221e-04	VL: 9.289e-04	LR:0.00025
Epoch: 107	TL: 5.261e-04	VL: 9.789e-04	LR:0.00025
Epoch: 108	TL: 5.139e-04	VL: 1.004e-03	LR:0.00025
Epoch: 109	TL: 5.361e-04	VL: 9.731e-04	LR:0.00025
Epoch: 110	TL: 5.064e-04	VL: 9.411e-04	LR:0.00025
Epoch: 111	TL: 5.187e-04	VL: 9.011e-04	LR:0.00025
Epoch: 112	TL: 5.051e-04	VL: 1.027e-03	LR:0.00025
Epoch: 113	TL: 5.177e-04	VL: 1.368e-03	LR:0.00025
Epoch: 114	TL: 4.826e-04	VL: 8.873e-04	LR:0.00025
Epoch: 115	TL: 5.243e-04	VL: 1.031e-03	LR:0.00025
Epoch: 116	TL: 4.799e-04	VL: 1.273e-03	LR:0.00025
Epoch: 117	TL: 5.201e-04	VL: 2.357e-03	LR:0.00025
Epoch: 118	TL: 4.851e-04	VL: 1.159e-03	LR:0.000125
Epoch: 119	TL: 2.621e-04	VL: 8.896e-04	LR:0.000125
Epoch: 120	TL: 2.791e-04	VL: 7.766e-04	LR:0.000125
Epoch: 121	TL: 2.918e-04	VL: 8.495e-04	LR:0.000125
Epoch: 122	TL: 2.749e-04	VL: 8.102e-04	LR:0.000125
Epoch: 123	TL: 2.859e-04	VL: 7.778e-04	LR:0.000125
Epoch: 124	TL: 2.900e-04	VL: 9.262e-04	LR:0.000125
Epoch: 125	TL: 2.747e-04	VL: 7.860e-04	LR:0.000125
Epoch: 126	TL: 2.801e-04	VL: 8.920e-04	LR:0.000125
Epoch: 127	TL: 2.814e-04	VL: 7.627e-04	LR:0.000125
Epoch: 128	TL: 2.691e-04	VL: 7.628e-04	LR:0.000125
Epoch: 129	TL: 2.726e-04	VL: 8.515e-04	LR:0.000125
Epoch: 130	TL: 2.664e-04	VL: 7.927e-04	LR:0.000125
Epoch: 131	TL: 2.671e-04	VL: 7.445e-04	LR:0.000125
Epoch: 132	TL: 2.698e-04	VL: 8.298e-04	LR:0.000125
Epoch: 133	TL: 2.659e-04	VL: 8.166e-04	LR:0.000125
Epoch: 134	TL: 2.722e-04	VL: 7.475e-04	LR:0.000125
Epoch: 135	TL: 2.562e-04	VL: 7.581e-04	LR:0.000125
Epoch: 136	TL: 2.689e-04	VL: 7.798e-04	LR:0.000125
Epoch: 137	TL: 2.511e-04	VL: 7.754e-04	LR:0.000125
Epoch: 138	TL: 2.779e-04	VL: 7.799e-04	LR:0.000125
Epoch: 139	TL: 2.487e-04	VL: 7.437e-04	LR:0.000125
Epoch: 140	TL: 2.465e-04	VL: 7.352e-04	LR:0.000125
Epoch: 141	TL: 2.544e-04	VL: 7.695e-04	LR:0.000125
Epoch: 142	TL: 2.600e-04	VL: 7.088e-04	LR:0.000125
Epoch: 143	TL: 2.598e-04	VL: 7.729e-04	LR:0.000125
Epoch: 144	TL: 2.488e-04	VL: 7.472e-04	LR:0.000125
Epoch: 145	TL: 2.543e-04	VL: 8.220e-04	LR:0.000125
Epoch: 146	TL: 2.492e-04	VL: 7.740e-04	LR:0.000125
Epoch: 147	TL: 2.428e-04	VL: 8.889e-04	LR:0.000125
Epoch: 148	TL: 2.432e-04	VL: 7.751e-04	LR:0.000125
Epoch: 149	TL: 2.417e-04	VL: 7.269e-04	LR:0.000125
Epoch: 150	TL: 2.493e-04	VL: 7.173e-04	LR:0.000125
Epoch: 151	TL: 2.448e-04	VL: 7.350e-04	LR:0.000125
Epoch: 152	TL: 2.430e-04	VL: 9.393e-04	LR:0.000125
Epoch: 153	TL: 2.465e-04	VL: 8.415e-04	LR:0.000125
Epoch: 154	TL: 2.417e-04	VL: 7.585e-04	LR:0.000125
Epoch: 155	TL: 2.441e-04	VL: 7.473e-04	LR:0.000125
Epoch: 156	TL: 2.318e-04	VL: 7.723e-04	LR:0.000125
Epoch: 157	TL: 2.400e-04	VL: 7.377e-04	LR:6.25e-05
Epoch: 158	TL: 1.634e-04	VL: 6.928e-04	LR:6.25e-05
Epoch: 159	TL: 1.653e-04	VL: 7.036e-04	LR:6.25e-05
Epoch: 160	TL: 1.689e-04	VL: 7.758e-04	LR:6.25e-05
Epoch: 161	TL: 1.685e-04	VL: 6.857e-04	LR:6.25e-05
Epoch: 162	TL: 1.678e-04	VL: 6.997e-04	LR:6.25e-05
Epoch: 163	TL: 1.641e-04	VL: 6.769e-04	LR:6.25e-05
Epoch: 164	TL: 1.686e-04	VL: 6.799e-04	LR:6.25e-05
Epoch: 165	TL: 1.643e-04	VL: 6.864e-04	LR:6.25e-05
Epoch: 166	TL: 1.611e-04	VL: 6.999e-04	LR:6.25e-05
Epoch: 167	TL: 1.635e-04	VL: 6.906e-04	LR:6.25e-05
Epoch: 168	TL: 1.638e-04	VL: 7.047e-04	LR:6.25e-05
Epoch: 169	TL: 1.641e-04	VL: 7.459e-04	LR:6.25e-05
Epoch: 170	TL: 1.575e-04	VL: 7.046e-04	LR:6.25e-05
Epoch: 171	TL: 1.634e-04	VL: 7.171e-04	LR:6.25e-05
Epoch: 172	TL: 1.582e-04	VL: 6.857e-04	LR:6.25e-05
Epoch: 173	TL: 1.591e-04	VL: 7.448e-04	LR:6.25e-05
Epoch: 174	TL: 1.577e-04	VL: 6.896e-04	LR:6.25e-05
Epoch: 175	TL: 1.588e-04	VL: 7.144e-04	LR:6.25e-05
Epoch: 176	TL: 1.573e-04	VL: 6.910e-04	LR:6.25e-05
Epoch: 177	TL: 1.566e-04	VL: 7.000e-04	LR:6.25e-05
Epoch: 178	TL: 1.573e-04	VL: 7.114e-04	LR:6.25e-05
Epoch: 179	TL: 1.547e-04	VL: 6.836e-04	LR:6.25e-05
Epoch: 180	TL: 1.588e-04	VL: 6.741e-04	LR:6.25e-05
Epoch: 181	TL: 1.536e-04	VL: 6.658e-04	LR:6.25e-05
Epoch: 182	TL: 1.523e-04	VL: 6.809e-04	LR:6.25e-05
Epoch: 183	TL: 1.562e-04	VL: 6.775e-04	LR:6.25e-05
Epoch: 184	TL: 1.549e-04	VL: 6.918e-04	LR:6.25e-05
Epoch: 185	TL: 1.546e-04	VL: 6.989e-04	LR:6.25e-05
Epoch: 186	TL: 1.490e-04	VL: 7.008e-04	LR:6.25e-05
Epoch: 187	TL: 1.550e-04	VL: 6.952e-04	LR:6.25e-05
Epoch: 188	TL: 1.534e-04	VL: 6.917e-04	LR:6.25e-05
Epoch: 189	TL: 1.500e-04	VL: 6.823e-04	LR:6.25e-05
Epoch: 190	TL: 1.534e-04	VL: 7.166e-04	LR:6.25e-05
Epoch: 191	TL: 1.510e-04	VL: 6.941e-04	LR:6.25e-05
Epoch: 192	TL: 1.500e-04	VL: 6.779e-04	LR:6.25e-05
Epoch: 193	TL: 1.503e-04	VL: 6.772e-04	LR:6.25e-05
Epoch: 194	TL: 1.532e-04	VL: 6.602e-04	LR:6.25e-05
Epoch: 195	TL: 1.490e-04	VL: 6.922e-04	LR:6.25e-05
Epoch: 196	TL: 1.469e-04	VL: 7.626e-04	LR:6.25e-05
Epoch: 197	TL: 1.480e-04	VL: 6.646e-04	LR:6.25e-05
Epoch: 198	TL: 1.498e-04	VL: 6.664e-04	LR:6.25e-05
Epoch: 199	TL: 1.474e-04	VL: 6.706e-04	LR:6.25e-05
Epoch: 200	TL: 1.462e-04	VL: 6.640e-04	LR:6.25e-05
Epoch: 201	TL: 1.440e-04	VL: 6.723e-04	LR:6.25e-05
Epoch: 202	TL: 1.451e-04	VL: 6.932e-04	LR:6.25e-05
Epoch: 203	TL: 1.470e-04	VL: 6.602e-04	LR:6.25e-05
Epoch: 204	TL: 1.451e-04	VL: 6.522e-04	LR:6.25e-05
Epoch: 205	TL: 1.434e-04	VL: 6.763e-04	LR:6.25e-05
Epoch: 206	TL: 1.450e-04	VL: 7.201e-04	LR:6.25e-05
Epoch: 207	TL: 1.382e-04	VL: 6.901e-04	LR:6.25e-05
Epoch: 208	TL: 1.489e-04	VL: 7.050e-04	LR:6.25e-05
Epoch: 209	TL: 1.421e-04	VL: 6.646e-04	LR:6.25e-05
Epoch: 210	TL: 1.438e-04	VL: 6.796e-04	LR:3.125e-05
Epoch: 211	TL: 1.121e-04	VL: 6.612e-04	LR:3.125e-05
Epoch: 212	TL: 1.151e-04	VL: 6.705e-04	LR:3.125e-05
Epoch: 213	TL: 1.156e-04	VL: 6.548e-04	LR:3.125e-05
Epoch: 214	TL: 1.150e-04	VL: 6.538e-04	LR:3.125e-05
Epoch: 215	TL: 1.156e-04	VL: 6.641e-04	LR:3.125e-05
Epoch: 216	TL: 1.148e-04	VL: 6.670e-04	LR:3.125e-05
Epoch: 217	TL: 1.153e-04	VL: 6.605e-04	LR:3.125e-05
Epoch: 218	TL: 1.128e-04	VL: 6.668e-04	LR:3.125e-05
Epoch: 219	TL: 1.142e-04	VL: 6.543e-04	LR:3.125e-05
Epoch: 220	TL: 1.116e-04	VL: 6.528e-04	LR:3.125e-05
Epoch: 221	TL: 1.138e-04	VL: 6.497e-04	LR:3.125e-05
Epoch: 222	TL: 1.143e-04	VL: 6.464e-04	LR:3.125e-05
Epoch: 223	TL: 1.135e-04	VL: 6.532e-04	LR:3.125e-05
Epoch: 224	TL: 1.146e-04	VL: 6.781e-04	LR:3.125e-05
Epoch: 225	TL: 1.125e-04	VL: 6.526e-04	LR:3.125e-05
Epoch: 226	TL: 1.132e-04	VL: 6.661e-04	LR:3.125e-05
Epoch: 227	TL: 1.118e-04	VL: 6.582e-04	LR:3.125e-05
Epoch: 228	TL: 1.116e-04	VL: 6.515e-04	LR:3.125e-05
Epoch: 229	TL: 1.136e-04	VL: 6.790e-04	LR:3.125e-05
Epoch: 230	TL: 1.111e-04	VL: 6.695e-04	LR:3.125e-05
Epoch: 231	TL: 1.098e-04	VL: 6.523e-04	LR:3.125e-05
Epoch: 232	TL: 1.123e-04	VL: 6.547e-04	LR:3.125e-05
Epoch: 233	TL: 1.105e-04	VL: 6.487e-04	LR:3.125e-05
Epoch: 234	TL: 1.111e-04	VL: 6.631e-04	LR:3.125e-05
Epoch: 235	TL: 1.097e-04	VL: 6.616e-04	LR:3.125e-05
Epoch: 236	TL: 1.105e-04	VL: 6.533e-04	LR:3.125e-05
Epoch: 237	TL: 1.087e-04	VL: 6.469e-04	LR:3.125e-05
Epoch: 238	TL: 1.097e-04	VL: 6.590e-04	LR:3.125e-05
Epoch: 239	TL: 1.097e-04	VL: 6.566e-04	LR:3.125e-05
Epoch: 240	TL: 1.107e-04	VL: 6.490e-04	LR:3.125e-05
Epoch: 241	TL: 1.095e-04	VL: 6.723e-04	LR:3.125e-05
Epoch: 242	TL: 1.088e-04	VL: 6.627e-04	LR:3.125e-05
Epoch: 243	TL: 1.090e-04	VL: 6.524e-04	LR:3.125e-05
Epoch: 244	TL: 1.068e-04	VL: 6.432e-04	LR:3.125e-05
Epoch: 245	TL: 1.085e-04	VL: 6.659e-04	LR:3.125e-05
Epoch: 246	TL: 1.082e-04	VL: 6.417e-04	LR:3.125e-05
Epoch: 247	TL: 1.094e-04	VL: 6.540e-04	LR:3.125e-05
Epoch: 248	TL: 1.067e-04	VL: 6.535e-04	LR:3.125e-05
Epoch: 249	TL: 1.066e-04	VL: 6.611e-04	LR:3.125e-05
Epoch: 250	TL: 1.078e-04	VL: 6.525e-04	LR:3.125e-05
Epoch: 251	TL: 1.071e-04	VL: 6.679e-04	LR:3.125e-05
Epoch: 252	TL: 1.066e-04	VL: 6.774e-04	LR:1.5625e-05
Epoch: 253	TL: 9.389e-05	VL: 6.460e-04	LR:1.5625e-05
Epoch: 254	TL: 9.456e-05	VL: 6.479e-04	LR:1.5625e-05
Epoch: 255	TL: 9.517e-05	VL: 6.491e-04	LR:1.5625e-05
Epoch: 256	TL: 9.358e-05	VL: 6.415e-04	LR:1.5625e-05
Epoch: 257	TL: 9.438e-05	VL: 6.428e-04	LR:1.5625e-05
Epoch: 258	TL: 9.419e-05	VL: 6.422e-04	LR:1.5625e-05
Epoch: 259	TL: 9.388e-05	VL: 6.407e-04	LR:1.5625e-05
Epoch: 260	TL: 9.372e-05	VL: 6.422e-04	LR:1.5625e-05
Epoch: 261	TL: 9.453e-05	VL: 6.367e-04	LR:1.5625e-05
Epoch: 262	TL: 9.275e-05	VL: 6.518e-04	LR:1.5625e-05
Epoch: 263	TL: 9.370e-05	VL: 6.379e-04	LR:1.5625e-05
Epoch: 264	TL: 9.374e-05	VL: 6.474e-04	LR:1.5625e-05
Epoch: 265	TL: 9.270e-05	VL: 6.405e-04	LR:1.5625e-05
Epoch: 266	TL: 9.329e-05	VL: 6.483e-04	LR:1.5625e-05
Epoch: 267	TL: 9.322e-05	VL: 6.431e-04	LR:1.5625e-05
Epoch: 268	TL: 9.379e-05	VL: 6.388e-04	LR:1.5625e-05
Epoch: 269	TL: 9.421e-05	VL: 6.375e-04	LR:1.5625e-05
Epoch: 270	TL: 9.319e-05	VL: 6.440e-04	LR:1.5625e-05
Epoch: 271	TL: 9.223e-05	VL: 6.396e-04	LR:1.5625e-05
Epoch: 272	TL: 9.276e-05	VL: 6.331e-04	LR:1.5625e-05
Epoch: 273	TL: 9.233e-05	VL: 6.453e-04	LR:1.5625e-05
Epoch: 274	TL: 9.304e-05	VL: 6.410e-04	LR:1.5625e-05
Epoch: 275	TL: 9.154e-05	VL: 6.374e-04	LR:1.5625e-05
Epoch: 276	TL: 9.218e-05	VL: 6.355e-04	LR:1.5625e-05
Epoch: 277	TL: 9.182e-05	VL: 6.336e-04	LR:1.5625e-05
Epoch: 278	TL: 9.198e-05	VL: 6.536e-04	LR:1.5625e-05
Epoch: 279	TL: 9.226e-05	VL: 6.359e-04	LR:1.5625e-05
Epoch: 280	TL: 9.237e-05	VL: 6.436e-04	LR:1.5625e-05
Epoch: 281	TL: 9.194e-05	VL: 6.358e-04	LR:1.5625e-05
Epoch: 282	TL: 9.155e-05	VL: 6.378e-04	LR:1.5625e-05
Epoch: 283	TL: 9.158e-05	VL: 6.369e-04	LR:7.8125e-06
Epoch: 284	TL: 8.474e-05	VL: 6.320e-04	LR:7.8125e-06
Epoch: 285	TL: 8.532e-05	VL: 6.339e-04	LR:7.8125e-06
Epoch: 286	TL: 8.545e-05	VL: 6.323e-04	LR:7.8125e-06
Epoch: 287	TL: 8.565e-05	VL: 6.327e-04	LR:7.8125e-06
Epoch: 288	TL: 8.543e-05	VL: 6.345e-04	LR:7.8125e-06
Epoch: 289	TL: 8.502e-05	VL: 6.322e-04	LR:7.8125e-06
Epoch: 290	TL: 8.523e-05	VL: 6.338e-04	LR:7.8125e-06
Epoch: 291	TL: 8.464e-05	VL: 6.354e-04	LR:7.8125e-06
Epoch: 292	TL: 8.524e-05	VL: 6.309e-04	LR:7.8125e-06
Epoch: 293	TL: 8.502e-05	VL: 6.298e-04	LR:7.8125e-06
Epoch: 294	TL: 8.523e-05	VL: 6.416e-04	LR:7.8125e-06
Epoch: 295	TL: 8.503e-05	VL: 6.295e-04	LR:7.8125e-06
Epoch: 296	TL: 8.473e-05	VL: 6.331e-04	LR:7.8125e-06
Epoch: 297	TL: 8.482e-05	VL: 6.349e-04	LR:7.8125e-06
Epoch: 298	TL: 8.490e-05	VL: 6.319e-04	LR:7.8125e-06
Epoch: 299	TL: 8.471e-05	VL: 6.327e-04	LR:7.8125e-06
Epoch: 300	TL: 8.530e-05	VL: 6.357e-04	LR:7.8125e-06
Epoch: 301	TL: 8.476e-05	VL: 6.276e-04	LR:7.8125e-06
Epoch: 302	TL: 8.471e-05	VL: 6.368e-04	LR:7.8125e-06
Epoch: 303	TL: 8.428e-05	VL: 6.366e-04	LR:7.8125e-06
Epoch: 304	TL: 8.431e-05	VL: 6.413e-04	LR:7.8125e-06
Epoch: 305	TL: 8.436e-05	VL: 6.354e-04	LR:3.90625e-06
Epoch: 306	TL: 8.099e-05	VL: 6.302e-04	LR:3.90625e-06
Epoch: 307	TL: 8.122e-05	VL: 6.322e-04	LR:3.90625e-06
Epoch: 308	TL: 8.101e-05	VL: 6.281e-04	LR:3.90625e-06
Epoch: 309	TL: 8.101e-05	VL: 6.321e-04	LR:3.90625e-06
Epoch: 310	TL: 8.109e-05	VL: 6.297e-04	LR:3.90625e-06
Epoch: 311	TL: 8.105e-05	VL: 6.286e-04	LR:3.90625e-06
Epoch: 312	TL: 8.094e-05	VL: 6.313e-04	LR:3.90625e-06
Epoch: 313	TL: 8.099e-05	VL: 6.335e-04	LR:3.90625e-06
Epoch: 314	TL: 8.075e-05	VL: 6.301e-04	LR:3.90625e-06
Epoch: 315	TL: 8.087e-05	VL: 6.296e-04	LR:3.90625e-06
Epoch: 316	TL: 8.074e-05	VL: 6.312e-04	LR:3.90625e-06
Epoch: 317	TL: 8.096e-05	VL: 6.312e-04	LR:3.90625e-06
Epoch: 318	TL: 8.072e-05	VL: 6.273e-04	LR:3.90625e-06
Epoch: 319	TL: 8.089e-05	VL: 6.290e-04	LR:3.90625e-06
Epoch: 320	TL: 8.071e-05	VL: 6.279e-04	LR:3.90625e-06
Epoch: 321	TL: 8.057e-05	VL: 6.289e-04	LR:3.90625e-06
Epoch: 322	TL: 8.073e-05	VL: 6.298e-04	LR:3.90625e-06
Epoch: 323	TL: 8.087e-05	VL: 6.302e-04	LR:3.90625e-06
Epoch: 324	TL: 8.059e-05	VL: 6.372e-04	LR:3.90625e-06
Epoch: 325	TL: 8.043e-05	VL: 6.271e-04	LR:3.90625e-06
Epoch: 326	TL: 8.081e-05	VL: 6.294e-04	LR:3.90625e-06
Epoch: 327	TL: 8.039e-05	VL: 6.300e-04	LR:3.90625e-06
Epoch: 328	TL: 8.036e-05	VL: 6.287e-04	LR:1.953125e-06
Epoch: 329	TL: 7.860e-05	VL: 6.280e-04	LR:1.953125e-06
Epoch: 330	TL: 7.863e-05	VL: 6.306e-04	LR:1.953125e-06
Epoch: 331	TL: 7.879e-05	VL: 6.278e-04	LR:1.953125e-06
Epoch: 332	TL: 7.886e-05	VL: 6.317e-04	LR:1.953125e-06
Epoch: 333	TL: 7.886e-05	VL: 6.299e-04	LR:1.953125e-06
Epoch: 334	TL: 7.865e-05	VL: 6.279e-04	LR:1.953125e-06
Epoch: 335	TL: 7.882e-05	VL: 6.286e-04	LR:1.953125e-06
Epoch: 336	TL: 7.861e-05	VL: 6.281e-04	LR:1.953125e-06
Epoch: 337	TL: 7.864e-05	VL: 6.284e-04	LR:9.765625e-07
Epoch: 338	TL: 7.763e-05	VL: 6.276e-04	LR:9.765625e-07
Epoch: 339	TL: 7.762e-05	VL: 6.289e-04	LR:9.765625e-07
Epoch: 340	TL: 7.772e-05	VL: 6.279e-04	LR:9.765625e-07
Epoch: 341	TL: 7.764e-05	VL: 6.278e-04	LR:9.765625e-07
Epoch: 342	TL: 7.772e-05	VL: 6.272e-04	LR:9.765625e-07
Epoch: 343	TL: 7.757e-05	VL: 6.279e-04	LR:9.765625e-07
Epoch: 344	TL: 7.766e-05	VL: 6.264e-04	LR:9.765625e-07
Epoch: 345	TL: 7.765e-05	VL: 6.278e-04	LR:9.765625e-07
Epoch: 346	TL: 7.762e-05	VL: 6.281e-04	LR:9.765625e-07
Epoch: 347	TL: 7.770e-05	VL: 6.277e-04	LR:9.765625e-07
Epoch: 348	TL: 7.771e-05	VL: 6.297e-04	LR:9.765625e-07
Epoch: 349	TL: 7.757e-05	VL: 6.283e-04	LR:9.765625e-07
Epoch: 350	TL: 7.753e-05	VL: 6.270e-04	LR:4.8828125e-07
Epoch: 351	TL: 7.719e-05	VL: 6.268e-04	LR:4.8828125e-07
Epoch: 352	TL: 7.709e-05	VL: 6.271e-04	LR:4.8828125e-07
Epoch: 353	TL: 7.709e-05	VL: 6.290e-04	LR:4.8828125e-07
Epoch: 354	TL: 7.711e-05	VL: 6.270e-04	LR:4.8828125e-07
Epoch: 355	TL: 7.704e-05	VL: 6.270e-04	LR:4.8828125e-07
Epoch: 356	TL: 7.713e-05	VL: 6.280e-04	LR:2.44140625e-07
Epoch: 357	TL: 7.683e-05	VL: 6.276e-04	LR:2.44140625e-07
Epoch: 358	TL: 7.682e-05	VL: 6.268e-04	LR:2.44140625e-07
Epoch: 359	TL: 7.688e-05	VL: 6.271e-04	LR:2.44140625e-07
Epoch: 360	TL: 7.670e-05	VL: 6.268e-04	LR:2.44140625e-07
Epoch: 361	TL: 7.686e-05	VL: 6.272e-04	LR:2.44140625e-07
Epoch: 362	TL: 7.683e-05	VL: 6.266e-04	LR:2.44140625e-07
Epoch: 363	TL: 7.678e-05	VL: 6.271e-04	LR:2.44140625e-07
Epoch: 364	TL: 7.675e-05	VL: 6.269e-04	LR:1.220703125e-07
Epoch: 365	TL: 7.670e-05	VL: 6.267e-04	LR:1.220703125e-07
Epoch: 366	TL: 7.657e-05	VL: 6.267e-04	LR:1.220703125e-07
Epoch: 367	TL: 7.666e-05	VL: 6.270e-04	LR:1.220703125e-07
Epoch: 368	TL: 7.663e-05	VL: 6.268e-04	LR:1.220703125e-07
Epoch: 369	TL: 7.663e-05	VL: 6.268e-04	LR:1.220703125e-07
Epoch: 370	TL: 7.665e-05	VL: 6.273e-04	LR:1.220703125e-07
Epoch: 371	TL: 7.666e-05	VL: 6.276e-04	LR:1.220703125e-07
Epoch: 372	TL: 7.657e-05	VL: 6.271e-04	LR:1.220703125e-07
Epoch: 373	TL: 7.661e-05	VL: 6.272e-04	LR:1.220703125e-07
Epoch: 374	TL: 7.657e-05	VL: 6.274e-04	LR:1.220703125e-07
Epoch: 375	TL: 7.667e-05	VL: 6.271e-04	LR:6.103515625e-08
Epoch: 376	TL: 7.655e-05	VL: 6.275e-04	LR:6.103515625e-08
Epoch: 377	TL: 7.654e-05	VL: 6.269e-04	LR:6.103515625e-08
Epoch: 378	TL: 7.654e-05	VL: 6.269e-04	LR:6.103515625e-08
Epoch: 379	TL: 7.653e-05	VL: 6.272e-04	LR:6.103515625e-08
Epoch: 380	TL: 7.659e-05	VL: 6.272e-04	LR:6.103515625e-08
Epoch: 381	TL: 7.656e-05	VL: 6.271e-04	LR:3.0517578125e-08
Epoch: 382	TL: 7.656e-05	VL: 6.272e-04	LR:3.0517578125e-08
Epoch: 383	TL: 7.653e-05	VL: 6.271e-04	LR:3.0517578125e-08
Epoch: 384	TL: 7.652e-05	VL: 6.268e-04	LR:3.0517578125e-08
Epoch: 385	TL: 7.651e-05	VL: 6.272e-04	LR:3.0517578125e-08
Epoch: 386	TL: 7.650e-05	VL: 6.273e-04	LR:3.0517578125e-08
Epoch: 387	TL: 7.648e-05	VL: 6.270e-04	LR:1.52587890625e-08
Epoch: 388	TL: 7.651e-05	VL: 6.271e-04	LR:1.52587890625e-08
Epoch: 389	TL: 7.650e-05	VL: 6.273e-04	LR:1.52587890625e-08
Epoch: 390	TL: 7.649e-05	VL: 6.273e-04	LR:1.52587890625e-08
Epoch: 391	TL: 7.650e-05	VL: 6.272e-04	LR:1.52587890625e-08
Epoch: 392	TL: 7.648e-05	VL: 6.269e-04	LR:1.52587890625e-08
Epoch: 393	TL: 7.652e-05	VL: 6.270e-04	LR:1.52587890625e-08
Epoch: 394	TL: 7.651e-05	VL: 6.274e-04	LR:1.52587890625e-08
Epoch: 395	TL: 7.645e-05	VL: 6.272e-04	LR:1.52587890625e-08
Epoch: 396	TL: 7.653e-05	VL: 6.272e-04	LR:1.52587890625e-08
Epoch: 397	TL: 7.648e-05	VL: 6.271e-04	LR:1.52587890625e-08
Epoch: 398	TL: 7.649e-05	VL: 6.272e-04	LR:1.52587890625e-08
Epoch: 399	TL: 7.648e-05	VL: 6.271e-04	LR:1.52587890625e-08
Epoch: 400	TL: 7.652e-05	VL: 6.269e-04	LR:1.52587890625e-08
Epoch: 401	TL: 7.654e-05	VL: 6.272e-04	LR:1.52587890625e-08
Epoch: 402	TL: 7.652e-05	VL: 6.272e-04	LR:1.52587890625e-08
Epoch: 403	TL: 7.645e-05	VL: 6.273e-04	LR:1.52587890625e-08
Epoch: 404	TL: 7.648e-05	VL: 6.272e-04	LR:1.52587890625e-08
Epoch: 405	TL: 7.654e-05	VL: 6.273e-04	LR:1.52587890625e-08
Epoch: 406	TL: 7.649e-05	VL: 6.273e-04	LR:1.52587890625e-08
Epoch: 407	TL: 7.651e-05	VL: 6.272e-04	LR:1.52587890625e-08
Epoch: 408	TL: 7.646e-05	VL: 6.273e-04	LR:1.52587890625e-08
Epoch: 409	TL: 7.651e-05	VL: 6.269e-04	LR:1.52587890625e-08
Epoch: 410	TL: 7.650e-05	VL: 6.270e-04	LR:1.52587890625e-08
Epoch: 411	TL: 7.651e-05	VL: 6.270e-04	LR:1.52587890625e-08
Epoch: 412	TL: 7.648e-05	VL: 6.270e-04	LR:1.52587890625e-08
Epoch: 413	TL: 7.652e-05	VL: 6.271e-04	LR:1.52587890625e-08
Epoch: 414	TL: 7.647e-05	VL: 6.272e-04	LR:1.52587890625e-08
Epoch: 415	TL: 7.647e-05	VL: 6.272e-04	LR:1.52587890625e-08
Epoch: 416	TL: 7.648e-05	VL: 6.271e-04	LR:1.52587890625e-08
Epoch: 417	TL: 7.651e-05	VL: 6.270e-04	LR:1.52587890625e-08
Epoch: 418	TL: 7.649e-05	VL: 6.269e-04	LR:1.52587890625e-08
Epoch: 419	TL: 7.652e-05	VL: 6.272e-04	LR:1.52587890625e-08
Epoch: 420	TL: 7.648e-05	VL: 6.270e-04	LR:1.52587890625e-08
Epoch: 421	TL: 7.648e-05	VL: 6.271e-04	LR:1.52587890625e-08
Epoch: 422	TL: 7.647e-05	VL: 6.271e-04	LR:1.52587890625e-08
Epoch: 423	TL: 7.646e-05	VL: 6.270e-04	LR:1.52587890625e-08
Epoch: 424	TL: 7.647e-05	VL: 6.270e-04	LR:1.52587890625e-08
Epoch: 425	TL: 7.645e-05	VL: 6.273e-04	LR:1.52587890625e-08
Epoch: 426	TL: 7.648e-05	VL: 6.270e-04	LR:1.52587890625e-08
Epoch: 427	TL: 7.651e-05	VL: 6.271e-04	LR:1.52587890625e-08
Epoch: 428	TL: 7.647e-05	VL: 6.270e-04	LR:1.52587890625e-08
Epoch: 429	TL: 7.647e-05	VL: 6.272e-04	LR:1.52587890625e-08
Epoch: 430	TL: 7.647e-05	VL: 6.272e-04	LR:1.52587890625e-08
Epoch: 431	TL: 7.650e-05	VL: 6.270e-04	LR:1.52587890625e-08
Epoch: 432	TL: 7.649e-05	VL: 6.274e-04	LR:1.52587890625e-08
Epoch: 433	TL: 7.649e-05	VL: 6.273e-04	LR:1.52587890625e-08
Epoch: 434	TL: 7.651e-05	VL: 6.273e-04	LR:1.52587890625e-08
Epoch: 435	TL: 7.643e-05	VL: 6.272e-04	LR:1.52587890625e-08
Epoch: 436	TL: 7.647e-05	VL: 6.269e-04	LR:1.52587890625e-08
Epoch: 437	TL: 7.648e-05	VL: 6.272e-04	LR:1.52587890625e-08
Epoch: 438	TL: 7.648e-05	VL: 6.272e-04	LR:1.52587890625e-08
Epoch: 439	TL: 7.650e-05	VL: 6.272e-04	LR:1.52587890625e-08
Epoch: 440	TL: 7.652e-05	VL: 6.270e-04	LR:1.52587890625e-08
Epoch: 441	TL: 7.652e-05	VL: 6.270e-04	LR:1.52587890625e-08
Epoch: 442	TL: 7.645e-05	VL: 6.272e-04	LR:1.52587890625e-08
Epoch: 443	TL: 7.647e-05	VL: 6.275e-04	LR:1.52587890625e-08
Epoch: 444	TL: 7.646e-05	VL: 6.273e-04	LR:1.52587890625e-08
Epoch: 445	TL: 7.651e-05	VL: 6.270e-04	LR:1.52587890625e-08
Epoch: 446	TL: 7.649e-05	VL: 6.273e-04	LR:1.52587890625e-08
Epoch: 447	TL: 7.648e-05	VL: 6.269e-04	LR:1.52587890625e-08
Epoch: 448	TL: 7.648e-05	VL: 6.271e-04	LR:1.52587890625e-08
Epoch: 449	TL: 7.649e-05	VL: 6.272e-04	LR:1.52587890625e-08
Epoch: 450	TL: 7.650e-05	VL: 6.271e-04	LR:1.52587890625e-08
Epoch: 451	TL: 7.649e-05	VL: 6.272e-04	LR:1.52587890625e-08
Epoch: 452	TL: 7.647e-05	VL: 6.269e-04	LR:1.52587890625e-08
Epoch: 453	TL: 7.653e-05	VL: 6.272e-04	LR:1.52587890625e-08
Early stopping triggered after 454 epochs.
Test MAE: 11.783
