Sun Dec 15 18:56:52 2024       
+-----------------------------------------------------------------------------------------+
| NVIDIA-SMI 565.57.01              Driver Version: 565.57.01      CUDA Version: 12.7     |
|-----------------------------------------+------------------------+----------------------+
| GPU  Name                 Persistence-M | Bus-Id          Disp.A | Volatile Uncorr. ECC |
| Fan  Temp   Perf          Pwr:Usage/Cap |           Memory-Usage | GPU-Util  Compute M. |
|                                         |                        |               MIG M. |
|=========================================+========================+======================|
|   0  Tesla V100-SXM2-32GB           On  |   00000000:15:00.0 Off |                    0 |
| N/A   49C    P0             70W /  300W |       1MiB /  32768MiB |      0%   E. Process |
|                                         |                        |                  N/A |
+-----------------------------------------+------------------------+----------------------+
                                                                                         
+-----------------------------------------------------------------------------------------+
| Processes:                                                                              |
|  GPU   GI   CI        PID   Type   Process name                              GPU Memory |
|        ID   ID                                                               Usage      |
|=========================================================================================|
|  No running processes found                                                             |
+-----------------------------------------------------------------------------------------+
cuda
Tesla V100-SXM2-32GB
Epoch: 1	TL: 4.794e-01	VL: 7.418e-02	 7.418e-02	 adam_lr:0.0005
Epoch: 2	TL: 4.747e-02	VL: 3.324e-02	 7.009e-02	 adam_lr:0.0005
Epoch: 3	TL: 2.251e-02	VL: 4.016e-02	 6.709e-02	 adam_lr:0.0005
Epoch: 4	TL: 1.532e-02	VL: 1.924e-02	 6.231e-02	 adam_lr:0.0005
Epoch: 5	TL: 1.205e-02	VL: 1.667e-02	 5.775e-02	 adam_lr:0.0005
Epoch: 6	TL: 1.042e-02	VL: 6.294e-03	 5.260e-02	 adam_lr:0.0005
Epoch: 7	TL: 9.333e-03	VL: 6.605e-03	 4.800e-02	 adam_lr:0.0005
Epoch: 8	TL: 8.326e-03	VL: 1.238e-02	 4.444e-02	 adam_lr:0.0005
Epoch: 9	TL: 7.300e-03	VL: 7.220e-03	 4.072e-02	 adam_lr:0.0005
Epoch: 10	TL: 7.218e-03	VL: 5.901e-03	 3.724e-02	 adam_lr:0.0005
Epoch: 11	TL: 6.526e-03	VL: 7.891e-03	 3.430e-02	 adam_lr:0.0005
Epoch: 12	TL: 5.859e-03	VL: 1.018e-02	 3.189e-02	 adam_lr:0.0005
Epoch: 13	TL: 5.607e-03	VL: 5.527e-03	 2.925e-02	 adam_lr:0.0005
Epoch: 14	TL: 5.709e-03	VL: 5.828e-03	 2.691e-02	 adam_lr:0.0005
Epoch: 15	TL: 4.767e-03	VL: 3.460e-03	 2.457e-02	 adam_lr:0.0005
Epoch: 16	TL: 4.740e-03	VL: 5.356e-03	 2.264e-02	 adam_lr:0.0005
Epoch: 17	TL: 4.634e-03	VL: 3.320e-03	 2.071e-02	 adam_lr:0.0005
Epoch: 18	TL: 4.545e-03	VL: 3.553e-03	 1.900e-02	 adam_lr:0.0005
Epoch: 19	TL: 3.811e-03	VL: 5.371e-03	 1.763e-02	 adam_lr:0.0005
Epoch: 20	TL: 3.871e-03	VL: 3.037e-03	 1.617e-02	 adam_lr:0.0005
Epoch: 21	TL: 3.861e-03	VL: 3.464e-03	 1.490e-02	 adam_lr:0.0005
Epoch: 22	TL: 3.574e-03	VL: 3.078e-03	 1.372e-02	 adam_lr:0.0005
Epoch: 23	TL: 3.559e-03	VL: 2.560e-03	 1.260e-02	 adam_lr:0.0005
Epoch: 24	TL: 3.357e-03	VL: 2.790e-03	 1.162e-02	 adam_lr:0.0005
Epoch: 25	TL: 3.402e-03	VL: 2.870e-03	 1.075e-02	 adam_lr:0.0005
Epoch: 26	TL: 3.073e-03	VL: 6.467e-03	 1.032e-02	 adam_lr:0.0005
Epoch: 27	TL: 3.125e-03	VL: 2.778e-03	 9.565e-03	 adam_lr:0.0005
Epoch: 28	TL: 2.930e-03	VL: 2.116e-03	 8.821e-03	 adam_lr:0.0005
Epoch: 29	TL: 2.886e-03	VL: 2.020e-03	 8.141e-03	 adam_lr:0.0005
Epoch: 30	TL: 2.695e-03	VL: 4.669e-03	 7.793e-03	 adam_lr:0.0005
Epoch: 31	TL: 2.978e-03	VL: 2.823e-03	 7.296e-03	 adam_lr:0.0005
Epoch: 32	TL: 2.737e-03	VL: 3.876e-03	 6.954e-03	 adam_lr:0.0005
Epoch: 33	TL: 2.591e-03	VL: 4.129e-03	 6.672e-03	 adam_lr:0.0005
Epoch: 34	TL: 2.556e-03	VL: 2.549e-03	 6.259e-03	 adam_lr:0.0005
Epoch: 35	TL: 2.685e-03	VL: 2.185e-03	 5.852e-03	 adam_lr:0.0005
Epoch: 36	TL: 2.424e-03	VL: 1.989e-03	 5.466e-03	 adam_lr:0.0005
Epoch: 37	TL: 2.640e-03	VL: 1.905e-03	 5.110e-03	 adam_lr:0.0005
Epoch: 38	TL: 2.187e-03	VL: 4.642e-03	 5.063e-03	 adam_lr:0.0005
Epoch: 39	TL: 2.461e-03	VL: 3.071e-03	 4.864e-03	 adam_lr:0.0005
Epoch: 40	TL: 2.131e-03	VL: 2.578e-03	 4.635e-03	 adam_lr:0.0005
Epoch: 41	TL: 2.234e-03	VL: 2.896e-03	 4.461e-03	 adam_lr:0.0005
Epoch: 42	TL: 2.198e-03	VL: 2.956e-03	 4.311e-03	 adam_lr:0.0005
Epoch: 43	TL: 2.155e-03	VL: 2.036e-03	 4.083e-03	 adam_lr:0.0005
Epoch: 44	TL: 2.197e-03	VL: 5.160e-03	 4.191e-03	 adam_lr:0.0005
Epoch: 45	TL: 2.033e-03	VL: 3.309e-03	 4.103e-03	 adam_lr:0.0005
Epoch: 46	TL: 2.084e-03	VL: 1.737e-03	 3.866e-03	 adam_lr:0.0005
Epoch: 47	TL: 1.967e-03	VL: 2.627e-03	 3.742e-03	 adam_lr:0.0005
Epoch: 48	TL: 2.148e-03	VL: 2.888e-03	 3.657e-03	 adam_lr:0.0005
Epoch: 49	TL: 1.849e-03	VL: 1.657e-03	 3.457e-03	 adam_lr:0.0005
Epoch: 50	TL: 1.896e-03	VL: 1.698e-03	 3.281e-03	 adam_lr:0.0005
Epoch: 51	TL: 1.969e-03	VL: 1.924e-03	 3.145e-03	 adam_lr:0.0005
Epoch: 52	TL: 1.704e-03	VL: 2.470e-03	 3.078e-03	 adam_lr:0.0005
Epoch: 53	TL: 1.896e-03	VL: 1.747e-03	 2.945e-03	 adam_lr:0.0005
Epoch: 54	TL: 1.749e-03	VL: 4.994e-03	 3.150e-03	 adam_lr:0.0005
Epoch: 55	TL: 1.854e-03	VL: 1.448e-03	 2.979e-03	 adam_lr:0.0005
Epoch: 56	TL: 1.755e-03	VL: 1.879e-03	 2.869e-03	 adam_lr:0.0005
Epoch: 57	TL: 1.797e-03	VL: 1.296e-03	 2.712e-03	 adam_lr:0.0005
Epoch: 58	TL: 1.618e-03	VL: 2.351e-03	 2.676e-03	 adam_lr:0.0005
Epoch: 59	TL: 1.753e-03	VL: 2.353e-03	 2.644e-03	 adam_lr:0.0005
Epoch: 60	TL: 1.539e-03	VL: 1.801e-03	 2.560e-03	 adam_lr:0.0005
Epoch: 61	TL: 1.511e-03	VL: 1.452e-03	 2.449e-03	 adam_lr:0.0005
Epoch: 62	TL: 1.650e-03	VL: 2.845e-03	 2.488e-03	 adam_lr:0.0005
Epoch: 63	TL: 1.580e-03	VL: 5.813e-03	 2.821e-03	 adam_lr:0.0005
Epoch: 64	TL: 1.494e-03	VL: 1.616e-03	 2.700e-03	 adam_lr:0.0005
Epoch: 65	TL: 1.760e-03	VL: 1.841e-03	 2.614e-03	 adam_lr:0.0005
Epoch: 66	TL: 1.500e-03	VL: 1.401e-03	 2.493e-03	 adam_lr:0.0005
Epoch: 67	TL: 1.605e-03	VL: 1.801e-03	 2.424e-03	 adam_lr:0.0005
Epoch: 68	TL: 1.548e-03	VL: 2.979e-03	 2.479e-03	 adam_lr:0.0005
Epoch: 69	TL: 1.467e-03	VL: 1.755e-03	 2.407e-03	 adam_lr:0.0005
Epoch: 70	TL: 1.454e-03	VL: 1.794e-03	 2.346e-03	 adam_lr:0.0005
Epoch: 71	TL: 1.566e-03	VL: 1.421e-03	 2.253e-03	 adam_lr:0.0005
Epoch: 72	TL: 1.346e-03	VL: 2.001e-03	 2.228e-03	 adam_lr:0.0005
Epoch: 73	TL: 1.399e-03	VL: 1.522e-03	 2.157e-03	 adam_lr:0.0005
Epoch: 74	TL: 1.421e-03	VL: 1.971e-03	 2.139e-03	 adam_lr:0.0005
Epoch: 75	TL: 1.488e-03	VL: 1.633e-03	 2.088e-03	 adam_lr:0.0005
Epoch: 76	TL: 1.249e-03	VL: 1.929e-03	 2.072e-03	 adam_lr:0.0005
Epoch: 77	TL: 1.352e-03	VL: 1.538e-03	 2.019e-03	 adam_lr:0.0005
Epoch: 78	TL: 1.286e-03	VL: 1.330e-03	 1.950e-03	 adam_lr:0.0005
Epoch: 79	TL: 1.442e-03	VL: 1.145e-03	 1.869e-03	 adam_lr:0.0005
Epoch: 80	TL: 1.252e-03	VL: 1.438e-03	 1.826e-03	 adam_lr:0.0005
Epoch: 81	TL: 1.507e-03	VL: 1.162e-03	 1.760e-03	 adam_lr:0.0005
Epoch: 82	TL: 1.186e-03	VL: 3.505e-03	 1.934e-03	 adam_lr:0.0005
Epoch: 83	TL: 1.218e-03	VL: 2.291e-03	 1.970e-03	 adam_lr:0.0005
Epoch: 84	TL: 1.331e-03	VL: 1.668e-03	 1.940e-03	 adam_lr:0.0005
Epoch: 85	TL: 1.299e-03	VL: 1.749e-03	 1.921e-03	 adam_lr:0.0005
Epoch: 86	TL: 1.307e-03	VL: 1.941e-03	 1.923e-03	 adam_lr:0.0005
Epoch: 87	TL: 1.081e-03	VL: 1.289e-03	 1.859e-03	 adam_lr:0.0005
Epoch: 88	TL: 1.346e-03	VL: 1.682e-03	 1.842e-03	 adam_lr:0.0005
Epoch: 89	TL: 1.214e-03	VL: 1.354e-03	 1.793e-03	 adam_lr:0.0005
Epoch: 90	TL: 1.205e-03	VL: 1.705e-03	 1.784e-03	 adam_lr:0.0005
Epoch: 91	TL: 1.141e-03	VL: 1.215e-03	 1.727e-03	 adam_lr:0.0005
Epoch: 92	TL: 1.156e-03	VL: 1.281e-03	 1.683e-03	 adam_lr:0.0005
Epoch: 93	TL: 1.419e-03	VL: 1.091e-03	 1.623e-03	 adam_lr:0.0005
Epoch: 94	TL: 1.141e-03	VL: 1.083e-03	 1.569e-03	 adam_lr:0.0005
Epoch: 95	TL: 1.212e-03	VL: 1.537e-03	 1.566e-03	 adam_lr:0.0005
Epoch: 96	TL: 1.145e-03	VL: 1.509e-03	 1.560e-03	 adam_lr:0.0005
Epoch: 97	TL: 1.239e-03	VL: 1.426e-03	 1.547e-03	 adam_lr:0.0005
Epoch: 98	TL: 1.179e-03	VL: 1.296e-03	 1.522e-03	 adam_lr:0.0005
Epoch: 99	TL: 1.085e-03	VL: 1.347e-03	 1.504e-03	 adam_lr:0.0005
Epoch: 100	TL: 1.031e-03	VL: 1.526e-03	 1.507e-03	 adam_lr:0.0005
Epoch: 101	TL: 1.198e-03	VL: 1.270e-03	 1.483e-03	 adam_lr:0.0005
Epoch: 102	TL: 1.105e-03	VL: 1.278e-03	 1.462e-03	 adam_lr:0.0005
Epoch: 103	TL: 1.080e-03	VL: 1.679e-03	 1.484e-03	 adam_lr:0.0005
Epoch: 104	TL: 1.085e-03	VL: 1.808e-03	 1.517e-03	 adam_lr:0.0005
Epoch: 105	TL: 1.109e-03	VL: 1.692e-03	 1.534e-03	 adam_lr:0.0005
Epoch: 106	TL: 1.087e-03	VL: 1.522e-03	 1.533e-03	 adam_lr:0.0005
Epoch: 107	TL: 1.050e-03	VL: 1.215e-03	 1.501e-03	 adam_lr:0.0005
Epoch: 108	TL: 1.079e-03	VL: 1.864e-03	 1.537e-03	 adam_lr:0.0005
Epoch: 109	TL: 1.078e-03	VL: 1.146e-03	 1.498e-03	 adam_lr:0.0005
Epoch: 110	TL: 1.115e-03	VL: 1.075e-03	 1.456e-03	 adam_lr:0.0005
Epoch: 111	TL: 9.709e-04	VL: 1.133e-03	 1.424e-03	 adam_lr:0.0005
Epoch: 112	TL: 1.108e-03	VL: 1.005e-03	 1.382e-03	 adam_lr:0.0005
Epoch: 113	TL: 9.739e-04	VL: 1.305e-03	 1.374e-03	 adam_lr:0.0005
Epoch: 114	TL: 1.070e-03	VL: 1.803e-03	 1.417e-03	 adam_lr:0.0005
Epoch: 115	TL: 1.026e-03	VL: 1.272e-03	 1.403e-03	 adam_lr:0.0005
Epoch: 116	TL: 1.042e-03	VL: 2.606e-03	 1.523e-03	 adam_lr:0.0005
Epoch: 117	TL: 1.112e-03	VL: 1.381e-03	 1.509e-03	 adam_lr:0.0005
Epoch: 118	TL: 9.808e-04	VL: 1.125e-03	 1.470e-03	 adam_lr:0.0005
Epoch: 119	TL: 1.018e-03	VL: 1.453e-03	 1.469e-03	 adam_lr:0.0005
Epoch: 120	TL: 9.106e-04	VL: 1.269e-03	 1.449e-03	 adam_lr:0.0005
Epoch: 121	TL: 9.857e-04	VL: 1.281e-03	 1.432e-03	 adam_lr:0.0005
Epoch: 122	TL: 1.030e-03	VL: 1.248e-03	 1.414e-03	 adam_lr:0.0005
Epoch: 123	TL: 9.532e-04	VL: 1.459e-03	 1.418e-03	 adam_lr:0.0005
Epoch: 124	TL: 1.014e-03	VL: 1.032e-03	 1.380e-03	 adam_lr:0.0005
Epoch: 125	TL: 9.306e-04	VL: 1.337e-03	 1.375e-03	 adam_lr:0.0005
Epoch: 126	TL: 9.743e-04	VL: 1.094e-03	 1.347e-03	 adam_lr:0.0005
Epoch: 127	TL: 9.036e-04	VL: 1.883e-03	 1.401e-03	 adam_lr:0.0005
Epoch: 128	TL: 1.043e-03	VL: 2.649e-03	 1.526e-03	 adam_lr:0.0005
Epoch: 129	TL: 8.521e-04	VL: 1.299e-03	 1.503e-03	 adam_lr:0.0005
Epoch: 130	TL: 9.109e-04	VL: 1.195e-03	 1.472e-03	 adam_lr:0.0005
Epoch: 131	TL: 9.274e-04	VL: 1.194e-03	 1.444e-03	 adam_lr:0.0005
Epoch: 132	TL: 9.295e-04	VL: 2.714e-03	 1.571e-03	 adam_lr:0.0005
Epoch: 133	TL: 9.614e-04	VL: 1.098e-03	 1.524e-03	 adam_lr:0.0005
Epoch: 134	TL: 9.086e-04	VL: 1.025e-03	 1.474e-03	 adam_lr:0.0005
Epoch: 135	TL: 9.822e-04	VL: 1.162e-03	 1.443e-03	 adam_lr:0.0005
Epoch: 136	TL: 7.920e-04	VL: 1.120e-03	 1.411e-03	 adam_lr:0.0005
Epoch: 137	TL: 8.813e-04	VL: 1.297e-03	 1.399e-03	 adam_lr:0.0005
Epoch: 138	TL: 9.600e-04	VL: 1.507e-03	 1.410e-03	 adam_lr:0.0005
Epoch: 139	TL: 8.376e-04	VL: 2.330e-03	 1.502e-03	 adam_lr:0.0005
Epoch: 140	TL: 9.321e-04	VL: 1.922e-03	 1.544e-03	 adam_lr:0.0005
Epoch: 141	TL: 8.567e-04	VL: 8.950e-04	 1.479e-03	 adam_lr:0.0005
Epoch: 142	TL: 9.038e-04	VL: 1.347e-03	 1.466e-03	 adam_lr:0.0005
Epoch: 143	TL: 8.856e-04	VL: 1.595e-03	 1.479e-03	 adam_lr:0.0005
Epoch: 144	TL: 8.516e-04	VL: 2.068e-03	 1.538e-03	 adam_lr:0.0005
Epoch: 145	TL: 9.621e-04	VL: 1.113e-03	 1.495e-03	 adam_lr:0.0005
Epoch: 146	TL: 7.875e-04	VL: 1.129e-03	 1.459e-03	 adam_lr:0.0005
Epoch: 147	TL: 8.669e-04	VL: 1.239e-03	 1.437e-03	 adam_lr:0.0005
Epoch: 148	TL: 8.290e-04	VL: 1.456e-03	 1.439e-03	 adam_lr:0.0005
Epoch: 149	TL: 8.868e-04	VL: 1.036e-03	 1.398e-03	 adam_lr:0.0005
Epoch: 150	TL: 8.577e-04	VL: 1.098e-03	 1.368e-03	 adam_lr:0.0005
Epoch: 151	TL: 8.551e-04	VL: 3.382e-03	 1.570e-03	 adam_lr:0.0005
Epoch: 152	TL: 8.402e-04	VL: 1.510e-03	 1.564e-03	 adam_lr:0.0005
Epoch: 153	TL: 8.753e-04	VL: 1.084e-03	 1.516e-03	 adam_lr:0.0005
Epoch: 154	TL: 8.629e-04	VL: 1.294e-03	 1.494e-03	 adam_lr:0.0005
Epoch: 155	TL: 9.041e-04	VL: 1.113e-03	 1.456e-03	 adam_lr:0.0005
Epoch: 156	TL: 8.152e-04	VL: 1.626e-03	 1.473e-03	 adam_lr:0.0005
Epoch: 157	TL: 7.890e-04	VL: 1.117e-03	 1.437e-03	 adam_lr:0.0005
Epoch: 158	TL: 3.171e-04	VL: 8.464e-04	 1.378e-03	 adam_lr:0.00025
Epoch: 159	TL: 3.616e-04	VL: 1.015e-03	 1.342e-03	 adam_lr:0.00025
Epoch: 160	TL: 3.908e-04	VL: 7.396e-04	 1.281e-03	 adam_lr:0.00025
Epoch: 161	TL: 3.631e-04	VL: 8.946e-04	 1.243e-03	 adam_lr:0.00025
Epoch: 162	TL: 3.661e-04	VL: 7.467e-04	 1.193e-03	 adam_lr:0.00025
Epoch: 163	TL: 3.883e-04	VL: 8.634e-04	 1.160e-03	 adam_lr:0.00025
Epoch: 164	TL: 3.621e-04	VL: 7.971e-04	 1.124e-03	 adam_lr:0.00025
Epoch: 165	TL: 3.500e-04	VL: 8.299e-04	 1.094e-03	 adam_lr:0.00025
Epoch: 166	TL: 3.769e-04	VL: 9.648e-04	 1.081e-03	 adam_lr:0.00025
Epoch: 167	TL: 3.629e-04	VL: 1.212e-03	 1.095e-03	 adam_lr:0.00025
Epoch: 168	TL: 3.587e-04	VL: 8.530e-04	 1.070e-03	 adam_lr:0.00025
Epoch: 169	TL: 3.711e-04	VL: 1.056e-03	 1.069e-03	 adam_lr:0.00025
Epoch: 170	TL: 3.525e-04	VL: 7.671e-04	 1.039e-03	 adam_lr:0.00025
Epoch: 171	TL: 3.625e-04	VL: 7.551e-04	 1.010e-03	 adam_lr:0.00025
Epoch: 172	TL: 3.505e-04	VL: 8.171e-04	 9.910e-04	 adam_lr:0.00025
Epoch: 173	TL: 3.563e-04	VL: 8.424e-04	 9.762e-04	 adam_lr:0.00025
Epoch: 174	TL: 3.619e-04	VL: 9.741e-04	 9.760e-04	 adam_lr:0.00025
Epoch: 175	TL: 3.537e-04	VL: 9.156e-04	 9.699e-04	 adam_lr:0.00025
Epoch: 176	TL: 3.221e-04	VL: 7.493e-04	 9.479e-04	 adam_lr:0.00025
Epoch: 177	TL: 3.614e-04	VL: 1.085e-03	 9.615e-04	 adam_lr:0.00025
Epoch: 178	TL: 3.485e-04	VL: 8.520e-04	 9.506e-04	 adam_lr:0.00025
Epoch: 179	TL: 3.305e-04	VL: 1.520e-03	 1.008e-03	 adam_lr:0.00025
Epoch: 180	TL: 3.499e-04	VL: 7.152e-04	 9.783e-04	 adam_lr:0.00025
Epoch: 181	TL: 3.307e-04	VL: 7.549e-04	 9.560e-04	 adam_lr:0.00025
Epoch: 182	TL: 3.538e-04	VL: 7.882e-04	 9.392e-04	 adam_lr:0.00025
Epoch: 183	TL: 3.044e-04	VL: 1.267e-03	 9.719e-04	 adam_lr:0.00025
Epoch: 184	TL: 3.561e-04	VL: 8.143e-04	 9.562e-04	 adam_lr:0.00025
Epoch: 185	TL: 3.184e-04	VL: 1.115e-03	 9.721e-04	 adam_lr:0.00025
Epoch: 186	TL: 3.430e-04	VL: 7.959e-04	 9.544e-04	 adam_lr:0.00025
Epoch: 187	TL: 3.389e-04	VL: 8.186e-04	 9.409e-04	 adam_lr:0.00025
Epoch: 188	TL: 3.359e-04	VL: 6.791e-04	 9.147e-04	 adam_lr:0.00025
Epoch: 189	TL: 3.287e-04	VL: 7.714e-04	 9.004e-04	 adam_lr:0.00025
Epoch: 190	TL: 3.283e-04	VL: 7.730e-04	 8.876e-04	 adam_lr:0.00025
Epoch: 191	TL: 3.196e-04	VL: 7.415e-04	 8.730e-04	 adam_lr:0.00025
Epoch: 192	TL: 3.159e-04	VL: 8.443e-04	 8.701e-04	 adam_lr:0.00025
Epoch: 193	TL: 3.100e-04	VL: 7.875e-04	 8.619e-04	 adam_lr:0.00025
Epoch: 194	TL: 3.335e-04	VL: 1.084e-03	 8.841e-04	 adam_lr:0.00025
Epoch: 195	TL: 3.426e-04	VL: 7.301e-04	 8.687e-04	 adam_lr:0.00025
Epoch: 196	TL: 2.979e-04	VL: 6.893e-04	 8.507e-04	 adam_lr:0.00025
Epoch: 197	TL: 3.286e-04	VL: 6.831e-04	 8.340e-04	 adam_lr:0.00025
Epoch: 198	TL: 3.224e-04	VL: 7.212e-04	 8.227e-04	 adam_lr:0.00025
Epoch: 199	TL: 3.168e-04	VL: 8.379e-04	 8.242e-04	 adam_lr:0.00025
Epoch: 200	TL: 3.166e-04	VL: 7.709e-04	 8.189e-04	 adam_lr:0.00025
Epoch: 201	TL: 3.065e-04	VL: 7.238e-04	 8.094e-04	 adam_lr:0.00025
Epoch: 202	TL: 3.146e-04	VL: 8.443e-04	 8.129e-04	 adam_lr:0.00025
Epoch: 203	TL: 3.139e-04	VL: 7.079e-04	 8.024e-04	 adam_lr:0.00025
Epoch: 204	TL: 3.242e-04	VL: 7.144e-04	 7.936e-04	 adam_lr:0.00025
Epoch: 205	TL: 3.212e-04	VL: 7.582e-04	 7.900e-04	 adam_lr:0.00025
Epoch: 206	TL: 3.352e-04	VL: 7.858e-04	 7.896e-04	 adam_lr:0.00025
Epoch: 207	TL: 2.840e-04	VL: 7.083e-04	 7.815e-04	 adam_lr:0.00025
Epoch: 208	TL: 3.228e-04	VL: 7.606e-04	 7.794e-04	 adam_lr:0.00025
Epoch: 209	TL: 3.102e-04	VL: 6.857e-04	 7.700e-04	 adam_lr:0.00025
Epoch: 210	TL: 3.155e-04	VL: 7.672e-04	 7.697e-04	 adam_lr:0.00025
Epoch: 211	TL: 3.209e-04	VL: 9.306e-04	 7.858e-04	 adam_lr:0.00025
Epoch: 212	TL: 3.092e-04	VL: 7.690e-04	 7.842e-04	 adam_lr:0.00025
Epoch: 213	TL: 2.934e-04	VL: 7.732e-04	 7.831e-04	 adam_lr:0.00025
Epoch: 214	TL: 3.163e-04	VL: 6.815e-04	 7.729e-04	 adam_lr:0.00025
Epoch: 215	TL: 2.985e-04	VL: 7.240e-04	 7.680e-04	 adam_lr:0.00025
Epoch: 216	TL: 3.138e-04	VL: 8.084e-04	 7.720e-04	 adam_lr:0.00025
Epoch: 217	TL: 2.979e-04	VL: 7.729e-04	 7.721e-04	 adam_lr:0.00025
Epoch: 218	TL: 3.213e-04	VL: 8.039e-04	 7.753e-04	 adam_lr:0.00025
Epoch: 219	TL: 2.954e-04	VL: 7.128e-04	 7.691e-04	 adam_lr:0.00025
Epoch: 220	TL: 2.886e-04	VL: 7.744e-04	 7.696e-04	 adam_lr:0.00025
Epoch: 221	TL: 3.207e-04	VL: 8.996e-04	 7.826e-04	 adam_lr:0.00025
Epoch: 222	TL: 3.090e-04	VL: 1.335e-03	 8.378e-04	 adam_lr:0.00025
Epoch: 223	TL: 2.972e-04	VL: 8.510e-04	 8.391e-04	 adam_lr:0.00025
Epoch: 224	TL: 3.029e-04	VL: 6.936e-04	 8.246e-04	 adam_lr:0.00025
Epoch: 225	TL: 3.019e-04	VL: 9.064e-04	 8.327e-04	 adam_lr:0.00025
Epoch: 226	TL: 2.989e-04	VL: 6.590e-04	 8.154e-04	 adam_lr:0.00025
Epoch: 227	TL: 2.911e-04	VL: 7.824e-04	 8.121e-04	 adam_lr:0.00025
Epoch: 228	TL: 3.134e-04	VL: 1.034e-03	 8.343e-04	 adam_lr:0.00025
Epoch: 229	TL: 2.726e-04	VL: 7.171e-04	 8.226e-04	 adam_lr:0.00025
Epoch: 230	TL: 3.321e-04	VL: 1.170e-03	 8.573e-04	 adam_lr:0.00025
Epoch: 231	TL: 2.773e-04	VL: 6.812e-04	 8.397e-04	 adam_lr:0.00025
Epoch: 232	TL: 3.011e-04	VL: 7.504e-04	 8.308e-04	 adam_lr:0.00025
Epoch: 233	TL: 2.896e-04	VL: 7.525e-04	 8.230e-04	 adam_lr:0.00025
Epoch: 234	TL: 2.780e-04	VL: 7.052e-04	 8.112e-04	 adam_lr:0.00025
Epoch: 235	TL: 3.122e-04	VL: 7.503e-04	 8.051e-04	 adam_lr:0.00025
Epoch: 236	TL: 2.889e-04	VL: 7.608e-04	 8.007e-04	 adam_lr:0.00025
Epoch: 237	TL: 2.936e-04	VL: 8.145e-04	 8.020e-04	 adam_lr:0.00025
Epoch: 238	TL: 2.999e-04	VL: 7.272e-04	 7.946e-04	 adam_lr:0.00025
Epoch: 239	TL: 2.969e-04	VL: 8.117e-04	 7.963e-04	 adam_lr:0.00025
Epoch: 240	TL: 2.867e-04	VL: 7.309e-04	 7.897e-04	 adam_lr:0.00025
Epoch: 241	TL: 2.898e-04	VL: 7.515e-04	 7.859e-04	 adam_lr:0.00025
Epoch: 242	TL: 2.897e-04	VL: 9.118e-04	 7.985e-04	 adam_lr:0.00025
Epoch: 243	TL: 2.865e-04	VL: 7.362e-04	 7.923e-04	 adam_lr:0.00025
Epoch: 244	TL: 2.773e-04	VL: 7.360e-04	 7.866e-04	 adam_lr:0.00025
Epoch: 245	TL: 2.834e-04	VL: 7.711e-04	 7.851e-04	 adam_lr:0.00025
Epoch: 246	TL: 2.865e-04	VL: 8.795e-04	 7.945e-04	 adam_lr:0.00025
Epoch: 247	TL: 1.364e-04	VL: 6.088e-04	 7.760e-04	 adam_lr:0.000125
Epoch: 248	TL: 1.446e-04	VL: 6.207e-04	 7.604e-04	 adam_lr:0.000125
Epoch: 249	TL: 1.572e-04	VL: 6.619e-04	 7.506e-04	 adam_lr:0.000125
Epoch: 250	TL: 1.487e-04	VL: 6.228e-04	 7.378e-04	 adam_lr:0.000125
Epoch: 251	TL: 1.592e-04	VL: 6.523e-04	 7.293e-04	 adam_lr:0.000125
Epoch: 252	TL: 1.560e-04	VL: 6.393e-04	 7.203e-04	 adam_lr:0.000125
Epoch: 253	TL: 1.540e-04	VL: 6.257e-04	 7.108e-04	 adam_lr:0.000125
Epoch: 254	TL: 1.505e-04	VL: 6.093e-04	 7.006e-04	 adam_lr:0.000125
Epoch: 255	TL: 1.492e-04	VL: 6.282e-04	 6.934e-04	 adam_lr:0.000125
Epoch: 256	TL: 1.572e-04	VL: 6.612e-04	 6.902e-04	 adam_lr:0.000125
Epoch: 257	TL: 1.406e-04	VL: 6.320e-04	 6.844e-04	 adam_lr:0.000125
Epoch: 258	TL: 1.506e-04	VL: 6.335e-04	 6.793e-04	 adam_lr:0.000125
Epoch: 259	TL: 1.476e-04	VL: 6.477e-04	 6.761e-04	 adam_lr:0.000125
Epoch: 260	TL: 1.470e-04	VL: 6.339e-04	 6.719e-04	 adam_lr:0.000125
Epoch: 261	TL: 1.522e-04	VL: 6.768e-04	 6.724e-04	 adam_lr:0.000125
Epoch: 262	TL: 1.425e-04	VL: 7.136e-04	 6.765e-04	 adam_lr:0.000125
Epoch: 263	TL: 1.484e-04	VL: 6.989e-04	 6.787e-04	 adam_lr:0.000125
Epoch: 264	TL: 1.469e-04	VL: 8.315e-04	 6.940e-04	 adam_lr:0.000125
Epoch: 265	TL: 1.484e-04	VL: 6.308e-04	 6.877e-04	 adam_lr:0.000125
Epoch: 266	TL: 1.380e-04	VL: 6.178e-04	 6.807e-04	 adam_lr:0.000125
Epoch: 267	TL: 1.466e-04	VL: 6.847e-04	 6.811e-04	 adam_lr:0.000125
Epoch: 268	TL: 1.503e-04	VL: 6.465e-04	 6.776e-04	 adam_lr:0.000125
Epoch: 269	TL: 1.388e-04	VL: 6.192e-04	 6.718e-04	 adam_lr:0.000125
Epoch: 270	TL: 1.470e-04	VL: 7.817e-04	 6.828e-04	 adam_lr:0.000125
Epoch: 271	TL: 1.440e-04	VL: 6.513e-04	 6.796e-04	 adam_lr:0.000125
Epoch: 272	TL: 1.402e-04	VL: 6.587e-04	 6.775e-04	 adam_lr:0.000125
Epoch: 273	TL: 1.451e-04	VL: 7.079e-04	 6.806e-04	 adam_lr:0.000125
Epoch: 274	TL: 1.456e-04	VL: 6.109e-04	 6.736e-04	 adam_lr:0.000125
Epoch: 275	TL: 1.390e-04	VL: 6.458e-04	 6.708e-04	 adam_lr:0.000125
Epoch: 276	TL: 1.501e-04	VL: 6.334e-04	 6.671e-04	 adam_lr:0.000125
Epoch: 277	TL: 1.323e-04	VL: 6.699e-04	 6.674e-04	 adam_lr:0.000125
Epoch: 278	TL: 1.423e-04	VL: 6.255e-04	 6.632e-04	 adam_lr:0.000125
Epoch: 279	TL: 1.466e-04	VL: 6.232e-04	 6.592e-04	 adam_lr:0.000125
Epoch: 280	TL: 1.392e-04	VL: 6.184e-04	 6.551e-04	 adam_lr:0.000125
Epoch: 281	TL: 1.425e-04	VL: 6.399e-04	 6.536e-04	 adam_lr:0.000125
Epoch: 282	TL: 1.361e-04	VL: 6.286e-04	 6.511e-04	 adam_lr:0.000125
Epoch: 283	TL: 1.417e-04	VL: 9.445e-04	 6.804e-04	 adam_lr:0.000125
Epoch: 284	TL: 1.398e-04	VL: 6.068e-04	 6.731e-04	 adam_lr:0.000125
Epoch: 285	TL: 1.347e-04	VL: 6.113e-04	 6.669e-04	 adam_lr:0.000125
Epoch: 286	TL: 1.356e-04	VL: 6.050e-04	 6.607e-04	 adam_lr:0.000125
Epoch: 287	TL: 1.422e-04	VL: 6.260e-04	 6.572e-04	 adam_lr:0.000125
Epoch: 288	TL: 1.391e-04	VL: 6.224e-04	 6.537e-04	 adam_lr:0.000125
Epoch: 289	TL: 1.372e-04	VL: 6.494e-04	 6.533e-04	 adam_lr:0.000125
Epoch: 290	TL: 1.335e-04	VL: 6.401e-04	 6.520e-04	 adam_lr:0.000125
Epoch: 291	TL: 1.351e-04	VL: 6.526e-04	 6.520e-04	 adam_lr:0.000125
Epoch: 292	TL: 1.394e-04	VL: 6.141e-04	 6.483e-04	 adam_lr:0.000125
Epoch: 293	TL: 1.377e-04	VL: 6.370e-04	 6.471e-04	 adam_lr:0.000125
Epoch: 294	TL: 1.367e-04	VL: 6.416e-04	 6.466e-04	 adam_lr:0.000125
Epoch: 295	TL: 1.379e-04	VL: 6.410e-04	 6.460e-04	 adam_lr:0.000125
Epoch: 296	TL: 1.378e-04	VL: 6.118e-04	 6.426e-04	 adam_lr:0.000125
Epoch: 297	TL: 1.347e-04	VL: 6.674e-04	 6.451e-04	 adam_lr:0.000125
Epoch: 298	TL: 1.341e-04	VL: 6.468e-04	 6.452e-04	 adam_lr:0.000125
Epoch: 299	TL: 1.351e-04	VL: 6.096e-04	 6.417e-04	 adam_lr:0.000125
Epoch: 300	TL: 1.377e-04	VL: 6.334e-04	 6.409e-04	 adam_lr:0.000125
Epoch: 301	TL: 1.299e-04	VL: 6.920e-04	 6.460e-04	 adam_lr:0.000125
Epoch: 302	TL: 1.336e-04	VL: 6.404e-04	 6.454e-04	 adam_lr:0.000125
Epoch: 303	TL: 1.340e-04	VL: 6.685e-04	 6.477e-04	 adam_lr:0.000125
Epoch: 304	TL: 1.371e-04	VL: 6.109e-04	 6.440e-04	 adam_lr:0.000125
Epoch: 305	TL: 1.344e-04	VL: 6.149e-04	 6.411e-04	 adam_lr:0.000125
Epoch: 306	TL: 1.287e-04	VL: 6.561e-04	 6.426e-04	 adam_lr:0.000125
Epoch: 307	TL: 1.334e-04	VL: 7.196e-04	 6.503e-04	 adam_lr:0.000125
Epoch: 308	TL: 1.317e-04	VL: 6.227e-04	 6.476e-04	 adam_lr:0.000125
Epoch: 309	TL: 1.286e-04	VL: 6.167e-04	 6.445e-04	 adam_lr:0.000125
Epoch: 310	TL: 1.255e-04	VL: 6.354e-04	 6.436e-04	 adam_lr:0.000125
Epoch: 311	TL: 1.307e-04	VL: 6.590e-04	 6.451e-04	 adam_lr:0.000125
Epoch: 312	TL: 1.371e-04	VL: 6.414e-04	 6.447e-04	 adam_lr:0.000125
Epoch: 313	TL: 1.335e-04	VL: 6.217e-04	 6.424e-04	 adam_lr:0.000125
Epoch: 314	TL: 1.314e-04	VL: 5.944e-04	 6.376e-04	 adam_lr:0.000125
Epoch: 315	TL: 1.322e-04	VL: 7.283e-04	 6.467e-04	 adam_lr:0.000125
Epoch: 316	TL: 1.300e-04	VL: 6.036e-04	 6.424e-04	 adam_lr:0.000125
Epoch: 317	TL: 1.330e-04	VL: 6.956e-04	 6.477e-04	 adam_lr:0.000125
Epoch: 318	TL: 1.309e-04	VL: 5.932e-04	 6.423e-04	 adam_lr:0.000125
Epoch: 319	TL: 1.283e-04	VL: 6.135e-04	 6.394e-04	 adam_lr:0.000125
Epoch: 320	TL: 1.340e-04	VL: 6.408e-04	 6.395e-04	 adam_lr:0.000125
Epoch: 321	TL: 1.235e-04	VL: 6.996e-04	 6.455e-04	 adam_lr:0.000125
Epoch: 322	TL: 1.346e-04	VL: 6.858e-04	 6.496e-04	 adam_lr:0.000125
Epoch: 323	TL: 1.287e-04	VL: 7.442e-04	 6.590e-04	 adam_lr:0.000125
Epoch: 324	TL: 1.284e-04	VL: 6.587e-04	 6.590e-04	 adam_lr:0.000125
Epoch: 325	TL: 1.253e-04	VL: 6.291e-04	 6.560e-04	 adam_lr:0.000125
Epoch: 326	TL: 1.287e-04	VL: 5.813e-04	 6.485e-04	 adam_lr:0.000125
Epoch: 327	TL: 1.358e-04	VL: 6.220e-04	 6.459e-04	 adam_lr:0.000125
Epoch: 328	TL: 1.294e-04	VL: 6.755e-04	 6.488e-04	 adam_lr:0.000125
Epoch: 329	TL: 1.300e-04	VL: 6.506e-04	 6.490e-04	 adam_lr:0.000125
Epoch: 330	TL: 1.266e-04	VL: 6.127e-04	 6.454e-04	 adam_lr:0.000125
Epoch: 331	TL: 1.246e-04	VL: 6.248e-04	 6.433e-04	 adam_lr:0.000125
Epoch: 332	TL: 1.279e-04	VL: 5.940e-04	 6.384e-04	 adam_lr:0.000125
Epoch: 333	TL: 1.302e-04	VL: 7.389e-04	 6.485e-04	 adam_lr:0.000125
Epoch: 334	TL: 1.249e-04	VL: 6.753e-04	 6.511e-04	 adam_lr:0.000125
Epoch: 335	TL: 1.283e-04	VL: 6.306e-04	 6.491e-04	 adam_lr:0.000125
Epoch: 336	TL: 1.226e-04	VL: 6.258e-04	 6.468e-04	 adam_lr:0.000125
Epoch: 337	TL: 1.305e-04	VL: 6.370e-04	 6.458e-04	 adam_lr:0.000125
Epoch: 338	TL: 1.221e-04	VL: 6.209e-04	 6.433e-04	 adam_lr:0.000125
Epoch: 339	TL: 1.323e-04	VL: 6.028e-04	 6.392e-04	 adam_lr:0.000125
Epoch: 340	TL: 1.223e-04	VL: 6.728e-04	 6.426e-04	 adam_lr:0.000125
Epoch: 341	TL: 1.251e-04	VL: 6.258e-04	 6.409e-04	 adam_lr:0.000125
Epoch: 342	TL: 1.296e-04	VL: 6.580e-04	 6.426e-04	 adam_lr:0.000125
Epoch: 343	TL: 1.213e-04	VL: 6.651e-04	 6.449e-04	 adam_lr:0.000125
Epoch: 344	TL: 1.267e-04	VL: 6.115e-04	 6.415e-04	 adam_lr:0.000125
Epoch: 345	TL: 1.267e-04	VL: 6.271e-04	 6.401e-04	 adam_lr:0.000125
Epoch: 346	TL: 7.733e-05	VL: 5.854e-04	 6.346e-04	 adam_lr:6.25e-05
Epoch: 347	TL: 8.098e-05	VL: 6.061e-04	 6.318e-04	 adam_lr:6.25e-05
Epoch: 348	TL: 8.268e-05	VL: 6.031e-04	 6.289e-04	 adam_lr:6.25e-05
Epoch: 349	TL: 8.350e-05	VL: 6.045e-04	 6.265e-04	 adam_lr:6.25e-05
Epoch: 350	TL: 8.007e-05	VL: 5.854e-04	 6.224e-04	 adam_lr:6.25e-05
Epoch: 351	TL: 8.135e-05	VL: 5.873e-04	 6.189e-04	 adam_lr:6.25e-05
Epoch: 352	TL: 8.142e-05	VL: 5.764e-04	 6.146e-04	 adam_lr:6.25e-05
Epoch: 353	TL: 8.230e-05	VL: 5.898e-04	 6.121e-04	 adam_lr:6.25e-05
Epoch: 354	TL: 8.029e-05	VL: 5.785e-04	 6.088e-04	 adam_lr:6.25e-05
Epoch: 355	TL: 8.271e-05	VL: 6.571e-04	 6.136e-04	 adam_lr:6.25e-05
Epoch: 356	TL: 8.045e-05	VL: 6.161e-04	 6.139e-04	 adam_lr:6.25e-05
Epoch: 357	TL: 7.872e-05	VL: 5.843e-04	 6.109e-04	 adam_lr:6.25e-05
Epoch: 358	TL: 8.187e-05	VL: 5.819e-04	 6.080e-04	 adam_lr:6.25e-05
Epoch: 359	TL: 8.054e-05	VL: 5.860e-04	 6.058e-04	 adam_lr:6.25e-05
Epoch: 360	TL: 7.922e-05	VL: 5.890e-04	 6.041e-04	 adam_lr:6.25e-05
Epoch: 361	TL: 8.010e-05	VL: 5.880e-04	 6.025e-04	 adam_lr:6.25e-05
Epoch: 362	TL: 8.041e-05	VL: 5.900e-04	 6.013e-04	 adam_lr:6.25e-05
Epoch: 363	TL: 7.889e-05	VL: 6.398e-04	 6.051e-04	 adam_lr:6.25e-05
Epoch: 364	TL: 7.938e-05	VL: 5.889e-04	 6.035e-04	 adam_lr:6.25e-05
Epoch: 365	TL: 7.824e-05	VL: 6.114e-04	 6.043e-04	 adam_lr:6.25e-05
Epoch: 366	TL: 8.032e-05	VL: 5.959e-04	 6.034e-04	 adam_lr:6.25e-05
Epoch: 367	TL: 7.847e-05	VL: 6.133e-04	 6.044e-04	 adam_lr:6.25e-05
Epoch: 368	TL: 7.991e-05	VL: 5.798e-04	 6.020e-04	 adam_lr:6.25e-05
Epoch: 369	TL: 7.862e-05	VL: 6.021e-04	 6.020e-04	 adam_lr:6.25e-05
Epoch: 370	TL: 7.830e-05	VL: 5.970e-04	 6.015e-04	 adam_lr:6.25e-05
Epoch: 371	TL: 7.690e-05	VL: 6.066e-04	 6.020e-04	 adam_lr:6.25e-05
Epoch: 372	TL: 8.158e-05	VL: 5.972e-04	 6.015e-04	 adam_lr:6.25e-05
Epoch: 373	TL: 7.566e-05	VL: 5.848e-04	 5.998e-04	 adam_lr:6.25e-05
Epoch: 374	TL: 7.817e-05	VL: 5.871e-04	 5.986e-04	 adam_lr:6.25e-05
Epoch: 375	TL: 7.858e-05	VL: 6.400e-04	 6.027e-04	 adam_lr:6.25e-05
Epoch: 376	TL: 7.679e-05	VL: 6.271e-04	 6.051e-04	 adam_lr:6.25e-05
Epoch: 377	TL: 7.773e-05	VL: 5.810e-04	 6.027e-04	 adam_lr:6.25e-05
Epoch: 378	TL: 7.780e-05	VL: 6.047e-04	 6.029e-04	 adam_lr:6.25e-05
Epoch: 379	TL: 7.685e-05	VL: 5.837e-04	 6.010e-04	 adam_lr:6.25e-05
Epoch: 380	TL: 7.830e-05	VL: 5.758e-04	 5.985e-04	 adam_lr:6.25e-05
Epoch: 381	TL: 7.612e-05	VL: 6.180e-04	 6.004e-04	 adam_lr:6.25e-05
Epoch: 382	TL: 7.727e-05	VL: 5.852e-04	 5.989e-04	 adam_lr:6.25e-05
Epoch: 383	TL: 8.019e-05	VL: 5.970e-04	 5.987e-04	 adam_lr:6.25e-05
Epoch: 384	TL: 7.495e-05	VL: 5.918e-04	 5.980e-04	 adam_lr:6.25e-05
Epoch: 385	TL: 7.663e-05	VL: 5.870e-04	 5.969e-04	 adam_lr:6.25e-05
Epoch: 386	TL: 7.548e-05	VL: 5.998e-04	 5.972e-04	 adam_lr:6.25e-05
Epoch: 387	TL: 7.759e-05	VL: 5.861e-04	 5.961e-04	 adam_lr:6.25e-05
Epoch: 388	TL: 7.747e-05	VL: 5.852e-04	 5.950e-04	 adam_lr:6.25e-05
Epoch: 389	TL: 7.464e-05	VL: 5.719e-04	 5.927e-04	 adam_lr:6.25e-05
Epoch: 390	TL: 7.728e-05	VL: 6.032e-04	 5.937e-04	 adam_lr:6.25e-05
Epoch: 391	TL: 7.616e-05	VL: 6.042e-04	 5.948e-04	 adam_lr:6.25e-05
Epoch: 392	TL: 7.601e-05	VL: 6.209e-04	 5.974e-04	 adam_lr:6.25e-05
Epoch: 393	TL: 7.677e-05	VL: 5.864e-04	 5.963e-04	 adam_lr:6.25e-05
Epoch: 394	TL: 7.687e-05	VL: 5.947e-04	 5.961e-04	 adam_lr:6.25e-05
Epoch: 395	TL: 7.555e-05	VL: 5.838e-04	 5.949e-04	 adam_lr:6.25e-05
Epoch: 396	TL: 7.552e-05	VL: 5.927e-04	 5.947e-04	 adam_lr:6.25e-05
Epoch: 397	TL: 7.376e-05	VL: 5.815e-04	 5.934e-04	 adam_lr:6.25e-05
Epoch: 398	TL: 7.704e-05	VL: 5.774e-04	 5.918e-04	 adam_lr:6.25e-05
Epoch: 399	TL: 7.522e-05	VL: 7.322e-04	 6.058e-04	 adam_lr:6.25e-05
Epoch: 400	TL: 7.505e-05	VL: 5.820e-04	 6.034e-04	 adam_lr:6.25e-05
Epoch: 401	TL: 7.487e-05	VL: 5.876e-04	 6.018e-04	 adam_lr:6.25e-05
Epoch: 402	TL: 7.300e-05	VL: 5.746e-04	 5.991e-04	 adam_lr:6.25e-05
Epoch: 403	TL: 7.740e-05	VL: 5.826e-04	 5.975e-04	 adam_lr:6.25e-05
Epoch: 404	TL: 7.445e-05	VL: 6.071e-04	 5.984e-04	 adam_lr:6.25e-05
Epoch: 405	TL: 7.421e-05	VL: 5.787e-04	 5.965e-04	 adam_lr:6.25e-05
Epoch: 406	TL: 7.460e-05	VL: 5.834e-04	 5.952e-04	 adam_lr:6.25e-05
Epoch: 407	TL: 7.423e-05	VL: 5.794e-04	 5.936e-04	 adam_lr:6.25e-05
Epoch: 408	TL: 7.455e-05	VL: 5.806e-04	 5.923e-04	 adam_lr:6.25e-05
Epoch: 409	TL: 7.395e-05	VL: 5.964e-04	 5.927e-04	 adam_lr:6.25e-05
Epoch: 410	TL: 7.511e-05	VL: 5.724e-04	 5.907e-04	 adam_lr:6.25e-05
Epoch: 411	TL: 7.374e-05	VL: 6.330e-04	 5.949e-04	 adam_lr:6.25e-05
Epoch: 412	TL: 7.269e-05	VL: 6.047e-04	 5.959e-04	 adam_lr:6.25e-05
Epoch: 413	TL: 7.283e-05	VL: 5.733e-04	 5.936e-04	 adam_lr:6.25e-05
Epoch: 414	TL: 7.582e-05	VL: 5.792e-04	 5.922e-04	 adam_lr:6.25e-05
Epoch: 415	TL: 7.091e-05	VL: 5.744e-04	 5.904e-04	 adam_lr:6.25e-05
Epoch: 416	TL: 7.286e-05	VL: 5.890e-04	 5.903e-04	 adam_lr:6.25e-05
Epoch: 417	TL: 7.266e-05	VL: 5.864e-04	 5.899e-04	 adam_lr:6.25e-05
Epoch: 418	TL: 7.571e-05	VL: 5.716e-04	 5.881e-04	 adam_lr:6.25e-05
Epoch: 419	TL: 7.140e-05	VL: 5.712e-04	 5.864e-04	 adam_lr:6.25e-05
Epoch: 420	TL: 7.342e-05	VL: 6.010e-04	 5.878e-04	 adam_lr:6.25e-05
Epoch: 421	TL: 7.189e-05	VL: 5.721e-04	 5.863e-04	 adam_lr:6.25e-05
Epoch: 422	TL: 7.423e-05	VL: 6.149e-04	 5.891e-04	 adam_lr:6.25e-05
Epoch: 423	TL: 7.124e-05	VL: 5.931e-04	 5.895e-04	 adam_lr:6.25e-05
Epoch: 424	TL: 7.110e-05	VL: 6.024e-04	 5.908e-04	 adam_lr:6.25e-05
Epoch: 425	TL: 7.155e-05	VL: 5.928e-04	 5.910e-04	 adam_lr:6.25e-05
Epoch: 426	TL: 7.288e-05	VL: 5.789e-04	 5.898e-04	 adam_lr:6.25e-05
Epoch: 427	TL: 7.265e-05	VL: 5.868e-04	 5.895e-04	 adam_lr:6.25e-05
Epoch: 428	TL: 7.261e-05	VL: 5.936e-04	 5.899e-04	 adam_lr:6.25e-05
Epoch: 429	TL: 7.115e-05	VL: 5.824e-04	 5.892e-04	 adam_lr:6.25e-05
Epoch: 430	TL: 7.346e-05	VL: 5.908e-04	 5.893e-04	 adam_lr:6.25e-05
Epoch: 431	TL: 7.249e-05	VL: 5.656e-04	 5.870e-04	 adam_lr:6.25e-05
Epoch: 432	TL: 6.912e-05	VL: 5.642e-04	 5.847e-04	 adam_lr:6.25e-05
Epoch: 433	TL: 7.057e-05	VL: 5.718e-04	 5.834e-04	 adam_lr:6.25e-05
Epoch: 434	TL: 7.355e-05	VL: 5.752e-04	 5.826e-04	 adam_lr:6.25e-05
Epoch: 435	TL: 7.163e-05	VL: 5.739e-04	 5.817e-04	 adam_lr:6.25e-05
Epoch: 436	TL: 6.982e-05	VL: 5.786e-04	 5.814e-04	 adam_lr:6.25e-05
Epoch: 437	TL: 7.032e-05	VL: 5.761e-04	 5.809e-04	 adam_lr:6.25e-05
Epoch: 438	TL: 7.261e-05	VL: 5.986e-04	 5.826e-04	 adam_lr:6.25e-05
Epoch: 439	TL: 6.926e-05	VL: 5.667e-04	 5.810e-04	 adam_lr:6.25e-05
Epoch: 440	TL: 7.226e-05	VL: 5.716e-04	 5.801e-04	 adam_lr:6.25e-05
Epoch: 441	TL: 6.962e-05	VL: 5.739e-04	 5.795e-04	 adam_lr:6.25e-05
Epoch: 442	TL: 7.192e-05	VL: 5.708e-04	 5.786e-04	 adam_lr:6.25e-05
Epoch: 443	TL: 6.776e-05	VL: 5.915e-04	 5.799e-04	 adam_lr:6.25e-05
Epoch: 444	TL: 7.136e-05	VL: 5.731e-04	 5.792e-04	 adam_lr:6.25e-05
Epoch: 445	TL: 7.093e-05	VL: 5.785e-04	 5.792e-04	 adam_lr:6.25e-05
Epoch: 446	TL: 7.103e-05	VL: 6.051e-04	 5.817e-04	 adam_lr:6.25e-05
Epoch: 447	TL: 7.034e-05	VL: 5.717e-04	 5.807e-04	 adam_lr:6.25e-05
Epoch: 448	TL: 7.020e-05	VL: 5.769e-04	 5.804e-04	 adam_lr:6.25e-05
Epoch: 449	TL: 7.207e-05	VL: 6.093e-04	 5.832e-04	 adam_lr:6.25e-05
Epoch: 450	TL: 6.823e-05	VL: 5.713e-04	 5.820e-04	 adam_lr:6.25e-05
Epoch: 451	TL: 6.997e-05	VL: 5.697e-04	 5.808e-04	 adam_lr:6.25e-05
Epoch: 452	TL: 6.901e-05	VL: 5.863e-04	 5.814e-04	 adam_lr:6.25e-05
Epoch: 453	TL: 6.891e-05	VL: 5.669e-04	 5.799e-04	 adam_lr:6.25e-05
Epoch: 454	TL: 7.110e-05	VL: 5.575e-04	 5.777e-04	 adam_lr:6.25e-05
Epoch: 455	TL: 6.703e-05	VL: 6.059e-04	 5.805e-04	 adam_lr:6.25e-05
Epoch: 456	TL: 6.962e-05	VL: 5.912e-04	 5.816e-04	 adam_lr:6.25e-05
Epoch: 457	TL: 6.707e-05	VL: 5.788e-04	 5.813e-04	 adam_lr:6.25e-05
Epoch: 458	TL: 6.863e-05	VL: 6.266e-04	 5.858e-04	 adam_lr:6.25e-05
Epoch: 459	TL: 7.114e-05	VL: 6.028e-04	 5.875e-04	 adam_lr:6.25e-05
Epoch: 460	TL: 6.698e-05	VL: 6.467e-04	 5.934e-04	 adam_lr:6.25e-05
Epoch: 461	TL: 6.978e-05	VL: 5.970e-04	 5.938e-04	 adam_lr:6.25e-05
Epoch: 462	TL: 6.836e-05	VL: 5.923e-04	 5.936e-04	 adam_lr:6.25e-05
Epoch: 463	TL: 7.024e-05	VL: 5.752e-04	 5.918e-04	 adam_lr:6.25e-05
Epoch: 464	TL: 6.873e-05	VL: 5.491e-04	 5.875e-04	 adam_lr:6.25e-05
Epoch: 465	TL: 6.726e-05	VL: 5.662e-04	 5.854e-04	 adam_lr:6.25e-05
Epoch: 466	TL: 6.907e-05	VL: 5.648e-04	 5.833e-04	 adam_lr:6.25e-05
Epoch: 467	TL: 7.091e-05	VL: 5.816e-04	 5.831e-04	 adam_lr:6.25e-05
Epoch: 468	TL: 6.789e-05	VL: 5.808e-04	 5.829e-04	 adam_lr:6.25e-05
Epoch: 469	TL: 6.954e-05	VL: 5.873e-04	 5.833e-04	 adam_lr:6.25e-05
Epoch: 470	TL: 6.614e-05	VL: 5.634e-04	 5.813e-04	 adam_lr:6.25e-05
Epoch: 471	TL: 6.742e-05	VL: 5.728e-04	 5.805e-04	 adam_lr:6.25e-05
Epoch: 472	TL: 6.918e-05	VL: 5.983e-04	 5.823e-04	 adam_lr:6.25e-05
Epoch: 473	TL: 6.843e-05	VL: 5.901e-04	 5.831e-04	 adam_lr:6.25e-05
Epoch: 474	TL: 6.732e-05	VL: 5.628e-04	 5.810e-04	 adam_lr:6.25e-05
Epoch: 475	TL: 6.665e-05	VL: 5.677e-04	 5.797e-04	 adam_lr:6.25e-05
Epoch: 476	TL: 6.972e-05	VL: 5.751e-04	 5.792e-04	 adam_lr:6.25e-05
Epoch: 477	TL: 7.067e-05	VL: 5.762e-04	 5.789e-04	 adam_lr:6.25e-05
Epoch: 478	TL: 6.678e-05	VL: 5.722e-04	 5.783e-04	 adam_lr:6.25e-05
Epoch: 479	TL: 6.756e-05	VL: 5.732e-04	 5.778e-04	 adam_lr:6.25e-05
Epoch: 480	TL: 6.626e-05	VL: 5.842e-04	 5.784e-04	 adam_lr:6.25e-05
Epoch: 481	TL: 6.716e-05	VL: 5.618e-04	 5.767e-04	 adam_lr:6.25e-05
Epoch: 482	TL: 6.958e-05	VL: 5.619e-04	 5.753e-04	 adam_lr:6.25e-05
Epoch: 483	TL: 6.722e-05	VL: 5.667e-04	 5.744e-04	 adam_lr:6.25e-05
Epoch: 484	TL: 6.808e-05	VL: 5.971e-04	 5.767e-04	 adam_lr:6.25e-05
Epoch: 485	TL: 6.737e-05	VL: 5.685e-04	 5.759e-04	 adam_lr:6.25e-05
Epoch: 486	TL: 6.794e-05	VL: 5.760e-04	 5.759e-04	 adam_lr:6.25e-05
Epoch: 487	TL: 6.856e-05	VL: 5.595e-04	 5.742e-04	 adam_lr:6.25e-05
Epoch: 488	TL: 6.560e-05	VL: 6.181e-04	 5.786e-04	 adam_lr:6.25e-05
Epoch: 489	TL: 6.582e-05	VL: 5.861e-04	 5.794e-04	 adam_lr:6.25e-05
Epoch: 490	TL: 6.757e-05	VL: 5.791e-04	 5.793e-04	 adam_lr:6.25e-05
Epoch: 491	TL: 6.788e-05	VL: 6.253e-04	 5.839e-04	 adam_lr:6.25e-05
Epoch: 492	TL: 6.663e-05	VL: 6.284e-04	 5.884e-04	 adam_lr:6.25e-05
Epoch: 493	TL: 6.791e-05	VL: 5.793e-04	 5.875e-04	 adam_lr:6.25e-05
Epoch: 494	TL: 6.734e-05	VL: 5.798e-04	 5.867e-04	 adam_lr:6.25e-05
Epoch: 495	TL: 6.669e-05	VL: 5.974e-04	 5.878e-04	 adam_lr:6.25e-05
Epoch: 496	TL: 6.571e-05	VL: 5.759e-04	 5.866e-04	 adam_lr:6.25e-05
Epoch: 497	TL: 6.654e-05	VL: 5.595e-04	 5.839e-04	 adam_lr:6.25e-05
Epoch: 498	TL: 6.637e-05	VL: 5.622e-04	 5.817e-04	 adam_lr:6.25e-05
Epoch: 499	TL: 6.601e-05	VL: 5.973e-04	 5.833e-04	 adam_lr:6.25e-05
Epoch: 500	TL: 6.644e-05	VL: 5.696e-04	 5.819e-04	 adam_lr:6.25e-05
Epoch: 501	TL: 6.480e-05	VL: 5.740e-04	 5.811e-04	 adam_lr:6.25e-05
Epoch: 502	TL: 6.674e-05	VL: 5.638e-04	 5.794e-04	 adam_lr:6.25e-05
Epoch: 503	TL: 6.557e-05	VL: 5.714e-04	 5.786e-04	 adam_lr:6.25e-05
Epoch: 504	TL: 6.581e-05	VL: 6.129e-04	 5.820e-04	 adam_lr:6.25e-05
Epoch: 505	TL: 6.578e-05	VL: 5.721e-04	 5.810e-04	 adam_lr:6.25e-05
Epoch: 506	TL: 6.550e-05	VL: 5.902e-04	 5.819e-04	 adam_lr:6.25e-05
Epoch: 507	TL: 6.514e-05	VL: 5.784e-04	 5.816e-04	 adam_lr:6.25e-05
Epoch: 508	TL: 6.553e-05	VL: 5.816e-04	 5.816e-04	 adam_lr:6.25e-05
Epoch: 509	TL: 6.597e-05	VL: 5.713e-04	 5.806e-04	 adam_lr:6.25e-05
Epoch: 510	TL: 6.531e-05	VL: 6.149e-04	 5.840e-04	 adam_lr:6.25e-05
Epoch: 511	TL: 6.798e-05	VL: 5.919e-04	 5.848e-04	 adam_lr:6.25e-05
Epoch: 512	TL: 6.487e-05	VL: 5.777e-04	 5.841e-04	 adam_lr:6.25e-05
Epoch: 513	TL: 6.521e-05	VL: 5.672e-04	 5.824e-04	 adam_lr:6.25e-05
Epoch: 514	TL: 6.671e-05	VL: 5.987e-04	 5.840e-04	 adam_lr:6.25e-05
Epoch: 515	TL: 6.438e-05	VL: 5.793e-04	 5.835e-04	 adam_lr:6.25e-05
Epoch: 516	TL: 6.472e-05	VL: 5.813e-04	 5.833e-04	 adam_lr:6.25e-05
Epoch: 517	TL: 6.480e-05	VL: 5.738e-04	 5.824e-04	 adam_lr:6.25e-05
Epoch: 518	TL: 6.529e-05	VL: 5.729e-04	 5.814e-04	 adam_lr:6.25e-05
Epoch: 519	TL: 4.822e-05	VL: 5.693e-04	 5.802e-04	 adam_lr:3.125e-05
Epoch: 520	TL: 4.961e-05	VL: 5.721e-04	 5.794e-04	 adam_lr:3.125e-05
Epoch: 521	TL: 4.879e-05	VL: 5.773e-04	 5.792e-04	 adam_lr:3.125e-05
Epoch: 522	TL: 4.941e-05	VL: 5.596e-04	 5.772e-04	 adam_lr:3.125e-05
Epoch: 523	TL: 4.957e-05	VL: 5.640e-04	 5.759e-04	 adam_lr:3.125e-05
Epoch: 524	TL: 4.895e-05	VL: 5.626e-04	 5.746e-04	 adam_lr:3.125e-05
Epoch: 525	TL: 4.982e-05	VL: 5.746e-04	 5.746e-04	 adam_lr:3.125e-05
Epoch: 526	TL: 4.936e-05	VL: 5.600e-04	 5.731e-04	 adam_lr:3.125e-05
Epoch: 527	TL: 4.923e-05	VL: 5.650e-04	 5.723e-04	 adam_lr:3.125e-05
Epoch: 528	TL: 4.914e-05	VL: 5.564e-04	 5.707e-04	 adam_lr:3.125e-05
Epoch: 529	TL: 4.860e-05	VL: 5.610e-04	 5.697e-04	 adam_lr:3.125e-05
Epoch: 530	TL: 4.949e-05	VL: 5.645e-04	 5.692e-04	 adam_lr:3.125e-05
Epoch: 531	TL: 4.869e-05	VL: 5.576e-04	 5.680e-04	 adam_lr:3.125e-05
Epoch: 532	TL: 4.862e-05	VL: 5.653e-04	 5.678e-04	 adam_lr:3.125e-05
Epoch: 533	TL: 4.935e-05	VL: 5.625e-04	 5.672e-04	 adam_lr:3.125e-05
Epoch: 534	TL: 4.889e-05	VL: 5.550e-04	 5.660e-04	 adam_lr:3.125e-05
Epoch: 535	TL: 4.858e-05	VL: 5.599e-04	 5.654e-04	 adam_lr:3.125e-05
Epoch: 536	TL: 4.868e-05	VL: 5.675e-04	 5.656e-04	 adam_lr:3.125e-05
Epoch: 537	TL: 4.867e-05	VL: 5.611e-04	 5.652e-04	 adam_lr:3.125e-05
Epoch: 538	TL: 4.882e-05	VL: 5.614e-04	 5.648e-04	 adam_lr:3.125e-05
Epoch: 539	TL: 4.846e-05	VL: 5.631e-04	 5.646e-04	 adam_lr:3.125e-05
Epoch: 540	TL: 4.870e-05	VL: 5.605e-04	 5.642e-04	 adam_lr:3.125e-05
Epoch: 541	TL: 4.838e-05	VL: 5.584e-04	 5.636e-04	 adam_lr:3.125e-05
Epoch: 542	TL: 4.836e-05	VL: 5.681e-04	 5.641e-04	 adam_lr:3.125e-05
Epoch: 543	TL: 4.801e-05	VL: 5.583e-04	 5.635e-04	 adam_lr:3.125e-05
Epoch: 544	TL: 4.865e-05	VL: 5.823e-04	 5.654e-04	 adam_lr:3.125e-05
Epoch: 545	TL: 4.774e-05	VL: 5.665e-04	 5.655e-04	 adam_lr:3.125e-05
Epoch: 546	TL: 4.862e-05	VL: 5.586e-04	 5.648e-04	 adam_lr:3.125e-05
Epoch: 547	TL: 4.842e-05	VL: 5.657e-04	 5.649e-04	 adam_lr:3.125e-05
Epoch: 548	TL: 4.877e-05	VL: 5.555e-04	 5.640e-04	 adam_lr:3.125e-05
Epoch: 549	TL: 4.879e-05	VL: 5.727e-04	 5.648e-04	 adam_lr:3.125e-05
Epoch: 550	TL: 4.779e-05	VL: 5.803e-04	 5.664e-04	 adam_lr:3.125e-05
Epoch: 551	TL: 4.819e-05	VL: 5.572e-04	 5.655e-04	 adam_lr:3.125e-05
Epoch: 552	TL: 4.761e-05	VL: 5.591e-04	 5.648e-04	 adam_lr:3.125e-05
Epoch: 553	TL: 4.927e-05	VL: 5.673e-04	 5.651e-04	 adam_lr:3.125e-05
Epoch: 554	TL: 4.806e-05	VL: 5.685e-04	 5.654e-04	 adam_lr:3.125e-05
Epoch: 555	TL: 4.792e-05	VL: 5.822e-04	 5.671e-04	 adam_lr:3.125e-05
Epoch: 556	TL: 4.795e-05	VL: 5.676e-04	 5.671e-04	 adam_lr:3.125e-05
Epoch: 557	TL: 4.743e-05	VL: 5.651e-04	 5.669e-04	 adam_lr:3.125e-05
Epoch: 558	TL: 4.856e-05	VL: 5.674e-04	 5.670e-04	 adam_lr:3.125e-05
Epoch: 559	TL: 4.735e-05	VL: 5.638e-04	 5.667e-04	 adam_lr:3.125e-05
Epoch: 560	TL: 4.718e-05	VL: 5.726e-04	 5.673e-04	 adam_lr:3.125e-05
Epoch: 561	TL: 4.807e-05	VL: 5.674e-04	 5.673e-04	 adam_lr:3.125e-05
Epoch: 562	TL: 4.763e-05	VL: 5.727e-04	 5.678e-04	 adam_lr:3.125e-05
Epoch: 563	TL: 4.734e-05	VL: 5.583e-04	 5.669e-04	 adam_lr:3.125e-05
Epoch: 564	TL: 4.747e-05	VL: 5.690e-04	 5.671e-04	 adam_lr:3.125e-05
Epoch: 565	TL: 4.834e-05	VL: 5.572e-04	 5.661e-04	 adam_lr:3.125e-05
Epoch: 566	TL: 4.660e-05	VL: 5.556e-04	 5.650e-04	 adam_lr:3.125e-05
Epoch: 567	TL: 4.774e-05	VL: 5.628e-04	 5.648e-04	 adam_lr:3.125e-05
Epoch: 568	TL: 4.743e-05	VL: 5.610e-04	 5.644e-04	 adam_lr:3.125e-05
Epoch: 569	TL: 4.755e-05	VL: 5.695e-04	 5.649e-04	 adam_lr:3.125e-05
Epoch: 570	TL: 4.691e-05	VL: 5.639e-04	 5.648e-04	 adam_lr:3.125e-05
Epoch: 571	TL: 4.862e-05	VL: 5.644e-04	 5.648e-04	 adam_lr:3.125e-05
Epoch: 572	TL: 4.626e-05	VL: 5.647e-04	 5.648e-04	 adam_lr:3.125e-05
Epoch: 573	TL: 4.791e-05	VL: 5.692e-04	 5.652e-04	 adam_lr:3.125e-05
Epoch: 574	TL: 4.708e-05	VL: 5.760e-04	 5.663e-04	 adam_lr:3.125e-05
Epoch: 575	TL: 4.029e-05	VL: 5.518e-04	 5.649e-04	 adam_lr:1.5625e-05
Epoch: 576	TL: 4.025e-05	VL: 5.559e-04	 5.640e-04	 adam_lr:1.5625e-05
Epoch: 577	TL: 4.057e-05	VL: 5.558e-04	 5.631e-04	 adam_lr:1.5625e-05
Epoch: 578	TL: 4.068e-05	VL: 5.611e-04	 5.629e-04	 adam_lr:1.5625e-05
Epoch: 579	TL: 4.090e-05	VL: 5.543e-04	 5.621e-04	 adam_lr:1.5625e-05
Epoch: 580	TL: 4.031e-05	VL: 5.593e-04	 5.618e-04	 adam_lr:1.5625e-05
Epoch: 581	TL: 4.070e-05	VL: 5.537e-04	 5.610e-04	 adam_lr:1.5625e-05
Epoch: 582	TL: 4.070e-05	VL: 5.580e-04	 5.607e-04	 adam_lr:1.5625e-05
Epoch: 583	TL: 4.082e-05	VL: 5.543e-04	 5.601e-04	 adam_lr:1.5625e-05
Epoch: 584	TL: 4.048e-05	VL: 5.596e-04	 5.600e-04	 adam_lr:1.5625e-05
Epoch: 585	TL: 4.095e-05	VL: 5.580e-04	 5.598e-04	 adam_lr:1.5625e-05
Epoch: 586	TL: 3.992e-05	VL: 5.553e-04	 5.593e-04	 adam_lr:1.5625e-05
Epoch: 587	TL: 4.080e-05	VL: 5.563e-04	 5.590e-04	 adam_lr:1.5625e-05
Epoch: 588	TL: 4.046e-05	VL: 5.659e-04	 5.597e-04	 adam_lr:1.5625e-05
Epoch: 589	TL: 4.060e-05	VL: 5.601e-04	 5.598e-04	 adam_lr:1.5625e-05
Epoch: 590	TL: 4.056e-05	VL: 5.552e-04	 5.593e-04	 adam_lr:1.5625e-05
Epoch: 591	TL: 4.069e-05	VL: 5.626e-04	 5.596e-04	 adam_lr:1.5625e-05
Epoch: 592	TL: 4.049e-05	VL: 5.608e-04	 5.598e-04	 adam_lr:1.5625e-05
Epoch: 593	TL: 4.024e-05	VL: 5.528e-04	 5.591e-04	 adam_lr:1.5625e-05
Epoch: 594	TL: 4.034e-05	VL: 5.582e-04	 5.590e-04	 adam_lr:1.5625e-05
Epoch: 595	TL: 3.994e-05	VL: 5.595e-04	 5.590e-04	 adam_lr:1.5625e-05
Epoch: 596	TL: 3.975e-05	VL: 5.519e-04	 5.583e-04	 adam_lr:1.5625e-05
Epoch: 597	TL: 4.094e-05	VL: 5.589e-04	 5.584e-04	 adam_lr:1.5625e-05
Epoch: 598	TL: 4.018e-05	VL: 5.567e-04	 5.582e-04	 adam_lr:1.5625e-05
Epoch: 599	TL: 3.999e-05	VL: 5.578e-04	 5.582e-04	 adam_lr:1.5625e-05
Epoch: 600	TL: 3.998e-05	VL: 5.543e-04	 5.578e-04	 adam_lr:1.5625e-05
Epoch: 601	TL: 4.014e-05	VL: 5.545e-04	 5.574e-04	 adam_lr:1.5625e-05
Epoch: 602	TL: 4.034e-05	VL: 5.678e-04	 5.585e-04	 adam_lr:1.5625e-05
Epoch: 603	TL: 4.028e-05	VL: 5.552e-04	 5.582e-04	 adam_lr:1.5625e-05
Epoch: 604	TL: 4.004e-05	VL: 5.606e-04	 5.584e-04	 adam_lr:1.5625e-05
Epoch: 605	TL: 4.008e-05	VL: 5.571e-04	 5.583e-04	 adam_lr:1.5625e-05
Epoch: 606	TL: 3.971e-05	VL: 5.520e-04	 5.576e-04	 adam_lr:1.5625e-05
Epoch: 607	TL: 4.012e-05	VL: 5.570e-04	 5.576e-04	 adam_lr:1.5625e-05
Epoch: 608	TL: 3.986e-05	VL: 5.533e-04	 5.572e-04	 adam_lr:1.5625e-05
Epoch: 609	TL: 4.002e-05	VL: 5.563e-04	 5.571e-04	 adam_lr:1.5625e-05
Epoch: 610	TL: 3.986e-05	VL: 5.543e-04	 5.568e-04	 adam_lr:1.5625e-05
Epoch: 611	TL: 3.982e-05	VL: 5.545e-04	 5.566e-04	 adam_lr:1.5625e-05
Epoch: 612	TL: 3.983e-05	VL: 5.622e-04	 5.571e-04	 adam_lr:1.5625e-05
Epoch: 613	TL: 3.941e-05	VL: 5.535e-04	 5.568e-04	 adam_lr:1.5625e-05
Epoch: 614	TL: 3.978e-05	VL: 5.568e-04	 5.568e-04	 adam_lr:1.5625e-05
Epoch: 615	TL: 3.972e-05	VL: 5.565e-04	 5.567e-04	 adam_lr:1.5625e-05
Epoch: 616	TL: 3.977e-05	VL: 5.554e-04	 5.566e-04	 adam_lr:1.5625e-05
Epoch: 617	TL: 3.979e-05	VL: 5.568e-04	 5.566e-04	 adam_lr:1.5625e-05
Epoch: 618	TL: 3.960e-05	VL: 5.517e-04	 5.561e-04	 adam_lr:1.5625e-05
Epoch: 619	TL: 3.968e-05	VL: 5.568e-04	 5.562e-04	 adam_lr:1.5625e-05
Epoch: 620	TL: 3.952e-05	VL: 5.562e-04	 5.562e-04	 adam_lr:1.5625e-05
Epoch: 621	TL: 3.923e-05	VL: 5.528e-04	 5.559e-04	 adam_lr:1.5625e-05
Epoch: 622	TL: 3.968e-05	VL: 5.564e-04	 5.559e-04	 adam_lr:1.5625e-05
Epoch: 623	TL: 4.008e-05	VL: 5.597e-04	 5.563e-04	 adam_lr:1.5625e-05
Epoch: 624	TL: 3.949e-05	VL: 5.552e-04	 5.562e-04	 adam_lr:1.5625e-05
Epoch: 625	TL: 3.947e-05	VL: 5.563e-04	 5.562e-04	 adam_lr:1.5625e-05
Epoch: 626	TL: 3.977e-05	VL: 5.547e-04	 5.560e-04	 adam_lr:1.5625e-05
Epoch: 627	TL: 3.947e-05	VL: 5.541e-04	 5.559e-04	 adam_lr:1.5625e-05
Epoch: 628	TL: 3.959e-05	VL: 5.572e-04	 5.560e-04	 adam_lr:1.5625e-05
Epoch: 629	TL: 3.932e-05	VL: 5.539e-04	 5.558e-04	 adam_lr:1.5625e-05
Epoch: 630	TL: 3.927e-05	VL: 5.537e-04	 5.556e-04	 adam_lr:1.5625e-05
Epoch: 631	TL: 3.974e-05	VL: 5.602e-04	 5.560e-04	 adam_lr:1.5625e-05
Epoch: 632	TL: 3.910e-05	VL: 5.601e-04	 5.564e-04	 adam_lr:1.5625e-05
Epoch: 633	TL: 3.936e-05	VL: 5.537e-04	 5.562e-04	 adam_lr:1.5625e-05
Epoch: 634	TL: 3.941e-05	VL: 5.544e-04	 5.560e-04	 adam_lr:1.5625e-05
Epoch: 635	TL: 3.926e-05	VL: 5.535e-04	 5.557e-04	 adam_lr:1.5625e-05
Epoch: 636	TL: 3.914e-05	VL: 5.569e-04	 5.559e-04	 adam_lr:1.5625e-05
Epoch: 637	TL: 3.952e-05	VL: 5.578e-04	 5.560e-04	 adam_lr:1.5625e-05
Epoch: 638	TL: 3.892e-05	VL: 5.501e-04	 5.554e-04	 adam_lr:1.5625e-05
Epoch: 639	TL: 3.907e-05	VL: 5.547e-04	 5.554e-04	 adam_lr:1.5625e-05
Epoch: 640	TL: 3.892e-05	VL: 5.542e-04	 5.553e-04	 adam_lr:1.5625e-05
Epoch: 641	TL: 3.941e-05	VL: 5.537e-04	 5.551e-04	 adam_lr:1.5625e-05
Epoch: 642	TL: 3.907e-05	VL: 5.547e-04	 5.551e-04	 adam_lr:1.5625e-05
Epoch: 643	TL: 3.901e-05	VL: 5.530e-04	 5.549e-04	 adam_lr:1.5625e-05
Epoch: 644	TL: 3.904e-05	VL: 5.575e-04	 5.551e-04	 adam_lr:1.5625e-05
Epoch: 645	TL: 3.896e-05	VL: 5.542e-04	 5.550e-04	 adam_lr:1.5625e-05
Epoch: 646	TL: 3.913e-05	VL: 5.594e-04	 5.555e-04	 adam_lr:1.5625e-05
Epoch: 647	TL: 3.912e-05	VL: 5.522e-04	 5.551e-04	 adam_lr:1.5625e-05
Epoch: 648	TL: 3.947e-05	VL: 5.543e-04	 5.550e-04	 adam_lr:1.5625e-05
Epoch: 649	TL: 3.880e-05	VL: 5.597e-04	 5.555e-04	 adam_lr:1.5625e-05
Epoch: 650	TL: 3.906e-05	VL: 5.594e-04	 5.559e-04	 adam_lr:1.5625e-05
Epoch: 651	TL: 3.885e-05	VL: 5.513e-04	 5.554e-04	 adam_lr:1.5625e-05
Epoch: 652	TL: 3.902e-05	VL: 5.543e-04	 5.553e-04	 adam_lr:1.5625e-05
Epoch: 653	TL: 3.900e-05	VL: 5.591e-04	 5.557e-04	 adam_lr:1.5625e-05
Epoch: 654	TL: 3.910e-05	VL: 5.537e-04	 5.555e-04	 adam_lr:1.5625e-05
Epoch: 655	TL: 3.900e-05	VL: 5.583e-04	 5.558e-04	 adam_lr:1.5625e-05
Epoch: 656	TL: 3.835e-05	VL: 5.605e-04	 5.562e-04	 adam_lr:1.5625e-05
Epoch: 657	TL: 3.902e-05	VL: 5.528e-04	 5.559e-04	 adam_lr:1.5625e-05
Epoch: 658	TL: 3.888e-05	VL: 5.556e-04	 5.559e-04	 adam_lr:1.5625e-05
Epoch: 659	TL: 3.901e-05	VL: 5.563e-04	 5.559e-04	 adam_lr:1.5625e-05
Epoch: 660	TL: 3.886e-05	VL: 5.589e-04	 5.562e-04	 adam_lr:1.5625e-05
Epoch: 661	TL: 3.870e-05	VL: 5.560e-04	 5.562e-04	 adam_lr:1.5625e-05
Epoch: 662	TL: 3.876e-05	VL: 5.565e-04	 5.562e-04	 adam_lr:1.5625e-05
Epoch: 663	TL: 3.872e-05	VL: 5.567e-04	 5.563e-04	 adam_lr:1.5625e-05
Epoch: 664	TL: 3.832e-05	VL: 5.553e-04	 5.562e-04	 adam_lr:1.5625e-05
Epoch: 665	TL: 3.903e-05	VL: 5.521e-04	 5.558e-04	 adam_lr:1.5625e-05
Epoch: 666	TL: 3.826e-05	VL: 5.558e-04	 5.558e-04	 adam_lr:1.5625e-05
Epoch: 667	TL: 3.860e-05	VL: 5.580e-04	 5.560e-04	 adam_lr:1.5625e-05
Epoch: 668	TL: 3.835e-05	VL: 5.589e-04	 5.563e-04	 adam_lr:1.5625e-05
Epoch: 669	TL: 3.846e-05	VL: 5.571e-04	 5.564e-04	 adam_lr:1.5625e-05
Epoch: 670	TL: 3.855e-05	VL: 5.555e-04	 5.563e-04	 adam_lr:1.5625e-05
Epoch: 671	TL: 3.913e-05	VL: 5.563e-04	 5.563e-04	 adam_lr:1.5625e-05
Epoch: 672	TL: 3.820e-05	VL: 5.573e-04	 5.564e-04	 adam_lr:1.5625e-05
Epoch: 673	TL: 3.816e-05	VL: 5.619e-04	 5.569e-04	 adam_lr:1.5625e-05
Epoch: 674	TL: 3.850e-05	VL: 5.543e-04	 5.567e-04	 adam_lr:1.5625e-05
Epoch: 675	TL: 3.521e-05	VL: 5.517e-04	 5.562e-04	 adam_lr:7.8125e-06
Epoch: 676	TL: 3.522e-05	VL: 5.492e-04	 5.555e-04	 adam_lr:7.8125e-06
Epoch: 677	TL: 3.528e-05	VL: 5.504e-04	 5.550e-04	 adam_lr:7.8125e-06
Epoch: 678	TL: 3.535e-05	VL: 5.537e-04	 5.548e-04	 adam_lr:7.8125e-06
Epoch: 679	TL: 3.531e-05	VL: 5.591e-04	 5.553e-04	 adam_lr:7.8125e-06
Epoch: 680	TL: 3.543e-05	VL: 5.520e-04	 5.549e-04	 adam_lr:7.8125e-06
Epoch: 681	TL: 3.536e-05	VL: 5.532e-04	 5.548e-04	 adam_lr:7.8125e-06
Epoch: 682	TL: 3.541e-05	VL: 5.575e-04	 5.550e-04	 adam_lr:7.8125e-06
Epoch: 683	TL: 3.527e-05	VL: 5.533e-04	 5.549e-04	 adam_lr:7.8125e-06
Epoch: 684	TL: 3.521e-05	VL: 5.533e-04	 5.547e-04	 adam_lr:7.8125e-06
Epoch: 685	TL: 3.522e-05	VL: 5.513e-04	 5.544e-04	 adam_lr:7.8125e-06
Epoch: 686	TL: 3.542e-05	VL: 5.567e-04	 5.546e-04	 adam_lr:7.8125e-06
Epoch: 687	TL: 3.535e-05	VL: 5.563e-04	 5.548e-04	 adam_lr:7.8125e-06
Epoch: 688	TL: 3.552e-05	VL: 5.531e-04	 5.546e-04	 adam_lr:7.8125e-06
Epoch: 689	TL: 3.520e-05	VL: 5.517e-04	 5.543e-04	 adam_lr:7.8125e-06
Epoch: 690	TL: 3.536e-05	VL: 5.535e-04	 5.542e-04	 adam_lr:7.8125e-06
Epoch: 691	TL: 3.507e-05	VL: 5.533e-04	 5.541e-04	 adam_lr:7.8125e-06
Epoch: 692	TL: 3.526e-05	VL: 5.508e-04	 5.538e-04	 adam_lr:7.8125e-06
Epoch: 693	TL: 3.547e-05	VL: 5.537e-04	 5.538e-04	 adam_lr:7.8125e-06
Epoch: 694	TL: 3.524e-05	VL: 5.502e-04	 5.534e-04	 adam_lr:7.8125e-06
Epoch: 695	TL: 3.524e-05	VL: 5.511e-04	 5.532e-04	 adam_lr:7.8125e-06
Epoch: 696	TL: 3.516e-05	VL: 5.526e-04	 5.531e-04	 adam_lr:7.8125e-06
Epoch: 697	TL: 3.521e-05	VL: 5.532e-04	 5.531e-04	 adam_lr:7.8125e-06
Epoch: 698	TL: 3.498e-05	VL: 5.518e-04	 5.530e-04	 adam_lr:7.8125e-06
Epoch: 699	TL: 3.514e-05	VL: 5.573e-04	 5.534e-04	 adam_lr:7.8125e-06
Epoch: 700	TL: 3.511e-05	VL: 5.534e-04	 5.534e-04	 adam_lr:7.8125e-06
Epoch: 701	TL: 3.519e-05	VL: 5.581e-04	 5.539e-04	 adam_lr:7.8125e-06
Epoch: 702	TL: 3.521e-05	VL: 5.537e-04	 5.539e-04	 adam_lr:7.8125e-06
Epoch: 703	TL: 3.532e-05	VL: 5.554e-04	 5.540e-04	 adam_lr:7.8125e-06
Epoch: 704	TL: 3.509e-05	VL: 5.549e-04	 5.541e-04	 adam_lr:7.8125e-06
Epoch: 705	TL: 3.509e-05	VL: 5.584e-04	 5.545e-04	 adam_lr:7.8125e-06
Epoch: 706	TL: 3.481e-05	VL: 5.523e-04	 5.543e-04	 adam_lr:7.8125e-06
Epoch: 707	TL: 3.486e-05	VL: 5.511e-04	 5.540e-04	 adam_lr:7.8125e-06
Epoch: 708	TL: 3.495e-05	VL: 5.539e-04	 5.540e-04	 adam_lr:7.8125e-06
Epoch: 709	TL: 3.499e-05	VL: 5.560e-04	 5.542e-04	 adam_lr:7.8125e-06
Epoch: 710	TL: 3.490e-05	VL: 5.506e-04	 5.538e-04	 adam_lr:7.8125e-06
Epoch: 711	TL: 3.498e-05	VL: 5.549e-04	 5.539e-04	 adam_lr:7.8125e-06
Epoch: 712	TL: 3.506e-05	VL: 5.520e-04	 5.537e-04	 adam_lr:7.8125e-06
Epoch: 713	TL: 3.505e-05	VL: 5.558e-04	 5.539e-04	 adam_lr:7.8125e-06
Epoch: 714	TL: 3.504e-05	VL: 5.504e-04	 5.536e-04	 adam_lr:7.8125e-06
Epoch: 715	TL: 3.497e-05	VL: 5.509e-04	 5.533e-04	 adam_lr:7.8125e-06
Epoch: 716	TL: 3.511e-05	VL: 5.508e-04	 5.531e-04	 adam_lr:7.8125e-06
Epoch: 717	TL: 3.502e-05	VL: 5.529e-04	 5.530e-04	 adam_lr:7.8125e-06
Epoch: 718	TL: 3.485e-05	VL: 5.526e-04	 5.530e-04	 adam_lr:7.8125e-06
Epoch: 719	TL: 3.481e-05	VL: 5.506e-04	 5.528e-04	 adam_lr:7.8125e-06
Epoch: 720	TL: 3.496e-05	VL: 5.574e-04	 5.532e-04	 adam_lr:7.8125e-06
Epoch: 721	TL: 3.494e-05	VL: 5.520e-04	 5.531e-04	 adam_lr:7.8125e-06
Epoch: 722	TL: 3.488e-05	VL: 5.548e-04	 5.533e-04	 adam_lr:7.8125e-06
Epoch: 723	TL: 3.473e-05	VL: 5.519e-04	 5.531e-04	 adam_lr:7.8125e-06
Epoch: 724	TL: 3.488e-05	VL: 5.528e-04	 5.531e-04	 adam_lr:7.8125e-06
Epoch: 725	TL: 3.482e-05	VL: 5.557e-04	 5.534e-04	 adam_lr:7.8125e-06
Epoch: 726	TL: 3.497e-05	VL: 5.536e-04	 5.534e-04	 adam_lr:7.8125e-06
Epoch: 727	TL: 3.479e-05	VL: 5.522e-04	 5.533e-04	 adam_lr:7.8125e-06
Epoch: 728	TL: 3.480e-05	VL: 5.514e-04	 5.531e-04	 adam_lr:7.8125e-06
Epoch: 729	TL: 3.462e-05	VL: 5.523e-04	 5.530e-04	 adam_lr:7.8125e-06
Epoch: 730	TL: 3.501e-05	VL: 5.549e-04	 5.532e-04	 adam_lr:7.8125e-06
Epoch: 731	TL: 3.487e-05	VL: 5.533e-04	 5.532e-04	 adam_lr:7.8125e-06
Epoch: 732	TL: 3.473e-05	VL: 5.548e-04	 5.534e-04	 adam_lr:7.8125e-06
Epoch: 733	TL: 3.461e-05	VL: 5.552e-04	 5.536e-04	 adam_lr:7.8125e-06
Epoch: 734	TL: 3.470e-05	VL: 5.531e-04	 5.535e-04	 adam_lr:7.8125e-06
Epoch: 735	TL: 3.470e-05	VL: 5.552e-04	 5.537e-04	 adam_lr:7.8125e-06
Epoch: 736	TL: 3.476e-05	VL: 5.509e-04	 5.534e-04	 adam_lr:7.8125e-06
Epoch: 737	TL: 3.469e-05	VL: 5.531e-04	 5.534e-04	 adam_lr:7.8125e-06
Epoch: 738	TL: 3.475e-05	VL: 5.512e-04	 5.532e-04	 adam_lr:7.8125e-06
Epoch: 739	TL: 3.469e-05	VL: 5.534e-04	 5.532e-04	 adam_lr:7.8125e-06
Epoch: 740	TL: 3.467e-05	VL: 5.498e-04	 5.528e-04	 adam_lr:7.8125e-06
Epoch: 741	TL: 3.453e-05	VL: 5.530e-04	 5.529e-04	 adam_lr:7.8125e-06
Epoch: 742	TL: 3.458e-05	VL: 5.514e-04	 5.527e-04	 adam_lr:7.8125e-06
Epoch: 743	TL: 3.493e-05	VL: 5.510e-04	 5.525e-04	 adam_lr:7.8125e-06
Epoch: 744	TL: 3.440e-05	VL: 5.520e-04	 5.525e-04	 adam_lr:7.8125e-06
Epoch: 745	TL: 3.478e-05	VL: 5.520e-04	 5.524e-04	 adam_lr:7.8125e-06
Epoch: 746	TL: 3.461e-05	VL: 5.521e-04	 5.524e-04	 adam_lr:7.8125e-06
Epoch: 747	TL: 3.455e-05	VL: 5.527e-04	 5.524e-04	 adam_lr:7.8125e-06
Epoch: 748	TL: 3.446e-05	VL: 5.505e-04	 5.522e-04	 adam_lr:7.8125e-06
Epoch: 749	TL: 3.456e-05	VL: 5.521e-04	 5.522e-04	 adam_lr:7.8125e-06
Epoch: 750	TL: 3.464e-05	VL: 5.502e-04	 5.520e-04	 adam_lr:7.8125e-06
Epoch: 751	TL: 3.458e-05	VL: 5.562e-04	 5.525e-04	 adam_lr:7.8125e-06
Epoch: 752	TL: 3.447e-05	VL: 5.508e-04	 5.523e-04	 adam_lr:7.8125e-06
Epoch: 753	TL: 3.445e-05	VL: 5.528e-04	 5.523e-04	 adam_lr:7.8125e-06
Epoch: 754	TL: 3.441e-05	VL: 5.547e-04	 5.526e-04	 adam_lr:7.8125e-06
Epoch: 755	TL: 3.448e-05	VL: 5.531e-04	 5.526e-04	 adam_lr:7.8125e-06
Epoch: 756	TL: 3.448e-05	VL: 5.526e-04	 5.526e-04	 adam_lr:7.8125e-06
Epoch: 757	TL: 3.449e-05	VL: 5.497e-04	 5.523e-04	 adam_lr:7.8125e-06
Epoch: 758	TL: 3.430e-05	VL: 5.527e-04	 5.524e-04	 adam_lr:7.8125e-06
Epoch: 759	TL: 3.458e-05	VL: 5.520e-04	 5.523e-04	 adam_lr:7.8125e-06
Epoch: 760	TL: 3.430e-05	VL: 5.524e-04	 5.523e-04	 adam_lr:7.8125e-06
Epoch: 761	TL: 3.416e-05	VL: 5.524e-04	 5.523e-04	 adam_lr:7.8125e-06
Epoch: 762	TL: 3.456e-05	VL: 5.539e-04	 5.525e-04	 adam_lr:7.8125e-06
Epoch: 763	TL: 3.426e-05	VL: 5.528e-04	 5.525e-04	 adam_lr:7.8125e-06
Epoch: 764	TL: 3.431e-05	VL: 5.508e-04	 5.524e-04	 adam_lr:7.8125e-06
Epoch: 765	TL: 3.442e-05	VL: 5.533e-04	 5.525e-04	 adam_lr:7.8125e-06
Epoch: 766	TL: 3.415e-05	VL: 5.534e-04	 5.525e-04	 adam_lr:7.8125e-06
Epoch: 767	TL: 3.470e-05	VL: 5.499e-04	 5.523e-04	 adam_lr:7.8125e-06
Epoch: 768	TL: 3.426e-05	VL: 5.523e-04	 5.523e-04	 adam_lr:7.8125e-06
Epoch: 769	TL: 3.414e-05	VL: 5.533e-04	 5.524e-04	 adam_lr:7.8125e-06
Epoch: 770	TL: 3.454e-05	VL: 5.499e-04	 5.521e-04	 adam_lr:7.8125e-06
Epoch: 771	TL: 3.469e-05	VL: 5.509e-04	 5.520e-04	 adam_lr:7.8125e-06
Epoch: 772	TL: 3.416e-05	VL: 5.645e-04	 5.533e-04	 adam_lr:7.8125e-06
Epoch: 773	TL: 3.425e-05	VL: 5.520e-04	 5.531e-04	 adam_lr:7.8125e-06
Epoch: 774	TL: 3.473e-05	VL: 5.555e-04	 5.534e-04	 adam_lr:7.8125e-06
Epoch: 775	TL: 3.416e-05	VL: 5.516e-04	 5.532e-04	 adam_lr:7.8125e-06
Epoch: 776	TL: 3.423e-05	VL: 5.535e-04	 5.532e-04	 adam_lr:7.8125e-06
Epoch: 777	TL: 3.429e-05	VL: 5.535e-04	 5.533e-04	 adam_lr:7.8125e-06
Epoch: 778	TL: 3.418e-05	VL: 5.524e-04	 5.532e-04	 adam_lr:7.8125e-06
Epoch: 779	TL: 3.423e-05	VL: 5.526e-04	 5.531e-04	 adam_lr:7.8125e-06
Epoch: 780	TL: 3.425e-05	VL: 5.611e-04	 5.539e-04	 adam_lr:7.8125e-06
Epoch: 781	TL: 3.412e-05	VL: 5.555e-04	 5.541e-04	 adam_lr:7.8125e-06
Epoch: 782	TL: 3.414e-05	VL: 5.540e-04	 5.541e-04	 adam_lr:7.8125e-06
Epoch: 783	TL: 3.415e-05	VL: 5.532e-04	 5.540e-04	 adam_lr:7.8125e-06
Epoch: 784	TL: 3.419e-05	VL: 5.513e-04	 5.537e-04	 adam_lr:7.8125e-06
Epoch: 785	TL: 3.407e-05	VL: 5.544e-04	 5.538e-04	 adam_lr:7.8125e-06
Epoch: 786	TL: 3.436e-05	VL: 5.503e-04	 5.534e-04	 adam_lr:7.8125e-06
Epoch: 787	TL: 3.418e-05	VL: 5.505e-04	 5.531e-04	 adam_lr:7.8125e-06
Epoch: 788	TL: 3.400e-05	VL: 5.539e-04	 5.532e-04	 adam_lr:7.8125e-06
Epoch: 789	TL: 3.432e-05	VL: 5.536e-04	 5.533e-04	 adam_lr:7.8125e-06
Epoch: 790	TL: 3.411e-05	VL: 5.495e-04	 5.529e-04	 adam_lr:7.8125e-06
Epoch: 791	TL: 3.402e-05	VL: 5.536e-04	 5.529e-04	 adam_lr:7.8125e-06
Epoch: 792	TL: 3.407e-05	VL: 5.516e-04	 5.528e-04	 adam_lr:7.8125e-06
Epoch: 793	TL: 3.413e-05	VL: 5.533e-04	 5.529e-04	 adam_lr:7.8125e-06
Epoch: 794	TL: 3.386e-05	VL: 5.579e-04	 5.534e-04	 adam_lr:7.8125e-06
Epoch: 795	TL: 3.417e-05	VL: 5.534e-04	 5.534e-04	 adam_lr:7.8125e-06
Epoch: 796	TL: 3.414e-05	VL: 5.529e-04	 5.533e-04	 adam_lr:7.8125e-06
Epoch: 797	TL: 3.389e-05	VL: 5.544e-04	 5.534e-04	 adam_lr:7.8125e-06
Epoch: 798	TL: 3.409e-05	VL: 5.555e-04	 5.536e-04	 adam_lr:7.8125e-06
Epoch: 799	TL: 3.402e-05	VL: 5.522e-04	 5.535e-04	 adam_lr:7.8125e-06
Epoch: 800	TL: 3.398e-05	VL: 5.517e-04	 5.533e-04	 adam_lr:7.8125e-06
Epoch: 801	TL: 3.419e-05	VL: 5.534e-04	 5.533e-04	 adam_lr:7.8125e-06
Epoch: 802	TL: 3.424e-05	VL: 5.494e-04	 5.529e-04	 adam_lr:7.8125e-06
Epoch: 803	TL: 3.234e-05	VL: 5.518e-04	 5.528e-04	 adam_lr:3.90625e-06
Epoch: 804	TL: 3.236e-05	VL: 5.484e-04	 5.524e-04	 adam_lr:3.90625e-06
Epoch: 805	TL: 3.251e-05	VL: 5.499e-04	 5.521e-04	 adam_lr:3.90625e-06
Epoch: 806	TL: 3.243e-05	VL: 5.518e-04	 5.521e-04	 adam_lr:3.90625e-06
Epoch: 807	TL: 3.244e-05	VL: 5.504e-04	 5.519e-04	 adam_lr:3.90625e-06
Epoch: 808	TL: 3.251e-05	VL: 5.518e-04	 5.519e-04	 adam_lr:3.90625e-06
Epoch: 809	TL: 3.240e-05	VL: 5.517e-04	 5.519e-04	 adam_lr:3.90625e-06
Epoch: 810	TL: 3.239e-05	VL: 5.530e-04	 5.520e-04	 adam_lr:3.90625e-06
Epoch: 811	TL: 3.241e-05	VL: 5.497e-04	 5.518e-04	 adam_lr:3.90625e-06
Epoch: 812	TL: 3.250e-05	VL: 5.497e-04	 5.516e-04	 adam_lr:3.90625e-06
Epoch: 813	TL: 3.237e-05	VL: 5.540e-04	 5.518e-04	 adam_lr:3.90625e-06
Epoch: 814	TL: 3.238e-05	VL: 5.534e-04	 5.520e-04	 adam_lr:3.90625e-06
Epoch: 815	TL: 3.238e-05	VL: 5.519e-04	 5.520e-04	 adam_lr:3.90625e-06
Epoch: 816	TL: 3.231e-05	VL: 5.507e-04	 5.518e-04	 adam_lr:3.90625e-06
Epoch: 817	TL: 3.254e-05	VL: 5.511e-04	 5.518e-04	 adam_lr:3.90625e-06
Epoch: 818	TL: 3.243e-05	VL: 5.527e-04	 5.519e-04	 adam_lr:3.90625e-06
Epoch: 819	TL: 3.232e-05	VL: 5.522e-04	 5.519e-04	 adam_lr:3.90625e-06
Epoch: 820	TL: 3.233e-05	VL: 5.521e-04	 5.519e-04	 adam_lr:3.90625e-06
Epoch: 821	TL: 3.245e-05	VL: 5.506e-04	 5.518e-04	 adam_lr:3.90625e-06
Epoch: 822	TL: 3.233e-05	VL: 5.526e-04	 5.519e-04	 adam_lr:3.90625e-06
Epoch: 823	TL: 3.233e-05	VL: 5.512e-04	 5.518e-04	 adam_lr:3.90625e-06
Epoch: 824	TL: 3.235e-05	VL: 5.517e-04	 5.518e-04	 adam_lr:3.90625e-06
Epoch: 825	TL: 3.225e-05	VL: 5.519e-04	 5.518e-04	 adam_lr:3.90625e-06
Epoch: 826	TL: 3.238e-05	VL: 5.509e-04	 5.517e-04	 adam_lr:3.90625e-06
Epoch: 827	TL: 3.237e-05	VL: 5.501e-04	 5.515e-04	 adam_lr:3.90625e-06
Epoch: 828	TL: 3.235e-05	VL: 5.496e-04	 5.514e-04	 adam_lr:3.90625e-06
Epoch: 829	TL: 3.227e-05	VL: 5.509e-04	 5.513e-04	 adam_lr:3.90625e-06
Epoch: 830	TL: 3.227e-05	VL: 5.511e-04	 5.513e-04	 adam_lr:3.90625e-06
Epoch: 831	TL: 3.234e-05	VL: 5.513e-04	 5.513e-04	 adam_lr:3.90625e-06
Epoch: 832	TL: 3.232e-05	VL: 5.511e-04	 5.513e-04	 adam_lr:3.90625e-06
Epoch: 833	TL: 3.226e-05	VL: 5.522e-04	 5.514e-04	 adam_lr:3.90625e-06
Epoch: 834	TL: 3.227e-05	VL: 5.517e-04	 5.514e-04	 adam_lr:3.90625e-06
Epoch: 835	TL: 3.234e-05	VL: 5.517e-04	 5.514e-04	 adam_lr:3.90625e-06
Epoch: 836	TL: 3.236e-05	VL: 5.508e-04	 5.514e-04	 adam_lr:3.90625e-06
Epoch: 837	TL: 3.230e-05	VL: 5.513e-04	 5.514e-04	 adam_lr:3.90625e-06
Epoch: 838	TL: 3.224e-05	VL: 5.518e-04	 5.514e-04	 adam_lr:3.90625e-06
Epoch: 839	TL: 3.235e-05	VL: 5.520e-04	 5.515e-04	 adam_lr:3.90625e-06
Epoch: 840	TL: 3.241e-05	VL: 5.526e-04	 5.516e-04	 adam_lr:3.90625e-06
Epoch: 841	TL: 3.226e-05	VL: 5.513e-04	 5.515e-04	 adam_lr:3.90625e-06
Epoch: 842	TL: 3.215e-05	VL: 5.506e-04	 5.514e-04	 adam_lr:3.90625e-06
Epoch: 843	TL: 3.227e-05	VL: 5.547e-04	 5.518e-04	 adam_lr:3.90625e-06
Epoch: 844	TL: 3.222e-05	VL: 5.536e-04	 5.520e-04	 adam_lr:3.90625e-06
Epoch: 845	TL: 3.226e-05	VL: 5.506e-04	 5.518e-04	 adam_lr:3.90625e-06
Epoch: 846	TL: 3.225e-05	VL: 5.508e-04	 5.517e-04	 adam_lr:3.90625e-06
Epoch: 847	TL: 3.221e-05	VL: 5.534e-04	 5.519e-04	 adam_lr:3.90625e-06
Epoch: 848	TL: 3.227e-05	VL: 5.502e-04	 5.517e-04	 adam_lr:3.90625e-06
Epoch: 849	TL: 3.229e-05	VL: 5.535e-04	 5.519e-04	 adam_lr:3.90625e-06
Epoch: 850	TL: 3.210e-05	VL: 5.518e-04	 5.519e-04	 adam_lr:3.90625e-06
Epoch: 851	TL: 3.206e-05	VL: 5.509e-04	 5.518e-04	 adam_lr:3.90625e-06
Epoch: 852	TL: 3.220e-05	VL: 5.500e-04	 5.516e-04	 adam_lr:3.90625e-06
Epoch: 853	TL: 3.208e-05	VL: 5.499e-04	 5.514e-04	 adam_lr:3.90625e-06
Epoch: 854	TL: 3.208e-05	VL: 5.501e-04	 5.513e-04	 adam_lr:3.90625e-06
Epoch: 855	TL: 3.212e-05	VL: 5.496e-04	 5.511e-04	 adam_lr:3.90625e-06
Epoch: 856	TL: 3.213e-05	VL: 5.523e-04	 5.513e-04	 adam_lr:3.90625e-06
Epoch: 857	TL: 3.213e-05	VL: 5.520e-04	 5.513e-04	 adam_lr:3.90625e-06
Epoch: 858	TL: 3.205e-05	VL: 5.495e-04	 5.511e-04	 adam_lr:3.90625e-06
Epoch: 859	TL: 3.219e-05	VL: 5.522e-04	 5.513e-04	 adam_lr:3.90625e-06
Epoch: 860	TL: 3.203e-05	VL: 5.529e-04	 5.514e-04	 adam_lr:3.90625e-06
Epoch: 861	TL: 3.226e-05	VL: 5.508e-04	 5.514e-04	 adam_lr:3.90625e-06
Epoch: 862	TL: 3.209e-05	VL: 5.493e-04	 5.512e-04	 adam_lr:3.90625e-06
Epoch: 863	TL: 3.213e-05	VL: 5.515e-04	 5.512e-04	 adam_lr:3.90625e-06
Epoch: 864	TL: 3.209e-05	VL: 5.501e-04	 5.511e-04	 adam_lr:3.90625e-06
Epoch: 865	TL: 3.206e-05	VL: 5.491e-04	 5.509e-04	 adam_lr:3.90625e-06
Epoch: 866	TL: 3.206e-05	VL: 5.488e-04	 5.507e-04	 adam_lr:3.90625e-06
Epoch: 867	TL: 3.217e-05	VL: 5.511e-04	 5.507e-04	 adam_lr:3.90625e-06
Epoch: 868	TL: 3.216e-05	VL: 5.551e-04	 5.512e-04	 adam_lr:3.90625e-06
Epoch: 869	TL: 3.207e-05	VL: 5.514e-04	 5.512e-04	 adam_lr:3.90625e-06
Epoch: 870	TL: 3.205e-05	VL: 5.499e-04	 5.510e-04	 adam_lr:3.90625e-06
Epoch: 871	TL: 3.206e-05	VL: 5.517e-04	 5.511e-04	 adam_lr:3.90625e-06
Epoch: 872	TL: 3.207e-05	VL: 5.525e-04	 5.512e-04	 adam_lr:3.90625e-06
Epoch: 873	TL: 3.199e-05	VL: 5.507e-04	 5.512e-04	 adam_lr:3.90625e-06
Epoch: 874	TL: 3.209e-05	VL: 5.521e-04	 5.513e-04	 adam_lr:3.90625e-06
Epoch: 875	TL: 3.204e-05	VL: 5.513e-04	 5.513e-04	 adam_lr:3.90625e-06
Epoch: 876	TL: 3.202e-05	VL: 5.505e-04	 5.512e-04	 adam_lr:3.90625e-06
Epoch: 877	TL: 3.201e-05	VL: 5.499e-04	 5.511e-04	 adam_lr:3.90625e-06
Epoch: 878	TL: 3.203e-05	VL: 5.499e-04	 5.509e-04	 adam_lr:3.90625e-06
Epoch: 879	TL: 3.215e-05	VL: 5.496e-04	 5.508e-04	 adam_lr:3.90625e-06
Epoch: 880	TL: 3.212e-05	VL: 5.546e-04	 5.512e-04	 adam_lr:3.90625e-06
Epoch: 881	TL: 3.212e-05	VL: 5.490e-04	 5.510e-04	 adam_lr:3.90625e-06
Epoch: 882	TL: 3.196e-05	VL: 5.554e-04	 5.514e-04	 adam_lr:3.90625e-06
Epoch: 883	TL: 3.211e-05	VL: 5.519e-04	 5.515e-04	 adam_lr:3.90625e-06
Epoch: 884	TL: 3.198e-05	VL: 5.490e-04	 5.512e-04	 adam_lr:3.90625e-06
Epoch: 885	TL: 3.208e-05	VL: 5.488e-04	 5.510e-04	 adam_lr:3.90625e-06
Epoch: 886	TL: 3.201e-05	VL: 5.506e-04	 5.509e-04	 adam_lr:3.90625e-06
Epoch: 887	TL: 3.196e-05	VL: 5.544e-04	 5.513e-04	 adam_lr:3.90625e-06
Epoch: 888	TL: 3.207e-05	VL: 5.515e-04	 5.513e-04	 adam_lr:3.90625e-06
Epoch: 889	TL: 3.192e-05	VL: 5.517e-04	 5.513e-04	 adam_lr:3.90625e-06
Epoch: 890	TL: 3.200e-05	VL: 5.497e-04	 5.512e-04	 adam_lr:3.90625e-06
Epoch: 891	TL: 3.206e-05	VL: 5.527e-04	 5.513e-04	 adam_lr:3.90625e-06
Epoch: 892	TL: 3.187e-05	VL: 5.509e-04	 5.513e-04	 adam_lr:3.90625e-06
Epoch: 893	TL: 3.201e-05	VL: 5.493e-04	 5.511e-04	 adam_lr:3.90625e-06
Epoch: 894	TL: 3.204e-05	VL: 5.496e-04	 5.509e-04	 adam_lr:3.90625e-06
Epoch: 895	TL: 3.185e-05	VL: 5.511e-04	 5.510e-04	 adam_lr:3.90625e-06
Epoch: 896	TL: 3.188e-05	VL: 5.498e-04	 5.508e-04	 adam_lr:3.90625e-06
Epoch: 897	TL: 3.206e-05	VL: 5.512e-04	 5.509e-04	 adam_lr:3.90625e-06
Epoch: 898	TL: 3.107e-05	VL: 5.498e-04	 5.508e-04	 adam_lr:1.953125e-06
Epoch: 899	TL: 3.103e-05	VL: 5.501e-04	 5.507e-04	 adam_lr:1.953125e-06
Epoch: 900	TL: 3.110e-05	VL: 5.504e-04	 5.507e-04	 adam_lr:1.953125e-06
Epoch: 901	TL: 3.102e-05	VL: 5.505e-04	 5.507e-04	 adam_lr:1.953125e-06
Epoch: 902	TL: 3.109e-05	VL: 5.513e-04	 5.507e-04	 adam_lr:1.953125e-06
Epoch: 903	TL: 3.120e-05	VL: 5.507e-04	 5.507e-04	 adam_lr:1.953125e-06
Epoch: 904	TL: 3.103e-05	VL: 5.510e-04	 5.507e-04	 adam_lr:1.953125e-06
Epoch: 905	TL: 3.105e-05	VL: 5.493e-04	 5.506e-04	 adam_lr:1.953125e-06
Epoch: 906	TL: 3.106e-05	VL: 5.496e-04	 5.505e-04	 adam_lr:1.953125e-06
Epoch: 907	TL: 3.099e-05	VL: 5.512e-04	 5.506e-04	 adam_lr:1.953125e-06
Epoch: 908	TL: 3.114e-05	VL: 5.493e-04	 5.504e-04	 adam_lr:1.953125e-06
Epoch: 909	TL: 3.110e-05	VL: 5.500e-04	 5.504e-04	 adam_lr:1.953125e-06
Epoch: 910	TL: 3.107e-05	VL: 5.506e-04	 5.504e-04	 adam_lr:1.953125e-06
Epoch: 911	TL: 3.107e-05	VL: 5.497e-04	 5.503e-04	 adam_lr:1.953125e-06
Epoch: 912	TL: 3.102e-05	VL: 5.498e-04	 5.503e-04	 adam_lr:1.953125e-06
Epoch: 913	TL: 3.101e-05	VL: 5.503e-04	 5.503e-04	 adam_lr:1.953125e-06
Epoch: 914	TL: 3.102e-05	VL: 5.492e-04	 5.502e-04	 adam_lr:1.953125e-06
Epoch: 915	TL: 3.098e-05	VL: 5.511e-04	 5.503e-04	 adam_lr:1.953125e-06
Epoch: 916	TL: 3.104e-05	VL: 5.488e-04	 5.501e-04	 adam_lr:1.953125e-06
Epoch: 917	TL: 3.104e-05	VL: 5.494e-04	 5.501e-04	 adam_lr:1.953125e-06
Epoch: 918	TL: 3.097e-05	VL: 5.493e-04	 5.500e-04	 adam_lr:1.953125e-06
Epoch: 919	TL: 3.102e-05	VL: 5.503e-04	 5.500e-04	 adam_lr:1.953125e-06
Epoch: 920	TL: 3.107e-05	VL: 5.512e-04	 5.501e-04	 adam_lr:1.953125e-06
Epoch: 921	TL: 3.105e-05	VL: 5.493e-04	 5.500e-04	 adam_lr:1.953125e-06
Epoch: 922	TL: 3.106e-05	VL: 5.485e-04	 5.499e-04	 adam_lr:1.953125e-06
Epoch: 923	TL: 3.100e-05	VL: 5.529e-04	 5.502e-04	 adam_lr:1.953125e-06
Epoch: 924	TL: 3.098e-05	VL: 5.498e-04	 5.502e-04	 adam_lr:1.953125e-06
Epoch: 925	TL: 3.104e-05	VL: 5.501e-04	 5.502e-04	 adam_lr:1.953125e-06
Epoch: 926	TL: 3.106e-05	VL: 5.506e-04	 5.502e-04	 adam_lr:1.953125e-06
Epoch: 927	TL: 3.093e-05	VL: 5.506e-04	 5.502e-04	 adam_lr:1.953125e-06
Epoch: 928	TL: 3.096e-05	VL: 5.499e-04	 5.502e-04	 adam_lr:1.953125e-06
Epoch: 929	TL: 3.103e-05	VL: 5.504e-04	 5.502e-04	 adam_lr:1.953125e-06
Epoch: 930	TL: 3.097e-05	VL: 5.498e-04	 5.502e-04	 adam_lr:1.953125e-06
Epoch: 931	TL: 3.099e-05	VL: 5.486e-04	 5.500e-04	 adam_lr:1.953125e-06
Epoch: 932	TL: 3.091e-05	VL: 5.493e-04	 5.500e-04	 adam_lr:1.953125e-06
Epoch: 933	TL: 3.101e-05	VL: 5.489e-04	 5.498e-04	 adam_lr:1.953125e-06
Epoch: 934	TL: 3.094e-05	VL: 5.506e-04	 5.499e-04	 adam_lr:1.953125e-06
Epoch: 935	TL: 3.096e-05	VL: 5.478e-04	 5.497e-04	 adam_lr:1.953125e-06
Epoch: 936	TL: 3.094e-05	VL: 5.506e-04	 5.498e-04	 adam_lr:1.953125e-06
Epoch: 937	TL: 3.094e-05	VL: 5.508e-04	 5.499e-04	 adam_lr:1.953125e-06
Epoch: 938	TL: 3.102e-05	VL: 5.510e-04	 5.500e-04	 adam_lr:1.953125e-06
Epoch: 939	TL: 3.100e-05	VL: 5.496e-04	 5.500e-04	 adam_lr:1.953125e-06
Epoch: 940	TL: 3.100e-05	VL: 5.495e-04	 5.499e-04	 adam_lr:1.953125e-06
Epoch: 941	TL: 3.092e-05	VL: 5.495e-04	 5.499e-04	 adam_lr:1.953125e-06
Epoch: 942	TL: 3.093e-05	VL: 5.495e-04	 5.498e-04	 adam_lr:1.953125e-06
Epoch: 943	TL: 3.093e-05	VL: 5.505e-04	 5.499e-04	 adam_lr:1.953125e-06
Epoch: 944	TL: 3.104e-05	VL: 5.499e-04	 5.499e-04	 adam_lr:1.953125e-06
Epoch: 945	TL: 3.095e-05	VL: 5.496e-04	 5.499e-04	 adam_lr:1.953125e-06
Epoch: 946	TL: 3.097e-05	VL: 5.494e-04	 5.498e-04	 adam_lr:1.953125e-06
Epoch: 947	TL: 3.091e-05	VL: 5.492e-04	 5.498e-04	 adam_lr:1.953125e-06
Epoch: 948	TL: 3.089e-05	VL: 5.508e-04	 5.499e-04	 adam_lr:1.953125e-06
Epoch: 949	TL: 3.096e-05	VL: 5.519e-04	 5.501e-04	 adam_lr:1.953125e-06
Epoch: 950	TL: 3.091e-05	VL: 5.506e-04	 5.501e-04	 adam_lr:1.953125e-06
Epoch: 951	TL: 3.098e-05	VL: 5.525e-04	 5.504e-04	 adam_lr:1.953125e-06
Epoch: 952	TL: 3.090e-05	VL: 5.486e-04	 5.502e-04	 adam_lr:1.953125e-06
Epoch: 953	TL: 3.092e-05	VL: 5.514e-04	 5.503e-04	 adam_lr:1.953125e-06
Epoch: 954	TL: 3.093e-05	VL: 5.507e-04	 5.503e-04	 adam_lr:1.953125e-06
Epoch: 955	TL: 3.092e-05	VL: 5.498e-04	 5.503e-04	 adam_lr:1.953125e-06
Epoch: 956	TL: 3.098e-05	VL: 5.500e-04	 5.503e-04	 adam_lr:1.953125e-06
Epoch: 957	TL: 3.092e-05	VL: 5.500e-04	 5.502e-04	 adam_lr:1.953125e-06
Epoch: 958	TL: 3.091e-05	VL: 5.503e-04	 5.502e-04	 adam_lr:1.953125e-06
Epoch: 959	TL: 3.088e-05	VL: 5.484e-04	 5.501e-04	 adam_lr:1.953125e-06
Epoch: 960	TL: 3.095e-05	VL: 5.506e-04	 5.501e-04	 adam_lr:1.953125e-06
Epoch: 961	TL: 3.098e-05	VL: 5.497e-04	 5.501e-04	 adam_lr:1.953125e-06
Epoch: 962	TL: 3.096e-05	VL: 5.484e-04	 5.499e-04	 adam_lr:1.953125e-06
Epoch: 963	TL: 3.099e-05	VL: 5.495e-04	 5.499e-04	 adam_lr:1.953125e-06
Epoch: 964	TL: 3.083e-05	VL: 5.500e-04	 5.499e-04	 adam_lr:1.953125e-06
Epoch: 965	TL: 3.092e-05	VL: 5.506e-04	 5.500e-04	 adam_lr:1.953125e-06
Epoch: 966	TL: 3.095e-05	VL: 5.504e-04	 5.500e-04	 adam_lr:1.953125e-06
Epoch: 967	TL: 3.035e-05	VL: 5.492e-04	 5.499e-04	 adam_lr:9.765625e-07
Epoch: 968	TL: 3.044e-05	VL: 5.496e-04	 5.499e-04	 adam_lr:9.765625e-07
Epoch: 969	TL: 3.030e-05	VL: 5.497e-04	 5.499e-04	 adam_lr:9.765625e-07
Epoch: 970	TL: 3.037e-05	VL: 5.500e-04	 5.499e-04	 adam_lr:9.765625e-07
Epoch: 971	TL: 3.044e-05	VL: 5.488e-04	 5.498e-04	 adam_lr:9.765625e-07
Epoch: 972	TL: 3.040e-05	VL: 5.487e-04	 5.497e-04	 adam_lr:9.765625e-07
Epoch: 973	TL: 3.043e-05	VL: 5.495e-04	 5.496e-04	 adam_lr:9.765625e-07
Epoch: 974	TL: 3.040e-05	VL: 5.487e-04	 5.496e-04	 adam_lr:9.765625e-07
Epoch: 975	TL: 3.041e-05	VL: 5.501e-04	 5.496e-04	 adam_lr:9.765625e-07
Epoch: 976	TL: 3.043e-05	VL: 5.502e-04	 5.497e-04	 adam_lr:9.765625e-07
Epoch: 977	TL: 3.040e-05	VL: 5.502e-04	 5.497e-04	 adam_lr:9.765625e-07
Epoch: 978	TL: 3.044e-05	VL: 5.497e-04	 5.497e-04	 adam_lr:9.765625e-07
Epoch: 979	TL: 3.041e-05	VL: 5.500e-04	 5.497e-04	 adam_lr:9.765625e-07
Epoch: 980	TL: 3.040e-05	VL: 5.497e-04	 5.497e-04	 adam_lr:9.765625e-07
Epoch: 981	TL: 3.042e-05	VL: 5.496e-04	 5.497e-04	 adam_lr:9.765625e-07
Epoch: 982	TL: 3.042e-05	VL: 5.499e-04	 5.498e-04	 adam_lr:9.765625e-07
Epoch: 983	TL: 3.042e-05	VL: 5.500e-04	 5.498e-04	 adam_lr:9.765625e-07
Epoch: 984	TL: 3.041e-05	VL: 5.488e-04	 5.497e-04	 adam_lr:9.765625e-07
Epoch: 985	TL: 3.038e-05	VL: 5.512e-04	 5.498e-04	 adam_lr:9.765625e-07
Epoch: 986	TL: 3.042e-05	VL: 5.504e-04	 5.499e-04	 adam_lr:9.765625e-07
Epoch: 987	TL: 3.040e-05	VL: 5.494e-04	 5.498e-04	 adam_lr:9.765625e-07
Epoch: 988	TL: 3.038e-05	VL: 5.508e-04	 5.499e-04	 adam_lr:9.765625e-07
Epoch: 989	TL: 3.041e-05	VL: 5.502e-04	 5.500e-04	 adam_lr:9.765625e-07
Epoch: 990	TL: 3.042e-05	VL: 5.499e-04	 5.500e-04	 adam_lr:9.765625e-07
Epoch: 991	TL: 3.042e-05	VL: 5.495e-04	 5.499e-04	 adam_lr:9.765625e-07
Epoch: 992	TL: 3.037e-05	VL: 5.502e-04	 5.499e-04	 adam_lr:9.765625e-07
Epoch: 993	TL: 3.041e-05	VL: 5.490e-04	 5.498e-04	 adam_lr:9.765625e-07
Epoch: 994	TL: 3.040e-05	VL: 5.502e-04	 5.499e-04	 adam_lr:9.765625e-07
Epoch: 995	TL: 3.040e-05	VL: 5.484e-04	 5.497e-04	 adam_lr:9.765625e-07
Epoch: 996	TL: 3.038e-05	VL: 5.488e-04	 5.496e-04	 adam_lr:9.765625e-07
Epoch: 997	TL: 3.042e-05	VL: 5.493e-04	 5.496e-04	 adam_lr:9.765625e-07
Epoch: 998	TL: 3.038e-05	VL: 5.503e-04	 5.497e-04	 adam_lr:9.765625e-07
Epoch: 999	TL: 3.049e-05	VL: 5.492e-04	 5.496e-04	 adam_lr:9.765625e-07
Epoch: 1000	TL: 3.039e-05	VL: 5.496e-04	 5.496e-04	 adam_lr:9.765625e-07
Test MAE: 10.460
