Wed Dec 18 13:26:31 2024       
+-----------------------------------------------------------------------------------------+
| NVIDIA-SMI 565.57.01              Driver Version: 565.57.01      CUDA Version: 12.7     |
|-----------------------------------------+------------------------+----------------------+
| GPU  Name                 Persistence-M | Bus-Id          Disp.A | Volatile Uncorr. ECC |
| Fan  Temp   Perf          Pwr:Usage/Cap |           Memory-Usage | GPU-Util  Compute M. |
|                                         |                        |               MIG M. |
|=========================================+========================+======================|
|   0  Tesla V100-SXM2-32GB           On  |   00000000:16:00.0 Off |                    0 |
| N/A   36C    P0             41W /  300W |       1MiB /  32768MiB |      0%   E. Process |
|                                         |                        |                  N/A |
+-----------------------------------------+------------------------+----------------------+
                                                                                         
+-----------------------------------------------------------------------------------------+
| Processes:                                                                              |
|  GPU   GI   CI        PID   Type   Process name                              GPU Memory |
|        ID   ID                                                               Usage      |
|=========================================================================================|
|  No running processes found                                                             |
+-----------------------------------------------------------------------------------------+
cuda
Tesla V100-SXM2-32GB
Namespace(seed=0, target=7, data_dir='data/', batch_size_train=100, batch_size_inference=1000, num_workers=0, splits=[110000, 10000, 10831], subset_size=None, num_message_passing_layers=3, num_features=128, num_outputs=1, num_rbf_features=20, num_unique_atoms=100, cutoff_dist=5.0, lr=0.001, weight_decay=0.0001, num_epochs=1000)
PaiNN(
  (zi): Embedding(100, 128)
  (Lm): Message(
    (Ls): Sequential(
      (0): Linear(in_features=128, out_features=128, bias=True)
      (1): SiLU()
      (2): Dropout(p=0.5, inplace=False)
      (3): Linear(in_features=128, out_features=384, bias=True)
    )
    (Lrbf): Linear(in_features=20, out_features=384, bias=True)
  )
  (Lu): Update(
    (Luu): Linear(in_features=3, out_features=3, bias=False)
    (Luv): Linear(in_features=3, out_features=3, bias=False)
    (Ls): Sequential(
      (0): Linear(in_features=256, out_features=128, bias=True)
      (1): SiLU()
      (2): Dropout(p=0.5, inplace=False)
      (3): Linear(in_features=128, out_features=384, bias=True)
    )
  )
  (Lr): Sequential(
    (0): Linear(in_features=128, out_features=64, bias=True)
    (1): SiLU()
    (2): Dropout(p=0.5, inplace=False)
    (3): Linear(in_features=64, out_features=1, bias=True)
  )
)
Epoch: 1	TL: 3.879e-01	VL: 1.451e-01	SVL: 0.14512766418457032	current_lr: 0.001
Epoch: 2	TL: 3.667e-02	VL: 2.601e-02	SVL: 0.0855670491218567	current_lr: 0.001
Epoch: 3	TL: 1.950e-02	VL: 1.060e-02	SVL: 0.048083256053924564	current_lr: 0.001
Epoch: 4	TL: 1.418e-02	VL: 1.005e-02	SVL: 0.02906455249786377	current_lr: 0.001
Epoch: 5	TL: 1.373e-02	VL: 2.724e-02	SVL: 0.028152833652496337	current_lr: 0.001
Epoch: 6	TL: 1.192e-02	VL: 9.814e-03	SVL: 0.018983458471298217	current_lr: 0.001
Epoch: 7	TL: 1.114e-02	VL: 6.764e-03	SVL: 0.012873914098739624	current_lr: 0.001
Epoch: 8	TL: 9.297e-03	VL: 9.608e-03	SVL: 0.011241087126731872	current_lr: 0.001
Epoch: 9	TL: 8.932e-03	VL: 6.799e-03	SVL: 0.009019905817508698	current_lr: 0.001
Epoch: 10	TL: 7.741e-03	VL: 7.183e-03	SVL: 0.008101314622163774	current_lr: 0.001
Epoch: 11	TL: 8.544e-03	VL: 7.735e-03	SVL: 0.00791818555891514	current_lr: 0.001
Epoch: 12	TL: 7.189e-03	VL: 1.213e-02	SVL: 0.010026430101692678	current_lr: 0.001
Epoch: 13	TL: 6.648e-03	VL: 4.786e-03	SVL: 0.007406448183208705	current_lr: 0.001
Epoch: 14	TL: 6.741e-03	VL: 6.062e-03	SVL: 0.006734097580984235	current_lr: 0.001
Epoch: 15	TL: 6.131e-03	VL: 6.252e-03	SVL: 0.006493043544329703	current_lr: 0.001
Epoch: 16	TL: 5.787e-03	VL: 6.509e-03	SVL: 0.006501141823548824	current_lr: 0.001
Epoch: 17	TL: 5.832e-03	VL: 7.998e-03	SVL: 0.007249625439057127	current_lr: 0.001
Epoch: 18	TL: 5.323e-03	VL: 4.479e-03	SVL: 0.005864443013374694	current_lr: 0.001
Epoch: 19	TL: 4.661e-03	VL: 4.052e-03	SVL: 0.004958410607429687	current_lr: 0.001
Epoch: 20	TL: 4.574e-03	VL: 3.249e-03	SVL: 0.004103478103206726	current_lr: 0.001
Epoch: 21	TL: 3.958e-02	VL: 5.411e-02	SVL: 0.02910793183114438	current_lr: 0.001
Epoch: 22	TL: 8.233e-03	VL: 5.086e-03	SVL: 0.017096772755515122	current_lr: 0.001
Epoch: 23	TL: 4.479e-03	VL: 5.073e-03	SVL: 0.011085013455813897	current_lr: 0.001
Epoch: 24	TL: 4.390e-03	VL: 4.354e-03	SVL: 0.007719729122850186	current_lr: 0.001
Epoch: 25	TL: 4.502e-03	VL: 4.647e-03	SVL: 0.006183243648873213	current_lr: 0.001
Epoch: 26	TL: 4.287e-03	VL: 4.339e-03	SVL: 0.005261095913582267	current_lr: 0.001
Epoch: 27	TL: 4.382e-03	VL: 6.951e-03	SVL: 0.006106109217968196	current_lr: 0.001
Epoch: 28	TL: 4.235e-03	VL: 2.861e-03	SVL: 0.004483528914136991	current_lr: 0.001
Epoch: 29	TL: 4.325e-03	VL: 3.953e-03	SVL: 0.004218204326472335	current_lr: 0.001
Epoch: 30	TL: 4.226e-03	VL: 5.067e-03	SVL: 0.004642728362004783	current_lr: 0.001
Epoch: 31	TL: 3.921e-03	VL: 3.939e-03	SVL: 0.004290957336386455	current_lr: 0.001
Epoch: 32	TL: 3.706e-03	VL: 3.889e-03	SVL: 0.004089982154349691	current_lr: 0.001
Epoch: 33	TL: 4.026e-03	VL: 3.932e-03	SVL: 0.004011088908900919	current_lr: 0.001
Epoch: 34	TL: 3.482e-03	VL: 3.152e-03	SVL: 0.0035815335220049337	current_lr: 0.001
Epoch: 35	TL: 3.836e-03	VL: 3.264e-03	SVL: 0.003422831711468623	current_lr: 0.001
Epoch: 36	TL: 3.434e-03	VL: 2.386e-03	SVL: 0.0029045298503327004	current_lr: 0.001
Epoch: 37	TL: 3.530e-03	VL: 3.142e-03	SVL: 0.0030231815897667222	current_lr: 0.001
Epoch: 38	TL: 3.001e-03	VL: 1.076e-02	SVL: 0.006889365939460388	current_lr: 0.001
Epoch: 39	TL: 3.574e-03	VL: 2.836e-03	SVL: 0.004862539996784027	current_lr: 0.001
Epoch: 40	TL: 2.859e-03	VL: 2.479e-03	SVL: 0.003670771212419418	current_lr: 0.001
Epoch: 41	TL: 3.131e-03	VL: 6.389e-03	SVL: 0.005029940507332756	current_lr: 0.001
Epoch: 42	TL: 2.824e-03	VL: 1.844e-03	SVL: 0.00343709176655624	current_lr: 0.001
Epoch: 43	TL: 2.988e-03	VL: 7.478e-03	SVL: 0.005457375472168196	current_lr: 0.001
Epoch: 44	TL: 2.824e-03	VL: 5.626e-03	SVL: 0.005541604968597525	current_lr: 0.001
Epoch: 45	TL: 2.694e-03	VL: 4.020e-03	SVL: 0.00478077165916067	current_lr: 0.001
Epoch: 46	TL: 2.566e-03	VL: 3.660e-03	SVL: 0.004220377611291914	current_lr: 0.001
Epoch: 47	TL: 2.915e-03	VL: 2.350e-03	SVL: 0.003285190128869071	current_lr: 0.001
Epoch: 48	TL: 2.585e-03	VL: 3.146e-03	SVL: 0.003215779077801235	current_lr: 0.001
Epoch: 49	TL: 2.617e-03	VL: 2.571e-03	SVL: 0.0028935128508970776	current_lr: 0.001
Epoch: 50	TL: 2.492e-03	VL: 1.999e-03	SVL: 0.0024460614472113867	current_lr: 0.001
Epoch: 51	TL: 2.464e-03	VL: 2.991e-03	SVL: 0.002718627001319469	current_lr: 0.001
Epoch: 52	TL: 2.339e-03	VL: 1.846e-03	SVL: 0.002282272482650549	current_lr: 0.001
Epoch: 53	TL: 2.401e-03	VL: 2.600e-03	SVL: 0.002440994120010272	current_lr: 0.001
Epoch: 54	TL: 2.211e-03	VL: 2.704e-03	SVL: 0.0025726217152518705	current_lr: 0.001
Epoch: 55	TL: 2.479e-03	VL: 2.317e-03	SVL: 0.0024447531641444897	current_lr: 0.001
Epoch: 56	TL: 2.377e-03	VL: 2.020e-03	SVL: 0.0022325325698118077	current_lr: 0.001
Epoch: 57	TL: 2.375e-03	VL: 3.179e-03	SVL: 0.0027055228814711505	current_lr: 0.001
Epoch: 58	TL: 2.015e-03	VL: 2.068e-03	SVL: 0.002386716430645701	current_lr: 0.001
Epoch: 59	TL: 2.397e-03	VL: 3.562e-03	SVL: 0.002974376186361669	current_lr: 0.001
Epoch: 60	TL: 2.138e-03	VL: 2.741e-03	SVL: 0.0028575873417808406	current_lr: 0.001
Epoch: 61	TL: 1.980e-03	VL: 2.994e-03	SVL: 0.0029259888670421534	current_lr: 0.001
Epoch: 62	TL: 2.268e-03	VL: 3.288e-03	SVL: 0.0031069898258436167	current_lr: 0.001
Epoch: 63	TL: 1.995e-03	VL: 3.936e-03	SVL: 0.00352138549739065	current_lr: 0.001
Epoch: 64	TL: 2.038e-03	VL: 4.300e-03	SVL: 0.003910653040080976	current_lr: 0.001
Epoch: 65	TL: 2.154e-03	VL: 1.990e-03	SVL: 0.002950566636159873	current_lr: 0.001
Epoch: 66	TL: 2.171e-03	VL: 1.825e-03	SVL: 0.0023875394635572314	current_lr: 0.001
Epoch: 67	TL: 2.086e-03	VL: 2.905e-03	SVL: 0.0026464181807227074	current_lr: 0.001
Epoch: 68	TL: 1.772e-03	VL: 2.148e-03	SVL: 0.0023973429395053357	current_lr: 0.001
Epoch: 69	TL: 2.027e-03	VL: 2.049e-03	SVL: 0.0022233033395456063	current_lr: 0.001
Epoch: 70	TL: 1.775e-03	VL: 2.617e-03	SVL: 0.0024200950849377506	current_lr: 0.001
Epoch: 71	TL: 2.046e-03	VL: 1.814e-03	SVL: 0.0021170025342863497	current_lr: 0.001
Epoch: 72	TL: 1.996e-03	VL: 1.266e-02	SVL: 0.007388264441200182	current_lr: 0.001
Epoch: 73	TL: 1.699e-03	VL: 1.708e-03	SVL: 0.004547941684577905	current_lr: 0.001
Epoch: 74	TL: 1.774e-03	VL: 1.799e-03	SVL: 0.003173505008148175	current_lr: 0.001
Epoch: 75	TL: 2.021e-03	VL: 2.163e-03	SVL: 0.002668257731163016	current_lr: 0.001
Epoch: 76	TL: 1.745e-03	VL: 1.743e-03	SVL: 0.002205685338359828	current_lr: 0.001
Epoch: 77	TL: 1.853e-03	VL: 2.084e-03	SVL: 0.0021445972129611945	current_lr: 0.001
Epoch: 78	TL: 1.729e-03	VL: 2.268e-03	SVL: 0.002206530042733191	current_lr: 0.001
Epoch: 79	TL: 1.915e-03	VL: 1.467e-03	SVL: 0.0018366760354466432	current_lr: 0.001
Epoch: 80	TL: 1.577e-03	VL: 1.892e-03	SVL: 0.0018642833044741152	current_lr: 0.001
Epoch: 81	TL: 1.948e-03	VL: 5.934e-03	SVL: 0.0038992135192261936	current_lr: 0.001
Epoch: 82	TL: 1.760e-03	VL: 4.652e-03	SVL: 0.004275396080081999	current_lr: 0.001
Epoch: 83	TL: 1.537e-03	VL: 1.897e-03	SVL: 0.003086306915315658	current_lr: 0.001
Epoch: 84	TL: 1.620e-03	VL: 3.455e-03	SVL: 0.0032708428788347393	current_lr: 0.001
Epoch: 85	TL: 1.787e-03	VL: 3.917e-03	SVL: 0.0035940212094864917	current_lr: 0.001
Epoch: 86	TL: 1.651e-03	VL: 1.459e-03	SVL: 0.0025264373582642116	current_lr: 0.001
Epoch: 87	TL: 1.678e-03	VL: 1.870e-03	SVL: 0.0021983643075844067	current_lr: 0.001
Epoch: 88	TL: 1.690e-03	VL: 1.646e-03	SVL: 0.0019222983013103614	current_lr: 0.001
Epoch: 89	TL: 1.540e-03	VL: 2.953e-03	SVL: 0.002437835628316313	current_lr: 0.001
Epoch: 90	TL: 1.783e-03	VL: 1.899e-03	SVL: 0.0021685117396342307	current_lr: 0.001
Epoch: 91	TL: 3.999e-03	VL: 2.379e-03	SVL: 0.0022736699537747873	current_lr: 0.001
Epoch: 92	TL: 1.481e-03	VL: 2.351e-03	SVL: 0.00231211361668079	current_lr: 0.001
Epoch: 93	TL: 1.756e-03	VL: 1.724e-03	SVL: 0.0020180338133452777	current_lr: 0.001
Epoch: 94	TL: 1.703e-03	VL: 1.845e-03	SVL: 0.0019314856046973887	current_lr: 0.001
Epoch: 95	TL: 1.658e-03	VL: 2.106e-03	SVL: 0.002018611311641297	current_lr: 0.001
Epoch: 96	TL: 1.587e-03	VL: 2.009e-03	SVL: 0.0020140550731256412	current_lr: 0.001
Epoch: 97	TL: 1.749e-03	VL: 2.253e-03	SVL: 0.0021332838713444676	current_lr: 0.001
Epoch: 98	TL: 1.660e-03	VL: 3.196e-03	SVL: 0.002664516600932549	current_lr: 0.001
Epoch: 99	TL: 1.587e-03	VL: 1.599e-03	SVL: 0.002131715504808163	current_lr: 0.001
Epoch: 100	TL: 1.523e-03	VL: 3.077e-03	SVL: 0.0026042440615509626	current_lr: 0.001
Epoch: 101	TL: 5.559e-04	VL: 1.176e-03	SVL: 0.0018902362447189628	current_lr: 0.0005
Epoch: 102	TL: 6.248e-04	VL: 1.537e-03	SVL: 0.0017138381769859464	current_lr: 0.0005
Epoch: 103	TL: 6.773e-04	VL: 1.666e-03	SVL: 0.0016901484276157454	current_lr: 0.0005
Epoch: 104	TL: 7.028e-04	VL: 1.045e-03	SVL: 0.0013676170242479361	current_lr: 0.0005
Epoch: 105	TL: 6.831e-04	VL: 1.905e-03	SVL: 0.0016361264294709223	current_lr: 0.0005
Epoch: 106	TL: 6.617e-04	VL: 1.110e-03	SVL: 0.0013730963978333005	current_lr: 0.0005
Epoch: 107	TL: 6.664e-04	VL: 1.045e-03	SVL: 0.0012089620964309935	current_lr: 0.0005
Epoch: 108	TL: 6.520e-04	VL: 1.478e-03	SVL: 0.001343514270413983	current_lr: 0.0005
Epoch: 109	TL: 6.437e-04	VL: 9.901e-04	SVL: 0.001166822168642813	current_lr: 0.0005
Epoch: 110	TL: 6.415e-04	VL: 1.114e-03	SVL: 0.0011404742585691481	current_lr: 0.0005
Epoch: 111	TL: 6.078e-04	VL: 1.045e-03	SVL: 0.0010927893214957253	current_lr: 0.0005
Epoch: 112	TL: 6.477e-04	VL: 1.026e-03	SVL: 0.0010592240598567494	current_lr: 0.0005
Epoch: 113	TL: 6.033e-04	VL: 1.072e-03	SVL: 0.0010655344141904596	current_lr: 0.0005
Epoch: 114	TL: 6.381e-04	VL: 9.773e-04	SVL: 0.00102143428988179	current_lr: 0.0005
Epoch: 115	TL: 5.870e-04	VL: 1.083e-03	SVL: 0.0010521676215873182	current_lr: 0.0005
Epoch: 116	TL: 6.495e-04	VL: 1.240e-03	SVL: 0.0011459940271251411	current_lr: 0.0005
Epoch: 117	TL: 5.965e-04	VL: 2.262e-03	SVL: 0.001704219810002695	current_lr: 0.0005
Epoch: 118	TL: 6.210e-04	VL: 1.074e-03	SVL: 0.001388937063929265	current_lr: 0.0005
Epoch: 119	TL: 6.116e-04	VL: 1.191e-03	SVL: 0.001289923403619143	current_lr: 0.0005
Epoch: 120	TL: 5.867e-04	VL: 1.243e-03	SVL: 0.0012666402806631788	current_lr: 0.0005
Epoch: 121	TL: 5.857e-04	VL: 1.054e-03	SVL: 0.0011602734799083104	current_lr: 0.0005
Epoch: 122	TL: 5.989e-04	VL: 9.974e-04	SVL: 0.0010788193700162585	current_lr: 0.0005
Epoch: 123	TL: 5.978e-04	VL: 1.043e-03	SVL: 0.0010607747195883598	current_lr: 0.0005
Epoch: 124	TL: 6.131e-04	VL: 1.127e-03	SVL: 0.0010937305509410304	current_lr: 0.0005
Epoch: 125	TL: 5.767e-04	VL: 1.079e-03	SVL: 0.0010864878207128247	current_lr: 0.0005
Epoch: 126	TL: 5.938e-04	VL: 1.269e-03	SVL: 0.0011776307955225806	current_lr: 0.0005
Epoch: 127	TL: 5.481e-04	VL: 1.090e-03	SVL: 0.0011338149733762194	current_lr: 0.0005
Epoch: 128	TL: 5.920e-04	VL: 9.626e-04	SVL: 0.001048200127850982	current_lr: 0.0005
Epoch: 129	TL: 5.673e-04	VL: 1.149e-03	SVL: 0.0010986800895984037	current_lr: 0.0005
Epoch: 130	TL: 5.726e-04	VL: 9.711e-04	SVL: 0.001034890865626686	current_lr: 0.0005
Epoch: 131	TL: 5.370e-04	VL: 1.370e-03	SVL: 0.001202364658982929	current_lr: 0.0005
Epoch: 132	TL: 5.503e-04	VL: 1.164e-03	SVL: 0.0011830776451385897	current_lr: 0.0005
Epoch: 133	TL: 5.971e-04	VL: 1.566e-03	SVL: 0.001374748289503499	current_lr: 0.0005
Epoch: 134	TL: 5.649e-04	VL: 1.061e-03	SVL: 0.0012179960667678931	current_lr: 0.0005
Epoch: 135	TL: 5.771e-04	VL: 9.126e-04	SVL: 0.0010652852266822865	current_lr: 0.0005
Epoch: 136	TL: 2.533e-04	VL: 8.661e-04	SVL: 0.000965678618838122	current_lr: 0.00025
Epoch: 137	TL: 2.711e-04	VL: 9.118e-04	SVL: 0.0009387149445661558	current_lr: 0.00025
Epoch: 138	TL: 2.980e-04	VL: 9.052e-04	SVL: 0.0009219397004668242	current_lr: 0.00025
Epoch: 139	TL: 2.757e-04	VL: 9.318e-04	SVL: 0.0009268743602546218	current_lr: 0.00025
Epoch: 140	TL: 2.902e-04	VL: 9.172e-04	SVL: 0.0009220466299907447	current_lr: 0.00025
Epoch: 141	TL: 2.994e-04	VL: 1.034e-03	SVL: 0.0009780853233762622	current_lr: 0.00025
Epoch: 142	TL: 2.691e-04	VL: 9.959e-04	SVL: 0.000987013969919485	current_lr: 0.00025
Epoch: 143	TL: 2.930e-04	VL: 9.230e-04	SVL: 0.0009550012161838024	current_lr: 0.00025
Epoch: 144	TL: 2.783e-04	VL: 8.201e-04	SVL: 0.0008875671411805854	current_lr: 0.00025
Epoch: 145	TL: 2.813e-04	VL: 8.843e-04	SVL: 0.0008859386575844638	current_lr: 0.00025
Epoch: 146	TL: 2.724e-04	VL: 8.915e-04	SVL: 0.0008887127346111712	current_lr: 0.00025
Epoch: 147	TL: 2.651e-04	VL: 8.259e-04	SVL: 0.0008573278162039011	current_lr: 0.00025
Epoch: 148	TL: 2.633e-04	VL: 9.247e-04	SVL: 0.0008910206185359105	current_lr: 0.00025
Epoch: 149	TL: 2.678e-04	VL: 7.869e-04	SVL: 0.0008389486246594957	current_lr: 0.00025
Epoch: 150	TL: 2.556e-04	VL: 8.268e-04	SVL: 0.000832887133622625	current_lr: 0.00025
Epoch: 151	TL: 2.729e-04	VL: 8.346e-04	SVL: 0.000833719579708804	current_lr: 0.00025
Epoch: 152	TL: 2.521e-04	VL: 8.068e-04	SVL: 0.000820250423914308	current_lr: 0.00025
Epoch: 153	TL: 2.726e-04	VL: 9.781e-04	SVL: 0.00089917817521399	current_lr: 0.00025
Epoch: 154	TL: 2.615e-04	VL: 8.395e-04	SVL: 0.0008693475981965946	current_lr: 0.00025
Epoch: 155	TL: 2.585e-04	VL: 8.245e-04	SVL: 0.0008469472895272219	current_lr: 0.00025
Epoch: 156	TL: 2.549e-04	VL: 8.754e-04	SVL: 0.0008611643677059632	current_lr: 0.00025
Epoch: 157	TL: 2.601e-04	VL: 8.678e-04	SVL: 0.0008644716444166413	current_lr: 0.00025
Epoch: 158	TL: 2.521e-04	VL: 8.517e-04	SVL: 0.0008580837698058243	current_lr: 0.00025
Epoch: 159	TL: 2.607e-04	VL: 8.501e-04	SVL: 0.0008540877924003182	current_lr: 0.00025
Epoch: 160	TL: 2.643e-04	VL: 7.904e-04	SVL: 0.0008222500376720219	current_lr: 0.00025
Epoch: 161	TL: 2.490e-04	VL: 7.981e-04	SVL: 0.0008101928021917238	current_lr: 0.00025
Epoch: 162	TL: 2.559e-04	VL: 8.377e-04	SVL: 0.0008239627612833924	current_lr: 0.00025
Epoch: 163	TL: 2.452e-04	VL: 8.549e-04	SVL: 0.0008394365198018524	current_lr: 0.00025
Epoch: 164	TL: 2.584e-04	VL: 7.892e-04	SVL: 0.000814323062032579	current_lr: 0.00025
Epoch: 165	TL: 2.498e-04	VL: 7.980e-04	SVL: 0.0008061733098477714	current_lr: 0.00025
Epoch: 166	TL: 2.403e-04	VL: 8.312e-04	SVL: 0.0008186710641607936	current_lr: 0.00025
Epoch: 167	TL: 2.466e-04	VL: 8.287e-04	SVL: 0.000823701324354872	current_lr: 0.00025
Epoch: 168	TL: 2.499e-04	VL: 7.830e-04	SVL: 0.000803346056884162	current_lr: 0.00025
Epoch: 169	TL: 2.351e-04	VL: 9.663e-04	SVL: 0.0008848086571423373	current_lr: 0.00025
Epoch: 170	TL: 2.559e-04	VL: 8.139e-04	SVL: 0.0008493658172949235	current_lr: 0.00025
Epoch: 171	TL: 2.334e-04	VL: 7.891e-04	SVL: 0.0008192274385623177	current_lr: 0.00025
Epoch: 172	TL: 2.423e-04	VL: 8.451e-04	SVL: 0.0008321530249681096	current_lr: 0.00025
Epoch: 173	TL: 2.508e-04	VL: 8.424e-04	SVL: 0.0008372858358902742	current_lr: 0.00025
Epoch: 174	TL: 2.352e-04	VL: 8.070e-04	SVL: 0.0008221580184242631	current_lr: 0.00025
Epoch: 175	TL: 2.322e-04	VL: 9.061e-04	SVL: 0.0008641082245479776	current_lr: 0.00025
Epoch: 176	TL: 2.460e-04	VL: 8.675e-04	SVL: 0.0008658225873296834	current_lr: 0.00025
Epoch: 177	TL: 2.325e-04	VL: 8.751e-04	SVL: 0.0008704700519236613	current_lr: 0.00025
Epoch: 178	TL: 2.447e-04	VL: 8.239e-04	SVL: 0.000847187211592629	current_lr: 0.00025
Epoch: 179	TL: 2.315e-04	VL: 8.051e-04	SVL: 0.0008261581671633494	current_lr: 0.00025
Epoch: 180	TL: 2.406e-04	VL: 8.314e-04	SVL: 0.0008287671929795629	current_lr: 0.00025
Epoch: 181	TL: 2.281e-04	VL: 7.860e-04	SVL: 0.0008073820176819507	current_lr: 0.00025
Epoch: 182	TL: 2.481e-04	VL: 7.995e-04	SVL: 0.0008034611256470056	current_lr: 0.00025
Epoch: 183	TL: 2.304e-04	VL: 8.096e-04	SVL: 0.0008065157190735028	current_lr: 0.00025
Epoch: 184	TL: 2.309e-04	VL: 8.088e-04	SVL: 0.000807659126111611	current_lr: 0.00025
Epoch: 185	TL: 2.445e-04	VL: 1.102e-03	SVL: 0.0009549970511539501	current_lr: 0.00025
Epoch: 186	TL: 2.226e-04	VL: 7.967e-04	SVL: 0.0008758685411981603	current_lr: 0.00025
Epoch: 187	TL: 2.310e-04	VL: 1.149e-03	SVL: 0.0010124246747281085	current_lr: 0.00025
Epoch: 188	TL: 2.282e-04	VL: 7.913e-04	SVL: 0.0009018793181074624	current_lr: 0.00025
Epoch: 189	TL: 2.485e-04	VL: 7.862e-04	SVL: 0.0008440203942603352	current_lr: 0.00025
Epoch: 190	TL: 1.310e-04	VL: 7.179e-04	SVL: 0.0007809505242976786	current_lr: 0.000125
Epoch: 191	TL: 1.430e-04	VL: 8.026e-04	SVL: 0.000791751254542333	current_lr: 0.000125
Epoch: 192	TL: 1.404e-04	VL: 7.322e-04	SVL: 0.0007619943087019831	current_lr: 0.000125
Epoch: 193	TL: 1.394e-04	VL: 7.757e-04	SVL: 0.0007688372942168669	current_lr: 0.000125
Epoch: 194	TL: 1.477e-04	VL: 7.512e-04	SVL: 0.0007600181625465133	current_lr: 0.000125
Epoch: 195	TL: 1.408e-04	VL: 7.679e-04	SVL: 0.0007639670394946922	current_lr: 0.000125
Epoch: 196	TL: 1.391e-04	VL: 7.517e-04	SVL: 0.0007578106414819652	current_lr: 0.000125
Epoch: 197	TL: 1.432e-04	VL: 8.156e-04	SVL: 0.0007867168670666662	current_lr: 0.000125
Epoch: 198	TL: 1.388e-04	VL: 7.303e-04	SVL: 0.0007584885838514789	current_lr: 0.000125
Epoch: 199	TL: 1.470e-04	VL: 7.187e-04	SVL: 0.0007386018039229624	current_lr: 0.000125
Epoch: 200	TL: 1.373e-04	VL: 7.608e-04	SVL: 0.0007496857524634953	current_lr: 0.000125
Epoch: 201	TL: 1.364e-04	VL: 7.387e-04	SVL: 0.0007442087233424959	current_lr: 0.000125
Epoch: 202	TL: 1.381e-04	VL: 7.239e-04	SVL: 0.0007340294987142472	current_lr: 0.000125
Epoch: 203	TL: 1.368e-04	VL: 7.408e-04	SVL: 0.0007373946145266487	current_lr: 0.000125
Epoch: 204	TL: 1.363e-04	VL: 7.267e-04	SVL: 0.0007320384241685367	current_lr: 0.000125
Epoch: 205	TL: 1.356e-04	VL: 7.525e-04	SVL: 0.000742263900118326	current_lr: 0.000125
Epoch: 206	TL: 1.383e-04	VL: 7.566e-04	SVL: 0.0007494564587261552	current_lr: 0.000125
Epoch: 207	TL: 1.339e-04	VL: 7.203e-04	SVL: 0.0007348937657667336	current_lr: 0.000125
Epoch: 208	TL: 1.337e-04	VL: 7.949e-04	SVL: 0.0007648970319426624	current_lr: 0.000125
Epoch: 209	TL: 1.344e-04	VL: 7.370e-04	SVL: 0.0007509255386191889	current_lr: 0.000125
Epoch: 210	TL: 1.333e-04	VL: 7.404e-04	SVL: 0.0007456396449008725	current_lr: 0.000125
Epoch: 211	TL: 1.354e-04	VL: 7.526e-04	SVL: 0.0007491052800615202	current_lr: 0.000125
Epoch: 212	TL: 1.321e-04	VL: 7.160e-04	SVL: 0.0007325392213562911	current_lr: 0.000125
Epoch: 213	TL: 1.360e-04	VL: 7.165e-04	SVL: 0.0007245000584473106	current_lr: 0.000125
Epoch: 214	TL: 1.307e-04	VL: 7.493e-04	SVL: 0.000736877774375175	current_lr: 0.000125
Epoch: 215	TL: 1.280e-04	VL: 7.575e-04	SVL: 0.0007471834178653829	current_lr: 0.000125
Epoch: 216	TL: 1.347e-04	VL: 7.312e-04	SVL: 0.000739194512162977	current_lr: 0.000125
Epoch: 217	TL: 1.312e-04	VL: 7.518e-04	SVL: 0.0007454975723198919	current_lr: 0.000125
Epoch: 218	TL: 1.291e-04	VL: 7.114e-04	SVL: 0.000728454226204349	current_lr: 0.000125
Epoch: 219	TL: 1.301e-04	VL: 7.904e-04	SVL: 0.0007594273537142045	current_lr: 0.000125
Epoch: 220	TL: 1.294e-04	VL: 7.198e-04	SVL: 0.0007396257981530312	current_lr: 0.000125
Epoch: 221	TL: 1.343e-04	VL: 7.435e-04	SVL: 0.0007415562204952778	current_lr: 0.000125
Epoch: 222	TL: 1.256e-04	VL: 7.115e-04	SVL: 0.0007265162255583079	current_lr: 0.000125
Epoch: 223	TL: 1.266e-04	VL: 7.162e-04	SVL: 0.0007213338268904821	current_lr: 0.000125
Epoch: 224	TL: 1.302e-04	VL: 7.046e-04	SVL: 0.000712964219506032	current_lr: 0.000125
Epoch: 225	TL: 1.294e-04	VL: 7.159e-04	SVL: 0.0007144284102596078	current_lr: 0.000125
Epoch: 226	TL: 1.232e-04	VL: 7.258e-04	SVL: 0.0007201315330106633	current_lr: 0.000125
Epoch: 227	TL: 1.268e-04	VL: 7.154e-04	SVL: 0.0007177666270056673	current_lr: 0.000125
Epoch: 228	TL: 1.277e-04	VL: 7.056e-04	SVL: 0.0007116840403933976	current_lr: 0.000125
Epoch: 229	TL: 1.296e-04	VL: 7.272e-04	SVL: 0.0007194327613542305	current_lr: 0.000125
Epoch: 230	TL: 1.229e-04	VL: 7.220e-04	SVL: 0.0007206944356774204	current_lr: 0.000125
Epoch: 231	TL: 1.250e-04	VL: 7.193e-04	SVL: 0.0007199833577084001	current_lr: 0.000125
Epoch: 232	TL: 1.245e-04	VL: 7.099e-04	SVL: 0.000714947220941755	current_lr: 0.000125
Epoch: 233	TL: 1.265e-04	VL: 7.266e-04	SVL: 0.0007207632528048618	current_lr: 0.000125
Epoch: 234	TL: 1.284e-04	VL: 7.160e-04	SVL: 0.0007183795683732561	current_lr: 0.000125
Epoch: 235	TL: 1.212e-04	VL: 7.540e-04	SVL: 0.0007361956473763253	current_lr: 0.000125
Epoch: 236	TL: 1.247e-04	VL: 7.406e-04	SVL: 0.00073838822228588	current_lr: 0.000125
Epoch: 237	TL: 1.244e-04	VL: 7.175e-04	SVL: 0.000727954241548366	current_lr: 0.000125
Epoch: 238	TL: 1.210e-04	VL: 7.298e-04	SVL: 0.0007288974985055062	current_lr: 0.000125
Epoch: 239	TL: 1.265e-04	VL: 7.091e-04	SVL: 0.0007190150491680669	current_lr: 0.000125
Epoch: 240	TL: 1.204e-04	VL: 7.033e-04	SVL: 0.0007111582871420169	current_lr: 0.000125
Epoch: 241	TL: 1.217e-04	VL: 7.584e-04	SVL: 0.0007347548184863221	current_lr: 0.000125
Epoch: 242	TL: 1.230e-04	VL: 7.398e-04	SVL: 0.0007373008458848541	current_lr: 0.000125
Epoch: 243	TL: 1.240e-04	VL: 7.325e-04	SVL: 0.0007348771437523636	current_lr: 0.000125
Epoch: 244	TL: 1.212e-04	VL: 7.323e-04	SVL: 0.0007335937551914589	current_lr: 0.000125
Epoch: 245	TL: 1.220e-04	VL: 7.292e-04	SVL: 0.0007314041521280475	current_lr: 0.000125
Epoch: 246	TL: 1.211e-04	VL: 7.363e-04	SVL: 0.0007338530255421732	current_lr: 0.000125
Epoch: 247	TL: 1.215e-04	VL: 7.203e-04	SVL: 0.0007270870543055105	current_lr: 0.000125
Epoch: 248	TL: 1.209e-04	VL: 6.908e-04	SVL: 0.0007089199352528834	current_lr: 0.000125
Epoch: 249	TL: 1.217e-04	VL: 7.227e-04	SVL: 0.0007158231639994275	current_lr: 0.000125
Epoch: 250	TL: 1.163e-04	VL: 7.224e-04	SVL: 0.0007190919828481024	current_lr: 0.000125
Epoch: 251	TL: 1.193e-04	VL: 7.054e-04	SVL: 0.0007122272467646274	current_lr: 0.000125
Epoch: 252	TL: 1.214e-04	VL: 6.960e-04	SVL: 0.0007041159379498796	current_lr: 0.000125
Epoch: 253	TL: 1.197e-04	VL: 7.057e-04	SVL: 0.000704924177528254	current_lr: 0.000125
Epoch: 254	TL: 1.183e-04	VL: 7.002e-04	SVL: 0.0007025599476699193	current_lr: 0.000125
Epoch: 255	TL: 1.158e-04	VL: 7.749e-04	SVL: 0.000738737165779082	current_lr: 0.000125
Epoch: 256	TL: 1.232e-04	VL: 7.073e-04	SVL: 0.0007230032145232996	current_lr: 0.000125
Epoch: 257	TL: 1.191e-04	VL: 6.992e-04	SVL: 0.0007110997169837872	current_lr: 0.000125
Epoch: 258	TL: 1.163e-04	VL: 7.252e-04	SVL: 0.0007181524380855521	current_lr: 0.000125
Epoch: 259	TL: 1.166e-04	VL: 7.206e-04	SVL: 0.0007193865708913784	current_lr: 0.000125
Epoch: 260	TL: 1.205e-04	VL: 7.950e-04	SVL: 0.0007571759071154584	current_lr: 0.000125
Epoch: 261	TL: 1.184e-04	VL: 7.135e-04	SVL: 0.0007353511137864584	current_lr: 0.000125
Epoch: 262	TL: 1.146e-04	VL: 6.937e-04	SVL: 0.0007145189187477824	current_lr: 0.000125
Epoch: 263	TL: 1.192e-04	VL: 6.932e-04	SVL: 0.0007038355659222005	current_lr: 0.000125
Epoch: 264	TL: 1.173e-04	VL: 6.970e-04	SVL: 0.0007004138147222697	current_lr: 0.000125
Epoch: 265	TL: 1.149e-04	VL: 7.127e-04	SVL: 0.0007065789538317769	current_lr: 0.000125
Epoch: 266	TL: 1.147e-04	VL: 7.119e-04	SVL: 0.0007092408814874217	current_lr: 0.000125
Epoch: 267	TL: 1.162e-04	VL: 7.190e-04	SVL: 0.0007141253192646765	current_lr: 0.000125
Epoch: 268	TL: 1.161e-04	VL: 6.973e-04	SVL: 0.0007057352165094745	current_lr: 0.000125
Epoch: 269	TL: 1.117e-04	VL: 7.107e-04	SVL: 0.0007081944634373849	current_lr: 0.000125
Epoch: 270	TL: 1.095e-04	VL: 7.164e-04	SVL: 0.0007122748101679418	current_lr: 0.000125
Epoch: 271	TL: 1.181e-04	VL: 7.054e-04	SVL: 0.0007088410717709826	current_lr: 0.000125
Epoch: 272	TL: 1.103e-04	VL: 7.018e-04	SVL: 0.0007053219726912164	current_lr: 0.000125
Epoch: 273	TL: 1.147e-04	VL: 7.076e-04	SVL: 0.0007064532722647976	current_lr: 0.000125
Epoch: 274	TL: 1.130e-04	VL: 7.238e-04	SVL: 0.0007151125771609939	current_lr: 0.000125
Epoch: 275	TL: 1.145e-04	VL: 6.899e-04	SVL: 0.0007025035074754555	current_lr: 0.000125
Epoch: 276	TL: 1.164e-04	VL: 7.029e-04	SVL: 0.0007026914085648457	current_lr: 0.000125
Epoch: 277	TL: 1.120e-04	VL: 6.938e-04	SVL: 0.0006982546431671579	current_lr: 0.000125
Epoch: 278	TL: 1.115e-04	VL: 7.090e-04	SVL: 0.0007036310962265233	current_lr: 0.000125
Epoch: 279	TL: 1.110e-04	VL: 7.533e-04	SVL: 0.0007284770514282336	current_lr: 0.000125
Epoch: 280	TL: 1.157e-04	VL: 7.090e-04	SVL: 0.0007187601221458489	current_lr: 0.000125
Epoch: 281	TL: 1.080e-04	VL: 7.267e-04	SVL: 0.0007227503127285031	current_lr: 0.000125
Epoch: 282	TL: 1.169e-04	VL: 7.222e-04	SVL: 0.0007224756750677122	current_lr: 0.000125
Epoch: 283	TL: 1.112e-04	VL: 7.159e-04	SVL: 0.0007191789285944945	current_lr: 0.000125
Epoch: 284	TL: 1.074e-04	VL: 7.006e-04	SVL: 0.0007099014230870727	current_lr: 0.000125
Epoch: 285	TL: 1.106e-04	VL: 7.068e-04	SVL: 0.0007083476160120727	current_lr: 0.000125
Epoch: 286	TL: 1.107e-04	VL: 7.011e-04	SVL: 0.0007047348546063781	current_lr: 0.000125
Epoch: 287	TL: 1.130e-04	VL: 7.160e-04	SVL: 0.0007103849911230743	current_lr: 0.000125
Epoch: 288	TL: 1.089e-04	VL: 7.085e-04	SVL: 0.0007094625127086014	current_lr: 0.000125
Epoch: 289	TL: 1.102e-04	VL: 7.385e-04	SVL: 0.0007239967411641762	current_lr: 0.000125
Epoch: 290	TL: 1.109e-04	VL: 6.943e-04	SVL: 0.0007091387543024861	current_lr: 0.000125
Epoch: 291	TL: 1.112e-04	VL: 7.077e-04	SVL: 0.0007084365503461283	current_lr: 0.000125
Epoch: 292	TL: 1.095e-04	VL: 7.001e-04	SVL: 0.0007042585440710744	current_lr: 0.000125
Epoch: 293	TL: 1.096e-04	VL: 7.406e-04	SVL: 0.0007224537168063502	current_lr: 0.000125
Epoch: 294	TL: 1.083e-04	VL: 7.586e-04	SVL: 0.0007405249135751418	current_lr: 0.000125
Epoch: 295	TL: 1.116e-04	VL: 6.830e-04	SVL: 0.0007117376932034339	current_lr: 0.000125
Epoch: 296	TL: 1.089e-04	VL: 7.031e-04	SVL: 0.0007074212018911763	current_lr: 0.000125
Epoch: 297	TL: 1.096e-04	VL: 6.798e-04	SVL: 0.0006936026187869273	current_lr: 0.000125
Epoch: 298	TL: 1.091e-04	VL: 7.097e-04	SVL: 0.0007016397402749639	current_lr: 0.000125
Epoch: 299	TL: 1.088e-04	VL: 7.042e-04	SVL: 0.0007028999649517824	current_lr: 0.000125
Epoch: 300	TL: 1.056e-04	VL: 7.081e-04	SVL: 0.0007055222910162355	current_lr: 0.000125
Epoch: 301	TL: 1.105e-04	VL: 7.159e-04	SVL: 0.000710719521915741	current_lr: 0.000125
Epoch: 302	TL: 1.045e-04	VL: 7.859e-04	SVL: 0.00074833262367836	current_lr: 0.000125
Epoch: 303	TL: 1.096e-04	VL: 6.971e-04	SVL: 0.0007226928969412613	current_lr: 0.000125
Epoch: 304	TL: 1.092e-04	VL: 7.147e-04	SVL: 0.0007186767468943978	current_lr: 0.000125
Epoch: 305	TL: 1.028e-04	VL: 7.199e-04	SVL: 0.000719287878776331	current_lr: 0.000125
Epoch: 306	TL: 1.115e-04	VL: 7.067e-04	SVL: 0.0007129886778715945	current_lr: 0.000125
Epoch: 307	TL: 1.084e-04	VL: 7.342e-04	SVL: 0.000723575492328589	current_lr: 0.000125
Epoch: 308	TL: 1.039e-04	VL: 7.263e-04	SVL: 0.0007249527671069825	current_lr: 0.000125
Epoch: 309	TL: 1.045e-04	VL: 7.223e-04	SVL: 0.0007236334789857727	current_lr: 0.000125
Epoch: 310	TL: 1.057e-04	VL: 7.186e-04	SVL: 0.0007211299533181122	current_lr: 0.000125
Epoch: 311	TL: 1.051e-04	VL: 6.879e-04	SVL: 0.000704514842953917	current_lr: 0.000125
Epoch: 312	TL: 1.074e-04	VL: 7.381e-04	SVL: 0.000721292856199859	current_lr: 0.000125
Epoch: 313	TL: 1.058e-04	VL: 7.115e-04	SVL: 0.0007164061679757229	current_lr: 0.000125
Epoch: 314	TL: 1.065e-04	VL: 6.852e-04	SVL: 0.0007008107252079543	current_lr: 0.000125
Epoch: 315	TL: 1.035e-04	VL: 6.930e-04	SVL: 0.0006969284806230811	current_lr: 0.000125
Epoch: 316	TL: 1.056e-04	VL: 7.199e-04	SVL: 0.0007084059016694202	current_lr: 0.000125
Epoch: 317	TL: 1.081e-04	VL: 6.941e-04	SVL: 0.0007012582787270135	current_lr: 0.000125
Epoch: 318	TL: 1.031e-04	VL: 7.824e-04	SVL: 0.0007418529157039915	current_lr: 0.000125
Epoch: 319	TL: 7.321e-05	VL: 6.739e-04	SVL: 0.0007078539194761413	current_lr: 6.25e-05
Epoch: 320	TL: 7.384e-05	VL: 6.786e-04	SVL: 0.000693242266878421	current_lr: 6.25e-05
Epoch: 321	TL: 7.538e-05	VL: 6.813e-04	SVL: 0.0006872690454646621	current_lr: 6.25e-05
Epoch: 322	TL: 7.489e-05	VL: 6.911e-04	SVL: 0.0006891982563100594	current_lr: 6.25e-05
Epoch: 323	TL: 7.564e-05	VL: 6.763e-04	SVL: 0.0006827251318972477	current_lr: 6.25e-05
Epoch: 324	TL: 7.454e-05	VL: 6.695e-04	SVL: 0.0006761130275269929	current_lr: 6.25e-05
Epoch: 325	TL: 7.385e-05	VL: 6.649e-04	SVL: 0.0006705016226540299	current_lr: 6.25e-05
Epoch: 326	TL: 7.491e-05	VL: 6.795e-04	SVL: 0.0006749952599888192	current_lr: 6.25e-05
Epoch: 327	TL: 7.256e-05	VL: 6.743e-04	SVL: 0.0006746576570215398	current_lr: 6.25e-05
Epoch: 328	TL: 7.426e-05	VL: 6.751e-04	SVL: 0.0006748734604687777	current_lr: 6.25e-05
Epoch: 329	TL: 7.472e-05	VL: 6.719e-04	SVL: 0.0006733655279562516	current_lr: 6.25e-05
Epoch: 330	TL: 7.326e-05	VL: 6.942e-04	SVL: 0.0006837800416194223	current_lr: 6.25e-05
Epoch: 331	TL: 7.384e-05	VL: 6.607e-04	SVL: 0.0006722319202047001	current_lr: 6.25e-05
Epoch: 332	TL: 7.303e-05	VL: 6.658e-04	SVL: 0.0006689917006304567	current_lr: 6.25e-05
Epoch: 333	TL: 7.438e-05	VL: 6.812e-04	SVL: 0.0006751009542848023	current_lr: 6.25e-05
Epoch: 334	TL: 7.520e-05	VL: 6.883e-04	SVL: 0.0006817107001496033	current_lr: 6.25e-05
Epoch: 335	TL: 7.224e-05	VL: 6.956e-04	SVL: 0.0006886678834534027	current_lr: 6.25e-05
Epoch: 336	TL: 7.170e-05	VL: 6.692e-04	SVL: 0.0006789547512817551	current_lr: 6.25e-05
Epoch: 337	TL: 7.169e-05	VL: 6.627e-04	SVL: 0.000670835510387429	current_lr: 6.25e-05
Epoch: 338	TL: 7.245e-05	VL: 6.684e-04	SVL: 0.0006696022229862254	current_lr: 6.25e-05
Epoch: 339	TL: 7.316e-05	VL: 6.678e-04	SVL: 0.0006687183716630957	current_lr: 6.25e-05
Epoch: 340	TL: 7.341e-05	VL: 6.756e-04	SVL: 0.0006721710492539417	current_lr: 6.25e-05
Epoch: 341	TL: 7.217e-05	VL: 6.822e-04	SVL: 0.0006771859789574152	current_lr: 6.25e-05
Epoch: 342	TL: 7.069e-05	VL: 6.717e-04	SVL: 0.0006744629097324613	current_lr: 6.25e-05
Epoch: 343	TL: 7.226e-05	VL: 6.736e-04	SVL: 0.0006740337109735609	current_lr: 6.25e-05
Epoch: 344	TL: 7.049e-05	VL: 6.632e-04	SVL: 0.0006686381566609442	current_lr: 6.25e-05
Epoch: 345	TL: 7.268e-05	VL: 6.947e-04	SVL: 0.0006816504949373752	current_lr: 6.25e-05
Epoch: 346	TL: 7.141e-05	VL: 6.932e-04	SVL: 0.0006874032256028429	current_lr: 6.25e-05
Epoch: 347	TL: 7.202e-05	VL: 6.691e-04	SVL: 0.0006782416819046624	current_lr: 6.25e-05
Epoch: 348	TL: 7.132e-05	VL: 6.737e-04	SVL: 0.0006759892820572201	current_lr: 6.25e-05
Epoch: 349	TL: 7.050e-05	VL: 6.956e-04	SVL: 0.000685781484805313	current_lr: 6.25e-05
Epoch: 350	TL: 7.145e-05	VL: 6.703e-04	SVL: 0.000678064647298439	current_lr: 6.25e-05
Epoch: 351	TL: 7.063e-05	VL: 6.652e-04	SVL: 0.000671646447470478	current_lr: 6.25e-05
Epoch: 352	TL: 7.176e-05	VL: 6.617e-04	SVL: 0.0006666723586572665	current_lr: 6.25e-05
Epoch: 353	TL: 7.031e-05	VL: 6.631e-04	SVL: 0.0006649098206288346	current_lr: 6.25e-05
Epoch: 354	TL: 7.090e-05	VL: 6.737e-04	SVL: 0.0006693083072069649	current_lr: 6.25e-05
Epoch: 355	TL: 7.123e-05	VL: 6.686e-04	SVL: 0.000668967725056577	current_lr: 6.25e-05
Epoch: 356	TL: 6.875e-05	VL: 6.871e-04	SVL: 0.0006780372506470324	current_lr: 6.25e-05
Epoch: 357	TL: 7.188e-05	VL: 6.681e-04	SVL: 0.0006730707350418389	current_lr: 6.25e-05
Epoch: 358	TL: 7.166e-05	VL: 6.637e-04	SVL: 0.0006683886976562649	current_lr: 6.25e-05
Epoch: 359	TL: 6.883e-05	VL: 6.815e-04	SVL: 0.0006749653802078322	current_lr: 6.25e-05
Epoch: 360	TL: 7.034e-05	VL: 6.688e-04	SVL: 0.0006718672864517249	current_lr: 6.25e-05
Epoch: 361	TL: 7.120e-05	VL: 6.667e-04	SVL: 0.0006692709025184649	current_lr: 6.25e-05
Epoch: 362	TL: 7.016e-05	VL: 6.784e-04	SVL: 0.000673837688388444	current_lr: 6.25e-05
Epoch: 363	TL: 6.917e-05	VL: 6.691e-04	SVL: 0.0006714671625802998	current_lr: 6.25e-05
Epoch: 364	TL: 6.989e-05	VL: 6.859e-04	SVL: 0.0006786702520703318	current_lr: 6.25e-05
Epoch: 365	TL: 6.997e-05	VL: 6.771e-04	SVL: 0.0006778977576422215	current_lr: 6.25e-05
Epoch: 366	TL: 6.996e-05	VL: 6.638e-04	SVL: 0.0006708353729808093	current_lr: 6.25e-05
Epoch: 367	TL: 6.912e-05	VL: 7.029e-04	SVL: 0.0006868732915204644	current_lr: 6.25e-05
Epoch: 368	TL: 6.950e-05	VL: 6.748e-04	SVL: 0.0006808598630568326	current_lr: 6.25e-05
Epoch: 369	TL: 6.820e-05	VL: 6.703e-04	SVL: 0.000675588124639836	current_lr: 6.25e-05
Epoch: 370	TL: 6.926e-05	VL: 6.872e-04	SVL: 0.0006813876001273826	current_lr: 6.25e-05
Epoch: 371	TL: 6.942e-05	VL: 6.785e-04	SVL: 0.0006799484058338024	current_lr: 6.25e-05
Epoch: 372	TL: 6.719e-05	VL: 6.596e-04	SVL: 0.0006697610757806707	current_lr: 6.25e-05
Epoch: 373	TL: 6.935e-05	VL: 6.572e-04	SVL: 0.000663486773871323	current_lr: 6.25e-05
Epoch: 374	TL: 6.800e-05	VL: 6.661e-04	SVL: 0.0006647719299311143	current_lr: 6.25e-05
Epoch: 375	TL: 6.875e-05	VL: 6.725e-04	SVL: 0.0006686492997166863	current_lr: 6.25e-05
Epoch: 376	TL: 6.769e-05	VL: 6.738e-04	SVL: 0.0006712422171114559	current_lr: 6.25e-05
Epoch: 377	TL: 6.858e-05	VL: 6.636e-04	SVL: 0.0006673965950249967	current_lr: 6.25e-05
Epoch: 378	TL: 6.833e-05	VL: 6.955e-04	SVL: 0.0006814280638813644	current_lr: 6.25e-05
Epoch: 379	TL: 7.019e-05	VL: 6.613e-04	SVL: 0.0006713540380060509	current_lr: 6.25e-05
Epoch: 380	TL: 6.658e-05	VL: 6.534e-04	SVL: 0.0006623788865834392	current_lr: 6.25e-05
Epoch: 381	TL: 6.781e-05	VL: 6.879e-04	SVL: 0.0006751360432520467	current_lr: 6.25e-05
Epoch: 382	TL: 6.885e-05	VL: 6.659e-04	SVL: 0.0006705235608525553	current_lr: 6.25e-05
Epoch: 383	TL: 6.762e-05	VL: 6.678e-04	SVL: 0.0006691827241633076	current_lr: 6.25e-05
Epoch: 384	TL: 6.730e-05	VL: 6.729e-04	SVL: 0.0006710313649998972	current_lr: 6.25e-05
Epoch: 385	TL: 6.813e-05	VL: 6.657e-04	SVL: 0.0006683605597429906	current_lr: 6.25e-05
Epoch: 386	TL: 6.728e-05	VL: 6.649e-04	SVL: 0.0006666192971673326	current_lr: 6.25e-05
Epoch: 387	TL: 6.696e-05	VL: 6.634e-04	SVL: 0.0006650214296085991	current_lr: 6.25e-05
Epoch: 388	TL: 6.820e-05	VL: 6.605e-04	SVL: 0.0006627759626261075	current_lr: 6.25e-05
Epoch: 389	TL: 6.853e-05	VL: 6.625e-04	SVL: 0.0006626533831532637	current_lr: 6.25e-05
Epoch: 390	TL: 6.577e-05	VL: 6.631e-04	SVL: 0.0006628822249857506	current_lr: 6.25e-05
Epoch: 391	TL: 6.716e-05	VL: 6.732e-04	SVL: 0.0006680610618336957	current_lr: 6.25e-05
Epoch: 392	TL: 6.689e-05	VL: 6.680e-04	SVL: 0.000668024430739083	current_lr: 6.25e-05
Epoch: 393	TL: 6.715e-05	VL: 6.648e-04	SVL: 0.0006664084961350749	current_lr: 6.25e-05
Epoch: 394	TL: 6.913e-05	VL: 6.564e-04	SVL: 0.0006613804365364706	current_lr: 6.25e-05
Epoch: 395	TL: 6.746e-05	VL: 6.538e-04	SVL: 0.0006575770390613872	current_lr: 6.25e-05
Epoch: 396	TL: 6.646e-05	VL: 6.629e-04	SVL: 0.0006602369553140798	current_lr: 6.25e-05
Epoch: 397	TL: 6.649e-05	VL: 6.643e-04	SVL: 0.0006622898939396937	current_lr: 6.25e-05
Epoch: 398	TL: 6.853e-05	VL: 6.562e-04	SVL: 0.0006592321337832014	current_lr: 6.25e-05
Epoch: 399	TL: 6.458e-05	VL: 6.670e-04	SVL: 0.0006631167263573905	current_lr: 6.25e-05
Epoch: 400	TL: 6.755e-05	VL: 6.579e-04	SVL: 0.0006605126306805263	current_lr: 6.25e-05
Epoch: 401	TL: 6.484e-05	VL: 6.715e-04	SVL: 0.000665997453798515	current_lr: 6.25e-05
Epoch: 402	TL: 6.562e-05	VL: 6.824e-04	SVL: 0.0006742049437113912	current_lr: 6.25e-05
Epoch: 403	TL: 6.584e-05	VL: 7.012e-04	SVL: 0.0006877244582448557	current_lr: 6.25e-05
Epoch: 404	TL: 6.548e-05	VL: 6.745e-04	SVL: 0.0006811140711443699	current_lr: 6.25e-05
Epoch: 405	TL: 6.528e-05	VL: 6.620e-04	SVL: 0.0006715468970605273	current_lr: 6.25e-05
Epoch: 406	TL: 6.622e-05	VL: 6.718e-04	SVL: 0.0006716850205097864	current_lr: 6.25e-05
Epoch: 407	TL: 6.608e-05	VL: 6.632e-04	SVL: 0.000667432781250987	current_lr: 6.25e-05
Epoch: 408	TL: 6.545e-05	VL: 6.887e-04	SVL: 0.0006780479769864249	current_lr: 6.25e-05
Epoch: 409	TL: 6.607e-05	VL: 6.508e-04	SVL: 0.0006644087007124507	current_lr: 6.25e-05
Epoch: 410	TL: 6.610e-05	VL: 6.479e-04	SVL: 0.0006561599339286131	current_lr: 6.25e-05
Epoch: 411	TL: 6.396e-05	VL: 7.299e-04	SVL: 0.0006930259985347411	current_lr: 6.25e-05
Epoch: 412	TL: 6.567e-05	VL: 6.589e-04	SVL: 0.0006759504816243958	current_lr: 6.25e-05
Epoch: 413	TL: 6.444e-05	VL: 6.706e-04	SVL: 0.0006732841502283967	current_lr: 6.25e-05
Epoch: 414	TL: 6.450e-05	VL: 6.683e-04	SVL: 0.0006707677012013871	current_lr: 6.25e-05
Epoch: 415	TL: 6.497e-05	VL: 6.644e-04	SVL: 0.0006675906839632729	current_lr: 6.25e-05
Epoch: 416	TL: 6.501e-05	VL: 6.574e-04	SVL: 0.0006624876828324666	current_lr: 6.25e-05
Epoch: 417	TL: 6.488e-05	VL: 6.586e-04	SVL: 0.0006605482027596171	current_lr: 6.25e-05
Epoch: 418	TL: 6.402e-05	VL: 6.597e-04	SVL: 0.0006601087056431142	current_lr: 6.25e-05
Epoch: 419	TL: 6.514e-05	VL: 6.638e-04	SVL: 0.0006619708519594355	current_lr: 6.25e-05
Epoch: 420	TL: 6.518e-05	VL: 6.661e-04	SVL: 0.000664039610893353	current_lr: 6.25e-05
Epoch: 421	TL: 6.421e-05	VL: 6.623e-04	SVL: 0.000663183426395468	current_lr: 6.25e-05
Epoch: 422	TL: 6.405e-05	VL: 6.655e-04	SVL: 0.000664321148164775	current_lr: 6.25e-05
Epoch: 423	TL: 6.354e-05	VL: 6.665e-04	SVL: 0.0006654074608125816	current_lr: 6.25e-05
Epoch: 424	TL: 6.428e-05	VL: 6.845e-04	SVL: 0.0006749507158417766	current_lr: 6.25e-05
Epoch: 425	TL: 6.445e-05	VL: 6.791e-04	SVL: 0.0006770314320633443	current_lr: 6.25e-05
Epoch: 426	TL: 6.377e-05	VL: 6.490e-04	SVL: 0.0006629921845947521	current_lr: 6.25e-05
Epoch: 427	TL: 6.545e-05	VL: 6.661e-04	SVL: 0.0006645651664512761	current_lr: 6.25e-05
Epoch: 428	TL: 6.260e-05	VL: 6.525e-04	SVL: 0.0006585556669124667	current_lr: 6.25e-05
Epoch: 429	TL: 6.413e-05	VL: 6.621e-04	SVL: 0.000660319872850612	current_lr: 6.25e-05
Epoch: 430	TL: 6.348e-05	VL: 6.543e-04	SVL: 0.0006572874646159188	current_lr: 6.25e-05
Epoch: 431	TL: 6.299e-05	VL: 6.560e-04	SVL: 0.0006566383411870487	current_lr: 6.25e-05
Epoch: 432	TL: 5.117e-05	VL: 6.681e-04	SVL: 0.0006623669172518495	current_lr: 3.125e-05
Epoch: 433	TL: 5.239e-05	VL: 6.522e-04	SVL: 0.0006572617066499116	current_lr: 3.125e-05
Epoch: 434	TL: 5.191e-05	VL: 6.415e-04	SVL: 0.000649387539058751	current_lr: 3.125e-05
Epoch: 435	TL: 5.310e-05	VL: 6.544e-04	SVL: 0.0006518894496708245	current_lr: 3.125e-05
Epoch: 436	TL: 5.229e-05	VL: 6.472e-04	SVL: 0.0006495236308946774	current_lr: 3.125e-05
Epoch: 437	TL: 5.205e-05	VL: 6.483e-04	SVL: 0.0006488933042473875	current_lr: 3.125e-05
Epoch: 438	TL: 5.151e-05	VL: 6.516e-04	SVL: 0.0006502420761082214	current_lr: 3.125e-05
Epoch: 439	TL: 5.207e-05	VL: 6.481e-04	SVL: 0.0006491514969812652	current_lr: 3.125e-05
Epoch: 440	TL: 5.181e-05	VL: 6.457e-04	SVL: 0.0006474317694180618	current_lr: 3.125e-05
Epoch: 441	TL: 5.186e-05	VL: 6.470e-04	SVL: 0.0006472369027372901	current_lr: 3.125e-05
Epoch: 442	TL: 5.126e-05	VL: 6.582e-04	SVL: 0.0006527194297431262	current_lr: 3.125e-05
Epoch: 443	TL: 5.156e-05	VL: 6.479e-04	SVL: 0.0006502869981586115	current_lr: 3.125e-05
Epoch: 444	TL: 5.133e-05	VL: 6.594e-04	SVL: 0.0006548469135194608	current_lr: 3.125e-05
Epoch: 445	TL: 5.199e-05	VL: 6.516e-04	SVL: 0.0006532418285324965	current_lr: 3.125e-05
Epoch: 446	TL: 5.134e-05	VL: 6.541e-04	SVL: 0.0006536620157219367	current_lr: 3.125e-05
Epoch: 447	TL: 5.121e-05	VL: 6.458e-04	SVL: 0.0006497359284389713	current_lr: 3.125e-05
Epoch: 448	TL: 5.170e-05	VL: 6.485e-04	SVL: 0.0006491392378324618	current_lr: 3.125e-05
Epoch: 449	TL: 5.124e-05	VL: 6.516e-04	SVL: 0.0006503859283682878	current_lr: 3.125e-05
Epoch: 450	TL: 5.202e-05	VL: 6.536e-04	SVL: 0.0006520153046725777	current_lr: 3.125e-05
Epoch: 451	TL: 5.118e-05	VL: 6.481e-04	SVL: 0.0006500430942117466	current_lr: 3.125e-05
Epoch: 452	TL: 5.106e-05	VL: 6.535e-04	SVL: 0.000651765388277138	current_lr: 3.125e-05
Epoch: 453	TL: 5.089e-05	VL: 6.491e-04	SVL: 0.0006504511207476083	current_lr: 3.125e-05
Epoch: 454	TL: 5.094e-05	VL: 6.541e-04	SVL: 0.0006522655531830998	current_lr: 3.125e-05
Epoch: 455	TL: 5.167e-05	VL: 6.484e-04	SVL: 0.0006503178261253939	current_lr: 3.125e-05
Epoch: 456	TL: 5.096e-05	VL: 6.457e-04	SVL: 0.0006480201911197954	current_lr: 3.125e-05
Epoch: 457	TL: 5.120e-05	VL: 6.485e-04	SVL: 0.0006482494330042031	current_lr: 3.125e-05
Epoch: 458	TL: 5.097e-05	VL: 6.481e-04	SVL: 0.0006481616723355366	current_lr: 3.125e-05
Epoch: 459	TL: 5.079e-05	VL: 6.463e-04	SVL: 0.0006472503298430002	current_lr: 3.125e-05
Epoch: 460	TL: 5.055e-05	VL: 6.512e-04	SVL: 0.0006492411670043248	current_lr: 3.125e-05
Epoch: 461	TL: 5.099e-05	VL: 6.475e-04	SVL: 0.0006483505158103595	current_lr: 3.125e-05
Epoch: 462	TL: 5.122e-05	VL: 6.439e-04	SVL: 0.0006461190059024638	current_lr: 3.125e-05
Epoch: 463	TL: 5.107e-05	VL: 6.645e-04	SVL: 0.0006552977241197499	current_lr: 3.125e-05
Epoch: 464	TL: 5.066e-05	VL: 6.439e-04	SVL: 0.000649578257258697	current_lr: 3.125e-05
Epoch: 465	TL: 4.997e-05	VL: 6.444e-04	SVL: 0.0006469951609055021	current_lr: 3.125e-05
Epoch: 466	TL: 5.101e-05	VL: 6.408e-04	SVL: 0.0006438801159103621	current_lr: 3.125e-05
Epoch: 467	TL: 5.030e-05	VL: 6.485e-04	SVL: 0.0006461768562416191	current_lr: 3.125e-05
Epoch: 468	TL: 5.075e-05	VL: 6.464e-04	SVL: 0.0006462724176456508	current_lr: 3.125e-05
Epoch: 469	TL: 5.002e-05	VL: 6.470e-04	SVL: 0.0006466462119127303	current_lr: 3.125e-05
Epoch: 470	TL: 5.022e-05	VL: 6.499e-04	SVL: 0.0006482558957589164	current_lr: 3.125e-05
Epoch: 471	TL: 5.042e-05	VL: 6.400e-04	SVL: 0.0006441116925007351	current_lr: 3.125e-05
Epoch: 472	TL: 5.020e-05	VL: 6.536e-04	SVL: 0.0006488631544473891	current_lr: 3.125e-05
Epoch: 473	TL: 5.021e-05	VL: 6.491e-04	SVL: 0.0006489843039693	current_lr: 3.125e-05
Epoch: 474	TL: 5.028e-05	VL: 6.408e-04	SVL: 0.0006449040725321354	current_lr: 3.125e-05
Epoch: 475	TL: 4.982e-05	VL: 6.694e-04	SVL: 0.0006571301735684664	current_lr: 3.125e-05
Epoch: 476	TL: 5.042e-05	VL: 6.468e-04	SVL: 0.00065194957441317	current_lr: 3.125e-05
Epoch: 477	TL: 4.968e-05	VL: 6.443e-04	SVL: 0.000648133457632	current_lr: 3.125e-05
Epoch: 478	TL: 4.971e-05	VL: 6.438e-04	SVL: 0.000645985001788107	current_lr: 3.125e-05
Epoch: 479	TL: 5.015e-05	VL: 6.412e-04	SVL: 0.0006436107011961775	current_lr: 3.125e-05
Epoch: 480	TL: 4.990e-05	VL: 6.447e-04	SVL: 0.0006441360757911124	current_lr: 3.125e-05
Epoch: 481	TL: 4.943e-05	VL: 6.543e-04	SVL: 0.0006492214583438595	current_lr: 3.125e-05
Epoch: 482	TL: 4.979e-05	VL: 6.447e-04	SVL: 0.0006469763588449339	current_lr: 3.125e-05
Epoch: 483	TL: 4.989e-05	VL: 6.454e-04	SVL: 0.0006461789405117919	current_lr: 3.125e-05
Epoch: 484	TL: 4.968e-05	VL: 6.447e-04	SVL: 0.0006454300540571654	current_lr: 3.125e-05
Epoch: 485	TL: 4.959e-05	VL: 6.531e-04	SVL: 0.0006492639967742187	current_lr: 3.125e-05
Epoch: 486	TL: 4.952e-05	VL: 6.512e-04	SVL: 0.0006502308343322387	current_lr: 3.125e-05
Epoch: 487	TL: 4.972e-05	VL: 6.454e-04	SVL: 0.0006478100048736389	current_lr: 3.125e-05
Epoch: 488	TL: 4.978e-05	VL: 6.449e-04	SVL: 0.0006463346951820282	current_lr: 3.125e-05
Epoch: 489	TL: 4.923e-05	VL: 6.472e-04	SVL: 0.0006467571255374862	current_lr: 3.125e-05
Epoch: 490	TL: 4.960e-05	VL: 6.443e-04	SVL: 0.0006455442307794547	current_lr: 3.125e-05
Epoch: 491	TL: 4.951e-05	VL: 6.453e-04	SVL: 0.0006454097687405574	current_lr: 3.125e-05
Epoch: 492	TL: 4.947e-05	VL: 6.489e-04	SVL: 0.0006471327274641508	current_lr: 3.125e-05
Epoch: 493	TL: 4.951e-05	VL: 6.478e-04	SVL: 0.0006474688038031814	current_lr: 3.125e-05
Epoch: 494	TL: 4.909e-05	VL: 6.573e-04	SVL: 0.0006523625843127845	current_lr: 3.125e-05
Epoch: 495	TL: 4.902e-05	VL: 6.498e-04	SVL: 0.0006510765191118061	current_lr: 3.125e-05
Epoch: 496	TL: 4.913e-05	VL: 6.460e-04	SVL: 0.000648540812542048	current_lr: 3.125e-05
Epoch: 497	TL: 4.928e-05	VL: 6.514e-04	SVL: 0.0006499470620403722	current_lr: 3.125e-05
Epoch: 498	TL: 4.916e-05	VL: 6.442e-04	SVL: 0.0006470563008909441	current_lr: 3.125e-05
Epoch: 499	TL: 4.847e-05	VL: 6.449e-04	SVL: 0.0006459865130248178	current_lr: 3.125e-05
Epoch: 500	TL: 4.924e-05	VL: 6.451e-04	SVL: 0.0006455582875640447	current_lr: 3.125e-05
Epoch: 501	TL: 4.368e-05	VL: 6.480e-04	SVL: 0.000646759689779642	current_lr: 1.5625e-05
Epoch: 502	TL: 4.417e-05	VL: 6.452e-04	SVL: 0.0006459579770423784	current_lr: 1.5625e-05
Epoch: 503	TL: 4.387e-05	VL: 6.445e-04	SVL: 0.0006452346714664407	current_lr: 1.5625e-05
Epoch: 504	TL: 4.380e-05	VL: 6.385e-04	SVL: 0.000641860766824529	current_lr: 1.5625e-05
Epoch: 505	TL: 4.385e-05	VL: 6.378e-04	SVL: 0.0006398294069451319	current_lr: 1.5625e-05
Epoch: 506	TL: 4.388e-05	VL: 6.461e-04	SVL: 0.0006429618884167187	current_lr: 1.5625e-05
Epoch: 507	TL: 4.376e-05	VL: 6.377e-04	SVL: 0.0006403078938047644	current_lr: 1.5625e-05
Epoch: 508	TL: 4.365e-05	VL: 6.433e-04	SVL: 0.0006418071818610309	current_lr: 1.5625e-05
Epoch: 509	TL: 4.365e-05	VL: 6.562e-04	SVL: 0.0006489930427203713	current_lr: 1.5625e-05
Epoch: 510	TL: 4.366e-05	VL: 6.479e-04	SVL: 0.0006484618800943166	current_lr: 1.5625e-05
Epoch: 511	TL: 4.344e-05	VL: 6.415e-04	SVL: 0.000644980032149209	current_lr: 1.5625e-05
Epoch: 512	TL: 4.363e-05	VL: 6.400e-04	SVL: 0.0006424827252344556	current_lr: 1.5625e-05
Epoch: 513	TL: 4.356e-05	VL: 6.427e-04	SVL: 0.0006426042633511756	current_lr: 1.5625e-05
Epoch: 514	TL: 4.345e-05	VL: 6.405e-04	SVL: 0.000641560689472066	current_lr: 1.5625e-05
Epoch: 515	TL: 4.374e-05	VL: 6.408e-04	SVL: 0.0006411911566371255	current_lr: 1.5625e-05
Epoch: 516	TL: 4.358e-05	VL: 6.429e-04	SVL: 0.0006420642415341999	current_lr: 1.5625e-05
Epoch: 517	TL: 4.385e-05	VL: 6.397e-04	SVL: 0.0006408792873053385	current_lr: 1.5625e-05
Epoch: 518	TL: 4.356e-05	VL: 6.390e-04	SVL: 0.0006399423191859639	current_lr: 1.5625e-05
Epoch: 519	TL: 4.343e-05	VL: 6.418e-04	SVL: 0.0006408781682409007	current_lr: 1.5625e-05
Epoch: 520	TL: 4.363e-05	VL: 6.408e-04	SVL: 0.0006408342557627538	current_lr: 1.5625e-05
Epoch: 521	TL: 4.342e-05	VL: 6.424e-04	SVL: 0.0006416245081761767	current_lr: 1.5625e-05
Epoch: 522	TL: 4.345e-05	VL: 6.416e-04	SVL: 0.00064159510626094	current_lr: 1.5625e-05
Epoch: 523	TL: 4.359e-05	VL: 6.408e-04	SVL: 0.0006411957884515149	current_lr: 1.5625e-05
Epoch: 524	TL: 4.306e-05	VL: 6.432e-04	SVL: 0.0006422044229847601	current_lr: 1.5625e-05
Epoch: 525	TL: 4.295e-05	VL: 6.430e-04	SVL: 0.000642592439668497	current_lr: 1.5625e-05
Epoch: 526	TL: 4.370e-05	VL: 6.423e-04	SVL: 0.0006424679684724015	current_lr: 1.5625e-05
Epoch: 527	TL: 4.060e-05	VL: 6.395e-04	SVL: 0.0006409846985382637	current_lr: 7.8125e-06
Epoch: 528	TL: 4.081e-05	VL: 6.408e-04	SVL: 0.0006408881765625279	current_lr: 7.8125e-06
Epoch: 529	TL: 4.074e-05	VL: 6.392e-04	SVL: 0.0006400529554496904	current_lr: 7.8125e-06
Epoch: 530	TL: 4.058e-05	VL: 6.384e-04	SVL: 0.0006392454232280801	current_lr: 7.8125e-06
Epoch: 531	TL: 4.073e-05	VL: 6.368e-04	SVL: 0.0006380224389585529	current_lr: 7.8125e-06
Epoch: 532	TL: 4.060e-05	VL: 6.362e-04	SVL: 0.0006371096334235208	current_lr: 7.8125e-06
Epoch: 533	TL: 4.075e-05	VL: 6.405e-04	SVL: 0.0006388151030429372	current_lr: 7.8125e-06
Epoch: 534	TL: 4.048e-05	VL: 6.391e-04	SVL: 0.0006389725496713404	current_lr: 7.8125e-06
Epoch: 535	TL: 4.073e-05	VL: 6.372e-04	SVL: 0.0006380793834896924	current_lr: 7.8125e-06
Epoch: 536	TL: 4.057e-05	VL: 6.385e-04	SVL: 0.0006382726204977454	current_lr: 7.8125e-06
Epoch: 537	TL: 4.076e-05	VL: 6.368e-04	SVL: 0.0006375453359179705	current_lr: 7.8125e-06
Epoch: 538	TL: 4.048e-05	VL: 6.393e-04	SVL: 0.0006384443345811471	current_lr: 7.8125e-06
Epoch: 539	TL: 4.053e-05	VL: 6.365e-04	SVL: 0.0006374587686432652	current_lr: 7.8125e-06
Epoch: 540	TL: 4.057e-05	VL: 6.390e-04	SVL: 0.0006382099703735735	current_lr: 7.8125e-06
Epoch: 541	TL: 4.052e-05	VL: 6.383e-04	SVL: 0.0006382482447120858	current_lr: 7.8125e-06
Epoch: 542	TL: 4.043e-05	VL: 6.386e-04	SVL: 0.0006384055096851444	current_lr: 7.8125e-06
Epoch: 543	TL: 4.034e-05	VL: 6.372e-04	SVL: 0.0006378265479677248	current_lr: 7.8125e-06
Epoch: 544	TL: 4.049e-05	VL: 6.358e-04	SVL: 0.0006367976357277893	current_lr: 7.8125e-06
Epoch: 545	TL: 4.053e-05	VL: 6.392e-04	SVL: 0.0006380225742725861	current_lr: 7.8125e-06
Epoch: 546	TL: 4.057e-05	VL: 6.442e-04	SVL: 0.0006411310118868119	current_lr: 7.8125e-06
Epoch: 547	TL: 4.042e-05	VL: 6.363e-04	SVL: 0.000638716801128495	current_lr: 7.8125e-06
Epoch: 548	TL: 4.054e-05	VL: 6.400e-04	SVL: 0.0006393784444141926	current_lr: 7.8125e-06
Epoch: 549	TL: 4.052e-05	VL: 6.382e-04	SVL: 0.0006387897928858072	current_lr: 7.8125e-06
Epoch: 550	TL: 4.045e-05	VL: 6.404e-04	SVL: 0.0006396031359982624	current_lr: 7.8125e-06
Epoch: 551	TL: 4.027e-05	VL: 6.389e-04	SVL: 0.0006392399539625712	current_lr: 7.8125e-06
Epoch: 552	TL: 4.051e-05	VL: 6.386e-04	SVL: 0.0006389329190093312	current_lr: 7.8125e-06
Epoch: 553	TL: 4.046e-05	VL: 6.391e-04	SVL: 0.0006390229699531215	current_lr: 7.8125e-06
Epoch: 554	TL: 4.049e-05	VL: 6.376e-04	SVL: 0.0006382966040332624	current_lr: 7.8125e-06
Epoch: 555	TL: 4.023e-05	VL: 6.362e-04	SVL: 0.0006372483729700004	current_lr: 7.8125e-06
Epoch: 556	TL: 4.044e-05	VL: 6.367e-04	SVL: 0.0006369826674153285	current_lr: 7.8125e-06
Epoch: 557	TL: 4.031e-05	VL: 6.381e-04	SVL: 0.0006375328481043317	current_lr: 7.8125e-06
Epoch: 558	TL: 4.047e-05	VL: 6.379e-04	SVL: 0.0006377046912831533	current_lr: 7.8125e-06
Epoch: 559	TL: 4.026e-05	VL: 6.364e-04	SVL: 0.0006370517417749995	current_lr: 7.8125e-06
Epoch: 560	TL: 4.042e-05	VL: 6.392e-04	SVL: 0.0006381216488759336	current_lr: 7.8125e-06
Epoch: 561	TL: 4.041e-05	VL: 6.362e-04	SVL: 0.000637183700128427	current_lr: 7.8125e-06
Epoch: 562	TL: 4.026e-05	VL: 6.364e-04	SVL: 0.0006367762258271529	current_lr: 7.8125e-06
Epoch: 563	TL: 4.030e-05	VL: 6.361e-04	SVL: 0.0006364411558022179	current_lr: 7.8125e-06
Epoch: 564	TL: 4.023e-05	VL: 6.431e-04	SVL: 0.0006397907359058697	current_lr: 7.8125e-06
Epoch: 565	TL: 4.029e-05	VL: 6.369e-04	SVL: 0.0006383683732477346	current_lr: 7.8125e-06
Epoch: 566	TL: 4.013e-05	VL: 6.400e-04	SVL: 0.0006391900684102137	current_lr: 7.8125e-06
Epoch: 567	TL: 4.022e-05	VL: 6.390e-04	SVL: 0.0006391074968210736	current_lr: 7.8125e-06
Epoch: 568	TL: 4.012e-05	VL: 6.374e-04	SVL: 0.0006382775819714804	current_lr: 7.8125e-06
Epoch: 569	TL: 4.036e-05	VL: 6.387e-04	SVL: 0.0006384894031492838	current_lr: 7.8125e-06
Epoch: 570	TL: 4.027e-05	VL: 6.357e-04	SVL: 0.000637096399973232	current_lr: 7.8125e-06
Epoch: 571	TL: 4.018e-05	VL: 6.356e-04	SVL: 0.0006363426421634349	current_lr: 7.8125e-06
Epoch: 572	TL: 4.039e-05	VL: 6.380e-04	SVL: 0.0006371784435983495	current_lr: 7.8125e-06
Epoch: 573	TL: 4.020e-05	VL: 6.411e-04	SVL: 0.0006391146534321704	current_lr: 7.8125e-06
Epoch: 574	TL: 4.007e-05	VL: 6.368e-04	SVL: 0.0006379645642458399	current_lr: 7.8125e-06
Epoch: 575	TL: 4.025e-05	VL: 6.386e-04	SVL: 0.0006382934836953382	current_lr: 7.8125e-06
Epoch: 576	TL: 4.021e-05	VL: 6.396e-04	SVL: 0.0006389543189808478	current_lr: 7.8125e-06
Epoch: 577	TL: 4.001e-05	VL: 6.405e-04	SVL: 0.0006397175617121036	current_lr: 7.8125e-06
Epoch: 578	TL: 4.008e-05	VL: 6.366e-04	SVL: 0.0006381446514081147	current_lr: 7.8125e-06
Epoch: 579	TL: 4.000e-05	VL: 6.389e-04	SVL: 0.0006385138707136704	current_lr: 7.8125e-06
Epoch: 580	TL: 4.029e-05	VL: 6.365e-04	SVL: 0.0006374835827338493	current_lr: 7.8125e-06
Epoch: 581	TL: 4.011e-05	VL: 6.372e-04	SVL: 0.0006373359013789791	current_lr: 7.8125e-06
Epoch: 582	TL: 4.011e-05	VL: 6.386e-04	SVL: 0.0006379735255834409	current_lr: 7.8125e-06
Epoch: 583	TL: 3.982e-05	VL: 6.377e-04	SVL: 0.0006378324997721586	current_lr: 7.8125e-06
Epoch: 584	TL: 3.987e-05	VL: 6.376e-04	SVL: 0.000637736130371614	current_lr: 7.8125e-06
Epoch: 585	TL: 3.998e-05	VL: 6.366e-04	SVL: 0.0006371796372606971	current_lr: 7.8125e-06
Epoch: 586	TL: 4.009e-05	VL: 6.388e-04	SVL: 0.0006379695774651874	current_lr: 7.8125e-06
Epoch: 587	TL: 4.002e-05	VL: 6.392e-04	SVL: 0.0006385914982128794	current_lr: 7.8125e-06
Epoch: 588	TL: 3.991e-05	VL: 6.374e-04	SVL: 0.0006380125612402287	current_lr: 7.8125e-06
Epoch: 589	TL: 3.991e-05	VL: 6.368e-04	SVL: 0.0006374144360613986	current_lr: 7.8125e-06
Epoch: 590	TL: 4.006e-05	VL: 6.391e-04	SVL: 0.0006382594488656602	current_lr: 7.8125e-06
Epoch: 591	TL: 3.995e-05	VL: 6.383e-04	SVL: 0.0006382787298458855	current_lr: 7.8125e-06
Epoch: 592	TL: 4.002e-05	VL: 6.401e-04	SVL: 0.000639200738633575	current_lr: 7.8125e-06
Epoch: 593	TL: 3.864e-05	VL: 6.357e-04	SVL: 0.0006374257820670316	current_lr: 3.90625e-06
Epoch: 594	TL: 3.851e-05	VL: 6.394e-04	SVL: 0.0006384150394710159	current_lr: 3.90625e-06
Epoch: 595	TL: 3.862e-05	VL: 6.359e-04	SVL: 0.0006371533457891273	current_lr: 3.90625e-06
Epoch: 596	TL: 3.862e-05	VL: 6.346e-04	SVL: 0.000635879233700838	current_lr: 3.90625e-06
Epoch: 597	TL: 3.850e-05	VL: 6.359e-04	SVL: 0.00063589694660048	current_lr: 3.90625e-06
Epoch: 598	TL: 3.852e-05	VL: 6.352e-04	SVL: 0.0006355637081520771	current_lr: 3.90625e-06
Epoch: 599	TL: 3.857e-05	VL: 6.363e-04	SVL: 0.0006359301809498179	current_lr: 3.90625e-06
Epoch: 600	TL: 3.845e-05	VL: 6.363e-04	SVL: 0.0006361197354410344	current_lr: 3.90625e-06
Epoch: 601	TL: 3.853e-05	VL: 6.357e-04	SVL: 0.0006359109343098727	current_lr: 3.90625e-06
Epoch: 602	TL: 3.857e-05	VL: 6.361e-04	SVL: 0.0006359837741159959	current_lr: 3.90625e-06
Epoch: 603	TL: 3.848e-05	VL: 6.355e-04	SVL: 0.0006357540950429223	current_lr: 3.90625e-06
Epoch: 604	TL: 3.846e-05	VL: 6.370e-04	SVL: 0.0006363541059321058	current_lr: 3.90625e-06
Epoch: 605	TL: 3.859e-05	VL: 6.360e-04	SVL: 0.0006361540641698188	current_lr: 3.90625e-06
Epoch: 606	TL: 3.856e-05	VL: 6.366e-04	SVL: 0.0006363590283350619	current_lr: 3.90625e-06
Epoch: 607	TL: 3.848e-05	VL: 6.347e-04	SVL: 0.00063551533436559	current_lr: 3.90625e-06
Epoch: 608	TL: 3.856e-05	VL: 6.358e-04	SVL: 0.0006356421958197275	current_lr: 3.90625e-06
Epoch: 609	TL: 3.843e-05	VL: 6.346e-04	SVL: 0.0006351315861338933	current_lr: 3.90625e-06
Epoch: 610	TL: 3.845e-05	VL: 6.363e-04	SVL: 0.0006356968345937411	current_lr: 3.90625e-06
Epoch: 611	TL: 3.852e-05	VL: 6.374e-04	SVL: 0.000636552927031978	current_lr: 3.90625e-06
Epoch: 612	TL: 3.841e-05	VL: 6.376e-04	SVL: 0.000637085364825956	current_lr: 3.90625e-06
Epoch: 613	TL: 3.852e-05	VL: 6.350e-04	SVL: 0.000636032151464339	current_lr: 3.90625e-06
Epoch: 614	TL: 3.843e-05	VL: 6.351e-04	SVL: 0.0006355634804982523	current_lr: 3.90625e-06
Epoch: 615	TL: 3.839e-05	VL: 6.346e-04	SVL: 0.0006350945053705861	current_lr: 3.90625e-06
Epoch: 616	TL: 3.849e-05	VL: 6.387e-04	SVL: 0.0006368893294637049	current_lr: 3.90625e-06
Epoch: 617	TL: 3.854e-05	VL: 6.382e-04	SVL: 0.0006375390484484357	current_lr: 3.90625e-06
Epoch: 618	TL: 3.838e-05	VL: 6.379e-04	SVL: 0.0006377026296929679	current_lr: 3.90625e-06
Epoch: 619	TL: 3.828e-05	VL: 6.356e-04	SVL: 0.0006366470564045589	current_lr: 3.90625e-06
Epoch: 620	TL: 3.855e-05	VL: 6.337e-04	SVL: 0.0006351941818315825	current_lr: 3.90625e-06
Epoch: 621	TL: 3.845e-05	VL: 6.349e-04	SVL: 0.0006350379225770156	current_lr: 3.90625e-06
Epoch: 622	TL: 3.837e-05	VL: 6.360e-04	SVL: 0.0006354997871895393	current_lr: 3.90625e-06
Epoch: 623	TL: 3.849e-05	VL: 6.386e-04	SVL: 0.0006370607494602483	current_lr: 3.90625e-06
Epoch: 624	TL: 3.830e-05	VL: 6.363e-04	SVL: 0.0006366778552179477	current_lr: 3.90625e-06
Epoch: 625	TL: 3.830e-05	VL: 6.380e-04	SVL: 0.0006373578518452715	current_lr: 3.90625e-06
Epoch: 626	TL: 3.826e-05	VL: 6.379e-04	SVL: 0.0006376186236650978	current_lr: 3.90625e-06
Epoch: 627	TL: 3.830e-05	VL: 6.357e-04	SVL: 0.0006366573147431628	current_lr: 3.90625e-06
Epoch: 628	TL: 3.839e-05	VL: 6.354e-04	SVL: 0.0006360336210556635	current_lr: 3.90625e-06
Epoch: 629	TL: 3.836e-05	VL: 6.355e-04	SVL: 0.0006357534361992184	current_lr: 3.90625e-06
Epoch: 630	TL: 3.835e-05	VL: 6.348e-04	SVL: 0.0006352763748722227	current_lr: 3.90625e-06
Epoch: 631	TL: 3.850e-05	VL: 6.363e-04	SVL: 0.0006358097124376373	current_lr: 3.90625e-06
Epoch: 632	TL: 3.836e-05	VL: 6.363e-04	SVL: 0.0006360780382294693	current_lr: 3.90625e-06
Epoch: 633	TL: 3.838e-05	VL: 6.353e-04	SVL: 0.0006356996131012459	current_lr: 3.90625e-06
Epoch: 634	TL: 3.828e-05	VL: 6.343e-04	SVL: 0.0006349926388298283	current_lr: 3.90625e-06
Epoch: 635	TL: 3.831e-05	VL: 6.364e-04	SVL: 0.0006356830197589998	current_lr: 3.90625e-06
Epoch: 636	TL: 3.838e-05	VL: 6.365e-04	SVL: 0.0006360862651475969	current_lr: 3.90625e-06
Epoch: 637	TL: 3.825e-05	VL: 6.356e-04	SVL: 0.0006358553965394051	current_lr: 3.90625e-06
Epoch: 638	TL: 3.834e-05	VL: 6.358e-04	SVL: 0.0006358141580971256	current_lr: 3.90625e-06
Epoch: 639	TL: 3.839e-05	VL: 6.374e-04	SVL: 0.0006365839918331393	current_lr: 3.90625e-06
Epoch: 640	TL: 3.822e-05	VL: 6.351e-04	SVL: 0.0006358463386633042	current_lr: 3.90625e-06
Epoch: 641	TL: 3.835e-05	VL: 6.363e-04	SVL: 0.0006360926200915397	current_lr: 3.90625e-06
Epoch: 642	TL: 3.820e-05	VL: 6.369e-04	SVL: 0.000636472787954858	current_lr: 3.90625e-06
Epoch: 643	TL: 3.841e-05	VL: 6.389e-04	SVL: 0.000637710328151013	current_lr: 3.90625e-06
Epoch: 644	TL: 3.826e-05	VL: 6.382e-04	SVL: 0.0006379500007873901	current_lr: 3.90625e-06
Epoch: 645	TL: 3.817e-05	VL: 6.347e-04	SVL: 0.0006363056111458008	current_lr: 3.90625e-06
Epoch: 646	TL: 3.833e-05	VL: 6.348e-04	SVL: 0.000635564919716272	current_lr: 3.90625e-06
Epoch: 647	TL: 3.823e-05	VL: 6.350e-04	SVL: 0.0006352726084024475	current_lr: 3.90625e-06
Epoch: 648	TL: 3.819e-05	VL: 6.359e-04	SVL: 0.000635575514139273	current_lr: 3.90625e-06
Epoch: 649	TL: 3.826e-05	VL: 6.356e-04	SVL: 0.0006355988885469925	current_lr: 3.90625e-06
Epoch: 650	TL: 3.824e-05	VL: 6.379e-04	SVL: 0.0006367507172379738	current_lr: 3.90625e-06
Epoch: 651	TL: 3.821e-05	VL: 6.403e-04	SVL: 0.0006385266399757984	current_lr: 3.90625e-06
Epoch: 652	TL: 3.828e-05	VL: 6.365e-04	SVL: 0.0006375229406544031	current_lr: 3.90625e-06
Epoch: 653	TL: 3.823e-05	VL: 6.347e-04	SVL: 0.0006360997819994123	current_lr: 3.90625e-06
Epoch: 654	TL: 3.819e-05	VL: 6.345e-04	SVL: 0.0006353156399773673	current_lr: 3.90625e-06
Epoch: 655	TL: 3.819e-05	VL: 6.351e-04	SVL: 0.0006351943409466305	current_lr: 3.90625e-06
Epoch: 656	TL: 3.755e-05	VL: 6.351e-04	SVL: 0.0006351335960638304	current_lr: 1.953125e-06
Epoch: 657	TL: 3.749e-05	VL: 6.346e-04	SVL: 0.0006348794797068725	current_lr: 1.953125e-06
Epoch: 658	TL: 3.749e-05	VL: 6.354e-04	SVL: 0.0006351288725438659	current_lr: 1.953125e-06
Epoch: 659	TL: 3.743e-05	VL: 6.345e-04	SVL: 0.00063481585629299	current_lr: 1.953125e-06
Epoch: 660	TL: 3.751e-05	VL: 6.351e-04	SVL: 0.0006349818808213607	current_lr: 1.953125e-06
Epoch: 661	TL: 3.748e-05	VL: 6.355e-04	SVL: 0.0006352626493759819	current_lr: 1.953125e-06
Epoch: 662	TL: 3.751e-05	VL: 6.358e-04	SVL: 0.0006355186189804409	current_lr: 1.953125e-06
Epoch: 663	TL: 3.749e-05	VL: 6.334e-04	SVL: 0.0006344669205742047	current_lr: 1.953125e-06
Epoch: 664	TL: 3.742e-05	VL: 6.350e-04	SVL: 0.0006347494772472465	current_lr: 1.953125e-06
Epoch: 665	TL: 3.751e-05	VL: 6.371e-04	SVL: 0.0006359119977254908	current_lr: 1.953125e-06
Epoch: 666	TL: 3.745e-05	VL: 6.360e-04	SVL: 0.0006359647793421766	current_lr: 1.953125e-06
Epoch: 667	TL: 3.736e-05	VL: 6.349e-04	SVL: 0.0006354461214368353	current_lr: 1.953125e-06
Epoch: 668	TL: 3.741e-05	VL: 6.355e-04	SVL: 0.000635487366786838	current_lr: 1.953125e-06
Epoch: 669	TL: 3.748e-05	VL: 6.356e-04	SVL: 0.0006355474954203965	current_lr: 1.953125e-06
Epoch: 670	TL: 3.749e-05	VL: 6.355e-04	SVL: 0.0006355328204908074	current_lr: 1.953125e-06
Epoch: 671	TL: 3.744e-05	VL: 6.354e-04	SVL: 0.0006354867876906246	current_lr: 1.953125e-06
Epoch: 672	TL: 3.744e-05	VL: 6.348e-04	SVL: 0.0006351577729651854	current_lr: 1.953125e-06
Epoch: 673	TL: 3.752e-05	VL: 6.353e-04	SVL: 0.0006352361187671387	current_lr: 1.953125e-06
Epoch: 674	TL: 3.748e-05	VL: 6.348e-04	SVL: 0.0006350396864282471	current_lr: 1.953125e-06
Epoch: 675	TL: 3.747e-05	VL: 6.369e-04	SVL: 0.0006359643336468629	current_lr: 1.953125e-06
Epoch: 676	TL: 3.740e-05	VL: 6.337e-04	SVL: 0.0006348190723028626	current_lr: 1.953125e-06
Epoch: 677	TL: 3.741e-05	VL: 6.354e-04	SVL: 0.0006351097076220734	current_lr: 1.953125e-06
Epoch: 678	TL: 3.744e-05	VL: 6.344e-04	SVL: 0.0006347368463418594	current_lr: 1.953125e-06
Epoch: 679	TL: 3.736e-05	VL: 6.365e-04	SVL: 0.0006356046192120369	current_lr: 1.953125e-06
Epoch: 680	TL: 3.746e-05	VL: 6.382e-04	SVL: 0.0006368798728918461	current_lr: 1.953125e-06
Epoch: 681	TL: 3.738e-05	VL: 6.349e-04	SVL: 0.0006358853099810793	current_lr: 1.953125e-06
Epoch: 682	TL: 3.742e-05	VL: 6.341e-04	SVL: 0.0006349814294808961	current_lr: 1.953125e-06
Epoch: 683	TL: 3.752e-05	VL: 6.339e-04	SVL: 0.0006344312846180726	current_lr: 1.953125e-06
Epoch: 684	TL: 3.746e-05	VL: 6.342e-04	SVL: 0.0006343153446672821	current_lr: 1.953125e-06
Epoch: 685	TL: 3.743e-05	VL: 6.356e-04	SVL: 0.0006349397167443465	current_lr: 1.953125e-06
Epoch: 686	TL: 3.747e-05	VL: 6.343e-04	SVL: 0.0006346312634586906	current_lr: 1.953125e-06
Epoch: 687	TL: 3.745e-05	VL: 6.358e-04	SVL: 0.0006352390345156001	current_lr: 1.953125e-06
Epoch: 688	TL: 3.744e-05	VL: 6.364e-04	SVL: 0.0006358200816422605	current_lr: 1.953125e-06
Epoch: 689	TL: 3.740e-05	VL: 6.342e-04	SVL: 0.0006350125445976805	current_lr: 1.953125e-06
Epoch: 690	TL: 3.740e-05	VL: 6.362e-04	SVL: 0.0006355904764957703	current_lr: 1.953125e-06
Epoch: 691	TL: 3.732e-05	VL: 6.361e-04	SVL: 0.0006358641240511078	current_lr: 1.953125e-06
Epoch: 692	TL: 3.740e-05	VL: 6.357e-04	SVL: 0.0006357920693116257	current_lr: 1.953125e-06
Epoch: 693	TL: 3.737e-05	VL: 6.354e-04	SVL: 0.0006356043481209313	current_lr: 1.953125e-06
Epoch: 694	TL: 3.739e-05	VL: 6.342e-04	SVL: 0.0006349115085293071	current_lr: 1.953125e-06
Epoch: 695	TL: 3.735e-05	VL: 6.370e-04	SVL: 0.0006359463071668752	current_lr: 1.953125e-06
Epoch: 696	TL: 3.738e-05	VL: 6.365e-04	SVL: 0.0006362248706740443	current_lr: 1.953125e-06
Epoch: 697	TL: 3.738e-05	VL: 6.355e-04	SVL: 0.0006358721637687238	current_lr: 1.953125e-06
Epoch: 698	TL: 3.739e-05	VL: 6.347e-04	SVL: 0.000635308547018029	current_lr: 1.953125e-06
Epoch: 699	TL: 3.736e-05	VL: 6.342e-04	SVL: 0.0006347727274885067	current_lr: 1.953125e-06
Epoch: 700	TL: 3.730e-05	VL: 6.347e-04	SVL: 0.0006347589957709258	current_lr: 1.953125e-06
Epoch: 701	TL: 3.732e-05	VL: 6.345e-04	SVL: 0.0006346369737384291	current_lr: 1.953125e-06
Epoch: 702	TL: 3.740e-05	VL: 6.375e-04	SVL: 0.0006360559341310249	current_lr: 1.953125e-06
Epoch: 703	TL: 3.737e-05	VL: 6.363e-04	SVL: 0.0006361621557175511	current_lr: 1.953125e-06
Epoch: 704	TL: 3.739e-05	VL: 6.357e-04	SVL: 0.0006359537332504687	current_lr: 1.953125e-06
Epoch: 705	TL: 3.733e-05	VL: 6.359e-04	SVL: 0.0006359452232345788	current_lr: 1.953125e-06
Epoch: 706	TL: 3.698e-05	VL: 6.349e-04	SVL: 0.0006354090086929424	current_lr: 9.765625e-07
Epoch: 707	TL: 3.698e-05	VL: 6.345e-04	SVL: 0.0006349673326965383	current_lr: 9.765625e-07
Epoch: 708	TL: 3.691e-05	VL: 6.344e-04	SVL: 0.0006346944598434474	current_lr: 9.765625e-07
Epoch: 709	TL: 3.695e-05	VL: 6.345e-04	SVL: 0.0006346162929176343	current_lr: 9.765625e-07
Epoch: 710	TL: 3.688e-05	VL: 6.348e-04	SVL: 0.0006347056693851477	current_lr: 9.765625e-07
Epoch: 711	TL: 3.693e-05	VL: 6.350e-04	SVL: 0.0006348712596803668	current_lr: 9.765625e-07
Epoch: 712	TL: 3.701e-05	VL: 6.364e-04	SVL: 0.0006356462674096109	current_lr: 9.765625e-07
Epoch: 713	TL: 3.694e-05	VL: 6.351e-04	SVL: 0.000635379348037386	current_lr: 9.765625e-07
Epoch: 714	TL: 3.696e-05	VL: 6.377e-04	SVL: 0.0006365363408315898	current_lr: 9.765625e-07
Epoch: 715	TL: 3.689e-05	VL: 6.343e-04	SVL: 0.0006354335332507253	current_lr: 9.765625e-07
Epoch: 716	TL: 3.691e-05	VL: 6.338e-04	SVL: 0.0006346391690072596	current_lr: 9.765625e-07
Epoch: 717	TL: 3.692e-05	VL: 6.348e-04	SVL: 0.0006347223049549848	current_lr: 9.765625e-07
Epoch: 718	TL: 3.692e-05	VL: 6.350e-04	SVL: 0.0006348650100901022	current_lr: 9.765625e-07
Epoch: 719	TL: 3.690e-05	VL: 6.346e-04	SVL: 0.0006347435654736705	current_lr: 9.765625e-07
Epoch: 720	TL: 3.693e-05	VL: 6.358e-04	SVL: 0.0006352892846632574	current_lr: 9.765625e-07
Epoch: 721	TL: 3.691e-05	VL: 6.349e-04	SVL: 0.0006351123556876468	current_lr: 9.765625e-07
Epoch: 722	TL: 3.693e-05	VL: 6.342e-04	SVL: 0.0006346520535838746	current_lr: 9.765625e-07
Epoch: 723	TL: 3.692e-05	VL: 6.354e-04	SVL: 0.0006350084479993653	current_lr: 9.765625e-07
Epoch: 724	TL: 3.696e-05	VL: 6.354e-04	SVL: 0.0006352232782217897	current_lr: 9.765625e-07
Epoch: 725	TL: 3.699e-05	VL: 6.344e-04	SVL: 0.0006348084016726929	current_lr: 9.765625e-07
Epoch: 726	TL: 3.686e-05	VL: 6.354e-04	SVL: 0.000635126819416211	current_lr: 9.765625e-07
Epoch: 727	TL: 3.668e-05	VL: 6.341e-04	SVL: 0.0006346041153889527	current_lr: 4.8828125e-07
Epoch: 728	TL: 3.669e-05	VL: 6.343e-04	SVL: 0.0006344306206217225	current_lr: 4.8828125e-07
Epoch: 729	TL: 3.672e-05	VL: 6.347e-04	SVL: 0.0006345556366200653	current_lr: 4.8828125e-07
Epoch: 730	TL: 3.670e-05	VL: 6.344e-04	SVL: 0.0006344647818682296	current_lr: 4.8828125e-07
Epoch: 731	TL: 3.673e-05	VL: 6.346e-04	SVL: 0.0006345163074075034	current_lr: 4.8828125e-07
Epoch: 732	TL: 3.671e-05	VL: 6.343e-04	SVL: 0.0006344114764004375	current_lr: 4.8828125e-07
Epoch: 733	TL: 3.670e-05	VL: 6.351e-04	SVL: 0.000634742128027947	current_lr: 4.8828125e-07
Epoch: 734	TL: 3.666e-05	VL: 6.342e-04	SVL: 0.0006344900425143396	current_lr: 4.8828125e-07
Epoch: 735	TL: 3.667e-05	VL: 6.350e-04	SVL: 0.0006347295908067304	current_lr: 4.8828125e-07
Epoch: 736	TL: 3.672e-05	VL: 6.344e-04	SVL: 0.0006345565034912863	current_lr: 4.8828125e-07
Epoch: 737	TL: 3.670e-05	VL: 6.351e-04	SVL: 0.0006348360396408458	current_lr: 4.8828125e-07
Epoch: 738	TL: 3.667e-05	VL: 6.347e-04	SVL: 0.0006347629595291327	current_lr: 4.8828125e-07
Epoch: 739	TL: 3.666e-05	VL: 6.342e-04	SVL: 0.000634502186799631	current_lr: 4.8828125e-07
Epoch: 740	TL: 3.669e-05	VL: 6.348e-04	SVL: 0.0006346691322448777	current_lr: 4.8828125e-07
Epoch: 741	TL: 3.667e-05	VL: 6.340e-04	SVL: 0.0006343494391502405	current_lr: 4.8828125e-07
Epoch: 742	TL: 3.669e-05	VL: 6.346e-04	SVL: 0.0006344799983531964	current_lr: 4.8828125e-07
Epoch: 743	TL: 3.670e-05	VL: 6.342e-04	SVL: 0.0006343317860380179	current_lr: 4.8828125e-07
Epoch: 744	TL: 3.664e-05	VL: 6.347e-04	SVL: 0.0006345376309760096	current_lr: 4.8828125e-07
Epoch: 745	TL: 3.667e-05	VL: 6.347e-04	SVL: 0.000634623208493376	current_lr: 4.8828125e-07
Epoch: 746	TL: 3.665e-05	VL: 6.343e-04	SVL: 0.0006344528272004843	current_lr: 4.8828125e-07
Epoch: 747	TL: 3.665e-05	VL: 6.345e-04	SVL: 0.0006344630516693949	current_lr: 4.8828125e-07
Epoch: 748	TL: 3.657e-05	VL: 6.341e-04	SVL: 0.0006343003053032338	current_lr: 2.44140625e-07
Epoch: 749	TL: 3.654e-05	VL: 6.340e-04	SVL: 0.0006341326961200923	current_lr: 2.44140625e-07
Epoch: 750	TL: 3.654e-05	VL: 6.351e-04	SVL: 0.0006346050863107785	current_lr: 2.44140625e-07
SWA: scheduler initialized at 751-th epochs.
Epoch: 751	TL: 3.653e-05	VL: 6.343e-04	SVL: 0.0006344334545056395	current_lr: 2.44140625e-07
Epoch: 752	TL: 3.785e-05	VL: 6.385e-04	SVL: 0.0006364686222036864	current_lr: 3.297133810202215e-06
Epoch: 753	TL: 4.100e-05	VL: 6.365e-04	SVL: 0.0006364989147166504	current_lr: 1.2157265121386944e-05
Epoch: 754	TL: 4.612e-05	VL: 6.495e-04	SVL: 0.0006429909520139343	current_lr: 2.5957243173650662e-05
Epoch: 755	TL: 5.219e-05	VL: 6.517e-04	SVL: 0.0006473453309531036	current_lr: 4.334622996513695e-05
Epoch: 756	TL: 5.891e-05	VL: 6.505e-04	SVL: 0.0006489457381961257	current_lr: 6.262207031249999e-05
Epoch: 757	TL: 6.734e-05	VL: 6.615e-04	SVL: 0.0006552141672967628	current_lr: 8.189791065986306e-05
Epoch: 758	TL: 7.979e-05	VL: 6.910e-04	SVL: 0.0006731180671154834	current_lr: 9.928689745134933e-05
Epoch: 759	TL: 8.717e-05	VL: 7.319e-04	SVL: 0.0007025027753561426	current_lr: 0.00011308687550361306
Epoch: 760	TL: 9.470e-05	VL: 6.505e-04	SVL: 0.000676512050710603	current_lr: 0.0001219470068147978
Epoch: 761	TL: 8.824e-05	VL: 6.909e-04	SVL: 0.0006837213635854345	current_lr: 0.000125
Epoch: 762	TL: 9.140e-05	VL: 7.153e-04	SVL: 0.0006995229780878832	current_lr: 0.000125
Epoch: 763	TL: 8.659e-05	VL: 7.198e-04	SVL: 0.0007096413403851892	current_lr: 0.000125
Epoch: 764	TL: 9.012e-05	VL: 7.011e-04	SVL: 0.0007053887978247357	current_lr: 0.000125
Epoch: 765	TL: 8.815e-05	VL: 6.728e-04	SVL: 0.0006890797086085654	current_lr: 0.000125
Epoch: 766	TL: 8.611e-05	VL: 6.718e-04	SVL: 0.0006804224822683025	current_lr: 0.000125
Epoch: 767	TL: 9.332e-05	VL: 6.625e-04	SVL: 0.0006714794682345236	current_lr: 0.000125
Epoch: 768	TL: 8.417e-05	VL: 6.613e-04	SVL: 0.0006663799666802807	current_lr: 0.000125
Epoch: 769	TL: 8.794e-05	VL: 6.928e-04	SVL: 0.0006795892309864721	current_lr: 0.000125
Epoch: 770	TL: 8.612e-05	VL: 6.630e-04	SVL: 0.0006712945973734241	current_lr: 0.000125
Epoch: 771	TL: 8.749e-05	VL: 6.823e-04	SVL: 0.0006768113273312738	current_lr: 0.000125
Epoch: 772	TL: 8.487e-05	VL: 7.240e-04	SVL: 0.0007004238793219174	current_lr: 0.000125
Epoch: 773	TL: 9.114e-05	VL: 7.066e-04	SVL: 0.0007035100553912444	current_lr: 0.000125
Epoch: 774	TL: 8.725e-05	VL: 6.485e-04	SVL: 0.0006760262536248825	current_lr: 0.000125
Epoch: 775	TL: 8.286e-05	VL: 6.850e-04	SVL: 0.0006805361890415977	current_lr: 0.000125
Epoch: 776	TL: 8.970e-05	VL: 6.829e-04	SVL: 0.0006817248534967816	current_lr: 0.000125
Epoch: 777	TL: 8.426e-05	VL: 6.978e-04	SVL: 0.0006897714948559957	current_lr: 0.000125
Epoch: 778	TL: 8.583e-05	VL: 6.757e-04	SVL: 0.0006827475237799266	current_lr: 0.000125
Epoch: 779	TL: 9.335e-05	VL: 6.829e-04	SVL: 0.0006828339064097692	current_lr: 0.000125
Epoch: 780	TL: 8.139e-05	VL: 6.690e-04	SVL: 0.0006759323936689043	current_lr: 0.000125
Epoch: 781	TL: 8.851e-05	VL: 6.726e-04	SVL: 0.0006742525270575356	current_lr: 0.000125
Epoch: 782	TL: 8.376e-05	VL: 6.794e-04	SVL: 0.000676820835023824	current_lr: 0.000125
Epoch: 783	TL: 8.196e-05	VL: 6.577e-04	SVL: 0.0006672660870103556	current_lr: 0.000125
Epoch: 784	TL: 8.530e-05	VL: 6.840e-04	SVL: 0.0006756330630555013	current_lr: 0.000125
Epoch: 785	TL: 8.296e-05	VL: 6.749e-04	SVL: 0.0006752459477074077	current_lr: 0.000125
Epoch: 786	TL: 8.481e-05	VL: 6.868e-04	SVL: 0.000681038007670995	current_lr: 0.000125
Epoch: 787	TL: 8.828e-05	VL: 6.834e-04	SVL: 0.0006822284149797541	current_lr: 0.000125
Epoch: 788	TL: 8.956e-05	VL: 7.018e-04	SVL: 0.0006920132005051663	current_lr: 0.000125
Epoch: 789	TL: 8.661e-05	VL: 6.617e-04	SVL: 0.0006768698257126357	current_lr: 0.000125
Epoch: 790	TL: 7.968e-05	VL: 6.755e-04	SVL: 0.0006761798998672736	current_lr: 0.000125
Epoch: 791	TL: 8.297e-05	VL: 6.643e-04	SVL: 0.0006702224920669682	current_lr: 0.000125
Epoch: 792	TL: 8.686e-05	VL: 6.903e-04	SVL: 0.0006802823876579348	current_lr: 0.000125
Epoch: 793	TL: 8.216e-05	VL: 6.864e-04	SVL: 0.0006833570885280641	current_lr: 0.000125
Epoch: 794	TL: 8.420e-05	VL: 6.746e-04	SVL: 0.0006789775097181337	current_lr: 0.000125
Epoch: 795	TL: 8.532e-05	VL: 6.586e-04	SVL: 0.0006687815767432221	current_lr: 0.000125
Epoch: 796	TL: 8.415e-05	VL: 6.698e-04	SVL: 0.0006693004301143173	current_lr: 0.000125
Epoch: 797	TL: 8.572e-05	VL: 6.753e-04	SVL: 0.0006723007048642876	current_lr: 0.000125
Epoch: 798	TL: 8.154e-05	VL: 6.653e-04	SVL: 0.0006688106817740322	current_lr: 0.000125
Epoch: 799	TL: 8.404e-05	VL: 6.449e-04	SVL: 0.0006568409702548445	current_lr: 0.000125
Epoch: 800	TL: 8.768e-05	VL: 6.466e-04	SVL: 0.0006517105828408927	current_lr: 0.000125
Epoch: 801	TL: 8.498e-05	VL: 6.731e-04	SVL: 0.0006623882179798946	current_lr: 0.000125
Epoch: 802	TL: 8.163e-05	VL: 6.788e-04	SVL: 0.000670572215584033	current_lr: 0.000125
Epoch: 803	TL: 8.368e-05	VL: 7.260e-04	SVL: 0.0006982918889657225	current_lr: 0.000125
Epoch: 804	TL: 8.488e-05	VL: 6.685e-04	SVL: 0.0006834175900288207	current_lr: 0.000125
Epoch: 805	TL: 8.101e-05	VL: 6.980e-04	SVL: 0.000690712169590979	current_lr: 0.000125
Epoch: 806	TL: 8.591e-05	VL: 6.492e-04	SVL: 0.0006699381966309692	current_lr: 0.000125
Epoch: 807	TL: 8.121e-05	VL: 6.839e-04	SVL: 0.0006769421169617248	current_lr: 0.000125
Epoch: 808	TL: 8.476e-05	VL: 6.696e-04	SVL: 0.0006732541357208526	current_lr: 0.000125
Epoch: 809	TL: 8.609e-05	VL: 6.876e-04	SVL: 0.0006804505723083633	current_lr: 0.000125
Epoch: 810	TL: 8.786e-05	VL: 7.193e-04	SVL: 0.0006998663016838142	current_lr: 0.000125
Epoch: 811	TL: 7.848e-05	VL: 6.496e-04	SVL: 0.000674750891759113	current_lr: 0.000125
Epoch: 812	TL: 8.313e-05	VL: 7.275e-04	SVL: 0.000701118047751047	current_lr: 0.000125
Epoch: 813	TL: 8.479e-05	VL: 7.091e-04	SVL: 0.0007051288166230211	current_lr: 0.000125
Epoch: 814	TL: 8.992e-05	VL: 6.630e-04	SVL: 0.0006840401311012749	current_lr: 0.000125
Epoch: 815	TL: 8.259e-05	VL: 6.628e-04	SVL: 0.0006734446356342556	current_lr: 0.000125
Epoch: 816	TL: 8.236e-05	VL: 6.529e-04	SVL: 0.0006631683384203077	current_lr: 0.000125
Epoch: 817	TL: 8.164e-05	VL: 6.737e-04	SVL: 0.0006684557574402869	current_lr: 0.000125
Epoch: 818	TL: 8.500e-05	VL: 6.723e-04	SVL: 0.0006703822323387653	current_lr: 0.000125
Epoch: 819	TL: 8.460e-05	VL: 6.497e-04	SVL: 0.0006600548122677103	current_lr: 0.000125
Epoch: 820	TL: 8.087e-05	VL: 6.711e-04	SVL: 0.000665595285810674	current_lr: 0.000125
Epoch: 821	TL: 8.427e-05	VL: 6.640e-04	SVL: 0.0006648215138503138	current_lr: 0.000125
Epoch: 822	TL: 8.146e-05	VL: 6.549e-04	SVL: 0.0006598599952254804	current_lr: 0.000125
Epoch: 823	TL: 8.086e-05	VL: 6.729e-04	SVL: 0.0006664049765365378	current_lr: 0.000125
Epoch: 824	TL: 8.407e-05	VL: 6.608e-04	SVL: 0.0006635818551429637	current_lr: 0.000125
Epoch: 825	TL: 8.275e-05	VL: 6.599e-04	SVL: 0.0006617276822750036	current_lr: 0.000125
Epoch: 826	TL: 8.586e-05	VL: 6.624e-04	SVL: 0.0006620523529859514	current_lr: 0.000125
Epoch: 827	TL: 7.912e-05	VL: 6.742e-04	SVL: 0.0006681167521880135	current_lr: 0.000125
Epoch: 828	TL: 8.257e-05	VL: 6.710e-04	SVL: 0.0006695792634688847	current_lr: 0.000125
Epoch: 829	TL: 8.106e-05	VL: 6.985e-04	SVL: 0.0006840484360557315	current_lr: 0.000125
Epoch: 830	TL: 7.779e-05	VL: 6.545e-04	SVL: 0.0006692658533504366	current_lr: 0.000125
Epoch: 831	TL: 8.408e-05	VL: 6.821e-04	SVL: 0.0006756729061330735	current_lr: 0.000125
Epoch: 832	TL: 8.167e-05	VL: 7.021e-04	SVL: 0.0006888761964899987	current_lr: 0.000125
Epoch: 833	TL: 8.167e-05	VL: 6.782e-04	SVL: 0.0006835499866536602	current_lr: 0.000125
Epoch: 834	TL: 8.719e-05	VL: 6.621e-04	SVL: 0.0006728111914660207	current_lr: 0.000125
Epoch: 835	TL: 7.980e-05	VL: 6.643e-04	SVL: 0.0006685632075799342	current_lr: 0.000125
Epoch: 836	TL: 8.397e-05	VL: 6.428e-04	SVL: 0.0006556609077221571	current_lr: 0.000125
Epoch: 837	TL: 8.026e-05	VL: 6.495e-04	SVL: 0.0006525799713018744	current_lr: 0.000125
Epoch: 838	TL: 8.334e-05	VL: 6.782e-04	SVL: 0.0006653774123133822	current_lr: 0.000125
Epoch: 839	TL: 8.398e-05	VL: 6.459e-04	SVL: 0.0006556627323598466	current_lr: 0.000125
Epoch: 840	TL: 8.208e-05	VL: 6.812e-04	SVL: 0.0006684300447687905	current_lr: 0.000125
Epoch: 841	TL: 7.872e-05	VL: 6.935e-04	SVL: 0.0006809619439237019	current_lr: 0.000125
Epoch: 842	TL: 8.355e-05	VL: 7.222e-04	SVL: 0.0007015677696760843	current_lr: 0.000125
Epoch: 843	TL: 7.925e-05	VL: 6.446e-04	SVL: 0.0006731014374045704	current_lr: 0.000125
Epoch: 844	TL: 8.181e-05	VL: 6.959e-04	SVL: 0.0006844875516071008	current_lr: 0.000125
Epoch: 845	TL: 8.325e-05	VL: 6.857e-04	SVL: 0.0006851084084100568	current_lr: 0.000125
Epoch: 846	TL: 7.886e-05	VL: 6.544e-04	SVL: 0.0006697326705250662	current_lr: 0.000125
Epoch: 847	TL: 8.004e-05	VL: 6.671e-04	SVL: 0.0006684289716379604	current_lr: 0.000125
Epoch: 848	TL: 8.264e-05	VL: 6.892e-04	SVL: 0.0006787930380650739	current_lr: 0.000125
Epoch: 849	TL: 8.109e-05	VL: 6.586e-04	SVL: 0.000668715137806951	current_lr: 0.000125
Epoch: 850	TL: 7.624e-05	VL: 6.678e-04	SVL: 0.0006682675811486537	current_lr: 0.000125
Epoch: 851	TL: 8.391e-05	VL: 7.009e-04	SVL: 0.0006846046315052655	current_lr: 0.000125
Epoch: 852	TL: 7.597e-05	VL: 6.739e-04	SVL: 0.0006792745762277915	current_lr: 0.000125
Epoch: 853	TL: 8.384e-05	VL: 6.381e-04	SVL: 0.0006586835828030742	current_lr: 0.000125
Epoch: 854	TL: 8.342e-05	VL: 7.109e-04	SVL: 0.0006848117692572195	current_lr: 0.000125
Epoch: 855	TL: 7.926e-05	VL: 7.102e-04	SVL: 0.0006974991968920985	current_lr: 0.000125
Epoch: 856	TL: 8.410e-05	VL: 6.487e-04	SVL: 0.0006731149162675519	current_lr: 0.000125
Epoch: 857	TL: 8.061e-05	VL: 6.775e-04	SVL: 0.0006752848369789908	current_lr: 0.000125
Epoch: 858	TL: 7.961e-05	VL: 6.736e-04	SVL: 0.0006744217387295162	current_lr: 0.000125
Epoch: 859	TL: 8.025e-05	VL: 6.516e-04	SVL: 0.0006630145664739805	current_lr: 0.000125
Epoch: 860	TL: 7.767e-05	VL: 6.752e-04	SVL: 0.0006690926966929534	current_lr: 0.000125
Epoch: 861	TL: 7.990e-05	VL: 6.625e-04	SVL: 0.0006657886355054428	current_lr: 0.000125
Epoch: 862	TL: 8.414e-05	VL: 7.075e-04	SVL: 0.0006866643234556939	current_lr: 0.000125
Epoch: 863	TL: 7.549e-05	VL: 6.629e-04	SVL: 0.0006747884057196987	current_lr: 0.000125
Epoch: 864	TL: 8.093e-05	VL: 6.678e-04	SVL: 0.0006713047753886884	current_lr: 0.000125
Epoch: 865	TL: 7.951e-05	VL: 6.541e-04	SVL: 0.0006627203946866843	current_lr: 0.000125
Epoch: 866	TL: 7.535e-05	VL: 6.800e-04	SVL: 0.0006713741543669628	current_lr: 0.000125
Epoch: 867	TL: 8.103e-05	VL: 6.739e-04	SVL: 0.0006726520301291906	current_lr: 0.000125
Epoch: 868	TL: 7.827e-05	VL: 6.843e-04	SVL: 0.0006784547448848467	current_lr: 0.000125
Epoch: 869	TL: 8.305e-05	VL: 6.528e-04	SVL: 0.0006656300723897805	current_lr: 0.000125
Epoch: 870	TL: 8.023e-05	VL: 6.561e-04	SVL: 0.0006608655899935658	current_lr: 0.000125
Epoch: 871	TL: 7.786e-05	VL: 6.587e-04	SVL: 0.000659760712095782	current_lr: 0.000125
Epoch: 872	TL: 8.128e-05	VL: 7.396e-04	SVL: 0.0006996641390068754	current_lr: 0.000125
Epoch: 873	TL: 7.849e-05	VL: 6.689e-04	SVL: 0.0006842831607929579	current_lr: 0.000125
Epoch: 874	TL: 7.728e-05	VL: 6.512e-04	SVL: 0.0006677465317781623	current_lr: 0.000125
Epoch: 875	TL: 8.136e-05	VL: 6.544e-04	SVL: 0.0006610570489434329	current_lr: 0.000125
Epoch: 876	TL: 7.746e-05	VL: 6.427e-04	SVL: 0.0006518736630215211	current_lr: 0.000125
Epoch: 877	TL: 7.973e-05	VL: 6.416e-04	SVL: 0.0006467315092451355	current_lr: 0.000125
Epoch: 878	TL: 7.742e-05	VL: 6.439e-04	SVL: 0.000645318955916513	current_lr: 0.000125
Epoch: 879	TL: 8.171e-05	VL: 6.375e-04	SVL: 0.0006413884613605087	current_lr: 0.000125
Epoch: 880	TL: 7.705e-05	VL: 6.559e-04	SVL: 0.000648664342050341	current_lr: 0.000125
Epoch: 881	TL: 8.243e-05	VL: 6.458e-04	SVL: 0.0006472151094101803	current_lr: 0.000125
Epoch: 882	TL: 7.688e-05	VL: 6.299e-04	SVL: 0.0006385790732216306	current_lr: 0.000125
Epoch: 883	TL: 7.952e-05	VL: 6.524e-04	SVL: 0.0006454806758320067	current_lr: 0.000125
Epoch: 884	TL: 7.840e-05	VL: 7.183e-04	SVL: 0.000681895444460498	current_lr: 0.000125
Epoch: 885	TL: 7.868e-05	VL: 6.437e-04	SVL: 0.0006627968061307006	current_lr: 0.000125
Epoch: 886	TL: 7.712e-05	VL: 6.505e-04	SVL: 0.0006566598290373352	current_lr: 0.000125
Epoch: 887	TL: 7.822e-05	VL: 6.349e-04	SVL: 0.0006457969722235931	current_lr: 0.000125
Epoch: 888	TL: 7.788e-05	VL: 6.675e-04	SVL: 0.0006566482810718185	current_lr: 0.000125
Epoch: 889	TL: 8.365e-05	VL: 6.702e-04	SVL: 0.0006634277953973594	current_lr: 0.000125
Epoch: 890	TL: 7.401e-05	VL: 6.537e-04	SVL: 0.0006585651822026164	current_lr: 0.000125
Epoch: 891	TL: 7.846e-05	VL: 6.369e-04	SVL: 0.0006477489325968221	current_lr: 0.000125
Epoch: 892	TL: 7.715e-05	VL: 6.481e-04	SVL: 0.0006479174183591105	current_lr: 0.000125
Epoch: 893	TL: 7.845e-05	VL: 6.518e-04	SVL: 0.000649858119427358	current_lr: 0.000125
Epoch: 894	TL: 8.276e-05	VL: 6.636e-04	SVL: 0.0006567208778556163	current_lr: 0.000125
Epoch: 895	TL: 7.388e-05	VL: 6.532e-04	SVL: 0.0006549722915736822	current_lr: 0.000125
Epoch: 896	TL: 7.847e-05	VL: 6.441e-04	SVL: 0.000649519861034949	current_lr: 0.000125
Epoch: 897	TL: 7.926e-05	VL: 6.620e-04	SVL: 0.0006557449044249452	current_lr: 0.000125
Epoch: 898	TL: 7.734e-05	VL: 6.753e-04	SVL: 0.0006654974789153535	current_lr: 0.000125
Epoch: 899	TL: 7.962e-05	VL: 6.458e-04	SVL: 0.0006556481048827866	current_lr: 0.000125
Epoch: 900	TL: 7.876e-05	VL: 6.649e-04	SVL: 0.0006602770053031792	current_lr: 0.000125
Epoch: 901	TL: 8.017e-05	VL: 6.873e-04	SVL: 0.0006737911921085294	current_lr: 0.000125
Epoch: 902	TL: 7.867e-05	VL: 6.541e-04	SVL: 0.0006639478078157392	current_lr: 0.000125
Epoch: 903	TL: 7.906e-05	VL: 6.577e-04	SVL: 0.0006608322079316123	current_lr: 0.000125
Epoch: 904	TL: 7.802e-05	VL: 6.534e-04	SVL: 0.000657091161377	current_lr: 0.000125
Epoch: 905	TL: 7.659e-05	VL: 6.466e-04	SVL: 0.0006518614395294425	current_lr: 0.000125
Epoch: 906	TL: 7.781e-05	VL: 6.468e-04	SVL: 0.0006493081621246455	current_lr: 0.000125
Epoch: 907	TL: 7.829e-05	VL: 6.551e-04	SVL: 0.0006522100355186521	current_lr: 0.000125
Epoch: 908	TL: 7.930e-05	VL: 6.649e-04	SVL: 0.0006585785580654174	current_lr: 0.000125
Epoch: 909	TL: 7.604e-05	VL: 6.601e-04	SVL: 0.0006593588090429321	current_lr: 0.000125
Epoch: 910	TL: 7.789e-05	VL: 6.454e-04	SVL: 0.0006523859131579407	current_lr: 0.000125
Epoch: 911	TL: 7.847e-05	VL: 6.562e-04	SVL: 0.0006542684847238068	current_lr: 0.000125
Epoch: 912	TL: 7.966e-05	VL: 6.559e-04	SVL: 0.0006550922897518875	current_lr: 0.000125
Epoch: 913	TL: 7.668e-05	VL: 6.526e-04	SVL: 0.0006538428677648903	current_lr: 0.000125
Epoch: 914	TL: 7.328e-05	VL: 6.639e-04	SVL: 0.0006588942713305653	current_lr: 0.000125
Epoch: 915	TL: 7.518e-05	VL: 6.739e-04	SVL: 0.0006663769576333613	current_lr: 0.000125
Epoch: 916	TL: 8.205e-05	VL: 6.424e-04	SVL: 0.0006543910311352537	current_lr: 0.000125
Epoch: 917	TL: 7.666e-05	VL: 6.659e-04	SVL: 0.0006601384424513244	current_lr: 0.000125
Epoch: 918	TL: 7.533e-05	VL: 6.468e-04	SVL: 0.0006534546386870574	current_lr: 0.000125
Epoch: 919	TL: 7.573e-05	VL: 6.551e-04	SVL: 0.0006542724615172957	current_lr: 0.000125
Epoch: 920	TL: 8.018e-05	VL: 6.377e-04	SVL: 0.0006460000041045951	current_lr: 0.000125
Epoch: 921	TL: 8.044e-05	VL: 6.463e-04	SVL: 0.0006461351038474941	current_lr: 0.000125
Epoch: 922	TL: 7.600e-05	VL: 6.474e-04	SVL: 0.0006467869103679609	current_lr: 0.000125
Epoch: 923	TL: 7.524e-05	VL: 6.802e-04	SVL: 0.0006635089308385826	current_lr: 0.000125
Epoch: 924	TL: 8.058e-05	VL: 6.924e-04	SVL: 0.0006779478863062847	current_lr: 0.000125
Epoch: 925	TL: 7.424e-05	VL: 6.277e-04	SVL: 0.0006528362907559865	current_lr: 0.000125
Epoch: 926	TL: 7.257e-05	VL: 6.443e-04	SVL: 0.0006485791999891993	current_lr: 0.000125
Epoch: 927	TL: 7.931e-05	VL: 6.428e-04	SVL: 0.0006456940570868847	current_lr: 0.000125
Epoch: 928	TL: 7.614e-05	VL: 6.459e-04	SVL: 0.0006458196123141943	current_lr: 0.000125
Epoch: 929	TL: 7.856e-05	VL: 6.273e-04	SVL: 0.0006365480879793018	current_lr: 0.000125
Epoch: 930	TL: 7.259e-05	VL: 6.452e-04	SVL: 0.0006408829202179834	current_lr: 0.000125
Epoch: 931	TL: 7.814e-05	VL: 6.623e-04	SVL: 0.0006515709156753979	current_lr: 0.000125
Epoch: 932	TL: 7.633e-05	VL: 6.630e-04	SVL: 0.0006572694656730872	current_lr: 0.000125
Epoch: 933	TL: 7.409e-05	VL: 6.671e-04	SVL: 0.0006621886669338336	current_lr: 0.000125
Epoch: 934	TL: 7.477e-05	VL: 6.693e-04	SVL: 0.0006657673209280069	current_lr: 0.000125
Epoch: 935	TL: 7.684e-05	VL: 6.532e-04	SVL: 0.0006594949885890035	current_lr: 0.000125
Epoch: 936	TL: 7.380e-05	VL: 6.380e-04	SVL: 0.0006487374864362254	current_lr: 0.000125
Epoch: 937	TL: 7.744e-05	VL: 6.914e-04	SVL: 0.0006700633805166967	current_lr: 0.000125
Epoch: 938	TL: 7.325e-05	VL: 6.259e-04	SVL: 0.0006479803821032885	current_lr: 0.000125
Epoch: 939	TL: 7.626e-05	VL: 6.669e-04	SVL: 0.0006574374566766443	current_lr: 0.000125
Epoch: 940	TL: 7.733e-05	VL: 6.354e-04	SVL: 0.0006463958685742231	current_lr: 0.000125
Epoch: 941	TL: 7.756e-05	VL: 6.577e-04	SVL: 0.0006520259591513084	current_lr: 0.000125
Epoch: 942	TL: 7.559e-05	VL: 6.412e-04	SVL: 0.0006466006026950085	current_lr: 0.000125
Epoch: 943	TL: 7.627e-05	VL: 7.145e-04	SVL: 0.0006805653803689581	current_lr: 0.000125
Epoch: 944	TL: 7.376e-05	VL: 6.794e-04	SVL: 0.0006799854751995852	current_lr: 0.000125
Epoch: 945	TL: 7.949e-05	VL: 6.576e-04	SVL: 0.000668782388993683	current_lr: 0.000125
Epoch: 946	TL: 7.432e-05	VL: 6.621e-04	SVL: 0.0006654443084342194	current_lr: 0.000125
Epoch: 947	TL: 7.517e-05	VL: 7.078e-04	SVL: 0.0006866037874988175	current_lr: 0.000125
Epoch: 948	TL: 8.083e-05	VL: 6.320e-04	SVL: 0.0006593077435876657	current_lr: 0.000125
Epoch: 949	TL: 7.318e-05	VL: 6.428e-04	SVL: 0.0006510737068844701	current_lr: 0.000125
Epoch: 950	TL: 7.283e-05	VL: 6.915e-04	SVL: 0.0006712767068243456	current_lr: 0.000125
Epoch: 951	TL: 7.689e-05	VL: 6.780e-04	SVL: 0.0006746147485423304	current_lr: 0.000125
Epoch: 952	TL: 7.902e-05	VL: 6.523e-04	SVL: 0.0006634561226689924	current_lr: 0.000125
Epoch: 953	TL: 7.411e-05	VL: 6.514e-04	SVL: 0.0006574036442202383	current_lr: 0.000125
Epoch: 954	TL: 7.195e-05	VL: 6.581e-04	SVL: 0.0006577682774743464	current_lr: 0.000125
Epoch: 955	TL: 7.592e-05	VL: 6.609e-04	SVL: 0.0006593402883152677	current_lr: 0.000125
Epoch: 956	TL: 7.542e-05	VL: 6.419e-04	SVL: 0.0006506315956880905	current_lr: 0.000125
Epoch: 957	TL: 7.670e-05	VL: 6.472e-04	SVL: 0.0006489163523102927	current_lr: 0.000125
Epoch: 958	TL: 7.277e-05	VL: 6.651e-04	SVL: 0.0006570097150993908	current_lr: 0.000125
Epoch: 959	TL: 7.293e-05	VL: 6.493e-04	SVL: 0.0006531506986713689	current_lr: 0.000125
Epoch: 960	TL: 7.384e-05	VL: 6.353e-04	SVL: 0.0006442368850755832	current_lr: 0.000125
Epoch: 961	TL: 7.756e-05	VL: 6.408e-04	SVL: 0.000642526095392711	current_lr: 0.000125
Epoch: 962	TL: 7.097e-05	VL: 6.773e-04	SVL: 0.0006598924484264886	current_lr: 0.000125
Epoch: 963	TL: 7.805e-05	VL: 6.414e-04	SVL: 0.0006506474061018246	current_lr: 0.000125
Epoch: 964	TL: 7.108e-05	VL: 6.731e-04	SVL: 0.0006618931910994657	current_lr: 0.000125
Epoch: 965	TL: 7.636e-05	VL: 6.552e-04	SVL: 0.0006585274289847914	current_lr: 0.000125
Epoch: 966	TL: 7.360e-05	VL: 6.479e-04	SVL: 0.0006532111203075201	current_lr: 0.000125
Epoch: 967	TL: 7.323e-05	VL: 6.550e-04	SVL: 0.0006540952104032412	current_lr: 0.000125
Epoch: 968	TL: 7.390e-05	VL: 6.328e-04	SVL: 0.0006434424826353975	current_lr: 0.000125
Epoch: 969	TL: 7.478e-05	VL: 6.934e-04	SVL: 0.0006684447978362535	current_lr: 0.000125
Epoch: 970	TL: 7.153e-05	VL: 7.104e-04	SVL: 0.000689446650665258	current_lr: 0.000125
Epoch: 971	TL: 7.629e-05	VL: 6.500e-04	SVL: 0.000669733911117541	current_lr: 0.000125
Epoch: 972	TL: 7.017e-05	VL: 6.470e-04	SVL: 0.00065837359694671	current_lr: 0.000125
Epoch: 973	TL: 7.462e-05	VL: 6.533e-04	SVL: 0.0006558440937004058	current_lr: 0.000125
Epoch: 974	TL: 7.525e-05	VL: 6.459e-04	SVL: 0.0006508836276035294	current_lr: 0.000125
Epoch: 975	TL: 7.350e-05	VL: 6.530e-04	SVL: 0.0006519419911851876	current_lr: 0.000125
Epoch: 976	TL: 7.438e-05	VL: 6.369e-04	SVL: 0.000644431686567783	current_lr: 0.000125
Epoch: 977	TL: 7.651e-05	VL: 6.513e-04	SVL: 0.0006478763104317187	current_lr: 0.000125
Epoch: 978	TL: 7.318e-05	VL: 6.429e-04	SVL: 0.0006453995943485498	current_lr: 0.000125
Epoch: 979	TL: 7.358e-05	VL: 6.735e-04	SVL: 0.000659466552755177	current_lr: 0.000125
Epoch: 980	TL: 7.377e-05	VL: 6.464e-04	SVL: 0.0006529287338360846	current_lr: 0.000125
Epoch: 981	TL: 7.187e-05	VL: 6.627e-04	SVL: 0.0006578154563955813	current_lr: 0.000125
Epoch: 982	TL: 7.531e-05	VL: 6.238e-04	SVL: 0.0006407883167292848	current_lr: 0.000125
Epoch: 983	TL: 7.552e-05	VL: 6.571e-04	SVL: 0.0006489526987088806	current_lr: 0.000125
Epoch: 984	TL: 7.259e-05	VL: 6.684e-04	SVL: 0.0006586759805685821	current_lr: 0.000125
Epoch: 985	TL: 7.371e-05	VL: 6.452e-04	SVL: 0.0006519580245021256	current_lr: 0.000125
Epoch: 986	TL: 7.174e-05	VL: 6.673e-04	SVL: 0.0006596082985402779	current_lr: 0.000125
Epoch: 987	TL: 7.565e-05	VL: 6.295e-04	SVL: 0.0006445781260729648	current_lr: 0.000125
Epoch: 988	TL: 7.385e-05	VL: 6.642e-04	SVL: 0.0006543873324990679	current_lr: 0.000125
Epoch: 989	TL: 7.456e-05	VL: 6.410e-04	SVL: 0.0006477093584835732	current_lr: 0.000125
Epoch: 990	TL: 7.473e-05	VL: 6.631e-04	SVL: 0.000655414790287624	current_lr: 0.000125
Epoch: 991	TL: 7.064e-05	VL: 6.610e-04	SVL: 0.0006581923933699778	current_lr: 0.000125
Epoch: 992	TL: 7.345e-05	VL: 6.690e-04	SVL: 0.000663595114741477	current_lr: 0.000125
Epoch: 993	TL: 7.157e-05	VL: 6.548e-04	SVL: 0.0006591738634277148	current_lr: 0.000125
Epoch: 994	TL: 7.285e-05	VL: 6.629e-04	SVL: 0.0006610231127822778	current_lr: 0.000125
Epoch: 995	TL: 7.720e-05	VL: 6.395e-04	SVL: 0.0006502456290763806	current_lr: 0.000125
Epoch: 996	TL: 6.851e-05	VL: 6.665e-04	SVL: 0.0006583780697605109	current_lr: 0.000125
Epoch: 997	TL: 7.222e-05	VL: 6.982e-04	SVL: 0.0006782845940004336	current_lr: 0.000125
Epoch: 998	TL: 7.399e-05	VL: 6.416e-04	SVL: 0.0006599237425034517	current_lr: 0.000125
Epoch: 999	TL: 7.518e-05	VL: 6.479e-04	SVL: 0.0006539340129944321	current_lr: 0.000125
Epoch: 1000	TL: 7.170e-05	VL: 6.531e-04	SVL: 0.000653519182972741	current_lr: 0.000125
swa Test MAE: 12.300
