Tue Dec  3 01:32:19 2024       
+-----------------------------------------------------------------------------------------+
| NVIDIA-SMI 565.57.01              Driver Version: 565.57.01      CUDA Version: 12.7     |
|-----------------------------------------+------------------------+----------------------+
| GPU  Name                 Persistence-M | Bus-Id          Disp.A | Volatile Uncorr. ECC |
| Fan  Temp   Perf          Pwr:Usage/Cap |           Memory-Usage | GPU-Util  Compute M. |
|                                         |                        |               MIG M. |
|=========================================+========================+======================|
|   0  Tesla V100-PCIE-32GB           On  |   00000000:D8:00.0 Off |                    0 |
| N/A   29C    P0             26W /  250W |       1MiB /  32768MiB |      0%   E. Process |
|                                         |                        |                  N/A |
+-----------------------------------------+------------------------+----------------------+
                                                                                         
+-----------------------------------------------------------------------------------------+
| Processes:                                                                              |
|  GPU   GI   CI        PID   Type   Process name                              GPU Memory |
|        ID   ID                                                               Usage      |
|=========================================================================================|
|  No running processes found                                                             |
+-----------------------------------------------------------------------------------------+
cuda
Tesla V100-PCIE-32GB
Epoch: 1	Train loss: 1.976e-01	Val loss: 2.941e-02
Epoch: 2	Train loss: 2.585e-02	Val loss: 1.602e-02
Epoch: 3	Train loss: 1.832e-02	Val loss: 1.038e-02
Epoch: 4	Train loss: 1.390e-02	Val loss: 1.070e-02
Epoch: 5	Train loss: 1.323e-02	Val loss: 1.322e-02
Epoch: 6	Train loss: 1.145e-02	Val loss: 1.024e-02
Epoch: 7	Train loss: 1.094e-02	Val loss: 7.555e-03
Epoch: 8	Train loss: 8.879e-03	Val loss: 6.188e-03
Epoch: 9	Train loss: 9.431e-03	Val loss: 8.092e-03
Epoch: 10	Train loss: 7.863e-03	Val loss: 4.945e-03
Epoch: 11	Train loss: 7.647e-03	Val loss: 9.542e-03
Epoch: 12	Train loss: 7.066e-03	Val loss: 6.013e-03
Epoch: 13	Train loss: 6.601e-03	Val loss: 6.084e-03
Epoch: 14	Train loss: 6.093e-03	Val loss: 5.425e-03
Epoch: 15	Train loss: 6.303e-03	Val loss: 3.577e-03
Epoch: 16	Train loss: 5.424e-03	Val loss: 3.758e-03
Epoch: 17	Train loss: 5.663e-03	Val loss: 3.546e-03
Epoch: 18	Train loss: 5.292e-03	Val loss: 4.494e-03
Epoch: 19	Train loss: 4.662e-03	Val loss: 6.229e-03
Epoch: 20	Train loss: 4.403e-03	Val loss: 9.246e-03
Epoch: 21	Train loss: 4.804e-03	Val loss: 5.578e-03
Epoch: 22	Train loss: 4.551e-03	Val loss: 5.902e-03
Epoch: 23	Train loss: 4.323e-03	Val loss: 3.652e-03
Epoch: 24	Train loss: 4.378e-03	Val loss: 4.900e-03
Epoch: 25	Train loss: 3.849e-03	Val loss: 3.716e-03
Epoch: 26	Train loss: 3.672e-03	Val loss: 3.050e-03
Epoch: 27	Train loss: 3.612e-03	Val loss: 2.518e-03
Epoch: 28	Train loss: 3.818e-03	Val loss: 3.847e-03
Epoch: 29	Train loss: 3.796e-03	Val loss: 2.273e-03
Epoch: 30	Train loss: 3.044e-03	Val loss: 1.883e-03
Epoch: 31	Train loss: 3.489e-03	Val loss: 3.303e-03
Epoch: 32	Train loss: 3.269e-03	Val loss: 3.152e-03
Epoch: 33	Train loss: 3.178e-03	Val loss: 1.945e-03
Epoch: 34	Train loss: 3.270e-03	Val loss: 3.072e-03
Epoch: 35	Train loss: 3.107e-03	Val loss: 4.639e-03
Epoch: 36	Train loss: 3.005e-03	Val loss: 2.767e-03
Epoch: 37	Train loss: 3.011e-03	Val loss: 5.011e-03
Epoch: 38	Train loss: 2.976e-03	Val loss: 2.613e-03
Epoch: 39	Train loss: 2.947e-03	Val loss: 1.872e-03
Epoch: 40	Train loss: 2.593e-03	Val loss: 2.932e-03
Epoch: 41	Train loss: 2.755e-03	Val loss: 1.996e-03
Epoch: 42	Train loss: 2.988e-03	Val loss: 5.622e-03
Epoch: 43	Train loss: 2.572e-03	Val loss: 2.472e-03
Epoch: 44	Train loss: 2.945e-03	Val loss: 5.806e-03
Epoch: 45	Train loss: 2.444e-03	Val loss: 1.921e-03
Epoch: 46	Train loss: 2.294e-03	Val loss: 2.322e-03
Epoch: 47	Train loss: 2.428e-03	Val loss: 1.955e-03
Epoch: 48	Train loss: 2.466e-03	Val loss: 4.050e-03
Epoch: 49	Train loss: 2.471e-03	Val loss: 2.252e-03
Epoch: 50	Train loss: 2.263e-03	Val loss: 1.993e-03
Epoch: 51	Train loss: 2.427e-03	Val loss: 2.941e-03
Epoch: 52	Train loss: 2.002e-03	Val loss: 2.360e-03
Epoch: 53	Train loss: 2.407e-03	Val loss: 1.553e-03
Epoch: 54	Train loss: 2.047e-03	Val loss: 2.753e-03
Epoch: 55	Train loss: 2.312e-03	Val loss: 2.836e-03
Epoch: 56	Train loss: 1.993e-03	Val loss: 2.973e-03
Epoch: 57	Train loss: 2.081e-03	Val loss: 1.908e-03
Epoch: 58	Train loss: 2.270e-03	Val loss: 1.723e-03
Epoch: 59	Train loss: 2.239e-03	Val loss: 2.047e-03
Epoch: 60	Train loss: 2.119e-03	Val loss: 1.956e-03
Epoch: 61	Train loss: 1.979e-03	Val loss: 1.741e-03
Epoch: 62	Train loss: 2.004e-03	Val loss: 2.828e-03
Epoch: 63	Train loss: 2.127e-03	Val loss: 1.542e-03
Epoch: 64	Train loss: 1.753e-03	Val loss: 3.599e-03
Epoch: 65	Train loss: 2.112e-03	Val loss: 2.683e-03
Epoch: 66	Train loss: 1.995e-03	Val loss: 3.326e-03
Epoch: 67	Train loss: 1.979e-03	Val loss: 3.490e-03
Epoch: 68	Train loss: 1.855e-03	Val loss: 1.551e-03
Epoch: 69	Train loss: 2.000e-03	Val loss: 2.113e-03
Epoch: 70	Train loss: 1.930e-03	Val loss: 2.585e-03
Epoch: 71	Train loss: 1.967e-03	Val loss: 2.380e-03
Epoch: 72	Train loss: 1.751e-03	Val loss: 5.474e-03
Epoch: 73	Train loss: 1.983e-03	Val loss: 2.162e-03
Epoch: 74	Train loss: 1.838e-03	Val loss: 2.084e-03
Epoch: 75	Train loss: 1.734e-03	Val loss: 2.806e-03
Epoch: 76	Train loss: 1.993e-03	Val loss: 4.232e-03
Epoch: 77	Train loss: 1.688e-03	Val loss: 2.149e-03
Epoch: 78	Train loss: 1.637e-03	Val loss: 2.002e-03
Epoch: 79	Train loss: 1.916e-03	Val loss: 1.372e-03
Epoch: 80	Train loss: 1.677e-03	Val loss: 1.398e-03
Epoch: 81	Train loss: 1.827e-03	Val loss: 2.617e-03
Epoch: 82	Train loss: 1.590e-03	Val loss: 2.433e-03
Epoch: 83	Train loss: 1.942e-03	Val loss: 2.222e-03
Epoch: 84	Train loss: 1.613e-03	Val loss: 2.609e-03
Epoch: 85	Train loss: 1.745e-03	Val loss: 2.081e-03
Epoch: 86	Train loss: 1.570e-03	Val loss: 1.537e-03
Epoch: 87	Train loss: 1.549e-03	Val loss: 1.468e-03
Epoch: 88	Train loss: 1.709e-03	Val loss: 1.371e-03
Epoch: 89	Train loss: 1.600e-03	Val loss: 1.649e-03
Epoch: 90	Train loss: 1.621e-03	Val loss: 1.611e-03
Epoch: 91	Train loss: 1.484e-03	Val loss: 1.733e-03
Epoch: 92	Train loss: 1.541e-03	Val loss: 2.030e-03
Epoch: 93	Train loss: 1.679e-03	Val loss: 2.264e-03
Epoch: 94	Train loss: 1.807e-03	Val loss: 1.450e-03
Epoch: 95	Train loss: 1.574e-03	Val loss: 1.425e-03
Epoch: 96	Train loss: 1.442e-03	Val loss: 3.205e-03
Epoch: 97	Train loss: 1.646e-03	Val loss: 6.183e-03
Epoch: 98	Train loss: 1.625e-03	Val loss: 1.524e-03
Epoch: 99	Train loss: 1.543e-03	Val loss: 4.802e-03
Epoch: 100	Train loss: 1.442e-03	Val loss: 2.778e-03
Epoch: 101	Train loss: 1.568e-03	Val loss: 1.639e-03
Epoch: 102	Train loss: 1.371e-03	Val loss: 1.439e-03
Epoch: 103	Train loss: 2.015e-03	Val loss: 1.143e-03
Epoch: 104	Train loss: 1.456e-03	Val loss: 2.539e-03
Epoch: 105	Train loss: 1.407e-03	Val loss: 1.565e-03
Epoch: 106	Train loss: 1.407e-03	Val loss: 2.187e-03
Epoch: 107	Train loss: 1.636e-03	Val loss: 2.164e-03
Epoch: 108	Train loss: 1.352e-03	Val loss: 6.982e-03
Epoch: 109	Train loss: 1.703e-03	Val loss: 1.859e-03
Epoch: 110	Train loss: 1.351e-03	Val loss: 2.149e-03
Epoch: 111	Train loss: 1.531e-03	Val loss: 1.614e-03
Epoch: 112	Train loss: 1.327e-03	Val loss: 5.266e-03
Epoch: 113	Train loss: 1.259e-03	Val loss: 2.236e-03
Epoch: 114	Train loss: 1.487e-03	Val loss: 1.110e-03
Epoch: 115	Train loss: 1.379e-03	Val loss: 2.070e-03
Epoch: 116	Train loss: 1.460e-03	Val loss: 2.109e-03
Epoch: 117	Train loss: 1.423e-03	Val loss: 1.572e-03
Epoch: 118	Train loss: 1.602e-03	Val loss: 2.956e-03
Epoch: 119	Train loss: 1.290e-03	Val loss: 2.035e-03
Epoch: 120	Train loss: 1.380e-03	Val loss: 1.361e-03
Epoch: 121	Train loss: 1.461e-03	Val loss: 3.180e-03
Epoch: 122	Train loss: 1.291e-03	Val loss: 1.509e-03
Epoch: 123	Train loss: 1.457e-03	Val loss: 1.947e-03
Epoch: 124	Train loss: 1.166e-03	Val loss: 2.136e-03
Epoch: 125	Train loss: 1.378e-03	Val loss: 3.426e-03
Epoch: 126	Train loss: 1.392e-03	Val loss: 1.472e-03
Epoch: 127	Train loss: 1.212e-03	Val loss: 1.828e-03
Epoch: 128	Train loss: 1.390e-03	Val loss: 1.525e-03
Epoch: 129	Train loss: 1.500e-03	Val loss: 2.163e-03
Epoch: 130	Train loss: 1.200e-03	Val loss: 1.802e-03
Epoch: 131	Train loss: 1.266e-03	Val loss: 3.858e-03
Epoch: 132	Train loss: 1.295e-03	Val loss: 2.003e-03
Epoch: 133	Train loss: 1.349e-03	Val loss: 1.867e-03
Epoch: 134	Train loss: 1.329e-03	Val loss: 2.988e-03
Epoch: 135	Train loss: 1.351e-03	Val loss: 2.077e-03
Epoch: 136	Train loss: 1.321e-03	Val loss: 2.524e-03
Epoch: 137	Train loss: 1.243e-03	Val loss: 2.432e-03
Epoch: 138	Train loss: 1.310e-03	Val loss: 2.021e-03
Epoch: 139	Train loss: 1.200e-03	Val loss: 2.434e-03
Epoch: 140	Train loss: 1.333e-03	Val loss: 4.277e-03
Epoch: 141	Train loss: 1.144e-03	Val loss: 2.045e-03
Epoch: 142	Train loss: 1.248e-03	Val loss: 1.372e-03
Epoch: 143	Train loss: 1.242e-03	Val loss: 1.812e-03
Epoch: 144	Train loss: 1.286e-03	Val loss: 1.345e-03
Early stopping triggered after 144 epochs.
Test MAE: 20.552
