Tue Dec  3 19:12:23 2024       
+-----------------------------------------------------------------------------------------+
| NVIDIA-SMI 565.57.01              Driver Version: 565.57.01      CUDA Version: 12.7     |
|-----------------------------------------+------------------------+----------------------+
| GPU  Name                 Persistence-M | Bus-Id          Disp.A | Volatile Uncorr. ECC |
| Fan  Temp   Perf          Pwr:Usage/Cap |           Memory-Usage | GPU-Util  Compute M. |
|                                         |                        |               MIG M. |
|=========================================+========================+======================|
|   0  Tesla V100-PCIE-32GB           On  |   00000000:58:00.0 Off |                    0 |
| N/A   35C    P0             26W /  250W |       1MiB /  32768MiB |      0%   E. Process |
|                                         |                        |                  N/A |
+-----------------------------------------+------------------------+----------------------+
                                                                                         
+-----------------------------------------------------------------------------------------+
| Processes:                                                                              |
|  GPU   GI   CI        PID   Type   Process name                              GPU Memory |
|        ID   ID                                                               Usage      |
|=========================================================================================|
|  No running processes found                                                             |
+-----------------------------------------------------------------------------------------+
cuda
Tesla V100-PCIE-32GB
Epoch: 1	TL: 2.692e-01	VL: 5.307e-02	LR:0.0005
Epoch: 2	TL: 3.568e-02	VL: 1.862e-02	LR:0.0005
Epoch: 3	TL: 2.045e-02	VL: 1.593e-02	LR:0.0005
Epoch: 4	TL: 1.461e-02	VL: 9.279e-03	LR:0.0005
Epoch: 5	TL: 1.266e-02	VL: 1.186e-02	LR:0.0005
Epoch: 6	TL: 1.180e-02	VL: 7.902e-03	LR:0.0005
Epoch: 7	TL: 9.991e-03	VL: 8.728e-03	LR:0.0005
Epoch: 8	TL: 9.807e-03	VL: 7.806e-03	LR:0.0005
Epoch: 9	TL: 8.397e-03	VL: 1.366e-02	LR:0.0005
Epoch: 10	TL: 7.396e-03	VL: 6.717e-03	LR:0.0005
Epoch: 11	TL: 7.118e-03	VL: 4.545e-03	LR:0.0005
Epoch: 12	TL: 6.992e-03	VL: 8.082e-03	LR:0.0005
Epoch: 13	TL: 5.916e-03	VL: 6.658e-03	LR:0.0005
Epoch: 14	TL: 6.306e-03	VL: 5.572e-03	LR:0.0005
Epoch: 15	TL: 5.286e-03	VL: 6.572e-03	LR:0.0005
Epoch: 16	TL: 5.463e-03	VL: 4.097e-03	LR:0.0005
Epoch: 17	TL: 5.039e-03	VL: 7.357e-03	LR:0.0005
Epoch: 18	TL: 4.617e-03	VL: 4.885e-03	LR:0.0005
Epoch: 19	TL: 4.235e-03	VL: 2.992e-03	LR:0.0005
Epoch: 20	TL: 3.986e-03	VL: 7.819e-03	LR:0.0005
Epoch: 21	TL: 4.409e-03	VL: 4.118e-03	LR:0.0005
Epoch: 22	TL: 4.028e-03	VL: 2.632e-03	LR:0.0005
Epoch: 23	TL: 3.800e-03	VL: 3.640e-03	LR:0.0005
Epoch: 24	TL: 3.562e-03	VL: 2.446e-03	LR:0.0005
Epoch: 25	TL: 3.714e-03	VL: 2.826e-03	LR:0.0005
Epoch: 26	TL: 3.441e-03	VL: 1.275e-02	LR:0.0005
Epoch: 27	TL: 3.284e-03	VL: 2.591e-03	LR:0.0005
Epoch: 28	TL: 3.121e-03	VL: 3.046e-03	LR:0.0005
Epoch: 29	TL: 3.259e-03	VL: 2.154e-03	LR:0.0005
Epoch: 30	TL: 2.830e-03	VL: 2.353e-03	LR:0.0005
Epoch: 31	TL: 3.155e-03	VL: 2.512e-03	LR:0.0005
Epoch: 32	TL: 2.749e-03	VL: 2.616e-03	LR:0.0005
Epoch: 33	TL: 2.898e-03	VL: 4.323e-03	LR:0.0005
Epoch: 34	TL: 2.664e-03	VL: 3.436e-03	LR:0.0005
Epoch: 35	TL: 2.575e-03	VL: 6.754e-03	LR:0.0005
Epoch: 36	TL: 2.533e-03	VL: 2.810e-03	LR:0.0005
Epoch: 37	TL: 2.858e-03	VL: 2.496e-03	LR:0.0005
Epoch: 38	TL: 2.389e-03	VL: 2.476e-03	LR:0.0005
Epoch: 39	TL: 2.509e-03	VL: 2.547e-03	LR:0.0005
Epoch: 40	TL: 2.313e-03	VL: 2.673e-03	LR:0.0005
Epoch: 41	TL: 2.375e-03	VL: 2.492e-03	LR:0.0005
Epoch: 42	TL: 2.428e-03	VL: 1.925e-03	LR:0.0005
Epoch: 43	TL: 2.346e-03	VL: 3.753e-03	LR:0.0005
Epoch: 44	TL: 2.160e-03	VL: 2.546e-03	LR:0.0005
Epoch: 45	TL: 2.286e-03	VL: 2.096e-03	LR:0.0005
Epoch: 46	TL: 1.974e-03	VL: 2.101e-03	LR:0.0005
Epoch: 47	TL: 2.269e-03	VL: 1.474e-03	LR:0.0005
Epoch: 48	TL: 2.042e-03	VL: 2.804e-03	LR:0.0005
Epoch: 49	TL: 2.104e-03	VL: 2.787e-03	LR:0.0005
Epoch: 50	TL: 1.934e-03	VL: 1.404e-03	LR:0.0005
Epoch: 51	TL: 1.944e-03	VL: 4.138e-03	LR:0.0005
Epoch: 52	TL: 2.152e-03	VL: 1.811e-03	LR:0.0005
Epoch: 53	TL: 1.844e-03	VL: 5.668e-03	LR:0.0005
Epoch: 54	TL: 1.745e-03	VL: 1.902e-03	LR:0.0005
Epoch: 55	TL: 1.934e-03	VL: 1.723e-03	LR:0.0005
Epoch: 56	TL: 1.967e-03	VL: 1.423e-03	LR:0.0005
Epoch: 57	TL: 1.771e-03	VL: 1.490e-03	LR:0.0005
Epoch: 58	TL: 1.780e-03	VL: 2.120e-03	LR:0.0005
Epoch: 59	TL: 1.909e-03	VL: 1.721e-03	LR:0.0005
Epoch: 60	TL: 1.784e-03	VL: 1.788e-03	LR:0.0005
Epoch: 61	TL: 1.612e-03	VL: 2.116e-03	LR:0.0005
Epoch: 62	TL: 1.637e-03	VL: 2.704e-03	LR:0.0005
Epoch: 63	TL: 1.898e-03	VL: 1.861e-03	LR:0.0005
Epoch: 64	TL: 1.584e-03	VL: 1.603e-03	LR:0.0005
Epoch: 65	TL: 1.824e-03	VL: 5.356e-03	LR:0.0005
Epoch: 66	TL: 1.644e-03	VL: 1.410e-03	LR:0.0005
Epoch: 67	TL: 1.774e-03	VL: 1.986e-03	LR:0.0005
Epoch: 68	TL: 1.617e-03	VL: 3.215e-03	LR:0.0005
Epoch: 69	TL: 1.587e-03	VL: 2.243e-03	LR:0.0005
Epoch: 70	TL: 1.641e-03	VL: 2.157e-03	LR:0.00025
Epoch: 71	TL: 6.461e-04	VL: 1.081e-03	LR:0.00025
Epoch: 72	TL: 7.008e-04	VL: 1.755e-03	LR:0.00025
Epoch: 73	TL: 7.830e-04	VL: 1.152e-03	LR:0.00025
Epoch: 74	TL: 7.556e-04	VL: 1.427e-03	LR:0.00025
Epoch: 75	TL: 7.552e-04	VL: 1.008e-03	LR:0.00025
Epoch: 76	TL: 7.363e-04	VL: 1.157e-03	LR:0.00025
Epoch: 77	TL: 7.511e-04	VL: 1.124e-03	LR:0.00025
Epoch: 78	TL: 7.538e-04	VL: 1.280e-03	LR:0.00025
Epoch: 79	TL: 7.119e-04	VL: 9.931e-04	LR:0.00025
Epoch: 80	TL: 7.235e-04	VL: 1.256e-03	LR:0.00025
Epoch: 81	TL: 7.413e-04	VL: 1.083e-03	LR:0.00025
Epoch: 82	TL: 6.435e-04	VL: 9.330e-04	LR:0.00025
Epoch: 83	TL: 7.332e-04	VL: 1.277e-03	LR:0.00025
Epoch: 84	TL: 6.583e-04	VL: 1.005e-03	LR:0.00025
Epoch: 85	TL: 7.287e-04	VL: 1.607e-03	LR:0.00025
Epoch: 86	TL: 6.573e-04	VL: 1.034e-03	LR:0.00025
Epoch: 87	TL: 6.366e-04	VL: 1.067e-03	LR:0.00025
Epoch: 88	TL: 6.811e-04	VL: 1.057e-03	LR:0.00025
Epoch: 89	TL: 6.755e-04	VL: 2.395e-03	LR:0.00025
Epoch: 90	TL: 6.588e-04	VL: 1.081e-03	LR:0.00025
Epoch: 91	TL: 6.326e-04	VL: 9.197e-04	LR:0.00025
Epoch: 92	TL: 6.645e-04	VL: 1.119e-03	LR:0.00025
Epoch: 93	TL: 6.280e-04	VL: 1.197e-03	LR:0.00025
Epoch: 94	TL: 6.418e-04	VL: 1.172e-03	LR:0.00025
Epoch: 95	TL: 6.471e-04	VL: 1.217e-03	LR:0.00025
Epoch: 96	TL: 6.681e-04	VL: 1.019e-03	LR:0.00025
Epoch: 97	TL: 6.378e-04	VL: 1.026e-03	LR:0.00025
Epoch: 98	TL: 5.939e-04	VL: 1.161e-03	LR:0.00025
Epoch: 99	TL: 6.651e-04	VL: 1.124e-03	LR:0.00025
Epoch: 100	TL: 5.885e-04	VL: 1.195e-03	LR:0.00025
Epoch: 101	TL: 7.209e-04	VL: 1.204e-03	LR:0.00025
Epoch: 102	TL: 5.695e-04	VL: 1.050e-03	LR:0.00025
Epoch: 103	TL: 6.059e-04	VL: 9.918e-04	LR:0.00025
Epoch: 104	TL: 5.901e-04	VL: 9.427e-04	LR:0.00025
Epoch: 105	TL: 5.841e-04	VL: 1.017e-03	LR:0.00025
Epoch: 106	TL: 6.198e-04	VL: 1.204e-03	LR:0.00025
Epoch: 107	TL: 5.980e-04	VL: 1.004e-03	LR:0.00025
Epoch: 108	TL: 5.767e-04	VL: 1.270e-03	LR:0.00025
Epoch: 109	TL: 6.484e-04	VL: 1.062e-03	LR:0.00025
Epoch: 110	TL: 5.715e-04	VL: 8.941e-04	LR:0.00025
Epoch: 111	TL: 5.848e-04	VL: 1.306e-03	LR:0.00025
Epoch: 112	TL: 6.256e-04	VL: 1.012e-03	LR:0.00025
Epoch: 113	TL: 5.803e-04	VL: 1.099e-03	LR:0.00025
Epoch: 114	TL: 5.601e-04	VL: 9.511e-04	LR:0.00025
Epoch: 115	TL: 5.837e-04	VL: 1.050e-03	LR:0.00025
Epoch: 116	TL: 5.847e-04	VL: 1.033e-03	LR:0.00025
Epoch: 117	TL: 5.598e-04	VL: 1.627e-03	LR:0.00025
Epoch: 118	TL: 5.908e-04	VL: 9.212e-04	LR:0.00025
Epoch: 119	TL: 6.039e-04	VL: 1.303e-03	LR:0.00025
Epoch: 120	TL: 5.896e-04	VL: 1.059e-03	LR:0.00025
Epoch: 121	TL: 6.041e-04	VL: 1.006e-03	LR:0.00025
Epoch: 122	TL: 5.583e-04	VL: 1.859e-03	LR:0.000125
Epoch: 123	TL: 2.723e-04	VL: 7.859e-04	LR:0.000125
Epoch: 124	TL: 3.042e-04	VL: 9.040e-04	LR:0.000125
Epoch: 125	TL: 3.216e-04	VL: 8.230e-04	LR:0.000125
Epoch: 126	TL: 3.085e-04	VL: 8.175e-04	LR:0.000125
Epoch: 127	TL: 3.094e-04	VL: 1.225e-03	LR:0.000125
Epoch: 128	TL: 3.091e-04	VL: 7.677e-04	LR:0.000125
Epoch: 129	TL: 2.988e-04	VL: 8.674e-04	LR:0.000125
Epoch: 130	TL: 3.145e-04	VL: 7.786e-04	LR:0.000125
Epoch: 131	TL: 2.981e-04	VL: 7.458e-04	LR:0.000125
Epoch: 132	TL: 2.899e-04	VL: 8.108e-04	LR:0.000125
Epoch: 133	TL: 3.028e-04	VL: 8.231e-04	LR:0.000125
Epoch: 134	TL: 3.078e-04	VL: 7.699e-04	LR:0.000125
Epoch: 135	TL: 2.823e-04	VL: 1.022e-03	LR:0.000125
Epoch: 136	TL: 3.005e-04	VL: 8.820e-04	LR:0.000125
Epoch: 137	TL: 2.884e-04	VL: 8.056e-04	LR:0.000125
Epoch: 138	TL: 2.941e-04	VL: 7.813e-04	LR:0.000125
Epoch: 139	TL: 2.930e-04	VL: 7.619e-04	LR:0.000125
Epoch: 140	TL: 2.892e-04	VL: 7.416e-04	LR:0.000125
Epoch: 141	TL: 2.918e-04	VL: 8.698e-04	LR:0.000125
Epoch: 142	TL: 2.887e-04	VL: 7.925e-04	LR:0.000125
Epoch: 143	TL: 2.913e-04	VL: 7.597e-04	LR:0.000125
Epoch: 144	TL: 2.936e-04	VL: 8.458e-04	LR:0.000125
Epoch: 145	TL: 2.797e-04	VL: 8.378e-04	LR:0.000125
Epoch: 146	TL: 2.867e-04	VL: 8.242e-04	LR:0.000125
Epoch: 147	TL: 2.827e-04	VL: 7.789e-04	LR:0.000125
Epoch: 148	TL: 2.733e-04	VL: 7.793e-04	LR:0.000125
Epoch: 149	TL: 2.851e-04	VL: 7.574e-04	LR:0.000125
Epoch: 150	TL: 2.728e-04	VL: 7.632e-04	LR:0.000125
Epoch: 151	TL: 2.902e-04	VL: 8.509e-04	LR:0.000125
Epoch: 152	TL: 2.646e-04	VL: 7.799e-04	LR:0.000125
Epoch: 153	TL: 2.814e-04	VL: 7.936e-04	LR:0.000125
Epoch: 154	TL: 2.733e-04	VL: 8.562e-04	LR:0.000125
Epoch: 155	TL: 2.788e-04	VL: 7.574e-04	LR:0.000125
Epoch: 156	TL: 2.646e-04	VL: 7.686e-04	LR:0.000125
Epoch: 157	TL: 2.716e-04	VL: 8.572e-04	LR:0.000125
Epoch: 158	TL: 2.692e-04	VL: 7.793e-04	LR:0.000125
Epoch: 159	TL: 2.671e-04	VL: 7.709e-04	LR:0.000125
Epoch: 160	TL: 2.664e-04	VL: 6.971e-04	LR:0.000125
Epoch: 161	TL: 2.561e-04	VL: 7.519e-04	LR:0.000125
Epoch: 162	TL: 2.750e-04	VL: 8.104e-04	LR:0.000125
Epoch: 163	TL: 2.706e-04	VL: 8.273e-04	LR:0.000125
Epoch: 164	TL: 2.636e-04	VL: 7.114e-04	LR:0.000125
Epoch: 165	TL: 2.624e-04	VL: 7.321e-04	LR:0.000125
Epoch: 166	TL: 2.701e-04	VL: 7.617e-04	LR:0.000125
Epoch: 167	TL: 2.520e-04	VL: 7.452e-04	LR:0.000125
Epoch: 168	TL: 2.682e-04	VL: 7.476e-04	LR:0.000125
Epoch: 169	TL: 2.679e-04	VL: 7.782e-04	LR:0.000125
Epoch: 170	TL: 2.560e-04	VL: 8.105e-04	LR:0.000125
Epoch: 171	TL: 2.600e-04	VL: 7.570e-04	LR:0.000125
Epoch: 172	TL: 2.621e-04	VL: 7.957e-04	LR:0.000125
Epoch: 173	TL: 2.631e-04	VL: 7.432e-04	LR:0.000125
Epoch: 174	TL: 2.615e-04	VL: 7.677e-04	LR:0.000125
Epoch: 175	TL: 2.667e-04	VL: 7.399e-04	LR:0.000125
Epoch: 176	TL: 2.475e-04	VL: 9.278e-04	LR:0.000125
Epoch: 177	TL: 2.705e-04	VL: 7.271e-04	LR:0.000125
Epoch: 178	TL: 2.540e-04	VL: 9.059e-04	LR:0.000125
Epoch: 179	TL: 2.575e-04	VL: 7.927e-04	LR:0.000125
Epoch: 180	TL: 2.521e-04	VL: 8.363e-04	LR:0.000125
Epoch: 181	TL: 2.577e-04	VL: 7.159e-04	LR:6.25e-05
Epoch: 182	TL: 1.563e-04	VL: 6.747e-04	LR:6.25e-05
Epoch: 183	TL: 1.664e-04	VL: 6.901e-04	LR:6.25e-05
Epoch: 184	TL: 1.647e-04	VL: 6.929e-04	LR:6.25e-05
Epoch: 185	TL: 1.707e-04	VL: 7.016e-04	LR:6.25e-05
Epoch: 186	TL: 1.662e-04	VL: 7.504e-04	LR:6.25e-05
Epoch: 187	TL: 1.648e-04	VL: 6.902e-04	LR:6.25e-05
Epoch: 188	TL: 1.695e-04	VL: 6.821e-04	LR:6.25e-05
Epoch: 189	TL: 1.642e-04	VL: 7.069e-04	LR:6.25e-05
Epoch: 190	TL: 1.641e-04	VL: 6.863e-04	LR:6.25e-05
Epoch: 191	TL: 1.699e-04	VL: 6.924e-04	LR:6.25e-05
Epoch: 192	TL: 1.626e-04	VL: 6.830e-04	LR:6.25e-05
Epoch: 193	TL: 1.712e-04	VL: 6.908e-04	LR:6.25e-05
Epoch: 194	TL: 1.656e-04	VL: 6.752e-04	LR:6.25e-05
Epoch: 195	TL: 1.597e-04	VL: 7.340e-04	LR:6.25e-05
Epoch: 196	TL: 1.639e-04	VL: 7.011e-04	LR:6.25e-05
Epoch: 197	TL: 1.621e-04	VL: 6.620e-04	LR:6.25e-05
Epoch: 198	TL: 1.595e-04	VL: 7.006e-04	LR:6.25e-05
Epoch: 199	TL: 1.618e-04	VL: 6.901e-04	LR:6.25e-05
Epoch: 200	TL: 1.629e-04	VL: 6.740e-04	LR:6.25e-05
Epoch: 201	TL: 1.624e-04	VL: 7.016e-04	LR:6.25e-05
Epoch: 202	TL: 1.543e-04	VL: 6.718e-04	LR:6.25e-05
Epoch: 203	TL: 1.566e-04	VL: 7.317e-04	LR:6.25e-05
Epoch: 204	TL: 1.574e-04	VL: 7.034e-04	LR:6.25e-05
Epoch: 205	TL: 1.612e-04	VL: 6.818e-04	LR:6.25e-05
Epoch: 206	TL: 1.568e-04	VL: 6.848e-04	LR:6.25e-05
Epoch: 207	TL: 1.520e-04	VL: 7.020e-04	LR:6.25e-05
Epoch: 208	TL: 1.607e-04	VL: 7.848e-04	LR:6.25e-05
Epoch: 209	TL: 1.602e-04	VL: 7.201e-04	LR:6.25e-05
Epoch: 210	TL: 1.568e-04	VL: 7.299e-04	LR:6.25e-05
Epoch: 211	TL: 1.521e-04	VL: 6.845e-04	LR:6.25e-05
Epoch: 212	TL: 1.568e-04	VL: 6.769e-04	LR:3.125e-05
Epoch: 213	TL: 1.191e-04	VL: 6.652e-04	LR:3.125e-05
Epoch: 214	TL: 1.217e-04	VL: 6.636e-04	LR:3.125e-05
Epoch: 215	TL: 1.224e-04	VL: 6.795e-04	LR:3.125e-05
Epoch: 216	TL: 1.227e-04	VL: 6.687e-04	LR:3.125e-05
Epoch: 217	TL: 1.215e-04	VL: 6.787e-04	LR:3.125e-05
Epoch: 218	TL: 1.223e-04	VL: 6.712e-04	LR:3.125e-05
Epoch: 219	TL: 1.213e-04	VL: 6.850e-04	LR:3.125e-05
Epoch: 220	TL: 1.201e-04	VL: 7.127e-04	LR:3.125e-05
Epoch: 221	TL: 1.203e-04	VL: 6.597e-04	LR:3.125e-05
Epoch: 222	TL: 1.227e-04	VL: 6.660e-04	LR:3.125e-05
Epoch: 223	TL: 1.197e-04	VL: 6.695e-04	LR:3.125e-05
Epoch: 224	TL: 1.205e-04	VL: 6.644e-04	LR:3.125e-05
Epoch: 225	TL: 1.203e-04	VL: 6.732e-04	LR:3.125e-05
Epoch: 226	TL: 1.207e-04	VL: 6.582e-04	LR:3.125e-05
Epoch: 227	TL: 1.184e-04	VL: 6.689e-04	LR:3.125e-05
Epoch: 228	TL: 1.179e-04	VL: 6.591e-04	LR:3.125e-05
Epoch: 229	TL: 1.211e-04	VL: 6.701e-04	LR:3.125e-05
Epoch: 230	TL: 1.174e-04	VL: 6.633e-04	LR:3.125e-05
Epoch: 231	TL: 1.173e-04	VL: 6.622e-04	LR:3.125e-05
Epoch: 232	TL: 1.207e-04	VL: 6.803e-04	LR:3.125e-05
Epoch: 233	TL: 1.158e-04	VL: 6.713e-04	LR:3.125e-05
Epoch: 234	TL: 1.177e-04	VL: 6.889e-04	LR:3.125e-05
Epoch: 235	TL: 1.192e-04	VL: 6.615e-04	LR:3.125e-05
Epoch: 236	TL: 1.162e-04	VL: 6.774e-04	LR:3.125e-05
Epoch: 237	TL: 1.172e-04	VL: 6.743e-04	LR:1.5625e-05
Epoch: 238	TL: 1.011e-04	VL: 6.610e-04	LR:1.5625e-05
Epoch: 239	TL: 1.021e-04	VL: 6.567e-04	LR:1.5625e-05
Epoch: 240	TL: 1.032e-04	VL: 6.598e-04	LR:1.5625e-05
Epoch: 241	TL: 1.014e-04	VL: 6.563e-04	LR:1.5625e-05
Epoch: 242	TL: 1.013e-04	VL: 6.600e-04	LR:1.5625e-05
Epoch: 243	TL: 1.020e-04	VL: 6.598e-04	LR:1.5625e-05
Epoch: 244	TL: 1.014e-04	VL: 6.626e-04	LR:1.5625e-05
Epoch: 245	TL: 1.022e-04	VL: 6.728e-04	LR:1.5625e-05
Epoch: 246	TL: 1.018e-04	VL: 6.524e-04	LR:1.5625e-05
Epoch: 247	TL: 1.015e-04	VL: 6.534e-04	LR:1.5625e-05
Epoch: 248	TL: 1.010e-04	VL: 6.545e-04	LR:1.5625e-05
Epoch: 249	TL: 9.986e-05	VL: 6.691e-04	LR:1.5625e-05
Epoch: 250	TL: 1.011e-04	VL: 6.631e-04	LR:1.5625e-05
Epoch: 251	TL: 1.005e-04	VL: 6.571e-04	LR:1.5625e-05
Epoch: 252	TL: 1.004e-04	VL: 6.625e-04	LR:1.5625e-05
Epoch: 253	TL: 1.009e-04	VL: 6.583e-04	LR:1.5625e-05
Epoch: 254	TL: 1.006e-04	VL: 6.693e-04	LR:1.5625e-05
Epoch: 255	TL: 1.002e-04	VL: 6.564e-04	LR:1.5625e-05
Epoch: 256	TL: 9.945e-05	VL: 6.669e-04	LR:1.5625e-05
Epoch: 257	TL: 1.009e-04	VL: 6.651e-04	LR:1.5625e-05
Epoch: 258	TL: 1.002e-04	VL: 6.704e-04	LR:1.5625e-05
Epoch: 259	TL: 9.986e-05	VL: 6.590e-04	LR:7.8125e-06
Epoch: 260	TL: 9.098e-05	VL: 6.545e-04	LR:7.8125e-06
Epoch: 261	TL: 9.230e-05	VL: 6.534e-04	LR:7.8125e-06
Epoch: 262	TL: 9.223e-05	VL: 6.549e-04	LR:7.8125e-06
Epoch: 263	TL: 9.271e-05	VL: 6.507e-04	LR:7.8125e-06
Epoch: 264	TL: 9.217e-05	VL: 6.530e-04	LR:7.8125e-06
Epoch: 265	TL: 9.176e-05	VL: 6.565e-04	LR:7.8125e-06
Epoch: 266	TL: 9.225e-05	VL: 6.753e-04	LR:7.8125e-06
Epoch: 267	TL: 9.246e-05	VL: 6.567e-04	LR:7.8125e-06
Epoch: 268	TL: 9.177e-05	VL: 6.522e-04	LR:7.8125e-06
Epoch: 269	TL: 9.216e-05	VL: 6.575e-04	LR:7.8125e-06
Epoch: 270	TL: 9.146e-05	VL: 6.561e-04	LR:7.8125e-06
Epoch: 271	TL: 9.143e-05	VL: 6.502e-04	LR:7.8125e-06
Epoch: 272	TL: 9.254e-05	VL: 6.532e-04	LR:7.8125e-06
Epoch: 273	TL: 9.170e-05	VL: 6.493e-04	LR:7.8125e-06
Epoch: 274	TL: 9.180e-05	VL: 6.542e-04	LR:7.8125e-06
Epoch: 275	TL: 9.117e-05	VL: 6.567e-04	LR:7.8125e-06
Epoch: 276	TL: 9.106e-05	VL: 6.617e-04	LR:7.8125e-06
Epoch: 277	TL: 9.091e-05	VL: 6.543e-04	LR:7.8125e-06
Epoch: 278	TL: 9.090e-05	VL: 6.550e-04	LR:7.8125e-06
Epoch: 279	TL: 9.126e-05	VL: 6.573e-04	LR:7.8125e-06
Epoch: 280	TL: 9.201e-05	VL: 6.553e-04	LR:3.90625e-06
Epoch: 281	TL: 8.714e-05	VL: 6.595e-04	LR:3.90625e-06
Epoch: 282	TL: 8.738e-05	VL: 6.514e-04	LR:3.90625e-06
Epoch: 283	TL: 8.729e-05	VL: 6.512e-04	LR:3.90625e-06
Epoch: 284	TL: 8.717e-05	VL: 6.523e-04	LR:3.90625e-06
Epoch: 285	TL: 8.723e-05	VL: 6.533e-04	LR:3.90625e-06
Epoch: 286	TL: 8.744e-05	VL: 6.507e-04	LR:3.90625e-06
Epoch: 287	TL: 8.723e-05	VL: 6.552e-04	LR:3.90625e-06
Epoch: 288	TL: 8.722e-05	VL: 6.516e-04	LR:3.90625e-06
Epoch: 289	TL: 8.718e-05	VL: 6.518e-04	LR:3.90625e-06
Epoch: 290	TL: 8.696e-05	VL: 6.494e-04	LR:3.90625e-06
Epoch: 291	TL: 8.702e-05	VL: 6.510e-04	LR:3.90625e-06
Epoch: 292	TL: 8.707e-05	VL: 6.523e-04	LR:3.90625e-06
Epoch: 293	TL: 8.702e-05	VL: 6.525e-04	LR:3.90625e-06
Epoch: 294	TL: 8.713e-05	VL: 6.547e-04	LR:3.90625e-06
Epoch: 295	TL: 8.650e-05	VL: 6.504e-04	LR:3.90625e-06
Epoch: 296	TL: 8.712e-05	VL: 6.580e-04	LR:3.90625e-06
Epoch: 297	TL: 8.674e-05	VL: 6.538e-04	LR:3.90625e-06
Epoch: 298	TL: 8.674e-05	VL: 6.529e-04	LR:3.90625e-06
Epoch: 299	TL: 8.693e-05	VL: 6.548e-04	LR:3.90625e-06
Epoch: 300	TL: 8.662e-05	VL: 6.529e-04	LR:3.90625e-06
Epoch: 301	TL: 8.708e-05	VL: 6.530e-04	LR:1.953125e-06
Epoch: 302	TL: 8.444e-05	VL: 6.501e-04	LR:1.953125e-06
Epoch: 303	TL: 8.470e-05	VL: 6.521e-04	LR:1.953125e-06
Epoch: 304	TL: 8.444e-05	VL: 6.510e-04	LR:1.953125e-06
Epoch: 305	TL: 8.451e-05	VL: 6.509e-04	LR:1.953125e-06
Epoch: 306	TL: 8.457e-05	VL: 6.529e-04	LR:1.953125e-06
Epoch: 307	TL: 8.453e-05	VL: 6.500e-04	LR:1.953125e-06
Epoch: 308	TL: 8.453e-05	VL: 6.491e-04	LR:1.953125e-06
Epoch: 309	TL: 8.456e-05	VL: 6.510e-04	LR:1.953125e-06
Epoch: 310	TL: 8.453e-05	VL: 6.511e-04	LR:1.953125e-06
Epoch: 311	TL: 8.454e-05	VL: 6.490e-04	LR:1.953125e-06
Epoch: 312	TL: 8.426e-05	VL: 6.506e-04	LR:1.953125e-06
Epoch: 313	TL: 8.458e-05	VL: 6.500e-04	LR:1.953125e-06
Epoch: 314	TL: 8.443e-05	VL: 6.502e-04	LR:1.953125e-06
Epoch: 315	TL: 8.428e-05	VL: 6.503e-04	LR:1.953125e-06
Epoch: 316	TL: 8.442e-05	VL: 6.503e-04	LR:1.953125e-06
Epoch: 317	TL: 8.439e-05	VL: 6.510e-04	LR:1.953125e-06
Epoch: 318	TL: 8.419e-05	VL: 6.489e-04	LR:1.953125e-06
Epoch: 319	TL: 8.434e-05	VL: 6.517e-04	LR:1.953125e-06
Epoch: 320	TL: 8.439e-05	VL: 6.490e-04	LR:1.953125e-06
Epoch: 321	TL: 8.413e-05	VL: 6.526e-04	LR:1.953125e-06
Epoch: 322	TL: 8.441e-05	VL: 6.494e-04	LR:1.953125e-06
Epoch: 323	TL: 8.438e-05	VL: 6.517e-04	LR:1.953125e-06
Epoch: 324	TL: 8.426e-05	VL: 6.523e-04	LR:1.953125e-06
Epoch: 325	TL: 8.422e-05	VL: 6.508e-04	LR:1.953125e-06
Epoch: 326	TL: 8.414e-05	VL: 6.510e-04	LR:9.765625e-07
Epoch: 327	TL: 8.313e-05	VL: 6.499e-04	LR:9.765625e-07
Epoch: 328	TL: 8.311e-05	VL: 6.494e-04	LR:9.765625e-07
Epoch: 329	TL: 8.305e-05	VL: 6.499e-04	LR:9.765625e-07
Epoch: 330	TL: 8.317e-05	VL: 6.507e-04	LR:9.765625e-07
Epoch: 331	TL: 8.306e-05	VL: 6.491e-04	LR:9.765625e-07
Epoch: 332	TL: 8.306e-05	VL: 6.504e-04	LR:9.765625e-07
Epoch: 333	TL: 8.299e-05	VL: 6.507e-04	LR:9.765625e-07
Epoch: 334	TL: 8.322e-05	VL: 6.499e-04	LR:9.765625e-07
Epoch: 335	TL: 8.300e-05	VL: 6.507e-04	LR:9.765625e-07
Epoch: 336	TL: 8.312e-05	VL: 6.491e-04	LR:9.765625e-07
Epoch: 337	TL: 8.296e-05	VL: 6.496e-04	LR:9.765625e-07
Epoch: 338	TL: 8.294e-05	VL: 6.511e-04	LR:9.765625e-07
Epoch: 339	TL: 8.301e-05	VL: 6.500e-04	LR:9.765625e-07
Epoch: 340	TL: 8.304e-05	VL: 6.500e-04	LR:9.765625e-07
Epoch: 341	TL: 8.298e-05	VL: 6.489e-04	LR:9.765625e-07
Epoch: 342	TL: 8.305e-05	VL: 6.513e-04	LR:9.765625e-07
Epoch: 343	TL: 8.303e-05	VL: 6.489e-04	LR:9.765625e-07
Epoch: 344	TL: 8.291e-05	VL: 6.507e-04	LR:9.765625e-07
Epoch: 345	TL: 8.297e-05	VL: 6.505e-04	LR:9.765625e-07
Epoch: 346	TL: 8.297e-05	VL: 6.514e-04	LR:9.765625e-07
Epoch: 347	TL: 8.287e-05	VL: 6.487e-04	LR:4.8828125e-07
Epoch: 348	TL: 8.234e-05	VL: 6.501e-04	LR:4.8828125e-07
Epoch: 349	TL: 8.239e-05	VL: 6.503e-04	LR:4.8828125e-07
Epoch: 350	TL: 8.232e-05	VL: 6.491e-04	LR:4.8828125e-07
Epoch: 351	TL: 8.240e-05	VL: 6.485e-04	LR:4.8828125e-07
Epoch: 352	TL: 8.236e-05	VL: 6.489e-04	LR:4.8828125e-07
Epoch: 353	TL: 8.238e-05	VL: 6.491e-04	LR:4.8828125e-07
Epoch: 354	TL: 8.238e-05	VL: 6.484e-04	LR:4.8828125e-07
Epoch: 355	TL: 8.223e-05	VL: 6.491e-04	LR:4.8828125e-07
Epoch: 356	TL: 8.234e-05	VL: 6.499e-04	LR:4.8828125e-07
Epoch: 357	TL: 8.236e-05	VL: 6.499e-04	LR:4.8828125e-07
Epoch: 358	TL: 8.234e-05	VL: 6.491e-04	LR:4.8828125e-07
Epoch: 359	TL: 8.227e-05	VL: 6.487e-04	LR:4.8828125e-07
Epoch: 360	TL: 8.235e-05	VL: 6.502e-04	LR:4.8828125e-07
Epoch: 361	TL: 8.224e-05	VL: 6.493e-04	LR:4.8828125e-07
Epoch: 362	TL: 8.227e-05	VL: 6.493e-04	LR:4.8828125e-07
Epoch: 363	TL: 8.227e-05	VL: 6.495e-04	LR:4.8828125e-07
Epoch: 364	TL: 8.226e-05	VL: 6.499e-04	LR:4.8828125e-07
Epoch: 365	TL: 8.226e-05	VL: 6.495e-04	LR:2.44140625e-07
Epoch: 366	TL: 8.195e-05	VL: 6.480e-04	LR:2.44140625e-07
Epoch: 367	TL: 8.194e-05	VL: 6.488e-04	LR:2.44140625e-07
Epoch: 368	TL: 8.197e-05	VL: 6.490e-04	LR:2.44140625e-07
Epoch: 369	TL: 8.197e-05	VL: 6.485e-04	LR:2.44140625e-07
Epoch: 370	TL: 8.187e-05	VL: 6.487e-04	LR:2.44140625e-07
Epoch: 371	TL: 8.197e-05	VL: 6.494e-04	LR:2.44140625e-07
Epoch: 372	TL: 8.193e-05	VL: 6.486e-04	LR:2.44140625e-07
Epoch: 373	TL: 8.190e-05	VL: 6.488e-04	LR:2.44140625e-07
Epoch: 374	TL: 8.185e-05	VL: 6.496e-04	LR:2.44140625e-07
Epoch: 375	TL: 8.185e-05	VL: 6.492e-04	LR:2.44140625e-07
Epoch: 376	TL: 8.190e-05	VL: 6.489e-04	LR:2.44140625e-07
Epoch: 377	TL: 8.190e-05	VL: 6.480e-04	LR:2.44140625e-07
Epoch: 378	TL: 8.192e-05	VL: 6.485e-04	LR:2.44140625e-07
Epoch: 379	TL: 8.190e-05	VL: 6.488e-04	LR:2.44140625e-07
Epoch: 380	TL: 8.193e-05	VL: 6.489e-04	LR:2.44140625e-07
Epoch: 381	TL: 8.186e-05	VL: 6.489e-04	LR:2.44140625e-07
Epoch: 382	TL: 8.192e-05	VL: 6.490e-04	LR:2.44140625e-07
Epoch: 383	TL: 8.190e-05	VL: 6.497e-04	LR:2.44140625e-07
Epoch: 384	TL: 8.188e-05	VL: 6.493e-04	LR:2.44140625e-07
Epoch: 385	TL: 8.191e-05	VL: 6.484e-04	LR:1.220703125e-07
Epoch: 386	TL: 8.173e-05	VL: 6.489e-04	LR:1.220703125e-07
Epoch: 387	TL: 8.173e-05	VL: 6.498e-04	LR:1.220703125e-07
Epoch: 388	TL: 8.175e-05	VL: 6.492e-04	LR:1.220703125e-07
Epoch: 389	TL: 8.173e-05	VL: 6.490e-04	LR:1.220703125e-07
Epoch: 390	TL: 8.174e-05	VL: 6.480e-04	LR:1.220703125e-07
Epoch: 391	TL: 8.168e-05	VL: 6.492e-04	LR:6.103515625e-08
Epoch: 392	TL: 8.161e-05	VL: 6.487e-04	LR:6.103515625e-08
Epoch: 393	TL: 8.157e-05	VL: 6.494e-04	LR:6.103515625e-08
Epoch: 394	TL: 8.162e-05	VL: 6.493e-04	LR:6.103515625e-08
Epoch: 395	TL: 8.158e-05	VL: 6.494e-04	LR:6.103515625e-08
Epoch: 396	TL: 8.164e-05	VL: 6.491e-04	LR:6.103515625e-08
Epoch: 397	TL: 8.158e-05	VL: 6.496e-04	LR:3.0517578125e-08
Epoch: 398	TL: 8.150e-05	VL: 6.485e-04	LR:3.0517578125e-08
Epoch: 399	TL: 8.153e-05	VL: 6.486e-04	LR:3.0517578125e-08
Epoch: 400	TL: 8.159e-05	VL: 6.489e-04	LR:3.0517578125e-08
Epoch: 401	TL: 8.155e-05	VL: 6.491e-04	LR:3.0517578125e-08
Epoch: 402	TL: 8.160e-05	VL: 6.491e-04	LR:3.0517578125e-08
Epoch: 403	TL: 8.161e-05	VL: 6.487e-04	LR:1.52587890625e-08
Epoch: 404	TL: 8.149e-05	VL: 6.494e-04	LR:1.52587890625e-08
Epoch: 405	TL: 8.146e-05	VL: 6.487e-04	LR:1.52587890625e-08
Epoch: 406	TL: 8.150e-05	VL: 6.488e-04	LR:1.52587890625e-08
Epoch: 407	TL: 8.156e-05	VL: 6.489e-04	LR:1.52587890625e-08
Epoch: 408	TL: 8.150e-05	VL: 6.488e-04	LR:1.52587890625e-08
Epoch: 409	TL: 8.151e-05	VL: 6.492e-04	LR:1.52587890625e-08
Epoch: 410	TL: 8.151e-05	VL: 6.491e-04	LR:1.52587890625e-08
Epoch: 411	TL: 8.156e-05	VL: 6.495e-04	LR:1.52587890625e-08
Epoch: 412	TL: 8.153e-05	VL: 6.487e-04	LR:1.52587890625e-08
Epoch: 413	TL: 8.148e-05	VL: 6.488e-04	LR:1.52587890625e-08
Epoch: 414	TL: 8.152e-05	VL: 6.488e-04	LR:1.52587890625e-08
Epoch: 415	TL: 8.145e-05	VL: 6.487e-04	LR:1.52587890625e-08
Epoch: 416	TL: 8.148e-05	VL: 6.487e-04	LR:1.52587890625e-08
Epoch: 417	TL: 8.151e-05	VL: 6.487e-04	LR:1.52587890625e-08
Epoch: 418	TL: 8.150e-05	VL: 6.492e-04	LR:1.52587890625e-08
Epoch: 419	TL: 8.150e-05	VL: 6.486e-04	LR:1.52587890625e-08
Epoch: 420	TL: 8.149e-05	VL: 6.493e-04	LR:1.52587890625e-08
Epoch: 421	TL: 8.149e-05	VL: 6.493e-04	LR:1.52587890625e-08
Epoch: 422	TL: 8.154e-05	VL: 6.487e-04	LR:1.52587890625e-08
Epoch: 423	TL: 8.154e-05	VL: 6.491e-04	LR:1.52587890625e-08
Epoch: 424	TL: 8.154e-05	VL: 6.488e-04	LR:1.52587890625e-08
Epoch: 425	TL: 8.147e-05	VL: 6.489e-04	LR:1.52587890625e-08
Epoch: 426	TL: 8.151e-05	VL: 6.488e-04	LR:1.52587890625e-08
Epoch: 427	TL: 8.153e-05	VL: 6.491e-04	LR:1.52587890625e-08
Epoch: 428	TL: 8.148e-05	VL: 6.487e-04	LR:1.52587890625e-08
Epoch: 429	TL: 8.155e-05	VL: 6.488e-04	LR:1.52587890625e-08
Epoch: 430	TL: 8.153e-05	VL: 6.488e-04	LR:1.52587890625e-08
Epoch: 431	TL: 8.151e-05	VL: 6.490e-04	LR:1.52587890625e-08
Epoch: 432	TL: 8.154e-05	VL: 6.487e-04	LR:1.52587890625e-08
Epoch: 433	TL: 8.151e-05	VL: 6.488e-04	LR:1.52587890625e-08
Epoch: 434	TL: 8.151e-05	VL: 6.487e-04	LR:1.52587890625e-08
Epoch: 435	TL: 8.152e-05	VL: 6.488e-04	LR:1.52587890625e-08
Epoch: 436	TL: 8.152e-05	VL: 6.489e-04	LR:1.52587890625e-08
Epoch: 437	TL: 8.148e-05	VL: 6.487e-04	LR:1.52587890625e-08
Epoch: 438	TL: 8.148e-05	VL: 6.495e-04	LR:1.52587890625e-08
Epoch: 439	TL: 8.153e-05	VL: 6.488e-04	LR:1.52587890625e-08
Epoch: 440	TL: 8.150e-05	VL: 6.491e-04	LR:1.52587890625e-08
Epoch: 441	TL: 8.153e-05	VL: 6.486e-04	LR:1.52587890625e-08
Epoch: 442	TL: 8.153e-05	VL: 6.487e-04	LR:1.52587890625e-08
Epoch: 443	TL: 8.150e-05	VL: 6.487e-04	LR:1.52587890625e-08
Epoch: 444	TL: 8.154e-05	VL: 6.489e-04	LR:1.52587890625e-08
Epoch: 445	TL: 8.148e-05	VL: 6.491e-04	LR:1.52587890625e-08
Epoch: 446	TL: 8.154e-05	VL: 6.486e-04	LR:1.52587890625e-08
Epoch: 447	TL: 8.149e-05	VL: 6.485e-04	LR:1.52587890625e-08
Epoch: 448	TL: 8.152e-05	VL: 6.487e-04	LR:1.52587890625e-08
Epoch: 449	TL: 8.153e-05	VL: 6.489e-04	LR:1.52587890625e-08
Epoch: 450	TL: 8.147e-05	VL: 6.488e-04	LR:1.52587890625e-08
Epoch: 451	TL: 8.156e-05	VL: 6.487e-04	LR:1.52587890625e-08
Epoch: 452	TL: 8.147e-05	VL: 6.486e-04	LR:1.52587890625e-08
Epoch: 453	TL: 8.150e-05	VL: 6.485e-04	LR:1.52587890625e-08
Epoch: 454	TL: 8.151e-05	VL: 6.488e-04	LR:1.52587890625e-08
Epoch: 455	TL: 8.148e-05	VL: 6.488e-04	LR:1.52587890625e-08
Epoch: 456	TL: 8.151e-05	VL: 6.487e-04	LR:1.52587890625e-08
Epoch: 457	TL: 8.149e-05	VL: 6.488e-04	LR:1.52587890625e-08
Epoch: 458	TL: 8.152e-05	VL: 6.489e-04	LR:1.52587890625e-08
Epoch: 459	TL: 8.153e-05	VL: 6.488e-04	LR:1.52587890625e-08
Epoch: 460	TL: 8.148e-05	VL: 6.492e-04	LR:1.52587890625e-08
Epoch: 461	TL: 8.152e-05	VL: 6.485e-04	LR:1.52587890625e-08
Epoch: 462	TL: 8.151e-05	VL: 6.488e-04	LR:1.52587890625e-08
Epoch: 463	TL: 8.154e-05	VL: 6.491e-04	LR:1.52587890625e-08
Epoch: 464	TL: 8.150e-05	VL: 6.492e-04	LR:1.52587890625e-08
Epoch: 465	TL: 8.148e-05	VL: 6.488e-04	LR:1.52587890625e-08
Epoch: 466	TL: 8.156e-05	VL: 6.494e-04	LR:1.52587890625e-08
Epoch: 467	TL: 8.150e-05	VL: 6.487e-04	LR:1.52587890625e-08
Epoch: 468	TL: 8.148e-05	VL: 6.487e-04	LR:1.52587890625e-08
Epoch: 469	TL: 8.146e-05	VL: 6.487e-04	LR:1.52587890625e-08
Epoch: 470	TL: 8.153e-05	VL: 6.489e-04	LR:1.52587890625e-08
Epoch: 471	TL: 8.149e-05	VL: 6.492e-04	LR:1.52587890625e-08
Epoch: 472	TL: 8.149e-05	VL: 6.486e-04	LR:1.52587890625e-08
Epoch: 473	TL: 8.154e-05	VL: 6.487e-04	LR:1.52587890625e-08
Epoch: 474	TL: 8.154e-05	VL: 6.488e-04	LR:1.52587890625e-08
Epoch: 475	TL: 8.151e-05	VL: 6.485e-04	LR:1.52587890625e-08
Epoch: 476	TL: 8.151e-05	VL: 6.486e-04	LR:1.52587890625e-08
Epoch: 477	TL: 8.151e-05	VL: 6.486e-04	LR:1.52587890625e-08
Epoch: 478	TL: 8.149e-05	VL: 6.485e-04	LR:1.52587890625e-08
Epoch: 479	TL: 8.151e-05	VL: 6.486e-04	LR:1.52587890625e-08
Epoch: 480	TL: 8.151e-05	VL: 6.487e-04	LR:1.52587890625e-08
Epoch: 481	TL: 8.152e-05	VL: 6.489e-04	LR:1.52587890625e-08
Epoch: 482	TL: 8.150e-05	VL: 6.487e-04	LR:1.52587890625e-08
Epoch: 483	TL: 8.151e-05	VL: 6.495e-04	LR:1.52587890625e-08
Epoch: 484	TL: 8.147e-05	VL: 6.494e-04	LR:1.52587890625e-08
Epoch: 485	TL: 8.147e-05	VL: 6.493e-04	LR:1.52587890625e-08
Epoch: 486	TL: 8.148e-05	VL: 6.488e-04	LR:1.52587890625e-08
Epoch: 487	TL: 8.148e-05	VL: 6.491e-04	LR:1.52587890625e-08
Epoch: 488	TL: 8.152e-05	VL: 6.488e-04	LR:1.52587890625e-08
Epoch: 489	TL: 8.148e-05	VL: 6.487e-04	LR:1.52587890625e-08
Epoch: 490	TL: 8.148e-05	VL: 6.490e-04	LR:1.52587890625e-08
Epoch: 491	TL: 8.147e-05	VL: 6.493e-04	LR:1.52587890625e-08
Epoch: 492	TL: 8.154e-05	VL: 6.492e-04	LR:1.52587890625e-08
Epoch: 493	TL: 8.149e-05	VL: 6.489e-04	LR:1.52587890625e-08
Epoch: 494	TL: 8.152e-05	VL: 6.494e-04	LR:1.52587890625e-08
Epoch: 495	TL: 8.151e-05	VL: 6.487e-04	LR:1.52587890625e-08
Epoch: 496	TL: 8.151e-05	VL: 6.487e-04	LR:1.52587890625e-08
Epoch: 497	TL: 8.150e-05	VL: 6.492e-04	LR:1.52587890625e-08
Epoch: 498	TL: 8.152e-05	VL: 6.487e-04	LR:1.52587890625e-08
Epoch: 499	TL: 8.148e-05	VL: 6.486e-04	LR:1.52587890625e-08
Epoch: 500	TL: 8.150e-05	VL: 6.494e-04	LR:1.52587890625e-08
Epoch: 501	TL: 8.147e-05	VL: 6.492e-04	LR:1.52587890625e-08
Epoch: 502	TL: 8.149e-05	VL: 6.487e-04	LR:1.52587890625e-08
Epoch: 503	TL: 8.146e-05	VL: 6.494e-04	LR:1.52587890625e-08
Epoch: 504	TL: 8.149e-05	VL: 6.493e-04	LR:1.52587890625e-08
Epoch: 505	TL: 8.151e-05	VL: 6.488e-04	LR:1.52587890625e-08
Epoch: 506	TL: 8.151e-05	VL: 6.493e-04	LR:1.52587890625e-08
Epoch: 507	TL: 8.150e-05	VL: 6.495e-04	LR:1.52587890625e-08
Epoch: 508	TL: 8.151e-05	VL: 6.493e-04	LR:1.52587890625e-08
Epoch: 509	TL: 8.149e-05	VL: 6.488e-04	LR:1.52587890625e-08
Early stopping triggered after 510 epochs.
Test MAE: 11.654
