Tue Dec  3 10:51:59 2024       
+-----------------------------------------------------------------------------------------+
| NVIDIA-SMI 565.57.01              Driver Version: 565.57.01      CUDA Version: 12.7     |
|-----------------------------------------+------------------------+----------------------+
| GPU  Name                 Persistence-M | Bus-Id          Disp.A | Volatile Uncorr. ECC |
| Fan  Temp   Perf          Pwr:Usage/Cap |           Memory-Usage | GPU-Util  Compute M. |
|                                         |                        |               MIG M. |
|=========================================+========================+======================|
|   0  Tesla V100-PCIE-32GB           On  |   00000000:D8:00.0 Off |                    0 |
| N/A   49C    P0             28W /  250W |       1MiB /  32768MiB |      0%   E. Process |
|                                         |                        |                  N/A |
+-----------------------------------------+------------------------+----------------------+
                                                                                         
+-----------------------------------------------------------------------------------------+
| Processes:                                                                              |
|  GPU   GI   CI        PID   Type   Process name                              GPU Memory |
|        ID   ID                                                               Usage      |
|=========================================================================================|
|  No running processes found                                                             |
+-----------------------------------------------------------------------------------------+
cuda
Tesla V100-PCIE-32GB
Epoch: 1	TL: 1.976e-01	VL: 2.938e-02	LR:0.001
Epoch: 2	TL: 2.590e-02	VL: 1.659e-02	LR:0.001
Epoch: 3	TL: 1.829e-02	VL: 1.036e-02	LR:0.001
Epoch: 4	TL: 1.389e-02	VL: 1.088e-02	LR:0.001
Epoch: 5	TL: 1.316e-02	VL: 1.311e-02	LR:0.001
Epoch: 6	TL: 1.149e-02	VL: 1.000e-02	LR:0.001
Epoch: 7	TL: 1.091e-02	VL: 7.697e-03	LR:0.001
Epoch: 8	TL: 8.908e-03	VL: 6.162e-03	LR:0.001
Epoch: 9	TL: 9.044e-03	VL: 7.078e-03	LR:0.001
Epoch: 10	TL: 8.077e-03	VL: 5.102e-03	LR:0.001
Epoch: 11	TL: 7.523e-03	VL: 8.350e-03	LR:0.001
Epoch: 12	TL: 7.168e-03	VL: 6.424e-03	LR:0.001
Epoch: 13	TL: 6.604e-03	VL: 6.895e-03	LR:0.001
Epoch: 14	TL: 6.150e-03	VL: 7.408e-03	LR:0.001
Epoch: 15	TL: 6.121e-03	VL: 4.079e-03	LR:0.001
Epoch: 16	TL: 5.587e-03	VL: 3.321e-03	LR:0.001
Epoch: 17	TL: 5.532e-03	VL: 3.682e-03	LR:0.001
Epoch: 18	TL: 5.399e-03	VL: 5.465e-03	LR:0.001
Epoch: 19	TL: 4.698e-03	VL: 8.996e-03	LR:0.001
Epoch: 20	TL: 4.466e-03	VL: 6.452e-03	LR:0.001
Epoch: 21	TL: 4.735e-03	VL: 4.292e-03	LR:0.001
Epoch: 22	TL: 4.552e-03	VL: 5.818e-03	LR:0.001
Epoch: 23	TL: 4.526e-03	VL: 3.196e-03	LR:0.001
Epoch: 24	TL: 4.063e-03	VL: 4.200e-03	LR:0.001
Epoch: 25	TL: 4.051e-03	VL: 2.824e-03	LR:0.001
Epoch: 26	TL: 3.721e-03	VL: 4.133e-03	LR:0.001
Epoch: 27	TL: 3.596e-03	VL: 4.557e-03	LR:0.001
Epoch: 28	TL: 4.030e-03	VL: 2.878e-03	LR:0.001
Epoch: 29	TL: 3.734e-03	VL: 2.576e-03	LR:0.001
Epoch: 30	TL: 3.124e-03	VL: 3.007e-03	LR:0.001
Epoch: 31	TL: 3.601e-03	VL: 2.549e-03	LR:0.001
Epoch: 32	TL: 3.198e-03	VL: 3.741e-03	LR:0.001
Epoch: 33	TL: 3.137e-03	VL: 2.330e-03	LR:0.001
Epoch: 34	TL: 3.307e-03	VL: 2.969e-03	LR:0.001
Epoch: 35	TL: 3.131e-03	VL: 3.320e-03	LR:0.001
Epoch: 36	TL: 3.109e-03	VL: 4.041e-03	LR:0.001
Epoch: 37	TL: 3.331e-03	VL: 3.071e-03	LR:0.001
Epoch: 38	TL: 2.621e-03	VL: 3.749e-03	LR:0.001
Epoch: 39	TL: 2.881e-03	VL: 2.771e-03	LR:0.001
Epoch: 40	TL: 2.662e-03	VL: 2.295e-03	LR:0.001
Epoch: 41	TL: 3.070e-03	VL: 3.022e-03	LR:0.001
Epoch: 42	TL: 2.454e-03	VL: 2.557e-03	LR:0.001
Epoch: 43	TL: 2.749e-03	VL: 3.195e-03	LR:0.001
Epoch: 44	TL: 2.846e-03	VL: 7.928e-03	LR:0.001
Epoch: 45	TL: 2.509e-03	VL: 2.275e-03	LR:0.001
Epoch: 46	TL: 2.399e-03	VL: 1.938e-03	LR:0.001
Epoch: 47	TL: 2.144e-02	VL: 1.047e-02	LR:0.001
Epoch: 48	TL: 5.079e-03	VL: 3.806e-03	LR:0.001
Epoch: 49	TL: 2.890e-03	VL: 2.650e-03	LR:0.0005
Epoch: 50	TL: 1.588e-03	VL: 1.785e-03	LR:0.0005
Epoch: 51	TL: 1.597e-03	VL: 1.793e-03	LR:0.0005
Epoch: 52	TL: 1.610e-03	VL: 2.007e-03	LR:0.0005
Epoch: 53	TL: 1.539e-03	VL: 2.051e-03	LR:0.0005
Epoch: 54	TL: 1.473e-03	VL: 1.669e-03	LR:0.0005
Epoch: 55	TL: 1.434e-03	VL: 1.950e-03	LR:0.0005
Epoch: 56	TL: 1.427e-03	VL: 2.120e-03	LR:0.0005
Epoch: 57	TL: 1.285e-03	VL: 1.459e-03	LR:0.0005
Epoch: 58	TL: 1.300e-03	VL: 2.056e-03	LR:0.0005
Epoch: 59	TL: 1.236e-03	VL: 1.337e-03	LR:0.0005
Epoch: 60	TL: 1.190e-03	VL: 1.972e-03	LR:0.0005
Epoch: 61	TL: 1.159e-03	VL: 1.531e-03	LR:0.0005
Epoch: 62	TL: 1.049e-03	VL: 1.749e-03	LR:0.0005
Epoch: 63	TL: 1.146e-03	VL: 1.475e-03	LR:0.0005
Epoch: 64	TL: 1.081e-03	VL: 2.837e-03	LR:0.0005
Epoch: 65	TL: 1.076e-03	VL: 1.359e-03	LR:0.0005
Epoch: 66	TL: 1.115e-03	VL: 1.263e-03	LR:0.0005
Epoch: 67	TL: 9.964e-04	VL: 1.567e-03	LR:0.0005
Epoch: 68	TL: 1.018e-03	VL: 1.581e-03	LR:0.0005
Epoch: 69	TL: 9.631e-04	VL: 1.270e-03	LR:0.0005
Epoch: 70	TL: 9.910e-04	VL: 1.311e-03	LR:0.0005
Epoch: 71	TL: 1.032e-03	VL: 1.114e-03	LR:0.0005
Epoch: 72	TL: 8.836e-04	VL: 1.651e-03	LR:0.0005
Epoch: 73	TL: 2.925e-03	VL: 1.096e-03	LR:0.0005
Epoch: 74	TL: 9.312e-04	VL: 1.301e-03	LR:0.0005
Epoch: 75	TL: 9.402e-04	VL: 2.237e-03	LR:0.0005
Epoch: 76	TL: 9.946e-04	VL: 1.104e-03	LR:0.0005
Epoch: 77	TL: 9.749e-04	VL: 1.188e-03	LR:0.0005
Epoch: 78	TL: 9.008e-04	VL: 1.260e-03	LR:0.0005
Epoch: 79	TL: 1.002e-03	VL: 1.505e-03	LR:0.0005
Epoch: 80	TL: 8.196e-04	VL: 1.195e-03	LR:0.0005
Epoch: 81	TL: 1.040e-03	VL: 1.376e-03	LR:0.0005
Epoch: 82	TL: 8.878e-04	VL: 1.397e-03	LR:0.0005
Epoch: 83	TL: 8.823e-04	VL: 1.181e-03	LR:0.0005
Epoch: 84	TL: 8.748e-04	VL: 1.071e-03	LR:0.0005
Epoch: 85	TL: 9.316e-04	VL: 1.758e-03	LR:0.0005
Epoch: 86	TL: 8.549e-04	VL: 1.325e-03	LR:0.0005
Epoch: 87	TL: 9.229e-04	VL: 1.153e-03	LR:0.0005
Epoch: 88	TL: 8.383e-04	VL: 1.631e-03	LR:0.0005
Epoch: 89	TL: 8.308e-04	VL: 3.019e-03	LR:0.0005
Epoch: 90	TL: 8.236e-04	VL: 1.125e-03	LR:0.0005
Epoch: 91	TL: 8.023e-04	VL: 1.008e-03	LR:0.0005
Epoch: 92	TL: 8.937e-04	VL: 1.144e-03	LR:0.0005
Epoch: 93	TL: 7.842e-04	VL: 1.162e-03	LR:0.00025
Epoch: 94	TL: 3.735e-04	VL: 8.051e-04	LR:0.00025
Epoch: 95	TL: 3.963e-04	VL: 9.979e-04	LR:0.00025
Epoch: 96	TL: 4.232e-04	VL: 9.044e-04	LR:0.00025
Epoch: 97	TL: 4.101e-04	VL: 1.037e-03	LR:0.00025
Epoch: 98	TL: 4.206e-04	VL: 1.132e-03	LR:0.00025
Epoch: 99	TL: 4.111e-04	VL: 8.174e-04	LR:0.00025
Epoch: 100	TL: 4.064e-04	VL: 8.860e-04	LR:0.00025
Epoch: 101	TL: 4.015e-04	VL: 1.121e-03	LR:0.00025
Epoch: 102	TL: 4.078e-04	VL: 8.183e-04	LR:0.00025
Epoch: 103	TL: 3.834e-04	VL: 8.405e-04	LR:0.00025
Epoch: 104	TL: 3.858e-04	VL: 7.936e-04	LR:0.00025
Epoch: 105	TL: 3.854e-04	VL: 8.909e-04	LR:0.00025
Epoch: 106	TL: 3.900e-04	VL: 7.955e-04	LR:0.00025
Epoch: 107	TL: 3.759e-04	VL: 8.333e-04	LR:0.00025
Epoch: 108	TL: 3.996e-04	VL: 8.588e-04	LR:0.00025
Epoch: 109	TL: 3.622e-04	VL: 8.593e-04	LR:0.00025
Epoch: 110	TL: 3.520e-04	VL: 1.046e-03	LR:0.00025
Epoch: 111	TL: 3.670e-04	VL: 8.459e-04	LR:0.00025
Epoch: 112	TL: 3.694e-04	VL: 9.224e-04	LR:0.00025
Epoch: 113	TL: 3.785e-04	VL: 8.469e-04	LR:0.00025
Epoch: 114	TL: 3.496e-04	VL: 1.003e-03	LR:0.00025
Epoch: 115	TL: 3.639e-04	VL: 7.887e-04	LR:0.00025
Epoch: 116	TL: 3.664e-04	VL: 9.311e-04	LR:0.00025
Epoch: 117	TL: 3.658e-04	VL: 1.567e-03	LR:0.00025
Epoch: 118	TL: 3.723e-04	VL: 8.178e-04	LR:0.00025
Epoch: 119	TL: 3.362e-04	VL: 9.762e-04	LR:0.00025
Epoch: 120	TL: 3.715e-04	VL: 7.667e-04	LR:0.00025
Epoch: 121	TL: 3.498e-04	VL: 9.043e-04	LR:0.00025
Epoch: 122	TL: 3.479e-04	VL: 8.556e-04	LR:0.000125
Epoch: 123	TL: 2.081e-04	VL: 7.218e-04	LR:0.000125
Epoch: 124	TL: 2.167e-04	VL: 7.179e-04	LR:0.000125
Epoch: 125	TL: 2.218e-04	VL: 7.193e-04	LR:0.000125
Epoch: 126	TL: 2.139e-04	VL: 7.196e-04	LR:0.000125
Epoch: 127	TL: 2.225e-04	VL: 7.471e-04	LR:0.000125
Epoch: 128	TL: 2.143e-04	VL: 7.094e-04	LR:0.000125
Epoch: 129	TL: 2.153e-04	VL: 7.023e-04	LR:0.000125
Epoch: 130	TL: 2.100e-04	VL: 7.094e-04	LR:0.000125
Epoch: 131	TL: 2.091e-04	VL: 7.049e-04	LR:0.000125
Epoch: 132	TL: 2.080e-04	VL: 7.215e-04	LR:0.000125
Epoch: 133	TL: 2.104e-04	VL: 7.048e-04	LR:0.000125
Epoch: 134	TL: 2.047e-04	VL: 7.297e-04	LR:0.000125
Epoch: 135	TL: 2.012e-04	VL: 7.017e-04	LR:0.000125
Epoch: 136	TL: 2.087e-04	VL: 7.806e-04	LR:0.000125
Epoch: 137	TL: 1.992e-04	VL: 7.295e-04	LR:0.000125
Epoch: 138	TL: 2.080e-04	VL: 7.191e-04	LR:0.000125
Epoch: 139	TL: 2.012e-04	VL: 7.289e-04	LR:0.000125
Epoch: 140	TL: 1.944e-04	VL: 7.197e-04	LR:0.000125
Epoch: 141	TL: 2.022e-04	VL: 7.170e-04	LR:0.000125
Epoch: 142	TL: 1.975e-04	VL: 7.166e-04	LR:0.000125
Epoch: 143	TL: 2.010e-04	VL: 7.425e-04	LR:0.000125
Epoch: 144	TL: 1.977e-04	VL: 7.709e-04	LR:0.000125
Epoch: 145	TL: 1.990e-04	VL: 7.310e-04	LR:0.000125
Epoch: 146	TL: 1.893e-04	VL: 7.504e-04	LR:0.000125
Epoch: 147	TL: 1.943e-04	VL: 7.282e-04	LR:0.000125
Epoch: 148	TL: 1.963e-04	VL: 6.856e-04	LR:0.000125
Epoch: 149	TL: 1.923e-04	VL: 7.346e-04	LR:0.000125
Epoch: 150	TL: 1.985e-04	VL: 8.196e-04	LR:0.000125
Epoch: 151	TL: 1.950e-04	VL: 7.191e-04	LR:0.000125
Epoch: 152	TL: 1.868e-04	VL: 6.980e-04	LR:0.000125
Epoch: 153	TL: 1.925e-04	VL: 7.908e-04	LR:0.000125
Epoch: 154	TL: 1.948e-04	VL: 7.481e-04	LR:0.000125
Epoch: 155	TL: 1.818e-04	VL: 7.617e-04	LR:6.25e-05
Epoch: 156	TL: 1.386e-04	VL: 6.656e-04	LR:6.25e-05
Epoch: 157	TL: 1.416e-04	VL: 6.945e-04	LR:6.25e-05
Epoch: 158	TL: 1.434e-04	VL: 7.109e-04	LR:6.25e-05
Epoch: 159	TL: 1.418e-04	VL: 6.684e-04	LR:6.25e-05
Epoch: 160	TL: 1.422e-04	VL: 6.816e-04	LR:6.25e-05
Epoch: 161	TL: 1.392e-04	VL: 6.724e-04	LR:6.25e-05
Epoch: 162	TL: 1.428e-04	VL: 6.988e-04	LR:6.25e-05
Epoch: 163	TL: 1.387e-04	VL: 6.621e-04	LR:6.25e-05
Epoch: 164	TL: 1.416e-04	VL: 7.195e-04	LR:6.25e-05
Epoch: 165	TL: 1.413e-04	VL: 6.837e-04	LR:6.25e-05
Epoch: 166	TL: 1.366e-04	VL: 6.894e-04	LR:6.25e-05
Epoch: 167	TL: 1.382e-04	VL: 6.973e-04	LR:6.25e-05
Epoch: 168	TL: 1.368e-04	VL: 6.756e-04	LR:6.25e-05
Epoch: 169	TL: 1.373e-04	VL: 6.894e-04	LR:6.25e-05
Epoch: 170	TL: 1.373e-04	VL: 6.960e-04	LR:6.25e-05
Epoch: 171	TL: 1.382e-04	VL: 6.825e-04	LR:6.25e-05
Epoch: 172	TL: 1.334e-04	VL: 6.826e-04	LR:6.25e-05
Epoch: 173	TL: 1.331e-04	VL: 7.011e-04	LR:6.25e-05
Epoch: 174	TL: 1.361e-04	VL: 6.818e-04	LR:6.25e-05
Epoch: 175	TL: 1.319e-04	VL: 6.755e-04	LR:6.25e-05
Epoch: 176	TL: 1.346e-04	VL: 6.871e-04	LR:6.25e-05
Epoch: 177	TL: 1.318e-04	VL: 6.960e-04	LR:6.25e-05
Epoch: 178	TL: 1.338e-04	VL: 6.780e-04	LR:6.25e-05
Epoch: 179	TL: 1.320e-04	VL: 7.075e-04	LR:6.25e-05
Epoch: 180	TL: 1.328e-04	VL: 6.767e-04	LR:6.25e-05
Epoch: 181	TL: 1.321e-04	VL: 7.141e-04	LR:6.25e-05
Epoch: 182	TL: 1.305e-04	VL: 7.546e-04	LR:6.25e-05
Epoch: 183	TL: 1.309e-04	VL: 6.743e-04	LR:6.25e-05
Epoch: 184	TL: 1.309e-04	VL: 6.738e-04	LR:6.25e-05
Epoch: 185	TL: 1.291e-04	VL: 6.900e-04	LR:6.25e-05
Epoch: 186	TL: 1.328e-04	VL: 6.897e-04	LR:3.125e-05
Epoch: 187	TL: 1.086e-04	VL: 6.618e-04	LR:3.125e-05
Epoch: 188	TL: 1.100e-04	VL: 6.641e-04	LR:3.125e-05
Epoch: 189	TL: 1.102e-04	VL: 6.580e-04	LR:3.125e-05
Epoch: 190	TL: 1.114e-04	VL: 6.719e-04	LR:3.125e-05
Epoch: 191	TL: 1.089e-04	VL: 6.760e-04	LR:3.125e-05
Epoch: 192	TL: 1.095e-04	VL: 6.643e-04	LR:3.125e-05
Epoch: 193	TL: 1.090e-04	VL: 6.620e-04	LR:3.125e-05
Epoch: 194	TL: 1.095e-04	VL: 6.655e-04	LR:3.125e-05
Epoch: 195	TL: 1.095e-04	VL: 6.611e-04	LR:3.125e-05
Epoch: 196	TL: 1.082e-04	VL: 6.638e-04	LR:3.125e-05
Epoch: 197	TL: 1.073e-04	VL: 6.596e-04	LR:3.125e-05
Epoch: 198	TL: 1.080e-04	VL: 6.589e-04	LR:3.125e-05
Epoch: 199	TL: 1.077e-04	VL: 6.620e-04	LR:3.125e-05
Epoch: 200	TL: 1.078e-04	VL: 6.740e-04	LR:3.125e-05
Epoch: 201	TL: 1.072e-04	VL: 6.737e-04	LR:3.125e-05
Epoch: 202	TL: 1.070e-04	VL: 6.693e-04	LR:3.125e-05
Epoch: 203	TL: 1.078e-04	VL: 6.673e-04	LR:3.125e-05
Epoch: 204	TL: 1.083e-04	VL: 6.757e-04	LR:3.125e-05
Epoch: 205	TL: 1.069e-04	VL: 6.597e-04	LR:3.125e-05
Epoch: 206	TL: 1.059e-04	VL: 6.613e-04	LR:3.125e-05
Epoch: 207	TL: 1.066e-04	VL: 6.615e-04	LR:3.125e-05
Epoch: 208	TL: 1.069e-04	VL: 6.594e-04	LR:3.125e-05
Epoch: 209	TL: 1.055e-04	VL: 6.585e-04	LR:3.125e-05
Epoch: 210	TL: 1.057e-04	VL: 6.557e-04	LR:3.125e-05
Epoch: 211	TL: 1.057e-04	VL: 7.109e-04	LR:3.125e-05
Epoch: 212	TL: 1.055e-04	VL: 6.570e-04	LR:3.125e-05
Epoch: 213	TL: 1.040e-04	VL: 7.137e-04	LR:3.125e-05
Epoch: 214	TL: 1.056e-04	VL: 6.627e-04	LR:3.125e-05
Epoch: 215	TL: 1.042e-04	VL: 6.781e-04	LR:3.125e-05
Epoch: 216	TL: 1.043e-04	VL: 6.820e-04	LR:1.5625e-05
Epoch: 217	TL: 9.441e-05	VL: 6.547e-04	LR:1.5625e-05
Epoch: 218	TL: 9.523e-05	VL: 6.522e-04	LR:1.5625e-05
Epoch: 219	TL: 9.546e-05	VL: 6.644e-04	LR:1.5625e-05
Epoch: 220	TL: 9.556e-05	VL: 6.534e-04	LR:1.5625e-05
Epoch: 221	TL: 9.481e-05	VL: 6.611e-04	LR:1.5625e-05
Epoch: 222	TL: 9.492e-05	VL: 6.614e-04	LR:7.8125e-06
Epoch: 223	TL: 9.050e-05	VL: 6.512e-04	LR:7.8125e-06
Epoch: 224	TL: 9.008e-05	VL: 6.537e-04	LR:7.8125e-06
Epoch: 225	TL: 9.029e-05	VL: 6.537e-04	LR:7.8125e-06
Epoch: 226	TL: 9.043e-05	VL: 6.560e-04	LR:7.8125e-06
Epoch: 227	TL: 9.049e-05	VL: 6.518e-04	LR:7.8125e-06
Epoch: 228	TL: 8.986e-05	VL: 6.535e-04	LR:7.8125e-06
Epoch: 229	TL: 9.006e-05	VL: 6.504e-04	LR:7.8125e-06
Epoch: 230	TL: 8.989e-05	VL: 6.505e-04	LR:7.8125e-06
Epoch: 231	TL: 8.949e-05	VL: 6.506e-04	LR:7.8125e-06
Epoch: 232	TL: 8.963e-05	VL: 6.539e-04	LR:7.8125e-06
Epoch: 233	TL: 8.999e-05	VL: 6.539e-04	LR:7.8125e-06
Epoch: 234	TL: 8.965e-05	VL: 6.555e-04	LR:7.8125e-06
Epoch: 235	TL: 8.960e-05	VL: 6.540e-04	LR:7.8125e-06
Epoch: 236	TL: 8.982e-05	VL: 6.520e-04	LR:7.8125e-06
Epoch: 237	TL: 8.984e-05	VL: 6.562e-04	LR:7.8125e-06
Epoch: 238	TL: 8.946e-05	VL: 6.569e-04	LR:7.8125e-06
Epoch: 239	TL: 8.969e-05	VL: 6.477e-04	LR:7.8125e-06
Epoch: 240	TL: 8.923e-05	VL: 6.542e-04	LR:7.8125e-06
Epoch: 241	TL: 8.938e-05	VL: 6.503e-04	LR:7.8125e-06
Epoch: 242	TL: 8.917e-05	VL: 6.534e-04	LR:7.8125e-06
Epoch: 243	TL: 8.889e-05	VL: 6.592e-04	LR:7.8125e-06
Epoch: 244	TL: 8.929e-05	VL: 6.527e-04	LR:7.8125e-06
Epoch: 245	TL: 8.903e-05	VL: 6.504e-04	LR:7.8125e-06
Epoch: 246	TL: 8.861e-05	VL: 6.576e-04	LR:7.8125e-06
Epoch: 247	TL: 8.901e-05	VL: 6.533e-04	LR:7.8125e-06
Epoch: 248	TL: 8.864e-05	VL: 6.499e-04	LR:7.8125e-06
Epoch: 249	TL: 8.871e-05	VL: 6.527e-04	LR:7.8125e-06
Epoch: 250	TL: 8.922e-05	VL: 6.536e-04	LR:7.8125e-06
Epoch: 251	TL: 8.873e-05	VL: 6.522e-04	LR:7.8125e-06
Epoch: 252	TL: 8.868e-05	VL: 6.534e-04	LR:7.8125e-06
Epoch: 253	TL: 8.861e-05	VL: 6.580e-04	LR:7.8125e-06
Epoch: 254	TL: 8.836e-05	VL: 6.506e-04	LR:7.8125e-06
Epoch: 255	TL: 8.832e-05	VL: 6.533e-04	LR:7.8125e-06
Epoch: 256	TL: 8.822e-05	VL: 6.492e-04	LR:7.8125e-06
Epoch: 257	TL: 8.832e-05	VL: 6.547e-04	LR:7.8125e-06
Epoch: 258	TL: 8.851e-05	VL: 6.527e-04	LR:7.8125e-06
Epoch: 259	TL: 8.817e-05	VL: 6.539e-04	LR:7.8125e-06
Epoch: 260	TL: 8.820e-05	VL: 6.584e-04	LR:7.8125e-06
Epoch: 261	TL: 8.818e-05	VL: 6.511e-04	LR:7.8125e-06
Epoch: 262	TL: 8.784e-05	VL: 6.559e-04	LR:3.90625e-06
Epoch: 263	TL: 8.564e-05	VL: 6.479e-04	LR:3.90625e-06
Epoch: 264	TL: 8.535e-05	VL: 6.511e-04	LR:3.90625e-06
Epoch: 265	TL: 8.550e-05	VL: 6.484e-04	LR:3.90625e-06
Epoch: 266	TL: 8.549e-05	VL: 6.493e-04	LR:3.90625e-06
Epoch: 267	TL: 8.544e-05	VL: 6.485e-04	LR:3.90625e-06
Epoch: 268	TL: 8.541e-05	VL: 6.520e-04	LR:3.90625e-06
Epoch: 269	TL: 8.535e-05	VL: 6.487e-04	LR:3.90625e-06
Epoch: 270	TL: 8.575e-05	VL: 6.506e-04	LR:3.90625e-06
Epoch: 271	TL: 8.539e-05	VL: 6.468e-04	LR:3.90625e-06
Epoch: 272	TL: 8.520e-05	VL: 6.478e-04	LR:3.90625e-06
Epoch: 273	TL: 8.529e-05	VL: 6.520e-04	LR:3.90625e-06
Epoch: 274	TL: 8.538e-05	VL: 6.499e-04	LR:3.90625e-06
Epoch: 275	TL: 8.506e-05	VL: 6.513e-04	LR:3.90625e-06
Epoch: 276	TL: 8.517e-05	VL: 6.496e-04	LR:3.90625e-06
Epoch: 277	TL: 8.515e-05	VL: 6.508e-04	LR:3.90625e-06
Epoch: 278	TL: 8.520e-05	VL: 6.544e-04	LR:1.953125e-06
Epoch: 279	TL: 8.385e-05	VL: 6.498e-04	LR:1.953125e-06
Epoch: 280	TL: 8.369e-05	VL: 6.496e-04	LR:1.953125e-06
Epoch: 281	TL: 8.368e-05	VL: 6.487e-04	LR:1.953125e-06
Epoch: 282	TL: 8.376e-05	VL: 6.476e-04	LR:1.953125e-06
Epoch: 283	TL: 8.374e-05	VL: 6.490e-04	LR:1.953125e-06
Epoch: 284	TL: 8.366e-05	VL: 6.488e-04	LR:1.953125e-06
Epoch: 285	TL: 8.369e-05	VL: 6.478e-04	LR:1.953125e-06
Epoch: 286	TL: 8.360e-05	VL: 6.490e-04	LR:1.953125e-06
Epoch: 287	TL: 8.368e-05	VL: 6.473e-04	LR:1.953125e-06
Epoch: 288	TL: 8.347e-05	VL: 6.483e-04	LR:1.953125e-06
Epoch: 289	TL: 8.366e-05	VL: 6.491e-04	LR:1.953125e-06
Epoch: 290	TL: 8.359e-05	VL: 6.509e-04	LR:1.953125e-06
Epoch: 291	TL: 8.357e-05	VL: 6.492e-04	LR:1.953125e-06
Epoch: 292	TL: 8.372e-05	VL: 6.496e-04	LR:1.953125e-06
Epoch: 293	TL: 8.364e-05	VL: 6.490e-04	LR:1.953125e-06
Epoch: 294	TL: 8.359e-05	VL: 6.467e-04	LR:1.953125e-06
Epoch: 295	TL: 8.373e-05	VL: 6.469e-04	LR:1.953125e-06
Epoch: 296	TL: 8.356e-05	VL: 6.487e-04	LR:1.953125e-06
Epoch: 297	TL: 8.356e-05	VL: 6.491e-04	LR:1.953125e-06
Epoch: 298	TL: 8.357e-05	VL: 6.496e-04	LR:1.953125e-06
Epoch: 299	TL: 8.339e-05	VL: 6.488e-04	LR:1.953125e-06
Epoch: 300	TL: 8.362e-05	VL: 6.478e-04	LR:1.953125e-06
Epoch: 301	TL: 8.341e-05	VL: 6.496e-04	LR:1.953125e-06
Epoch: 302	TL: 8.343e-05	VL: 6.490e-04	LR:1.953125e-06
Epoch: 303	TL: 8.337e-05	VL: 6.496e-04	LR:1.953125e-06
Epoch: 304	TL: 8.347e-05	VL: 6.481e-04	LR:1.953125e-06
Epoch: 305	TL: 8.343e-05	VL: 6.468e-04	LR:1.953125e-06
Epoch: 306	TL: 8.330e-05	VL: 6.495e-04	LR:1.953125e-06
Epoch: 307	TL: 8.338e-05	VL: 6.468e-04	LR:1.953125e-06
Epoch: 308	TL: 8.328e-05	VL: 6.478e-04	LR:1.953125e-06
Epoch: 309	TL: 8.337e-05	VL: 6.482e-04	LR:1.953125e-06
Epoch: 310	TL: 8.333e-05	VL: 6.490e-04	LR:1.953125e-06
Epoch: 311	TL: 8.333e-05	VL: 6.485e-04	LR:1.953125e-06
Epoch: 312	TL: 8.327e-05	VL: 6.485e-04	LR:1.953125e-06
Epoch: 313	TL: 8.318e-05	VL: 6.482e-04	LR:1.953125e-06
Epoch: 314	TL: 8.316e-05	VL: 6.466e-04	LR:1.953125e-06
Epoch: 315	TL: 8.312e-05	VL: 6.478e-04	LR:1.953125e-06
Epoch: 316	TL: 8.321e-05	VL: 6.476e-04	LR:1.953125e-06
Epoch: 317	TL: 8.327e-05	VL: 6.486e-04	LR:1.953125e-06
Epoch: 318	TL: 8.321e-05	VL: 6.470e-04	LR:1.953125e-06
Epoch: 319	TL: 8.316e-05	VL: 6.478e-04	LR:1.953125e-06
Epoch: 320	TL: 8.315e-05	VL: 6.467e-04	LR:1.953125e-06
Epoch: 321	TL: 8.321e-05	VL: 6.475e-04	LR:1.953125e-06
Epoch: 322	TL: 8.304e-05	VL: 6.494e-04	LR:1.953125e-06
Epoch: 323	TL: 8.312e-05	VL: 6.494e-04	LR:1.953125e-06
Epoch: 324	TL: 8.325e-05	VL: 6.467e-04	LR:1.953125e-06
Epoch: 325	TL: 8.303e-05	VL: 6.474e-04	LR:1.953125e-06
Epoch: 326	TL: 8.314e-05	VL: 6.486e-04	LR:9.765625e-07
Epoch: 327	TL: 8.244e-05	VL: 6.469e-04	LR:9.765625e-07
Epoch: 328	TL: 8.228e-05	VL: 6.475e-04	LR:9.765625e-07
Epoch: 329	TL: 8.230e-05	VL: 6.465e-04	LR:9.765625e-07
Epoch: 330	TL: 8.229e-05	VL: 6.471e-04	LR:9.765625e-07
Epoch: 331	TL: 8.235e-05	VL: 6.476e-04	LR:9.765625e-07
Epoch: 332	TL: 8.223e-05	VL: 6.475e-04	LR:9.765625e-07
Epoch: 333	TL: 8.230e-05	VL: 6.478e-04	LR:9.765625e-07
Epoch: 334	TL: 8.238e-05	VL: 6.483e-04	LR:9.765625e-07
Epoch: 335	TL: 8.240e-05	VL: 6.473e-04	LR:9.765625e-07
Epoch: 336	TL: 8.231e-05	VL: 6.471e-04	LR:9.765625e-07
Epoch: 337	TL: 8.227e-05	VL: 6.472e-04	LR:9.765625e-07
Epoch: 338	TL: 8.225e-05	VL: 6.477e-04	LR:9.765625e-07
Epoch: 339	TL: 8.234e-05	VL: 6.495e-04	LR:9.765625e-07
Epoch: 340	TL: 8.231e-05	VL: 6.489e-04	LR:9.765625e-07
Epoch: 341	TL: 8.233e-05	VL: 6.479e-04	LR:9.765625e-07
Epoch: 342	TL: 8.236e-05	VL: 6.478e-04	LR:9.765625e-07
Epoch: 343	TL: 8.225e-05	VL: 6.475e-04	LR:4.8828125e-07
Epoch: 344	TL: 8.192e-05	VL: 6.476e-04	LR:4.8828125e-07
Epoch: 345	TL: 8.188e-05	VL: 6.471e-04	LR:4.8828125e-07
Epoch: 346	TL: 8.189e-05	VL: 6.490e-04	LR:4.8828125e-07
Epoch: 347	TL: 8.194e-05	VL: 6.471e-04	LR:4.8828125e-07
Epoch: 348	TL: 8.193e-05	VL: 6.474e-04	LR:4.8828125e-07
Epoch: 349	TL: 8.189e-05	VL: 6.485e-04	LR:2.44140625e-07
Epoch: 350	TL: 8.170e-05	VL: 6.479e-04	LR:2.44140625e-07
Epoch: 351	TL: 8.169e-05	VL: 6.474e-04	LR:2.44140625e-07
Epoch: 352	TL: 8.167e-05	VL: 6.476e-04	LR:2.44140625e-07
Epoch: 353	TL: 8.172e-05	VL: 6.477e-04	LR:2.44140625e-07
Epoch: 354	TL: 8.167e-05	VL: 6.473e-04	LR:2.44140625e-07
Epoch: 355	TL: 8.166e-05	VL: 6.476e-04	LR:1.220703125e-07
Epoch: 356	TL: 8.157e-05	VL: 6.472e-04	LR:1.220703125e-07
Epoch: 357	TL: 8.156e-05	VL: 6.476e-04	LR:1.220703125e-07
Epoch: 358	TL: 8.157e-05	VL: 6.473e-04	LR:1.220703125e-07
Epoch: 359	TL: 8.157e-05	VL: 6.475e-04	LR:1.220703125e-07
Epoch: 360	TL: 8.161e-05	VL: 6.474e-04	LR:1.220703125e-07
Epoch: 361	TL: 8.151e-05	VL: 6.474e-04	LR:6.103515625e-08
Epoch: 362	TL: 8.152e-05	VL: 6.476e-04	LR:6.103515625e-08
Epoch: 363	TL: 8.150e-05	VL: 6.477e-04	LR:6.103515625e-08
Epoch: 364	TL: 8.151e-05	VL: 6.472e-04	LR:6.103515625e-08
Epoch: 365	TL: 8.152e-05	VL: 6.471e-04	LR:6.103515625e-08
Epoch: 366	TL: 8.152e-05	VL: 6.476e-04	LR:6.103515625e-08
Epoch: 367	TL: 8.151e-05	VL: 6.476e-04	LR:6.103515625e-08
Epoch: 368	TL: 8.143e-05	VL: 6.474e-04	LR:6.103515625e-08
Epoch: 369	TL: 8.146e-05	VL: 6.472e-04	LR:6.103515625e-08
Epoch: 370	TL: 8.149e-05	VL: 6.474e-04	LR:6.103515625e-08
Epoch: 371	TL: 8.148e-05	VL: 6.477e-04	LR:3.0517578125e-08
Epoch: 372	TL: 8.147e-05	VL: 6.476e-04	LR:3.0517578125e-08
Epoch: 373	TL: 8.146e-05	VL: 6.473e-04	LR:3.0517578125e-08
Epoch: 374	TL: 8.151e-05	VL: 6.474e-04	LR:3.0517578125e-08
Epoch: 375	TL: 8.146e-05	VL: 6.478e-04	LR:3.0517578125e-08
Epoch: 376	TL: 8.143e-05	VL: 6.473e-04	LR:3.0517578125e-08
Epoch: 377	TL: 8.149e-05	VL: 6.474e-04	LR:1.52587890625e-08
Epoch: 378	TL: 8.146e-05	VL: 6.478e-04	LR:1.52587890625e-08
Epoch: 379	TL: 8.142e-05	VL: 6.477e-04	LR:1.52587890625e-08
Epoch: 380	TL: 8.144e-05	VL: 6.475e-04	LR:1.52587890625e-08
Epoch: 381	TL: 8.146e-05	VL: 6.474e-04	LR:1.52587890625e-08
Epoch: 382	TL: 8.145e-05	VL: 6.474e-04	LR:1.52587890625e-08
Epoch: 383	TL: 8.145e-05	VL: 6.477e-04	LR:1.52587890625e-08
Epoch: 384	TL: 8.147e-05	VL: 6.474e-04	LR:1.52587890625e-08
Epoch: 385	TL: 8.143e-05	VL: 6.477e-04	LR:1.52587890625e-08
Epoch: 386	TL: 8.141e-05	VL: 6.474e-04	LR:1.52587890625e-08
Epoch: 387	TL: 8.146e-05	VL: 6.472e-04	LR:1.52587890625e-08
Epoch: 388	TL: 8.140e-05	VL: 6.475e-04	LR:1.52587890625e-08
Epoch: 389	TL: 8.140e-05	VL: 6.474e-04	LR:1.52587890625e-08
Epoch: 390	TL: 8.144e-05	VL: 6.472e-04	LR:1.52587890625e-08
Epoch: 391	TL: 8.142e-05	VL: 6.477e-04	LR:1.52587890625e-08
Epoch: 392	TL: 8.145e-05	VL: 6.477e-04	LR:1.52587890625e-08
Epoch: 393	TL: 8.147e-05	VL: 6.475e-04	LR:1.52587890625e-08
Epoch: 394	TL: 8.144e-05	VL: 6.479e-04	LR:1.52587890625e-08
Epoch: 395	TL: 8.145e-05	VL: 6.477e-04	LR:1.52587890625e-08
Epoch: 396	TL: 8.143e-05	VL: 6.476e-04	LR:1.52587890625e-08
Epoch: 397	TL: 8.148e-05	VL: 6.474e-04	LR:1.52587890625e-08
Epoch: 398	TL: 8.146e-05	VL: 6.476e-04	LR:1.52587890625e-08
Epoch: 399	TL: 8.141e-05	VL: 6.472e-04	LR:1.52587890625e-08
Epoch: 400	TL: 8.146e-05	VL: 6.475e-04	LR:1.52587890625e-08
Epoch: 401	TL: 8.144e-05	VL: 6.472e-04	LR:1.52587890625e-08
Epoch: 402	TL: 8.144e-05	VL: 6.474e-04	LR:1.52587890625e-08
Epoch: 403	TL: 8.145e-05	VL: 6.476e-04	LR:1.52587890625e-08
Epoch: 404	TL: 8.145e-05	VL: 6.475e-04	LR:1.52587890625e-08
Epoch: 405	TL: 8.145e-05	VL: 6.474e-04	LR:1.52587890625e-08
Epoch: 406	TL: 8.145e-05	VL: 6.474e-04	LR:1.52587890625e-08
Epoch: 407	TL: 8.141e-05	VL: 6.472e-04	LR:1.52587890625e-08
Epoch: 408	TL: 8.145e-05	VL: 6.477e-04	LR:1.52587890625e-08
Epoch: 409	TL: 8.145e-05	VL: 6.473e-04	LR:1.52587890625e-08
Epoch: 410	TL: 8.143e-05	VL: 6.475e-04	LR:1.52587890625e-08
Epoch: 411	TL: 8.146e-05	VL: 6.476e-04	LR:1.52587890625e-08
Epoch: 412	TL: 8.140e-05	VL: 6.475e-04	LR:1.52587890625e-08
Epoch: 413	TL: 8.144e-05	VL: 6.477e-04	LR:1.52587890625e-08
Epoch: 414	TL: 8.146e-05	VL: 6.476e-04	LR:1.52587890625e-08
Epoch: 415	TL: 8.149e-05	VL: 6.476e-04	LR:1.52587890625e-08
Epoch: 416	TL: 8.141e-05	VL: 6.479e-04	LR:1.52587890625e-08
Epoch: 417	TL: 8.145e-05	VL: 6.474e-04	LR:1.52587890625e-08
Epoch: 418	TL: 8.145e-05	VL: 6.473e-04	LR:1.52587890625e-08
Epoch: 419	TL: 8.144e-05	VL: 6.478e-04	LR:1.52587890625e-08
Early stopping triggered after 420 epochs.
Test MAE: 11.819
