Thu Dec  5 23:13:53 2024       
+-----------------------------------------------------------------------------------------+
| NVIDIA-SMI 565.57.01              Driver Version: 565.57.01      CUDA Version: 12.7     |
|-----------------------------------------+------------------------+----------------------+
| GPU  Name                 Persistence-M | Bus-Id          Disp.A | Volatile Uncorr. ECC |
| Fan  Temp   Perf          Pwr:Usage/Cap |           Memory-Usage | GPU-Util  Compute M. |
|                                         |                        |               MIG M. |
|=========================================+========================+======================|
|   0  Tesla V100-SXM2-32GB           On  |   00000000:3B:00.0 Off |                    0 |
| N/A   44C    P0             44W /  300W |       1MiB /  32768MiB |      0%   E. Process |
|                                         |                        |                  N/A |
+-----------------------------------------+------------------------+----------------------+
                                                                                         
+-----------------------------------------------------------------------------------------+
| Processes:                                                                              |
|  GPU   GI   CI        PID   Type   Process name                              GPU Memory |
|        ID   ID                                                               Usage      |
|=========================================================================================|
|  No running processes found                                                             |
+-----------------------------------------------------------------------------------------+
cuda
Tesla V100-SXM2-32GB
Epoch: 1	TL: 2.326e-01	VL: 3.686e-02	LR:0.0005
Epoch: 2	TL: 2.282e-02	VL: 2.516e-02	LR:0.0005
Epoch: 3	TL: 1.788e-02	VL: 3.305e-02	LR:0.0005
Epoch: 4	TL: 1.414e-02	VL: 1.390e-02	LR:0.0005
Epoch: 5	TL: 1.167e-02	VL: 8.056e-03	LR:0.0005
Epoch: 6	TL: 1.105e-02	VL: 8.010e-03	LR:0.0005
Epoch: 7	TL: 9.598e-03	VL: 1.109e-02	LR:0.0005
Epoch: 8	TL: 9.322e-03	VL: 8.087e-03	LR:0.0005
Epoch: 9	TL: 8.770e-03	VL: 5.801e-03	LR:0.0005
Epoch: 10	TL: 7.515e-03	VL: 9.945e-03	LR:0.0005
Epoch: 11	TL: 7.290e-03	VL: 1.133e-02	LR:0.0005
Epoch: 12	TL: 6.978e-03	VL: 6.441e-03	LR:0.0005
Epoch: 13	TL: 6.091e-03	VL: 9.016e-03	LR:0.0005
Epoch: 14	TL: 5.996e-03	VL: 6.266e-03	LR:0.0005
Epoch: 15	TL: 6.127e-03	VL: 2.066e-02	LR:0.0005
Epoch: 16	TL: 5.052e-03	VL: 4.032e-03	LR:0.0005
Epoch: 17	TL: 5.028e-03	VL: 1.006e-02	LR:0.0005
Epoch: 18	TL: 5.139e-03	VL: 4.503e-03	LR:0.0005
Epoch: 19	TL: 4.653e-03	VL: 4.490e-03	LR:0.0005
Epoch: 20	TL: 4.642e-03	VL: 3.651e-03	LR:0.0005
Epoch: 21	TL: 4.037e-03	VL: 5.074e-03	LR:0.0005
Epoch: 22	TL: 4.134e-03	VL: 1.188e-02	LR:0.0005
Epoch: 23	TL: 3.788e-03	VL: 3.688e-03	LR:0.0005
Epoch: 24	TL: 3.698e-03	VL: 5.526e-03	LR:0.0005
Epoch: 25	TL: 4.181e-03	VL: 3.780e-03	LR:0.0005
Epoch: 26	TL: 3.645e-03	VL: 3.719e-03	LR:0.0005
Epoch: 27	TL: 3.164e-03	VL: 3.338e-03	LR:0.0005
Epoch: 28	TL: 3.214e-03	VL: 9.059e-03	LR:0.0005
Epoch: 29	TL: 3.316e-03	VL: 3.227e-03	LR:0.0005
Epoch: 30	TL: 3.063e-03	VL: 4.479e-03	LR:0.0005
Epoch: 31	TL: 3.317e-03	VL: 4.072e-03	LR:0.0005
Epoch: 32	TL: 2.981e-03	VL: 6.126e-03	LR:0.0005
Epoch: 33	TL: 2.788e-03	VL: 3.349e-03	LR:0.0005
Epoch: 34	TL: 2.997e-03	VL: 2.936e-03	LR:0.0005
Epoch: 35	TL: 2.852e-03	VL: 2.794e-03	LR:0.0005
Epoch: 36	TL: 2.762e-03	VL: 3.470e-03	LR:0.0005
Epoch: 37	TL: 2.596e-03	VL: 3.830e-03	LR:0.0005
Epoch: 38	TL: 2.548e-03	VL: 3.787e-03	LR:0.0005
Epoch: 39	TL: 2.829e-03	VL: 2.948e-03	LR:0.0005
Epoch: 40	TL: 2.562e-03	VL: 2.899e-03	LR:0.0005
Epoch: 41	TL: 2.320e-03	VL: 5.472e-03	LR:0.0005
Epoch: 42	TL: 2.761e-03	VL: 2.724e-03	LR:0.0005
Epoch: 43	TL: 2.157e-03	VL: 7.665e-03	LR:0.0005
Epoch: 44	TL: 2.322e-03	VL: 5.631e-03	LR:0.0005
Epoch: 45	TL: 2.335e-03	VL: 2.851e-03	LR:0.0005
Epoch: 46	TL: 2.126e-03	VL: 3.020e-03	LR:0.0005
Epoch: 47	TL: 2.305e-03	VL: 2.712e-03	LR:0.0005
Epoch: 48	TL: 2.036e-03	VL: 3.623e-03	LR:0.0005
Epoch: 49	TL: 2.235e-03	VL: 2.355e-03	LR:0.0005
Epoch: 50	TL: 2.138e-03	VL: 2.986e-03	LR:0.0005
Epoch: 51	TL: 2.095e-03	VL: 2.905e-03	LR:0.0005
Epoch: 52	TL: 2.010e-03	VL: 4.106e-03	LR:0.0005
Epoch: 53	TL: 2.113e-03	VL: 2.321e-03	LR:0.0005
Epoch: 54	TL: 1.881e-03	VL: 3.331e-03	LR:0.0005
Epoch: 55	TL: 2.034e-03	VL: 2.756e-03	LR:0.0005
Epoch: 56	TL: 1.887e-03	VL: 2.990e-03	LR:0.0005
Epoch: 57	TL: 1.736e-03	VL: 3.073e-03	LR:0.0005
Epoch: 58	TL: 1.899e-03	VL: 2.217e-03	LR:0.0005
Epoch: 59	TL: 1.955e-03	VL: 2.731e-03	LR:0.0005
Epoch: 60	TL: 1.814e-03	VL: 2.752e-03	LR:0.0005
Epoch: 61	TL: 1.656e-03	VL: 2.677e-03	LR:0.0005
Epoch: 62	TL: 1.785e-03	VL: 2.522e-03	LR:0.0005
Epoch: 63	TL: 1.712e-03	VL: 2.351e-03	LR:0.0005
Epoch: 64	TL: 1.872e-03	VL: 3.272e-03	LR:0.0005
Epoch: 65	TL: 1.708e-03	VL: 2.279e-03	LR:0.0005
Epoch: 66	TL: 1.686e-03	VL: 2.555e-03	LR:0.0005
Epoch: 67	TL: 1.862e-03	VL: 2.182e-03	LR:0.0005
Epoch: 68	TL: 1.680e-03	VL: 2.337e-03	LR:0.0005
Epoch: 69	TL: 1.628e-03	VL: 2.098e-03	LR:0.0005
Epoch: 70	TL: 1.654e-03	VL: 2.897e-03	LR:0.0005
Epoch: 71	TL: 1.620e-03	VL: 2.162e-03	LR:0.0005
Epoch: 72	TL: 1.583e-03	VL: 2.128e-03	LR:0.0005
Epoch: 73	TL: 1.601e-03	VL: 2.112e-03	LR:0.0005
Epoch: 74	TL: 1.400e-03	VL: 2.096e-03	LR:0.0005
Epoch: 75	TL: 1.696e-03	VL: 1.906e-03	LR:0.0005
Epoch: 76	TL: 1.441e-03	VL: 2.251e-03	LR:0.0005
Epoch: 77	TL: 1.522e-03	VL: 2.614e-03	LR:0.0005
Epoch: 78	TL: 1.605e-03	VL: 2.389e-03	LR:0.0005
Epoch: 79	TL: 1.492e-03	VL: 2.452e-03	LR:0.0005
Epoch: 80	TL: 1.460e-03	VL: 3.001e-03	LR:0.0005
Epoch: 81	TL: 1.483e-03	VL: 2.075e-03	LR:0.0005
Epoch: 82	TL: 1.423e-03	VL: 3.578e-03	LR:0.00025
Epoch: 83	TL: 6.317e-04	VL: 1.626e-03	LR:0.00025
Epoch: 84	TL: 5.947e-04	VL: 1.605e-03	LR:0.00025
Epoch: 85	TL: 6.475e-04	VL: 1.543e-03	LR:0.00025
Epoch: 86	TL: 6.438e-04	VL: 1.713e-03	LR:0.00025
Epoch: 87	TL: 6.339e-04	VL: 1.861e-03	LR:0.00025
Epoch: 88	TL: 6.056e-04	VL: 1.535e-03	LR:0.00025
Epoch: 89	TL: 6.522e-04	VL: 1.547e-03	LR:0.00025
Epoch: 90	TL: 6.370e-04	VL: 2.246e-03	LR:0.00025
Epoch: 91	TL: 5.816e-04	VL: 2.252e-03	LR:0.00025
Epoch: 92	TL: 5.962e-04	VL: 1.501e-03	LR:0.00025
Epoch: 93	TL: 6.200e-04	VL: 1.809e-03	LR:0.00025
Epoch: 94	TL: 5.594e-04	VL: 1.526e-03	LR:0.00025
Epoch: 95	TL: 6.024e-04	VL: 1.546e-03	LR:0.00025
Epoch: 96	TL: 5.805e-04	VL: 1.620e-03	LR:0.00025
Epoch: 97	TL: 5.874e-04	VL: 1.462e-03	LR:0.00025
Epoch: 98	TL: 5.296e-04	VL: 1.651e-03	LR:0.00025
Epoch: 99	TL: 5.770e-04	VL: 1.541e-03	LR:0.00025
Epoch: 100	TL: 5.353e-04	VL: 1.484e-03	LR:0.00025
Epoch: 101	TL: 5.386e-04	VL: 1.699e-03	LR:0.00025
Epoch: 102	TL: 5.446e-04	VL: 1.769e-03	LR:0.00025
Epoch: 103	TL: 5.979e-04	VL: 1.526e-03	LR:0.00025
Epoch: 104	TL: 5.450e-04	VL: 1.576e-03	LR:0.00025
Epoch: 105	TL: 5.264e-04	VL: 1.852e-03	LR:0.00025
Epoch: 106	TL: 5.454e-04	VL: 1.622e-03	LR:0.00025
Epoch: 107	TL: 5.245e-04	VL: 1.410e-03	LR:0.00025
Epoch: 108	TL: 5.056e-04	VL: 1.532e-03	LR:0.00025
Epoch: 109	TL: 5.442e-04	VL: 1.739e-03	LR:0.00025
Epoch: 110	TL: 5.485e-04	VL: 1.777e-03	LR:0.00025
Epoch: 111	TL: 5.308e-04	VL: 1.621e-03	LR:0.00025
Epoch: 112	TL: 5.484e-04	VL: 1.456e-03	LR:0.00025
Epoch: 113	TL: 5.095e-04	VL: 1.563e-03	LR:0.00025
Epoch: 114	TL: 5.139e-04	VL: 1.567e-03	LR:0.00025
Epoch: 115	TL: 5.101e-04	VL: 1.434e-03	LR:0.00025
Epoch: 116	TL: 4.958e-04	VL: 1.662e-03	LR:0.00025
Epoch: 117	TL: 4.794e-04	VL: 1.625e-03	LR:0.00025
Epoch: 118	TL: 5.053e-04	VL: 1.549e-03	LR:0.00025
Epoch: 119	TL: 5.796e-04	VL: 1.469e-03	LR:0.00025
Epoch: 120	TL: 4.717e-04	VL: 1.473e-03	LR:0.00025
Epoch: 121	TL: 5.008e-04	VL: 1.487e-03	LR:0.00025
Epoch: 122	TL: 4.743e-04	VL: 1.499e-03	LR:0.00025
Epoch: 123	TL: 5.096e-04	VL: 1.353e-03	LR:0.00025
Epoch: 124	TL: 4.917e-04	VL: 1.544e-03	LR:0.00025
Epoch: 125	TL: 5.067e-04	VL: 1.377e-03	LR:0.00025
Epoch: 126	TL: 4.937e-04	VL: 1.507e-03	LR:0.00025
Epoch: 127	TL: 4.817e-04	VL: 1.867e-03	LR:0.00025
Epoch: 128	TL: 4.662e-04	VL: 1.651e-03	LR:0.00025
Epoch: 129	TL: 5.000e-04	VL: 1.653e-03	LR:0.00025
Epoch: 130	TL: 4.613e-04	VL: 1.489e-03	LR:0.00025
Epoch: 131	TL: 4.669e-04	VL: 1.839e-03	LR:0.00025
Epoch: 132	TL: 5.373e-04	VL: 1.420e-03	LR:0.000125
Epoch: 133	TL: 2.325e-04	VL: 1.311e-03	LR:0.000125
Epoch: 134	TL: 2.354e-04	VL: 1.331e-03	LR:0.000125
Epoch: 135	TL: 2.329e-04	VL: 1.288e-03	LR:0.000125
Epoch: 136	TL: 2.497e-04	VL: 1.350e-03	LR:0.000125
Epoch: 137	TL: 2.371e-04	VL: 1.269e-03	LR:0.000125
Epoch: 138	TL: 2.336e-04	VL: 1.265e-03	LR:0.000125
Epoch: 139	TL: 2.363e-04	VL: 1.303e-03	LR:0.000125
Epoch: 140	TL: 2.304e-04	VL: 1.396e-03	LR:0.000125
Epoch: 141	TL: 2.319e-04	VL: 1.309e-03	LR:0.000125
Epoch: 142	TL: 2.251e-04	VL: 1.376e-03	LR:0.000125
Epoch: 143	TL: 2.327e-04	VL: 1.319e-03	LR:0.000125
Epoch: 144	TL: 2.285e-04	VL: 1.276e-03	LR:0.000125
Epoch: 145	TL: 2.285e-04	VL: 1.298e-03	LR:0.000125
Epoch: 146	TL: 2.189e-04	VL: 1.261e-03	LR:0.000125
Epoch: 147	TL: 2.144e-04	VL: 1.252e-03	LR:0.000125
Epoch: 148	TL: 2.183e-04	VL: 1.321e-03	LR:0.000125
Epoch: 149	TL: 2.199e-04	VL: 1.258e-03	LR:0.000125
Epoch: 150	TL: 2.285e-04	VL: 1.286e-03	LR:0.000125
Epoch: 151	TL: 2.221e-04	VL: 1.304e-03	LR:0.000125
Epoch: 152	TL: 2.105e-04	VL: 1.266e-03	LR:0.000125
Epoch: 153	TL: 2.164e-04	VL: 1.263e-03	LR:0.000125
Epoch: 154	TL: 2.234e-04	VL: 1.268e-03	LR:0.000125
Epoch: 155	TL: 2.090e-04	VL: 1.325e-03	LR:0.000125
Epoch: 156	TL: 2.101e-04	VL: 1.302e-03	LR:0.000125
Epoch: 157	TL: 2.184e-04	VL: 1.259e-03	LR:0.000125
Epoch: 158	TL: 2.054e-04	VL: 1.278e-03	LR:0.000125
Epoch: 159	TL: 2.103e-04	VL: 1.384e-03	LR:0.000125
Epoch: 160	TL: 2.061e-04	VL: 1.272e-03	LR:0.000125
Epoch: 161	TL: 2.139e-04	VL: 1.270e-03	LR:0.000125
Epoch: 162	TL: 2.059e-04	VL: 1.260e-03	LR:0.000125
Epoch: 163	TL: 2.113e-04	VL: 1.286e-03	LR:0.000125
Epoch: 164	TL: 2.043e-04	VL: 1.289e-03	LR:0.000125
Epoch: 165	TL: 2.069e-04	VL: 1.278e-03	LR:0.000125
Epoch: 166	TL: 2.010e-04	VL: 1.262e-03	LR:0.000125
Epoch: 167	TL: 2.008e-04	VL: 1.267e-03	LR:0.000125
Epoch: 168	TL: 2.005e-04	VL: 1.282e-03	LR:0.000125
Epoch: 169	TL: 2.023e-04	VL: 1.589e-03	LR:0.000125
Epoch: 170	TL: 2.094e-04	VL: 1.265e-03	LR:0.000125
Epoch: 171	TL: 1.971e-04	VL: 1.446e-03	LR:0.000125
Epoch: 172	TL: 2.036e-04	VL: 1.290e-03	LR:0.000125
Epoch: 173	TL: 2.041e-04	VL: 1.255e-03	LR:0.000125
Epoch: 174	TL: 2.065e-04	VL: 1.289e-03	LR:6.25e-05
Epoch: 175	TL: 1.255e-04	VL: 1.291e-03	LR:6.25e-05
Epoch: 176	TL: 1.249e-04	VL: 1.227e-03	LR:6.25e-05
Epoch: 177	TL: 1.226e-04	VL: 1.257e-03	LR:6.25e-05
Epoch: 178	TL: 1.243e-04	VL: 1.245e-03	LR:6.25e-05
Epoch: 179	TL: 1.251e-04	VL: 1.207e-03	LR:6.25e-05
Epoch: 180	TL: 1.254e-04	VL: 1.209e-03	LR:6.25e-05
Epoch: 181	TL: 1.219e-04	VL: 1.267e-03	LR:6.25e-05
Epoch: 182	TL: 1.229e-04	VL: 1.267e-03	LR:6.25e-05
Epoch: 183	TL: 1.238e-04	VL: 1.217e-03	LR:6.25e-05
Epoch: 184	TL: 1.244e-04	VL: 1.211e-03	LR:6.25e-05
Epoch: 185	TL: 1.205e-04	VL: 1.214e-03	LR:6.25e-05
Epoch: 186	TL: 1.220e-04	VL: 1.216e-03	LR:6.25e-05
Epoch: 187	TL: 1.207e-04	VL: 1.224e-03	LR:6.25e-05
Epoch: 188	TL: 1.189e-04	VL: 1.221e-03	LR:6.25e-05
Epoch: 189	TL: 1.178e-04	VL: 1.233e-03	LR:6.25e-05
Epoch: 190	TL: 1.220e-04	VL: 1.241e-03	LR:6.25e-05
Epoch: 191	TL: 1.172e-04	VL: 1.220e-03	LR:6.25e-05
Epoch: 192	TL: 1.181e-04	VL: 1.224e-03	LR:6.25e-05
Epoch: 193	TL: 1.132e-04	VL: 1.208e-03	LR:6.25e-05
Epoch: 194	TL: 1.181e-04	VL: 1.214e-03	LR:6.25e-05
Epoch: 195	TL: 1.153e-04	VL: 1.217e-03	LR:6.25e-05
Epoch: 196	TL: 1.152e-04	VL: 1.207e-03	LR:6.25e-05
Epoch: 197	TL: 1.150e-04	VL: 1.219e-03	LR:6.25e-05
Epoch: 198	TL: 1.131e-04	VL: 1.220e-03	LR:6.25e-05
Epoch: 199	TL: 1.127e-04	VL: 1.242e-03	LR:6.25e-05
Epoch: 200	TL: 1.139e-04	VL: 1.215e-03	LR:6.25e-05
Epoch: 201	TL: 1.119e-04	VL: 1.208e-03	LR:6.25e-05
Epoch: 202	TL: 1.120e-04	VL: 1.206e-03	LR:6.25e-05
Epoch: 203	TL: 1.142e-04	VL: 1.238e-03	LR:6.25e-05
Epoch: 204	TL: 1.115e-04	VL: 1.229e-03	LR:6.25e-05
Epoch: 205	TL: 1.089e-04	VL: 1.238e-03	LR:6.25e-05
Epoch: 206	TL: 1.114e-04	VL: 1.217e-03	LR:6.25e-05
Epoch: 207	TL: 1.094e-04	VL: 1.200e-03	LR:6.25e-05
Epoch: 208	TL: 1.109e-04	VL: 1.204e-03	LR:6.25e-05
Epoch: 209	TL: 1.106e-04	VL: 1.233e-03	LR:6.25e-05
Epoch: 210	TL: 1.098e-04	VL: 1.210e-03	LR:6.25e-05
Epoch: 211	TL: 1.098e-04	VL: 1.207e-03	LR:6.25e-05
Epoch: 212	TL: 1.087e-04	VL: 1.242e-03	LR:6.25e-05
Epoch: 213	TL: 1.125e-04	VL: 1.246e-03	LR:6.25e-05
Epoch: 214	TL: 1.090e-04	VL: 1.200e-03	LR:6.25e-05
Epoch: 215	TL: 1.068e-04	VL: 1.213e-03	LR:6.25e-05
Epoch: 216	TL: 1.066e-04	VL: 1.230e-03	LR:6.25e-05
Epoch: 217	TL: 1.093e-04	VL: 1.189e-03	LR:6.25e-05
Epoch: 218	TL: 1.057e-04	VL: 1.239e-03	LR:6.25e-05
Epoch: 219	TL: 1.082e-04	VL: 1.218e-03	LR:6.25e-05
Epoch: 220	TL: 1.079e-04	VL: 1.221e-03	LR:6.25e-05
Epoch: 221	TL: 1.073e-04	VL: 1.206e-03	LR:6.25e-05
Epoch: 222	TL: 1.038e-04	VL: 1.216e-03	LR:6.25e-05
Epoch: 223	TL: 1.039e-04	VL: 1.203e-03	LR:6.25e-05
Epoch: 224	TL: 1.089e-04	VL: 1.209e-03	LR:6.25e-05
Epoch: 225	TL: 1.062e-04	VL: 1.205e-03	LR:6.25e-05
Epoch: 226	TL: 1.030e-04	VL: 1.211e-03	LR:6.25e-05
Epoch: 227	TL: 1.058e-04	VL: 1.234e-03	LR:6.25e-05
Epoch: 228	TL: 1.043e-04	VL: 1.202e-03	LR:6.25e-05
Epoch: 229	TL: 1.041e-04	VL: 1.222e-03	LR:6.25e-05
Epoch: 230	TL: 1.025e-04	VL: 1.193e-03	LR:6.25e-05
Epoch: 231	TL: 1.021e-04	VL: 1.204e-03	LR:6.25e-05
Epoch: 232	TL: 1.024e-04	VL: 1.206e-03	LR:6.25e-05
Epoch: 233	TL: 1.024e-04	VL: 1.222e-03	LR:6.25e-05
Epoch: 234	TL: 1.022e-04	VL: 1.192e-03	LR:6.25e-05
Epoch: 235	TL: 1.059e-04	VL: 1.197e-03	LR:6.25e-05
Epoch: 236	TL: 9.774e-05	VL: 1.206e-03	LR:6.25e-05
Epoch: 237	TL: 1.026e-04	VL: 1.214e-03	LR:6.25e-05
Epoch: 238	TL: 1.029e-04	VL: 1.211e-03	LR:6.25e-05
Epoch: 239	TL: 9.897e-05	VL: 1.200e-03	LR:6.25e-05
Epoch: 240	TL: 9.875e-05	VL: 1.190e-03	LR:6.25e-05
Epoch: 241	TL: 9.921e-05	VL: 1.220e-03	LR:6.25e-05
Epoch: 242	TL: 1.008e-04	VL: 1.224e-03	LR:6.25e-05
Epoch: 243	TL: 9.969e-05	VL: 1.217e-03	LR:6.25e-05
Epoch: 244	TL: 9.916e-05	VL: 1.224e-03	LR:6.25e-05
Epoch: 245	TL: 9.908e-05	VL: 1.205e-03	LR:6.25e-05
Epoch: 246	TL: 9.753e-05	VL: 1.195e-03	LR:3.125e-05
Epoch: 247	TL: 7.423e-05	VL: 1.204e-03	LR:3.125e-05
Epoch: 248	TL: 7.216e-05	VL: 1.191e-03	LR:3.125e-05
Epoch: 249	TL: 7.411e-05	VL: 1.207e-03	LR:3.125e-05
Epoch: 250	TL: 7.419e-05	VL: 1.192e-03	LR:3.125e-05
Epoch: 251	TL: 7.217e-05	VL: 1.189e-03	LR:3.125e-05
Epoch: 252	TL: 7.295e-05	VL: 1.196e-03	LR:3.125e-05
Epoch: 253	TL: 7.302e-05	VL: 1.197e-03	LR:3.125e-05
Epoch: 254	TL: 7.173e-05	VL: 1.197e-03	LR:3.125e-05
Epoch: 255	TL: 7.374e-05	VL: 1.200e-03	LR:3.125e-05
Epoch: 256	TL: 7.154e-05	VL: 1.227e-03	LR:3.125e-05
Epoch: 257	TL: 7.105e-05	VL: 1.201e-03	LR:3.125e-05
Epoch: 258	TL: 7.114e-05	VL: 1.191e-03	LR:3.125e-05
Epoch: 259	TL: 7.246e-05	VL: 1.194e-03	LR:3.125e-05
Epoch: 260	TL: 7.092e-05	VL: 1.230e-03	LR:3.125e-05
Epoch: 261	TL: 7.177e-05	VL: 1.194e-03	LR:3.125e-05
Epoch: 262	TL: 7.145e-05	VL: 1.187e-03	LR:3.125e-05
Epoch: 263	TL: 7.086e-05	VL: 1.210e-03	LR:3.125e-05
Epoch: 264	TL: 7.103e-05	VL: 1.193e-03	LR:3.125e-05
Epoch: 265	TL: 7.109e-05	VL: 1.196e-03	LR:3.125e-05
Epoch: 266	TL: 6.993e-05	VL: 1.185e-03	LR:3.125e-05
Epoch: 267	TL: 7.039e-05	VL: 1.200e-03	LR:3.125e-05
Epoch: 268	TL: 7.065e-05	VL: 1.194e-03	LR:3.125e-05
Epoch: 269	TL: 7.033e-05	VL: 1.182e-03	LR:3.125e-05
Epoch: 270	TL: 7.051e-05	VL: 1.187e-03	LR:3.125e-05
Epoch: 271	TL: 6.925e-05	VL: 1.201e-03	LR:3.125e-05
Epoch: 272	TL: 6.925e-05	VL: 1.200e-03	LR:3.125e-05
Epoch: 273	TL: 6.996e-05	VL: 1.203e-03	LR:3.125e-05
Epoch: 274	TL: 6.821e-05	VL: 1.195e-03	LR:3.125e-05
Epoch: 275	TL: 7.044e-05	VL: 1.210e-03	LR:3.125e-05
Epoch: 276	TL: 6.847e-05	VL: 1.182e-03	LR:1.5625e-05
Epoch: 277	TL: 5.803e-05	VL: 1.187e-03	LR:1.5625e-05
Epoch: 278	TL: 5.878e-05	VL: 1.190e-03	LR:1.5625e-05
Epoch: 279	TL: 5.885e-05	VL: 1.186e-03	LR:1.5625e-05
Epoch: 280	TL: 5.807e-05	VL: 1.182e-03	LR:1.5625e-05
Epoch: 281	TL: 5.853e-05	VL: 1.179e-03	LR:1.5625e-05
Epoch: 282	TL: 5.809e-05	VL: 1.189e-03	LR:1.5625e-05
Epoch: 283	TL: 5.781e-05	VL: 1.180e-03	LR:1.5625e-05
Epoch: 284	TL: 5.793e-05	VL: 1.183e-03	LR:1.5625e-05
Epoch: 285	TL: 5.810e-05	VL: 1.178e-03	LR:1.5625e-05
Epoch: 286	TL: 5.838e-05	VL: 1.190e-03	LR:1.5625e-05
Epoch: 287	TL: 5.803e-05	VL: 1.185e-03	LR:1.5625e-05
Epoch: 288	TL: 5.802e-05	VL: 1.184e-03	LR:1.5625e-05
Epoch: 289	TL: 5.718e-05	VL: 1.193e-03	LR:1.5625e-05
Epoch: 290	TL: 5.770e-05	VL: 1.187e-03	LR:1.5625e-05
Epoch: 291	TL: 5.764e-05	VL: 1.185e-03	LR:1.5625e-05
Epoch: 292	TL: 5.779e-05	VL: 1.186e-03	LR:1.5625e-05
Epoch: 293	TL: 5.718e-05	VL: 1.183e-03	LR:1.5625e-05
Epoch: 294	TL: 5.688e-05	VL: 1.184e-03	LR:1.5625e-05
Epoch: 295	TL: 5.765e-05	VL: 1.186e-03	LR:1.5625e-05
Epoch: 296	TL: 5.680e-05	VL: 1.183e-03	LR:1.5625e-05
Epoch: 297	TL: 5.684e-05	VL: 1.183e-03	LR:1.5625e-05
Epoch: 298	TL: 5.691e-05	VL: 1.186e-03	LR:1.5625e-05
Epoch: 299	TL: 5.682e-05	VL: 1.184e-03	LR:1.5625e-05
Epoch: 300	TL: 5.675e-05	VL: 1.190e-03	LR:1.5625e-05
Epoch: 301	TL: 5.648e-05	VL: 1.183e-03	LR:1.5625e-05
Epoch: 302	TL: 5.674e-05	VL: 1.184e-03	LR:1.5625e-05
Epoch: 303	TL: 5.636e-05	VL: 1.192e-03	LR:1.5625e-05
Epoch: 304	TL: 5.596e-05	VL: 1.181e-03	LR:1.5625e-05
Epoch: 305	TL: 5.627e-05	VL: 1.191e-03	LR:1.5625e-05
Epoch: 306	TL: 5.620e-05	VL: 1.191e-03	LR:1.5625e-05
Epoch: 307	TL: 5.672e-05	VL: 1.182e-03	LR:1.5625e-05
Epoch: 308	TL: 5.595e-05	VL: 1.202e-03	LR:7.8125e-06
Epoch: 309	TL: 5.134e-05	VL: 1.183e-03	LR:7.8125e-06
Epoch: 310	TL: 5.118e-05	VL: 1.183e-03	LR:7.8125e-06
Epoch: 311	TL: 5.109e-05	VL: 1.183e-03	LR:7.8125e-06
Epoch: 312	TL: 5.162e-05	VL: 1.182e-03	LR:7.8125e-06
Epoch: 313	TL: 5.098e-05	VL: 1.182e-03	LR:7.8125e-06
Epoch: 314	TL: 5.107e-05	VL: 1.181e-03	LR:7.8125e-06
Epoch: 315	TL: 5.121e-05	VL: 1.185e-03	LR:7.8125e-06
Epoch: 316	TL: 5.128e-05	VL: 1.185e-03	LR:7.8125e-06
Epoch: 317	TL: 5.110e-05	VL: 1.181e-03	LR:7.8125e-06
Epoch: 318	TL: 5.123e-05	VL: 1.183e-03	LR:7.8125e-06
Epoch: 319	TL: 5.079e-05	VL: 1.185e-03	LR:7.8125e-06
Epoch: 320	TL: 5.090e-05	VL: 1.185e-03	LR:7.8125e-06
Epoch: 321	TL: 5.090e-05	VL: 1.185e-03	LR:7.8125e-06
Epoch: 322	TL: 5.119e-05	VL: 1.192e-03	LR:7.8125e-06
Epoch: 323	TL: 5.047e-05	VL: 1.185e-03	LR:7.8125e-06
Epoch: 324	TL: 5.078e-05	VL: 1.184e-03	LR:3.90625e-06
Epoch: 325	TL: 4.830e-05	VL: 1.183e-03	LR:3.90625e-06
Epoch: 326	TL: 4.807e-05	VL: 1.184e-03	LR:3.90625e-06
Epoch: 327	TL: 4.815e-05	VL: 1.181e-03	LR:3.90625e-06
Epoch: 328	TL: 4.812e-05	VL: 1.182e-03	LR:3.90625e-06
Epoch: 329	TL: 4.813e-05	VL: 1.182e-03	LR:3.90625e-06
Epoch: 330	TL: 4.825e-05	VL: 1.183e-03	LR:3.90625e-06
Epoch: 331	TL: 4.794e-05	VL: 1.184e-03	LR:3.90625e-06
Epoch: 332	TL: 4.802e-05	VL: 1.182e-03	LR:3.90625e-06
Epoch: 333	TL: 4.801e-05	VL: 1.184e-03	LR:3.90625e-06
Epoch: 334	TL: 4.805e-05	VL: 1.186e-03	LR:3.90625e-06
Epoch: 335	TL: 4.818e-05	VL: 1.190e-03	LR:3.90625e-06
Epoch: 336	TL: 4.783e-05	VL: 1.182e-03	LR:3.90625e-06
Epoch: 337	TL: 4.800e-05	VL: 1.182e-03	LR:3.90625e-06
Epoch: 338	TL: 4.786e-05	VL: 1.185e-03	LR:1.953125e-06
Epoch: 339	TL: 4.657e-05	VL: 1.183e-03	LR:1.953125e-06
Epoch: 340	TL: 4.653e-05	VL: 1.182e-03	LR:1.953125e-06
Epoch: 341	TL: 4.657e-05	VL: 1.184e-03	LR:1.953125e-06
Epoch: 342	TL: 4.667e-05	VL: 1.184e-03	LR:1.953125e-06
Epoch: 343	TL: 4.643e-05	VL: 1.180e-03	LR:1.953125e-06
Epoch: 344	TL: 4.656e-05	VL: 1.185e-03	LR:1.953125e-06
Epoch: 345	TL: 4.655e-05	VL: 1.185e-03	LR:1.953125e-06
Epoch: 346	TL: 4.662e-05	VL: 1.181e-03	LR:1.953125e-06
Epoch: 347	TL: 4.643e-05	VL: 1.183e-03	LR:1.953125e-06
Epoch: 348	TL: 4.644e-05	VL: 1.185e-03	LR:1.953125e-06
Epoch: 349	TL: 4.647e-05	VL: 1.183e-03	LR:1.953125e-06
Epoch: 350	TL: 4.656e-05	VL: 1.182e-03	LR:1.953125e-06
Epoch: 351	TL: 4.641e-05	VL: 1.182e-03	LR:1.953125e-06
Epoch: 352	TL: 4.653e-05	VL: 1.182e-03	LR:1.953125e-06
Epoch: 353	TL: 4.634e-05	VL: 1.183e-03	LR:1.953125e-06
Epoch: 354	TL: 4.640e-05	VL: 1.185e-03	LR:1.953125e-06
Epoch: 355	TL: 4.648e-05	VL: 1.181e-03	LR:1.953125e-06
Epoch: 356	TL: 4.635e-05	VL: 1.181e-03	LR:1.953125e-06
Epoch: 357	TL: 4.639e-05	VL: 1.181e-03	LR:1.953125e-06
Epoch: 358	TL: 4.633e-05	VL: 1.185e-03	LR:1.953125e-06
Epoch: 359	TL: 4.623e-05	VL: 1.184e-03	LR:1.953125e-06
Epoch: 360	TL: 4.632e-05	VL: 1.183e-03	LR:1.953125e-06
Epoch: 361	TL: 4.635e-05	VL: 1.182e-03	LR:1.953125e-06
Epoch: 362	TL: 4.644e-05	VL: 1.182e-03	LR:1.953125e-06
Epoch: 363	TL: 4.624e-05	VL: 1.184e-03	LR:9.765625e-07
Epoch: 364	TL: 4.557e-05	VL: 1.183e-03	LR:9.765625e-07
Epoch: 365	TL: 4.560e-05	VL: 1.181e-03	LR:9.765625e-07
Epoch: 366	TL: 4.562e-05	VL: 1.182e-03	LR:9.765625e-07
Epoch: 367	TL: 4.554e-05	VL: 1.181e-03	LR:9.765625e-07
Epoch: 368	TL: 4.555e-05	VL: 1.181e-03	LR:9.765625e-07
Epoch: 369	TL: 4.553e-05	VL: 1.182e-03	LR:9.765625e-07
Epoch: 370	TL: 4.555e-05	VL: 1.181e-03	LR:9.765625e-07
Epoch: 371	TL: 4.555e-05	VL: 1.182e-03	LR:9.765625e-07
Epoch: 372	TL: 4.551e-05	VL: 1.181e-03	LR:9.765625e-07
Epoch: 373	TL: 4.548e-05	VL: 1.182e-03	LR:9.765625e-07
Epoch: 374	TL: 4.551e-05	VL: 1.182e-03	LR:9.765625e-07
Epoch: 375	TL: 4.558e-05	VL: 1.186e-03	LR:9.765625e-07
Epoch: 376	TL: 4.554e-05	VL: 1.181e-03	LR:9.765625e-07
Epoch: 377	TL: 4.549e-05	VL: 1.181e-03	LR:9.765625e-07
Epoch: 378	TL: 4.546e-05	VL: 1.183e-03	LR:9.765625e-07
Epoch: 379	TL: 4.552e-05	VL: 1.181e-03	LR:9.765625e-07
Epoch: 380	TL: 4.548e-05	VL: 1.183e-03	LR:4.8828125e-07
Epoch: 381	TL: 4.514e-05	VL: 1.182e-03	LR:4.8828125e-07
Epoch: 382	TL: 4.511e-05	VL: 1.183e-03	LR:4.8828125e-07
Epoch: 383	TL: 4.511e-05	VL: 1.182e-03	LR:4.8828125e-07
Epoch: 384	TL: 4.510e-05	VL: 1.181e-03	LR:4.8828125e-07
Epoch: 385	TL: 4.511e-05	VL: 1.183e-03	LR:4.8828125e-07
Epoch: 386	TL: 4.510e-05	VL: 1.182e-03	LR:2.44140625e-07
Epoch: 387	TL: 4.492e-05	VL: 1.182e-03	LR:2.44140625e-07
Epoch: 388	TL: 4.490e-05	VL: 1.182e-03	LR:2.44140625e-07
Epoch: 389	TL: 4.487e-05	VL: 1.181e-03	LR:2.44140625e-07
Epoch: 390	TL: 4.484e-05	VL: 1.182e-03	LR:2.44140625e-07
Epoch: 391	TL: 4.489e-05	VL: 1.181e-03	LR:2.44140625e-07
Epoch: 392	TL: 4.489e-05	VL: 1.182e-03	LR:2.44140625e-07
Epoch: 393	TL: 4.492e-05	VL: 1.182e-03	LR:2.44140625e-07
Epoch: 394	TL: 4.485e-05	VL: 1.182e-03	LR:2.44140625e-07
Epoch: 395	TL: 4.493e-05	VL: 1.181e-03	LR:2.44140625e-07
Epoch: 396	TL: 4.483e-05	VL: 1.182e-03	LR:2.44140625e-07
Epoch: 397	TL: 4.491e-05	VL: 1.181e-03	LR:2.44140625e-07
Epoch: 398	TL: 4.486e-05	VL: 1.182e-03	LR:2.44140625e-07
Epoch: 399	TL: 4.486e-05	VL: 1.182e-03	LR:2.44140625e-07
Epoch: 400	TL: 4.487e-05	VL: 1.182e-03	LR:2.44140625e-07
Epoch: 401	TL: 4.489e-05	VL: 1.182e-03	LR:2.44140625e-07
Epoch: 402	TL: 4.487e-05	VL: 1.183e-03	LR:2.44140625e-07
Epoch: 403	TL: 4.486e-05	VL: 1.182e-03	LR:1.220703125e-07
Epoch: 404	TL: 4.477e-05	VL: 1.183e-03	LR:1.220703125e-07
Epoch: 405	TL: 4.475e-05	VL: 1.181e-03	LR:1.220703125e-07
Epoch: 406	TL: 4.472e-05	VL: 1.182e-03	LR:1.220703125e-07
Epoch: 407	TL: 4.469e-05	VL: 1.182e-03	LR:1.220703125e-07
Epoch: 408	TL: 4.471e-05	VL: 1.183e-03	LR:1.220703125e-07
Epoch: 409	TL: 4.474e-05	VL: 1.182e-03	LR:6.103515625e-08
Epoch: 410	TL: 4.470e-05	VL: 1.182e-03	LR:6.103515625e-08
Epoch: 411	TL: 4.466e-05	VL: 1.182e-03	LR:6.103515625e-08
Epoch: 412	TL: 4.466e-05	VL: 1.182e-03	LR:6.103515625e-08
Epoch: 413	TL: 4.465e-05	VL: 1.182e-03	LR:6.103515625e-08
Epoch: 414	TL: 4.470e-05	VL: 1.182e-03	LR:6.103515625e-08
Epoch: 415	TL: 4.472e-05	VL: 1.182e-03	LR:3.0517578125e-08
Epoch: 416	TL: 4.466e-05	VL: 1.182e-03	LR:3.0517578125e-08
Epoch: 417	TL: 4.463e-05	VL: 1.182e-03	LR:3.0517578125e-08
Epoch: 418	TL: 4.464e-05	VL: 1.182e-03	LR:3.0517578125e-08
Epoch: 419	TL: 4.469e-05	VL: 1.182e-03	LR:3.0517578125e-08
Epoch: 420	TL: 4.467e-05	VL: 1.183e-03	LR:3.0517578125e-08
Epoch: 421	TL: 4.464e-05	VL: 1.182e-03	LR:1.52587890625e-08
Epoch: 422	TL: 4.462e-05	VL: 1.182e-03	LR:1.52587890625e-08
Epoch: 423	TL: 4.464e-05	VL: 1.182e-03	LR:1.52587890625e-08
Epoch: 424	TL: 4.463e-05	VL: 1.182e-03	LR:1.52587890625e-08
Epoch: 425	TL: 4.467e-05	VL: 1.182e-03	LR:1.52587890625e-08
Epoch: 426	TL: 4.462e-05	VL: 1.182e-03	LR:1.52587890625e-08
Epoch: 427	TL: 4.463e-05	VL: 1.182e-03	LR:1.52587890625e-08
Epoch: 428	TL: 4.462e-05	VL: 1.182e-03	LR:1.52587890625e-08
Early stopping triggered after 429 epochs.
Test MAE: 18.215
