Wed Dec  4 04:32:56 2024       
+-----------------------------------------------------------------------------------------+
| NVIDIA-SMI 565.57.01              Driver Version: 565.57.01      CUDA Version: 12.7     |
|-----------------------------------------+------------------------+----------------------+
| GPU  Name                 Persistence-M | Bus-Id          Disp.A | Volatile Uncorr. ECC |
| Fan  Temp   Perf          Pwr:Usage/Cap |           Memory-Usage | GPU-Util  Compute M. |
|                                         |                        |               MIG M. |
|=========================================+========================+======================|
|   0  Tesla V100-SXM2-32GB           On  |   00000000:15:00.0 Off |                    0 |
| N/A   31C    P0             40W /  300W |       1MiB /  32768MiB |      0%   E. Process |
|                                         |                        |                  N/A |
+-----------------------------------------+------------------------+----------------------+
                                                                                         
+-----------------------------------------------------------------------------------------+
| Processes:                                                                              |
|  GPU   GI   CI        PID   Type   Process name                              GPU Memory |
|        ID   ID                                                               Usage      |
|=========================================================================================|
|  No running processes found                                                             |
+-----------------------------------------------------------------------------------------+
cuda
Tesla V100-SXM2-32GB
Epoch: 1	TL: 2.989e-01	VL: 4.820e-02	LR:0.0005
Epoch: 2	TL: 4.610e-02	VL: 4.166e-02	LR:0.0005
Epoch: 3	TL: 2.708e-02	VL: 2.693e-02	LR:0.0005
Epoch: 4	TL: 1.807e-02	VL: 1.199e-02	LR:0.0005
Epoch: 5	TL: 1.444e-02	VL: 8.801e-03	LR:0.0005
Epoch: 6	TL: 1.191e-02	VL: 1.270e-02	LR:0.0005
Epoch: 7	TL: 1.034e-02	VL: 7.005e-03	LR:0.0005
Epoch: 8	TL: 9.481e-03	VL: 5.727e-03	LR:0.0005
Epoch: 9	TL: 8.661e-03	VL: 5.843e-03	LR:0.0005
Epoch: 10	TL: 8.185e-03	VL: 1.089e-02	LR:0.0005
Epoch: 11	TL: 7.388e-03	VL: 6.684e-03	LR:0.0005
Epoch: 12	TL: 7.107e-03	VL: 5.683e-03	LR:0.0005
Epoch: 13	TL: 6.520e-03	VL: 4.784e-03	LR:0.0005
Epoch: 14	TL: 6.412e-03	VL: 7.082e-03	LR:0.0005
Epoch: 15	TL: 5.536e-03	VL: 5.852e-03	LR:0.0005
Epoch: 16	TL: 5.531e-03	VL: 5.665e-03	LR:0.0005
Epoch: 17	TL: 5.355e-03	VL: 7.165e-03	LR:0.0005
Epoch: 18	TL: 5.144e-03	VL: 5.145e-03	LR:0.0005
Epoch: 19	TL: 5.132e-03	VL: 6.583e-03	LR:0.0005
Epoch: 20	TL: 4.607e-03	VL: 5.984e-03	LR:0.0005
Epoch: 21	TL: 4.300e-03	VL: 4.179e-03	LR:0.0005
Epoch: 22	TL: 4.290e-03	VL: 3.083e-03	LR:0.0005
Epoch: 23	TL: 3.875e-03	VL: 4.932e-03	LR:0.0005
Epoch: 24	TL: 4.265e-03	VL: 3.032e-03	LR:0.0005
Epoch: 25	TL: 3.706e-03	VL: 3.577e-03	LR:0.0005
Epoch: 26	TL: 3.584e-03	VL: 8.044e-03	LR:0.0005
Epoch: 27	TL: 3.473e-03	VL: 2.316e-03	LR:0.0005
Epoch: 28	TL: 3.301e-03	VL: 2.820e-03	LR:0.0005
Epoch: 29	TL: 3.506e-03	VL: 7.252e-03	LR:0.0005
Epoch: 30	TL: 3.171e-03	VL: 4.774e-03	LR:0.0005
Epoch: 31	TL: 3.169e-03	VL: 2.679e-03	LR:0.0005
Epoch: 32	TL: 3.068e-03	VL: 2.782e-03	LR:0.0005
Epoch: 33	TL: 3.016e-03	VL: 2.382e-03	LR:0.0005
Epoch: 34	TL: 2.714e-03	VL: 4.848e-03	LR:0.0005
Epoch: 35	TL: 2.833e-03	VL: 3.256e-03	LR:0.0005
Epoch: 36	TL: 2.826e-03	VL: 2.089e-03	LR:0.0005
Epoch: 37	TL: 2.598e-03	VL: 2.064e-03	LR:0.0005
Epoch: 38	TL: 2.554e-03	VL: 1.977e-03	LR:0.0005
Epoch: 39	TL: 2.425e-03	VL: 5.505e-03	LR:0.0005
Epoch: 40	TL: 2.577e-03	VL: 2.500e-03	LR:0.0005
Epoch: 41	TL: 2.557e-03	VL: 3.124e-03	LR:0.0005
Epoch: 42	TL: 2.462e-03	VL: 4.182e-03	LR:0.0005
Epoch: 43	TL: 2.401e-03	VL: 2.512e-03	LR:0.0005
Epoch: 44	TL: 2.342e-03	VL: 2.866e-03	LR:0.0005
Epoch: 45	TL: 2.233e-03	VL: 2.133e-03	LR:0.0005
Epoch: 46	TL: 2.262e-03	VL: 2.599e-03	LR:0.0005
Epoch: 47	TL: 2.190e-03	VL: 2.244e-03	LR:0.0005
Epoch: 48	TL: 1.996e-03	VL: 1.976e-03	LR:0.0005
Epoch: 49	TL: 2.123e-03	VL: 2.259e-03	LR:0.0005
Epoch: 50	TL: 2.385e-03	VL: 3.964e-03	LR:0.0005
Epoch: 51	TL: 1.939e-03	VL: 3.380e-03	LR:0.0005
Epoch: 52	TL: 2.138e-03	VL: 1.957e-03	LR:0.0005
Epoch: 53	TL: 1.882e-03	VL: 1.716e-03	LR:0.0005
Epoch: 54	TL: 1.959e-03	VL: 1.814e-03	LR:0.0005
Epoch: 55	TL: 2.094e-03	VL: 2.984e-03	LR:0.0005
Epoch: 56	TL: 1.860e-03	VL: 2.559e-03	LR:0.0005
Epoch: 57	TL: 1.756e-03	VL: 1.894e-03	LR:0.0005
Epoch: 58	TL: 1.881e-03	VL: 1.697e-03	LR:0.0005
Epoch: 59	TL: 1.790e-03	VL: 1.809e-03	LR:0.0005
Epoch: 60	TL: 1.881e-03	VL: 1.302e-03	LR:0.0005
Epoch: 61	TL: 1.714e-03	VL: 1.854e-03	LR:0.0005
Epoch: 62	TL: 1.897e-03	VL: 2.095e-03	LR:0.0005
Epoch: 63	TL: 1.869e-03	VL: 2.186e-03	LR:0.0005
Epoch: 64	TL: 1.754e-03	VL: 3.245e-03	LR:0.0005
Epoch: 65	TL: 1.732e-03	VL: 1.614e-03	LR:0.0005
Epoch: 66	TL: 1.641e-03	VL: 1.478e-03	LR:0.0005
Epoch: 67	TL: 1.724e-03	VL: 1.470e-03	LR:0.0005
Epoch: 68	TL: 1.599e-03	VL: 1.570e-03	LR:0.0005
Epoch: 69	TL: 1.624e-03	VL: 1.362e-03	LR:0.0005
Epoch: 70	TL: 1.692e-03	VL: 4.264e-03	LR:0.0005
Epoch: 71	TL: 1.723e-03	VL: 1.788e-03	LR:0.0005
Epoch: 72	TL: 1.475e-03	VL: 1.588e-03	LR:0.0005
Epoch: 73	TL: 1.561e-03	VL: 1.576e-03	LR:0.0005
Epoch: 74	TL: 1.563e-03	VL: 2.042e-03	LR:0.0005
Epoch: 75	TL: 1.519e-03	VL: 1.767e-03	LR:0.00025
Epoch: 76	TL: 6.405e-04	VL: 1.221e-03	LR:0.00025
Epoch: 77	TL: 7.271e-04	VL: 1.231e-03	LR:0.00025
Epoch: 78	TL: 7.782e-04	VL: 1.055e-03	LR:0.00025
Epoch: 79	TL: 8.048e-04	VL: 1.130e-03	LR:0.00025
Epoch: 80	TL: 7.246e-04	VL: 1.055e-03	LR:0.00025
Epoch: 81	TL: 7.363e-04	VL: 9.813e-04	LR:0.00025
Epoch: 82	TL: 7.756e-04	VL: 1.737e-03	LR:0.00025
Epoch: 83	TL: 7.588e-04	VL: 8.703e-04	LR:0.00025
Epoch: 84	TL: 6.942e-04	VL: 1.146e-03	LR:0.00025
Epoch: 85	TL: 7.458e-04	VL: 2.085e-03	LR:0.00025
Epoch: 86	TL: 7.124e-04	VL: 1.664e-03	LR:0.00025
Epoch: 87	TL: 7.306e-04	VL: 9.114e-04	LR:0.00025
Epoch: 88	TL: 6.943e-04	VL: 1.299e-03	LR:0.00025
Epoch: 89	TL: 7.334e-04	VL: 9.898e-04	LR:0.00025
Epoch: 90	TL: 6.329e-04	VL: 1.157e-03	LR:0.00025
Epoch: 91	TL: 6.979e-04	VL: 1.001e-03	LR:0.00025
Epoch: 92	TL: 6.912e-04	VL: 9.108e-04	LR:0.00025
Epoch: 93	TL: 6.637e-04	VL: 9.014e-04	LR:0.00025
Epoch: 94	TL: 6.488e-04	VL: 9.855e-04	LR:0.00025
Epoch: 95	TL: 6.929e-04	VL: 1.356e-03	LR:0.00025
Epoch: 96	TL: 6.932e-04	VL: 1.068e-03	LR:0.00025
Epoch: 97	TL: 6.576e-04	VL: 1.140e-03	LR:0.00025
Epoch: 98	TL: 6.673e-04	VL: 8.318e-04	LR:0.00025
Epoch: 99	TL: 6.322e-04	VL: 1.545e-03	LR:0.00025
Epoch: 100	TL: 6.975e-04	VL: 1.004e-03	LR:0.00025
Epoch: 101	TL: 6.530e-04	VL: 1.168e-03	LR:0.00025
Epoch: 102	TL: 6.809e-04	VL: 1.257e-03	LR:0.00025
Epoch: 103	TL: 6.104e-04	VL: 9.596e-04	LR:0.00025
Epoch: 104	TL: 6.196e-04	VL: 1.055e-03	LR:0.00025
Epoch: 105	TL: 6.644e-04	VL: 1.117e-03	LR:0.00025
Epoch: 106	TL: 6.829e-04	VL: 8.830e-04	LR:0.00025
Epoch: 107	TL: 5.892e-04	VL: 1.112e-03	LR:0.00025
Epoch: 108	TL: 6.658e-04	VL: 1.119e-03	LR:0.00025
Epoch: 109	TL: 5.714e-04	VL: 8.576e-04	LR:0.00025
Epoch: 110	TL: 6.711e-04	VL: 1.293e-03	LR:0.00025
Epoch: 111	TL: 6.147e-04	VL: 1.045e-03	LR:0.00025
Epoch: 112	TL: 5.699e-04	VL: 9.727e-04	LR:0.00025
Epoch: 113	TL: 6.093e-04	VL: 9.164e-04	LR:0.00025
Epoch: 114	TL: 6.369e-04	VL: 1.009e-03	LR:0.00025
Epoch: 115	TL: 5.834e-04	VL: 8.682e-04	LR:0.00025
Epoch: 116	TL: 5.829e-04	VL: 8.968e-04	LR:0.00025
Epoch: 117	TL: 5.779e-04	VL: 9.736e-04	LR:0.00025
Epoch: 118	TL: 6.335e-04	VL: 2.474e-03	LR:0.00025
Epoch: 119	TL: 5.546e-04	VL: 9.836e-04	LR:0.00025
Epoch: 120	TL: 5.623e-04	VL: 9.247e-04	LR:0.00025
Epoch: 121	TL: 6.260e-04	VL: 1.013e-03	LR:0.00025
Epoch: 122	TL: 5.858e-04	VL: 8.312e-04	LR:0.00025
Epoch: 123	TL: 5.667e-04	VL: 1.386e-03	LR:0.000125
Epoch: 124	TL: 3.178e-04	VL: 8.737e-04	LR:0.000125
Epoch: 125	TL: 3.332e-04	VL: 7.397e-04	LR:0.000125
Epoch: 126	TL: 3.534e-04	VL: 8.911e-04	LR:0.000125
Epoch: 127	TL: 3.466e-04	VL: 6.823e-04	LR:0.000125
Epoch: 128	TL: 3.446e-04	VL: 7.959e-04	LR:0.000125
Epoch: 129	TL: 3.405e-04	VL: 7.345e-04	LR:0.000125
Epoch: 130	TL: 3.494e-04	VL: 7.414e-04	LR:0.000125
Epoch: 131	TL: 3.261e-04	VL: 8.553e-04	LR:0.000125
Epoch: 132	TL: 3.552e-04	VL: 7.619e-04	LR:0.000125
Epoch: 133	TL: 3.290e-04	VL: 8.243e-04	LR:0.000125
Epoch: 134	TL: 3.273e-04	VL: 7.296e-04	LR:0.000125
Epoch: 135	TL: 3.418e-04	VL: 7.567e-04	LR:0.000125
Epoch: 136	TL: 3.310e-04	VL: 8.426e-04	LR:0.000125
Epoch: 137	TL: 3.249e-04	VL: 7.756e-04	LR:0.000125
Epoch: 138	TL: 3.381e-04	VL: 7.957e-04	LR:0.000125
Epoch: 139	TL: 3.314e-04	VL: 7.618e-04	LR:0.000125
Epoch: 140	TL: 3.151e-04	VL: 7.255e-04	LR:0.000125
Epoch: 141	TL: 3.319e-04	VL: 8.479e-04	LR:0.000125
Epoch: 142	TL: 3.170e-04	VL: 7.198e-04	LR:0.000125
Epoch: 143	TL: 3.221e-04	VL: 8.117e-04	LR:0.000125
Epoch: 144	TL: 3.207e-04	VL: 9.253e-04	LR:0.000125
Epoch: 145	TL: 3.174e-04	VL: 8.303e-04	LR:0.000125
Epoch: 146	TL: 3.160e-04	VL: 7.389e-04	LR:0.000125
Epoch: 147	TL: 3.142e-04	VL: 7.156e-04	LR:0.000125
Epoch: 148	TL: 3.062e-04	VL: 8.618e-04	LR:0.000125
Epoch: 149	TL: 3.312e-04	VL: 7.145e-04	LR:0.000125
Epoch: 150	TL: 3.019e-04	VL: 7.102e-04	LR:0.000125
Epoch: 151	TL: 3.163e-04	VL: 7.447e-04	LR:0.000125
Epoch: 152	TL: 2.979e-04	VL: 6.902e-04	LR:0.000125
Epoch: 153	TL: 3.194e-04	VL: 9.321e-04	LR:0.000125
Epoch: 154	TL: 3.154e-04	VL: 7.188e-04	LR:0.000125
Epoch: 155	TL: 3.044e-04	VL: 6.802e-04	LR:0.000125
Epoch: 156	TL: 3.099e-04	VL: 7.899e-04	LR:0.000125
Epoch: 157	TL: 3.120e-04	VL: 7.760e-04	LR:0.000125
Epoch: 158	TL: 2.938e-04	VL: 7.350e-04	LR:0.000125
Epoch: 159	TL: 3.046e-04	VL: 7.456e-04	LR:0.000125
Epoch: 160	TL: 3.052e-04	VL: 1.011e-03	LR:0.000125
Epoch: 161	TL: 3.019e-04	VL: 8.302e-04	LR:0.000125
Epoch: 162	TL: 2.987e-04	VL: 6.875e-04	LR:0.000125
Epoch: 163	TL: 2.904e-04	VL: 7.129e-04	LR:0.000125
Epoch: 164	TL: 2.971e-04	VL: 7.130e-04	LR:0.000125
Epoch: 165	TL: 2.916e-04	VL: 7.646e-04	LR:6.25e-05
Epoch: 166	TL: 2.004e-04	VL: 6.515e-04	LR:6.25e-05
Epoch: 167	TL: 2.065e-04	VL: 6.636e-04	LR:6.25e-05
Epoch: 168	TL: 2.137e-04	VL: 6.355e-04	LR:6.25e-05
Epoch: 169	TL: 2.104e-04	VL: 6.755e-04	LR:6.25e-05
Epoch: 170	TL: 2.135e-04	VL: 6.655e-04	LR:6.25e-05
Epoch: 171	TL: 2.073e-04	VL: 6.557e-04	LR:6.25e-05
Epoch: 172	TL: 2.067e-04	VL: 6.963e-04	LR:6.25e-05
Epoch: 173	TL: 2.122e-04	VL: 7.236e-04	LR:6.25e-05
Epoch: 174	TL: 2.018e-04	VL: 6.457e-04	LR:6.25e-05
Epoch: 175	TL: 2.034e-04	VL: 6.653e-04	LR:6.25e-05
Epoch: 176	TL: 2.078e-04	VL: 6.585e-04	LR:6.25e-05
Epoch: 177	TL: 2.030e-04	VL: 6.692e-04	LR:6.25e-05
Epoch: 178	TL: 2.081e-04	VL: 7.050e-04	LR:6.25e-05
Epoch: 179	TL: 2.000e-04	VL: 6.747e-04	LR:6.25e-05
Epoch: 180	TL: 2.016e-04	VL: 6.430e-04	LR:6.25e-05
Epoch: 181	TL: 2.006e-04	VL: 6.625e-04	LR:6.25e-05
Epoch: 182	TL: 2.020e-04	VL: 6.454e-04	LR:6.25e-05
Epoch: 183	TL: 2.016e-04	VL: 6.885e-04	LR:6.25e-05
Epoch: 184	TL: 2.005e-04	VL: 6.481e-04	LR:6.25e-05
Epoch: 185	TL: 1.965e-04	VL: 6.701e-04	LR:6.25e-05
Epoch: 186	TL: 2.037e-04	VL: 6.707e-04	LR:6.25e-05
Epoch: 187	TL: 1.958e-04	VL: 6.665e-04	LR:6.25e-05
Epoch: 188	TL: 1.975e-04	VL: 6.518e-04	LR:6.25e-05
Epoch: 189	TL: 1.969e-04	VL: 6.815e-04	LR:6.25e-05
Epoch: 190	TL: 2.006e-04	VL: 6.515e-04	LR:6.25e-05
Epoch: 191	TL: 1.936e-04	VL: 6.479e-04	LR:6.25e-05
Epoch: 192	TL: 1.980e-04	VL: 6.756e-04	LR:6.25e-05
Epoch: 193	TL: 1.931e-04	VL: 6.700e-04	LR:6.25e-05
Epoch: 194	TL: 1.947e-04	VL: 6.745e-04	LR:6.25e-05
Epoch: 195	TL: 1.926e-04	VL: 6.694e-04	LR:6.25e-05
Epoch: 196	TL: 1.892e-04	VL: 6.440e-04	LR:6.25e-05
Epoch: 197	TL: 1.973e-04	VL: 7.071e-04	LR:6.25e-05
Epoch: 198	TL: 1.990e-04	VL: 6.870e-04	LR:6.25e-05
Epoch: 199	TL: 1.935e-04	VL: 7.072e-04	LR:6.25e-05
Epoch: 200	TL: 1.867e-04	VL: 6.791e-04	LR:6.25e-05
Epoch: 201	TL: 1.938e-04	VL: 6.720e-04	LR:6.25e-05
Epoch: 202	TL: 1.907e-04	VL: 6.497e-04	LR:3.125e-05
Epoch: 203	TL: 1.515e-04	VL: 6.092e-04	LR:3.125e-05
Epoch: 204	TL: 1.559e-04	VL: 6.148e-04	LR:3.125e-05
Epoch: 205	TL: 1.550e-04	VL: 6.373e-04	LR:3.125e-05
Epoch: 206	TL: 1.558e-04	VL: 6.219e-04	LR:3.125e-05
Epoch: 207	TL: 1.569e-04	VL: 6.248e-04	LR:3.125e-05
Epoch: 208	TL: 1.561e-04	VL: 6.198e-04	LR:3.125e-05
Epoch: 209	TL: 1.555e-04	VL: 6.305e-04	LR:3.125e-05
Epoch: 210	TL: 1.559e-04	VL: 6.245e-04	LR:3.125e-05
Epoch: 211	TL: 1.545e-04	VL: 6.248e-04	LR:3.125e-05
Epoch: 212	TL: 1.564e-04	VL: 6.273e-04	LR:3.125e-05
Epoch: 213	TL: 1.525e-04	VL: 6.235e-04	LR:3.125e-05
Epoch: 214	TL: 1.522e-04	VL: 6.234e-04	LR:3.125e-05
Epoch: 215	TL: 1.543e-04	VL: 6.321e-04	LR:3.125e-05
Epoch: 216	TL: 1.533e-04	VL: 6.268e-04	LR:3.125e-05
Epoch: 217	TL: 1.522e-04	VL: 6.226e-04	LR:3.125e-05
Epoch: 218	TL: 1.527e-04	VL: 6.221e-04	LR:3.125e-05
Epoch: 219	TL: 1.497e-04	VL: 6.369e-04	LR:3.125e-05
Epoch: 220	TL: 1.526e-04	VL: 6.630e-04	LR:3.125e-05
Epoch: 221	TL: 1.526e-04	VL: 6.217e-04	LR:3.125e-05
Epoch: 222	TL: 1.516e-04	VL: 6.780e-04	LR:3.125e-05
Epoch: 223	TL: 1.508e-04	VL: 6.163e-04	LR:3.125e-05
Epoch: 224	TL: 1.502e-04	VL: 6.177e-04	LR:1.5625e-05
Epoch: 225	TL: 1.337e-04	VL: 6.018e-04	LR:1.5625e-05
Epoch: 226	TL: 1.333e-04	VL: 6.095e-04	LR:1.5625e-05
Epoch: 227	TL: 1.363e-04	VL: 6.048e-04	LR:1.5625e-05
Epoch: 228	TL: 1.336e-04	VL: 6.161e-04	LR:1.5625e-05
Epoch: 229	TL: 1.342e-04	VL: 6.091e-04	LR:1.5625e-05
Epoch: 230	TL: 1.331e-04	VL: 6.040e-04	LR:1.5625e-05
Epoch: 231	TL: 1.335e-04	VL: 6.052e-04	LR:1.5625e-05
Epoch: 232	TL: 1.346e-04	VL: 6.026e-04	LR:1.5625e-05
Epoch: 233	TL: 1.342e-04	VL: 6.013e-04	LR:1.5625e-05
Epoch: 234	TL: 1.326e-04	VL: 6.167e-04	LR:1.5625e-05
Epoch: 235	TL: 1.329e-04	VL: 6.279e-04	LR:1.5625e-05
Epoch: 236	TL: 1.330e-04	VL: 6.063e-04	LR:1.5625e-05
Epoch: 237	TL: 1.345e-04	VL: 5.989e-04	LR:1.5625e-05
Epoch: 238	TL: 1.318e-04	VL: 6.033e-04	LR:1.5625e-05
Epoch: 239	TL: 1.328e-04	VL: 6.228e-04	LR:1.5625e-05
Epoch: 240	TL: 1.333e-04	VL: 6.093e-04	LR:1.5625e-05
Epoch: 241	TL: 1.326e-04	VL: 6.048e-04	LR:1.5625e-05
Epoch: 242	TL: 1.311e-04	VL: 5.962e-04	LR:1.5625e-05
Epoch: 243	TL: 1.317e-04	VL: 5.980e-04	LR:1.5625e-05
Epoch: 244	TL: 1.309e-04	VL: 6.032e-04	LR:1.5625e-05
Epoch: 245	TL: 1.308e-04	VL: 6.114e-04	LR:1.5625e-05
Epoch: 246	TL: 1.314e-04	VL: 6.077e-04	LR:1.5625e-05
Epoch: 247	TL: 1.307e-04	VL: 6.056e-04	LR:1.5625e-05
Epoch: 248	TL: 1.313e-04	VL: 5.969e-04	LR:1.5625e-05
Epoch: 249	TL: 1.306e-04	VL: 5.998e-04	LR:1.5625e-05
Epoch: 250	TL: 1.304e-04	VL: 6.079e-04	LR:1.5625e-05
Epoch: 251	TL: 1.306e-04	VL: 5.978e-04	LR:1.5625e-05
Epoch: 252	TL: 1.303e-04	VL: 6.098e-04	LR:1.5625e-05
Epoch: 253	TL: 1.304e-04	VL: 6.107e-04	LR:1.5625e-05
Epoch: 254	TL: 1.296e-04	VL: 6.111e-04	LR:1.5625e-05
Epoch: 255	TL: 1.301e-04	VL: 6.041e-04	LR:1.5625e-05
Epoch: 256	TL: 1.299e-04	VL: 5.988e-04	LR:1.5625e-05
Epoch: 257	TL: 1.298e-04	VL: 6.014e-04	LR:1.5625e-05
Epoch: 258	TL: 1.289e-04	VL: 6.022e-04	LR:1.5625e-05
Epoch: 259	TL: 1.294e-04	VL: 5.968e-04	LR:1.5625e-05
Epoch: 260	TL: 1.294e-04	VL: 5.968e-04	LR:1.5625e-05
Epoch: 261	TL: 1.282e-04	VL: 6.032e-04	LR:1.5625e-05
Epoch: 262	TL: 1.287e-04	VL: 6.029e-04	LR:1.5625e-05
Epoch: 263	TL: 1.291e-04	VL: 5.982e-04	LR:1.5625e-05
Epoch: 264	TL: 1.287e-04	VL: 6.116e-04	LR:1.5625e-05
Epoch: 265	TL: 1.282e-04	VL: 6.035e-04	LR:1.5625e-05
Epoch: 266	TL: 1.296e-04	VL: 6.071e-04	LR:1.5625e-05
Epoch: 267	TL: 1.288e-04	VL: 6.011e-04	LR:1.5625e-05
Epoch: 268	TL: 1.282e-04	VL: 6.058e-04	LR:1.5625e-05
Epoch: 269	TL: 1.275e-04	VL: 6.232e-04	LR:7.8125e-06
Epoch: 270	TL: 1.201e-04	VL: 5.891e-04	LR:7.8125e-06
Epoch: 271	TL: 1.196e-04	VL: 5.937e-04	LR:7.8125e-06
Epoch: 272	TL: 1.202e-04	VL: 5.950e-04	LR:7.8125e-06
Epoch: 273	TL: 1.198e-04	VL: 6.069e-04	LR:7.8125e-06
Epoch: 274	TL: 1.202e-04	VL: 5.980e-04	LR:7.8125e-06
Epoch: 275	TL: 1.203e-04	VL: 5.955e-04	LR:7.8125e-06
Epoch: 276	TL: 1.190e-04	VL: 5.927e-04	LR:7.8125e-06
Epoch: 277	TL: 1.202e-04	VL: 5.986e-04	LR:7.8125e-06
Epoch: 278	TL: 1.195e-04	VL: 5.953e-04	LR:7.8125e-06
Epoch: 279	TL: 1.193e-04	VL: 5.916e-04	LR:7.8125e-06
Epoch: 280	TL: 1.192e-04	VL: 5.945e-04	LR:7.8125e-06
Epoch: 281	TL: 1.192e-04	VL: 5.951e-04	LR:7.8125e-06
Epoch: 282	TL: 1.187e-04	VL: 5.931e-04	LR:7.8125e-06
Epoch: 283	TL: 1.193e-04	VL: 5.894e-04	LR:7.8125e-06
Epoch: 284	TL: 1.188e-04	VL: 5.928e-04	LR:7.8125e-06
Epoch: 285	TL: 1.188e-04	VL: 5.957e-04	LR:7.8125e-06
Epoch: 286	TL: 1.187e-04	VL: 5.886e-04	LR:7.8125e-06
Epoch: 287	TL: 1.186e-04	VL: 6.058e-04	LR:7.8125e-06
Epoch: 288	TL: 1.185e-04	VL: 5.955e-04	LR:7.8125e-06
Epoch: 289	TL: 1.192e-04	VL: 5.963e-04	LR:7.8125e-06
Epoch: 290	TL: 1.177e-04	VL: 5.989e-04	LR:7.8125e-06
Epoch: 291	TL: 1.178e-04	VL: 5.957e-04	LR:7.8125e-06
Epoch: 292	TL: 1.192e-04	VL: 5.902e-04	LR:3.90625e-06
Epoch: 293	TL: 1.140e-04	VL: 5.841e-04	LR:3.90625e-06
Epoch: 294	TL: 1.139e-04	VL: 5.878e-04	LR:3.90625e-06
Epoch: 295	TL: 1.139e-04	VL: 5.896e-04	LR:3.90625e-06
Epoch: 296	TL: 1.137e-04	VL: 5.887e-04	LR:3.90625e-06
Epoch: 297	TL: 1.139e-04	VL: 5.872e-04	LR:3.90625e-06
Epoch: 298	TL: 1.139e-04	VL: 5.872e-04	LR:3.90625e-06
Epoch: 299	TL: 1.142e-04	VL: 5.891e-04	LR:3.90625e-06
Epoch: 300	TL: 1.136e-04	VL: 5.905e-04	LR:3.90625e-06
Epoch: 301	TL: 1.138e-04	VL: 5.886e-04	LR:3.90625e-06
Epoch: 302	TL: 1.141e-04	VL: 5.954e-04	LR:3.90625e-06
Epoch: 303	TL: 1.135e-04	VL: 5.880e-04	LR:3.90625e-06
Epoch: 304	TL: 1.138e-04	VL: 5.872e-04	LR:3.90625e-06
Epoch: 305	TL: 1.139e-04	VL: 5.884e-04	LR:3.90625e-06
Epoch: 306	TL: 1.138e-04	VL: 5.931e-04	LR:3.90625e-06
Epoch: 307	TL: 1.137e-04	VL: 5.890e-04	LR:3.90625e-06
Epoch: 308	TL: 1.134e-04	VL: 5.909e-04	LR:3.90625e-06
Epoch: 309	TL: 1.137e-04	VL: 5.877e-04	LR:3.90625e-06
Epoch: 310	TL: 1.137e-04	VL: 5.894e-04	LR:3.90625e-06
Epoch: 311	TL: 1.136e-04	VL: 5.887e-04	LR:3.90625e-06
Epoch: 312	TL: 1.139e-04	VL: 5.905e-04	LR:3.90625e-06
Epoch: 313	TL: 1.135e-04	VL: 5.862e-04	LR:3.90625e-06
Epoch: 314	TL: 1.137e-04	VL: 5.922e-04	LR:3.90625e-06
Epoch: 315	TL: 1.133e-04	VL: 5.857e-04	LR:3.90625e-06
Epoch: 316	TL: 1.131e-04	VL: 5.869e-04	LR:3.90625e-06
Epoch: 317	TL: 1.135e-04	VL: 5.942e-04	LR:3.90625e-06
Epoch: 318	TL: 1.130e-04	VL: 5.895e-04	LR:3.90625e-06
Epoch: 319	TL: 1.134e-04	VL: 5.911e-04	LR:3.90625e-06
Epoch: 320	TL: 1.137e-04	VL: 5.830e-04	LR:3.90625e-06
Epoch: 321	TL: 1.131e-04	VL: 5.875e-04	LR:3.90625e-06
Epoch: 322	TL: 1.130e-04	VL: 5.861e-04	LR:3.90625e-06
Epoch: 323	TL: 1.132e-04	VL: 5.847e-04	LR:3.90625e-06
Epoch: 324	TL: 1.133e-04	VL: 5.862e-04	LR:3.90625e-06
Epoch: 325	TL: 1.131e-04	VL: 5.862e-04	LR:3.90625e-06
Epoch: 326	TL: 1.130e-04	VL: 5.879e-04	LR:3.90625e-06
Epoch: 327	TL: 1.129e-04	VL: 5.885e-04	LR:3.90625e-06
Epoch: 328	TL: 1.127e-04	VL: 5.903e-04	LR:3.90625e-06
Epoch: 329	TL: 1.130e-04	VL: 6.000e-04	LR:3.90625e-06
Epoch: 330	TL: 1.130e-04	VL: 5.867e-04	LR:3.90625e-06
Epoch: 331	TL: 1.130e-04	VL: 5.849e-04	LR:1.953125e-06
Epoch: 332	TL: 1.104e-04	VL: 5.879e-04	LR:1.953125e-06
Epoch: 333	TL: 1.104e-04	VL: 5.891e-04	LR:1.953125e-06
Epoch: 334	TL: 1.105e-04	VL: 5.866e-04	LR:1.953125e-06
Epoch: 335	TL: 1.105e-04	VL: 5.853e-04	LR:1.953125e-06
Epoch: 336	TL: 1.104e-04	VL: 5.895e-04	LR:1.953125e-06
Epoch: 337	TL: 1.104e-04	VL: 5.874e-04	LR:9.765625e-07
Epoch: 338	TL: 1.092e-04	VL: 5.831e-04	LR:9.765625e-07
Epoch: 339	TL: 1.093e-04	VL: 5.844e-04	LR:9.765625e-07
Epoch: 340	TL: 1.093e-04	VL: 5.841e-04	LR:9.765625e-07
Epoch: 341	TL: 1.092e-04	VL: 5.855e-04	LR:9.765625e-07
Epoch: 342	TL: 1.090e-04	VL: 5.849e-04	LR:9.765625e-07
Epoch: 343	TL: 1.091e-04	VL: 5.845e-04	LR:9.765625e-07
Epoch: 344	TL: 1.091e-04	VL: 5.850e-04	LR:9.765625e-07
Epoch: 345	TL: 1.091e-04	VL: 5.840e-04	LR:9.765625e-07
Epoch: 346	TL: 1.091e-04	VL: 5.851e-04	LR:9.765625e-07
Epoch: 347	TL: 1.092e-04	VL: 5.841e-04	LR:9.765625e-07
Epoch: 348	TL: 1.091e-04	VL: 5.858e-04	LR:9.765625e-07
Epoch: 349	TL: 1.091e-04	VL: 5.840e-04	LR:9.765625e-07
Epoch: 350	TL: 1.092e-04	VL: 5.853e-04	LR:9.765625e-07
Epoch: 351	TL: 1.090e-04	VL: 5.831e-04	LR:9.765625e-07
Epoch: 352	TL: 1.089e-04	VL: 5.860e-04	LR:9.765625e-07
Epoch: 353	TL: 1.090e-04	VL: 5.851e-04	LR:9.765625e-07
Epoch: 354	TL: 1.091e-04	VL: 5.843e-04	LR:9.765625e-07
Epoch: 355	TL: 1.091e-04	VL: 5.856e-04	LR:9.765625e-07
Epoch: 356	TL: 1.090e-04	VL: 5.862e-04	LR:9.765625e-07
Epoch: 357	TL: 1.089e-04	VL: 5.909e-04	LR:9.765625e-07
Epoch: 358	TL: 1.091e-04	VL: 5.841e-04	LR:9.765625e-07
Epoch: 359	TL: 1.089e-04	VL: 5.854e-04	LR:9.765625e-07
Epoch: 360	TL: 1.091e-04	VL: 5.853e-04	LR:4.8828125e-07
Epoch: 361	TL: 1.083e-04	VL: 5.845e-04	LR:4.8828125e-07
Epoch: 362	TL: 1.082e-04	VL: 5.839e-04	LR:4.8828125e-07
Epoch: 363	TL: 1.082e-04	VL: 5.832e-04	LR:4.8828125e-07
Epoch: 364	TL: 1.082e-04	VL: 5.851e-04	LR:4.8828125e-07
Epoch: 365	TL: 1.082e-04	VL: 5.840e-04	LR:4.8828125e-07
Epoch: 366	TL: 1.082e-04	VL: 5.835e-04	LR:4.8828125e-07
Epoch: 367	TL: 1.081e-04	VL: 5.838e-04	LR:4.8828125e-07
Epoch: 368	TL: 1.083e-04	VL: 5.830e-04	LR:4.8828125e-07
Epoch: 369	TL: 1.081e-04	VL: 5.842e-04	LR:4.8828125e-07
Epoch: 370	TL: 1.081e-04	VL: 5.842e-04	LR:4.8828125e-07
Epoch: 371	TL: 1.082e-04	VL: 5.855e-04	LR:4.8828125e-07
Epoch: 372	TL: 1.081e-04	VL: 5.852e-04	LR:4.8828125e-07
Epoch: 373	TL: 1.082e-04	VL: 5.834e-04	LR:4.8828125e-07
Epoch: 374	TL: 1.083e-04	VL: 5.852e-04	LR:4.8828125e-07
Epoch: 375	TL: 1.083e-04	VL: 5.840e-04	LR:4.8828125e-07
Epoch: 376	TL: 1.079e-04	VL: 5.840e-04	LR:2.44140625e-07
Epoch: 377	TL: 1.077e-04	VL: 5.846e-04	LR:2.44140625e-07
Epoch: 378	TL: 1.077e-04	VL: 5.844e-04	LR:2.44140625e-07
Epoch: 379	TL: 1.077e-04	VL: 5.850e-04	LR:2.44140625e-07
Epoch: 380	TL: 1.077e-04	VL: 5.840e-04	LR:2.44140625e-07
Epoch: 381	TL: 1.077e-04	VL: 5.835e-04	LR:2.44140625e-07
Epoch: 382	TL: 1.078e-04	VL: 5.834e-04	LR:2.44140625e-07
Epoch: 383	TL: 1.078e-04	VL: 5.832e-04	LR:2.44140625e-07
Epoch: 384	TL: 1.077e-04	VL: 5.834e-04	LR:2.44140625e-07
Epoch: 385	TL: 1.076e-04	VL: 5.827e-04	LR:2.44140625e-07
Epoch: 386	TL: 1.078e-04	VL: 5.840e-04	LR:2.44140625e-07
Epoch: 387	TL: 1.079e-04	VL: 5.842e-04	LR:2.44140625e-07
Epoch: 388	TL: 1.077e-04	VL: 5.842e-04	LR:2.44140625e-07
Epoch: 389	TL: 1.077e-04	VL: 5.845e-04	LR:2.44140625e-07
Epoch: 390	TL: 1.078e-04	VL: 5.844e-04	LR:2.44140625e-07
Epoch: 391	TL: 1.077e-04	VL: 5.844e-04	LR:1.220703125e-07
Epoch: 392	TL: 1.075e-04	VL: 5.838e-04	LR:1.220703125e-07
Epoch: 393	TL: 1.075e-04	VL: 5.848e-04	LR:1.220703125e-07
Epoch: 394	TL: 1.075e-04	VL: 5.839e-04	LR:1.220703125e-07
Epoch: 395	TL: 1.075e-04	VL: 5.845e-04	LR:1.220703125e-07
Epoch: 396	TL: 1.075e-04	VL: 5.836e-04	LR:1.220703125e-07
Epoch: 397	TL: 1.075e-04	VL: 5.843e-04	LR:6.103515625e-08
Epoch: 398	TL: 1.074e-04	VL: 5.841e-04	LR:6.103515625e-08
Epoch: 399	TL: 1.074e-04	VL: 5.833e-04	LR:6.103515625e-08
Epoch: 400	TL: 1.074e-04	VL: 5.844e-04	LR:6.103515625e-08
Epoch: 401	TL: 1.075e-04	VL: 5.845e-04	LR:6.103515625e-08
Epoch: 402	TL: 1.074e-04	VL: 5.841e-04	LR:6.103515625e-08
Epoch: 403	TL: 1.074e-04	VL: 5.844e-04	LR:3.0517578125e-08
Epoch: 404	TL: 1.074e-04	VL: 5.837e-04	LR:3.0517578125e-08
Epoch: 405	TL: 1.073e-04	VL: 5.843e-04	LR:3.0517578125e-08
Epoch: 406	TL: 1.073e-04	VL: 5.841e-04	LR:3.0517578125e-08
Epoch: 407	TL: 1.074e-04	VL: 5.840e-04	LR:3.0517578125e-08
Epoch: 408	TL: 1.073e-04	VL: 5.841e-04	LR:3.0517578125e-08
Epoch: 409	TL: 1.073e-04	VL: 5.837e-04	LR:1.52587890625e-08
Epoch: 410	TL: 1.073e-04	VL: 5.838e-04	LR:1.52587890625e-08
Epoch: 411	TL: 1.073e-04	VL: 5.835e-04	LR:1.52587890625e-08
Epoch: 412	TL: 1.074e-04	VL: 5.836e-04	LR:1.52587890625e-08
Epoch: 413	TL: 1.073e-04	VL: 5.843e-04	LR:1.52587890625e-08
Epoch: 414	TL: 1.073e-04	VL: 5.837e-04	LR:1.52587890625e-08
Epoch: 415	TL: 1.072e-04	VL: 5.841e-04	LR:1.52587890625e-08
Epoch: 416	TL: 1.073e-04	VL: 5.834e-04	LR:1.52587890625e-08
Epoch: 417	TL: 1.073e-04	VL: 5.838e-04	LR:1.52587890625e-08
Epoch: 418	TL: 1.073e-04	VL: 5.836e-04	LR:1.52587890625e-08
Epoch: 419	TL: 1.073e-04	VL: 5.837e-04	LR:1.52587890625e-08
Epoch: 420	TL: 1.073e-04	VL: 5.835e-04	LR:1.52587890625e-08
Epoch: 421	TL: 1.073e-04	VL: 5.838e-04	LR:1.52587890625e-08
Epoch: 422	TL: 1.073e-04	VL: 5.839e-04	LR:1.52587890625e-08
Epoch: 423	TL: 1.073e-04	VL: 5.837e-04	LR:1.52587890625e-08
Epoch: 424	TL: 1.072e-04	VL: 5.839e-04	LR:1.52587890625e-08
Epoch: 425	TL: 1.073e-04	VL: 5.843e-04	LR:1.52587890625e-08
Epoch: 426	TL: 1.073e-04	VL: 5.837e-04	LR:1.52587890625e-08
Epoch: 427	TL: 1.073e-04	VL: 5.837e-04	LR:1.52587890625e-08
Epoch: 428	TL: 1.073e-04	VL: 5.833e-04	LR:1.52587890625e-08
Epoch: 429	TL: 1.073e-04	VL: 5.836e-04	LR:1.52587890625e-08
Epoch: 430	TL: 1.074e-04	VL: 5.838e-04	LR:1.52587890625e-08
Epoch: 431	TL: 1.073e-04	VL: 5.840e-04	LR:1.52587890625e-08
Epoch: 432	TL: 1.073e-04	VL: 5.840e-04	LR:1.52587890625e-08
Epoch: 433	TL: 1.073e-04	VL: 5.838e-04	LR:1.52587890625e-08
Epoch: 434	TL: 1.073e-04	VL: 5.838e-04	LR:1.52587890625e-08
Epoch: 435	TL: 1.073e-04	VL: 5.834e-04	LR:1.52587890625e-08
Epoch: 436	TL: 1.073e-04	VL: 5.835e-04	LR:1.52587890625e-08
Epoch: 437	TL: 1.073e-04	VL: 5.835e-04	LR:1.52587890625e-08
Epoch: 438	TL: 1.073e-04	VL: 5.837e-04	LR:1.52587890625e-08
Epoch: 439	TL: 1.073e-04	VL: 5.835e-04	LR:1.52587890625e-08
Epoch: 440	TL: 1.073e-04	VL: 5.838e-04	LR:1.52587890625e-08
Epoch: 441	TL: 1.073e-04	VL: 5.840e-04	LR:1.52587890625e-08
Epoch: 442	TL: 1.073e-04	VL: 5.836e-04	LR:1.52587890625e-08
Epoch: 443	TL: 1.073e-04	VL: 5.839e-04	LR:1.52587890625e-08
Epoch: 444	TL: 1.073e-04	VL: 5.836e-04	LR:1.52587890625e-08
Epoch: 445	TL: 1.073e-04	VL: 5.834e-04	LR:1.52587890625e-08
Epoch: 446	TL: 1.073e-04	VL: 5.835e-04	LR:1.52587890625e-08
Epoch: 447	TL: 1.073e-04	VL: 5.835e-04	LR:1.52587890625e-08
Epoch: 448	TL: 1.073e-04	VL: 5.836e-04	LR:1.52587890625e-08
Epoch: 449	TL: 1.073e-04	VL: 5.838e-04	LR:1.52587890625e-08
Epoch: 450	TL: 1.073e-04	VL: 5.841e-04	LR:1.52587890625e-08
Epoch: 451	TL: 1.073e-04	VL: 5.842e-04	LR:1.52587890625e-08
Epoch: 452	TL: 1.073e-04	VL: 5.839e-04	LR:1.52587890625e-08
Epoch: 453	TL: 1.073e-04	VL: 5.838e-04	LR:1.52587890625e-08
Epoch: 454	TL: 1.073e-04	VL: 5.841e-04	LR:1.52587890625e-08
Epoch: 455	TL: 1.073e-04	VL: 5.839e-04	LR:1.52587890625e-08
Epoch: 456	TL: 1.073e-04	VL: 5.836e-04	LR:1.52587890625e-08
Epoch: 457	TL: 1.073e-04	VL: 5.837e-04	LR:1.52587890625e-08
Epoch: 458	TL: 1.073e-04	VL: 5.839e-04	LR:1.52587890625e-08
Epoch: 459	TL: 1.073e-04	VL: 5.835e-04	LR:1.52587890625e-08
Epoch: 460	TL: 1.073e-04	VL: 5.839e-04	LR:1.52587890625e-08
Epoch: 461	TL: 1.073e-04	VL: 5.835e-04	LR:1.52587890625e-08
Epoch: 462	TL: 1.073e-04	VL: 5.835e-04	LR:1.52587890625e-08
Epoch: 463	TL: 1.073e-04	VL: 5.839e-04	LR:1.52587890625e-08
Epoch: 464	TL: 1.073e-04	VL: 5.839e-04	LR:1.52587890625e-08
Epoch: 465	TL: 1.073e-04	VL: 5.837e-04	LR:1.52587890625e-08
Epoch: 466	TL: 1.073e-04	VL: 5.835e-04	LR:1.52587890625e-08
Epoch: 467	TL: 1.073e-04	VL: 5.840e-04	LR:1.52587890625e-08
Epoch: 468	TL: 1.073e-04	VL: 5.838e-04	LR:1.52587890625e-08
Epoch: 469	TL: 1.073e-04	VL: 5.836e-04	LR:1.52587890625e-08
Epoch: 470	TL: 1.073e-04	VL: 5.838e-04	LR:1.52587890625e-08
Epoch: 471	TL: 1.073e-04	VL: 5.836e-04	LR:1.52587890625e-08
Epoch: 472	TL: 1.073e-04	VL: 5.842e-04	LR:1.52587890625e-08
Epoch: 473	TL: 1.072e-04	VL: 5.837e-04	LR:1.52587890625e-08
Epoch: 474	TL: 1.073e-04	VL: 5.839e-04	LR:1.52587890625e-08
Epoch: 475	TL: 1.073e-04	VL: 5.835e-04	LR:1.52587890625e-08
Epoch: 476	TL: 1.073e-04	VL: 5.838e-04	LR:1.52587890625e-08
Epoch: 477	TL: 1.073e-04	VL: 5.840e-04	LR:1.52587890625e-08
Early stopping triggered after 478 epochs.
Test MAE: 11.674
