Fri Dec  6 13:31:32 2024       
+-----------------------------------------------------------------------------------------+
| NVIDIA-SMI 565.57.01              Driver Version: 565.57.01      CUDA Version: 12.7     |
|-----------------------------------------+------------------------+----------------------+
| GPU  Name                 Persistence-M | Bus-Id          Disp.A | Volatile Uncorr. ECC |
| Fan  Temp   Perf          Pwr:Usage/Cap |           Memory-Usage | GPU-Util  Compute M. |
|                                         |                        |               MIG M. |
|=========================================+========================+======================|
|   0  Tesla V100-SXM2-32GB           On  |   00000000:16:00.0 Off |                    0 |
| N/A   38C    P0             45W /  300W |       1MiB /  32768MiB |      0%   E. Process |
|                                         |                        |                  N/A |
+-----------------------------------------+------------------------+----------------------+
                                                                                         
+-----------------------------------------------------------------------------------------+
| Processes:                                                                              |
|  GPU   GI   CI        PID   Type   Process name                              GPU Memory |
|        ID   ID                                                               Usage      |
|=========================================================================================|
|  No running processes found                                                             |
+-----------------------------------------------------------------------------------------+
cuda
Tesla V100-SXM2-32GB
Epoch: 1	TL: 2.692e-01	VL: 5.290e-02	LR:0.0005
Epoch: 2	TL: 3.565e-02	VL: 1.857e-02	LR:0.0005
Epoch: 3	TL: 2.043e-02	VL: 1.587e-02	LR:0.0005
Epoch: 4	TL: 1.459e-02	VL: 9.277e-03	LR:0.0005
Epoch: 5	TL: 1.266e-02	VL: 1.177e-02	LR:0.0005
Epoch: 6	TL: 1.180e-02	VL: 7.947e-03	LR:0.0005
Epoch: 7	TL: 9.998e-03	VL: 8.731e-03	LR:0.0005
Epoch: 8	TL: 9.813e-03	VL: 7.584e-03	LR:0.0005
Epoch: 9	TL: 8.392e-03	VL: 1.331e-02	LR:0.0005
Epoch: 10	TL: 7.392e-03	VL: 6.763e-03	LR:0.0005
Epoch: 11	TL: 7.121e-03	VL: 4.543e-03	LR:0.0005
Epoch: 12	TL: 7.002e-03	VL: 7.907e-03	LR:0.0005
Epoch: 13	TL: 5.942e-03	VL: 6.631e-03	LR:0.0005
Epoch: 14	TL: 6.277e-03	VL: 5.701e-03	LR:0.0005
Epoch: 15	TL: 5.297e-03	VL: 6.524e-03	LR:0.0005
Epoch: 16	TL: 5.472e-03	VL: 4.061e-03	LR:0.0005
Epoch: 17	TL: 5.047e-03	VL: 7.482e-03	LR:0.0005
Epoch: 18	TL: 4.614e-03	VL: 4.862e-03	LR:0.0005
Epoch: 19	TL: 4.235e-03	VL: 3.031e-03	LR:0.0005
Epoch: 20	TL: 3.995e-03	VL: 8.080e-03	LR:0.0005
Epoch: 21	TL: 4.409e-03	VL: 4.167e-03	LR:0.0005
Epoch: 22	TL: 4.031e-03	VL: 2.633e-03	LR:0.0005
Epoch: 23	TL: 3.840e-03	VL: 3.320e-03	LR:0.0005
Epoch: 24	TL: 3.531e-03	VL: 2.465e-03	LR:0.0005
Epoch: 25	TL: 3.710e-03	VL: 2.833e-03	LR:0.0005
Epoch: 26	TL: 3.446e-03	VL: 1.245e-02	LR:0.0005
Epoch: 27	TL: 3.279e-03	VL: 2.605e-03	LR:0.0005
Epoch: 28	TL: 3.128e-03	VL: 3.027e-03	LR:0.0005
Epoch: 29	TL: 3.248e-03	VL: 2.168e-03	LR:0.0005
Epoch: 30	TL: 2.842e-03	VL: 2.418e-03	LR:0.0005
Epoch: 31	TL: 3.155e-03	VL: 2.377e-03	LR:0.0005
Epoch: 32	TL: 2.761e-03	VL: 2.582e-03	LR:0.0005
Epoch: 33	TL: 2.870e-03	VL: 4.578e-03	LR:0.0005
Epoch: 34	TL: 2.656e-03	VL: 3.264e-03	LR:0.0005
Epoch: 35	TL: 2.563e-03	VL: 6.789e-03	LR:0.0005
Epoch: 36	TL: 1.181e-03	VL: 1.343e-03	LR:0.00025
Epoch: 37	TL: 1.462e-03	VL: 1.558e-03	LR:0.00025
Epoch: 38	TL: 1.313e-03	VL: 1.523e-03	LR:0.00025
Epoch: 39	TL: 1.345e-03	VL: 1.585e-03	LR:0.00025
Epoch: 40	TL: 1.287e-03	VL: 1.621e-03	LR:0.00025
Epoch: 41	TL: 1.326e-03	VL: 1.830e-03	LR:0.00025
Epoch: 42	TL: 1.305e-03	VL: 1.923e-03	LR:0.00025
Epoch: 43	TL: 1.289e-03	VL: 2.954e-03	LR:0.00025
Epoch: 44	TL: 1.212e-03	VL: 1.959e-03	LR:0.00025
Epoch: 45	TL: 7.176e-04	VL: 1.278e-03	LR:0.000125
Epoch: 46	TL: 7.465e-04	VL: 1.181e-03	LR:0.000125
Epoch: 47	TL: 7.821e-04	VL: 1.081e-03	LR:0.000125
Epoch: 48	TL: 7.509e-04	VL: 1.103e-03	LR:0.000125
Epoch: 49	TL: 7.271e-04	VL: 1.346e-03	LR:0.000125
Epoch: 50	TL: 7.372e-04	VL: 1.055e-03	LR:0.000125
Epoch: 51	TL: 7.067e-04	VL: 1.038e-03	LR:0.000125
Epoch: 52	TL: 7.219e-04	VL: 1.221e-03	LR:0.000125
Epoch: 53	TL: 7.235e-04	VL: 1.374e-03	LR:0.000125
Epoch: 54	TL: 6.914e-04	VL: 1.098e-03	LR:0.000125
Epoch: 55	TL: 7.008e-04	VL: 1.109e-03	LR:0.000125
Epoch: 56	TL: 6.533e-04	VL: 1.435e-03	LR:0.000125
Epoch: 57	TL: 6.502e-04	VL: 1.304e-03	LR:0.000125
Epoch: 58	TL: 4.809e-04	VL: 9.517e-04	LR:6.25e-05
Epoch: 59	TL: 4.899e-04	VL: 9.739e-04	LR:6.25e-05
Epoch: 60	TL: 4.886e-04	VL: 9.611e-04	LR:6.25e-05
Epoch: 61	TL: 4.778e-04	VL: 1.005e-03	LR:6.25e-05
Epoch: 62	TL: 4.856e-04	VL: 9.472e-04	LR:6.25e-05
Epoch: 63	TL: 4.714e-04	VL: 9.550e-04	LR:6.25e-05
Epoch: 64	TL: 4.672e-04	VL: 1.019e-03	LR:6.25e-05
Epoch: 65	TL: 4.652e-04	VL: 9.594e-04	LR:6.25e-05
Epoch: 66	TL: 4.564e-04	VL: 1.185e-03	LR:6.25e-05
Epoch: 67	TL: 4.569e-04	VL: 1.001e-03	LR:6.25e-05
Epoch: 68	TL: 4.464e-04	VL: 9.802e-04	LR:6.25e-05
Epoch: 69	TL: 3.710e-04	VL: 9.013e-04	LR:3.125e-05
Epoch: 70	TL: 3.759e-04	VL: 8.352e-04	LR:3.125e-05
Epoch: 71	TL: 3.779e-04	VL: 8.940e-04	LR:3.125e-05
Epoch: 72	TL: 3.751e-04	VL: 8.606e-04	LR:3.125e-05
Epoch: 73	TL: 3.713e-04	VL: 8.503e-04	LR:3.125e-05
Epoch: 74	TL: 3.695e-04	VL: 8.244e-04	LR:3.125e-05
Epoch: 75	TL: 3.639e-04	VL: 8.306e-04	LR:3.125e-05
Epoch: 76	TL: 3.650e-04	VL: 8.351e-04	LR:3.125e-05
Epoch: 77	TL: 3.606e-04	VL: 8.268e-04	LR:3.125e-05
Epoch: 78	TL: 3.625e-04	VL: 8.992e-04	LR:3.125e-05
Epoch: 79	TL: 3.606e-04	VL: 8.920e-04	LR:3.125e-05
Epoch: 80	TL: 3.544e-04	VL: 8.262e-04	LR:3.125e-05
Epoch: 81	TL: 3.199e-04	VL: 8.323e-04	LR:1.5625e-05
Epoch: 82	TL: 3.219e-04	VL: 7.980e-04	LR:1.5625e-05
Epoch: 83	TL: 3.222e-04	VL: 7.916e-04	LR:1.5625e-05
Epoch: 84	TL: 3.200e-04	VL: 7.896e-04	LR:1.5625e-05
Epoch: 85	TL: 3.176e-04	VL: 8.008e-04	LR:1.5625e-05
Epoch: 86	TL: 3.177e-04	VL: 8.452e-04	LR:1.5625e-05
Epoch: 87	TL: 3.160e-04	VL: 7.968e-04	LR:1.5625e-05
Epoch: 88	TL: 3.169e-04	VL: 7.912e-04	LR:1.5625e-05
Epoch: 89	TL: 3.147e-04	VL: 7.959e-04	LR:1.5625e-05
Epoch: 90	TL: 3.131e-04	VL: 8.400e-04	LR:1.5625e-05
Epoch: 91	TL: 2.956e-04	VL: 7.776e-04	LR:7.8125e-06
Epoch: 92	TL: 2.948e-04	VL: 7.825e-04	LR:7.8125e-06
Epoch: 93	TL: 2.946e-04	VL: 7.910e-04	LR:7.8125e-06
Epoch: 94	TL: 2.961e-04	VL: 7.770e-04	LR:7.8125e-06
Epoch: 95	TL: 2.939e-04	VL: 7.964e-04	LR:7.8125e-06
Epoch: 96	TL: 2.940e-04	VL: 7.820e-04	LR:7.8125e-06
Epoch: 97	TL: 2.917e-04	VL: 7.707e-04	LR:7.8125e-06
Epoch: 98	TL: 2.912e-04	VL: 7.811e-04	LR:7.8125e-06
Epoch: 99	TL: 2.927e-04	VL: 7.707e-04	LR:7.8125e-06
Epoch: 100	TL: 2.904e-04	VL: 7.714e-04	LR:7.8125e-06
Epoch: 101	TL: 2.895e-04	VL: 7.720e-04	LR:7.8125e-06
Epoch: 102	TL: 2.881e-04	VL: 7.758e-04	LR:7.8125e-06
Epoch: 103	TL: 2.894e-04	VL: 7.766e-04	LR:7.8125e-06
Epoch: 104	TL: 2.881e-04	VL: 7.675e-04	LR:7.8125e-06
Epoch: 105	TL: 2.894e-04	VL: 7.697e-04	LR:7.8125e-06
Epoch: 106	TL: 2.865e-04	VL: 7.898e-04	LR:7.8125e-06
Epoch: 107	TL: 2.878e-04	VL: 7.860e-04	LR:7.8125e-06
Epoch: 108	TL: 2.869e-04	VL: 7.789e-04	LR:7.8125e-06
Epoch: 109	TL: 2.869e-04	VL: 7.726e-04	LR:7.8125e-06
Epoch: 110	TL: 2.850e-04	VL: 7.652e-04	LR:7.8125e-06
Epoch: 111	TL: 2.857e-04	VL: 7.640e-04	LR:7.8125e-06
Epoch: 112	TL: 2.842e-04	VL: 7.683e-04	LR:7.8125e-06
Epoch: 113	TL: 2.837e-04	VL: 7.633e-04	LR:7.8125e-06
Epoch: 114	TL: 2.824e-04	VL: 7.614e-04	LR:7.8125e-06
Epoch: 115	TL: 2.829e-04	VL: 7.670e-04	LR:7.8125e-06
Epoch: 116	TL: 2.825e-04	VL: 7.830e-04	LR:7.8125e-06
Epoch: 117	TL: 2.821e-04	VL: 7.658e-04	LR:7.8125e-06
Epoch: 118	TL: 2.819e-04	VL: 7.633e-04	LR:7.8125e-06
Epoch: 119	TL: 2.813e-04	VL: 7.696e-04	LR:7.8125e-06
Epoch: 120	TL: 2.795e-04	VL: 7.680e-04	LR:7.8125e-06
Epoch: 121	TL: 2.710e-04	VL: 7.675e-04	LR:3.90625e-06
Epoch: 122	TL: 2.719e-04	VL: 7.566e-04	LR:3.90625e-06
Epoch: 123	TL: 2.707e-04	VL: 7.590e-04	LR:3.90625e-06
Epoch: 124	TL: 2.701e-04	VL: 7.603e-04	LR:3.90625e-06
Epoch: 125	TL: 2.706e-04	VL: 7.596e-04	LR:3.90625e-06
Epoch: 126	TL: 2.696e-04	VL: 7.537e-04	LR:3.90625e-06
Epoch: 127	TL: 2.698e-04	VL: 7.588e-04	LR:3.90625e-06
Epoch: 128	TL: 2.694e-04	VL: 7.570e-04	LR:3.90625e-06
Epoch: 129	TL: 2.692e-04	VL: 7.519e-04	LR:3.90625e-06
Epoch: 130	TL: 2.691e-04	VL: 7.638e-04	LR:3.90625e-06
Epoch: 131	TL: 2.691e-04	VL: 7.511e-04	LR:3.90625e-06
Epoch: 132	TL: 2.686e-04	VL: 7.523e-04	LR:3.90625e-06
Epoch: 133	TL: 2.686e-04	VL: 7.521e-04	LR:3.90625e-06
Epoch: 134	TL: 2.686e-04	VL: 7.525e-04	LR:3.90625e-06
Epoch: 135	TL: 2.672e-04	VL: 7.526e-04	LR:3.90625e-06
Epoch: 136	TL: 2.677e-04	VL: 7.581e-04	LR:3.90625e-06
Epoch: 137	TL: 2.669e-04	VL: 7.530e-04	LR:3.90625e-06
Epoch: 138	TL: 2.667e-04	VL: 7.527e-04	LR:3.90625e-06
Epoch: 139	TL: 2.679e-04	VL: 7.563e-04	LR:3.90625e-06
Epoch: 140	TL: 2.621e-04	VL: 7.455e-04	LR:1.953125e-06
Epoch: 141	TL: 2.615e-04	VL: 7.491e-04	LR:1.953125e-06
Epoch: 142	TL: 2.617e-04	VL: 7.462e-04	LR:1.953125e-06
Epoch: 143	TL: 2.611e-04	VL: 7.460e-04	LR:1.953125e-06
Epoch: 144	TL: 2.613e-04	VL: 7.507e-04	LR:1.953125e-06
Epoch: 145	TL: 2.613e-04	VL: 7.491e-04	LR:1.953125e-06
Epoch: 146	TL: 2.610e-04	VL: 7.470e-04	LR:1.953125e-06
Epoch: 147	TL: 2.611e-04	VL: 7.490e-04	LR:1.953125e-06
Epoch: 148	TL: 2.612e-04	VL: 7.519e-04	LR:1.953125e-06
Epoch: 149	TL: 2.610e-04	VL: 7.471e-04	LR:1.953125e-06
Epoch: 150	TL: 2.576e-04	VL: 7.458e-04	LR:9.765625e-07
Epoch: 151	TL: 2.579e-04	VL: 7.456e-04	LR:9.765625e-07
Epoch: 152	TL: 2.578e-04	VL: 7.445e-04	LR:9.765625e-07
Epoch: 153	TL: 2.574e-04	VL: 7.457e-04	LR:9.765625e-07
Epoch: 154	TL: 2.572e-04	VL: 7.447e-04	LR:9.765625e-07
Epoch: 155	TL: 2.573e-04	VL: 7.456e-04	LR:9.765625e-07
Epoch: 156	TL: 2.575e-04	VL: 7.489e-04	LR:9.765625e-07
Epoch: 157	TL: 2.576e-04	VL: 7.449e-04	LR:9.765625e-07
Epoch: 158	TL: 2.574e-04	VL: 7.467e-04	LR:9.765625e-07
Epoch: 159	TL: 2.560e-04	VL: 7.451e-04	LR:4.8828125e-07
Epoch: 160	TL: 2.557e-04	VL: 7.441e-04	LR:4.8828125e-07
Epoch: 161	TL: 2.558e-04	VL: 7.434e-04	LR:4.8828125e-07
Epoch: 162	TL: 2.557e-04	VL: 7.441e-04	LR:4.8828125e-07
Epoch: 163	TL: 2.557e-04	VL: 7.440e-04	LR:4.8828125e-07
Epoch: 164	TL: 2.558e-04	VL: 7.450e-04	LR:4.8828125e-07
Epoch: 165	TL: 2.555e-04	VL: 7.448e-04	LR:4.8828125e-07
Epoch: 166	TL: 2.554e-04	VL: 7.435e-04	LR:4.8828125e-07
Epoch: 167	TL: 2.555e-04	VL: 7.438e-04	LR:4.8828125e-07
Epoch: 168	TL: 2.547e-04	VL: 7.444e-04	LR:2.44140625e-07
Epoch: 169	TL: 2.547e-04	VL: 7.432e-04	LR:2.44140625e-07
Epoch: 170	TL: 2.548e-04	VL: 7.455e-04	LR:2.44140625e-07
Epoch: 171	TL: 2.547e-04	VL: 7.435e-04	LR:2.44140625e-07
Epoch: 172	TL: 2.547e-04	VL: 7.426e-04	LR:2.44140625e-07
Epoch: 173	TL: 2.546e-04	VL: 7.434e-04	LR:2.44140625e-07
Epoch: 174	TL: 2.546e-04	VL: 7.436e-04	LR:2.44140625e-07
Epoch: 175	TL: 2.546e-04	VL: 7.434e-04	LR:2.44140625e-07
Epoch: 176	TL: 2.546e-04	VL: 7.443e-04	LR:2.44140625e-07
Epoch: 177	TL: 2.545e-04	VL: 7.431e-04	LR:2.44140625e-07
Epoch: 178	TL: 2.545e-04	VL: 7.438e-04	LR:2.44140625e-07
Epoch: 179	TL: 2.541e-04	VL: 7.443e-04	LR:1.220703125e-07
Epoch: 180	TL: 2.542e-04	VL: 7.430e-04	LR:1.220703125e-07
Epoch: 181	TL: 2.542e-04	VL: 7.425e-04	LR:1.220703125e-07
Epoch: 182	TL: 2.542e-04	VL: 7.436e-04	LR:1.220703125e-07
Epoch: 183	TL: 2.541e-04	VL: 7.429e-04	LR:1.220703125e-07
Epoch: 184	TL: 2.542e-04	VL: 7.428e-04	LR:1.220703125e-07
Epoch: 185	TL: 2.540e-04	VL: 7.433e-04	LR:1.220703125e-07
Epoch: 186	TL: 2.542e-04	VL: 7.435e-04	LR:1.220703125e-07
Epoch: 187	TL: 2.540e-04	VL: 7.440e-04	LR:1.220703125e-07
Epoch: 188	TL: 2.538e-04	VL: 7.434e-04	LR:6.103515625e-08
Epoch: 189	TL: 2.539e-04	VL: 7.433e-04	LR:6.103515625e-08
Epoch: 190	TL: 2.538e-04	VL: 7.431e-04	LR:6.103515625e-08
Epoch: 191	TL: 2.539e-04	VL: 7.430e-04	LR:6.103515625e-08
Epoch: 192	TL: 2.539e-04	VL: 7.432e-04	LR:6.103515625e-08
Epoch: 193	TL: 2.538e-04	VL: 7.432e-04	LR:6.103515625e-08
Epoch: 194	TL: 2.537e-04	VL: 7.432e-04	LR:3.0517578125e-08
Epoch: 195	TL: 2.538e-04	VL: 7.429e-04	LR:3.0517578125e-08
Epoch: 196	TL: 2.537e-04	VL: 7.430e-04	LR:3.0517578125e-08
Epoch: 197	TL: 2.538e-04	VL: 7.431e-04	LR:3.0517578125e-08
Epoch: 198	TL: 2.537e-04	VL: 7.428e-04	LR:3.0517578125e-08
Epoch: 199	TL: 2.537e-04	VL: 7.425e-04	LR:3.0517578125e-08
Epoch: 200	TL: 2.536e-04	VL: 7.424e-04	LR:1.52587890625e-08
Epoch: 201	TL: 2.536e-04	VL: 7.432e-04	LR:1.52587890625e-08
Epoch: 202	TL: 2.536e-04	VL: 7.426e-04	LR:1.52587890625e-08
Epoch: 203	TL: 2.537e-04	VL: 7.427e-04	LR:1.52587890625e-08
Epoch: 204	TL: 2.538e-04	VL: 7.427e-04	LR:1.52587890625e-08
Epoch: 205	TL: 2.537e-04	VL: 7.430e-04	LR:1.52587890625e-08
Epoch: 206	TL: 2.537e-04	VL: 7.425e-04	LR:1.52587890625e-08
Epoch: 207	TL: 2.537e-04	VL: 7.432e-04	LR:1.52587890625e-08
Epoch: 208	TL: 2.536e-04	VL: 7.428e-04	LR:1.52587890625e-08
Epoch: 209	TL: 2.537e-04	VL: 7.424e-04	LR:1.52587890625e-08
Epoch: 210	TL: 2.537e-04	VL: 7.430e-04	LR:1.52587890625e-08
Epoch: 211	TL: 2.536e-04	VL: 7.429e-04	LR:1.52587890625e-08
Epoch: 212	TL: 2.536e-04	VL: 7.427e-04	LR:1.52587890625e-08
Epoch: 213	TL: 2.537e-04	VL: 7.428e-04	LR:1.52587890625e-08
Epoch: 214	TL: 2.536e-04	VL: 7.430e-04	LR:1.52587890625e-08
Epoch: 215	TL: 2.537e-04	VL: 7.426e-04	LR:1.52587890625e-08
Epoch: 216	TL: 2.536e-04	VL: 7.429e-04	LR:1.52587890625e-08
Epoch: 217	TL: 2.537e-04	VL: 7.428e-04	LR:1.52587890625e-08
Epoch: 218	TL: 2.537e-04	VL: 7.429e-04	LR:1.52587890625e-08
Epoch: 219	TL: 2.537e-04	VL: 7.425e-04	LR:1.52587890625e-08
Epoch: 220	TL: 2.537e-04	VL: 7.425e-04	LR:1.52587890625e-08
Epoch: 221	TL: 2.535e-04	VL: 7.425e-04	LR:1.52587890625e-08
Epoch: 222	TL: 2.536e-04	VL: 7.425e-04	LR:1.52587890625e-08
Epoch: 223	TL: 2.537e-04	VL: 7.430e-04	LR:1.52587890625e-08
Epoch: 224	TL: 2.536e-04	VL: 7.429e-04	LR:1.52587890625e-08
Epoch: 225	TL: 2.536e-04	VL: 7.427e-04	LR:1.52587890625e-08
Epoch: 226	TL: 2.536e-04	VL: 7.425e-04	LR:1.52587890625e-08
Epoch: 227	TL: 2.535e-04	VL: 7.428e-04	LR:1.52587890625e-08
Epoch: 228	TL: 2.536e-04	VL: 7.426e-04	LR:1.52587890625e-08
Epoch: 229	TL: 2.536e-04	VL: 7.431e-04	LR:1.52587890625e-08
Early stopping triggered after 230 epochs.
Test MAE: 15.758
