Mon Dec  9 23:24:10 2024       
+-----------------------------------------------------------------------------------------+
| NVIDIA-SMI 565.57.01              Driver Version: 565.57.01      CUDA Version: 12.7     |
|-----------------------------------------+------------------------+----------------------+
| GPU  Name                 Persistence-M | Bus-Id          Disp.A | Volatile Uncorr. ECC |
| Fan  Temp   Perf          Pwr:Usage/Cap |           Memory-Usage | GPU-Util  Compute M. |
|                                         |                        |               MIG M. |
|=========================================+========================+======================|
|   0  Tesla V100-SXM2-32GB           On  |   00000000:3B:00.0 Off |                    0 |
| N/A   37C    P0             44W /  300W |       1MiB /  32768MiB |      0%   E. Process |
|                                         |                        |                  N/A |
+-----------------------------------------+------------------------+----------------------+
                                                                                         
+-----------------------------------------------------------------------------------------+
| Processes:                                                                              |
|  GPU   GI   CI        PID   Type   Process name                              GPU Memory |
|        ID   ID                                                               Usage      |
|=========================================================================================|
|  No running processes found                                                             |
+-----------------------------------------------------------------------------------------+
cuda
Tesla V100-SXM2-32GB
Epoch: 1	TL: 2.689e-01	VL: 5.220e-02	 5.220e-02	 sgdLR:0.0005
Epoch: 2	TL: 3.543e-02	VL: 1.877e-02	 4.886e-02	 sgdLR:0.0005
Epoch: 3	TL: 2.023e-02	VL: 1.548e-02	 4.552e-02	 sgdLR:0.0005
Epoch: 4	TL: 1.436e-02	VL: 9.014e-03	 4.187e-02	 sgdLR:0.0005
Epoch: 5	TL: 1.248e-02	VL: 1.222e-02	 3.891e-02	 sgdLR:0.0005
Epoch: 6	TL: 1.168e-02	VL: 7.732e-03	 3.579e-02	 sgdLR:0.0005
Epoch: 7	TL: 9.927e-03	VL: 8.150e-03	 3.302e-02	 sgdLR:0.0005
Epoch: 8	TL: 9.633e-03	VL: 7.501e-03	 3.047e-02	 sgdLR:0.0005
Epoch: 9	TL: 8.258e-03	VL: 1.153e-02	 2.858e-02	 sgdLR:0.0005
Epoch: 10	TL: 7.222e-03	VL: 6.539e-03	 2.637e-02	 sgdLR:0.0005
Epoch: 11	TL: 6.962e-03	VL: 4.747e-03	 2.421e-02	 sgdLR:0.0005
Epoch: 12	TL: 6.876e-03	VL: 8.037e-03	 2.259e-02	 sgdLR:0.0005
Epoch: 13	TL: 5.858e-03	VL: 6.485e-03	 2.098e-02	 sgdLR:0.0005
Epoch: 14	TL: 6.077e-03	VL: 5.385e-03	 1.942e-02	 sgdLR:0.0005
Epoch: 15	TL: 5.240e-03	VL: 7.414e-03	 1.822e-02	 sgdLR:0.0005
Epoch: 16	TL: 5.100e-03	VL: 4.920e-03	 1.689e-02	 sgdLR:0.0005
Epoch: 17	TL: 4.995e-03	VL: 6.791e-03	 1.588e-02	 sgdLR:0.0005
Epoch: 18	TL: 4.477e-03	VL: 4.810e-03	 1.477e-02	 sgdLR:0.0005
Epoch: 19	TL: 4.180e-03	VL: 3.071e-03	 1.360e-02	 sgdLR:0.0005
Epoch: 20	TL: 3.925e-03	VL: 6.729e-03	 1.292e-02	 sgdLR:0.0005
Epoch: 21	TL: 4.215e-03	VL: 4.190e-03	 1.204e-02	 sgdLR:0.0005
Epoch: 22	TL: 3.986e-03	VL: 2.560e-03	 1.110e-02	 sgdLR:0.0005
Epoch: 23	TL: 3.843e-03	VL: 3.871e-03	 1.037e-02	 sgdLR:0.0005
Epoch: 24	TL: 3.415e-03	VL: 3.738e-03	 9.710e-03	 sgdLR:0.0005
Epoch: 25	TL: 3.637e-03	VL: 2.881e-03	 9.027e-03	 sgdLR:0.0005
Epoch: 26	TL: 3.345e-03	VL: 7.966e-03	 8.921e-03	 sgdLR:0.0005
Epoch: 27	TL: 3.081e-03	VL: 3.383e-03	 8.367e-03	 sgdLR:0.0005
Epoch: 28	TL: 3.121e-03	VL: 2.891e-03	 7.819e-03	 sgdLR:0.0005
Epoch: 29	TL: 3.247e-03	VL: 2.288e-03	 7.266e-03	 sgdLR:0.0005
Epoch: 30	TL: 2.822e-03	VL: 6.171e-03	 7.157e-03	 sgdLR:0.0005
Epoch: 31	TL: 2.980e-03	VL: 3.442e-03	 6.785e-03	 sgdLR:0.0005
Epoch: 32	TL: 2.927e-03	VL: 2.921e-03	 6.399e-03	 sgdLR:0.0005
Epoch: 33	TL: 2.812e-03	VL: 3.338e-03	 6.093e-03	 sgdLR:0.0005
Epoch: 34	TL: 2.456e-03	VL: 2.575e-03	 5.741e-03	 sgdLR:0.0005
Epoch: 35	TL: 2.548e-03	VL: 4.842e-03	 5.651e-03	 sgdLR:0.0005
Epoch: 36	TL: 2.440e-03	VL: 2.265e-03	 5.312e-03	 sgdLR:0.0005
Epoch: 37	TL: 2.807e-03	VL: 3.371e-03	 5.118e-03	 sgdLR:0.0005
Epoch: 38	TL: 2.314e-03	VL: 2.698e-03	 4.876e-03	 sgdLR:0.0005
Epoch: 39	TL: 2.371e-03	VL: 2.588e-03	 4.647e-03	 sgdLR:0.0005
Epoch: 40	TL: 2.292e-03	VL: 2.226e-03	 4.405e-03	 sgdLR:0.0005
Epoch: 41	TL: 2.296e-03	VL: 2.060e-03	 4.171e-03	 sgdLR:0.0005
Epoch: 42	TL: 2.240e-03	VL: 1.969e-03	 3.951e-03	 sgdLR:0.0005
Epoch: 43	TL: 2.248e-03	VL: 6.515e-03	 4.207e-03	 sgdLR:0.0005
Epoch: 44	TL: 2.219e-03	VL: 2.072e-03	 3.994e-03	 sgdLR:0.0005
Epoch: 45	TL: 2.057e-03	VL: 1.841e-03	 3.778e-03	 sgdLR:0.0005
Epoch: 46	TL: 1.881e-03	VL: 1.766e-03	 3.577e-03	 sgdLR:0.0005
Epoch: 47	TL: 2.126e-03	VL: 1.620e-03	 3.381e-03	 sgdLR:0.0005
Epoch: 48	TL: 1.906e-03	VL: 1.526e-03	 3.196e-03	 sgdLR:0.0005
Epoch: 49	TL: 2.004e-03	VL: 1.743e-03	 3.051e-03	 sgdLR:0.0005
Epoch: 50	TL: 1.865e-03	VL: 1.783e-03	 2.924e-03	 sgdLR:0.0005
Epoch: 51	TL: 1.846e-03	VL: 2.090e-03	 2.840e-03	 sgdLR:0.0005
Epoch: 52	TL: 1.826e-03	VL: 2.852e-03	 2.842e-03	 sgdLR:0.0005
Epoch: 53	TL: 1.784e-03	VL: 3.928e-03	 2.950e-03	 sgdLR:0.0005
Epoch: 54	TL: 1.723e-03	VL: 1.583e-03	 2.814e-03	 sgdLR:0.0005
Epoch: 55	TL: 1.817e-03	VL: 2.197e-03	 2.752e-03	 sgdLR:0.0005
Epoch: 56	TL: 1.749e-03	VL: 2.088e-03	 2.686e-03	 sgdLR:0.0005
Epoch: 57	TL: 1.907e-03	VL: 1.876e-03	 2.605e-03	 sgdLR:0.0005
Epoch: 58	TL: 1.496e-03	VL: 2.385e-03	 2.583e-03	 sgdLR:0.0005
Epoch: 59	TL: 1.736e-03	VL: 1.659e-03	 2.490e-03	 sgdLR:0.0005
Epoch: 60	TL: 1.713e-03	VL: 1.843e-03	 2.426e-03	 sgdLR:0.0005
Epoch: 61	TL: 1.549e-03	VL: 1.815e-03	 2.365e-03	 sgdLR:0.0005
Epoch: 62	TL: 1.525e-03	VL: 5.825e-03	 2.711e-03	 sgdLR:0.0005
Epoch: 63	TL: 1.643e-03	VL: 2.084e-03	 2.648e-03	 sgdLR:0.0005
Epoch: 64	TL: 1.509e-03	VL: 1.572e-03	 2.540e-03	 sgdLR:0.0005
Epoch: 65	TL: 1.719e-03	VL: 2.197e-03	 2.506e-03	 sgdLR:0.0005
Epoch: 66	TL: 1.914e-03	VL: 2.777e-03	 2.533e-03	 sgdLR:0.0005
Epoch: 67	TL: 1.702e-03	VL: 1.715e-03	 2.451e-03	 sgdLR:0.0005
Epoch: 68	TL: 6.879e-04	VL: 1.473e-03	 2.353e-03	 sgdLR:0.00025
Epoch: 69	TL: 7.736e-04	VL: 1.156e-03	 2.234e-03	 sgdLR:0.00025
Epoch: 70	TL: 7.945e-04	VL: 1.294e-03	 2.140e-03	 sgdLR:0.00025
Epoch: 71	TL: 8.196e-04	VL: 1.179e-03	 2.044e-03	 sgdLR:0.00025
Epoch: 72	TL: 7.294e-04	VL: 1.419e-03	 1.981e-03	 sgdLR:0.00025
Epoch: 73	TL: 7.530e-04	VL: 1.061e-03	 1.889e-03	 sgdLR:0.00025
Epoch: 74	TL: 7.320e-04	VL: 1.265e-03	 1.827e-03	 sgdLR:0.00025
Epoch: 75	TL: 6.923e-04	VL: 1.041e-03	 1.748e-03	 sgdLR:0.00025
Epoch: 76	TL: 7.223e-04	VL: 1.397e-03	 1.713e-03	 sgdLR:0.00025
Epoch: 77	TL: 7.063e-04	VL: 9.522e-04	 1.637e-03	 sgdLR:0.00025
Epoch: 78	TL: 6.899e-04	VL: 1.082e-03	 1.581e-03	 sgdLR:0.00025
Epoch: 79	TL: 6.586e-04	VL: 9.798e-04	 1.521e-03	 sgdLR:0.00025
Epoch: 80	TL: 6.961e-04	VL: 1.121e-03	 1.481e-03	 sgdLR:0.00025
Epoch: 81	TL: 6.790e-04	VL: 1.069e-03	 1.440e-03	 sgdLR:0.00025
Epoch: 82	TL: 6.698e-04	VL: 1.202e-03	 1.416e-03	 sgdLR:0.00025
Epoch: 83	TL: 6.308e-04	VL: 9.461e-04	 1.369e-03	 sgdLR:0.00025
Epoch: 84	TL: 6.044e-04	VL: 9.436e-04	 1.327e-03	 sgdLR:0.00025
Epoch: 85	TL: 7.118e-04	VL: 9.702e-04	 1.291e-03	 sgdLR:0.00025
Epoch: 86	TL: 5.888e-04	VL: 1.073e-03	 1.269e-03	 sgdLR:0.00025
Epoch: 87	TL: 5.953e-04	VL: 9.576e-04	 1.238e-03	 sgdLR:0.00025
Epoch: 88	TL: 6.360e-04	VL: 9.124e-04	 1.205e-03	 sgdLR:0.00025
Epoch: 89	TL: 6.244e-04	VL: 1.635e-03	 1.248e-03	 sgdLR:0.00025
Epoch: 90	TL: 6.020e-04	VL: 1.036e-03	 1.227e-03	 sgdLR:0.00025
Epoch: 91	TL: 5.861e-04	VL: 9.011e-04	 1.195e-03	 sgdLR:0.00025
Epoch: 92	TL: 6.338e-04	VL: 1.034e-03	 1.179e-03	 sgdLR:0.00025
Epoch: 93	TL: 5.585e-04	VL: 1.252e-03	 1.186e-03	 sgdLR:0.00025
Epoch: 94	TL: 6.185e-04	VL: 9.988e-04	 1.167e-03	 sgdLR:0.00025
Epoch: 95	TL: 5.813e-04	VL: 1.135e-03	 1.164e-03	 sgdLR:0.00025
Epoch: 96	TL: 6.004e-04	VL: 1.057e-03	 1.153e-03	 sgdLR:0.00025
Epoch: 97	TL: 5.748e-04	VL: 8.794e-04	 1.126e-03	 sgdLR:0.00025
Epoch: 98	TL: 5.487e-04	VL: 1.371e-03	 1.150e-03	 sgdLR:0.00025
Epoch: 99	TL: 5.989e-04	VL: 1.343e-03	 1.170e-03	 sgdLR:0.00025
Epoch: 100	TL: 5.728e-04	VL: 9.881e-04	 1.151e-03	 sgdLR:0.00025
Epoch: 101	TL: 6.144e-04	VL: 1.240e-03	 1.160e-03	 sgdLR:0.00025
Epoch: 102	TL: 5.611e-04	VL: 1.021e-03	 1.146e-03	 sgdLR:0.00025
Epoch: 103	TL: 5.710e-04	VL: 8.839e-04	 1.120e-03	 sgdLR:0.00025
Epoch: 104	TL: 5.526e-04	VL: 8.599e-04	 1.094e-03	 sgdLR:0.00025
Epoch: 105	TL: 5.724e-04	VL: 1.046e-03	 1.089e-03	 sgdLR:0.00025
Epoch: 106	TL: 5.258e-04	VL: 9.378e-04	 1.074e-03	 sgdLR:0.00025
Epoch: 107	TL: 5.403e-04	VL: 9.708e-04	 1.064e-03	 sgdLR:0.00025
Epoch: 108	TL: 5.598e-04	VL: 1.095e-03	 1.067e-03	 sgdLR:0.00025
Epoch: 109	TL: 5.661e-04	VL: 9.345e-04	 1.054e-03	 sgdLR:0.00025
Epoch: 110	TL: 5.290e-04	VL: 8.786e-04	 1.036e-03	 sgdLR:0.00025
Epoch: 111	TL: 5.636e-04	VL: 8.794e-04	 1.020e-03	 sgdLR:0.00025
Epoch: 112	TL: 5.549e-04	VL: 9.583e-04	 1.014e-03	 sgdLR:0.00025
Epoch: 113	TL: 5.395e-04	VL: 1.235e-03	 1.036e-03	 sgdLR:0.00025
Epoch: 114	TL: 5.037e-04	VL: 8.809e-04	 1.021e-03	 sgdLR:0.00025
Epoch: 115	TL: 5.507e-04	VL: 8.926e-04	 1.008e-03	 sgdLR:0.00025
Epoch: 116	TL: 5.125e-04	VL: 1.408e-03	 1.048e-03	 sgdLR:0.00025
Epoch: 117	TL: 5.553e-04	VL: 2.117e-03	 1.155e-03	 sgdLR:0.00025
Epoch: 118	TL: 5.100e-04	VL: 1.004e-03	 1.140e-03	 sgdLR:0.00025
Epoch: 119	TL: 5.303e-04	VL: 1.357e-03	 1.162e-03	 sgdLR:0.00025
Epoch: 120	TL: 5.025e-04	VL: 9.889e-04	 1.144e-03	 sgdLR:0.00025
Epoch: 121	TL: 5.370e-04	VL: 8.040e-04	 1.110e-03	 sgdLR:0.00025
Epoch: 122	TL: 2.590e-04	VL: 7.192e-04	 1.071e-03	 sgdLR:0.000125
Epoch: 123	TL: 2.780e-04	VL: 8.000e-04	 1.044e-03	 sgdLR:0.000125
Epoch: 124	TL: 3.041e-04	VL: 8.236e-04	 1.022e-03	 sgdLR:0.000125
Epoch: 125	TL: 2.870e-04	VL: 7.714e-04	 9.969e-04	 sgdLR:0.000125
Epoch: 126	TL: 2.910e-04	VL: 7.719e-04	 9.744e-04	 sgdLR:0.000125
Epoch: 127	TL: 2.952e-04	VL: 7.600e-04	 9.530e-04	 sgdLR:0.000125
Epoch: 128	TL: 2.771e-04	VL: 7.315e-04	 9.308e-04	 sgdLR:0.000125
Epoch: 129	TL: 2.952e-04	VL: 7.881e-04	 9.166e-04	 sgdLR:0.000125
Epoch: 130	TL: 2.869e-04	VL: 7.545e-04	 9.004e-04	 sgdLR:0.000125
Epoch: 131	TL: 2.721e-04	VL: 7.376e-04	 8.841e-04	 sgdLR:0.000125
Epoch: 132	TL: 2.906e-04	VL: 8.291e-04	 8.786e-04	 sgdLR:0.000125
Epoch: 133	TL: 2.782e-04	VL: 7.395e-04	 8.647e-04	 sgdLR:0.000125
Epoch: 134	TL: 2.804e-04	VL: 7.029e-04	 8.485e-04	 sgdLR:0.000125
Epoch: 135	TL: 2.706e-04	VL: 7.411e-04	 8.378e-04	 sgdLR:0.000125
Epoch: 136	TL: 2.804e-04	VL: 7.724e-04	 8.312e-04	 sgdLR:0.000125
Epoch: 137	TL: 2.629e-04	VL: 7.500e-04	 8.231e-04	 sgdLR:0.000125
Epoch: 138	TL: 2.799e-04	VL: 7.415e-04	 8.149e-04	 sgdLR:0.000125
Epoch: 139	TL: 2.642e-04	VL: 7.343e-04	 8.069e-04	 sgdLR:0.000125
Epoch: 140	TL: 2.603e-04	VL: 7.226e-04	 7.984e-04	 sgdLR:0.000125
Epoch: 141	TL: 2.740e-04	VL: 7.256e-04	 7.912e-04	 sgdLR:0.000125
Epoch: 142	TL: 2.682e-04	VL: 7.356e-04	 7.856e-04	 sgdLR:0.000125
Epoch: 143	TL: 2.745e-04	VL: 7.189e-04	 7.789e-04	 sgdLR:0.000125
Epoch: 144	TL: 2.601e-04	VL: 7.071e-04	 7.717e-04	 sgdLR:0.000125
Epoch: 145	TL: 2.641e-04	VL: 7.717e-04	 7.717e-04	 sgdLR:0.000125
Epoch: 146	TL: 2.615e-04	VL: 7.152e-04	 7.661e-04	 sgdLR:0.000125
Epoch: 147	TL: 2.573e-04	VL: 7.737e-04	 7.668e-04	 sgdLR:0.000125
Epoch: 148	TL: 2.543e-04	VL: 7.409e-04	 7.643e-04	 sgdLR:0.000125
Epoch: 149	TL: 2.518e-04	VL: 7.662e-04	 7.645e-04	 sgdLR:0.000125
Epoch: 150	TL: 2.603e-04	VL: 7.012e-04	 7.581e-04	 sgdLR:0.000125
Epoch: 151	TL: 2.580e-04	VL: 7.079e-04	 7.531e-04	 sgdLR:0.000125
Epoch: 152	TL: 2.519e-04	VL: 8.225e-04	 7.600e-04	 sgdLR:0.000125
Epoch: 153	TL: 2.626e-04	VL: 9.514e-04	 7.792e-04	 sgdLR:0.000125
Epoch: 154	TL: 2.547e-04	VL: 7.377e-04	 7.750e-04	 sgdLR:0.000125
Epoch: 155	TL: 2.548e-04	VL: 7.539e-04	 7.729e-04	 sgdLR:0.000125
Epoch: 156	TL: 2.478e-04	VL: 7.476e-04	 7.704e-04	 sgdLR:0.000125
Epoch: 157	TL: 2.438e-04	VL: 6.723e-04	 7.606e-04	 sgdLR:0.000125
Epoch: 158	TL: 1.707e-04	VL: 6.753e-04	 7.520e-04	 sgdLR:6.25e-05
Epoch: 159	TL: 1.726e-04	VL: 6.510e-04	 7.419e-04	 sgdLR:6.25e-05
Epoch: 160	TL: 1.753e-04	VL: 7.949e-04	 7.472e-04	 sgdLR:6.25e-05
Epoch: 161	TL: 1.759e-04	VL: 6.428e-04	 7.368e-04	 sgdLR:6.25e-05
Epoch: 162	TL: 1.759e-04	VL: 6.451e-04	 7.276e-04	 sgdLR:6.25e-05
Epoch: 163	TL: 1.716e-04	VL: 6.438e-04	 7.192e-04	 sgdLR:6.25e-05
Epoch: 164	TL: 1.741e-04	VL: 6.460e-04	 7.119e-04	 sgdLR:6.25e-05
Epoch: 165	TL: 1.740e-04	VL: 6.564e-04	 7.064e-04	 sgdLR:6.25e-05
Epoch: 166	TL: 1.675e-04	VL: 6.609e-04	 7.018e-04	 sgdLR:6.25e-05
Epoch: 167	TL: 1.694e-04	VL: 6.672e-04	 6.984e-04	 sgdLR:6.25e-05
Epoch: 168	TL: 1.699e-04	VL: 6.500e-04	 6.935e-04	 sgdLR:6.25e-05
Epoch: 169	TL: 1.681e-04	VL: 7.771e-04	 7.019e-04	 sgdLR:6.25e-05
Epoch: 170	TL: 1.645e-04	VL: 6.719e-04	 6.989e-04	 sgdLR:6.25e-05
Epoch: 171	TL: 1.716e-04	VL: 6.759e-04	 6.966e-04	 sgdLR:6.25e-05
Epoch: 172	TL: 1.649e-04	VL: 6.542e-04	 6.923e-04	 sgdLR:6.25e-05
Epoch: 173	TL: 1.660e-04	VL: 6.550e-04	 6.886e-04	 sgdLR:6.25e-05
Epoch: 174	TL: 1.643e-04	VL: 6.588e-04	 6.856e-04	 sgdLR:6.25e-05
Epoch: 175	TL: 1.646e-04	VL: 6.707e-04	 6.841e-04	 sgdLR:6.25e-05
Epoch: 176	TL: 1.644e-04	VL: 6.465e-04	 6.804e-04	 sgdLR:6.25e-05
Epoch: 177	TL: 1.619e-04	VL: 6.449e-04	 6.768e-04	 sgdLR:6.25e-05
Epoch: 178	TL: 1.639e-04	VL: 6.718e-04	 6.763e-04	 sgdLR:6.25e-05
Epoch: 179	TL: 1.622e-04	VL: 6.524e-04	 6.739e-04	 sgdLR:6.25e-05
Epoch: 180	TL: 1.633e-04	VL: 6.385e-04	 6.704e-04	 sgdLR:6.25e-05
Epoch: 181	TL: 1.614e-04	VL: 6.358e-04	 6.669e-04	 sgdLR:6.25e-05
Epoch: 182	TL: 1.562e-04	VL: 6.461e-04	 6.648e-04	 sgdLR:6.25e-05
Epoch: 183	TL: 1.641e-04	VL: 6.358e-04	 6.619e-04	 sgdLR:6.25e-05
Epoch: 184	TL: 1.618e-04	VL: 6.581e-04	 6.616e-04	 sgdLR:6.25e-05
Epoch: 185	TL: 1.593e-04	VL: 6.704e-04	 6.624e-04	 sgdLR:6.25e-05
Epoch: 186	TL: 1.560e-04	VL: 6.640e-04	 6.626e-04	 sgdLR:6.25e-05
Epoch: 187	TL: 1.592e-04	VL: 6.539e-04	 6.617e-04	 sgdLR:6.25e-05
Epoch: 188	TL: 1.595e-04	VL: 6.525e-04	 6.608e-04	 sgdLR:6.25e-05
Epoch: 189	TL: 1.576e-04	VL: 6.417e-04	 6.589e-04	 sgdLR:6.25e-05
Epoch: 190	TL: 1.576e-04	VL: 6.464e-04	 6.576e-04	 sgdLR:6.25e-05
Epoch: 191	TL: 1.583e-04	VL: 6.646e-04	 6.583e-04	 sgdLR:6.25e-05
Epoch: 192	TL: 1.568e-04	VL: 6.693e-04	 6.594e-04	 sgdLR:6.25e-05
Epoch: 193	TL: 1.589e-04	VL: 6.398e-04	 6.575e-04	 sgdLR:6.25e-05
Epoch: 194	TL: 1.573e-04	VL: 6.498e-04	 6.567e-04	 sgdLR:6.25e-05
Epoch: 195	TL: 1.563e-04	VL: 6.358e-04	 6.546e-04	 sgdLR:6.25e-05
Epoch: 196	TL: 1.531e-04	VL: 6.900e-04	 6.582e-04	 sgdLR:6.25e-05
Epoch: 197	TL: 1.548e-04	VL: 6.220e-04	 6.545e-04	 sgdLR:6.25e-05
Epoch: 198	TL: 1.572e-04	VL: 6.480e-04	 6.539e-04	 sgdLR:6.25e-05
Epoch: 199	TL: 1.543e-04	VL: 6.312e-04	 6.516e-04	 sgdLR:6.25e-05
Epoch: 200	TL: 1.517e-04	VL: 6.310e-04	 6.496e-04	 sgdLR:6.25e-05
Epoch: 201	TL: 1.507e-04	VL: 6.398e-04	 6.486e-04	 sgdLR:6.25e-05
Epoch: 202	TL: 1.492e-04	VL: 6.269e-04	 6.464e-04	 sgdLR:6.25e-05
Epoch: 203	TL: 1.557e-04	VL: 6.290e-04	 6.447e-04	 sgdLR:6.25e-05
Epoch: 204	TL: 1.505e-04	VL: 6.278e-04	 6.430e-04	 sgdLR:6.25e-05
Epoch: 205	TL: 1.518e-04	VL: 6.409e-04	 6.428e-04	 sgdLR:6.25e-05
Epoch: 206	TL: 1.483e-04	VL: 6.943e-04	 6.479e-04	 sgdLR:6.25e-05
Epoch: 207	TL: 1.466e-04	VL: 6.438e-04	 6.475e-04	 sgdLR:6.25e-05
Epoch: 208	TL: 1.542e-04	VL: 6.463e-04	 6.474e-04	 sgdLR:6.25e-05
Epoch: 209	TL: 1.499e-04	VL: 6.185e-04	 6.445e-04	 sgdLR:6.25e-05
Epoch: 210	TL: 1.518e-04	VL: 6.515e-04	 6.452e-04	 sgdLR:6.25e-05
Epoch: 211	TL: 1.450e-04	VL: 6.512e-04	 6.458e-04	 sgdLR:6.25e-05
Epoch: 212	TL: 1.175e-04	VL: 6.128e-04	 6.425e-04	 sgdLR:3.125e-05
Epoch: 213	TL: 1.200e-04	VL: 6.155e-04	 6.398e-04	 sgdLR:3.125e-05
Epoch: 214	TL: 1.193e-04	VL: 6.038e-04	 6.362e-04	 sgdLR:3.125e-05
Epoch: 215	TL: 1.197e-04	VL: 6.212e-04	 6.347e-04	 sgdLR:3.125e-05
Epoch: 216	TL: 1.191e-04	VL: 6.217e-04	 6.334e-04	 sgdLR:3.125e-05
Epoch: 217	TL: 1.206e-04	VL: 6.120e-04	 6.312e-04	 sgdLR:3.125e-05
Epoch: 218	TL: 1.174e-04	VL: 6.154e-04	 6.297e-04	 sgdLR:3.125e-05
Epoch: 219	TL: 1.195e-04	VL: 6.099e-04	 6.277e-04	 sgdLR:3.125e-05
Epoch: 220	TL: 1.164e-04	VL: 6.088e-04	 6.258e-04	 sgdLR:3.125e-05
Epoch: 221	TL: 1.186e-04	VL: 6.111e-04	 6.243e-04	 sgdLR:3.125e-05
Epoch: 222	TL: 1.191e-04	VL: 6.083e-04	 6.227e-04	 sgdLR:3.125e-05
Epoch: 223	TL: 1.178e-04	VL: 6.151e-04	 6.220e-04	 sgdLR:3.125e-05
Epoch: 224	TL: 1.203e-04	VL: 6.297e-04	 6.227e-04	 sgdLR:3.125e-05
Epoch: 225	TL: 1.164e-04	VL: 6.065e-04	 6.211e-04	 sgdLR:3.125e-05
Epoch: 226	TL: 1.172e-04	VL: 6.136e-04	 6.204e-04	 sgdLR:3.125e-05
Epoch: 227	TL: 1.169e-04	VL: 6.137e-04	 6.197e-04	 sgdLR:3.125e-05
Epoch: 228	TL: 1.163e-04	VL: 6.114e-04	 6.189e-04	 sgdLR:3.125e-05
Epoch: 229	TL: 1.181e-04	VL: 6.173e-04	 6.187e-04	 sgdLR:3.125e-05
Epoch: 230	TL: 1.152e-04	VL: 6.347e-04	 6.203e-04	 sgdLR:3.125e-05
Epoch: 231	TL: 1.148e-04	VL: 6.100e-04	 6.193e-04	 sgdLR:3.125e-05
Epoch: 232	TL: 1.168e-04	VL: 6.087e-04	 6.182e-04	 sgdLR:3.125e-05
Epoch: 233	TL: 1.159e-04	VL: 6.030e-04	 6.167e-04	 sgdLR:3.125e-05
Epoch: 234	TL: 1.137e-04	VL: 6.473e-04	 6.198e-04	 sgdLR:3.125e-05
Epoch: 235	TL: 1.146e-04	VL: 6.374e-04	 6.215e-04	 sgdLR:3.125e-05
Epoch: 236	TL: 1.152e-04	VL: 6.262e-04	 6.220e-04	 sgdLR:3.125e-05
Epoch: 237	TL: 1.126e-04	VL: 6.050e-04	 6.203e-04	 sgdLR:3.125e-05
Epoch: 238	TL: 1.144e-04	VL: 6.078e-04	 6.190e-04	 sgdLR:3.125e-05
Epoch: 239	TL: 1.136e-04	VL: 6.096e-04	 6.181e-04	 sgdLR:3.125e-05
Epoch: 240	TL: 1.001e-04	VL: 5.999e-04	 6.163e-04	 sgdLR:1.5625e-05
Epoch: 241	TL: 1.012e-04	VL: 5.995e-04	 6.146e-04	 sgdLR:1.5625e-05
Epoch: 242	TL: 1.009e-04	VL: 6.212e-04	 6.153e-04	 sgdLR:1.5625e-05
Epoch: 243	TL: 1.017e-04	VL: 6.000e-04	 6.137e-04	 sgdLR:1.5625e-05
Epoch: 244	TL: 1.007e-04	VL: 6.016e-04	 6.125e-04	 sgdLR:1.5625e-05
Epoch: 245	TL: 1.016e-04	VL: 6.022e-04	 6.115e-04	 sgdLR:1.5625e-05
Epoch: 246	TL: 1.001e-04	VL: 5.954e-04	 6.099e-04	 sgdLR:1.5625e-05
Epoch: 247	TL: 1.004e-04	VL: 5.995e-04	 6.089e-04	 sgdLR:1.5625e-05
Epoch: 248	TL: 1.002e-04	VL: 5.911e-04	 6.071e-04	 sgdLR:1.5625e-05
Epoch: 249	TL: 1.001e-04	VL: 5.985e-04	 6.062e-04	 sgdLR:1.5625e-05
Epoch: 250	TL: 1.001e-04	VL: 6.004e-04	 6.056e-04	 sgdLR:1.5625e-05
Epoch: 251	TL: 9.960e-05	VL: 6.001e-04	 6.051e-04	 sgdLR:1.5625e-05
Epoch: 252	TL: 1.005e-04	VL: 5.957e-04	 6.041e-04	 sgdLR:1.5625e-05
Epoch: 253	TL: 1.000e-04	VL: 5.983e-04	 6.036e-04	 sgdLR:1.5625e-05
Epoch: 254	TL: 9.976e-05	VL: 5.999e-04	 6.032e-04	 sgdLR:1.5625e-05
Epoch: 255	TL: 9.976e-05	VL: 5.945e-04	 6.023e-04	 sgdLR:1.5625e-05
Epoch: 256	TL: 9.902e-05	VL: 5.937e-04	 6.015e-04	 sgdLR:1.5625e-05
Epoch: 257	TL: 9.897e-05	VL: 5.951e-04	 6.008e-04	 sgdLR:1.5625e-05
Epoch: 258	TL: 9.953e-05	VL: 5.972e-04	 6.005e-04	 sgdLR:1.5625e-05
Epoch: 259	TL: 9.875e-05	VL: 5.931e-04	 5.997e-04	 sgdLR:1.5625e-05
Epoch: 260	TL: 9.899e-05	VL: 6.037e-04	 6.001e-04	 sgdLR:1.5625e-05
Epoch: 261	TL: 9.937e-05	VL: 5.899e-04	 5.991e-04	 sgdLR:1.5625e-05
Epoch: 262	TL: 9.757e-05	VL: 5.983e-04	 5.990e-04	 sgdLR:1.5625e-05
Epoch: 263	TL: 9.904e-05	VL: 5.918e-04	 5.983e-04	 sgdLR:1.5625e-05
Epoch: 264	TL: 9.852e-05	VL: 6.201e-04	 6.005e-04	 sgdLR:1.5625e-05
Epoch: 265	TL: 9.769e-05	VL: 5.978e-04	 6.002e-04	 sgdLR:1.5625e-05
Epoch: 266	TL: 9.862e-05	VL: 5.953e-04	 5.997e-04	 sgdLR:1.5625e-05
Epoch: 267	TL: 9.850e-05	VL: 5.964e-04	 5.994e-04	 sgdLR:1.5625e-05
Epoch: 268	TL: 9.814e-05	VL: 5.934e-04	 5.988e-04	 sgdLR:1.5625e-05
Epoch: 269	TL: 9.885e-05	VL: 6.045e-04	 5.994e-04	 sgdLR:1.5625e-05
Epoch: 270	TL: 9.096e-05	VL: 5.876e-04	 5.982e-04	 sgdLR:7.8125e-06
Epoch: 271	TL: 9.099e-05	VL: 5.869e-04	 5.970e-04	 sgdLR:7.8125e-06
Epoch: 272	TL: 9.174e-05	VL: 5.906e-04	 5.964e-04	 sgdLR:7.8125e-06
Epoch: 273	TL: 9.166e-05	VL: 5.873e-04	 5.955e-04	 sgdLR:7.8125e-06
Epoch: 274	TL: 9.115e-05	VL: 5.914e-04	 5.951e-04	 sgdLR:7.8125e-06
Epoch: 275	TL: 9.093e-05	VL: 5.983e-04	 5.954e-04	 sgdLR:7.8125e-06
Epoch: 276	TL: 9.078e-05	VL: 5.876e-04	 5.946e-04	 sgdLR:7.8125e-06
Epoch: 277	TL: 9.110e-05	VL: 6.011e-04	 5.953e-04	 sgdLR:7.8125e-06
Epoch: 278	TL: 9.114e-05	VL: 5.951e-04	 5.953e-04	 sgdLR:7.8125e-06
Epoch: 279	TL: 9.060e-05	VL: 5.892e-04	 5.947e-04	 sgdLR:7.8125e-06
Epoch: 280	TL: 9.153e-05	VL: 5.959e-04	 5.948e-04	 sgdLR:7.8125e-06
Epoch: 281	TL: 9.059e-05	VL: 5.944e-04	 5.947e-04	 sgdLR:7.8125e-06
Epoch: 282	TL: 9.104e-05	VL: 5.942e-04	 5.947e-04	 sgdLR:7.8125e-06
Epoch: 283	TL: 8.692e-05	VL: 5.862e-04	 5.938e-04	 sgdLR:3.90625e-06
Epoch: 284	TL: 8.703e-05	VL: 5.854e-04	 5.930e-04	 sgdLR:3.90625e-06
Epoch: 285	TL: 8.723e-05	VL: 5.900e-04	 5.927e-04	 sgdLR:3.90625e-06
Epoch: 286	TL: 8.733e-05	VL: 5.862e-04	 5.920e-04	 sgdLR:3.90625e-06
Epoch: 287	TL: 8.697e-05	VL: 5.897e-04	 5.918e-04	 sgdLR:3.90625e-06
Epoch: 288	TL: 8.712e-05	VL: 5.888e-04	 5.915e-04	 sgdLR:3.90625e-06
Epoch: 289	TL: 8.697e-05	VL: 5.850e-04	 5.908e-04	 sgdLR:3.90625e-06
Epoch: 290	TL: 8.689e-05	VL: 5.866e-04	 5.904e-04	 sgdLR:3.90625e-06
Epoch: 291	TL: 8.695e-05	VL: 5.865e-04	 5.900e-04	 sgdLR:3.90625e-06
Epoch: 292	TL: 8.743e-05	VL: 5.855e-04	 5.896e-04	 sgdLR:3.90625e-06
Epoch: 293	TL: 8.682e-05	VL: 5.841e-04	 5.890e-04	 sgdLR:3.90625e-06
Epoch: 294	TL: 8.732e-05	VL: 5.851e-04	 5.886e-04	 sgdLR:3.90625e-06
Epoch: 295	TL: 8.698e-05	VL: 5.913e-04	 5.889e-04	 sgdLR:3.90625e-06
Epoch: 296	TL: 8.692e-05	VL: 5.879e-04	 5.888e-04	 sgdLR:3.90625e-06
Epoch: 297	TL: 8.683e-05	VL: 5.853e-04	 5.884e-04	 sgdLR:3.90625e-06
Epoch: 298	TL: 8.664e-05	VL: 5.880e-04	 5.884e-04	 sgdLR:3.90625e-06
Epoch: 299	TL: 8.682e-05	VL: 5.850e-04	 5.881e-04	 sgdLR:3.90625e-06
Epoch: 300	TL: 8.701e-05	VL: 5.870e-04	 5.879e-04	 sgdLR:3.90625e-06
Epoch: 301	TL: 8.669e-05	VL: 5.840e-04	 5.876e-04	 sgdLR:3.90625e-06
Epoch: 302	TL: 8.657e-05	VL: 5.874e-04	 5.875e-04	 sgdLR:3.90625e-06
Epoch: 303	TL: 8.674e-05	VL: 5.902e-04	 5.878e-04	 sgdLR:3.90625e-06
Epoch: 304	TL: 8.671e-05	VL: 5.854e-04	 5.876e-04	 sgdLR:3.90625e-06
Epoch: 305	TL: 8.661e-05	VL: 5.857e-04	 5.874e-04	 sgdLR:3.90625e-06
Epoch: 306	TL: 8.646e-05	VL: 5.859e-04	 5.872e-04	 sgdLR:3.90625e-06
Epoch: 307	TL: 8.655e-05	VL: 5.863e-04	 5.871e-04	 sgdLR:3.90625e-06
Epoch: 308	TL: 8.654e-05	VL: 5.840e-04	 5.868e-04	 sgdLR:3.90625e-06
Epoch: 309	TL: 8.656e-05	VL: 5.846e-04	 5.866e-04	 sgdLR:3.90625e-06
Epoch: 310	TL: 8.657e-05	VL: 5.867e-04	 5.866e-04	 sgdLR:3.90625e-06
Epoch: 311	TL: 8.636e-05	VL: 5.836e-04	 5.863e-04	 sgdLR:3.90625e-06
Epoch: 312	TL: 8.639e-05	VL: 5.857e-04	 5.863e-04	 sgdLR:3.90625e-06
Epoch: 313	TL: 8.674e-05	VL: 5.861e-04	 5.862e-04	 sgdLR:3.90625e-06
Epoch: 314	TL: 8.619e-05	VL: 5.859e-04	 5.862e-04	 sgdLR:3.90625e-06
Epoch: 315	TL: 8.628e-05	VL: 5.833e-04	 5.859e-04	 sgdLR:3.90625e-06
Epoch: 316	TL: 8.626e-05	VL: 5.849e-04	 5.858e-04	 sgdLR:3.90625e-06
Epoch: 317	TL: 8.638e-05	VL: 5.843e-04	 5.857e-04	 sgdLR:3.90625e-06
Epoch: 318	TL: 8.605e-05	VL: 5.850e-04	 5.856e-04	 sgdLR:3.90625e-06
Epoch: 319	TL: 8.625e-05	VL: 5.843e-04	 5.855e-04	 sgdLR:3.90625e-06
Epoch: 320	TL: 8.603e-05	VL: 5.830e-04	 5.852e-04	 sgdLR:3.90625e-06
Epoch: 321	TL: 8.582e-05	VL: 5.851e-04	 5.852e-04	 sgdLR:3.90625e-06
Epoch: 322	TL: 8.613e-05	VL: 5.852e-04	 5.852e-04	 sgdLR:3.90625e-06
Epoch: 323	TL: 8.619e-05	VL: 5.860e-04	 5.853e-04	 sgdLR:3.90625e-06
Epoch: 324	TL: 8.600e-05	VL: 5.902e-04	 5.858e-04	 sgdLR:3.90625e-06
Epoch: 325	TL: 8.597e-05	VL: 5.826e-04	 5.855e-04	 sgdLR:3.90625e-06
Epoch: 326	TL: 8.598e-05	VL: 5.826e-04	 5.852e-04	 sgdLR:3.90625e-06
Epoch: 327	TL: 8.583e-05	VL: 5.864e-04	 5.853e-04	 sgdLR:3.90625e-06
Epoch: 328	TL: 8.577e-05	VL: 5.848e-04	 5.852e-04	 sgdLR:3.90625e-06
Epoch: 329	TL: 8.556e-05	VL: 5.837e-04	 5.851e-04	 sgdLR:3.90625e-06
Epoch: 330	TL: 8.569e-05	VL: 5.864e-04	 5.852e-04	 sgdLR:3.90625e-06
Epoch: 331	TL: 8.557e-05	VL: 5.855e-04	 5.852e-04	 sgdLR:3.90625e-06
Epoch: 332	TL: 8.567e-05	VL: 5.843e-04	 5.852e-04	 sgdLR:3.90625e-06
Epoch: 333	TL: 8.557e-05	VL: 5.844e-04	 5.851e-04	 sgdLR:3.90625e-06
Epoch: 334	TL: 8.549e-05	VL: 5.886e-04	 5.854e-04	 sgdLR:3.90625e-06
Epoch: 335	TL: 8.590e-05	VL: 5.852e-04	 5.854e-04	 sgdLR:3.90625e-06
Epoch: 336	TL: 8.550e-05	VL: 5.870e-04	 5.856e-04	 sgdLR:3.90625e-06
Epoch: 337	TL: 8.562e-05	VL: 5.841e-04	 5.854e-04	 sgdLR:3.90625e-06
Epoch: 338	TL: 8.530e-05	VL: 5.875e-04	 5.856e-04	 sgdLR:3.90625e-06
Epoch: 339	TL: 8.539e-05	VL: 5.864e-04	 5.857e-04	 sgdLR:3.90625e-06
Epoch: 340	TL: 8.366e-05	VL: 5.827e-04	 5.854e-04	 sgdLR:1.953125e-06
Epoch: 341	TL: 8.368e-05	VL: 5.847e-04	 5.853e-04	 sgdLR:1.953125e-06
Epoch: 342	TL: 8.366e-05	VL: 5.832e-04	 5.851e-04	 sgdLR:1.953125e-06
Epoch: 343	TL: 8.349e-05	VL: 5.832e-04	 5.849e-04	 sgdLR:1.953125e-06
Epoch: 344	TL: 8.360e-05	VL: 5.828e-04	 5.847e-04	 sgdLR:1.953125e-06
Epoch: 345	TL: 8.354e-05	VL: 5.851e-04	 5.847e-04	 sgdLR:1.953125e-06
Epoch: 346	TL: 8.357e-05	VL: 5.819e-04	 5.845e-04	 sgdLR:1.953125e-06
Epoch: 347	TL: 8.351e-05	VL: 5.835e-04	 5.844e-04	 sgdLR:1.953125e-06
Epoch: 348	TL: 8.366e-05	VL: 5.844e-04	 5.844e-04	 sgdLR:1.953125e-06
Epoch: 349	TL: 8.347e-05	VL: 5.846e-04	 5.844e-04	 sgdLR:1.953125e-06
Epoch: 350	TL: 8.344e-05	VL: 5.822e-04	 5.842e-04	 sgdLR:1.953125e-06
Epoch: 351	TL: 8.342e-05	VL: 5.825e-04	 5.840e-04	 sgdLR:1.953125e-06
Epoch: 352	TL: 8.355e-05	VL: 5.833e-04	 5.839e-04	 sgdLR:1.953125e-06
Epoch: 353	TL: 8.341e-05	VL: 5.845e-04	 5.840e-04	 sgdLR:1.953125e-06
Epoch: 354	TL: 8.330e-05	VL: 5.822e-04	 5.838e-04	 sgdLR:1.953125e-06
Epoch: 355	TL: 8.344e-05	VL: 5.835e-04	 5.838e-04	 sgdLR:1.953125e-06
Epoch: 356	TL: 8.345e-05	VL: 5.820e-04	 5.836e-04	 sgdLR:1.953125e-06
Epoch: 357	TL: 8.341e-05	VL: 5.827e-04	 5.835e-04	 sgdLR:1.953125e-06
Epoch: 358	TL: 8.348e-05	VL: 5.830e-04	 5.835e-04	 sgdLR:1.953125e-06
Epoch: 359	TL: 8.339e-05	VL: 5.837e-04	 5.835e-04	 sgdLR:1.953125e-06
Epoch: 360	TL: 8.330e-05	VL: 5.828e-04	 5.834e-04	 sgdLR:1.953125e-06
Epoch: 361	TL: 8.342e-05	VL: 5.825e-04	 5.833e-04	 sgdLR:1.953125e-06
Epoch: 362	TL: 8.331e-05	VL: 5.836e-04	 5.833e-04	 sgdLR:1.953125e-06
Epoch: 363	TL: 8.345e-05	VL: 5.825e-04	 5.833e-04	 sgdLR:1.953125e-06
Epoch: 364	TL: 8.324e-05	VL: 5.826e-04	 5.832e-04	 sgdLR:1.953125e-06
Epoch: 365	TL: 8.306e-05	VL: 5.822e-04	 5.831e-04	 sgdLR:1.953125e-06
Epoch: 366	TL: 8.331e-05	VL: 5.854e-04	 5.833e-04	 sgdLR:1.953125e-06
Epoch: 367	TL: 8.320e-05	VL: 5.842e-04	 5.834e-04	 sgdLR:1.953125e-06
Epoch: 368	TL: 8.321e-05	VL: 5.823e-04	 5.833e-04	 sgdLR:1.953125e-06
Epoch: 369	TL: 8.316e-05	VL: 5.834e-04	 5.833e-04	 sgdLR:1.953125e-06
Epoch: 370	TL: 8.305e-05	VL: 5.814e-04	 5.831e-04	 sgdLR:1.953125e-06
Epoch: 371	TL: 8.315e-05	VL: 5.835e-04	 5.832e-04	 sgdLR:1.953125e-06
Epoch: 372	TL: 8.217e-05	VL: 5.823e-04	 5.831e-04	 sgdLR:9.765625e-07
Epoch: 373	TL: 8.223e-05	VL: 5.814e-04	 5.829e-04	 sgdLR:9.765625e-07
Epoch: 374	TL: 8.220e-05	VL: 5.825e-04	 5.829e-04	 sgdLR:9.765625e-07
Epoch: 375	TL: 8.220e-05	VL: 5.821e-04	 5.828e-04	 sgdLR:9.765625e-07
Epoch: 376	TL: 8.211e-05	VL: 5.827e-04	 5.828e-04	 sgdLR:9.765625e-07
Epoch: 377	TL: 8.212e-05	VL: 5.814e-04	 5.826e-04	 sgdLR:9.765625e-07
Epoch: 378	TL: 8.213e-05	VL: 5.827e-04	 5.826e-04	 sgdLR:9.765625e-07
Epoch: 379	TL: 8.208e-05	VL: 5.822e-04	 5.826e-04	 sgdLR:9.765625e-07
Epoch: 380	TL: 8.217e-05	VL: 5.817e-04	 5.825e-04	 sgdLR:9.765625e-07
Epoch: 381	TL: 8.221e-05	VL: 5.829e-04	 5.825e-04	 sgdLR:9.765625e-07
Epoch: 382	TL: 8.198e-05	VL: 5.830e-04	 5.826e-04	 sgdLR:9.765625e-07
Epoch: 383	TL: 8.199e-05	VL: 5.824e-04	 5.826e-04	 sgdLR:9.765625e-07
Epoch: 384	TL: 8.214e-05	VL: 5.821e-04	 5.825e-04	 sgdLR:9.765625e-07
Epoch: 385	TL: 8.213e-05	VL: 5.817e-04	 5.824e-04	 sgdLR:9.765625e-07
Epoch: 386	TL: 8.205e-05	VL: 5.835e-04	 5.825e-04	 sgdLR:9.765625e-07
Epoch: 387	TL: 8.196e-05	VL: 5.831e-04	 5.826e-04	 sgdLR:9.765625e-07
Epoch: 388	TL: 8.211e-05	VL: 5.819e-04	 5.825e-04	 sgdLR:9.765625e-07
Epoch: 389	TL: 8.206e-05	VL: 5.807e-04	 5.823e-04	 sgdLR:9.765625e-07
Epoch: 390	TL: 8.198e-05	VL: 5.820e-04	 5.823e-04	 sgdLR:9.765625e-07
Epoch: 391	TL: 8.204e-05	VL: 5.835e-04	 5.824e-04	 sgdLR:9.765625e-07
Epoch: 392	TL: 8.199e-05	VL: 5.826e-04	 5.824e-04	 sgdLR:9.765625e-07
Epoch: 393	TL: 8.206e-05	VL: 5.821e-04	 5.824e-04	 sgdLR:9.765625e-07
Epoch: 394	TL: 8.196e-05	VL: 5.812e-04	 5.823e-04	 sgdLR:9.765625e-07
Epoch: 395	TL: 8.202e-05	VL: 5.825e-04	 5.823e-04	 sgdLR:9.765625e-07
Epoch: 396	TL: 8.199e-05	VL: 5.832e-04	 5.824e-04	 sgdLR:9.765625e-07
Epoch: 397	TL: 8.202e-05	VL: 5.823e-04	 5.824e-04	 sgdLR:9.765625e-07
Epoch: 398	TL: 8.198e-05	VL: 5.823e-04	 5.824e-04	 sgdLR:9.765625e-07
Epoch: 399	TL: 8.199e-05	VL: 5.816e-04	 5.823e-04	 sgdLR:9.765625e-07
Epoch: 400	TL: 8.201e-05	VL: 5.820e-04	 5.823e-04	 sgdLR:9.765625e-07
Epoch: 401	TL: 8.203e-05	VL: 5.828e-04	 5.823e-04	 sgdLR:9.765625e-07
Epoch: 402	TL: 8.191e-05	VL: 5.812e-04	 5.822e-04	 sgdLR:9.765625e-07
Epoch: 403	TL: 8.187e-05	VL: 5.801e-04	 5.820e-04	 sgdLR:9.765625e-07
Epoch: 404	TL: 8.193e-05	VL: 5.812e-04	 5.819e-04	 sgdLR:9.765625e-07
Epoch: 405	TL: 8.192e-05	VL: 5.811e-04	 5.818e-04	 sgdLR:9.765625e-07
Epoch: 406	TL: 8.196e-05	VL: 5.812e-04	 5.818e-04	 sgdLR:9.765625e-07
Epoch: 407	TL: 8.194e-05	VL: 5.817e-04	 5.818e-04	 sgdLR:9.765625e-07
Epoch: 408	TL: 8.183e-05	VL: 5.810e-04	 5.817e-04	 sgdLR:9.765625e-07
Epoch: 409	TL: 8.187e-05	VL: 5.813e-04	 5.817e-04	 sgdLR:9.765625e-07
Epoch: 410	TL: 8.185e-05	VL: 5.814e-04	 5.816e-04	 sgdLR:9.765625e-07
Epoch: 411	TL: 8.188e-05	VL: 5.806e-04	 5.815e-04	 sgdLR:9.765625e-07
Epoch: 412	TL: 8.182e-05	VL: 5.837e-04	 5.817e-04	 sgdLR:9.765625e-07
Epoch: 413	TL: 8.183e-05	VL: 5.813e-04	 5.817e-04	 sgdLR:9.765625e-07
Epoch: 414	TL: 8.186e-05	VL: 5.822e-04	 5.817e-04	 sgdLR:9.765625e-07
Epoch: 415	TL: 8.173e-05	VL: 5.812e-04	 5.817e-04	 sgdLR:9.765625e-07
Epoch: 416	TL: 8.180e-05	VL: 5.809e-04	 5.816e-04	 sgdLR:9.765625e-07
Epoch: 417	TL: 8.175e-05	VL: 5.808e-04	 5.815e-04	 sgdLR:9.765625e-07
Epoch: 418	TL: 8.128e-05	VL: 5.816e-04	 5.815e-04	 sgdLR:4.8828125e-07
Epoch: 419	TL: 8.130e-05	VL: 5.807e-04	 5.815e-04	 sgdLR:4.8828125e-07
Epoch: 420	TL: 8.121e-05	VL: 5.817e-04	 5.815e-04	 sgdLR:4.8828125e-07
Epoch: 421	TL: 8.125e-05	VL: 5.808e-04	 5.814e-04	 sgdLR:4.8828125e-07
Epoch: 422	TL: 8.128e-05	VL: 5.810e-04	 5.814e-04	 sgdLR:4.8828125e-07
Epoch: 423	TL: 8.121e-05	VL: 5.800e-04	 5.812e-04	 sgdLR:4.8828125e-07
Epoch: 424	TL: 8.117e-05	VL: 5.817e-04	 5.813e-04	 sgdLR:4.8828125e-07
Epoch: 425	TL: 8.117e-05	VL: 5.801e-04	 5.812e-04	 sgdLR:4.8828125e-07
Epoch: 426	TL: 8.126e-05	VL: 5.816e-04	 5.812e-04	 sgdLR:4.8828125e-07
Epoch: 427	TL: 8.134e-05	VL: 5.808e-04	 5.812e-04	 sgdLR:4.8828125e-07
Epoch: 428	TL: 8.130e-05	VL: 5.812e-04	 5.812e-04	 sgdLR:4.8828125e-07
Epoch: 429	TL: 8.122e-05	VL: 5.816e-04	 5.812e-04	 sgdLR:4.8828125e-07
Epoch: 430	TL: 8.118e-05	VL: 5.812e-04	 5.812e-04	 sgdLR:4.8828125e-07
Epoch: 431	TL: 8.123e-05	VL: 5.805e-04	 5.811e-04	 sgdLR:4.8828125e-07
Epoch: 432	TL: 8.122e-05	VL: 5.812e-04	 5.811e-04	 sgdLR:4.8828125e-07
Epoch: 433	TL: 8.124e-05	VL: 5.803e-04	 5.811e-04	 sgdLR:4.8828125e-07
Epoch: 434	TL: 8.123e-05	VL: 5.809e-04	 5.810e-04	 sgdLR:4.8828125e-07
Epoch: 435	TL: 8.118e-05	VL: 5.813e-04	 5.811e-04	 sgdLR:4.8828125e-07
Epoch: 436	TL: 8.118e-05	VL: 5.814e-04	 5.811e-04	 sgdLR:4.8828125e-07
Epoch: 437	TL: 8.117e-05	VL: 5.807e-04	 5.811e-04	 sgdLR:4.8828125e-07
Epoch: 438	TL: 8.123e-05	VL: 5.810e-04	 5.811e-04	 sgdLR:4.8828125e-07
Epoch: 439	TL: 8.119e-05	VL: 5.821e-04	 5.812e-04	 sgdLR:4.8828125e-07
Epoch: 440	TL: 8.120e-05	VL: 5.811e-04	 5.812e-04	 sgdLR:4.8828125e-07
Epoch: 441	TL: 8.094e-05	VL: 5.806e-04	 5.811e-04	 sgdLR:2.44140625e-07
Epoch: 442	TL: 8.093e-05	VL: 5.814e-04	 5.811e-04	 sgdLR:2.44140625e-07
Epoch: 443	TL: 8.093e-05	VL: 5.810e-04	 5.811e-04	 sgdLR:2.44140625e-07
Epoch: 444	TL: 8.087e-05	VL: 5.802e-04	 5.810e-04	 sgdLR:2.44140625e-07
Epoch: 445	TL: 8.093e-05	VL: 5.807e-04	 5.810e-04	 sgdLR:2.44140625e-07
Epoch: 446	TL: 8.091e-05	VL: 5.807e-04	 5.810e-04	 sgdLR:2.44140625e-07
Epoch: 447	TL: 8.090e-05	VL: 5.809e-04	 5.810e-04	 sgdLR:2.44140625e-07
Epoch: 448	TL: 8.088e-05	VL: 5.816e-04	 5.810e-04	 sgdLR:2.44140625e-07
Epoch: 449	TL: 8.091e-05	VL: 5.808e-04	 5.810e-04	 sgdLR:2.44140625e-07
Epoch: 450	TL: 8.091e-05	VL: 5.810e-04	 5.810e-04	 sgdLR:2.44140625e-07
Epoch: 451	TL: 8.093e-05	VL: 5.804e-04	 5.809e-04	 sgdLR:2.44140625e-07
Epoch: 452	TL: 8.090e-05	VL: 5.806e-04	 5.809e-04	 sgdLR:2.44140625e-07
Epoch: 453	TL: 8.089e-05	VL: 5.807e-04	 5.809e-04	 sgdLR:2.44140625e-07
Epoch: 454	TL: 8.092e-05	VL: 5.806e-04	 5.808e-04	 sgdLR:2.44140625e-07
Epoch: 455	TL: 8.086e-05	VL: 5.812e-04	 5.809e-04	 sgdLR:2.44140625e-07
Epoch: 456	TL: 8.085e-05	VL: 5.807e-04	 5.809e-04	 sgdLR:2.44140625e-07
Epoch: 457	TL: 8.085e-05	VL: 5.811e-04	 5.809e-04	 sgdLR:2.44140625e-07
Epoch: 458	TL: 8.089e-05	VL: 5.807e-04	 5.809e-04	 sgdLR:2.44140625e-07
Epoch: 459	TL: 8.093e-05	VL: 5.804e-04	 5.808e-04	 sgdLR:2.44140625e-07
Epoch: 460	TL: 8.082e-05	VL: 5.802e-04	 5.808e-04	 sgdLR:2.44140625e-07
Epoch: 461	TL: 8.088e-05	VL: 5.804e-04	 5.807e-04	 sgdLR:2.44140625e-07
Epoch: 462	TL: 8.084e-05	VL: 5.804e-04	 5.807e-04	 sgdLR:2.44140625e-07
Epoch: 463	TL: 8.082e-05	VL: 5.808e-04	 5.807e-04	 sgdLR:2.44140625e-07
Epoch: 464	TL: 8.086e-05	VL: 5.803e-04	 5.807e-04	 sgdLR:2.44140625e-07
Epoch: 465	TL: 8.088e-05	VL: 5.812e-04	 5.807e-04	 sgdLR:2.44140625e-07
Epoch: 466	TL: 8.079e-05	VL: 5.804e-04	 5.807e-04	 sgdLR:2.44140625e-07
Epoch: 467	TL: 8.080e-05	VL: 5.806e-04	 5.807e-04	 sgdLR:2.44140625e-07
Epoch: 468	TL: 8.080e-05	VL: 5.804e-04	 5.806e-04	 sgdLR:2.44140625e-07
Epoch: 469	TL: 8.077e-05	VL: 5.802e-04	 5.806e-04	 sgdLR:2.44140625e-07
Epoch: 470	TL: 8.081e-05	VL: 5.807e-04	 5.806e-04	 sgdLR:2.44140625e-07
Epoch: 471	TL: 8.084e-05	VL: 5.808e-04	 5.806e-04	 sgdLR:2.44140625e-07
Epoch: 472	TL: 8.088e-05	VL: 5.803e-04	 5.806e-04	 sgdLR:2.44140625e-07
Epoch: 473	TL: 8.087e-05	VL: 5.807e-04	 5.806e-04	 sgdLR:2.44140625e-07
Epoch: 474	TL: 8.084e-05	VL: 5.808e-04	 5.806e-04	 sgdLR:2.44140625e-07
Epoch: 475	TL: 8.085e-05	VL: 5.804e-04	 5.806e-04	 sgdLR:2.44140625e-07
Epoch: 476	TL: 8.080e-05	VL: 5.807e-04	 5.806e-04	 sgdLR:2.44140625e-07
Epoch: 477	TL: 8.082e-05	VL: 5.803e-04	 5.806e-04	 sgdLR:2.44140625e-07
Epoch: 478	TL: 8.078e-05	VL: 5.807e-04	 5.806e-04	 sgdLR:2.44140625e-07
Epoch: 479	TL: 8.082e-05	VL: 5.809e-04	 5.806e-04	 sgdLR:2.44140625e-07
Epoch: 480	TL: 8.085e-05	VL: 5.804e-04	 5.806e-04	 sgdLR:2.44140625e-07
Epoch: 481	TL: 8.083e-05	VL: 5.806e-04	 5.806e-04	 sgdLR:2.44140625e-07
Epoch: 482	TL: 8.083e-05	VL: 5.805e-04	 5.806e-04	 sgdLR:2.44140625e-07
Epoch: 483	TL: 8.073e-05	VL: 5.814e-04	 5.807e-04	 sgdLR:2.44140625e-07
Epoch: 484	TL: 8.064e-05	VL: 5.804e-04	 5.806e-04	 sgdLR:1.220703125e-07
Epoch: 485	TL: 8.069e-05	VL: 5.803e-04	 5.806e-04	 sgdLR:1.220703125e-07
Epoch: 486	TL: 8.069e-05	VL: 5.805e-04	 5.806e-04	 sgdLR:1.220703125e-07
Epoch: 487	TL: 8.069e-05	VL: 5.806e-04	 5.806e-04	 sgdLR:1.220703125e-07
Epoch: 488	TL: 8.067e-05	VL: 5.808e-04	 5.806e-04	 sgdLR:1.220703125e-07
Epoch: 489	TL: 8.065e-05	VL: 5.805e-04	 5.806e-04	 sgdLR:1.220703125e-07
Epoch: 490	TL: 8.060e-05	VL: 5.802e-04	 5.806e-04	 sgdLR:6.103515625e-08
Epoch: 491	TL: 8.058e-05	VL: 5.806e-04	 5.806e-04	 sgdLR:6.103515625e-08
Epoch: 492	TL: 8.062e-05	VL: 5.803e-04	 5.805e-04	 sgdLR:6.103515625e-08
Epoch: 493	TL: 8.053e-05	VL: 5.805e-04	 5.805e-04	 sgdLR:6.103515625e-08
Epoch: 494	TL: 8.063e-05	VL: 5.803e-04	 5.805e-04	 sgdLR:6.103515625e-08
Epoch: 495	TL: 8.062e-05	VL: 5.800e-04	 5.805e-04	 sgdLR:6.103515625e-08
Epoch: 496	TL: 8.062e-05	VL: 5.801e-04	 5.804e-04	 sgdLR:6.103515625e-08
Epoch: 497	TL: 8.057e-05	VL: 5.798e-04	 5.804e-04	 sgdLR:6.103515625e-08
Epoch: 498	TL: 8.055e-05	VL: 5.809e-04	 5.804e-04	 sgdLR:6.103515625e-08
Epoch: 499	TL: 8.052e-05	VL: 5.805e-04	 5.804e-04	 sgdLR:6.103515625e-08
Epoch: 500	TL: 8.058e-05	VL: 5.798e-04	 5.804e-04	 sgdLR:6.103515625e-08
Epoch: 501	TL: 8.060e-05	VL: 5.802e-04	 5.803e-04	 sgdLR:6.103515625e-08
Epoch: 502	TL: 8.054e-05	VL: 5.805e-04	 5.804e-04	 sgdLR:6.103515625e-08
Epoch: 503	TL: 8.059e-05	VL: 5.803e-04	 5.804e-04	 sgdLR:6.103515625e-08
Epoch: 504	TL: 8.057e-05	VL: 5.803e-04	 5.803e-04	 sgdLR:6.103515625e-08
Epoch: 505	TL: 8.051e-05	VL: 5.804e-04	 5.804e-04	 sgdLR:6.103515625e-08
Epoch: 506	TL: 8.059e-05	VL: 5.807e-04	 5.804e-04	 sgdLR:6.103515625e-08
Epoch: 507	TL: 8.056e-05	VL: 5.802e-04	 5.804e-04	 sgdLR:6.103515625e-08
Epoch: 508	TL: 8.062e-05	VL: 5.803e-04	 5.804e-04	 sgdLR:6.103515625e-08
Epoch: 509	TL: 8.058e-05	VL: 5.804e-04	 5.804e-04	 sgdLR:6.103515625e-08
Epoch: 510	TL: 8.057e-05	VL: 5.812e-04	 5.805e-04	 sgdLR:6.103515625e-08
Epoch: 511	TL: 8.051e-05	VL: 5.798e-04	 5.804e-04	 sgdLR:3.0517578125e-08
Epoch: 512	TL: 8.055e-05	VL: 5.803e-04	 5.804e-04	 sgdLR:3.0517578125e-08
Epoch: 513	TL: 8.053e-05	VL: 5.806e-04	 5.804e-04	 sgdLR:3.0517578125e-08
Epoch: 514	TL: 8.049e-05	VL: 5.800e-04	 5.804e-04	 sgdLR:3.0517578125e-08
Epoch: 515	TL: 8.054e-05	VL: 5.800e-04	 5.803e-04	 sgdLR:3.0517578125e-08
Epoch: 516	TL: 8.053e-05	VL: 5.799e-04	 5.803e-04	 sgdLR:3.0517578125e-08
Epoch: 517	TL: 8.051e-05	VL: 5.801e-04	 5.803e-04	 sgdLR:3.0517578125e-08
Epoch: 518	TL: 8.056e-05	VL: 5.802e-04	 5.803e-04	 sgdLR:3.0517578125e-08
Epoch: 519	TL: 8.048e-05	VL: 5.798e-04	 5.802e-04	 sgdLR:3.0517578125e-08
Epoch: 520	TL: 8.053e-05	VL: 5.799e-04	 5.802e-04	 sgdLR:3.0517578125e-08
Epoch: 521	TL: 8.057e-05	VL: 5.806e-04	 5.802e-04	 sgdLR:3.0517578125e-08
Epoch: 522	TL: 8.050e-05	VL: 5.800e-04	 5.802e-04	 sgdLR:3.0517578125e-08
Epoch: 523	TL: 8.049e-05	VL: 5.803e-04	 5.802e-04	 sgdLR:3.0517578125e-08
Epoch: 524	TL: 8.050e-05	VL: 5.803e-04	 5.802e-04	 sgdLR:3.0517578125e-08
Epoch: 525	TL: 8.051e-05	VL: 5.802e-04	 5.802e-04	 sgdLR:3.0517578125e-08
Epoch: 526	TL: 8.051e-05	VL: 5.801e-04	 5.802e-04	 sgdLR:3.0517578125e-08
Epoch: 527	TL: 8.052e-05	VL: 5.802e-04	 5.802e-04	 sgdLR:1.52587890625e-08
Epoch: 528	TL: 8.052e-05	VL: 5.800e-04	 5.802e-04	 sgdLR:1.52587890625e-08
Epoch: 529	TL: 8.049e-05	VL: 5.803e-04	 5.802e-04	 sgdLR:1.52587890625e-08
Epoch: 530	TL: 8.052e-05	VL: 5.803e-04	 5.802e-04	 sgdLR:1.52587890625e-08
Epoch: 531	TL: 8.049e-05	VL: 5.802e-04	 5.802e-04	 sgdLR:1.52587890625e-08
Epoch: 532	TL: 8.046e-05	VL: 5.800e-04	 5.802e-04	 sgdLR:1.52587890625e-08
Epoch: 533	TL: 8.050e-05	VL: 5.801e-04	 5.802e-04	 sgdLR:1.52587890625e-08
Epoch: 534	TL: 8.046e-05	VL: 5.800e-04	 5.802e-04	 sgdLR:1.52587890625e-08
Epoch: 535	TL: 8.052e-05	VL: 5.798e-04	 5.801e-04	 sgdLR:1.52587890625e-08
Epoch: 536	TL: 8.047e-05	VL: 5.805e-04	 5.802e-04	 sgdLR:1.52587890625e-08
Epoch: 537	TL: 8.048e-05	VL: 5.799e-04	 5.801e-04	 sgdLR:1.52587890625e-08
Epoch: 538	TL: 8.046e-05	VL: 5.802e-04	 5.802e-04	 sgdLR:1.52587890625e-08
Epoch: 539	TL: 8.051e-05	VL: 5.802e-04	 5.802e-04	 sgdLR:1.52587890625e-08
Epoch: 540	TL: 8.043e-05	VL: 5.802e-04	 5.802e-04	 sgdLR:1.52587890625e-08
Epoch: 541	TL: 8.050e-05	VL: 5.799e-04	 5.801e-04	 sgdLR:1.52587890625e-08
Epoch: 542	TL: 8.046e-05	VL: 5.802e-04	 5.801e-04	 sgdLR:1.52587890625e-08
Epoch: 543	TL: 8.050e-05	VL: 5.801e-04	 5.801e-04	 sgdLR:1.52587890625e-08
Epoch: 544	TL: 8.047e-05	VL: 5.804e-04	 5.802e-04	 sgdLR:1.52587890625e-08
Epoch: 545	TL: 8.048e-05	VL: 5.802e-04	 5.802e-04	 sgdLR:1.52587890625e-08
Epoch: 546	TL: 8.047e-05	VL: 5.802e-04	 5.802e-04	 sgdLR:1.52587890625e-08
Epoch: 547	TL: 8.049e-05	VL: 5.800e-04	 5.802e-04	 sgdLR:1.52587890625e-08
Epoch: 548	TL: 8.049e-05	VL: 5.801e-04	 5.802e-04	 sgdLR:1.52587890625e-08
Epoch: 549	TL: 8.045e-05	VL: 5.800e-04	 5.801e-04	 sgdLR:1.52587890625e-08
Epoch: 550	TL: 8.049e-05	VL: 5.800e-04	 5.801e-04	 sgdLR:1.52587890625e-08
Epoch: 551	TL: 8.047e-05	VL: 5.804e-04	 5.802e-04	 sgdLR:1.52587890625e-08
Epoch: 552	TL: 8.050e-05	VL: 5.804e-04	 5.802e-04	 sgdLR:1.52587890625e-08
Epoch: 553	TL: 8.049e-05	VL: 5.800e-04	 5.802e-04	 sgdLR:1.52587890625e-08
Epoch: 554	TL: 8.051e-05	VL: 5.802e-04	 5.802e-04	 sgdLR:1.52587890625e-08
Epoch: 555	TL: 8.051e-05	VL: 5.801e-04	 5.802e-04	 sgdLR:1.52587890625e-08
Epoch: 556	TL: 8.048e-05	VL: 5.800e-04	 5.802e-04	 sgdLR:1.52587890625e-08
Epoch: 557	TL: 8.045e-05	VL: 5.804e-04	 5.802e-04	 sgdLR:1.52587890625e-08
Epoch: 558	TL: 8.049e-05	VL: 5.802e-04	 5.802e-04	 sgdLR:1.52587890625e-08
Epoch: 559	TL: 8.051e-05	VL: 5.801e-04	 5.802e-04	 sgdLR:1.52587890625e-08
Epoch: 560	TL: 8.046e-05	VL: 5.801e-04	 5.802e-04	 sgdLR:1.52587890625e-08
Epoch: 561	TL: 8.048e-05	VL: 5.802e-04	 5.802e-04	 sgdLR:1.52587890625e-08
Epoch: 562	TL: 8.046e-05	VL: 5.803e-04	 5.802e-04	 sgdLR:1.52587890625e-08
Epoch: 563	TL: 8.044e-05	VL: 5.800e-04	 5.802e-04	 sgdLR:1.52587890625e-08
Epoch: 564	TL: 8.052e-05	VL: 5.800e-04	 5.801e-04	 sgdLR:1.52587890625e-08
Early stopping triggered after 565 epochs.
Test MAE: 11.895
