Sun Dec 15 08:18:16 2024       
+-----------------------------------------------------------------------------------------+
| NVIDIA-SMI 565.57.01              Driver Version: 565.57.01      CUDA Version: 12.7     |
|-----------------------------------------+------------------------+----------------------+
| GPU  Name                 Persistence-M | Bus-Id          Disp.A | Volatile Uncorr. ECC |
| Fan  Temp   Perf          Pwr:Usage/Cap |           Memory-Usage | GPU-Util  Compute M. |
|                                         |                        |               MIG M. |
|=========================================+========================+======================|
|   0  Tesla V100-PCIE-32GB           On  |   00000000:D8:00.0 Off |                    0 |
| N/A   28C    P0             25W /  250W |       1MiB /  32768MiB |      0%   E. Process |
|                                         |                        |                  N/A |
+-----------------------------------------+------------------------+----------------------+
                                                                                         
+-----------------------------------------------------------------------------------------+
| Processes:                                                                              |
|  GPU   GI   CI        PID   Type   Process name                              GPU Memory |
|        ID   ID                                                               Usage      |
|=========================================================================================|
|  No running processes found                                                             |
+-----------------------------------------------------------------------------------------+
cuda
Tesla V100-PCIE-32GB
Epoch: 1	TL: 4.794e-01	VL: 7.419e-02	 7.419e-02	 adam_lr:0.0005
Epoch: 2	TL: 4.747e-02	VL: 3.314e-02	 7.008e-02	 adam_lr:0.0005
Epoch: 3	TL: 2.249e-02	VL: 4.027e-02	 6.710e-02	 adam_lr:0.0005
Epoch: 4	TL: 1.533e-02	VL: 1.944e-02	 6.234e-02	 adam_lr:0.0005
Epoch: 5	TL: 1.205e-02	VL: 1.673e-02	 5.778e-02	 adam_lr:0.0005
Epoch: 6	TL: 1.044e-02	VL: 6.195e-03	 5.262e-02	 adam_lr:0.0005
Epoch: 7	TL: 9.313e-03	VL: 6.508e-03	 4.801e-02	 adam_lr:0.0005
Epoch: 8	TL: 8.332e-03	VL: 1.236e-02	 4.444e-02	 adam_lr:0.0005
Epoch: 9	TL: 7.305e-03	VL: 7.282e-03	 4.073e-02	 adam_lr:0.0005
Epoch: 10	TL: 7.229e-03	VL: 5.892e-03	 3.724e-02	 adam_lr:0.0005
Epoch: 11	TL: 6.534e-03	VL: 7.791e-03	 3.430e-02	 adam_lr:0.0005
Epoch: 12	TL: 5.840e-03	VL: 1.039e-02	 3.191e-02	 adam_lr:0.0005
Epoch: 13	TL: 5.631e-03	VL: 5.585e-03	 2.927e-02	 adam_lr:0.0005
Epoch: 14	TL: 5.713e-03	VL: 5.796e-03	 2.693e-02	 adam_lr:0.0005
Epoch: 15	TL: 4.766e-03	VL: 3.501e-03	 2.458e-02	 adam_lr:0.0005
Epoch: 16	TL: 4.734e-03	VL: 5.393e-03	 2.266e-02	 adam_lr:0.0005
Epoch: 17	TL: 4.636e-03	VL: 3.312e-03	 2.073e-02	 adam_lr:0.0005
Epoch: 18	TL: 4.545e-03	VL: 3.544e-03	 1.901e-02	 adam_lr:0.0005
Epoch: 19	TL: 3.816e-03	VL: 5.266e-03	 1.764e-02	 adam_lr:0.0005
Epoch: 20	TL: 3.855e-03	VL: 3.178e-03	 1.619e-02	 adam_lr:0.0005
Epoch: 21	TL: 3.874e-03	VL: 3.431e-03	 1.491e-02	 adam_lr:0.0005
Epoch: 22	TL: 3.577e-03	VL: 3.083e-03	 1.373e-02	 adam_lr:0.0005
Epoch: 23	TL: 3.559e-03	VL: 2.490e-03	 1.261e-02	 adam_lr:0.0005
Epoch: 24	TL: 3.357e-03	VL: 2.681e-03	 1.161e-02	 adam_lr:0.0005
Epoch: 25	TL: 3.390e-03	VL: 2.875e-03	 1.074e-02	 adam_lr:0.0005
Epoch: 26	TL: 3.076e-03	VL: 6.413e-03	 1.031e-02	 adam_lr:0.0005
Epoch: 27	TL: 3.119e-03	VL: 2.767e-03	 9.554e-03	 adam_lr:0.0005
Epoch: 28	TL: 2.932e-03	VL: 2.158e-03	 8.814e-03	 adam_lr:0.0005
Epoch: 29	TL: 2.893e-03	VL: 1.995e-03	 8.132e-03	 adam_lr:0.0005
Epoch: 30	TL: 2.702e-03	VL: 4.319e-03	 7.751e-03	 adam_lr:0.0005
Epoch: 31	TL: 2.944e-03	VL: 2.698e-03	 7.246e-03	 adam_lr:0.0005
Epoch: 32	TL: 2.748e-03	VL: 4.541e-03	 6.975e-03	 adam_lr:0.0005
Epoch: 33	TL: 2.572e-03	VL: 4.548e-03	 6.733e-03	 adam_lr:0.0005
Epoch: 34	TL: 2.595e-03	VL: 2.557e-03	 6.315e-03	 adam_lr:0.0005
Epoch: 35	TL: 2.640e-03	VL: 2.395e-03	 5.923e-03	 adam_lr:0.0005
Epoch: 36	TL: 2.425e-03	VL: 1.972e-03	 5.528e-03	 adam_lr:0.0005
Epoch: 37	TL: 2.623e-03	VL: 2.645e-03	 5.240e-03	 adam_lr:0.0005
Epoch: 38	TL: 2.203e-03	VL: 4.213e-03	 5.137e-03	 adam_lr:0.0005
Epoch: 39	TL: 2.476e-03	VL: 3.208e-03	 4.944e-03	 adam_lr:0.0005
Epoch: 40	TL: 2.096e-03	VL: 2.500e-03	 4.700e-03	 adam_lr:0.0005
Epoch: 41	TL: 2.366e-03	VL: 2.091e-03	 4.439e-03	 adam_lr:0.0005
Epoch: 42	TL: 2.169e-03	VL: 3.324e-03	 4.327e-03	 adam_lr:0.0005
Epoch: 43	TL: 2.166e-03	VL: 2.733e-03	 4.168e-03	 adam_lr:0.0005
Epoch: 44	TL: 2.204e-03	VL: 5.090e-03	 4.260e-03	 adam_lr:0.0005
Epoch: 45	TL: 1.994e-03	VL: 2.899e-03	 4.124e-03	 adam_lr:0.0005
Epoch: 46	TL: 2.068e-03	VL: 1.867e-03	 3.898e-03	 adam_lr:0.0005
Epoch: 47	TL: 2.004e-03	VL: 2.893e-03	 3.798e-03	 adam_lr:0.0005
Epoch: 48	TL: 2.112e-03	VL: 2.470e-03	 3.665e-03	 adam_lr:0.0005
Epoch: 49	TL: 1.860e-03	VL: 1.558e-03	 3.454e-03	 adam_lr:0.0005
Epoch: 50	TL: 1.939e-03	VL: 1.902e-03	 3.299e-03	 adam_lr:0.0005
Epoch: 51	TL: 1.951e-03	VL: 1.571e-03	 3.126e-03	 adam_lr:0.0005
Epoch: 52	TL: 1.717e-03	VL: 3.442e-03	 3.158e-03	 adam_lr:0.0005
Epoch: 53	TL: 1.846e-03	VL: 1.578e-03	 3.000e-03	 adam_lr:0.0005
Epoch: 54	TL: 1.751e-03	VL: 5.003e-03	 3.200e-03	 adam_lr:0.0005
Epoch: 55	TL: 1.835e-03	VL: 1.618e-03	 3.042e-03	 adam_lr:0.0005
Epoch: 56	TL: 1.732e-03	VL: 1.843e-03	 2.922e-03	 adam_lr:0.0005
Epoch: 57	TL: 1.814e-03	VL: 1.310e-03	 2.761e-03	 adam_lr:0.0005
Epoch: 58	TL: 1.598e-03	VL: 2.799e-03	 2.765e-03	 adam_lr:0.0005
Epoch: 59	TL: 1.734e-03	VL: 2.157e-03	 2.704e-03	 adam_lr:0.0005
Epoch: 60	TL: 1.576e-03	VL: 1.739e-03	 2.607e-03	 adam_lr:0.0005
Epoch: 61	TL: 1.461e-03	VL: 1.658e-03	 2.512e-03	 adam_lr:0.0005
Epoch: 62	TL: 1.623e-03	VL: 2.738e-03	 2.535e-03	 adam_lr:0.0005
Epoch: 63	TL: 1.615e-03	VL: 5.353e-03	 2.817e-03	 adam_lr:0.0005
Epoch: 64	TL: 1.461e-03	VL: 1.744e-03	 2.710e-03	 adam_lr:0.0005
Epoch: 65	TL: 1.768e-03	VL: 1.816e-03	 2.620e-03	 adam_lr:0.0005
Epoch: 66	TL: 1.543e-03	VL: 1.425e-03	 2.501e-03	 adam_lr:0.0005
Epoch: 67	TL: 1.641e-03	VL: 2.102e-03	 2.461e-03	 adam_lr:0.0005
Epoch: 68	TL: 1.475e-03	VL: 3.048e-03	 2.519e-03	 adam_lr:0.0005
Epoch: 69	TL: 1.448e-03	VL: 1.524e-03	 2.420e-03	 adam_lr:0.0005
Epoch: 70	TL: 1.476e-03	VL: 1.614e-03	 2.339e-03	 adam_lr:0.0005
Epoch: 71	TL: 1.555e-03	VL: 1.349e-03	 2.240e-03	 adam_lr:0.0005
Epoch: 72	TL: 1.313e-03	VL: 2.520e-03	 2.268e-03	 adam_lr:0.0005
Epoch: 73	TL: 1.392e-03	VL: 1.532e-03	 2.195e-03	 adam_lr:0.0005
Epoch: 74	TL: 1.408e-03	VL: 1.520e-03	 2.127e-03	 adam_lr:0.0005
Epoch: 75	TL: 1.421e-03	VL: 1.364e-03	 2.051e-03	 adam_lr:0.0005
Epoch: 76	TL: 1.295e-03	VL: 1.648e-03	 2.011e-03	 adam_lr:0.0005
Epoch: 77	TL: 1.323e-03	VL: 1.347e-03	 1.944e-03	 adam_lr:0.0005
Epoch: 78	TL: 1.299e-03	VL: 1.389e-03	 1.889e-03	 adam_lr:0.0005
Epoch: 79	TL: 1.435e-03	VL: 1.191e-03	 1.819e-03	 adam_lr:0.0005
Epoch: 80	TL: 1.271e-03	VL: 1.556e-03	 1.793e-03	 adam_lr:0.0005
Epoch: 81	TL: 1.484e-03	VL: 1.355e-03	 1.749e-03	 adam_lr:0.0005
Epoch: 82	TL: 1.187e-03	VL: 2.626e-03	 1.837e-03	 adam_lr:0.0005
Epoch: 83	TL: 1.388e-03	VL: 1.839e-03	 1.837e-03	 adam_lr:0.0005
Epoch: 84	TL: 1.226e-03	VL: 1.506e-03	 1.804e-03	 adam_lr:0.0005
Epoch: 85	TL: 1.275e-03	VL: 1.482e-03	 1.772e-03	 adam_lr:0.0005
Epoch: 86	TL: 1.247e-03	VL: 2.409e-03	 1.835e-03	 adam_lr:0.0005
Epoch: 87	TL: 1.126e-03	VL: 1.359e-03	 1.788e-03	 adam_lr:0.0005
Epoch: 88	TL: 1.376e-03	VL: 1.898e-03	 1.799e-03	 adam_lr:0.0005
Epoch: 89	TL: 1.240e-03	VL: 2.039e-03	 1.823e-03	 adam_lr:0.0005
Epoch: 90	TL: 1.107e-03	VL: 1.435e-03	 1.784e-03	 adam_lr:0.0005
Epoch: 91	TL: 1.156e-03	VL: 1.237e-03	 1.729e-03	 adam_lr:0.0005
Epoch: 92	TL: 1.138e-03	VL: 1.435e-03	 1.700e-03	 adam_lr:0.0005
Epoch: 93	TL: 2.984e-03	VL: 1.663e-03	 1.696e-03	 adam_lr:0.0005
Epoch: 94	TL: 1.211e-03	VL: 1.221e-03	 1.649e-03	 adam_lr:0.0005
Epoch: 95	TL: 1.325e-03	VL: 1.518e-03	 1.636e-03	 adam_lr:0.0005
Epoch: 96	TL: 1.160e-03	VL: 1.348e-03	 1.607e-03	 adam_lr:0.0005
Epoch: 97	TL: 1.318e-03	VL: 2.160e-03	 1.662e-03	 adam_lr:0.0005
Epoch: 98	TL: 1.335e-03	VL: 1.268e-03	 1.623e-03	 adam_lr:0.0005
Epoch: 99	TL: 1.184e-03	VL: 1.304e-03	 1.591e-03	 adam_lr:0.0005
Epoch: 100	TL: 1.185e-03	VL: 2.109e-03	 1.643e-03	 adam_lr:0.0005
Epoch: 101	TL: 1.276e-03	VL: 1.567e-03	 1.635e-03	 adam_lr:0.0005
Epoch: 102	TL: 1.321e-03	VL: 1.518e-03	 1.623e-03	 adam_lr:0.0005
Epoch: 103	TL: 1.105e-03	VL: 1.620e-03	 1.623e-03	 adam_lr:0.0005
Epoch: 104	TL: 1.074e-03	VL: 1.625e-03	 1.623e-03	 adam_lr:0.0005
Epoch: 105	TL: 1.153e-03	VL: 1.339e-03	 1.595e-03	 adam_lr:0.0005
Epoch: 106	TL: 1.259e-03	VL: 1.504e-03	 1.586e-03	 adam_lr:0.0005
Epoch: 107	TL: 1.094e-03	VL: 1.399e-03	 1.567e-03	 adam_lr:0.0005
Epoch: 108	TL: 1.149e-03	VL: 1.513e-03	 1.562e-03	 adam_lr:0.0005
Epoch: 109	TL: 1.050e-03	VL: 1.180e-03	 1.523e-03	 adam_lr:0.0005
Epoch: 110	TL: 1.115e-03	VL: 1.290e-03	 1.500e-03	 adam_lr:0.0005
Epoch: 111	TL: 1.047e-03	VL: 1.206e-03	 1.471e-03	 adam_lr:0.0005
Epoch: 112	TL: 1.122e-03	VL: 1.650e-03	 1.489e-03	 adam_lr:0.0005
Epoch: 113	TL: 9.994e-04	VL: 1.143e-03	 1.454e-03	 adam_lr:0.0005
Epoch: 114	TL: 1.067e-03	VL: 1.513e-03	 1.460e-03	 adam_lr:0.0005
Epoch: 115	TL: 1.037e-03	VL: 1.291e-03	 1.443e-03	 adam_lr:0.0005
Epoch: 116	TL: 1.104e-03	VL: 5.834e-03	 1.882e-03	 adam_lr:0.0005
Epoch: 117	TL: 1.097e-03	VL: 1.336e-03	 1.828e-03	 adam_lr:0.0005
Epoch: 118	TL: 9.679e-04	VL: 1.296e-03	 1.774e-03	 adam_lr:0.0005
Epoch: 119	TL: 9.985e-04	VL: 1.367e-03	 1.734e-03	 adam_lr:0.0005
Epoch: 120	TL: 9.340e-04	VL: 1.258e-03	 1.686e-03	 adam_lr:0.0005
Epoch: 121	TL: 1.025e-03	VL: 1.137e-03	 1.631e-03	 adam_lr:0.0005
Epoch: 122	TL: 1.116e-03	VL: 1.085e-03	 1.577e-03	 adam_lr:0.0005
Epoch: 123	TL: 9.670e-04	VL: 2.173e-03	 1.636e-03	 adam_lr:0.0005
Epoch: 124	TL: 9.902e-04	VL: 1.281e-03	 1.601e-03	 adam_lr:0.0005
Epoch: 125	TL: 9.507e-04	VL: 1.233e-03	 1.564e-03	 adam_lr:0.0005
Epoch: 126	TL: 9.912e-04	VL: 1.113e-03	 1.519e-03	 adam_lr:0.0005
Epoch: 127	TL: 9.568e-04	VL: 2.547e-03	 1.622e-03	 adam_lr:0.0005
Epoch: 128	TL: 1.012e-03	VL: 3.020e-03	 1.761e-03	 adam_lr:0.0005
Epoch: 129	TL: 8.380e-04	VL: 1.013e-03	 1.687e-03	 adam_lr:0.0005
Epoch: 130	TL: 9.518e-04	VL: 1.240e-03	 1.642e-03	 adam_lr:0.0005
Epoch: 131	TL: 9.214e-04	VL: 1.685e-03	 1.646e-03	 adam_lr:0.0005
Epoch: 132	TL: 9.607e-04	VL: 1.845e-03	 1.666e-03	 adam_lr:0.0005
Epoch: 133	TL: 9.432e-04	VL: 1.102e-03	 1.610e-03	 adam_lr:0.0005
Epoch: 134	TL: 9.568e-04	VL: 1.175e-03	 1.566e-03	 adam_lr:0.0005
Epoch: 135	TL: 9.675e-04	VL: 1.257e-03	 1.535e-03	 adam_lr:0.0005
Epoch: 136	TL: 8.360e-04	VL: 1.079e-03	 1.490e-03	 adam_lr:0.0005
Epoch: 137	TL: 8.254e-04	VL: 1.100e-03	 1.451e-03	 adam_lr:0.0005
Epoch: 138	TL: 9.998e-04	VL: 1.323e-03	 1.438e-03	 adam_lr:0.0005
Epoch: 139	TL: 8.804e-04	VL: 1.023e-03	 1.396e-03	 adam_lr:0.0005
Epoch: 140	TL: 9.035e-04	VL: 1.630e-03	 1.420e-03	 adam_lr:0.0005
Epoch: 141	TL: 8.463e-04	VL: 1.154e-03	 1.393e-03	 adam_lr:0.0005
Epoch: 142	TL: 9.071e-04	VL: 1.099e-03	 1.364e-03	 adam_lr:0.0005
Epoch: 143	TL: 9.130e-04	VL: 1.597e-03	 1.387e-03	 adam_lr:0.0005
Epoch: 144	TL: 8.294e-04	VL: 1.139e-03	 1.362e-03	 adam_lr:0.0005
Epoch: 145	TL: 9.663e-04	VL: 1.175e-03	 1.344e-03	 adam_lr:0.0005
Epoch: 146	TL: 8.241e-04	VL: 1.387e-03	 1.348e-03	 adam_lr:0.0005
Epoch: 147	TL: 8.710e-04	VL: 1.066e-03	 1.320e-03	 adam_lr:0.0005
Epoch: 148	TL: 8.821e-04	VL: 1.202e-03	 1.308e-03	 adam_lr:0.0005
Epoch: 149	TL: 8.775e-04	VL: 1.078e-03	 1.285e-03	 adam_lr:0.0005
Epoch: 150	TL: 9.062e-04	VL: 1.113e-03	 1.268e-03	 adam_lr:0.0005
Epoch: 151	TL: 8.220e-04	VL: 1.238e-03	 1.265e-03	 adam_lr:0.0005
Epoch: 152	TL: 8.227e-04	VL: 1.296e-03	 1.268e-03	 adam_lr:0.0005
Epoch: 153	TL: 8.544e-04	VL: 1.037e-03	 1.245e-03	 adam_lr:0.0005
Epoch: 154	TL: 8.833e-04	VL: 1.448e-03	 1.265e-03	 adam_lr:0.0005
Epoch: 155	TL: 1.149e-03	VL: 1.305e-03	 1.269e-03	 adam_lr:0.0005
Epoch: 156	TL: 8.093e-04	VL: 1.464e-03	 1.289e-03	 adam_lr:0.0005
Epoch: 157	TL: 7.838e-04	VL: 1.213e-03	 1.281e-03	 adam_lr:0.0005
Epoch: 158	TL: 8.075e-04	VL: 1.053e-03	 1.258e-03	 adam_lr:0.0005
Epoch: 159	TL: 7.788e-04	VL: 9.212e-04	 1.225e-03	 adam_lr:0.0005
Epoch: 160	TL: 8.413e-04	VL: 1.205e-03	 1.223e-03	 adam_lr:0.0005
Epoch: 161	TL: 8.438e-04	VL: 1.319e-03	 1.232e-03	 adam_lr:0.0005
Epoch: 162	TL: 8.200e-04	VL: 1.606e-03	 1.270e-03	 adam_lr:0.0005
Epoch: 163	TL: 7.945e-04	VL: 1.933e-03	 1.336e-03	 adam_lr:0.0005
Epoch: 164	TL: 8.221e-04	VL: 1.089e-03	 1.311e-03	 adam_lr:0.0005
Epoch: 165	TL: 8.104e-04	VL: 1.057e-03	 1.286e-03	 adam_lr:0.0005
Epoch: 166	TL: 7.919e-04	VL: 9.358e-04	 1.251e-03	 adam_lr:0.0005
Epoch: 167	TL: 7.839e-04	VL: 1.506e-03	 1.276e-03	 adam_lr:0.0005
Epoch: 168	TL: 8.256e-04	VL: 1.141e-03	 1.263e-03	 adam_lr:0.0005
Epoch: 169	TL: 8.776e-04	VL: 1.182e-03	 1.255e-03	 adam_lr:0.0005
Epoch: 170	TL: 7.531e-04	VL: 1.095e-03	 1.239e-03	 adam_lr:0.0005
Epoch: 171	TL: 8.653e-04	VL: 9.877e-04	 1.214e-03	 adam_lr:0.0005
Epoch: 172	TL: 7.557e-04	VL: 1.479e-03	 1.240e-03	 adam_lr:0.0005
Epoch: 173	TL: 7.661e-04	VL: 9.750e-04	 1.214e-03	 adam_lr:0.0005
Epoch: 174	TL: 8.126e-04	VL: 1.790e-03	 1.271e-03	 adam_lr:0.0005
Epoch: 175	TL: 7.945e-04	VL: 1.064e-03	 1.251e-03	 adam_lr:0.0005
Epoch: 176	TL: 7.562e-04	VL: 1.003e-03	 1.226e-03	 adam_lr:0.0005
Epoch: 177	TL: 8.080e-04	VL: 1.654e-03	 1.269e-03	 adam_lr:0.0005
Epoch: 178	TL: 7.134e-04	VL: 1.128e-03	 1.255e-03	 adam_lr:0.0005
Epoch: 179	TL: 7.635e-04	VL: 1.080e-03	 1.237e-03	 adam_lr:0.0005
Epoch: 180	TL: 8.060e-04	VL: 9.823e-04	 1.212e-03	 adam_lr:0.0005
Epoch: 181	TL: 7.197e-04	VL: 9.618e-04	 1.187e-03	 adam_lr:0.0005
Epoch: 182	TL: 7.244e-04	VL: 1.427e-03	 1.211e-03	 adam_lr:0.0005
Epoch: 183	TL: 7.354e-04	VL: 1.293e-03	 1.219e-03	 adam_lr:0.0005
Epoch: 184	TL: 7.605e-04	VL: 1.700e-03	 1.267e-03	 adam_lr:0.0005
Epoch: 185	TL: 7.574e-04	VL: 1.101e-03	 1.250e-03	 adam_lr:0.0005
Epoch: 186	TL: 7.312e-04	VL: 1.579e-03	 1.283e-03	 adam_lr:0.0005
Epoch: 187	TL: 7.476e-04	VL: 9.860e-04	 1.254e-03	 adam_lr:0.0005
Epoch: 188	TL: 7.127e-04	VL: 1.650e-03	 1.293e-03	 adam_lr:0.0005
Epoch: 189	TL: 7.306e-04	VL: 1.205e-03	 1.284e-03	 adam_lr:0.0005
Epoch: 190	TL: 6.852e-04	VL: 1.037e-03	 1.260e-03	 adam_lr:0.0005
Epoch: 191	TL: 7.464e-04	VL: 1.930e-03	 1.327e-03	 adam_lr:0.0005
Epoch: 192	TL: 7.252e-04	VL: 1.154e-03	 1.309e-03	 adam_lr:0.0005
Epoch: 193	TL: 8.011e-04	VL: 9.603e-04	 1.275e-03	 adam_lr:0.0005
Epoch: 194	TL: 6.680e-04	VL: 1.238e-03	 1.271e-03	 adam_lr:0.0005
Epoch: 195	TL: 6.829e-04	VL: 1.087e-03	 1.252e-03	 adam_lr:0.0005
Epoch: 196	TL: 7.532e-04	VL: 9.143e-04	 1.219e-03	 adam_lr:0.0005
Epoch: 197	TL: 7.320e-04	VL: 9.691e-04	 1.194e-03	 adam_lr:0.0005
Epoch: 198	TL: 7.077e-04	VL: 1.301e-03	 1.204e-03	 adam_lr:0.0005
Epoch: 199	TL: 6.568e-04	VL: 1.568e-03	 1.241e-03	 adam_lr:0.0005
Epoch: 200	TL: 7.428e-04	VL: 1.560e-03	 1.273e-03	 adam_lr:0.0005
Epoch: 201	TL: 6.771e-04	VL: 1.577e-03	 1.303e-03	 adam_lr:0.0005
Epoch: 202	TL: 7.648e-04	VL: 1.036e-03	 1.276e-03	 adam_lr:0.0005
Epoch: 203	TL: 6.785e-04	VL: 1.168e-03	 1.266e-03	 adam_lr:0.0005
Epoch: 204	TL: 7.166e-04	VL: 9.056e-04	 1.230e-03	 adam_lr:0.0005
Epoch: 205	TL: 7.367e-04	VL: 1.012e-03	 1.208e-03	 adam_lr:0.0005
Epoch: 206	TL: 6.430e-04	VL: 8.702e-04	 1.174e-03	 adam_lr:0.0005
Epoch: 207	TL: 7.134e-04	VL: 1.720e-03	 1.229e-03	 adam_lr:0.0005
Epoch: 208	TL: 6.903e-04	VL: 1.160e-03	 1.222e-03	 adam_lr:0.0005
Epoch: 209	TL: 7.527e-04	VL: 1.181e-03	 1.218e-03	 adam_lr:0.0005
Epoch: 210	TL: 6.495e-04	VL: 1.321e-03	 1.228e-03	 adam_lr:0.0005
Epoch: 211	TL: 7.421e-04	VL: 1.396e-03	 1.245e-03	 adam_lr:0.0005
Epoch: 212	TL: 6.935e-04	VL: 1.565e-03	 1.277e-03	 adam_lr:0.0005
Epoch: 213	TL: 6.106e-04	VL: 1.077e-03	 1.257e-03	 adam_lr:0.0005
Epoch: 214	TL: 6.704e-04	VL: 1.233e-03	 1.255e-03	 adam_lr:0.0005
Epoch: 215	TL: 7.432e-04	VL: 1.381e-03	 1.267e-03	 adam_lr:0.0005
Epoch: 216	TL: 6.817e-04	VL: 1.169e-03	 1.257e-03	 adam_lr:0.0005
Epoch: 217	TL: 6.335e-04	VL: 9.397e-04	 1.226e-03	 adam_lr:0.0005
Epoch: 218	TL: 7.029e-04	VL: 1.315e-03	 1.235e-03	 adam_lr:0.0005
Epoch: 219	TL: 6.989e-04	VL: 1.909e-03	 1.302e-03	 adam_lr:0.0005
Epoch: 220	TL: 6.738e-04	VL: 8.563e-04	 1.257e-03	 adam_lr:0.0005
Epoch: 221	TL: 6.407e-04	VL: 9.665e-04	 1.228e-03	 adam_lr:0.0005
Epoch: 222	TL: 6.696e-04	VL: 1.110e-03	 1.216e-03	 adam_lr:0.0005
Epoch: 223	TL: 6.435e-04	VL: 3.116e-03	 1.406e-03	 adam_lr:0.0005
Epoch: 224	TL: 6.575e-04	VL: 2.469e-03	 1.513e-03	 adam_lr:0.0005
Epoch: 225	TL: 6.871e-04	VL: 9.284e-04	 1.454e-03	 adam_lr:0.0005
Epoch: 226	TL: 6.302e-04	VL: 1.025e-03	 1.411e-03	 adam_lr:0.0005
Epoch: 227	TL: 6.583e-04	VL: 8.820e-04	 1.358e-03	 adam_lr:0.0005
Epoch: 228	TL: 6.671e-04	VL: 1.017e-03	 1.324e-03	 adam_lr:0.0005
Epoch: 229	TL: 6.368e-04	VL: 1.066e-03	 1.298e-03	 adam_lr:0.0005
Epoch: 230	TL: 6.345e-04	VL: 9.614e-04	 1.265e-03	 adam_lr:0.0005
Epoch: 231	TL: 6.810e-04	VL: 1.079e-03	 1.246e-03	 adam_lr:0.0005
Epoch: 232	TL: 6.616e-04	VL: 8.760e-04	 1.209e-03	 adam_lr:0.0005
Epoch: 233	TL: 6.340e-04	VL: 1.367e-03	 1.225e-03	 adam_lr:0.0005
Epoch: 234	TL: 6.311e-04	VL: 9.441e-04	 1.197e-03	 adam_lr:0.0005
Epoch: 235	TL: 6.603e-04	VL: 1.139e-03	 1.191e-03	 adam_lr:0.0005
Epoch: 236	TL: 6.289e-04	VL: 1.317e-03	 1.204e-03	 adam_lr:0.0005
Epoch: 237	TL: 6.100e-04	VL: 8.296e-04	 1.166e-03	 adam_lr:0.0005
Epoch: 238	TL: 6.642e-04	VL: 1.051e-03	 1.155e-03	 adam_lr:0.0005
Epoch: 239	TL: 6.457e-04	VL: 1.480e-03	 1.187e-03	 adam_lr:0.0005
Epoch: 240	TL: 6.285e-04	VL: 1.316e-03	 1.200e-03	 adam_lr:0.0005
Epoch: 241	TL: 6.568e-04	VL: 1.033e-03	 1.183e-03	 adam_lr:0.0005
Epoch: 242	TL: 5.714e-04	VL: 1.039e-03	 1.169e-03	 adam_lr:0.0005
Epoch: 243	TL: 6.509e-04	VL: 1.113e-03	 1.163e-03	 adam_lr:0.0005
Epoch: 244	TL: 6.058e-04	VL: 1.265e-03	 1.174e-03	 adam_lr:0.0005
Epoch: 245	TL: 6.829e-04	VL: 8.971e-04	 1.146e-03	 adam_lr:0.0005
Epoch: 246	TL: 6.105e-04	VL: 7.778e-04	 1.109e-03	 adam_lr:0.0005
Epoch: 247	TL: 5.805e-04	VL: 1.151e-03	 1.113e-03	 adam_lr:0.0005
Epoch: 248	TL: 6.562e-04	VL: 1.422e-03	 1.144e-03	 adam_lr:0.0005
Epoch: 249	TL: 6.445e-04	VL: 9.091e-04	 1.121e-03	 adam_lr:0.0005
Epoch: 250	TL: 5.664e-04	VL: 8.954e-04	 1.098e-03	 adam_lr:0.0005
Epoch: 251	TL: 5.983e-04	VL: 1.252e-03	 1.113e-03	 adam_lr:0.0005
Epoch: 252	TL: 6.278e-04	VL: 1.237e-03	 1.126e-03	 adam_lr:0.0005
Epoch: 253	TL: 5.850e-04	VL: 1.003e-03	 1.114e-03	 adam_lr:0.0005
Epoch: 254	TL: 6.531e-04	VL: 1.268e-03	 1.129e-03	 adam_lr:0.0005
Epoch: 255	TL: 6.029e-04	VL: 9.720e-04	 1.113e-03	 adam_lr:0.0005
Epoch: 256	TL: 5.752e-04	VL: 1.074e-03	 1.109e-03	 adam_lr:0.0005
Epoch: 257	TL: 6.885e-04	VL: 8.069e-04	 1.079e-03	 adam_lr:0.0005
Epoch: 258	TL: 5.315e-04	VL: 1.271e-03	 1.098e-03	 adam_lr:0.0005
Epoch: 259	TL: 6.504e-04	VL: 1.184e-03	 1.107e-03	 adam_lr:0.0005
Epoch: 260	TL: 5.801e-04	VL: 9.617e-04	 1.092e-03	 adam_lr:0.0005
Epoch: 261	TL: 5.715e-04	VL: 1.270e-03	 1.110e-03	 adam_lr:0.0005
Epoch: 262	TL: 6.459e-04	VL: 1.698e-03	 1.169e-03	 adam_lr:0.0005
Epoch: 263	TL: 6.169e-04	VL: 8.504e-04	 1.137e-03	 adam_lr:0.0005
Epoch: 264	TL: 5.664e-04	VL: 1.007e-03	 1.124e-03	 adam_lr:0.0005
Epoch: 265	TL: 1.344e-03	VL: 9.243e-04	 1.104e-03	 adam_lr:0.0005
Epoch: 266	TL: 4.609e-04	VL: 9.273e-04	 1.087e-03	 adam_lr:0.0005
Epoch: 267	TL: 5.743e-04	VL: 9.340e-04	 1.071e-03	 adam_lr:0.0005
Epoch: 268	TL: 5.541e-04	VL: 1.036e-03	 1.068e-03	 adam_lr:0.0005
Epoch: 269	TL: 6.519e-04	VL: 9.966e-04	 1.061e-03	 adam_lr:0.0005
Epoch: 270	TL: 6.458e-04	VL: 8.455e-04	 1.039e-03	 adam_lr:0.0005
Epoch: 271	TL: 5.514e-04	VL: 9.916e-04	 1.034e-03	 adam_lr:0.0005
Epoch: 272	TL: 6.459e-04	VL: 1.080e-03	 1.039e-03	 adam_lr:0.0005
Epoch: 273	TL: 5.722e-04	VL: 9.074e-04	 1.026e-03	 adam_lr:0.0005
Epoch: 274	TL: 6.057e-04	VL: 9.889e-04	 1.022e-03	 adam_lr:0.0005
Epoch: 275	TL: 5.665e-04	VL: 1.050e-03	 1.025e-03	 adam_lr:0.0005
Epoch: 276	TL: 5.766e-04	VL: 1.016e-03	 1.024e-03	 adam_lr:0.0005
Epoch: 277	TL: 6.545e-04	VL: 9.012e-04	 1.012e-03	 adam_lr:0.0005
Epoch: 278	TL: 5.290e-04	VL: 9.131e-04	 1.002e-03	 adam_lr:0.0005
Epoch: 279	TL: 5.975e-04	VL: 9.582e-04	 9.975e-04	 adam_lr:0.0005
Epoch: 280	TL: 5.663e-04	VL: 9.736e-04	 9.951e-04	 adam_lr:0.0005
Epoch: 281	TL: 5.641e-04	VL: 9.709e-04	 9.927e-04	 adam_lr:0.0005
Epoch: 282	TL: 5.620e-04	VL: 9.164e-04	 9.850e-04	 adam_lr:0.0005
Epoch: 283	TL: 5.587e-04	VL: 7.274e-04	 9.593e-04	 adam_lr:0.0005
Epoch: 284	TL: 6.211e-04	VL: 1.006e-03	 9.639e-04	 adam_lr:0.0005
Epoch: 285	TL: 5.727e-04	VL: 1.462e-03	 1.014e-03	 adam_lr:0.0005
Epoch: 286	TL: 5.384e-04	VL: 1.146e-03	 1.027e-03	 adam_lr:0.0005
Epoch: 287	TL: 5.580e-04	VL: 1.057e-03	 1.030e-03	 adam_lr:0.0005
Epoch: 288	TL: 5.822e-04	VL: 7.812e-04	 1.005e-03	 adam_lr:0.0005
Epoch: 289	TL: 6.431e-04	VL: 8.613e-04	 9.908e-04	 adam_lr:0.0005
Epoch: 290	TL: 4.980e-04	VL: 8.940e-04	 9.811e-04	 adam_lr:0.0005
Epoch: 291	TL: 5.453e-04	VL: 8.159e-04	 9.646e-04	 adam_lr:0.0005
Epoch: 292	TL: 5.778e-04	VL: 1.912e-03	 1.059e-03	 adam_lr:0.0005
Epoch: 293	TL: 6.189e-04	VL: 1.114e-03	 1.065e-03	 adam_lr:0.0005
Epoch: 294	TL: 5.329e-04	VL: 9.410e-04	 1.052e-03	 adam_lr:0.0005
Epoch: 295	TL: 5.993e-04	VL: 9.551e-04	 1.043e-03	 adam_lr:0.0005
Epoch: 296	TL: 5.559e-04	VL: 8.913e-04	 1.028e-03	 adam_lr:0.0005
Epoch: 297	TL: 5.267e-04	VL: 1.104e-03	 1.035e-03	 adam_lr:0.0005
Epoch: 298	TL: 5.491e-04	VL: 1.239e-03	 1.056e-03	 adam_lr:0.0005
Epoch: 299	TL: 5.620e-04	VL: 1.444e-03	 1.094e-03	 adam_lr:0.0005
Epoch: 300	TL: 5.733e-04	VL: 9.487e-04	 1.080e-03	 adam_lr:0.0005
Epoch: 301	TL: 5.996e-04	VL: 9.663e-04	 1.068e-03	 adam_lr:0.0005
Epoch: 302	TL: 5.123e-04	VL: 2.074e-03	 1.169e-03	 adam_lr:0.0005
Epoch: 303	TL: 5.461e-04	VL: 8.736e-04	 1.140e-03	 adam_lr:0.0005
Epoch: 304	TL: 5.476e-04	VL: 1.036e-03	 1.129e-03	 adam_lr:0.0005
Epoch: 305	TL: 5.497e-04	VL: 1.044e-03	 1.121e-03	 adam_lr:0.0005
Epoch: 306	TL: 5.194e-04	VL: 8.371e-04	 1.092e-03	 adam_lr:0.0005
Epoch: 307	TL: 5.765e-04	VL: 9.628e-04	 1.079e-03	 adam_lr:0.0005
Epoch: 308	TL: 4.712e-04	VL: 9.009e-04	 1.062e-03	 adam_lr:0.0005
Epoch: 309	TL: 6.079e-04	VL: 9.178e-04	 1.047e-03	 adam_lr:0.0005
Epoch: 310	TL: 5.134e-04	VL: 1.047e-03	 1.047e-03	 adam_lr:0.0005
Epoch: 311	TL: 5.345e-04	VL: 9.253e-04	 1.035e-03	 adam_lr:0.0005
Epoch: 312	TL: 5.543e-04	VL: 1.087e-03	 1.040e-03	 adam_lr:0.0005
Epoch: 313	TL: 5.448e-04	VL: 1.009e-03	 1.037e-03	 adam_lr:0.0005
Epoch: 314	TL: 5.438e-04	VL: 1.060e-03	 1.039e-03	 adam_lr:0.0005
Epoch: 315	TL: 5.374e-04	VL: 9.130e-04	 1.027e-03	 adam_lr:0.0005
Epoch: 316	TL: 5.046e-04	VL: 9.794e-04	 1.022e-03	 adam_lr:0.0005
Epoch: 317	TL: 5.772e-04	VL: 9.813e-04	 1.018e-03	 adam_lr:0.0005
Epoch: 318	TL: 5.309e-04	VL: 8.732e-04	 1.003e-03	 adam_lr:0.0005
Epoch: 319	TL: 5.502e-04	VL: 9.201e-04	 9.951e-04	 adam_lr:0.0005
Epoch: 320	TL: 5.019e-04	VL: 9.113e-04	 9.867e-04	 adam_lr:0.0005
Epoch: 321	TL: 5.838e-04	VL: 8.817e-04	 9.762e-04	 adam_lr:0.0005
Epoch: 322	TL: 5.032e-04	VL: 9.654e-04	 9.751e-04	 adam_lr:0.0005
Epoch: 323	TL: 5.171e-04	VL: 9.499e-04	 9.726e-04	 adam_lr:0.0005
Epoch: 324	TL: 5.724e-04	VL: 8.429e-04	 9.596e-04	 adam_lr:0.0005
Epoch: 325	TL: 5.447e-04	VL: 1.019e-03	 9.656e-04	 adam_lr:0.0005
Epoch: 326	TL: 5.268e-04	VL: 9.483e-04	 9.638e-04	 adam_lr:0.0005
Epoch: 327	TL: 5.028e-04	VL: 1.171e-03	 9.846e-04	 adam_lr:0.0005
Epoch: 328	TL: 5.310e-04	VL: 1.117e-03	 9.978e-04	 adam_lr:0.0005
Epoch: 329	TL: 4.851e-04	VL: 1.124e-03	 1.010e-03	 adam_lr:0.0005
Epoch: 330	TL: 5.388e-04	VL: 1.120e-03	 1.021e-03	 adam_lr:0.0005
Epoch: 331	TL: 5.147e-04	VL: 1.829e-03	 1.102e-03	 adam_lr:0.0005
Epoch: 332	TL: 5.319e-04	VL: 8.213e-04	 1.074e-03	 adam_lr:0.0005
Epoch: 333	TL: 4.939e-04	VL: 1.630e-03	 1.130e-03	 adam_lr:0.0005
Epoch: 334	TL: 5.881e-04	VL: 1.163e-03	 1.133e-03	 adam_lr:0.0005
Epoch: 335	TL: 1.913e-04	VL: 6.844e-04	 1.088e-03	 adam_lr:0.00025
Epoch: 336	TL: 1.910e-04	VL: 7.164e-04	 1.051e-03	 adam_lr:0.00025
Epoch: 337	TL: 2.366e-04	VL: 7.725e-04	 1.023e-03	 adam_lr:0.00025
Epoch: 338	TL: 2.281e-04	VL: 7.141e-04	 9.922e-04	 adam_lr:0.00025
Epoch: 339	TL: 2.305e-04	VL: 7.547e-04	 9.684e-04	 adam_lr:0.00025
Epoch: 340	TL: 2.240e-04	VL: 7.452e-04	 9.461e-04	 adam_lr:0.00025
Epoch: 341	TL: 2.122e-04	VL: 7.409e-04	 9.256e-04	 adam_lr:0.00025
Epoch: 342	TL: 2.225e-04	VL: 6.922e-04	 9.022e-04	 adam_lr:0.00025
Epoch: 343	TL: 2.144e-04	VL: 7.003e-04	 8.820e-04	 adam_lr:0.00025
Epoch: 344	TL: 2.343e-04	VL: 8.880e-04	 8.826e-04	 adam_lr:0.00025
Epoch: 345	TL: 1.999e-04	VL: 6.940e-04	 8.638e-04	 adam_lr:0.00025
Epoch: 346	TL: 2.328e-04	VL: 7.602e-04	 8.534e-04	 adam_lr:0.00025
Epoch: 347	TL: 2.197e-04	VL: 6.938e-04	 8.375e-04	 adam_lr:0.00025
Epoch: 348	TL: 2.132e-04	VL: 6.759e-04	 8.213e-04	 adam_lr:0.00025
Epoch: 349	TL: 2.166e-04	VL: 7.457e-04	 8.137e-04	 adam_lr:0.00025
Epoch: 350	TL: 2.112e-04	VL: 1.043e-03	 8.367e-04	 adam_lr:0.00025
Epoch: 351	TL: 2.218e-04	VL: 7.212e-04	 8.251e-04	 adam_lr:0.00025
Epoch: 352	TL: 2.163e-04	VL: 6.880e-04	 8.114e-04	 adam_lr:0.00025
Epoch: 353	TL: 2.093e-04	VL: 7.749e-04	 8.078e-04	 adam_lr:0.00025
Epoch: 354	TL: 2.141e-04	VL: 7.586e-04	 8.028e-04	 adam_lr:0.00025
Epoch: 355	TL: 1.995e-04	VL: 6.902e-04	 7.916e-04	 adam_lr:0.00025
Epoch: 356	TL: 2.357e-04	VL: 7.490e-04	 7.873e-04	 adam_lr:0.00025
Epoch: 357	TL: 1.937e-04	VL: 6.826e-04	 7.768e-04	 adam_lr:0.00025
Epoch: 358	TL: 2.061e-04	VL: 7.213e-04	 7.713e-04	 adam_lr:0.00025
Epoch: 359	TL: 2.184e-04	VL: 6.958e-04	 7.637e-04	 adam_lr:0.00025
Epoch: 360	TL: 2.023e-04	VL: 9.272e-04	 7.801e-04	 adam_lr:0.00025
Epoch: 361	TL: 2.123e-04	VL: 8.006e-04	 7.821e-04	 adam_lr:0.00025
Epoch: 362	TL: 2.038e-04	VL: 7.540e-04	 7.793e-04	 adam_lr:0.00025
Epoch: 363	TL: 2.056e-04	VL: 7.796e-04	 7.794e-04	 adam_lr:0.00025
Epoch: 364	TL: 2.227e-04	VL: 7.707e-04	 7.785e-04	 adam_lr:0.00025
Epoch: 365	TL: 2.010e-04	VL: 6.935e-04	 7.700e-04	 adam_lr:0.00025
Epoch: 366	TL: 2.051e-04	VL: 8.073e-04	 7.737e-04	 adam_lr:0.00025
Epoch: 367	TL: 2.086e-04	VL: 6.617e-04	 7.625e-04	 adam_lr:0.00025
Epoch: 368	TL: 1.907e-04	VL: 7.846e-04	 7.647e-04	 adam_lr:0.00025
Epoch: 369	TL: 2.102e-04	VL: 6.850e-04	 7.568e-04	 adam_lr:0.00025
Epoch: 370	TL: 2.148e-04	VL: 6.875e-04	 7.498e-04	 adam_lr:0.00025
Epoch: 371	TL: 2.016e-04	VL: 6.831e-04	 7.432e-04	 adam_lr:0.00025
Epoch: 372	TL: 1.974e-04	VL: 6.725e-04	 7.361e-04	 adam_lr:0.00025
Epoch: 373	TL: 2.047e-04	VL: 7.016e-04	 7.326e-04	 adam_lr:0.00025
Epoch: 374	TL: 2.211e-04	VL: 6.902e-04	 7.284e-04	 adam_lr:0.00025
Epoch: 375	TL: 1.905e-04	VL: 7.076e-04	 7.263e-04	 adam_lr:0.00025
Epoch: 376	TL: 1.928e-04	VL: 7.650e-04	 7.302e-04	 adam_lr:0.00025
Epoch: 377	TL: 1.995e-04	VL: 7.444e-04	 7.316e-04	 adam_lr:0.00025
Epoch: 378	TL: 2.083e-04	VL: 6.939e-04	 7.278e-04	 adam_lr:0.00025
Epoch: 379	TL: 1.936e-04	VL: 7.008e-04	 7.251e-04	 adam_lr:0.00025
Epoch: 380	TL: 1.934e-04	VL: 7.069e-04	 7.233e-04	 adam_lr:0.00025
Epoch: 381	TL: 2.011e-04	VL: 6.927e-04	 7.203e-04	 adam_lr:0.00025
Epoch: 382	TL: 2.240e-04	VL: 7.024e-04	 7.185e-04	 adam_lr:0.00025
Epoch: 383	TL: 1.904e-04	VL: 7.193e-04	 7.186e-04	 adam_lr:0.00025
Epoch: 384	TL: 1.801e-04	VL: 6.856e-04	 7.153e-04	 adam_lr:0.00025
Epoch: 385	TL: 1.965e-04	VL: 8.067e-04	 7.244e-04	 adam_lr:0.00025
Epoch: 386	TL: 2.113e-04	VL: 7.705e-04	 7.290e-04	 adam_lr:0.00025
Epoch: 387	TL: 1.942e-04	VL: 6.840e-04	 7.245e-04	 adam_lr:0.00025
Epoch: 388	TL: 1.999e-04	VL: 6.711e-04	 7.192e-04	 adam_lr:0.00025
Epoch: 389	TL: 2.009e-04	VL: 7.378e-04	 7.210e-04	 adam_lr:0.00025
Epoch: 390	TL: 1.980e-04	VL: 7.084e-04	 7.198e-04	 adam_lr:0.00025
Epoch: 391	TL: 1.911e-04	VL: 7.575e-04	 7.235e-04	 adam_lr:0.00025
Epoch: 392	TL: 2.035e-04	VL: 8.324e-04	 7.344e-04	 adam_lr:0.00025
Epoch: 393	TL: 1.857e-04	VL: 7.781e-04	 7.388e-04	 adam_lr:0.00025
Epoch: 394	TL: 1.985e-04	VL: 6.833e-04	 7.332e-04	 adam_lr:0.00025
Epoch: 395	TL: 2.035e-04	VL: 7.045e-04	 7.304e-04	 adam_lr:0.00025
Epoch: 396	TL: 1.936e-04	VL: 8.049e-04	 7.378e-04	 adam_lr:0.00025
Epoch: 397	TL: 1.921e-04	VL: 1.082e-03	 7.722e-04	 adam_lr:0.00025
Epoch: 398	TL: 1.930e-04	VL: 7.121e-04	 7.662e-04	 adam_lr:0.00025
Epoch: 399	TL: 2.060e-04	VL: 7.526e-04	 7.648e-04	 adam_lr:0.00025
Epoch: 400	TL: 1.922e-04	VL: 6.887e-04	 7.572e-04	 adam_lr:0.00025
Epoch: 401	TL: 1.852e-04	VL: 6.981e-04	 7.513e-04	 adam_lr:0.00025
Epoch: 402	TL: 2.013e-04	VL: 7.062e-04	 7.468e-04	 adam_lr:0.00025
Epoch: 403	TL: 1.925e-04	VL: 7.793e-04	 7.500e-04	 adam_lr:0.00025
Epoch: 404	TL: 2.038e-04	VL: 7.085e-04	 7.459e-04	 adam_lr:0.00025
Epoch: 405	TL: 1.750e-04	VL: 6.920e-04	 7.405e-04	 adam_lr:0.00025
Epoch: 406	TL: 2.145e-04	VL: 7.285e-04	 7.393e-04	 adam_lr:0.00025
Epoch: 407	TL: 1.841e-04	VL: 6.670e-04	 7.321e-04	 adam_lr:0.00025
Epoch: 408	TL: 1.924e-04	VL: 7.466e-04	 7.335e-04	 adam_lr:0.00025
Epoch: 409	TL: 1.851e-04	VL: 7.466e-04	 7.348e-04	 adam_lr:0.00025
Epoch: 410	TL: 1.953e-04	VL: 6.561e-04	 7.270e-04	 adam_lr:0.00025
Epoch: 411	TL: 1.992e-04	VL: 6.720e-04	 7.215e-04	 adam_lr:0.00025
Epoch: 412	TL: 1.849e-04	VL: 7.418e-04	 7.235e-04	 adam_lr:0.00025
Epoch: 413	TL: 1.955e-04	VL: 6.942e-04	 7.206e-04	 adam_lr:0.00025
Epoch: 414	TL: 1.971e-04	VL: 6.806e-04	 7.166e-04	 adam_lr:0.00025
Epoch: 415	TL: 1.909e-04	VL: 7.955e-04	 7.245e-04	 adam_lr:0.00025
Epoch: 416	TL: 2.018e-04	VL: 6.825e-04	 7.203e-04	 adam_lr:0.00025
Epoch: 417	TL: 1.783e-04	VL: 6.688e-04	 7.151e-04	 adam_lr:0.00025
Epoch: 418	TL: 2.085e-04	VL: 6.442e-04	 7.080e-04	 adam_lr:0.00025
Epoch: 419	TL: 1.805e-04	VL: 7.219e-04	 7.094e-04	 adam_lr:0.00025
Epoch: 420	TL: 1.903e-04	VL: 7.208e-04	 7.106e-04	 adam_lr:0.00025
Epoch: 421	TL: 1.986e-04	VL: 7.338e-04	 7.129e-04	 adam_lr:0.00025
Epoch: 422	TL: 1.799e-04	VL: 7.479e-04	 7.164e-04	 adam_lr:0.00025
Epoch: 423	TL: 1.964e-04	VL: 8.899e-04	 7.337e-04	 adam_lr:0.00025
Epoch: 424	TL: 1.786e-04	VL: 7.193e-04	 7.323e-04	 adam_lr:0.00025
Epoch: 425	TL: 1.851e-04	VL: 7.526e-04	 7.343e-04	 adam_lr:0.00025
Epoch: 426	TL: 1.871e-04	VL: 8.336e-04	 7.442e-04	 adam_lr:0.00025
Epoch: 427	TL: 1.910e-04	VL: 6.418e-04	 7.340e-04	 adam_lr:0.00025
Epoch: 428	TL: 1.957e-04	VL: 7.747e-04	 7.381e-04	 adam_lr:0.00025
Epoch: 429	TL: 1.858e-04	VL: 6.593e-04	 7.302e-04	 adam_lr:0.00025
Epoch: 430	TL: 1.822e-04	VL: 7.875e-04	 7.359e-04	 adam_lr:0.00025
Epoch: 431	TL: 1.872e-04	VL: 6.882e-04	 7.311e-04	 adam_lr:0.00025
Epoch: 432	TL: 1.797e-04	VL: 7.366e-04	 7.317e-04	 adam_lr:0.00025
Epoch: 433	TL: 1.973e-04	VL: 7.092e-04	 7.294e-04	 adam_lr:0.00025
Epoch: 434	TL: 1.914e-04	VL: 6.893e-04	 7.254e-04	 adam_lr:0.00025
Epoch: 435	TL: 1.801e-04	VL: 7.047e-04	 7.234e-04	 adam_lr:0.00025
Epoch: 436	TL: 1.837e-04	VL: 6.256e-04	 7.136e-04	 adam_lr:0.00025
Epoch: 437	TL: 1.870e-04	VL: 8.048e-04	 7.227e-04	 adam_lr:0.00025
Epoch: 438	TL: 1.848e-04	VL: 7.261e-04	 7.230e-04	 adam_lr:0.00025
Epoch: 439	TL: 1.957e-04	VL: 7.204e-04	 7.228e-04	 adam_lr:0.00025
Epoch: 440	TL: 1.701e-04	VL: 7.366e-04	 7.242e-04	 adam_lr:0.00025
Epoch: 441	TL: 1.907e-04	VL: 6.547e-04	 7.172e-04	 adam_lr:0.00025
Epoch: 442	TL: 1.851e-04	VL: 8.127e-04	 7.268e-04	 adam_lr:0.00025
Epoch: 443	TL: 1.823e-04	VL: 6.748e-04	 7.216e-04	 adam_lr:0.00025
Epoch: 444	TL: 1.949e-04	VL: 7.372e-04	 7.231e-04	 adam_lr:0.00025
Epoch: 445	TL: 1.791e-04	VL: 7.013e-04	 7.210e-04	 adam_lr:0.00025
Epoch: 446	TL: 1.840e-04	VL: 6.818e-04	 7.170e-04	 adam_lr:0.00025
Epoch: 447	TL: 1.895e-04	VL: 7.332e-04	 7.187e-04	 adam_lr:0.00025
Epoch: 448	TL: 1.798e-04	VL: 6.947e-04	 7.163e-04	 adam_lr:0.00025
Epoch: 449	TL: 1.842e-04	VL: 6.547e-04	 7.101e-04	 adam_lr:0.00025
Epoch: 450	TL: 1.792e-04	VL: 8.608e-04	 7.252e-04	 adam_lr:0.00025
Epoch: 451	TL: 1.845e-04	VL: 7.324e-04	 7.259e-04	 adam_lr:0.00025
Epoch: 452	TL: 1.847e-04	VL: 7.627e-04	 7.296e-04	 adam_lr:0.00025
Epoch: 453	TL: 1.712e-04	VL: 6.983e-04	 7.264e-04	 adam_lr:0.00025
Epoch: 454	TL: 1.893e-04	VL: 6.838e-04	 7.222e-04	 adam_lr:0.00025
Epoch: 455	TL: 1.908e-04	VL: 6.745e-04	 7.174e-04	 adam_lr:0.00025
Epoch: 456	TL: 1.720e-04	VL: 6.757e-04	 7.132e-04	 adam_lr:0.00025
Epoch: 457	TL: 1.738e-04	VL: 6.839e-04	 7.103e-04	 adam_lr:0.00025
Epoch: 458	TL: 1.862e-04	VL: 6.556e-04	 7.048e-04	 adam_lr:0.00025
Epoch: 459	TL: 1.805e-04	VL: 6.626e-04	 7.006e-04	 adam_lr:0.00025
Epoch: 460	TL: 1.841e-04	VL: 7.277e-04	 7.033e-04	 adam_lr:0.00025
Epoch: 461	TL: 1.781e-04	VL: 7.072e-04	 7.037e-04	 adam_lr:0.00025
Epoch: 462	TL: 1.831e-04	VL: 6.903e-04	 7.024e-04	 adam_lr:0.00025
Epoch: 463	TL: 1.826e-04	VL: 7.072e-04	 7.028e-04	 adam_lr:0.00025
Epoch: 464	TL: 1.824e-04	VL: 7.613e-04	 7.087e-04	 adam_lr:0.00025
Epoch: 465	TL: 1.770e-04	VL: 7.320e-04	 7.110e-04	 adam_lr:0.00025
Epoch: 466	TL: 1.825e-04	VL: 8.011e-04	 7.200e-04	 adam_lr:0.00025
Epoch: 467	TL: 1.876e-04	VL: 6.115e-04	 7.092e-04	 adam_lr:0.00025
Epoch: 468	TL: 1.720e-04	VL: 6.904e-04	 7.073e-04	 adam_lr:0.00025
Epoch: 469	TL: 1.801e-04	VL: 6.812e-04	 7.047e-04	 adam_lr:0.00025
Epoch: 470	TL: 1.895e-04	VL: 6.988e-04	 7.041e-04	 adam_lr:0.00025
Epoch: 471	TL: 1.721e-04	VL: 6.576e-04	 6.995e-04	 adam_lr:0.00025
Epoch: 472	TL: 1.723e-04	VL: 6.991e-04	 6.994e-04	 adam_lr:0.00025
Epoch: 473	TL: 1.701e-04	VL: 6.567e-04	 6.951e-04	 adam_lr:0.00025
Epoch: 474	TL: 1.826e-04	VL: 6.491e-04	 6.905e-04	 adam_lr:0.00025
Epoch: 475	TL: 1.810e-04	VL: 6.928e-04	 6.908e-04	 adam_lr:0.00025
Epoch: 476	TL: 1.731e-04	VL: 7.507e-04	 6.968e-04	 adam_lr:0.00025
Epoch: 477	TL: 1.876e-04	VL: 7.257e-04	 6.997e-04	 adam_lr:0.00025
Epoch: 478	TL: 1.711e-04	VL: 7.813e-04	 7.078e-04	 adam_lr:0.00025
Epoch: 479	TL: 1.762e-04	VL: 8.086e-04	 7.179e-04	 adam_lr:0.00025
Epoch: 480	TL: 1.788e-04	VL: 6.569e-04	 7.118e-04	 adam_lr:0.00025
Epoch: 481	TL: 1.754e-04	VL: 6.465e-04	 7.053e-04	 adam_lr:0.00025
Epoch: 482	TL: 1.688e-04	VL: 6.554e-04	 7.003e-04	 adam_lr:0.00025
Epoch: 483	TL: 1.914e-04	VL: 6.317e-04	 6.934e-04	 adam_lr:0.00025
Epoch: 484	TL: 1.704e-04	VL: 9.837e-04	 7.224e-04	 adam_lr:0.00025
Epoch: 485	TL: 1.840e-04	VL: 6.999e-04	 7.202e-04	 adam_lr:0.00025
Epoch: 486	TL: 1.809e-04	VL: 6.524e-04	 7.134e-04	 adam_lr:0.00025
Epoch: 487	TL: 1.802e-04	VL: 6.462e-04	 7.067e-04	 adam_lr:0.00025
Epoch: 488	TL: 1.774e-04	VL: 7.085e-04	 7.069e-04	 adam_lr:0.00025
Epoch: 489	TL: 1.780e-04	VL: 6.567e-04	 7.019e-04	 adam_lr:0.00025
Epoch: 490	TL: 1.667e-04	VL: 6.747e-04	 6.991e-04	 adam_lr:0.00025
Epoch: 491	TL: 1.745e-04	VL: 6.874e-04	 6.980e-04	 adam_lr:0.00025
Epoch: 492	TL: 1.830e-04	VL: 7.823e-04	 7.064e-04	 adam_lr:0.00025
Epoch: 493	TL: 1.753e-04	VL: 6.318e-04	 6.989e-04	 adam_lr:0.00025
Epoch: 494	TL: 1.659e-04	VL: 7.150e-04	 7.006e-04	 adam_lr:0.00025
Epoch: 495	TL: 1.808e-04	VL: 6.277e-04	 6.933e-04	 adam_lr:0.00025
Epoch: 496	TL: 1.810e-04	VL: 6.592e-04	 6.899e-04	 adam_lr:0.00025
Epoch: 497	TL: 1.795e-04	VL: 6.893e-04	 6.898e-04	 adam_lr:0.00025
Epoch: 498	TL: 1.934e-04	VL: 6.880e-04	 6.896e-04	 adam_lr:0.00025
Epoch: 499	TL: 1.661e-04	VL: 6.850e-04	 6.892e-04	 adam_lr:0.00025
Epoch: 500	TL: 1.589e-04	VL: 6.549e-04	 6.857e-04	 adam_lr:0.00025
Epoch: 501	TL: 1.887e-04	VL: 6.927e-04	 6.864e-04	 adam_lr:0.00025
Epoch: 502	TL: 1.939e-04	VL: 7.201e-04	 6.898e-04	 adam_lr:0.00025
Epoch: 503	TL: 1.861e-04	VL: 6.651e-04	 6.873e-04	 adam_lr:0.00025
Epoch: 504	TL: 1.582e-04	VL: 6.840e-04	 6.870e-04	 adam_lr:0.00025
Epoch: 505	TL: 1.823e-04	VL: 6.327e-04	 6.816e-04	 adam_lr:0.00025
Epoch: 506	TL: 1.843e-04	VL: 6.446e-04	 6.779e-04	 adam_lr:0.00025
Epoch: 507	TL: 1.760e-04	VL: 6.666e-04	 6.767e-04	 adam_lr:0.00025
Epoch: 508	TL: 1.593e-04	VL: 6.280e-04	 6.719e-04	 adam_lr:0.00025
Epoch: 509	TL: 1.807e-04	VL: 7.291e-04	 6.776e-04	 adam_lr:0.00025
Epoch: 510	TL: 1.811e-04	VL: 6.880e-04	 6.786e-04	 adam_lr:0.00025
Epoch: 511	TL: 1.645e-04	VL: 8.715e-04	 6.979e-04	 adam_lr:0.00025
Epoch: 512	TL: 1.601e-04	VL: 6.756e-04	 6.957e-04	 adam_lr:0.00025
Epoch: 513	TL: 1.781e-04	VL: 6.559e-04	 6.917e-04	 adam_lr:0.00025
Epoch: 514	TL: 1.846e-04	VL: 6.189e-04	 6.844e-04	 adam_lr:0.00025
Epoch: 515	TL: 1.698e-04	VL: 7.077e-04	 6.868e-04	 adam_lr:0.00025
Epoch: 516	TL: 1.774e-04	VL: 6.881e-04	 6.869e-04	 adam_lr:0.00025
Epoch: 517	TL: 1.516e-04	VL: 6.589e-04	 6.841e-04	 adam_lr:0.00025
Epoch: 518	TL: 1.755e-04	VL: 6.858e-04	 6.843e-04	 adam_lr:0.00025
Epoch: 519	TL: 1.747e-04	VL: 6.523e-04	 6.811e-04	 adam_lr:0.00025
Epoch: 520	TL: 1.782e-04	VL: 7.050e-04	 6.835e-04	 adam_lr:0.00025
Epoch: 521	TL: 1.651e-04	VL: 8.513e-04	 7.002e-04	 adam_lr:0.00025
Epoch: 522	TL: 1.953e-04	VL: 7.194e-04	 7.022e-04	 adam_lr:0.00025
Epoch: 523	TL: 1.605e-04	VL: 6.502e-04	 6.970e-04	 adam_lr:0.00025
Epoch: 524	TL: 1.616e-04	VL: 6.463e-04	 6.919e-04	 adam_lr:0.00025
Epoch: 525	TL: 1.729e-04	VL: 6.607e-04	 6.888e-04	 adam_lr:0.00025
Epoch: 526	TL: 1.731e-04	VL: 8.170e-04	 7.016e-04	 adam_lr:0.00025
Epoch: 527	TL: 1.607e-04	VL: 6.750e-04	 6.989e-04	 adam_lr:0.00025
Epoch: 528	TL: 1.853e-04	VL: 6.771e-04	 6.968e-04	 adam_lr:0.00025
Epoch: 529	TL: 1.716e-04	VL: 1.087e-03	 7.358e-04	 adam_lr:0.00025
Epoch: 530	TL: 1.712e-04	VL: 6.576e-04	 7.280e-04	 adam_lr:0.00025
Epoch: 531	TL: 1.777e-04	VL: 7.844e-04	 7.336e-04	 adam_lr:0.00025
Epoch: 532	TL: 1.657e-04	VL: 7.133e-04	 7.316e-04	 adam_lr:0.00025
Epoch: 533	TL: 1.713e-04	VL: 9.438e-04	 7.528e-04	 adam_lr:0.00025
Epoch: 534	TL: 1.695e-04	VL: 6.228e-04	 7.398e-04	 adam_lr:0.00025
Epoch: 535	TL: 1.736e-04	VL: 6.669e-04	 7.325e-04	 adam_lr:0.00025
Epoch: 536	TL: 1.654e-04	VL: 6.306e-04	 7.223e-04	 adam_lr:0.00025
Epoch: 537	TL: 1.751e-04	VL: 6.552e-04	 7.156e-04	 adam_lr:0.00025
Epoch: 538	TL: 1.761e-04	VL: 6.741e-04	 7.115e-04	 adam_lr:0.00025
Epoch: 539	TL: 1.706e-04	VL: 7.725e-04	 7.176e-04	 adam_lr:0.00025
Epoch: 540	TL: 1.601e-04	VL: 6.609e-04	 7.119e-04	 adam_lr:0.00025
Epoch: 541	TL: 1.776e-04	VL: 7.343e-04	 7.141e-04	 adam_lr:0.00025
Epoch: 542	TL: 1.685e-04	VL: 7.175e-04	 7.145e-04	 adam_lr:0.00025
Epoch: 543	TL: 1.722e-04	VL: 6.460e-04	 7.076e-04	 adam_lr:0.00025
Epoch: 544	TL: 1.562e-04	VL: 6.896e-04	 7.058e-04	 adam_lr:0.00025
Epoch: 545	TL: 1.793e-04	VL: 6.529e-04	 7.005e-04	 adam_lr:0.00025
Epoch: 546	TL: 1.623e-04	VL: 7.115e-04	 7.016e-04	 adam_lr:0.00025
Epoch: 547	TL: 1.668e-04	VL: 6.463e-04	 6.961e-04	 adam_lr:0.00025
Epoch: 548	TL: 1.724e-04	VL: 6.725e-04	 6.937e-04	 adam_lr:0.00025
Epoch: 549	TL: 1.607e-04	VL: 7.855e-04	 7.029e-04	 adam_lr:0.00025
Epoch: 550	TL: 1.642e-04	VL: 6.594e-04	 6.986e-04	 adam_lr:0.00025
Epoch: 551	TL: 1.949e-04	VL: 7.277e-04	 7.015e-04	 adam_lr:0.00025
Epoch: 552	TL: 1.523e-04	VL: 6.245e-04	 6.938e-04	 adam_lr:0.00025
Epoch: 553	TL: 1.658e-04	VL: 6.495e-04	 6.894e-04	 adam_lr:0.00025
Epoch: 554	TL: 1.796e-04	VL: 6.545e-04	 6.859e-04	 adam_lr:0.00025
Epoch: 555	TL: 1.563e-04	VL: 7.590e-04	 6.932e-04	 adam_lr:0.00025
Epoch: 556	TL: 1.744e-04	VL: 6.871e-04	 6.926e-04	 adam_lr:0.00025
Epoch: 557	TL: 1.635e-04	VL: 6.984e-04	 6.932e-04	 adam_lr:0.00025
Epoch: 558	TL: 1.631e-04	VL: 7.058e-04	 6.944e-04	 adam_lr:0.00025
Epoch: 559	TL: 1.882e-04	VL: 6.816e-04	 6.931e-04	 adam_lr:0.00025
Epoch: 560	TL: 7.408e-05	VL: 6.089e-04	 6.847e-04	 adam_lr:0.000125
Epoch: 561	TL: 7.813e-05	VL: 6.340e-04	 6.796e-04	 adam_lr:0.000125
Epoch: 562	TL: 8.428e-05	VL: 6.137e-04	 6.730e-04	 adam_lr:0.000125
Epoch: 563	TL: 8.406e-05	VL: 5.991e-04	 6.657e-04	 adam_lr:0.000125
Epoch: 564	TL: 8.636e-05	VL: 6.154e-04	 6.606e-04	 adam_lr:0.000125
Epoch: 565	TL: 8.351e-05	VL: 6.064e-04	 6.552e-04	 adam_lr:0.000125
Epoch: 566	TL: 8.276e-05	VL: 5.913e-04	 6.488e-04	 adam_lr:0.000125
Epoch: 567	TL: 8.390e-05	VL: 6.383e-04	 6.478e-04	 adam_lr:0.000125
Epoch: 568	TL: 8.173e-05	VL: 6.255e-04	 6.455e-04	 adam_lr:0.000125
Epoch: 569	TL: 8.166e-05	VL: 5.987e-04	 6.409e-04	 adam_lr:0.000125
Epoch: 570	TL: 8.395e-05	VL: 6.002e-04	 6.368e-04	 adam_lr:0.000125
Epoch: 571	TL: 7.824e-05	VL: 6.136e-04	 6.345e-04	 adam_lr:0.000125
Epoch: 572	TL: 8.152e-05	VL: 5.941e-04	 6.304e-04	 adam_lr:0.000125
Epoch: 573	TL: 8.070e-05	VL: 6.125e-04	 6.286e-04	 adam_lr:0.000125
Epoch: 574	TL: 8.087e-05	VL: 6.151e-04	 6.273e-04	 adam_lr:0.000125
Epoch: 575	TL: 8.172e-05	VL: 6.822e-04	 6.328e-04	 adam_lr:0.000125
Epoch: 576	TL: 8.203e-05	VL: 6.415e-04	 6.337e-04	 adam_lr:0.000125
Epoch: 577	TL: 8.168e-05	VL: 6.524e-04	 6.355e-04	 adam_lr:0.000125
Epoch: 578	TL: 7.926e-05	VL: 6.209e-04	 6.341e-04	 adam_lr:0.000125
Epoch: 579	TL: 8.047e-05	VL: 6.012e-04	 6.308e-04	 adam_lr:0.000125
Epoch: 580	TL: 8.131e-05	VL: 6.072e-04	 6.284e-04	 adam_lr:0.000125
Epoch: 581	TL: 8.287e-05	VL: 6.066e-04	 6.262e-04	 adam_lr:0.000125
Epoch: 582	TL: 8.048e-05	VL: 6.313e-04	 6.267e-04	 adam_lr:0.000125
Epoch: 583	TL: 7.929e-05	VL: 6.263e-04	 6.267e-04	 adam_lr:0.000125
Epoch: 584	TL: 8.168e-05	VL: 6.646e-04	 6.305e-04	 adam_lr:0.000125
Epoch: 585	TL: 7.802e-05	VL: 6.171e-04	 6.291e-04	 adam_lr:0.000125
Epoch: 586	TL: 7.963e-05	VL: 6.405e-04	 6.303e-04	 adam_lr:0.000125
Epoch: 587	TL: 8.113e-05	VL: 6.315e-04	 6.304e-04	 adam_lr:0.000125
Epoch: 588	TL: 7.717e-05	VL: 6.233e-04	 6.297e-04	 adam_lr:0.000125
Epoch: 589	TL: 8.091e-05	VL: 6.471e-04	 6.314e-04	 adam_lr:0.000125
Epoch: 590	TL: 7.837e-05	VL: 6.053e-04	 6.288e-04	 adam_lr:0.000125
Epoch: 591	TL: 8.070e-05	VL: 6.321e-04	 6.291e-04	 adam_lr:0.000125
Epoch: 592	TL: 7.837e-05	VL: 6.207e-04	 6.283e-04	 adam_lr:0.000125
Epoch: 593	TL: 7.798e-05	VL: 6.001e-04	 6.255e-04	 adam_lr:0.000125
Epoch: 594	TL: 8.059e-05	VL: 6.107e-04	 6.240e-04	 adam_lr:0.000125
Epoch: 595	TL: 7.787e-05	VL: 6.234e-04	 6.240e-04	 adam_lr:0.000125
Epoch: 596	TL: 7.959e-05	VL: 6.202e-04	 6.236e-04	 adam_lr:0.000125
Epoch: 597	TL: 7.986e-05	VL: 6.014e-04	 6.214e-04	 adam_lr:0.000125
Epoch: 598	TL: 7.744e-05	VL: 6.070e-04	 6.199e-04	 adam_lr:0.000125
Epoch: 599	TL: 7.570e-05	VL: 6.654e-04	 6.245e-04	 adam_lr:0.000125
Epoch: 600	TL: 8.250e-05	VL: 6.080e-04	 6.228e-04	 adam_lr:0.000125
Epoch: 601	TL: 7.766e-05	VL: 6.586e-04	 6.264e-04	 adam_lr:0.000125
Epoch: 602	TL: 7.576e-05	VL: 7.175e-04	 6.355e-04	 adam_lr:0.000125
Epoch: 603	TL: 8.142e-05	VL: 6.067e-04	 6.326e-04	 adam_lr:0.000125
Epoch: 604	TL: 7.672e-05	VL: 6.484e-04	 6.342e-04	 adam_lr:0.000125
Epoch: 605	TL: 7.621e-05	VL: 6.257e-04	 6.334e-04	 adam_lr:0.000125
Epoch: 606	TL: 7.781e-05	VL: 6.024e-04	 6.303e-04	 adam_lr:0.000125
Epoch: 607	TL: 7.785e-05	VL: 5.889e-04	 6.261e-04	 adam_lr:0.000125
Epoch: 608	TL: 7.731e-05	VL: 6.508e-04	 6.286e-04	 adam_lr:0.000125
Epoch: 609	TL: 7.405e-05	VL: 6.184e-04	 6.276e-04	 adam_lr:0.000125
Epoch: 610	TL: 7.449e-05	VL: 6.182e-04	 6.266e-04	 adam_lr:0.000125
Epoch: 611	TL: 8.032e-05	VL: 6.051e-04	 6.245e-04	 adam_lr:0.000125
Epoch: 612	TL: 7.773e-05	VL: 6.989e-04	 6.319e-04	 adam_lr:0.000125
Epoch: 613	TL: 7.544e-05	VL: 6.057e-04	 6.293e-04	 adam_lr:0.000125
Epoch: 614	TL: 7.585e-05	VL: 6.085e-04	 6.272e-04	 adam_lr:0.000125
Epoch: 615	TL: 8.093e-05	VL: 6.180e-04	 6.263e-04	 adam_lr:0.000125
Epoch: 616	TL: 7.446e-05	VL: 6.121e-04	 6.249e-04	 adam_lr:0.000125
Epoch: 617	TL: 7.868e-05	VL: 6.266e-04	 6.251e-04	 adam_lr:0.000125
Epoch: 618	TL: 7.724e-05	VL: 6.021e-04	 6.228e-04	 adam_lr:0.000125
Epoch: 619	TL: 7.439e-05	VL: 6.663e-04	 6.271e-04	 adam_lr:0.000125
Epoch: 620	TL: 7.870e-05	VL: 6.016e-04	 6.246e-04	 adam_lr:0.000125
Epoch: 621	TL: 8.070e-05	VL: 6.525e-04	 6.274e-04	 adam_lr:0.000125
Epoch: 622	TL: 7.290e-05	VL: 6.215e-04	 6.268e-04	 adam_lr:0.000125
Epoch: 623	TL: 7.889e-05	VL: 6.340e-04	 6.275e-04	 adam_lr:0.000125
Epoch: 624	TL: 7.316e-05	VL: 6.275e-04	 6.275e-04	 adam_lr:0.000125
Epoch: 625	TL: 7.481e-05	VL: 6.241e-04	 6.272e-04	 adam_lr:0.000125
Epoch: 626	TL: 7.741e-05	VL: 6.107e-04	 6.255e-04	 adam_lr:0.000125
Epoch: 627	TL: 7.815e-05	VL: 6.143e-04	 6.244e-04	 adam_lr:0.000125
Epoch: 628	TL: 7.904e-05	VL: 6.231e-04	 6.243e-04	 adam_lr:0.000125
Epoch: 629	TL: 7.265e-05	VL: 6.027e-04	 6.221e-04	 adam_lr:0.000125
Epoch: 630	TL: 7.495e-05	VL: 6.293e-04	 6.228e-04	 adam_lr:0.000125
Epoch: 631	TL: 7.384e-05	VL: 5.916e-04	 6.197e-04	 adam_lr:0.000125
Epoch: 632	TL: 7.630e-05	VL: 6.123e-04	 6.190e-04	 adam_lr:0.000125
Epoch: 633	TL: 7.615e-05	VL: 6.077e-04	 6.178e-04	 adam_lr:0.000125
Epoch: 634	TL: 7.795e-05	VL: 6.216e-04	 6.182e-04	 adam_lr:0.000125
Epoch: 635	TL: 7.537e-05	VL: 6.257e-04	 6.190e-04	 adam_lr:0.000125
Epoch: 636	TL: 7.175e-05	VL: 5.929e-04	 6.164e-04	 adam_lr:0.000125
Epoch: 637	TL: 7.795e-05	VL: 6.561e-04	 6.203e-04	 adam_lr:0.000125
Epoch: 638	TL: 7.268e-05	VL: 5.958e-04	 6.179e-04	 adam_lr:0.000125
Epoch: 639	TL: 7.341e-05	VL: 6.209e-04	 6.182e-04	 adam_lr:0.000125
Epoch: 640	TL: 7.632e-05	VL: 6.038e-04	 6.167e-04	 adam_lr:0.000125
Epoch: 641	TL: 7.550e-05	VL: 6.064e-04	 6.157e-04	 adam_lr:0.000125
Epoch: 642	TL: 7.578e-05	VL: 6.198e-04	 6.161e-04	 adam_lr:0.000125
Epoch: 643	TL: 7.380e-05	VL: 6.338e-04	 6.179e-04	 adam_lr:0.000125
Epoch: 644	TL: 7.560e-05	VL: 6.523e-04	 6.213e-04	 adam_lr:0.000125
Epoch: 645	TL: 7.585e-05	VL: 7.244e-04	 6.316e-04	 adam_lr:0.000125
Epoch: 646	TL: 7.427e-05	VL: 6.042e-04	 6.289e-04	 adam_lr:0.000125
Epoch: 647	TL: 7.412e-05	VL: 6.110e-04	 6.271e-04	 adam_lr:0.000125
Epoch: 648	TL: 7.378e-05	VL: 6.399e-04	 6.284e-04	 adam_lr:0.000125
Epoch: 649	TL: 7.575e-05	VL: 6.065e-04	 6.262e-04	 adam_lr:0.000125
Epoch: 650	TL: 7.029e-05	VL: 6.616e-04	 6.297e-04	 adam_lr:0.000125
Epoch: 651	TL: 7.564e-05	VL: 6.635e-04	 6.331e-04	 adam_lr:0.000125
Epoch: 652	TL: 7.523e-05	VL: 6.410e-04	 6.339e-04	 adam_lr:0.000125
Epoch: 653	TL: 7.503e-05	VL: 6.118e-04	 6.317e-04	 adam_lr:0.000125
Epoch: 654	TL: 7.166e-05	VL: 6.423e-04	 6.328e-04	 adam_lr:0.000125
Epoch: 655	TL: 7.690e-05	VL: 6.162e-04	 6.311e-04	 adam_lr:0.000125
Epoch: 656	TL: 7.230e-05	VL: 5.969e-04	 6.277e-04	 adam_lr:0.000125
Epoch: 657	TL: 7.661e-05	VL: 6.369e-04	 6.286e-04	 adam_lr:0.000125
Epoch: 658	TL: 7.580e-05	VL: 6.216e-04	 6.279e-04	 adam_lr:0.000125
Epoch: 659	TL: 7.091e-05	VL: 6.123e-04	 6.263e-04	 adam_lr:0.000125
Epoch: 660	TL: 7.303e-05	VL: 6.078e-04	 6.245e-04	 adam_lr:0.000125
Epoch: 661	TL: 7.195e-05	VL: 6.331e-04	 6.254e-04	 adam_lr:0.000125
Epoch: 662	TL: 7.321e-05	VL: 6.051e-04	 6.233e-04	 adam_lr:0.000125
Epoch: 663	TL: 7.253e-05	VL: 5.873e-04	 6.197e-04	 adam_lr:0.000125
Epoch: 664	TL: 7.638e-05	VL: 6.029e-04	 6.180e-04	 adam_lr:0.000125
Epoch: 665	TL: 7.216e-05	VL: 6.350e-04	 6.197e-04	 adam_lr:0.000125
Epoch: 666	TL: 7.411e-05	VL: 6.114e-04	 6.189e-04	 adam_lr:0.000125
Epoch: 667	TL: 7.170e-05	VL: 6.758e-04	 6.246e-04	 adam_lr:0.000125
Epoch: 668	TL: 7.757e-05	VL: 6.263e-04	 6.248e-04	 adam_lr:0.000125
Epoch: 669	TL: 7.093e-05	VL: 6.021e-04	 6.225e-04	 adam_lr:0.000125
Epoch: 670	TL: 7.492e-05	VL: 6.653e-04	 6.268e-04	 adam_lr:0.000125
Epoch: 671	TL: 7.239e-05	VL: 7.033e-04	 6.344e-04	 adam_lr:0.000125
Epoch: 672	TL: 7.208e-05	VL: 6.165e-04	 6.326e-04	 adam_lr:0.000125
Epoch: 673	TL: 7.613e-05	VL: 6.250e-04	 6.319e-04	 adam_lr:0.000125
Epoch: 674	TL: 7.498e-05	VL: 6.289e-04	 6.316e-04	 adam_lr:0.000125
Epoch: 675	TL: 7.124e-05	VL: 6.163e-04	 6.301e-04	 adam_lr:0.000125
Epoch: 676	TL: 7.773e-05	VL: 5.982e-04	 6.269e-04	 adam_lr:0.000125
Epoch: 677	TL: 6.908e-05	VL: 5.894e-04	 6.231e-04	 adam_lr:0.000125
Epoch: 678	TL: 7.072e-05	VL: 6.041e-04	 6.212e-04	 adam_lr:0.000125
Epoch: 679	TL: 7.477e-05	VL: 6.068e-04	 6.198e-04	 adam_lr:0.000125
Epoch: 680	TL: 6.716e-05	VL: 5.957e-04	 6.174e-04	 adam_lr:0.000125
Epoch: 681	TL: 7.344e-05	VL: 6.088e-04	 6.165e-04	 adam_lr:0.000125
Epoch: 682	TL: 7.522e-05	VL: 6.186e-04	 6.167e-04	 adam_lr:0.000125
Epoch: 683	TL: 7.084e-05	VL: 6.221e-04	 6.173e-04	 adam_lr:0.000125
Epoch: 684	TL: 7.543e-05	VL: 5.912e-04	 6.147e-04	 adam_lr:0.000125
Epoch: 685	TL: 7.113e-05	VL: 6.381e-04	 6.170e-04	 adam_lr:0.000125
Epoch: 686	TL: 7.671e-05	VL: 6.418e-04	 6.195e-04	 adam_lr:0.000125
Epoch: 687	TL: 7.246e-05	VL: 6.104e-04	 6.186e-04	 adam_lr:0.000125
Epoch: 688	TL: 7.620e-05	VL: 6.086e-04	 6.176e-04	 adam_lr:0.000125
Epoch: 689	TL: 7.546e-05	VL: 6.391e-04	 6.197e-04	 adam_lr:0.000125
Epoch: 690	TL: 6.828e-05	VL: 6.299e-04	 6.207e-04	 adam_lr:0.000125
Epoch: 691	TL: 7.304e-05	VL: 6.141e-04	 6.201e-04	 adam_lr:0.000125
Epoch: 692	TL: 6.855e-05	VL: 6.480e-04	 6.229e-04	 adam_lr:0.000125
Epoch: 693	TL: 7.426e-05	VL: 6.163e-04	 6.222e-04	 adam_lr:0.000125
Epoch: 694	TL: 6.948e-05	VL: 5.843e-04	 6.184e-04	 adam_lr:0.000125
Epoch: 695	TL: 7.466e-05	VL: 6.146e-04	 6.180e-04	 adam_lr:0.000125
Epoch: 696	TL: 7.074e-05	VL: 5.915e-04	 6.154e-04	 adam_lr:0.000125
Epoch: 697	TL: 7.136e-05	VL: 6.298e-04	 6.168e-04	 adam_lr:0.000125
Epoch: 698	TL: 7.272e-05	VL: 5.826e-04	 6.134e-04	 adam_lr:0.000125
Epoch: 699	TL: 7.077e-05	VL: 6.132e-04	 6.134e-04	 adam_lr:0.000125
Epoch: 700	TL: 7.043e-05	VL: 5.968e-04	 6.117e-04	 adam_lr:0.000125
Epoch: 701	TL: 7.192e-05	VL: 6.130e-04	 6.118e-04	 adam_lr:0.000125
Epoch: 702	TL: 6.842e-05	VL: 5.951e-04	 6.102e-04	 adam_lr:0.000125
Epoch: 703	TL: 7.216e-05	VL: 6.462e-04	 6.138e-04	 adam_lr:0.000125
Epoch: 704	TL: 7.049e-05	VL: 6.285e-04	 6.152e-04	 adam_lr:0.000125
Epoch: 705	TL: 7.588e-05	VL: 6.366e-04	 6.174e-04	 adam_lr:0.000125
Epoch: 706	TL: 6.576e-05	VL: 6.139e-04	 6.170e-04	 adam_lr:0.000125
Epoch: 707	TL: 7.063e-05	VL: 5.934e-04	 6.147e-04	 adam_lr:0.000125
Epoch: 708	TL: 7.191e-05	VL: 5.870e-04	 6.119e-04	 adam_lr:0.000125
Epoch: 709	TL: 6.730e-05	VL: 6.114e-04	 6.118e-04	 adam_lr:0.000125
Epoch: 710	TL: 7.636e-05	VL: 5.897e-04	 6.096e-04	 adam_lr:0.000125
Epoch: 711	TL: 6.821e-05	VL: 6.030e-04	 6.090e-04	 adam_lr:0.000125
Epoch: 712	TL: 7.087e-05	VL: 6.122e-04	 6.093e-04	 adam_lr:0.000125
Epoch: 713	TL: 6.992e-05	VL: 5.994e-04	 6.083e-04	 adam_lr:0.000125
Epoch: 714	TL: 6.947e-05	VL: 6.079e-04	 6.083e-04	 adam_lr:0.000125
Epoch: 715	TL: 7.606e-05	VL: 5.883e-04	 6.063e-04	 adam_lr:0.000125
Epoch: 716	TL: 7.084e-05	VL: 6.014e-04	 6.058e-04	 adam_lr:0.000125
Epoch: 717	TL: 7.053e-05	VL: 5.863e-04	 6.038e-04	 adam_lr:0.000125
Epoch: 718	TL: 6.924e-05	VL: 6.199e-04	 6.054e-04	 adam_lr:0.000125
Epoch: 719	TL: 6.857e-05	VL: 6.164e-04	 6.065e-04	 adam_lr:0.000125
Epoch: 720	TL: 6.869e-05	VL: 6.109e-04	 6.070e-04	 adam_lr:0.000125
Epoch: 721	TL: 7.526e-05	VL: 5.999e-04	 6.063e-04	 adam_lr:0.000125
Epoch: 722	TL: 7.122e-05	VL: 6.295e-04	 6.086e-04	 adam_lr:0.000125
Epoch: 723	TL: 6.893e-05	VL: 6.196e-04	 6.097e-04	 adam_lr:0.000125
Epoch: 724	TL: 6.960e-05	VL: 6.045e-04	 6.092e-04	 adam_lr:0.000125
Epoch: 725	TL: 7.101e-05	VL: 6.020e-04	 6.084e-04	 adam_lr:0.000125
Epoch: 726	TL: 7.076e-05	VL: 6.203e-04	 6.096e-04	 adam_lr:0.000125
Epoch: 727	TL: 7.173e-05	VL: 6.331e-04	 6.120e-04	 adam_lr:0.000125
Epoch: 728	TL: 6.775e-05	VL: 6.225e-04	 6.130e-04	 adam_lr:0.000125
Epoch: 729	TL: 7.119e-05	VL: 6.519e-04	 6.169e-04	 adam_lr:0.000125
Epoch: 730	TL: 7.097e-05	VL: 5.964e-04	 6.149e-04	 adam_lr:0.000125
Epoch: 731	TL: 6.695e-05	VL: 7.068e-04	 6.241e-04	 adam_lr:0.000125
Epoch: 732	TL: 6.999e-05	VL: 6.049e-04	 6.221e-04	 adam_lr:0.000125
Epoch: 733	TL: 6.818e-05	VL: 6.329e-04	 6.232e-04	 adam_lr:0.000125
Epoch: 734	TL: 7.591e-05	VL: 6.167e-04	 6.226e-04	 adam_lr:0.000125
Epoch: 735	TL: 6.938e-05	VL: 6.171e-04	 6.220e-04	 adam_lr:0.000125
Epoch: 736	TL: 6.969e-05	VL: 6.019e-04	 6.200e-04	 adam_lr:0.000125
Epoch: 737	TL: 7.026e-05	VL: 5.953e-04	 6.175e-04	 adam_lr:0.000125
Epoch: 738	TL: 7.262e-05	VL: 6.014e-04	 6.159e-04	 adam_lr:0.000125
Epoch: 739	TL: 6.731e-05	VL: 6.208e-04	 6.164e-04	 adam_lr:0.000125
Epoch: 740	TL: 6.927e-05	VL: 6.074e-04	 6.155e-04	 adam_lr:0.000125
Epoch: 741	TL: 6.951e-05	VL: 5.908e-04	 6.130e-04	 adam_lr:0.000125
Epoch: 742	TL: 6.850e-05	VL: 5.973e-04	 6.115e-04	 adam_lr:0.000125
Epoch: 743	TL: 6.744e-05	VL: 6.106e-04	 6.114e-04	 adam_lr:0.000125
Epoch: 744	TL: 6.812e-05	VL: 6.509e-04	 6.153e-04	 adam_lr:0.000125
Epoch: 745	TL: 6.941e-05	VL: 6.110e-04	 6.149e-04	 adam_lr:0.000125
Epoch: 746	TL: 7.110e-05	VL: 6.026e-04	 6.137e-04	 adam_lr:0.000125
Epoch: 747	TL: 6.746e-05	VL: 6.203e-04	 6.143e-04	 adam_lr:0.000125
Epoch: 748	TL: 7.064e-05	VL: 5.995e-04	 6.129e-04	 adam_lr:0.000125
Epoch: 749	TL: 6.866e-05	VL: 5.754e-04	 6.091e-04	 adam_lr:0.000125
Epoch: 750	TL: 7.283e-05	VL: 5.861e-04	 6.068e-04	 adam_lr:0.000125
Epoch: 751	TL: 6.639e-05	VL: 6.262e-04	 6.087e-04	 adam_lr:0.000125
Epoch: 752	TL: 7.023e-05	VL: 6.567e-04	 6.135e-04	 adam_lr:0.000125
Epoch: 753	TL: 6.720e-05	VL: 6.088e-04	 6.131e-04	 adam_lr:0.000125
Epoch: 754	TL: 6.913e-05	VL: 5.969e-04	 6.115e-04	 adam_lr:0.000125
Epoch: 755	TL: 6.832e-05	VL: 6.055e-04	 6.109e-04	 adam_lr:0.000125
Epoch: 756	TL: 6.597e-05	VL: 6.032e-04	 6.101e-04	 adam_lr:0.000125
Epoch: 757	TL: 6.986e-05	VL: 6.060e-04	 6.097e-04	 adam_lr:0.000125
Epoch: 758	TL: 7.010e-05	VL: 6.097e-04	 6.097e-04	 adam_lr:0.000125
Epoch: 759	TL: 7.094e-05	VL: 6.508e-04	 6.138e-04	 adam_lr:0.000125
Epoch: 760	TL: 6.871e-05	VL: 6.181e-04	 6.142e-04	 adam_lr:0.000125
Epoch: 761	TL: 6.809e-05	VL: 6.196e-04	 6.148e-04	 adam_lr:0.000125
Epoch: 762	TL: 6.716e-05	VL: 5.854e-04	 6.118e-04	 adam_lr:0.000125
Epoch: 763	TL: 6.788e-05	VL: 6.458e-04	 6.152e-04	 adam_lr:0.000125
Epoch: 764	TL: 7.229e-05	VL: 6.209e-04	 6.158e-04	 adam_lr:0.000125
Epoch: 765	TL: 6.917e-05	VL: 6.092e-04	 6.151e-04	 adam_lr:0.000125
Epoch: 766	TL: 6.691e-05	VL: 6.203e-04	 6.157e-04	 adam_lr:0.000125
Epoch: 767	TL: 6.872e-05	VL: 6.638e-04	 6.205e-04	 adam_lr:0.000125
Epoch: 768	TL: 6.527e-05	VL: 6.268e-04	 6.211e-04	 adam_lr:0.000125
Epoch: 769	TL: 4.108e-05	VL: 5.999e-04	 6.190e-04	 adam_lr:6.25e-05
Epoch: 770	TL: 4.033e-05	VL: 6.019e-04	 6.173e-04	 adam_lr:6.25e-05
Epoch: 771	TL: 4.228e-05	VL: 5.931e-04	 6.149e-04	 adam_lr:6.25e-05
Epoch: 772	TL: 4.233e-05	VL: 5.989e-04	 6.133e-04	 adam_lr:6.25e-05
Epoch: 773	TL: 4.211e-05	VL: 5.905e-04	 6.110e-04	 adam_lr:6.25e-05
Epoch: 774	TL: 4.270e-05	VL: 5.951e-04	 6.094e-04	 adam_lr:6.25e-05
Epoch: 775	TL: 4.059e-05	VL: 5.909e-04	 6.076e-04	 adam_lr:6.25e-05
Epoch: 776	TL: 4.240e-05	VL: 6.063e-04	 6.074e-04	 adam_lr:6.25e-05
Epoch: 777	TL: 4.142e-05	VL: 5.879e-04	 6.055e-04	 adam_lr:6.25e-05
Epoch: 778	TL: 4.029e-05	VL: 5.858e-04	 6.035e-04	 adam_lr:6.25e-05
Epoch: 779	TL: 4.244e-05	VL: 5.958e-04	 6.027e-04	 adam_lr:6.25e-05
Epoch: 780	TL: 4.050e-05	VL: 5.915e-04	 6.016e-04	 adam_lr:6.25e-05
Epoch: 781	TL: 4.194e-05	VL: 5.790e-04	 5.994e-04	 adam_lr:6.25e-05
Epoch: 782	TL: 4.086e-05	VL: 5.981e-04	 5.992e-04	 adam_lr:6.25e-05
Epoch: 783	TL: 4.115e-05	VL: 6.001e-04	 5.993e-04	 adam_lr:6.25e-05
Epoch: 784	TL: 4.076e-05	VL: 6.140e-04	 6.008e-04	 adam_lr:6.25e-05
Epoch: 785	TL: 4.199e-05	VL: 5.948e-04	 6.002e-04	 adam_lr:6.25e-05
Epoch: 786	TL: 4.135e-05	VL: 5.948e-04	 5.996e-04	 adam_lr:6.25e-05
Epoch: 787	TL: 4.151e-05	VL: 5.837e-04	 5.981e-04	 adam_lr:6.25e-05
Epoch: 788	TL: 4.076e-05	VL: 5.880e-04	 5.971e-04	 adam_lr:6.25e-05
Epoch: 789	TL: 4.083e-05	VL: 5.963e-04	 5.970e-04	 adam_lr:6.25e-05
Epoch: 790	TL: 4.138e-05	VL: 5.940e-04	 5.967e-04	 adam_lr:6.25e-05
Epoch: 791	TL: 4.040e-05	VL: 5.884e-04	 5.959e-04	 adam_lr:6.25e-05
Epoch: 792	TL: 4.157e-05	VL: 5.855e-04	 5.948e-04	 adam_lr:6.25e-05
Epoch: 793	TL: 4.168e-05	VL: 5.924e-04	 5.946e-04	 adam_lr:6.25e-05
Epoch: 794	TL: 3.999e-05	VL: 5.922e-04	 5.943e-04	 adam_lr:6.25e-05
Epoch: 795	TL: 4.184e-05	VL: 5.926e-04	 5.942e-04	 adam_lr:6.25e-05
Epoch: 796	TL: 4.072e-05	VL: 5.922e-04	 5.940e-04	 adam_lr:6.25e-05
Epoch: 797	TL: 4.140e-05	VL: 5.892e-04	 5.935e-04	 adam_lr:6.25e-05
Epoch: 798	TL: 4.206e-05	VL: 5.889e-04	 5.930e-04	 adam_lr:6.25e-05
Epoch: 799	TL: 4.131e-05	VL: 5.860e-04	 5.923e-04	 adam_lr:6.25e-05
Epoch: 800	TL: 3.983e-05	VL: 5.936e-04	 5.925e-04	 adam_lr:6.25e-05
Epoch: 801	TL: 4.134e-05	VL: 5.934e-04	 5.926e-04	 adam_lr:6.25e-05
Epoch: 802	TL: 4.067e-05	VL: 5.886e-04	 5.922e-04	 adam_lr:6.25e-05
Epoch: 803	TL: 4.020e-05	VL: 6.080e-04	 5.937e-04	 adam_lr:6.25e-05
Epoch: 804	TL: 4.123e-05	VL: 5.829e-04	 5.927e-04	 adam_lr:6.25e-05
Epoch: 805	TL: 4.032e-05	VL: 6.026e-04	 5.937e-04	 adam_lr:6.25e-05
Epoch: 806	TL: 3.937e-05	VL: 5.953e-04	 5.938e-04	 adam_lr:6.25e-05
Epoch: 807	TL: 4.064e-05	VL: 6.025e-04	 5.947e-04	 adam_lr:6.25e-05
Epoch: 808	TL: 4.087e-05	VL: 5.956e-04	 5.948e-04	 adam_lr:6.25e-05
Epoch: 809	TL: 4.096e-05	VL: 6.104e-04	 5.963e-04	 adam_lr:6.25e-05
Epoch: 810	TL: 3.957e-05	VL: 5.864e-04	 5.953e-04	 adam_lr:6.25e-05
Epoch: 811	TL: 3.958e-05	VL: 5.816e-04	 5.940e-04	 adam_lr:6.25e-05
Epoch: 812	TL: 4.181e-05	VL: 6.086e-04	 5.954e-04	 adam_lr:6.25e-05
Epoch: 813	TL: 3.887e-05	VL: 5.894e-04	 5.948e-04	 adam_lr:6.25e-05
Epoch: 814	TL: 4.218e-05	VL: 6.012e-04	 5.955e-04	 adam_lr:6.25e-05
Epoch: 815	TL: 4.045e-05	VL: 5.834e-04	 5.943e-04	 adam_lr:6.25e-05
Epoch: 816	TL: 4.008e-05	VL: 5.948e-04	 5.943e-04	 adam_lr:6.25e-05
Epoch: 817	TL: 4.018e-05	VL: 5.926e-04	 5.941e-04	 adam_lr:6.25e-05
Epoch: 818	TL: 3.921e-05	VL: 5.894e-04	 5.937e-04	 adam_lr:6.25e-05
Epoch: 819	TL: 4.088e-05	VL: 5.857e-04	 5.929e-04	 adam_lr:6.25e-05
Epoch: 820	TL: 3.976e-05	VL: 5.919e-04	 5.928e-04	 adam_lr:6.25e-05
Epoch: 821	TL: 4.032e-05	VL: 5.801e-04	 5.915e-04	 adam_lr:6.25e-05
Epoch: 822	TL: 3.991e-05	VL: 5.962e-04	 5.920e-04	 adam_lr:6.25e-05
Epoch: 823	TL: 3.970e-05	VL: 6.013e-04	 5.929e-04	 adam_lr:6.25e-05
Epoch: 824	TL: 4.020e-05	VL: 5.896e-04	 5.926e-04	 adam_lr:6.25e-05
Epoch: 825	TL: 3.894e-05	VL: 5.911e-04	 5.924e-04	 adam_lr:6.25e-05
Epoch: 826	TL: 4.099e-05	VL: 6.040e-04	 5.936e-04	 adam_lr:6.25e-05
Epoch: 827	TL: 3.978e-05	VL: 5.804e-04	 5.923e-04	 adam_lr:6.25e-05
Epoch: 828	TL: 3.979e-05	VL: 5.829e-04	 5.913e-04	 adam_lr:6.25e-05
Epoch: 829	TL: 3.971e-05	VL: 5.965e-04	 5.919e-04	 adam_lr:6.25e-05
Epoch: 830	TL: 3.938e-05	VL: 5.953e-04	 5.922e-04	 adam_lr:6.25e-05
Epoch: 831	TL: 3.973e-05	VL: 5.929e-04	 5.923e-04	 adam_lr:6.25e-05
Epoch: 832	TL: 3.849e-05	VL: 5.918e-04	 5.922e-04	 adam_lr:6.25e-05
Epoch: 833	TL: 4.003e-05	VL: 5.862e-04	 5.916e-04	 adam_lr:6.25e-05
Epoch: 834	TL: 4.032e-05	VL: 5.990e-04	 5.924e-04	 adam_lr:6.25e-05
Epoch: 835	TL: 3.942e-05	VL: 5.988e-04	 5.930e-04	 adam_lr:6.25e-05
Epoch: 836	TL: 3.915e-05	VL: 5.917e-04	 5.929e-04	 adam_lr:6.25e-05
Epoch: 837	TL: 3.896e-05	VL: 5.911e-04	 5.927e-04	 adam_lr:6.25e-05
Epoch: 838	TL: 3.961e-05	VL: 5.805e-04	 5.915e-04	 adam_lr:6.25e-05
Epoch: 839	TL: 3.894e-05	VL: 6.181e-04	 5.941e-04	 adam_lr:6.25e-05
Epoch: 840	TL: 3.987e-05	VL: 5.851e-04	 5.932e-04	 adam_lr:6.25e-05
Epoch: 841	TL: 3.901e-05	VL: 5.906e-04	 5.930e-04	 adam_lr:6.25e-05
Epoch: 842	TL: 3.898e-05	VL: 5.832e-04	 5.920e-04	 adam_lr:6.25e-05
Epoch: 843	TL: 3.952e-05	VL: 5.938e-04	 5.922e-04	 adam_lr:6.25e-05
Epoch: 844	TL: 3.959e-05	VL: 5.916e-04	 5.921e-04	 adam_lr:6.25e-05
Epoch: 845	TL: 3.911e-05	VL: 5.817e-04	 5.911e-04	 adam_lr:6.25e-05
Epoch: 846	TL: 3.861e-05	VL: 5.906e-04	 5.910e-04	 adam_lr:6.25e-05
Epoch: 847	TL: 3.908e-05	VL: 5.964e-04	 5.916e-04	 adam_lr:6.25e-05
Epoch: 848	TL: 3.950e-05	VL: 5.750e-04	 5.899e-04	 adam_lr:6.25e-05
Epoch: 849	TL: 3.820e-05	VL: 5.845e-04	 5.894e-04	 adam_lr:6.25e-05
Epoch: 850	TL: 3.992e-05	VL: 6.016e-04	 5.906e-04	 adam_lr:6.25e-05
Epoch: 851	TL: 3.806e-05	VL: 5.811e-04	 5.896e-04	 adam_lr:6.25e-05
Epoch: 852	TL: 3.867e-05	VL: 6.010e-04	 5.908e-04	 adam_lr:6.25e-05
Epoch: 853	TL: 3.926e-05	VL: 5.791e-04	 5.896e-04	 adam_lr:6.25e-05
Epoch: 854	TL: 3.962e-05	VL: 5.860e-04	 5.892e-04	 adam_lr:6.25e-05
Epoch: 855	TL: 3.919e-05	VL: 5.848e-04	 5.888e-04	 adam_lr:6.25e-05
Epoch: 856	TL: 3.969e-05	VL: 6.074e-04	 5.907e-04	 adam_lr:6.25e-05
Epoch: 857	TL: 3.794e-05	VL: 5.875e-04	 5.903e-04	 adam_lr:6.25e-05
Epoch: 858	TL: 3.841e-05	VL: 5.891e-04	 5.902e-04	 adam_lr:6.25e-05
Epoch: 859	TL: 3.935e-05	VL: 5.937e-04	 5.906e-04	 adam_lr:6.25e-05
Epoch: 860	TL: 3.849e-05	VL: 5.781e-04	 5.893e-04	 adam_lr:6.25e-05
Epoch: 861	TL: 3.918e-05	VL: 5.806e-04	 5.884e-04	 adam_lr:6.25e-05
Epoch: 862	TL: 3.893e-05	VL: 5.800e-04	 5.876e-04	 adam_lr:6.25e-05
Epoch: 863	TL: 3.778e-05	VL: 5.933e-04	 5.882e-04	 adam_lr:6.25e-05
Epoch: 864	TL: 4.020e-05	VL: 5.828e-04	 5.876e-04	 adam_lr:6.25e-05
Epoch: 865	TL: 3.707e-05	VL: 5.795e-04	 5.868e-04	 adam_lr:6.25e-05
Epoch: 866	TL: 3.930e-05	VL: 5.915e-04	 5.873e-04	 adam_lr:6.25e-05
Epoch: 867	TL: 3.904e-05	VL: 5.855e-04	 5.871e-04	 adam_lr:6.25e-05
Epoch: 868	TL: 3.795e-05	VL: 5.850e-04	 5.869e-04	 adam_lr:6.25e-05
Epoch: 869	TL: 3.776e-05	VL: 5.954e-04	 5.878e-04	 adam_lr:6.25e-05
Epoch: 870	TL: 3.949e-05	VL: 5.857e-04	 5.876e-04	 adam_lr:6.25e-05
Epoch: 871	TL: 3.755e-05	VL: 5.904e-04	 5.878e-04	 adam_lr:6.25e-05
Epoch: 872	TL: 3.825e-05	VL: 5.821e-04	 5.873e-04	 adam_lr:6.25e-05
Epoch: 873	TL: 3.793e-05	VL: 5.798e-04	 5.865e-04	 adam_lr:6.25e-05
Epoch: 874	TL: 3.965e-05	VL: 5.879e-04	 5.867e-04	 adam_lr:6.25e-05
Epoch: 875	TL: 3.830e-05	VL: 5.961e-04	 5.876e-04	 adam_lr:6.25e-05
Epoch: 876	TL: 3.841e-05	VL: 5.857e-04	 5.874e-04	 adam_lr:6.25e-05
Epoch: 877	TL: 3.853e-05	VL: 5.815e-04	 5.868e-04	 adam_lr:6.25e-05
Epoch: 878	TL: 3.794e-05	VL: 5.865e-04	 5.868e-04	 adam_lr:6.25e-05
Epoch: 879	TL: 3.783e-05	VL: 5.814e-04	 5.863e-04	 adam_lr:6.25e-05
Epoch: 880	TL: 3.759e-05	VL: 5.772e-04	 5.853e-04	 adam_lr:6.25e-05
Epoch: 881	TL: 3.848e-05	VL: 5.943e-04	 5.862e-04	 adam_lr:6.25e-05
Epoch: 882	TL: 3.864e-05	VL: 5.946e-04	 5.871e-04	 adam_lr:6.25e-05
Epoch: 883	TL: 3.763e-05	VL: 5.920e-04	 5.876e-04	 adam_lr:6.25e-05
Epoch: 884	TL: 3.833e-05	VL: 5.880e-04	 5.876e-04	 adam_lr:6.25e-05
Epoch: 885	TL: 3.797e-05	VL: 5.776e-04	 5.866e-04	 adam_lr:6.25e-05
Epoch: 886	TL: 3.869e-05	VL: 5.817e-04	 5.861e-04	 adam_lr:6.25e-05
Epoch: 887	TL: 3.742e-05	VL: 5.895e-04	 5.865e-04	 adam_lr:6.25e-05
Epoch: 888	TL: 3.821e-05	VL: 5.792e-04	 5.857e-04	 adam_lr:6.25e-05
Epoch: 889	TL: 3.843e-05	VL: 5.844e-04	 5.856e-04	 adam_lr:6.25e-05
Epoch: 890	TL: 3.735e-05	VL: 5.707e-04	 5.841e-04	 adam_lr:6.25e-05
Epoch: 891	TL: 3.757e-05	VL: 5.816e-04	 5.839e-04	 adam_lr:6.25e-05
Epoch: 892	TL: 3.801e-05	VL: 5.840e-04	 5.839e-04	 adam_lr:6.25e-05
Epoch: 893	TL: 3.761e-05	VL: 5.916e-04	 5.846e-04	 adam_lr:6.25e-05
Epoch: 894	TL: 3.927e-05	VL: 5.861e-04	 5.848e-04	 adam_lr:6.25e-05
Epoch: 895	TL: 3.658e-05	VL: 5.854e-04	 5.849e-04	 adam_lr:6.25e-05
Epoch: 896	TL: 3.794e-05	VL: 5.977e-04	 5.861e-04	 adam_lr:6.25e-05
Epoch: 897	TL: 3.736e-05	VL: 5.833e-04	 5.859e-04	 adam_lr:6.25e-05
Epoch: 898	TL: 3.927e-05	VL: 5.868e-04	 5.859e-04	 adam_lr:6.25e-05
Epoch: 899	TL: 3.742e-05	VL: 5.895e-04	 5.863e-04	 adam_lr:6.25e-05
Epoch: 900	TL: 3.766e-05	VL: 5.904e-04	 5.867e-04	 adam_lr:6.25e-05
Epoch: 901	TL: 3.741e-05	VL: 5.844e-04	 5.865e-04	 adam_lr:6.25e-05
Epoch: 902	TL: 3.811e-05	VL: 6.111e-04	 5.889e-04	 adam_lr:6.25e-05
Epoch: 903	TL: 3.781e-05	VL: 6.249e-04	 5.925e-04	 adam_lr:6.25e-05
Epoch: 904	TL: 3.825e-05	VL: 5.821e-04	 5.915e-04	 adam_lr:6.25e-05
Epoch: 905	TL: 3.809e-05	VL: 5.816e-04	 5.905e-04	 adam_lr:6.25e-05
Epoch: 906	TL: 3.686e-05	VL: 5.755e-04	 5.890e-04	 adam_lr:6.25e-05
Epoch: 907	TL: 3.800e-05	VL: 5.863e-04	 5.887e-04	 adam_lr:6.25e-05
Epoch: 908	TL: 3.694e-05	VL: 5.742e-04	 5.873e-04	 adam_lr:6.25e-05
Epoch: 909	TL: 3.813e-05	VL: 5.778e-04	 5.863e-04	 adam_lr:6.25e-05
Epoch: 910	TL: 3.601e-05	VL: 5.878e-04	 5.865e-04	 adam_lr:6.25e-05
Epoch: 911	TL: 3.857e-05	VL: 5.811e-04	 5.859e-04	 adam_lr:6.25e-05
Epoch: 912	TL: 3.784e-05	VL: 5.944e-04	 5.868e-04	 adam_lr:6.25e-05
Epoch: 913	TL: 3.664e-05	VL: 5.796e-04	 5.861e-04	 adam_lr:6.25e-05
Epoch: 914	TL: 3.707e-05	VL: 5.855e-04	 5.860e-04	 adam_lr:6.25e-05
Epoch: 915	TL: 3.877e-05	VL: 5.954e-04	 5.870e-04	 adam_lr:6.25e-05
Epoch: 916	TL: 3.602e-05	VL: 5.771e-04	 5.860e-04	 adam_lr:6.25e-05
Epoch: 917	TL: 3.709e-05	VL: 5.951e-04	 5.869e-04	 adam_lr:6.25e-05
Epoch: 918	TL: 3.708e-05	VL: 5.819e-04	 5.864e-04	 adam_lr:6.25e-05
Epoch: 919	TL: 3.720e-05	VL: 5.767e-04	 5.854e-04	 adam_lr:6.25e-05
Epoch: 920	TL: 3.763e-05	VL: 5.715e-04	 5.840e-04	 adam_lr:6.25e-05
Epoch: 921	TL: 3.780e-05	VL: 5.759e-04	 5.832e-04	 adam_lr:6.25e-05
Epoch: 922	TL: 3.704e-05	VL: 5.658e-04	 5.815e-04	 adam_lr:6.25e-05
Epoch: 923	TL: 3.687e-05	VL: 6.046e-04	 5.838e-04	 adam_lr:6.25e-05
Epoch: 924	TL: 3.777e-05	VL: 5.822e-04	 5.836e-04	 adam_lr:6.25e-05
Epoch: 925	TL: 3.658e-05	VL: 5.869e-04	 5.840e-04	 adam_lr:6.25e-05
Epoch: 926	TL: 3.591e-05	VL: 5.743e-04	 5.830e-04	 adam_lr:6.25e-05
Epoch: 927	TL: 3.696e-05	VL: 5.823e-04	 5.829e-04	 adam_lr:6.25e-05
Epoch: 928	TL: 3.731e-05	VL: 5.967e-04	 5.843e-04	 adam_lr:6.25e-05
Epoch: 929	TL: 3.680e-05	VL: 5.787e-04	 5.837e-04	 adam_lr:6.25e-05
Epoch: 930	TL: 3.766e-05	VL: 5.773e-04	 5.831e-04	 adam_lr:6.25e-05
Epoch: 931	TL: 3.585e-05	VL: 5.721e-04	 5.820e-04	 adam_lr:6.25e-05
Epoch: 932	TL: 3.742e-05	VL: 5.844e-04	 5.822e-04	 adam_lr:6.25e-05
Epoch: 933	TL: 3.618e-05	VL: 5.835e-04	 5.824e-04	 adam_lr:6.25e-05
Epoch: 934	TL: 3.687e-05	VL: 5.800e-04	 5.821e-04	 adam_lr:6.25e-05
Epoch: 935	TL: 3.736e-05	VL: 5.872e-04	 5.826e-04	 adam_lr:6.25e-05
Epoch: 936	TL: 3.659e-05	VL: 5.650e-04	 5.809e-04	 adam_lr:6.25e-05
Epoch: 937	TL: 3.688e-05	VL: 5.791e-04	 5.807e-04	 adam_lr:6.25e-05
Epoch: 938	TL: 3.781e-05	VL: 5.783e-04	 5.804e-04	 adam_lr:6.25e-05
Epoch: 939	TL: 3.731e-05	VL: 5.856e-04	 5.810e-04	 adam_lr:6.25e-05
Epoch: 940	TL: 3.636e-05	VL: 5.905e-04	 5.819e-04	 adam_lr:6.25e-05
Epoch: 941	TL: 3.637e-05	VL: 5.888e-04	 5.826e-04	 adam_lr:6.25e-05
Epoch: 942	TL: 3.743e-05	VL: 5.898e-04	 5.833e-04	 adam_lr:6.25e-05
Epoch: 943	TL: 3.856e-05	VL: 5.760e-04	 5.826e-04	 adam_lr:6.25e-05
Epoch: 944	TL: 3.620e-05	VL: 5.728e-04	 5.816e-04	 adam_lr:6.25e-05
Epoch: 945	TL: 3.616e-05	VL: 5.790e-04	 5.813e-04	 adam_lr:6.25e-05
Epoch: 946	TL: 3.737e-05	VL: 5.874e-04	 5.820e-04	 adam_lr:6.25e-05
Epoch: 947	TL: 3.608e-05	VL: 5.774e-04	 5.815e-04	 adam_lr:6.25e-05
Epoch: 948	TL: 3.713e-05	VL: 5.812e-04	 5.815e-04	 adam_lr:6.25e-05
Epoch: 949	TL: 3.580e-05	VL: 5.668e-04	 5.800e-04	 adam_lr:6.25e-05
Epoch: 950	TL: 3.688e-05	VL: 5.928e-04	 5.813e-04	 adam_lr:6.25e-05
Epoch: 951	TL: 3.711e-05	VL: 5.809e-04	 5.812e-04	 adam_lr:6.25e-05
Epoch: 952	TL: 3.554e-05	VL: 6.127e-04	 5.844e-04	 adam_lr:6.25e-05
Epoch: 953	TL: 3.762e-05	VL: 5.722e-04	 5.832e-04	 adam_lr:6.25e-05
Epoch: 954	TL: 3.734e-05	VL: 5.756e-04	 5.824e-04	 adam_lr:6.25e-05
Epoch: 955	TL: 3.565e-05	VL: 5.862e-04	 5.828e-04	 adam_lr:6.25e-05
Epoch: 956	TL: 3.727e-05	VL: 5.932e-04	 5.838e-04	 adam_lr:6.25e-05
Epoch: 957	TL: 3.530e-05	VL: 5.791e-04	 5.834e-04	 adam_lr:6.25e-05
Epoch: 958	TL: 3.666e-05	VL: 5.806e-04	 5.831e-04	 adam_lr:6.25e-05
Epoch: 959	TL: 3.650e-05	VL: 5.745e-04	 5.822e-04	 adam_lr:6.25e-05
Epoch: 960	TL: 3.680e-05	VL: 5.793e-04	 5.819e-04	 adam_lr:6.25e-05
Epoch: 961	TL: 3.676e-05	VL: 5.728e-04	 5.810e-04	 adam_lr:6.25e-05
Epoch: 962	TL: 3.586e-05	VL: 5.832e-04	 5.812e-04	 adam_lr:6.25e-05
Epoch: 963	TL: 3.613e-05	VL: 5.888e-04	 5.820e-04	 adam_lr:6.25e-05
Epoch: 964	TL: 3.647e-05	VL: 5.911e-04	 5.829e-04	 adam_lr:6.25e-05
Epoch: 965	TL: 3.624e-05	VL: 5.668e-04	 5.813e-04	 adam_lr:6.25e-05
Epoch: 966	TL: 3.588e-05	VL: 5.811e-04	 5.813e-04	 adam_lr:6.25e-05
Epoch: 967	TL: 3.720e-05	VL: 5.759e-04	 5.807e-04	 adam_lr:6.25e-05
Epoch: 968	TL: 3.561e-05	VL: 5.775e-04	 5.804e-04	 adam_lr:6.25e-05
Epoch: 969	TL: 3.579e-05	VL: 5.776e-04	 5.801e-04	 adam_lr:6.25e-05
Epoch: 970	TL: 3.582e-05	VL: 5.803e-04	 5.801e-04	 adam_lr:6.25e-05
Epoch: 971	TL: 3.564e-05	VL: 5.915e-04	 5.813e-04	 adam_lr:6.25e-05
Epoch: 972	TL: 3.498e-05	VL: 5.908e-04	 5.822e-04	 adam_lr:6.25e-05
Epoch: 973	TL: 3.776e-05	VL: 5.921e-04	 5.832e-04	 adam_lr:6.25e-05
Epoch: 974	TL: 3.504e-05	VL: 5.876e-04	 5.837e-04	 adam_lr:6.25e-05
Epoch: 975	TL: 3.645e-05	VL: 5.729e-04	 5.826e-04	 adam_lr:6.25e-05
Epoch: 976	TL: 3.641e-05	VL: 5.781e-04	 5.821e-04	 adam_lr:6.25e-05
Epoch: 977	TL: 3.664e-05	VL: 5.718e-04	 5.811e-04	 adam_lr:6.25e-05
Epoch: 978	TL: 3.592e-05	VL: 5.803e-04	 5.810e-04	 adam_lr:6.25e-05
Epoch: 979	TL: 3.562e-05	VL: 5.829e-04	 5.812e-04	 adam_lr:6.25e-05
Epoch: 980	TL: 3.648e-05	VL: 5.727e-04	 5.804e-04	 adam_lr:6.25e-05
Epoch: 981	TL: 3.518e-05	VL: 5.885e-04	 5.812e-04	 adam_lr:6.25e-05
Epoch: 982	TL: 3.590e-05	VL: 5.760e-04	 5.807e-04	 adam_lr:6.25e-05
Epoch: 983	TL: 3.546e-05	VL: 5.893e-04	 5.815e-04	 adam_lr:6.25e-05
Epoch: 984	TL: 3.649e-05	VL: 5.764e-04	 5.810e-04	 adam_lr:6.25e-05
Epoch: 985	TL: 3.553e-05	VL: 5.692e-04	 5.798e-04	 adam_lr:6.25e-05
Epoch: 986	TL: 3.635e-05	VL: 5.729e-04	 5.791e-04	 adam_lr:6.25e-05
Epoch: 987	TL: 3.662e-05	VL: 5.863e-04	 5.798e-04	 adam_lr:6.25e-05
Epoch: 988	TL: 3.538e-05	VL: 5.761e-04	 5.795e-04	 adam_lr:6.25e-05
Epoch: 989	TL: 3.532e-05	VL: 5.766e-04	 5.792e-04	 adam_lr:6.25e-05
Epoch: 990	TL: 3.527e-05	VL: 5.905e-04	 5.803e-04	 adam_lr:6.25e-05
Epoch: 991	TL: 3.531e-05	VL: 5.837e-04	 5.807e-04	 adam_lr:6.25e-05
Epoch: 992	TL: 3.593e-05	VL: 5.767e-04	 5.803e-04	 adam_lr:6.25e-05
Epoch: 993	TL: 3.507e-05	VL: 5.710e-04	 5.793e-04	 adam_lr:6.25e-05
Epoch: 994	TL: 3.628e-05	VL: 5.758e-04	 5.790e-04	 adam_lr:6.25e-05
Epoch: 995	TL: 3.699e-05	VL: 5.776e-04	 5.788e-04	 adam_lr:6.25e-05
Epoch: 996	TL: 3.572e-05	VL: 5.774e-04	 5.787e-04	 adam_lr:6.25e-05
Epoch: 997	TL: 3.685e-05	VL: 5.874e-04	 5.796e-04	 adam_lr:6.25e-05
Epoch: 998	TL: 3.459e-05	VL: 5.811e-04	 5.797e-04	 adam_lr:6.25e-05
Epoch: 999	TL: 3.671e-05	VL: 5.858e-04	 5.803e-04	 adam_lr:6.25e-05
Epoch: 1000	TL: 3.484e-05	VL: 5.699e-04	 5.793e-04	 adam_lr:6.25e-05
Test MAE: 10.561
