Fri Dec  6 18:21:17 2024       
+-----------------------------------------------------------------------------------------+
| NVIDIA-SMI 565.57.01              Driver Version: 565.57.01      CUDA Version: 12.7     |
|-----------------------------------------+------------------------+----------------------+
| GPU  Name                 Persistence-M | Bus-Id          Disp.A | Volatile Uncorr. ECC |
| Fan  Temp   Perf          Pwr:Usage/Cap |           Memory-Usage | GPU-Util  Compute M. |
|                                         |                        |               MIG M. |
|=========================================+========================+======================|
|   0  Tesla V100-PCIE-32GB           On  |   00000000:58:00.0 Off |                    0 |
| N/A   32C    P0             27W /  250W |       1MiB /  32768MiB |      0%   E. Process |
|                                         |                        |                  N/A |
+-----------------------------------------+------------------------+----------------------+
                                                                                         
+-----------------------------------------------------------------------------------------+
| Processes:                                                                              |
|  GPU   GI   CI        PID   Type   Process name                              GPU Memory |
|        ID   ID                                                               Usage      |
|=========================================================================================|
|  No running processes found                                                             |
+-----------------------------------------------------------------------------------------+
cuda
Tesla V100-PCIE-32GB
Epoch: 1	TL: 2.689e-01	VL: 5.240e-02	LR:0.0005
Epoch: 2	TL: 3.542e-02	VL: 1.871e-02	LR:0.0005
Epoch: 3	TL: 2.024e-02	VL: 1.572e-02	LR:0.0005
Epoch: 4	TL: 1.435e-02	VL: 9.029e-03	LR:0.0005
Epoch: 5	TL: 1.248e-02	VL: 1.234e-02	LR:0.0005
Epoch: 6	TL: 1.169e-02	VL: 7.875e-03	LR:0.0005
Epoch: 7	TL: 9.910e-03	VL: 8.238e-03	LR:0.0005
Epoch: 8	TL: 9.634e-03	VL: 7.396e-03	LR:0.0005
Epoch: 9	TL: 8.260e-03	VL: 1.163e-02	LR:0.0005
Epoch: 10	TL: 7.230e-03	VL: 6.464e-03	LR:0.0005
Epoch: 11	TL: 6.959e-03	VL: 4.718e-03	LR:0.0005
Epoch: 12	TL: 6.867e-03	VL: 7.972e-03	LR:0.0005
Epoch: 13	TL: 5.856e-03	VL: 6.489e-03	LR:0.0005
Epoch: 14	TL: 6.097e-03	VL: 5.349e-03	LR:0.0005
Epoch: 15	TL: 5.241e-03	VL: 7.768e-03	LR:0.0005
Epoch: 16	TL: 5.084e-03	VL: 5.076e-03	LR:0.0005
Epoch: 17	TL: 5.002e-03	VL: 6.528e-03	LR:0.0005
Epoch: 18	TL: 4.463e-03	VL: 4.828e-03	LR:0.0005
Epoch: 19	TL: 4.185e-03	VL: 3.084e-03	LR:0.0005
Epoch: 20	TL: 3.923e-03	VL: 6.718e-03	LR:0.0005
Epoch: 21	TL: 4.226e-03	VL: 4.247e-03	LR:0.0005
Epoch: 22	TL: 3.979e-03	VL: 2.566e-03	LR:0.0005
Epoch: 23	TL: 3.848e-03	VL: 4.143e-03	LR:0.0005
Epoch: 24	TL: 3.402e-03	VL: 3.512e-03	LR:0.0005
Epoch: 25	TL: 3.642e-03	VL: 2.966e-03	LR:0.0005
Epoch: 26	TL: 3.351e-03	VL: 7.802e-03	LR:0.0005
Epoch: 27	TL: 3.086e-03	VL: 3.375e-03	LR:0.0005
Epoch: 28	TL: 3.137e-03	VL: 2.765e-03	LR:0.0005
Epoch: 29	TL: 3.244e-03	VL: 2.281e-03	LR:0.0005
Epoch: 30	TL: 2.809e-03	VL: 5.977e-03	LR:0.0005
Epoch: 31	TL: 2.987e-03	VL: 3.248e-03	LR:0.0005
Epoch: 32	TL: 2.915e-03	VL: 2.850e-03	LR:0.0005
Epoch: 33	TL: 2.806e-03	VL: 3.277e-03	LR:0.0005
Epoch: 34	TL: 2.456e-03	VL: 2.569e-03	LR:0.0005
Epoch: 35	TL: 2.548e-03	VL: 4.600e-03	LR:0.0005
Epoch: 36	TL: 2.449e-03	VL: 2.302e-03	LR:0.0005
Epoch: 37	TL: 2.806e-03	VL: 3.328e-03	LR:0.0005
Epoch: 38	TL: 2.310e-03	VL: 2.760e-03	LR:0.0005
Epoch: 39	TL: 2.348e-03	VL: 2.693e-03	LR:0.0005
Epoch: 40	TL: 2.273e-03	VL: 2.132e-03	LR:0.0005
Epoch: 41	TL: 2.275e-03	VL: 2.076e-03	LR:0.0005
Epoch: 42	TL: 2.249e-03	VL: 1.974e-03	LR:0.0005
Epoch: 43	TL: 2.258e-03	VL: 6.780e-03	LR:0.0005
Epoch: 44	TL: 2.174e-03	VL: 2.536e-03	LR:0.0005
Epoch: 45	TL: 2.083e-03	VL: 1.792e-03	LR:0.0005
Epoch: 46	TL: 1.885e-03	VL: 1.733e-03	LR:0.0005
Epoch: 47	TL: 2.117e-03	VL: 1.526e-03	LR:0.0005
Epoch: 48	TL: 1.947e-03	VL: 1.641e-03	LR:0.0005
Epoch: 49	TL: 1.966e-03	VL: 1.531e-03	LR:0.0005
Epoch: 50	TL: 1.814e-03	VL: 1.716e-03	LR:0.0005
Epoch: 51	TL: 1.878e-03	VL: 2.012e-03	LR:0.0005
Epoch: 52	TL: 1.809e-03	VL: 2.854e-03	LR:0.0005
Epoch: 53	TL: 1.781e-03	VL: 3.512e-03	LR:0.0005
Epoch: 54	TL: 1.772e-03	VL: 1.600e-03	LR:0.0005
Epoch: 55	TL: 1.815e-03	VL: 2.203e-03	LR:0.0005
Epoch: 56	TL: 1.781e-03	VL: 1.705e-03	LR:0.0005
Epoch: 57	TL: 1.875e-03	VL: 1.791e-03	LR:0.0005
Epoch: 58	TL: 1.508e-03	VL: 2.482e-03	LR:0.0005
Epoch: 59	TL: 1.718e-03	VL: 1.874e-03	LR:0.0005
Epoch: 60	TL: 1.773e-03	VL: 2.417e-03	LR:0.0005
Epoch: 61	TL: 6.992e-04	VL: 1.078e-03	LR:0.00025
Epoch: 62	TL: 7.393e-04	VL: 1.732e-03	LR:0.00025
Epoch: 63	TL: 8.173e-04	VL: 1.350e-03	LR:0.00025
Epoch: 64	TL: 8.055e-04	VL: 1.326e-03	LR:0.00025
Epoch: 65	TL: 8.175e-04	VL: 1.178e-03	LR:0.00025
Epoch: 66	TL: 8.033e-04	VL: 1.083e-03	LR:0.00025
Epoch: 67	TL: 7.759e-04	VL: 1.241e-03	LR:0.00025
Epoch: 68	TL: 7.411e-04	VL: 1.030e-03	LR:0.00025
Epoch: 69	TL: 7.091e-04	VL: 1.149e-03	LR:0.00025
Epoch: 70	TL: 7.774e-04	VL: 1.454e-03	LR:0.00025
Epoch: 71	TL: 7.881e-04	VL: 1.086e-03	LR:0.00025
Epoch: 72	TL: 6.910e-04	VL: 1.372e-03	LR:0.00025
Epoch: 73	TL: 7.102e-04	VL: 1.292e-03	LR:0.00025
Epoch: 74	TL: 7.550e-04	VL: 1.272e-03	LR:0.00025
Epoch: 75	TL: 7.009e-04	VL: 1.060e-03	LR:0.00025
Epoch: 76	TL: 6.935e-04	VL: 1.394e-03	LR:0.00025
Epoch: 77	TL: 7.134e-04	VL: 9.432e-04	LR:0.00025
Epoch: 78	TL: 6.880e-04	VL: 1.057e-03	LR:0.00025
Epoch: 79	TL: 6.786e-04	VL: 9.875e-04	LR:0.00025
Epoch: 80	TL: 6.960e-04	VL: 9.942e-04	LR:0.00025
Epoch: 81	TL: 7.026e-04	VL: 1.052e-03	LR:0.00025
Epoch: 82	TL: 6.395e-04	VL: 9.922e-04	LR:0.00025
Epoch: 83	TL: 6.658e-04	VL: 1.019e-03	LR:0.00025
Epoch: 84	TL: 6.226e-04	VL: 9.085e-04	LR:0.00025
Epoch: 85	TL: 7.306e-04	VL: 9.423e-04	LR:0.00025
Epoch: 86	TL: 5.926e-04	VL: 1.025e-03	LR:0.00025
Epoch: 87	TL: 6.057e-04	VL: 9.337e-04	LR:0.00025
Epoch: 88	TL: 6.619e-04	VL: 9.206e-04	LR:0.00025
Epoch: 89	TL: 6.351e-04	VL: 1.766e-03	LR:0.00025
Epoch: 90	TL: 6.355e-04	VL: 1.188e-03	LR:0.00025
Epoch: 91	TL: 6.041e-04	VL: 9.115e-04	LR:0.00025
Epoch: 92	TL: 6.345e-04	VL: 1.064e-03	LR:0.00025
Epoch: 93	TL: 5.858e-04	VL: 1.177e-03	LR:0.00025
Epoch: 94	TL: 6.263e-04	VL: 1.046e-03	LR:0.00025
Epoch: 95	TL: 5.955e-04	VL: 1.246e-03	LR:0.00025
Epoch: 96	TL: 3.211e-04	VL: 9.337e-04	LR:0.000125
Epoch: 97	TL: 3.547e-04	VL: 8.038e-04	LR:0.000125
Epoch: 98	TL: 3.554e-04	VL: 9.066e-04	LR:0.000125
Epoch: 99	TL: 3.577e-04	VL: 8.486e-04	LR:0.000125
Epoch: 100	TL: 3.468e-04	VL: 1.039e-03	LR:0.000125
Epoch: 101	TL: 3.532e-04	VL: 7.849e-04	LR:0.000125
Epoch: 102	TL: 3.436e-04	VL: 8.364e-04	LR:0.000125
Epoch: 103	TL: 3.530e-04	VL: 7.841e-04	LR:0.000125
Epoch: 104	TL: 3.418e-04	VL: 8.080e-04	LR:0.000125
Epoch: 105	TL: 3.430e-04	VL: 8.972e-04	LR:0.000125
Epoch: 106	TL: 3.296e-04	VL: 8.051e-04	LR:0.000125
Epoch: 107	TL: 3.309e-04	VL: 8.018e-04	LR:0.000125
Epoch: 108	TL: 3.387e-04	VL: 7.485e-04	LR:0.000125
Epoch: 109	TL: 3.393e-04	VL: 8.322e-04	LR:0.000125
Epoch: 110	TL: 3.230e-04	VL: 7.739e-04	LR:0.000125
Epoch: 111	TL: 3.194e-04	VL: 7.699e-04	LR:0.000125
Epoch: 112	TL: 3.350e-04	VL: 8.993e-04	LR:0.000125
Epoch: 113	TL: 3.232e-04	VL: 7.814e-04	LR:0.000125
Epoch: 114	TL: 3.096e-04	VL: 7.991e-04	LR:0.000125
Epoch: 115	TL: 3.071e-04	VL: 7.744e-04	LR:0.000125
Epoch: 116	TL: 3.184e-04	VL: 7.300e-04	LR:0.000125
Epoch: 117	TL: 3.106e-04	VL: 9.041e-04	LR:0.000125
Epoch: 118	TL: 3.156e-04	VL: 7.781e-04	LR:0.000125
Epoch: 119	TL: 3.106e-04	VL: 8.526e-04	LR:0.000125
Epoch: 120	TL: 3.098e-04	VL: 8.570e-04	LR:0.000125
Epoch: 121	TL: 3.100e-04	VL: 8.381e-04	LR:0.000125
Epoch: 122	TL: 2.941e-04	VL: 7.736e-04	LR:0.000125
Epoch: 123	TL: 2.977e-04	VL: 7.723e-04	LR:0.000125
Epoch: 124	TL: 3.205e-04	VL: 9.391e-04	LR:0.000125
Epoch: 125	TL: 2.962e-04	VL: 7.702e-04	LR:0.000125
Epoch: 126	TL: 3.026e-04	VL: 7.539e-04	LR:0.000125
Epoch: 127	TL: 3.041e-04	VL: 7.336e-04	LR:0.000125
Epoch: 128	TL: 1.998e-04	VL: 6.731e-04	LR:6.25e-05
Epoch: 129	TL: 2.028e-04	VL: 6.872e-04	LR:6.25e-05
Epoch: 130	TL: 2.139e-04	VL: 6.808e-04	LR:6.25e-05
Epoch: 131	TL: 2.082e-04	VL: 6.594e-04	LR:6.25e-05
Epoch: 132	TL: 2.085e-04	VL: 7.639e-04	LR:6.25e-05
Epoch: 133	TL: 2.126e-04	VL: 6.944e-04	LR:6.25e-05
Epoch: 134	TL: 2.010e-04	VL: 6.883e-04	LR:6.25e-05
Epoch: 135	TL: 2.056e-04	VL: 7.263e-04	LR:6.25e-05
Epoch: 136	TL: 2.115e-04	VL: 6.742e-04	LR:6.25e-05
Epoch: 137	TL: 2.063e-04	VL: 6.802e-04	LR:6.25e-05
Epoch: 138	TL: 2.029e-04	VL: 6.655e-04	LR:6.25e-05
Epoch: 139	TL: 2.093e-04	VL: 6.767e-04	LR:6.25e-05
Epoch: 140	TL: 2.028e-04	VL: 7.003e-04	LR:6.25e-05
Epoch: 141	TL: 2.000e-04	VL: 6.745e-04	LR:6.25e-05
Epoch: 142	TL: 1.988e-04	VL: 7.150e-04	LR:6.25e-05
Epoch: 143	TL: 1.635e-04	VL: 6.352e-04	LR:3.125e-05
Epoch: 144	TL: 1.654e-04	VL: 6.423e-04	LR:3.125e-05
Epoch: 145	TL: 1.636e-04	VL: 6.459e-04	LR:3.125e-05
Epoch: 146	TL: 1.626e-04	VL: 6.286e-04	LR:3.125e-05
Epoch: 147	TL: 1.660e-04	VL: 6.464e-04	LR:3.125e-05
Epoch: 148	TL: 1.636e-04	VL: 6.250e-04	LR:3.125e-05
Epoch: 149	TL: 1.631e-04	VL: 6.325e-04	LR:3.125e-05
Epoch: 150	TL: 1.612e-04	VL: 6.501e-04	LR:3.125e-05
Epoch: 151	TL: 1.608e-04	VL: 6.481e-04	LR:3.125e-05
Epoch: 152	TL: 1.629e-04	VL: 6.249e-04	LR:3.125e-05
Epoch: 153	TL: 1.612e-04	VL: 6.472e-04	LR:3.125e-05
Epoch: 154	TL: 1.602e-04	VL: 6.431e-04	LR:3.125e-05
Epoch: 155	TL: 1.599e-04	VL: 6.365e-04	LR:3.125e-05
Epoch: 156	TL: 1.613e-04	VL: 6.452e-04	LR:3.125e-05
Epoch: 157	TL: 1.572e-04	VL: 6.240e-04	LR:3.125e-05
Epoch: 158	TL: 1.591e-04	VL: 6.300e-04	LR:3.125e-05
Epoch: 159	TL: 1.565e-04	VL: 6.335e-04	LR:3.125e-05
Epoch: 160	TL: 1.586e-04	VL: 6.419e-04	LR:3.125e-05
Epoch: 161	TL: 1.578e-04	VL: 6.227e-04	LR:3.125e-05
Epoch: 162	TL: 1.558e-04	VL: 6.243e-04	LR:3.125e-05
Epoch: 163	TL: 1.551e-04	VL: 6.300e-04	LR:3.125e-05
Epoch: 164	TL: 1.562e-04	VL: 6.396e-04	LR:3.125e-05
Epoch: 165	TL: 1.540e-04	VL: 6.549e-04	LR:3.125e-05
Epoch: 166	TL: 1.547e-04	VL: 6.296e-04	LR:3.125e-05
Epoch: 167	TL: 1.559e-04	VL: 6.335e-04	LR:3.125e-05
Epoch: 168	TL: 1.546e-04	VL: 6.223e-04	LR:3.125e-05
Epoch: 169	TL: 1.535e-04	VL: 6.318e-04	LR:3.125e-05
Epoch: 170	TL: 1.519e-04	VL: 6.236e-04	LR:3.125e-05
Epoch: 171	TL: 1.530e-04	VL: 6.289e-04	LR:3.125e-05
Epoch: 172	TL: 1.515e-04	VL: 6.259e-04	LR:3.125e-05
Epoch: 173	TL: 1.531e-04	VL: 6.342e-04	LR:3.125e-05
Epoch: 174	TL: 1.528e-04	VL: 6.352e-04	LR:3.125e-05
Epoch: 175	TL: 1.524e-04	VL: 6.177e-04	LR:3.125e-05
Epoch: 176	TL: 1.519e-04	VL: 6.262e-04	LR:3.125e-05
Epoch: 177	TL: 1.500e-04	VL: 6.242e-04	LR:3.125e-05
Epoch: 178	TL: 1.509e-04	VL: 6.167e-04	LR:3.125e-05
Epoch: 179	TL: 1.484e-04	VL: 6.284e-04	LR:3.125e-05
Epoch: 180	TL: 1.506e-04	VL: 6.311e-04	LR:3.125e-05
Epoch: 181	TL: 1.480e-04	VL: 6.200e-04	LR:3.125e-05
Epoch: 182	TL: 1.492e-04	VL: 6.537e-04	LR:3.125e-05
Epoch: 183	TL: 1.493e-04	VL: 6.113e-04	LR:3.125e-05
Epoch: 184	TL: 1.483e-04	VL: 6.202e-04	LR:3.125e-05
Epoch: 185	TL: 1.486e-04	VL: 6.231e-04	LR:3.125e-05
Epoch: 186	TL: 1.470e-04	VL: 6.160e-04	LR:3.125e-05
Epoch: 187	TL: 1.460e-04	VL: 6.134e-04	LR:3.125e-05
Epoch: 188	TL: 1.459e-04	VL: 6.089e-04	LR:3.125e-05
Epoch: 189	TL: 1.457e-04	VL: 6.091e-04	LR:3.125e-05
Epoch: 190	TL: 1.465e-04	VL: 6.192e-04	LR:3.125e-05
Epoch: 191	TL: 1.449e-04	VL: 6.235e-04	LR:3.125e-05
Epoch: 192	TL: 1.440e-04	VL: 6.096e-04	LR:3.125e-05
Epoch: 193	TL: 1.470e-04	VL: 6.097e-04	LR:3.125e-05
Epoch: 194	TL: 1.456e-04	VL: 6.263e-04	LR:3.125e-05
Epoch: 195	TL: 1.459e-04	VL: 6.352e-04	LR:3.125e-05
Epoch: 196	TL: 1.427e-04	VL: 6.063e-04	LR:3.125e-05
Epoch: 197	TL: 1.442e-04	VL: 6.092e-04	LR:3.125e-05
Epoch: 198	TL: 1.410e-04	VL: 6.246e-04	LR:3.125e-05
Epoch: 199	TL: 1.437e-04	VL: 6.299e-04	LR:3.125e-05
Epoch: 200	TL: 1.423e-04	VL: 6.080e-04	LR:3.125e-05
Epoch: 201	TL: 1.255e-04	VL: 5.973e-04	LR:1.5625e-05
Epoch: 202	TL: 1.272e-04	VL: 5.988e-04	LR:1.5625e-05
Epoch: 203	TL: 1.271e-04	VL: 5.980e-04	LR:1.5625e-05
Epoch: 204	TL: 1.274e-04	VL: 5.966e-04	LR:1.5625e-05
Epoch: 205	TL: 1.262e-04	VL: 5.908e-04	LR:1.5625e-05
Epoch: 206	TL: 1.255e-04	VL: 5.993e-04	LR:1.5625e-05
Epoch: 207	TL: 1.273e-04	VL: 5.987e-04	LR:1.5625e-05
Epoch: 208	TL: 1.261e-04	VL: 6.176e-04	LR:1.5625e-05
Epoch: 209	TL: 1.265e-04	VL: 5.926e-04	LR:1.5625e-05
Epoch: 210	TL: 1.259e-04	VL: 5.934e-04	LR:1.5625e-05
Epoch: 211	TL: 1.245e-04	VL: 5.974e-04	LR:1.5625e-05
Epoch: 212	TL: 1.249e-04	VL: 5.975e-04	LR:1.5625e-05
Epoch: 213	TL: 1.256e-04	VL: 5.931e-04	LR:1.5625e-05
Epoch: 214	TL: 1.255e-04	VL: 5.916e-04	LR:1.5625e-05
Epoch: 215	TL: 1.240e-04	VL: 6.086e-04	LR:1.5625e-05
Epoch: 216	TL: 1.251e-04	VL: 6.385e-04	LR:1.5625e-05
Epoch: 217	TL: 1.170e-04	VL: 5.879e-04	LR:7.8125e-06
Epoch: 218	TL: 1.162e-04	VL: 5.907e-04	LR:7.8125e-06
Epoch: 219	TL: 1.169e-04	VL: 5.901e-04	LR:7.8125e-06
Epoch: 220	TL: 1.164e-04	VL: 5.894e-04	LR:7.8125e-06
Epoch: 221	TL: 1.167e-04	VL: 5.901e-04	LR:7.8125e-06
Epoch: 222	TL: 1.165e-04	VL: 5.868e-04	LR:7.8125e-06
Epoch: 223	TL: 1.165e-04	VL: 5.892e-04	LR:7.8125e-06
Epoch: 224	TL: 1.160e-04	VL: 6.156e-04	LR:7.8125e-06
Epoch: 225	TL: 1.165e-04	VL: 6.141e-04	LR:7.8125e-06
Epoch: 226	TL: 1.160e-04	VL: 5.890e-04	LR:7.8125e-06
Epoch: 227	TL: 1.160e-04	VL: 5.944e-04	LR:7.8125e-06
Epoch: 228	TL: 1.159e-04	VL: 5.872e-04	LR:7.8125e-06
Epoch: 229	TL: 1.154e-04	VL: 5.863e-04	LR:7.8125e-06
Epoch: 230	TL: 1.157e-04	VL: 5.842e-04	LR:7.8125e-06
Epoch: 231	TL: 1.152e-04	VL: 5.945e-04	LR:7.8125e-06
Epoch: 232	TL: 1.157e-04	VL: 5.891e-04	LR:7.8125e-06
Epoch: 233	TL: 1.155e-04	VL: 5.882e-04	LR:7.8125e-06
Epoch: 234	TL: 1.155e-04	VL: 5.852e-04	LR:7.8125e-06
Epoch: 235	TL: 1.153e-04	VL: 6.019e-04	LR:7.8125e-06
Epoch: 236	TL: 1.147e-04	VL: 5.856e-04	LR:7.8125e-06
Epoch: 237	TL: 1.152e-04	VL: 5.861e-04	LR:7.8125e-06
Epoch: 238	TL: 1.155e-04	VL: 5.877e-04	LR:7.8125e-06
Epoch: 239	TL: 1.145e-04	VL: 5.867e-04	LR:7.8125e-06
Epoch: 240	TL: 1.152e-04	VL: 5.866e-04	LR:7.8125e-06
Epoch: 241	TL: 1.144e-04	VL: 5.864e-04	LR:7.8125e-06
Epoch: 242	TL: 1.103e-04	VL: 5.826e-04	LR:3.90625e-06
Epoch: 243	TL: 1.104e-04	VL: 5.817e-04	LR:3.90625e-06
Epoch: 244	TL: 1.104e-04	VL: 5.823e-04	LR:3.90625e-06
Epoch: 245	TL: 1.106e-04	VL: 5.840e-04	LR:3.90625e-06
Epoch: 246	TL: 1.102e-04	VL: 5.823e-04	LR:3.90625e-06
Epoch: 247	TL: 1.101e-04	VL: 5.820e-04	LR:3.90625e-06
Epoch: 248	TL: 1.103e-04	VL: 5.807e-04	LR:3.90625e-06
Epoch: 249	TL: 1.103e-04	VL: 5.811e-04	LR:3.90625e-06
Epoch: 250	TL: 1.103e-04	VL: 5.823e-04	LR:3.90625e-06
Epoch: 251	TL: 1.103e-04	VL: 5.918e-04	LR:3.90625e-06
Epoch: 252	TL: 1.103e-04	VL: 5.823e-04	LR:3.90625e-06
Epoch: 253	TL: 1.102e-04	VL: 5.834e-04	LR:3.90625e-06
Epoch: 254	TL: 1.100e-04	VL: 5.811e-04	LR:3.90625e-06
Epoch: 255	TL: 1.100e-04	VL: 5.845e-04	LR:3.90625e-06
Epoch: 256	TL: 1.096e-04	VL: 5.846e-04	LR:3.90625e-06
Epoch: 257	TL: 1.097e-04	VL: 5.817e-04	LR:3.90625e-06
Epoch: 258	TL: 1.098e-04	VL: 5.820e-04	LR:3.90625e-06
Epoch: 259	TL: 1.098e-04	VL: 5.835e-04	LR:3.90625e-06
Epoch: 260	TL: 1.074e-04	VL: 5.800e-04	LR:1.953125e-06
Epoch: 261	TL: 1.074e-04	VL: 5.798e-04	LR:1.953125e-06
Epoch: 262	TL: 1.073e-04	VL: 5.802e-04	LR:1.953125e-06
Epoch: 263	TL: 1.076e-04	VL: 5.834e-04	LR:1.953125e-06
Epoch: 264	TL: 1.075e-04	VL: 5.803e-04	LR:1.953125e-06
Epoch: 265	TL: 1.073e-04	VL: 5.802e-04	LR:1.953125e-06
Epoch: 266	TL: 1.073e-04	VL: 5.787e-04	LR:1.953125e-06
Epoch: 267	TL: 1.072e-04	VL: 5.800e-04	LR:1.953125e-06
Epoch: 268	TL: 1.071e-04	VL: 5.812e-04	LR:1.953125e-06
Epoch: 269	TL: 1.074e-04	VL: 5.787e-04	LR:1.953125e-06
Epoch: 270	TL: 1.073e-04	VL: 5.819e-04	LR:1.953125e-06
Epoch: 271	TL: 1.071e-04	VL: 5.783e-04	LR:1.953125e-06
Epoch: 272	TL: 1.071e-04	VL: 5.799e-04	LR:1.953125e-06
Epoch: 273	TL: 1.072e-04	VL: 5.791e-04	LR:1.953125e-06
Epoch: 274	TL: 1.070e-04	VL: 5.801e-04	LR:1.953125e-06
Epoch: 275	TL: 1.070e-04	VL: 5.786e-04	LR:1.953125e-06
Epoch: 276	TL: 1.069e-04	VL: 5.811e-04	LR:1.953125e-06
Epoch: 277	TL: 1.070e-04	VL: 5.789e-04	LR:1.953125e-06
Epoch: 278	TL: 1.068e-04	VL: 5.799e-04	LR:1.953125e-06
Epoch: 279	TL: 1.072e-04	VL: 5.794e-04	LR:1.953125e-06
Epoch: 280	TL: 1.069e-04	VL: 5.794e-04	LR:1.953125e-06
Epoch: 281	TL: 1.069e-04	VL: 5.815e-04	LR:1.953125e-06
Epoch: 282	TL: 1.069e-04	VL: 5.806e-04	LR:1.953125e-06
Epoch: 283	TL: 1.057e-04	VL: 5.824e-04	LR:9.765625e-07
Epoch: 284	TL: 1.056e-04	VL: 5.783e-04	LR:9.765625e-07
Epoch: 285	TL: 1.057e-04	VL: 5.778e-04	LR:9.765625e-07
Epoch: 286	TL: 1.056e-04	VL: 5.777e-04	LR:9.765625e-07
Epoch: 287	TL: 1.056e-04	VL: 5.782e-04	LR:9.765625e-07
Epoch: 288	TL: 1.055e-04	VL: 5.788e-04	LR:9.765625e-07
Epoch: 289	TL: 1.056e-04	VL: 5.792e-04	LR:9.765625e-07
Epoch: 290	TL: 1.057e-04	VL: 5.781e-04	LR:9.765625e-07
Epoch: 291	TL: 1.056e-04	VL: 5.795e-04	LR:9.765625e-07
Epoch: 292	TL: 1.056e-04	VL: 5.781e-04	LR:9.765625e-07
Epoch: 293	TL: 1.054e-04	VL: 5.779e-04	LR:9.765625e-07
Epoch: 294	TL: 1.057e-04	VL: 5.779e-04	LR:9.765625e-07
Epoch: 295	TL: 1.056e-04	VL: 5.780e-04	LR:9.765625e-07
Epoch: 296	TL: 1.054e-04	VL: 5.787e-04	LR:9.765625e-07
Epoch: 297	TL: 1.055e-04	VL: 5.784e-04	LR:9.765625e-07
Epoch: 298	TL: 1.047e-04	VL: 5.779e-04	LR:4.8828125e-07
Epoch: 299	TL: 1.048e-04	VL: 5.785e-04	LR:4.8828125e-07
Epoch: 300	TL: 1.050e-04	VL: 5.780e-04	LR:4.8828125e-07
Epoch: 301	TL: 1.047e-04	VL: 5.782e-04	LR:4.8828125e-07
Epoch: 302	TL: 1.049e-04	VL: 5.777e-04	LR:4.8828125e-07
Epoch: 303	TL: 1.048e-04	VL: 5.778e-04	LR:4.8828125e-07
Epoch: 304	TL: 1.049e-04	VL: 5.781e-04	LR:4.8828125e-07
Epoch: 305	TL: 1.048e-04	VL: 5.773e-04	LR:4.8828125e-07
Epoch: 306	TL: 1.048e-04	VL: 5.775e-04	LR:4.8828125e-07
Epoch: 307	TL: 1.048e-04	VL: 5.773e-04	LR:4.8828125e-07
Epoch: 308	TL: 1.047e-04	VL: 5.773e-04	LR:4.8828125e-07
Epoch: 309	TL: 1.047e-04	VL: 5.779e-04	LR:4.8828125e-07
Epoch: 310	TL: 1.047e-04	VL: 5.777e-04	LR:4.8828125e-07
Epoch: 311	TL: 1.047e-04	VL: 5.771e-04	LR:4.8828125e-07
Epoch: 312	TL: 1.047e-04	VL: 5.781e-04	LR:4.8828125e-07
Epoch: 313	TL: 1.046e-04	VL: 5.784e-04	LR:4.8828125e-07
Epoch: 314	TL: 1.047e-04	VL: 5.782e-04	LR:4.8828125e-07
Epoch: 315	TL: 1.048e-04	VL: 5.778e-04	LR:4.8828125e-07
Epoch: 316	TL: 1.047e-04	VL: 5.779e-04	LR:4.8828125e-07
Epoch: 317	TL: 1.047e-04	VL: 5.776e-04	LR:4.8828125e-07
Epoch: 318	TL: 1.047e-04	VL: 5.769e-04	LR:4.8828125e-07
Epoch: 319	TL: 1.047e-04	VL: 5.778e-04	LR:4.8828125e-07
Epoch: 320	TL: 1.047e-04	VL: 5.773e-04	LR:4.8828125e-07
Epoch: 321	TL: 1.046e-04	VL: 5.779e-04	LR:4.8828125e-07
Epoch: 322	TL: 1.048e-04	VL: 5.776e-04	LR:4.8828125e-07
Epoch: 323	TL: 1.048e-04	VL: 5.780e-04	LR:4.8828125e-07
Epoch: 324	TL: 1.047e-04	VL: 5.778e-04	LR:4.8828125e-07
Epoch: 325	TL: 1.047e-04	VL: 5.773e-04	LR:4.8828125e-07
Epoch: 326	TL: 1.046e-04	VL: 5.775e-04	LR:4.8828125e-07
Epoch: 327	TL: 1.047e-04	VL: 5.776e-04	LR:4.8828125e-07
Epoch: 328	TL: 1.046e-04	VL: 5.781e-04	LR:4.8828125e-07
Epoch: 329	TL: 1.047e-04	VL: 5.773e-04	LR:4.8828125e-07
Epoch: 330	TL: 1.042e-04	VL: 5.777e-04	LR:2.44140625e-07
Epoch: 331	TL: 1.042e-04	VL: 5.777e-04	LR:2.44140625e-07
Epoch: 332	TL: 1.042e-04	VL: 5.780e-04	LR:2.44140625e-07
Epoch: 333	TL: 1.042e-04	VL: 5.774e-04	LR:2.44140625e-07
Epoch: 334	TL: 1.043e-04	VL: 5.776e-04	LR:2.44140625e-07
Epoch: 335	TL: 1.042e-04	VL: 5.778e-04	LR:2.44140625e-07
Epoch: 336	TL: 1.042e-04	VL: 5.774e-04	LR:2.44140625e-07
Epoch: 337	TL: 1.043e-04	VL: 5.770e-04	LR:2.44140625e-07
Epoch: 338	TL: 1.043e-04	VL: 5.772e-04	LR:2.44140625e-07
Epoch: 339	TL: 1.043e-04	VL: 5.782e-04	LR:2.44140625e-07
Epoch: 340	TL: 1.042e-04	VL: 5.783e-04	LR:2.44140625e-07
Epoch: 341	TL: 1.040e-04	VL: 5.767e-04	LR:1.220703125e-07
Epoch: 342	TL: 1.041e-04	VL: 5.772e-04	LR:1.220703125e-07
Epoch: 343	TL: 1.040e-04	VL: 5.770e-04	LR:1.220703125e-07
Epoch: 344	TL: 1.041e-04	VL: 5.766e-04	LR:1.220703125e-07
Epoch: 345	TL: 1.040e-04	VL: 5.773e-04	LR:1.220703125e-07
Epoch: 346	TL: 1.040e-04	VL: 5.770e-04	LR:1.220703125e-07
Epoch: 347	TL: 1.040e-04	VL: 5.774e-04	LR:1.220703125e-07
Epoch: 348	TL: 1.040e-04	VL: 5.772e-04	LR:1.220703125e-07
Epoch: 349	TL: 1.040e-04	VL: 5.776e-04	LR:1.220703125e-07
Epoch: 350	TL: 1.040e-04	VL: 5.774e-04	LR:1.220703125e-07
Epoch: 351	TL: 1.041e-04	VL: 5.772e-04	LR:1.220703125e-07
Epoch: 352	TL: 1.040e-04	VL: 5.771e-04	LR:1.220703125e-07
Epoch: 353	TL: 1.041e-04	VL: 5.770e-04	LR:1.220703125e-07
Epoch: 354	TL: 1.040e-04	VL: 5.769e-04	LR:1.220703125e-07
Epoch: 355	TL: 1.040e-04	VL: 5.768e-04	LR:1.220703125e-07
Epoch: 356	TL: 1.039e-04	VL: 5.770e-04	LR:6.103515625e-08
Epoch: 357	TL: 1.040e-04	VL: 5.772e-04	LR:6.103515625e-08
Epoch: 358	TL: 1.040e-04	VL: 5.770e-04	LR:6.103515625e-08
Epoch: 359	TL: 1.039e-04	VL: 5.769e-04	LR:6.103515625e-08
Epoch: 360	TL: 1.039e-04	VL: 5.771e-04	LR:6.103515625e-08
Epoch: 361	TL: 1.039e-04	VL: 5.769e-04	LR:6.103515625e-08
Epoch: 362	TL: 1.039e-04	VL: 5.770e-04	LR:6.103515625e-08
Epoch: 363	TL: 1.039e-04	VL: 5.771e-04	LR:6.103515625e-08
Epoch: 364	TL: 1.039e-04	VL: 5.772e-04	LR:6.103515625e-08
Epoch: 365	TL: 1.039e-04	VL: 5.769e-04	LR:6.103515625e-08
Epoch: 366	TL: 1.039e-04	VL: 5.770e-04	LR:6.103515625e-08
Epoch: 367	TL: 1.039e-04	VL: 5.771e-04	LR:3.0517578125e-08
Epoch: 368	TL: 1.039e-04	VL: 5.768e-04	LR:3.0517578125e-08
Epoch: 369	TL: 1.039e-04	VL: 5.771e-04	LR:3.0517578125e-08
Epoch: 370	TL: 1.038e-04	VL: 5.769e-04	LR:3.0517578125e-08
Epoch: 371	TL: 1.039e-04	VL: 5.767e-04	LR:3.0517578125e-08
Epoch: 372	TL: 1.039e-04	VL: 5.769e-04	LR:3.0517578125e-08
Epoch: 373	TL: 1.039e-04	VL: 5.767e-04	LR:3.0517578125e-08
Epoch: 374	TL: 1.039e-04	VL: 5.770e-04	LR:3.0517578125e-08
Epoch: 375	TL: 1.038e-04	VL: 5.766e-04	LR:3.0517578125e-08
Epoch: 376	TL: 1.040e-04	VL: 5.768e-04	LR:3.0517578125e-08
Epoch: 377	TL: 1.039e-04	VL: 5.768e-04	LR:3.0517578125e-08
Epoch: 378	TL: 1.039e-04	VL: 5.768e-04	LR:1.52587890625e-08
Epoch: 379	TL: 1.038e-04	VL: 5.769e-04	LR:1.52587890625e-08
Epoch: 380	TL: 1.038e-04	VL: 5.768e-04	LR:1.52587890625e-08
Epoch: 381	TL: 1.038e-04	VL: 5.770e-04	LR:1.52587890625e-08
Epoch: 382	TL: 1.038e-04	VL: 5.769e-04	LR:1.52587890625e-08
Epoch: 383	TL: 1.038e-04	VL: 5.769e-04	LR:1.52587890625e-08
Epoch: 384	TL: 1.038e-04	VL: 5.771e-04	LR:1.52587890625e-08
Epoch: 385	TL: 1.039e-04	VL: 5.770e-04	LR:1.52587890625e-08
Epoch: 386	TL: 1.038e-04	VL: 5.770e-04	LR:1.52587890625e-08
Epoch: 387	TL: 1.038e-04	VL: 5.768e-04	LR:1.52587890625e-08
Epoch: 388	TL: 1.039e-04	VL: 5.769e-04	LR:1.52587890625e-08
Epoch: 389	TL: 1.039e-04	VL: 5.769e-04	LR:1.52587890625e-08
Epoch: 390	TL: 1.038e-04	VL: 5.769e-04	LR:1.52587890625e-08
Epoch: 391	TL: 1.038e-04	VL: 5.768e-04	LR:1.52587890625e-08
Epoch: 392	TL: 1.038e-04	VL: 5.770e-04	LR:1.52587890625e-08
Epoch: 393	TL: 1.038e-04	VL: 5.769e-04	LR:1.52587890625e-08
Early stopping triggered after 394 epochs.
Test MAE: 12.523
