Sat Dec 14 16:07:08 2024       
+-----------------------------------------------------------------------------------------+
| NVIDIA-SMI 565.57.01              Driver Version: 565.57.01      CUDA Version: 12.7     |
|-----------------------------------------+------------------------+----------------------+
| GPU  Name                 Persistence-M | Bus-Id          Disp.A | Volatile Uncorr. ECC |
| Fan  Temp   Perf          Pwr:Usage/Cap |           Memory-Usage | GPU-Util  Compute M. |
|                                         |                        |               MIG M. |
|=========================================+========================+======================|
|   0  Tesla V100-PCIE-32GB           On  |   00000000:D8:00.0 Off |                    0 |
| N/A   30C    P0             26W /  250W |       1MiB /  32768MiB |      0%   E. Process |
|                                         |                        |                  N/A |
+-----------------------------------------+------------------------+----------------------+
                                                                                         
+-----------------------------------------------------------------------------------------+
| Processes:                                                                              |
|  GPU   GI   CI        PID   Type   Process name                              GPU Memory |
|        ID   ID                                                               Usage      |
|=========================================================================================|
|  No running processes found                                                             |
+-----------------------------------------------------------------------------------------+
cuda
Tesla V100-PCIE-32GB
Namespace(seed=0, target=7, data_dir='data/', batch_size_train=100, batch_size_inference=1000, num_workers=0, splits=[110000, 10000, 10831], subset_size=None, num_message_passing_layers=3, num_features=128, num_outputs=1, num_rbf_features=20, num_unique_atoms=100, cutoff_dist=5.0, lr=0.0005, weight_decay=1e-08, num_epochs=1000)
PaiNN(
  (zi): Embedding(100, 128)
  (Lm): Message(
    (Ls): Sequential(
      (0): Linear(in_features=128, out_features=128, bias=True)
      (1): SiLU()
      (2): Dropout(p=0.5, inplace=False)
      (3): Linear(in_features=128, out_features=384, bias=True)
    )
    (Lrbf): Linear(in_features=20, out_features=384, bias=True)
  )
  (Lu): Update(
    (Luu): Linear(in_features=3, out_features=3, bias=False)
    (Luv): Linear(in_features=3, out_features=3, bias=False)
    (Ls): Sequential(
      (0): Linear(in_features=256, out_features=128, bias=True)
      (1): SiLU()
      (2): Dropout(p=0.5, inplace=False)
      (3): Linear(in_features=128, out_features=384, bias=True)
    )
  )
  (Lr): Sequential(
    (0): Linear(in_features=128, out_features=64, bias=True)
    (1): SiLU()
    (2): Dropout(p=0.5, inplace=False)
    (3): Linear(in_features=64, out_features=1, bias=True)
  )
)
Epoch: 1	TL: 6.894e-01	VL: 1.465e-01	current_lr0.0005
Epoch: 2	TL: 2.868e-01	VL: 1.134e-01	current_lr0.0005
Epoch: 3	TL: 2.415e-01	VL: 9.136e-02	current_lr0.0005
Epoch: 4	TL: 2.149e-01	VL: 1.117e-01	current_lr0.0005
Epoch: 5	TL: 2.015e-01	VL: 9.520e-02	current_lr0.0005
Epoch: 6	TL: 1.906e-01	VL: 7.697e-02	current_lr0.0005
Epoch: 7	TL: 1.839e-01	VL: 7.748e-02	current_lr0.0005
Epoch: 8	TL: 1.742e-01	VL: 6.712e-02	current_lr0.0005
Epoch: 9	TL: 1.716e-01	VL: 7.811e-02	current_lr0.0005
Epoch: 10	TL: 1.669e-01	VL: 7.450e-02	current_lr0.0005
Epoch: 11	TL: 1.626e-01	VL: 5.880e-02	current_lr0.0005
Epoch: 12	TL: 1.601e-01	VL: 6.345e-02	current_lr0.0005
Epoch: 13	TL: 1.549e-01	VL: 5.905e-02	current_lr0.0005
Epoch: 14	TL: 1.525e-01	VL: 5.659e-02	current_lr0.0005
Epoch: 15	TL: 1.506e-01	VL: 6.052e-02	current_lr0.0005
Epoch: 16	TL: 1.453e-01	VL: 5.841e-02	current_lr0.0005
Epoch: 17	TL: 1.456e-01	VL: 6.392e-02	current_lr0.0005
Epoch: 18	TL: 1.420e-01	VL: 5.171e-02	current_lr0.0005
Epoch: 19	TL: 1.418e-01	VL: 5.569e-02	current_lr0.0005
Epoch: 20	TL: 1.379e-01	VL: 5.133e-02	current_lr0.0005
Epoch: 21	TL: 1.366e-01	VL: 5.193e-02	current_lr0.0005
Epoch: 22	TL: 1.369e-01	VL: 6.420e-02	current_lr0.0005
Epoch: 23	TL: 1.325e-01	VL: 4.468e-02	current_lr0.0005
Epoch: 24	TL: 1.306e-01	VL: 4.477e-02	current_lr0.0005
Epoch: 25	TL: 1.309e-01	VL: 4.440e-02	current_lr0.0005
Epoch: 26	TL: 1.285e-01	VL: 5.619e-02	current_lr0.0005
Epoch: 27	TL: 1.278e-01	VL: 4.432e-02	current_lr0.0005
Epoch: 28	TL: 1.268e-01	VL: 4.687e-02	current_lr0.0005
Epoch: 29	TL: 1.244e-01	VL: 4.170e-02	current_lr0.0005
Epoch: 30	TL: 1.230e-01	VL: 3.850e-02	current_lr0.0005
Epoch: 31	TL: 1.234e-01	VL: 3.754e-02	current_lr0.0005
Epoch: 32	TL: 1.216e-01	VL: 4.168e-02	current_lr0.0005
Epoch: 33	TL: 1.217e-01	VL: 4.217e-02	current_lr0.0005
Epoch: 34	TL: 1.203e-01	VL: 3.979e-02	current_lr0.0005
Epoch: 35	TL: 1.169e-01	VL: 3.595e-02	current_lr0.0005
Epoch: 36	TL: 1.169e-01	VL: 5.419e-02	current_lr0.0005
Epoch: 37	TL: 1.160e-01	VL: 4.283e-02	current_lr0.0005
Epoch: 38	TL: 1.144e-01	VL: 3.772e-02	current_lr0.0005
Epoch: 39	TL: 1.145e-01	VL: 4.470e-02	current_lr0.0005
Epoch: 40	TL: 1.131e-01	VL: 3.814e-02	current_lr0.0005
Epoch: 41	TL: 1.128e-01	VL: 5.055e-02	current_lr0.0005
Epoch: 42	TL: 1.113e-01	VL: 3.475e-02	current_lr0.0005
Epoch: 43	TL: 1.107e-01	VL: 3.569e-02	current_lr0.0005
Epoch: 44	TL: 1.093e-01	VL: 3.625e-02	current_lr0.0005
Epoch: 45	TL: 1.094e-01	VL: 3.843e-02	current_lr0.0005
Epoch: 46	TL: 1.076e-01	VL: 3.005e-02	current_lr0.0005
Epoch: 47	TL: 1.076e-01	VL: 3.051e-02	current_lr0.0005
Epoch: 48	TL: 1.067e-01	VL: 4.329e-02	current_lr0.0005
Epoch: 49	TL: 1.055e-01	VL: 3.347e-02	current_lr0.0005
Epoch: 50	TL: 1.070e-01	VL: 3.498e-02	current_lr0.0005
Epoch: 51	TL: 1.048e-01	VL: 3.154e-02	current_lr0.0005
Epoch: 52	TL: 1.036e-01	VL: 3.343e-02	current_lr0.0005
Epoch: 53	TL: 1.044e-01	VL: 3.204e-02	current_lr0.0005
Epoch: 54	TL: 1.024e-01	VL: 2.908e-02	current_lr0.0005
Epoch: 55	TL: 1.026e-01	VL: 3.312e-02	current_lr0.0005
Epoch: 56	TL: 1.009e-01	VL: 3.316e-02	current_lr0.0005
Epoch: 57	TL: 1.021e-01	VL: 4.083e-02	current_lr0.0005
Epoch: 58	TL: 1.009e-01	VL: 3.130e-02	current_lr0.0005
Epoch: 59	TL: 9.990e-02	VL: 3.096e-02	current_lr0.0005
Epoch: 60	TL: 9.998e-02	VL: 2.705e-02	current_lr0.0005
Epoch: 61	TL: 9.883e-02	VL: 2.871e-02	current_lr0.0005
Epoch: 62	TL: 9.885e-02	VL: 2.522e-02	current_lr0.0005
Epoch: 63	TL: 9.835e-02	VL: 2.521e-02	current_lr0.0005
Epoch: 64	TL: 9.956e-02	VL: 3.151e-02	current_lr0.0005
Epoch: 65	TL: 9.579e-02	VL: 3.086e-02	current_lr0.0005
Epoch: 66	TL: 9.680e-02	VL: 2.817e-02	current_lr0.0005
Epoch: 67	TL: 9.685e-02	VL: 2.827e-02	current_lr0.0005
Epoch: 68	TL: 9.493e-02	VL: 2.818e-02	current_lr0.0005
Epoch: 69	TL: 9.539e-02	VL: 3.767e-02	current_lr0.0005
Epoch: 70	TL: 9.452e-02	VL: 2.987e-02	current_lr0.0005
Epoch: 71	TL: 9.541e-02	VL: 2.346e-02	current_lr0.0005
Epoch: 72	TL: 9.435e-02	VL: 2.567e-02	current_lr0.0005
Epoch: 73	TL: 9.221e-02	VL: 2.990e-02	current_lr0.0005
Epoch: 74	TL: 9.314e-02	VL: 2.577e-02	current_lr0.0005
Epoch: 75	TL: 9.168e-02	VL: 2.585e-02	current_lr0.0005
Epoch: 76	TL: 9.153e-02	VL: 2.643e-02	current_lr0.0005
Epoch: 77	TL: 9.088e-02	VL: 2.590e-02	current_lr0.0005
Epoch: 78	TL: 9.072e-02	VL: 2.534e-02	current_lr0.0005
Epoch: 79	TL: 9.061e-02	VL: 3.071e-02	current_lr0.0005
Epoch: 80	TL: 9.023e-02	VL: 2.643e-02	current_lr0.0005
Epoch: 81	TL: 8.888e-02	VL: 2.398e-02	current_lr0.0005
Epoch: 82	TL: 8.873e-02	VL: 2.209e-02	current_lr0.0005
Epoch: 83	TL: 8.721e-02	VL: 2.471e-02	current_lr0.0005
Epoch: 84	TL: 8.667e-02	VL: 2.433e-02	current_lr0.0005
Epoch: 85	TL: 8.730e-02	VL: 2.596e-02	current_lr0.0005
Epoch: 86	TL: 8.659e-02	VL: 3.959e-02	current_lr0.0005
Epoch: 87	TL: 8.567e-02	VL: 1.986e-02	current_lr0.0005
Epoch: 88	TL: 8.420e-02	VL: 2.243e-02	current_lr0.0005
Epoch: 89	TL: 8.461e-02	VL: 1.939e-02	current_lr0.0005
Epoch: 90	TL: 8.329e-02	VL: 2.072e-02	current_lr0.0005
Epoch: 91	TL: 8.192e-02	VL: 2.237e-02	current_lr0.0005
Epoch: 92	TL: 8.226e-02	VL: 1.946e-02	current_lr0.0005
Epoch: 93	TL: 8.238e-02	VL: 2.510e-02	current_lr0.0005
Epoch: 94	TL: 8.146e-02	VL: 3.110e-02	current_lr0.0005
Epoch: 95	TL: 8.096e-02	VL: 1.804e-02	current_lr0.0005
Epoch: 96	TL: 8.031e-02	VL: 2.660e-02	current_lr0.0005
Epoch: 97	TL: 8.064e-02	VL: 2.410e-02	current_lr0.0005
Epoch: 98	TL: 7.876e-02	VL: 2.020e-02	current_lr0.0005
Epoch: 99	TL: 8.011e-02	VL: 1.816e-02	current_lr0.0005
Epoch: 100	TL: 8.047e-02	VL: 1.879e-02	current_lr0.0005
Epoch: 101	TL: 7.958e-02	VL: 1.727e-02	current_lr0.0005
Epoch: 102	TL: 7.859e-02	VL: 2.805e-02	current_lr0.0005
Epoch: 103	TL: 7.731e-02	VL: 1.973e-02	current_lr0.0005
Epoch: 104	TL: 7.767e-02	VL: 1.653e-02	current_lr0.0005
Epoch: 105	TL: 7.660e-02	VL: 1.707e-02	current_lr0.0005
Epoch: 106	TL: 7.744e-02	VL: 1.727e-02	current_lr0.0005
Epoch: 107	TL: 7.714e-02	VL: 1.591e-02	current_lr0.0005
Epoch: 108	TL: 7.732e-02	VL: 1.598e-02	current_lr0.0005
Epoch: 109	TL: 7.533e-02	VL: 2.694e-02	current_lr0.0005
Epoch: 110	TL: 7.567e-02	VL: 1.751e-02	current_lr0.0005
Epoch: 111	TL: 7.586e-02	VL: 1.639e-02	current_lr0.0005
Epoch: 112	TL: 7.569e-02	VL: 1.944e-02	current_lr0.0005
Epoch: 113	TL: 7.553e-02	VL: 2.105e-02	current_lr0.0005
Epoch: 114	TL: 7.507e-02	VL: 2.956e-02	current_lr0.0005
Epoch: 115	TL: 7.416e-02	VL: 1.523e-02	current_lr0.0005
Epoch: 116	TL: 7.416e-02	VL: 1.566e-02	current_lr0.0005
Epoch: 117	TL: 7.308e-02	VL: 1.723e-02	current_lr0.0005
Epoch: 118	TL: 7.380e-02	VL: 2.856e-02	current_lr0.0005
Epoch: 119	TL: 7.311e-02	VL: 1.593e-02	current_lr0.0005
Epoch: 120	TL: 7.316e-02	VL: 1.629e-02	current_lr0.0005
Epoch: 121	TL: 7.217e-02	VL: 2.220e-02	current_lr0.0005
Epoch: 122	TL: 7.307e-02	VL: 1.501e-02	current_lr0.0005
Epoch: 123	TL: 7.208e-02	VL: 1.580e-02	current_lr0.0005
Epoch: 124	TL: 7.158e-02	VL: 1.560e-02	current_lr0.0005
Epoch: 125	TL: 7.178e-02	VL: 1.656e-02	current_lr0.0005
Epoch: 126	TL: 7.231e-02	VL: 1.626e-02	current_lr0.0005
Epoch: 127	TL: 7.130e-02	VL: 1.952e-02	current_lr0.0005
Epoch: 128	TL: 7.065e-02	VL: 1.907e-02	current_lr0.0005
Epoch: 129	TL: 7.061e-02	VL: 1.570e-02	current_lr0.0005
Epoch: 130	TL: 7.140e-02	VL: 1.654e-02	current_lr0.0005
Epoch: 131	TL: 7.049e-02	VL: 2.079e-02	current_lr0.0005
Epoch: 132	TL: 7.027e-02	VL: 1.575e-02	current_lr0.0005
Epoch: 133	TL: 7.031e-02	VL: 1.913e-02	current_lr0.0005
Epoch: 134	TL: 6.993e-02	VL: 1.933e-02	current_lr0.0005
Epoch: 135	TL: 6.928e-02	VL: 1.657e-02	current_lr0.0005
Epoch: 136	TL: 6.933e-02	VL: 1.382e-02	current_lr0.0005
Epoch: 137	TL: 6.916e-02	VL: 2.424e-02	current_lr0.0005
Epoch: 138	TL: 7.054e-02	VL: 1.466e-02	current_lr0.0005
Epoch: 139	TL: 6.873e-02	VL: 2.841e-02	current_lr0.0005
Epoch: 140	TL: 6.825e-02	VL: 1.729e-02	current_lr0.0005
Epoch: 141	TL: 6.900e-02	VL: 1.629e-02	current_lr0.0005
Epoch: 142	TL: 6.888e-02	VL: 1.675e-02	current_lr0.0005
Epoch: 143	TL: 6.885e-02	VL: 1.990e-02	current_lr0.0005
Epoch: 144	TL: 6.801e-02	VL: 1.337e-02	current_lr0.0005
Epoch: 145	TL: 6.830e-02	VL: 2.176e-02	current_lr0.0005
Epoch: 146	TL: 6.853e-02	VL: 1.647e-02	current_lr0.0005
Epoch: 147	TL: 6.755e-02	VL: 1.384e-02	current_lr0.0005
Epoch: 148	TL: 6.772e-02	VL: 1.380e-02	current_lr0.0005
Epoch: 149	TL: 6.706e-02	VL: 1.469e-02	current_lr0.0005
Epoch: 150	TL: 6.704e-02	VL: 1.555e-02	current_lr0.0005
Epoch: 151	TL: 6.678e-02	VL: 1.606e-02	current_lr0.0005
Epoch: 152	TL: 6.618e-02	VL: 1.509e-02	current_lr0.0005
Epoch: 153	TL: 6.573e-02	VL: 1.598e-02	current_lr0.0005
Epoch: 154	TL: 6.751e-02	VL: 2.138e-02	current_lr0.0005
Epoch: 155	TL: 6.625e-02	VL: 1.741e-02	current_lr0.0005
Epoch: 156	TL: 6.544e-02	VL: 2.053e-02	current_lr0.0005
Epoch: 157	TL: 6.585e-02	VL: 1.320e-02	current_lr0.0005
Epoch: 158	TL: 6.583e-02	VL: 1.475e-02	current_lr0.0005
Epoch: 159	TL: 6.522e-02	VL: 1.465e-02	current_lr0.0005
Epoch: 160	TL: 6.468e-02	VL: 1.525e-02	current_lr0.0005
Epoch: 161	TL: 6.461e-02	VL: 1.452e-02	current_lr0.0005
Epoch: 162	TL: 6.563e-02	VL: 2.647e-02	current_lr0.0005
Epoch: 163	TL: 6.570e-02	VL: 1.272e-02	current_lr0.0005
Epoch: 164	TL: 6.517e-02	VL: 1.342e-02	current_lr0.0005
Epoch: 165	TL: 6.482e-02	VL: 1.735e-02	current_lr0.0005
Epoch: 166	TL: 6.414e-02	VL: 1.355e-02	current_lr0.0005
Epoch: 167	TL: 6.342e-02	VL: 1.973e-02	current_lr0.0005
Epoch: 168	TL: 6.418e-02	VL: 1.284e-02	current_lr0.0005
Epoch: 169	TL: 6.411e-02	VL: 1.397e-02	current_lr0.0005
Epoch: 170	TL: 6.428e-02	VL: 1.417e-02	current_lr0.0005
Epoch: 171	TL: 6.321e-02	VL: 1.281e-02	current_lr0.0005
Epoch: 172	TL: 6.364e-02	VL: 1.518e-02	current_lr0.0005
Epoch: 173	TL: 6.399e-02	VL: 1.315e-02	current_lr0.0005
Epoch: 174	TL: 6.345e-02	VL: 1.626e-02	current_lr0.0005
Epoch: 175	TL: 6.262e-02	VL: 1.557e-02	current_lr0.0005
Epoch: 176	TL: 6.330e-02	VL: 1.348e-02	current_lr0.0005
Epoch: 177	TL: 6.295e-02	VL: 1.314e-02	current_lr0.0005
Epoch: 178	TL: 6.235e-02	VL: 1.780e-02	current_lr0.0005
Epoch: 179	TL: 6.364e-02	VL: 1.887e-02	current_lr0.0005
Epoch: 180	TL: 6.409e-02	VL: 1.260e-02	current_lr0.0005
Epoch: 181	TL: 6.246e-02	VL: 1.381e-02	current_lr0.0005
Epoch: 182	TL: 6.218e-02	VL: 1.200e-02	current_lr0.0005
Epoch: 183	TL: 6.233e-02	VL: 2.166e-02	current_lr0.0005
Epoch: 184	TL: 6.220e-02	VL: 1.458e-02	current_lr0.0005
Epoch: 185	TL: 6.258e-02	VL: 1.308e-02	current_lr0.0005
Epoch: 186	TL: 6.181e-02	VL: 2.044e-02	current_lr0.0005
Epoch: 187	TL: 6.178e-02	VL: 1.280e-02	current_lr0.0005
Epoch: 188	TL: 6.234e-02	VL: 1.166e-02	current_lr0.0005
Epoch: 189	TL: 6.158e-02	VL: 1.877e-02	current_lr0.0005
Epoch: 190	TL: 6.150e-02	VL: 1.410e-02	current_lr0.0005
Epoch: 191	TL: 6.148e-02	VL: 2.141e-02	current_lr0.0005
Epoch: 192	TL: 6.193e-02	VL: 1.828e-02	current_lr0.0005
Epoch: 193	TL: 6.107e-02	VL: 1.197e-02	current_lr0.0005
Epoch: 194	TL: 6.055e-02	VL: 1.257e-02	current_lr0.0005
Epoch: 195	TL: 6.118e-02	VL: 1.796e-02	current_lr0.0005
Epoch: 196	TL: 6.193e-02	VL: 1.340e-02	current_lr0.0005
Epoch: 197	TL: 6.073e-02	VL: 1.192e-02	current_lr0.0005
Epoch: 198	TL: 6.065e-02	VL: 2.014e-02	current_lr0.0005
Epoch: 199	TL: 6.031e-02	VL: 1.260e-02	current_lr0.0005
Epoch: 200	TL: 6.094e-02	VL: 1.469e-02	current_lr0.0005
Epoch: 201	TL: 6.133e-02	VL: 1.294e-02	current_lr0.0005
Epoch: 202	TL: 6.082e-02	VL: 1.104e-02	current_lr0.0005
Epoch: 203	TL: 6.048e-02	VL: 1.938e-02	current_lr0.0005
Epoch: 204	TL: 5.941e-02	VL: 1.252e-02	current_lr0.0005
Epoch: 205	TL: 6.001e-02	VL: 1.367e-02	current_lr0.0005
Epoch: 206	TL: 6.027e-02	VL: 1.714e-02	current_lr0.0005
Epoch: 207	TL: 5.942e-02	VL: 1.424e-02	current_lr0.0005
Epoch: 208	TL: 6.107e-02	VL: 1.246e-02	current_lr0.0005
Epoch: 209	TL: 5.931e-02	VL: 1.211e-02	current_lr0.0005
Epoch: 210	TL: 5.939e-02	VL: 1.258e-02	current_lr0.0005
Epoch: 211	TL: 5.923e-02	VL: 1.537e-02	current_lr0.0005
Epoch: 212	TL: 6.035e-02	VL: 1.649e-02	current_lr0.0005
Epoch: 213	TL: 5.870e-02	VL: 1.682e-02	current_lr0.0005
Epoch: 214	TL: 5.924e-02	VL: 1.202e-02	current_lr0.0005
Epoch: 215	TL: 5.837e-02	VL: 1.133e-02	current_lr0.0005
Epoch: 216	TL: 5.886e-02	VL: 1.279e-02	current_lr0.0005
Epoch: 217	TL: 5.882e-02	VL: 1.401e-02	current_lr0.0005
Epoch: 218	TL: 5.914e-02	VL: 1.162e-02	current_lr0.0005
Epoch: 219	TL: 5.884e-02	VL: 1.131e-02	current_lr0.0005
Epoch: 220	TL: 5.895e-02	VL: 1.444e-02	current_lr0.0005
Epoch: 221	TL: 5.874e-02	VL: 1.819e-02	current_lr0.0005
Epoch: 222	TL: 5.848e-02	VL: 1.114e-02	current_lr0.0005
Epoch: 223	TL: 5.806e-02	VL: 1.281e-02	current_lr0.0005
Epoch: 224	TL: 5.837e-02	VL: 1.503e-02	current_lr0.0005
Epoch: 225	TL: 5.803e-02	VL: 1.081e-02	current_lr0.0005
Epoch: 226	TL: 5.823e-02	VL: 1.138e-02	current_lr0.0005
Epoch: 227	TL: 5.808e-02	VL: 1.096e-02	current_lr0.0005
Epoch: 228	TL: 5.808e-02	VL: 1.067e-02	current_lr0.0005
Epoch: 229	TL: 5.884e-02	VL: 1.105e-02	current_lr0.0005
Epoch: 230	TL: 5.757e-02	VL: 2.615e-02	current_lr0.0005
Epoch: 231	TL: 5.729e-02	VL: 1.224e-02	current_lr0.0005
Epoch: 232	TL: 5.711e-02	VL: 1.553e-02	current_lr0.0005
Epoch: 233	TL: 5.776e-02	VL: 1.435e-02	current_lr0.0005
Epoch: 234	TL: 5.756e-02	VL: 1.084e-02	current_lr0.0005
Epoch: 235	TL: 5.779e-02	VL: 1.385e-02	current_lr0.0005
Epoch: 236	TL: 5.731e-02	VL: 1.793e-02	current_lr0.0005
Epoch: 237	TL: 5.787e-02	VL: 1.803e-02	current_lr0.0005
Epoch: 238	TL: 5.741e-02	VL: 1.188e-02	current_lr0.0005
Epoch: 239	TL: 5.753e-02	VL: 1.133e-02	current_lr0.0005
Epoch: 240	TL: 5.660e-02	VL: 2.984e-02	current_lr0.0005
Epoch: 241	TL: 5.674e-02	VL: 1.056e-02	current_lr0.0005
Epoch: 242	TL: 5.713e-02	VL: 1.502e-02	current_lr0.0005
Epoch: 243	TL: 5.646e-02	VL: 1.787e-02	current_lr0.0005
Epoch: 244	TL: 5.717e-02	VL: 1.155e-02	current_lr0.0005
Epoch: 245	TL: 5.713e-02	VL: 1.132e-02	current_lr0.0005
Epoch: 246	TL: 5.719e-02	VL: 1.204e-02	current_lr0.0005
Epoch: 247	TL: 5.659e-02	VL: 1.066e-02	current_lr0.0005
Epoch: 248	TL: 5.603e-02	VL: 1.423e-02	current_lr0.0005
Epoch: 249	TL: 5.689e-02	VL: 1.268e-02	current_lr0.0005
Epoch: 250	TL: 5.611e-02	VL: 1.956e-02	current_lr0.0005
Epoch: 251	TL: 5.609e-02	VL: 1.032e-02	current_lr0.0005
Epoch: 252	TL: 5.633e-02	VL: 1.560e-02	current_lr0.0005
Epoch: 253	TL: 5.616e-02	VL: 1.275e-02	current_lr0.0005
Epoch: 254	TL: 5.605e-02	VL: 1.107e-02	current_lr0.0005
Epoch: 255	TL: 5.601e-02	VL: 2.122e-02	current_lr0.0005
Epoch: 256	TL: 5.653e-02	VL: 1.446e-02	current_lr0.0005
Epoch: 257	TL: 5.585e-02	VL: 2.562e-02	current_lr0.0005
Epoch: 258	TL: 5.573e-02	VL: 1.726e-02	current_lr0.0005
Epoch: 259	TL: 5.564e-02	VL: 1.080e-02	current_lr0.0005
Epoch: 260	TL: 5.524e-02	VL: 1.147e-02	current_lr0.0005
Epoch: 261	TL: 5.498e-02	VL: 1.171e-02	current_lr0.0005
Epoch: 262	TL: 5.590e-02	VL: 1.038e-02	current_lr0.0005
Epoch: 263	TL: 5.578e-02	VL: 1.279e-02	current_lr0.0005
Epoch: 264	TL: 5.585e-02	VL: 1.074e-02	current_lr0.0005
Epoch: 265	TL: 5.505e-02	VL: 1.072e-02	current_lr0.0005
Epoch: 266	TL: 5.496e-02	VL: 1.593e-02	current_lr0.0005
Epoch: 267	TL: 5.538e-02	VL: 1.252e-02	current_lr0.0005
Epoch: 268	TL: 5.553e-02	VL: 1.458e-02	current_lr0.0005
Epoch: 269	TL: 5.476e-02	VL: 1.334e-02	current_lr0.0005
Epoch: 270	TL: 5.566e-02	VL: 1.025e-02	current_lr0.0005
Epoch: 271	TL: 5.502e-02	VL: 1.009e-02	current_lr0.0005
Epoch: 272	TL: 5.540e-02	VL: 1.191e-02	current_lr0.0005
Epoch: 273	TL: 5.474e-02	VL: 1.108e-02	current_lr0.0005
Epoch: 274	TL: 5.504e-02	VL: 1.042e-02	current_lr0.0005
Epoch: 275	TL: 5.555e-02	VL: 1.341e-02	current_lr0.0005
Epoch: 276	TL: 5.491e-02	VL: 1.360e-02	current_lr0.0005
Epoch: 277	TL: 5.449e-02	VL: 9.858e-03	current_lr0.0005
Epoch: 278	TL: 5.544e-02	VL: 9.783e-03	current_lr0.0005
Epoch: 279	TL: 5.531e-02	VL: 9.954e-03	current_lr0.0005
Epoch: 280	TL: 5.509e-02	VL: 9.544e-03	current_lr0.0005
Epoch: 281	TL: 5.468e-02	VL: 1.014e-02	current_lr0.0005
Epoch: 282	TL: 5.387e-02	VL: 9.643e-03	current_lr0.0005
Epoch: 283	TL: 5.394e-02	VL: 1.250e-02	current_lr0.0005
Epoch: 284	TL: 5.442e-02	VL: 1.105e-02	current_lr0.0005
Epoch: 285	TL: 5.484e-02	VL: 1.045e-02	current_lr0.0005
Epoch: 286	TL: 5.395e-02	VL: 1.059e-02	current_lr0.0005
Epoch: 287	TL: 5.479e-02	VL: 1.404e-02	current_lr0.0005
Epoch: 288	TL: 5.345e-02	VL: 1.625e-02	current_lr0.0005
Epoch: 289	TL: 5.437e-02	VL: 1.277e-02	current_lr0.0005
Epoch: 290	TL: 5.447e-02	VL: 9.607e-03	current_lr0.0005
Epoch: 291	TL: 5.394e-02	VL: 1.231e-02	current_lr0.0005
Epoch: 292	TL: 5.299e-02	VL: 9.419e-03	current_lr0.0005
Epoch: 293	TL: 5.380e-02	VL: 1.286e-02	current_lr0.0005
Epoch: 294	TL: 5.376e-02	VL: 1.228e-02	current_lr0.0005
Epoch: 295	TL: 5.377e-02	VL: 1.192e-02	current_lr0.0005
Epoch: 296	TL: 5.357e-02	VL: 1.432e-02	current_lr0.0005
Epoch: 297	TL: 5.357e-02	VL: 1.053e-02	current_lr0.0005
Epoch: 298	TL: 5.413e-02	VL: 1.414e-02	current_lr0.0005
Epoch: 299	TL: 5.341e-02	VL: 9.240e-03	current_lr0.0005
Epoch: 300	TL: 5.326e-02	VL: 1.039e-02	current_lr0.0005
Epoch: 301	TL: 5.350e-02	VL: 1.206e-02	current_lr0.0005
Epoch: 302	TL: 5.398e-02	VL: 9.559e-03	current_lr0.0005
Epoch: 303	TL: 5.333e-02	VL: 1.075e-02	current_lr0.0005
Epoch: 304	TL: 5.354e-02	VL: 1.362e-02	current_lr0.0005
Epoch: 305	TL: 5.355e-02	VL: 1.527e-02	current_lr0.0005
Epoch: 306	TL: 5.322e-02	VL: 1.073e-02	current_lr0.0005
Epoch: 307	TL: 5.329e-02	VL: 1.009e-02	current_lr0.0005
Epoch: 308	TL: 5.339e-02	VL: 1.031e-02	current_lr0.0005
Epoch: 309	TL: 5.266e-02	VL: 1.560e-02	current_lr0.0005
Epoch: 310	TL: 5.280e-02	VL: 1.103e-02	current_lr0.0005
Epoch: 311	TL: 5.323e-02	VL: 1.285e-02	current_lr0.0005
Epoch: 312	TL: 5.372e-02	VL: 1.012e-02	current_lr0.0005
Epoch: 313	TL: 5.330e-02	VL: 9.815e-03	current_lr0.0005
Epoch: 314	TL: 5.265e-02	VL: 1.103e-02	current_lr0.0005
Epoch: 315	TL: 5.321e-02	VL: 1.224e-02	current_lr0.0005
Epoch: 316	TL: 5.322e-02	VL: 1.246e-02	current_lr0.0005
Epoch: 317	TL: 5.323e-02	VL: 1.210e-02	current_lr0.0005
Epoch: 318	TL: 5.186e-02	VL: 1.259e-02	current_lr0.0005
Epoch: 319	TL: 5.317e-02	VL: 9.387e-03	current_lr0.0005
Epoch: 320	TL: 5.203e-02	VL: 1.234e-02	current_lr0.0005
Epoch: 321	TL: 5.202e-02	VL: 1.309e-02	current_lr0.0005
Epoch: 322	TL: 5.200e-02	VL: 9.754e-03	current_lr0.0005
Epoch: 323	TL: 5.215e-02	VL: 1.132e-02	current_lr0.0005
Epoch: 324	TL: 5.225e-02	VL: 1.204e-02	current_lr0.0005
Epoch: 325	TL: 5.323e-02	VL: 1.080e-02	current_lr0.0005
Epoch: 326	TL: 5.217e-02	VL: 1.029e-02	current_lr0.0005
Epoch: 327	TL: 5.256e-02	VL: 1.182e-02	current_lr0.0005
Epoch: 328	TL: 5.200e-02	VL: 9.760e-03	current_lr0.0005
Epoch: 329	TL: 5.203e-02	VL: 8.887e-03	current_lr0.0005
Epoch: 330	TL: 5.150e-02	VL: 1.119e-02	current_lr0.0005
Epoch: 331	TL: 5.249e-02	VL: 1.110e-02	current_lr0.0005
Epoch: 332	TL: 5.236e-02	VL: 9.055e-03	current_lr0.0005
Epoch: 333	TL: 5.206e-02	VL: 1.596e-02	current_lr0.0005
Epoch: 334	TL: 5.134e-02	VL: 9.969e-03	current_lr0.0005
Epoch: 335	TL: 5.197e-02	VL: 1.237e-02	current_lr0.0005
Epoch: 336	TL: 5.189e-02	VL: 2.027e-02	current_lr0.0005
Epoch: 337	TL: 5.259e-02	VL: 1.067e-02	current_lr0.0005
Epoch: 338	TL: 5.239e-02	VL: 1.037e-02	current_lr0.0005
Epoch: 339	TL: 5.185e-02	VL: 1.041e-02	current_lr0.0005
Epoch: 340	TL: 5.189e-02	VL: 1.279e-02	current_lr0.0005
Epoch: 341	TL: 5.233e-02	VL: 1.559e-02	current_lr0.0005
Epoch: 342	TL: 5.132e-02	VL: 9.989e-03	current_lr0.0005
Epoch: 343	TL: 5.187e-02	VL: 1.061e-02	current_lr0.0005
Epoch: 344	TL: 5.062e-02	VL: 1.555e-02	current_lr0.0005
Epoch: 345	TL: 5.190e-02	VL: 1.257e-02	current_lr0.0005
Epoch: 346	TL: 5.154e-02	VL: 1.119e-02	current_lr0.0005
Epoch: 347	TL: 5.104e-02	VL: 1.135e-02	current_lr0.0005
Epoch: 348	TL: 5.137e-02	VL: 1.215e-02	current_lr0.0005
Epoch: 349	TL: 5.126e-02	VL: 1.076e-02	current_lr0.0005
Epoch: 350	TL: 5.172e-02	VL: 9.431e-03	current_lr0.0005
Epoch: 351	TL: 5.118e-02	VL: 8.732e-03	current_lr0.0005
Epoch: 352	TL: 5.124e-02	VL: 1.028e-02	current_lr0.0005
Epoch: 353	TL: 5.123e-02	VL: 9.211e-03	current_lr0.0005
Epoch: 354	TL: 5.123e-02	VL: 1.246e-02	current_lr0.0005
Epoch: 355	TL: 5.077e-02	VL: 1.273e-02	current_lr0.0005
Epoch: 356	TL: 5.145e-02	VL: 1.445e-02	current_lr0.0005
Epoch: 357	TL: 5.062e-02	VL: 1.185e-02	current_lr0.0005
Epoch: 358	TL: 5.097e-02	VL: 1.135e-02	current_lr0.0005
Epoch: 359	TL: 5.130e-02	VL: 8.644e-03	current_lr0.0005
Epoch: 360	TL: 5.128e-02	VL: 1.053e-02	current_lr0.0005
Epoch: 361	TL: 5.133e-02	VL: 1.125e-02	current_lr0.0005
Epoch: 362	TL: 5.128e-02	VL: 1.053e-02	current_lr0.0005
Epoch: 363	TL: 5.056e-02	VL: 1.170e-02	current_lr0.0005
Epoch: 364	TL: 5.197e-02	VL: 1.198e-02	current_lr0.0005
Epoch: 365	TL: 5.120e-02	VL: 9.868e-03	current_lr0.0005
Epoch: 366	TL: 5.062e-02	VL: 2.452e-02	current_lr0.0005
Epoch: 367	TL: 5.159e-02	VL: 1.131e-02	current_lr0.0005
Epoch: 368	TL: 5.057e-02	VL: 2.234e-02	current_lr0.0005
Epoch: 369	TL: 5.036e-02	VL: 1.387e-02	current_lr0.0005
Epoch: 370	TL: 5.072e-02	VL: 1.179e-02	current_lr0.0005
Epoch: 371	TL: 5.126e-02	VL: 1.290e-02	current_lr0.0005
Epoch: 372	TL: 5.043e-02	VL: 9.245e-03	current_lr0.0005
Epoch: 373	TL: 5.051e-02	VL: 1.053e-02	current_lr0.0005
Epoch: 374	TL: 5.059e-02	VL: 8.722e-03	current_lr0.0005
Epoch: 375	TL: 5.095e-02	VL: 1.205e-02	current_lr0.0005
Epoch: 376	TL: 5.121e-02	VL: 8.844e-03	current_lr0.0005
Epoch: 377	TL: 5.076e-02	VL: 9.577e-03	current_lr0.0005
Epoch: 378	TL: 5.027e-02	VL: 9.403e-03	current_lr0.0005
Epoch: 379	TL: 5.004e-02	VL: 1.231e-02	current_lr0.0005
Epoch: 380	TL: 5.058e-02	VL: 8.860e-03	current_lr0.0005
Epoch: 381	TL: 5.041e-02	VL: 1.743e-02	current_lr0.0005
Epoch: 382	TL: 4.952e-02	VL: 1.076e-02	current_lr0.0005
Epoch: 383	TL: 5.048e-02	VL: 8.272e-03	current_lr0.0005
Epoch: 384	TL: 4.987e-02	VL: 9.061e-03	current_lr0.0005
Epoch: 385	TL: 4.976e-02	VL: 8.869e-03	current_lr0.0005
Epoch: 386	TL: 4.988e-02	VL: 1.364e-02	current_lr0.0005
Epoch: 387	TL: 5.022e-02	VL: 1.519e-02	current_lr0.0005
Epoch: 388	TL: 5.019e-02	VL: 9.047e-03	current_lr0.0005
Epoch: 389	TL: 4.983e-02	VL: 9.536e-03	current_lr0.0005
Epoch: 390	TL: 4.949e-02	VL: 8.051e-03	current_lr0.0005
Epoch: 391	TL: 4.979e-02	VL: 9.996e-03	current_lr0.0005
Epoch: 392	TL: 5.075e-02	VL: 1.133e-02	current_lr0.0005
Epoch: 393	TL: 4.913e-02	VL: 1.059e-02	current_lr0.0005
Epoch: 394	TL: 4.974e-02	VL: 1.128e-02	current_lr0.0005
Epoch: 395	TL: 4.935e-02	VL: 1.088e-02	current_lr0.0005
Epoch: 396	TL: 4.968e-02	VL: 8.893e-03	current_lr0.0005
Epoch: 397	TL: 4.953e-02	VL: 1.472e-02	current_lr0.0005
Epoch: 398	TL: 4.980e-02	VL: 1.501e-02	current_lr0.0005
Epoch: 399	TL: 5.024e-02	VL: 1.142e-02	current_lr0.0005
Epoch: 400	TL: 4.917e-02	VL: 9.185e-03	current_lr0.0005
Epoch: 401	TL: 4.926e-02	VL: 8.379e-03	current_lr0.0005
Epoch: 402	TL: 4.960e-02	VL: 1.527e-02	current_lr0.0005
Epoch: 403	TL: 4.964e-02	VL: 9.344e-03	current_lr0.0005
Epoch: 404	TL: 4.925e-02	VL: 1.161e-02	current_lr0.0005
Epoch: 405	TL: 5.075e-02	VL: 2.171e-02	current_lr0.0005
Epoch: 406	TL: 4.928e-02	VL: 1.483e-02	current_lr0.0005
Epoch: 407	TL: 4.954e-02	VL: 2.927e-02	current_lr0.0005
Epoch: 408	TL: 4.896e-02	VL: 1.172e-02	current_lr0.0005
Epoch: 409	TL: 4.910e-02	VL: 9.980e-03	current_lr0.0005
Epoch: 410	TL: 4.936e-02	VL: 8.598e-03	current_lr0.0005
Epoch: 411	TL: 4.893e-02	VL: 8.661e-03	current_lr0.0005
Epoch: 412	TL: 4.958e-02	VL: 8.161e-03	current_lr0.0005
Epoch: 413	TL: 4.939e-02	VL: 8.819e-03	current_lr0.0005
Epoch: 414	TL: 4.924e-02	VL: 1.035e-02	current_lr0.0005
Epoch: 415	TL: 4.980e-02	VL: 9.330e-03	current_lr0.0005
Epoch: 416	TL: 4.931e-02	VL: 8.964e-03	current_lr0.0005
Epoch: 417	TL: 4.896e-02	VL: 8.160e-03	current_lr0.0005
Epoch: 418	TL: 4.860e-02	VL: 9.213e-03	current_lr0.0005
Epoch: 419	TL: 4.868e-02	VL: 1.295e-02	current_lr0.0005
Epoch: 420	TL: 4.866e-02	VL: 8.502e-03	current_lr0.0005
Epoch: 421	TL: 4.849e-02	VL: 1.204e-02	current_lr0.0005
Epoch: 422	TL: 4.760e-02	VL: 8.358e-03	current_lr0.00025
Epoch: 423	TL: 4.712e-02	VL: 9.143e-03	current_lr0.00025
Epoch: 424	TL: 4.720e-02	VL: 7.909e-03	current_lr0.00025
Epoch: 425	TL: 4.716e-02	VL: 8.748e-03	current_lr0.00025
Epoch: 426	TL: 4.733e-02	VL: 8.121e-03	current_lr0.00025
Epoch: 427	TL: 4.642e-02	VL: 8.301e-03	current_lr0.00025
Epoch: 428	TL: 4.709e-02	VL: 8.803e-03	current_lr0.00025
Epoch: 429	TL: 4.752e-02	VL: 8.346e-03	current_lr0.00025
Epoch: 430	TL: 4.708e-02	VL: 1.055e-02	current_lr0.00025
Epoch: 431	TL: 4.692e-02	VL: 1.166e-02	current_lr0.00025
Epoch: 432	TL: 4.687e-02	VL: 7.735e-03	current_lr0.00025
Epoch: 433	TL: 4.681e-02	VL: 8.487e-03	current_lr0.00025
Epoch: 434	TL: 4.674e-02	VL: 7.915e-03	current_lr0.00025
Epoch: 435	TL: 4.697e-02	VL: 1.090e-02	current_lr0.00025
Epoch: 436	TL: 4.743e-02	VL: 7.873e-03	current_lr0.00025
Epoch: 437	TL: 4.687e-02	VL: 1.005e-02	current_lr0.00025
Epoch: 438	TL: 4.711e-02	VL: 8.260e-03	current_lr0.00025
Epoch: 439	TL: 4.690e-02	VL: 8.510e-03	current_lr0.00025
Epoch: 440	TL: 4.711e-02	VL: 9.074e-03	current_lr0.00025
Epoch: 441	TL: 4.691e-02	VL: 8.014e-03	current_lr0.00025
Epoch: 442	TL: 4.685e-02	VL: 9.492e-03	current_lr0.00025
Epoch: 443	TL: 4.708e-02	VL: 8.917e-03	current_lr0.00025
Epoch: 444	TL: 4.717e-02	VL: 9.839e-03	current_lr0.00025
Epoch: 445	TL: 4.643e-02	VL: 8.692e-03	current_lr0.00025
Epoch: 446	TL: 4.671e-02	VL: 8.065e-03	current_lr0.00025
Epoch: 447	TL: 4.652e-02	VL: 8.244e-03	current_lr0.00025
Epoch: 448	TL: 4.683e-02	VL: 8.289e-03	current_lr0.00025
Epoch: 449	TL: 4.634e-02	VL: 8.428e-03	current_lr0.00025
Epoch: 450	TL: 4.642e-02	VL: 9.168e-03	current_lr0.00025
Epoch: 451	TL: 4.663e-02	VL: 7.926e-03	current_lr0.00025
Epoch: 452	TL: 4.665e-02	VL: 9.374e-03	current_lr0.00025
Epoch: 453	TL: 4.652e-02	VL: 8.435e-03	current_lr0.00025
Epoch: 454	TL: 4.666e-02	VL: 8.378e-03	current_lr0.00025
Epoch: 455	TL: 4.714e-02	VL: 8.383e-03	current_lr0.00025
Epoch: 456	TL: 4.702e-02	VL: 7.771e-03	current_lr0.00025
Epoch: 457	TL: 4.657e-02	VL: 7.846e-03	current_lr0.00025
Epoch: 458	TL: 4.650e-02	VL: 7.453e-03	current_lr0.00025
Epoch: 459	TL: 4.628e-02	VL: 8.729e-03	current_lr0.00025
Epoch: 460	TL: 4.644e-02	VL: 8.626e-03	current_lr0.00025
Epoch: 461	TL: 4.687e-02	VL: 9.048e-03	current_lr0.00025
Epoch: 462	TL: 4.674e-02	VL: 8.340e-03	current_lr0.00025
Epoch: 463	TL: 4.657e-02	VL: 9.940e-03	current_lr0.00025
Epoch: 464	TL: 4.638e-02	VL: 8.253e-03	current_lr0.00025
Epoch: 465	TL: 4.639e-02	VL: 8.245e-03	current_lr0.00025
Epoch: 466	TL: 4.615e-02	VL: 8.918e-03	current_lr0.00025
Epoch: 467	TL: 4.673e-02	VL: 9.099e-03	current_lr0.00025
Epoch: 468	TL: 4.682e-02	VL: 7.557e-03	current_lr0.00025
Epoch: 469	TL: 4.653e-02	VL: 1.240e-02	current_lr0.00025
Epoch: 470	TL: 4.698e-02	VL: 7.624e-03	current_lr0.00025
Epoch: 471	TL: 4.675e-02	VL: 7.686e-03	current_lr0.00025
Epoch: 472	TL: 4.610e-02	VL: 8.218e-03	current_lr0.00025
Epoch: 473	TL: 4.598e-02	VL: 8.048e-03	current_lr0.00025
Epoch: 474	TL: 4.652e-02	VL: 7.839e-03	current_lr0.00025
Epoch: 475	TL: 4.656e-02	VL: 7.906e-03	current_lr0.00025
Epoch: 476	TL: 4.645e-02	VL: 1.517e-02	current_lr0.00025
Epoch: 477	TL: 4.645e-02	VL: 9.085e-03	current_lr0.00025
Epoch: 478	TL: 4.668e-02	VL: 8.049e-03	current_lr0.00025
Epoch: 479	TL: 4.646e-02	VL: 7.948e-03	current_lr0.00025
Epoch: 480	TL: 4.660e-02	VL: 8.032e-03	current_lr0.00025
Epoch: 481	TL: 4.645e-02	VL: 7.727e-03	current_lr0.00025
Epoch: 482	TL: 4.637e-02	VL: 9.408e-03	current_lr0.00025
Epoch: 483	TL: 4.587e-02	VL: 7.806e-03	current_lr0.00025
Epoch: 484	TL: 4.659e-02	VL: 9.360e-03	current_lr0.00025
Epoch: 485	TL: 4.638e-02	VL: 7.282e-03	current_lr0.00025
Epoch: 486	TL: 4.640e-02	VL: 7.448e-03	current_lr0.00025
Epoch: 487	TL: 4.585e-02	VL: 9.168e-03	current_lr0.00025
Epoch: 488	TL: 4.647e-02	VL: 7.249e-03	current_lr0.00025
Epoch: 489	TL: 4.608e-02	VL: 1.158e-02	current_lr0.00025
Epoch: 490	TL: 4.634e-02	VL: 7.607e-03	current_lr0.00025
Epoch: 491	TL: 4.566e-02	VL: 7.759e-03	current_lr0.00025
Epoch: 492	TL: 4.627e-02	VL: 7.978e-03	current_lr0.00025
Epoch: 493	TL: 4.582e-02	VL: 9.571e-03	current_lr0.00025
Epoch: 494	TL: 4.642e-02	VL: 7.876e-03	current_lr0.00025
Epoch: 495	TL: 4.593e-02	VL: 7.796e-03	current_lr0.00025
Epoch: 496	TL: 4.640e-02	VL: 8.099e-03	current_lr0.00025
Epoch: 497	TL: 4.633e-02	VL: 9.954e-03	current_lr0.00025
Epoch: 498	TL: 4.590e-02	VL: 1.762e-02	current_lr0.00025
Epoch: 499	TL: 4.626e-02	VL: 8.115e-03	current_lr0.00025
Epoch: 500	TL: 4.619e-02	VL: 1.109e-02	current_lr0.00025
Epoch: 501	TL: 4.596e-02	VL: 7.577e-03	current_lr0.00025
Epoch: 502	TL: 4.599e-02	VL: 8.948e-03	current_lr0.00025
Epoch: 503	TL: 4.623e-02	VL: 7.757e-03	current_lr0.00025
Epoch: 504	TL: 4.577e-02	VL: 1.082e-02	current_lr0.00025
Epoch: 505	TL: 4.562e-02	VL: 7.595e-03	current_lr0.00025
Epoch: 506	TL: 4.607e-02	VL: 7.990e-03	current_lr0.00025
Epoch: 507	TL: 4.581e-02	VL: 9.981e-03	current_lr0.00025
Epoch: 508	TL: 4.618e-02	VL: 8.002e-03	current_lr0.00025
Epoch: 509	TL: 4.623e-02	VL: 1.153e-02	current_lr0.00025
Epoch: 510	TL: 4.622e-02	VL: 9.564e-03	current_lr0.00025
Epoch: 511	TL: 4.634e-02	VL: 8.224e-03	current_lr0.00025
Epoch: 512	TL: 4.613e-02	VL: 9.332e-03	current_lr0.00025
Epoch: 513	TL: 4.590e-02	VL: 1.148e-02	current_lr0.00025
Epoch: 514	TL: 4.586e-02	VL: 9.074e-03	current_lr0.00025
Epoch: 515	TL: 4.548e-02	VL: 8.370e-03	current_lr0.00025
Epoch: 516	TL: 4.590e-02	VL: 7.996e-03	current_lr0.00025
Epoch: 517	TL: 4.588e-02	VL: 7.915e-03	current_lr0.00025
Epoch: 518	TL: 4.596e-02	VL: 8.763e-03	current_lr0.00025
Epoch: 519	TL: 4.519e-02	VL: 9.662e-03	current_lr0.00025
Epoch: 520	TL: 4.469e-02	VL: 7.241e-03	current_lr0.000125
Epoch: 521	TL: 4.503e-02	VL: 7.133e-03	current_lr0.000125
Epoch: 522	TL: 4.442e-02	VL: 7.294e-03	current_lr0.000125
Epoch: 523	TL: 4.493e-02	VL: 7.576e-03	current_lr0.000125
Epoch: 524	TL: 4.506e-02	VL: 7.548e-03	current_lr0.000125
Epoch: 525	TL: 4.487e-02	VL: 7.264e-03	current_lr0.000125
Epoch: 526	TL: 4.484e-02	VL: 7.374e-03	current_lr0.000125
Epoch: 527	TL: 4.491e-02	VL: 7.466e-03	current_lr0.000125
Epoch: 528	TL: 4.489e-02	VL: 7.567e-03	current_lr0.000125
Epoch: 529	TL: 4.512e-02	VL: 7.487e-03	current_lr0.000125
Epoch: 530	TL: 4.495e-02	VL: 7.951e-03	current_lr0.000125
Epoch: 531	TL: 4.484e-02	VL: 7.814e-03	current_lr0.000125
Epoch: 532	TL: 4.484e-02	VL: 7.991e-03	current_lr0.000125
Epoch: 533	TL: 4.547e-02	VL: 7.351e-03	current_lr0.000125
Epoch: 534	TL: 4.469e-02	VL: 8.146e-03	current_lr0.000125
Epoch: 535	TL: 4.463e-02	VL: 8.220e-03	current_lr0.000125
Epoch: 536	TL: 4.477e-02	VL: 7.183e-03	current_lr0.000125
Epoch: 537	TL: 4.494e-02	VL: 8.983e-03	current_lr0.000125
Epoch: 538	TL: 4.493e-02	VL: 7.465e-03	current_lr0.000125
Epoch: 539	TL: 4.474e-02	VL: 7.104e-03	current_lr0.000125
Epoch: 540	TL: 4.471e-02	VL: 7.975e-03	current_lr0.000125
Epoch: 541	TL: 4.501e-02	VL: 8.148e-03	current_lr0.000125
Epoch: 542	TL: 4.464e-02	VL: 7.635e-03	current_lr0.000125
Epoch: 543	TL: 4.458e-02	VL: 7.872e-03	current_lr0.000125
Epoch: 544	TL: 4.494e-02	VL: 8.388e-03	current_lr0.000125
Epoch: 545	TL: 4.451e-02	VL: 7.246e-03	current_lr0.000125
Epoch: 546	TL: 4.481e-02	VL: 7.317e-03	current_lr0.000125
Epoch: 547	TL: 4.452e-02	VL: 7.723e-03	current_lr0.000125
Epoch: 548	TL: 4.455e-02	VL: 7.205e-03	current_lr0.000125
Epoch: 549	TL: 4.433e-02	VL: 8.893e-03	current_lr0.000125
Epoch: 550	TL: 4.445e-02	VL: 9.973e-03	current_lr0.000125
Epoch: 551	TL: 4.460e-02	VL: 7.168e-03	current_lr0.000125
Epoch: 552	TL: 4.469e-02	VL: 7.706e-03	current_lr0.000125
Epoch: 553	TL: 4.479e-02	VL: 7.602e-03	current_lr0.000125
Epoch: 554	TL: 4.513e-02	VL: 1.046e-02	current_lr0.000125
Epoch: 555	TL: 4.475e-02	VL: 8.166e-03	current_lr0.000125
Epoch: 556	TL: 4.461e-02	VL: 7.720e-03	current_lr0.000125
Epoch: 557	TL: 4.464e-02	VL: 8.311e-03	current_lr0.000125
Epoch: 558	TL: 4.443e-02	VL: 7.474e-03	current_lr0.000125
Epoch: 559	TL: 4.446e-02	VL: 7.511e-03	current_lr0.000125
Epoch: 560	TL: 4.464e-02	VL: 7.164e-03	current_lr0.000125
Epoch: 561	TL: 4.448e-02	VL: 8.178e-03	current_lr0.000125
Epoch: 562	TL: 4.471e-02	VL: 7.253e-03	current_lr0.000125
Epoch: 563	TL: 4.494e-02	VL: 7.680e-03	current_lr0.000125
Epoch: 564	TL: 4.502e-02	VL: 7.338e-03	current_lr0.000125
Epoch: 565	TL: 4.426e-02	VL: 7.263e-03	current_lr0.000125
Epoch: 566	TL: 4.465e-02	VL: 7.129e-03	current_lr0.000125
Epoch: 567	TL: 4.479e-02	VL: 8.754e-03	current_lr0.000125
Epoch: 568	TL: 4.436e-02	VL: 8.178e-03	current_lr0.000125
Epoch: 569	TL: 4.471e-02	VL: 7.362e-03	current_lr0.000125
Epoch: 570	TL: 4.464e-02	VL: 7.175e-03	current_lr0.000125
Epoch: 571	TL: 4.480e-02	VL: 8.054e-03	current_lr6.25e-05
Epoch: 572	TL: 4.405e-02	VL: 7.760e-03	current_lr6.25e-05
Epoch: 573	TL: 4.461e-02	VL: 7.162e-03	current_lr6.25e-05
Epoch: 574	TL: 4.416e-02	VL: 7.055e-03	current_lr6.25e-05
Epoch: 575	TL: 4.462e-02	VL: 7.199e-03	current_lr6.25e-05
Epoch: 576	TL: 4.379e-02	VL: 7.169e-03	current_lr6.25e-05
Epoch: 577	TL: 4.357e-02	VL: 7.249e-03	current_lr6.25e-05
Epoch: 578	TL: 4.443e-02	VL: 7.073e-03	current_lr6.25e-05
Epoch: 579	TL: 4.418e-02	VL: 7.180e-03	current_lr6.25e-05
Epoch: 580	TL: 4.410e-02	VL: 7.213e-03	current_lr6.25e-05
Epoch: 581	TL: 4.409e-02	VL: 7.041e-03	current_lr6.25e-05
Epoch: 582	TL: 4.385e-02	VL: 7.515e-03	current_lr6.25e-05
Epoch: 583	TL: 4.434e-02	VL: 7.035e-03	current_lr6.25e-05
Epoch: 584	TL: 4.433e-02	VL: 7.840e-03	current_lr6.25e-05
Epoch: 585	TL: 4.413e-02	VL: 7.193e-03	current_lr6.25e-05
Epoch: 586	TL: 4.420e-02	VL: 7.100e-03	current_lr6.25e-05
Epoch: 587	TL: 4.409e-02	VL: 8.102e-03	current_lr6.25e-05
Epoch: 588	TL: 4.421e-02	VL: 7.467e-03	current_lr6.25e-05
Epoch: 589	TL: 4.404e-02	VL: 7.423e-03	current_lr6.25e-05
Epoch: 590	TL: 4.422e-02	VL: 7.472e-03	current_lr6.25e-05
Epoch: 591	TL: 4.448e-02	VL: 7.546e-03	current_lr6.25e-05
Epoch: 592	TL: 4.386e-02	VL: 7.333e-03	current_lr6.25e-05
Epoch: 593	TL: 4.404e-02	VL: 7.353e-03	current_lr6.25e-05
Epoch: 594	TL: 4.384e-02	VL: 7.507e-03	current_lr6.25e-05
Epoch: 595	TL: 4.392e-02	VL: 7.228e-03	current_lr6.25e-05
Epoch: 596	TL: 4.417e-02	VL: 7.163e-03	current_lr6.25e-05
Epoch: 597	TL: 4.403e-02	VL: 7.316e-03	current_lr6.25e-05
Epoch: 598	TL: 4.416e-02	VL: 7.898e-03	current_lr6.25e-05
Epoch: 599	TL: 4.422e-02	VL: 7.036e-03	current_lr6.25e-05
Epoch: 600	TL: 4.391e-02	VL: 7.177e-03	current_lr6.25e-05
Epoch: 601	TL: 4.397e-02	VL: 7.521e-03	current_lr6.25e-05
Epoch: 602	TL: 4.402e-02	VL: 6.903e-03	current_lr6.25e-05
Epoch: 603	TL: 4.423e-02	VL: 8.024e-03	current_lr6.25e-05
Epoch: 604	TL: 4.391e-02	VL: 7.166e-03	current_lr6.25e-05
Epoch: 605	TL: 4.410e-02	VL: 7.369e-03	current_lr6.25e-05
Epoch: 606	TL: 4.432e-02	VL: 7.935e-03	current_lr6.25e-05
Epoch: 607	TL: 4.392e-02	VL: 7.369e-03	current_lr6.25e-05
Epoch: 608	TL: 4.390e-02	VL: 7.219e-03	current_lr6.25e-05
Epoch: 609	TL: 4.434e-02	VL: 7.862e-03	current_lr6.25e-05
Epoch: 610	TL: 4.397e-02	VL: 7.451e-03	current_lr6.25e-05
Epoch: 611	TL: 4.423e-02	VL: 7.219e-03	current_lr6.25e-05
Epoch: 612	TL: 4.435e-02	VL: 7.330e-03	current_lr6.25e-05
Epoch: 613	TL: 4.389e-02	VL: 7.503e-03	current_lr6.25e-05
Epoch: 614	TL: 4.409e-02	VL: 7.548e-03	current_lr6.25e-05
Epoch: 615	TL: 4.419e-02	VL: 7.166e-03	current_lr6.25e-05
Epoch: 616	TL: 4.404e-02	VL: 7.522e-03	current_lr6.25e-05
Epoch: 617	TL: 4.385e-02	VL: 7.316e-03	current_lr6.25e-05
Epoch: 618	TL: 4.415e-02	VL: 7.816e-03	current_lr6.25e-05
Epoch: 619	TL: 4.398e-02	VL: 7.236e-03	current_lr6.25e-05
Epoch: 620	TL: 4.401e-02	VL: 7.070e-03	current_lr6.25e-05
Epoch: 621	TL: 4.401e-02	VL: 7.087e-03	current_lr6.25e-05
Epoch: 622	TL: 4.430e-02	VL: 8.286e-03	current_lr6.25e-05
Epoch: 623	TL: 4.404e-02	VL: 6.934e-03	current_lr6.25e-05
Epoch: 624	TL: 4.382e-02	VL: 7.061e-03	current_lr6.25e-05
Epoch: 625	TL: 4.364e-02	VL: 7.369e-03	current_lr6.25e-05
Epoch: 626	TL: 4.430e-02	VL: 8.231e-03	current_lr6.25e-05
Epoch: 627	TL: 4.386e-02	VL: 7.577e-03	current_lr6.25e-05
Epoch: 628	TL: 4.399e-02	VL: 7.311e-03	current_lr6.25e-05
Epoch: 629	TL: 4.391e-02	VL: 7.166e-03	current_lr6.25e-05
Epoch: 630	TL: 4.378e-02	VL: 7.542e-03	current_lr6.25e-05
Epoch: 631	TL: 4.414e-02	VL: 7.807e-03	current_lr6.25e-05
Epoch: 632	TL: 4.425e-02	VL: 7.190e-03	current_lr6.25e-05
Epoch: 633	TL: 4.431e-02	VL: 7.284e-03	current_lr6.25e-05
Epoch: 634	TL: 4.349e-02	VL: 7.246e-03	current_lr3.125e-05
Epoch: 635	TL: 4.386e-02	VL: 7.027e-03	current_lr3.125e-05
Epoch: 636	TL: 4.367e-02	VL: 7.327e-03	current_lr3.125e-05
Epoch: 637	TL: 4.407e-02	VL: 6.987e-03	current_lr3.125e-05
Epoch: 638	TL: 4.398e-02	VL: 6.918e-03	current_lr3.125e-05
Epoch: 639	TL: 4.366e-02	VL: 7.322e-03	current_lr3.125e-05
Epoch: 640	TL: 4.391e-02	VL: 7.262e-03	current_lr3.125e-05
Epoch: 641	TL: 4.389e-02	VL: 8.355e-03	current_lr3.125e-05
Epoch: 642	TL: 4.393e-02	VL: 7.265e-03	current_lr3.125e-05
Epoch: 643	TL: 4.358e-02	VL: 7.600e-03	current_lr3.125e-05
Epoch: 644	TL: 4.364e-02	VL: 7.170e-03	current_lr3.125e-05
Epoch: 645	TL: 4.371e-02	VL: 6.994e-03	current_lr3.125e-05
Epoch: 646	TL: 4.386e-02	VL: 7.031e-03	current_lr3.125e-05
Epoch: 647	TL: 4.376e-02	VL: 7.249e-03	current_lr3.125e-05
Epoch: 648	TL: 4.394e-02	VL: 7.065e-03	current_lr3.125e-05
Epoch: 649	TL: 4.357e-02	VL: 7.462e-03	current_lr3.125e-05
Epoch: 650	TL: 4.425e-02	VL: 7.058e-03	current_lr3.125e-05
Epoch: 651	TL: 4.351e-02	VL: 7.249e-03	current_lr3.125e-05
Epoch: 652	TL: 4.375e-02	VL: 7.045e-03	current_lr3.125e-05
Epoch: 653	TL: 4.352e-02	VL: 7.077e-03	current_lr3.125e-05
Epoch: 654	TL: 4.407e-02	VL: 7.048e-03	current_lr3.125e-05
Epoch: 655	TL: 4.374e-02	VL: 7.118e-03	current_lr3.125e-05
Epoch: 656	TL: 4.370e-02	VL: 7.235e-03	current_lr3.125e-05
Epoch: 657	TL: 4.339e-02	VL: 7.608e-03	current_lr3.125e-05
Epoch: 658	TL: 4.346e-02	VL: 6.998e-03	current_lr3.125e-05
Epoch: 659	TL: 4.384e-02	VL: 7.188e-03	current_lr3.125e-05
Epoch: 660	TL: 4.356e-02	VL: 8.300e-03	current_lr3.125e-05
Epoch: 661	TL: 4.367e-02	VL: 7.706e-03	current_lr3.125e-05
Epoch: 662	TL: 4.346e-02	VL: 7.400e-03	current_lr3.125e-05
Epoch: 663	TL: 4.359e-02	VL: 7.045e-03	current_lr3.125e-05
Epoch: 664	TL: 4.396e-02	VL: 6.972e-03	current_lr3.125e-05
Epoch: 665	TL: 4.396e-02	VL: 7.073e-03	current_lr1.5625e-05
Epoch: 666	TL: 4.389e-02	VL: 7.076e-03	current_lr1.5625e-05
Epoch: 667	TL: 4.326e-02	VL: 7.114e-03	current_lr1.5625e-05
Epoch: 668	TL: 4.391e-02	VL: 7.394e-03	current_lr1.5625e-05
Epoch: 669	TL: 4.382e-02	VL: 7.021e-03	current_lr1.5625e-05
Epoch: 670	TL: 4.386e-02	VL: 7.240e-03	current_lr1.5625e-05
Epoch: 671	TL: 4.333e-02	VL: 7.000e-03	current_lr1.5625e-05
Epoch: 672	TL: 4.357e-02	VL: 7.339e-03	current_lr1.5625e-05
Epoch: 673	TL: 4.349e-02	VL: 6.967e-03	current_lr1.5625e-05
Epoch: 674	TL: 4.371e-02	VL: 7.539e-03	current_lr1.5625e-05
Epoch: 675	TL: 4.334e-02	VL: 7.065e-03	current_lr1.5625e-05
Epoch: 676	TL: 4.368e-02	VL: 7.056e-03	current_lr1.5625e-05
Epoch: 677	TL: 4.383e-02	VL: 6.946e-03	current_lr1.5625e-05
Epoch: 678	TL: 4.345e-02	VL: 7.141e-03	current_lr1.5625e-05
Epoch: 679	TL: 4.318e-02	VL: 6.945e-03	current_lr1.5625e-05
Epoch: 680	TL: 4.331e-02	VL: 7.097e-03	current_lr1.5625e-05
Epoch: 681	TL: 4.335e-02	VL: 7.315e-03	current_lr1.5625e-05
Epoch: 682	TL: 4.386e-02	VL: 7.084e-03	current_lr1.5625e-05
Epoch: 683	TL: 4.378e-02	VL: 7.224e-03	current_lr1.5625e-05
Epoch: 684	TL: 4.354e-02	VL: 6.942e-03	current_lr1.5625e-05
Epoch: 685	TL: 4.350e-02	VL: 6.950e-03	current_lr1.5625e-05
Epoch: 686	TL: 4.315e-02	VL: 7.041e-03	current_lr1.5625e-05
Epoch: 687	TL: 4.364e-02	VL: 7.093e-03	current_lr1.5625e-05
Epoch: 688	TL: 4.333e-02	VL: 7.032e-03	current_lr1.5625e-05
Epoch: 689	TL: 4.324e-02	VL: 7.000e-03	current_lr1.5625e-05
Epoch: 690	TL: 4.342e-02	VL: 7.348e-03	current_lr1.5625e-05
Epoch: 691	TL: 4.365e-02	VL: 7.446e-03	current_lr1.5625e-05
Epoch: 692	TL: 4.344e-02	VL: 6.995e-03	current_lr1.5625e-05
Epoch: 693	TL: 4.355e-02	VL: 7.174e-03	current_lr1.5625e-05
Epoch: 694	TL: 4.375e-02	VL: 8.042e-03	current_lr1.5625e-05
Epoch: 695	TL: 4.373e-02	VL: 7.205e-03	current_lr1.5625e-05
Epoch: 696	TL: 4.337e-02	VL: 6.958e-03	current_lr7.8125e-06
Epoch: 697	TL: 4.361e-02	VL: 7.211e-03	current_lr7.8125e-06
Epoch: 698	TL: 4.339e-02	VL: 7.236e-03	current_lr7.8125e-06
Epoch: 699	TL: 4.330e-02	VL: 7.160e-03	current_lr7.8125e-06
Epoch: 700	TL: 4.318e-02	VL: 7.345e-03	current_lr7.8125e-06
Epoch: 701	TL: 4.342e-02	VL: 7.008e-03	current_lr7.8125e-06
Epoch: 702	TL: 4.349e-02	VL: 7.032e-03	current_lr7.8125e-06
Epoch: 703	TL: 4.380e-02	VL: 6.971e-03	current_lr7.8125e-06
Epoch: 704	TL: 4.328e-02	VL: 7.345e-03	current_lr7.8125e-06
Epoch: 705	TL: 4.340e-02	VL: 7.211e-03	current_lr7.8125e-06
Epoch: 706	TL: 4.333e-02	VL: 7.021e-03	current_lr7.8125e-06
Epoch: 707	TL: 4.349e-02	VL: 7.190e-03	current_lr7.8125e-06
Epoch: 708	TL: 4.319e-02	VL: 7.310e-03	current_lr7.8125e-06
Epoch: 709	TL: 4.328e-02	VL: 7.254e-03	current_lr7.8125e-06
Epoch: 710	TL: 4.322e-02	VL: 7.216e-03	current_lr7.8125e-06
Epoch: 711	TL: 4.349e-02	VL: 6.952e-03	current_lr7.8125e-06
Epoch: 712	TL: 4.357e-02	VL: 7.331e-03	current_lr7.8125e-06
Epoch: 713	TL: 4.330e-02	VL: 7.088e-03	current_lr7.8125e-06
Epoch: 714	TL: 4.389e-02	VL: 7.084e-03	current_lr7.8125e-06
Epoch: 715	TL: 4.372e-02	VL: 6.947e-03	current_lr7.8125e-06
Epoch: 716	TL: 4.335e-02	VL: 7.152e-03	current_lr7.8125e-06
Epoch: 717	TL: 4.355e-02	VL: 7.075e-03	current_lr7.8125e-06
Epoch: 718	TL: 4.347e-02	VL: 7.147e-03	current_lr7.8125e-06
Epoch: 719	TL: 4.342e-02	VL: 7.312e-03	current_lr7.8125e-06
Epoch: 720	TL: 4.324e-02	VL: 7.328e-03	current_lr7.8125e-06
Epoch: 721	TL: 4.350e-02	VL: 7.001e-03	current_lr7.8125e-06
Epoch: 722	TL: 4.358e-02	VL: 7.438e-03	current_lr7.8125e-06
Epoch: 723	TL: 4.382e-02	VL: 7.062e-03	current_lr7.8125e-06
Epoch: 724	TL: 4.325e-02	VL: 7.093e-03	current_lr7.8125e-06
Epoch: 725	TL: 4.381e-02	VL: 7.131e-03	current_lr7.8125e-06
Epoch: 726	TL: 4.367e-02	VL: 6.938e-03	current_lr7.8125e-06
Epoch: 727	TL: 4.331e-02	VL: 7.178e-03	current_lr3.90625e-06
Epoch: 728	TL: 4.385e-02	VL: 7.112e-03	current_lr3.90625e-06
Epoch: 729	TL: 4.338e-02	VL: 7.191e-03	current_lr3.90625e-06
Epoch: 730	TL: 4.360e-02	VL: 7.017e-03	current_lr3.90625e-06
Epoch: 731	TL: 4.341e-02	VL: 7.036e-03	current_lr3.90625e-06
Epoch: 732	TL: 4.327e-02	VL: 7.083e-03	current_lr3.90625e-06
Epoch: 733	TL: 4.364e-02	VL: 7.098e-03	current_lr3.90625e-06
Epoch: 734	TL: 4.325e-02	VL: 7.073e-03	current_lr3.90625e-06
Epoch: 735	TL: 4.342e-02	VL: 7.134e-03	current_lr3.90625e-06
Epoch: 736	TL: 4.340e-02	VL: 7.041e-03	current_lr3.90625e-06
Epoch: 737	TL: 4.338e-02	VL: 6.971e-03	current_lr3.90625e-06
Epoch: 738	TL: 4.361e-02	VL: 7.071e-03	current_lr3.90625e-06
Epoch: 739	TL: 4.334e-02	VL: 7.057e-03	current_lr3.90625e-06
Epoch: 740	TL: 4.337e-02	VL: 7.023e-03	current_lr3.90625e-06
Epoch: 741	TL: 4.337e-02	VL: 7.137e-03	current_lr3.90625e-06
Epoch: 742	TL: 4.382e-02	VL: 7.201e-03	current_lr3.90625e-06
Epoch: 743	TL: 4.340e-02	VL: 7.003e-03	current_lr3.90625e-06
Epoch: 744	TL: 4.376e-02	VL: 7.020e-03	current_lr3.90625e-06
Epoch: 745	TL: 4.350e-02	VL: 7.175e-03	current_lr3.90625e-06
Epoch: 746	TL: 4.348e-02	VL: 7.358e-03	current_lr3.90625e-06
Epoch: 747	TL: 4.281e-02	VL: 7.075e-03	current_lr3.90625e-06
Epoch: 748	TL: 4.356e-02	VL: 7.057e-03	current_lr3.90625e-06
Epoch: 749	TL: 4.361e-02	VL: 7.053e-03	current_lr3.90625e-06
Epoch: 750	TL: 4.333e-02	VL: 6.995e-03	current_lr3.90625e-06
SWA: scheduler initialized at 751-th epochs.
Epoch: 751	TL: 4.335e-02	VL: 6.999e-03	current_lr3.90625e-06
Epoch: 752	TL: 4.302e-02	VL: 6.988e-03	current_lr3.90625e-06
Epoch: 753	TL: 4.341e-02	VL: 7.103e-03	current_lr3.90625e-06
Epoch: 754	TL: 4.336e-02	VL: 7.045e-03	current_lr3.90625e-06
Epoch: 755	TL: 4.348e-02	VL: 7.061e-03	current_lr3.90625e-06
Epoch: 756	TL: 4.347e-02	VL: 7.117e-03	current_lr3.90625e-06
Epoch: 757	TL: 4.345e-02	VL: 7.106e-03	current_lr3.90625e-06
Epoch: 758	TL: 4.299e-02	VL: 7.113e-03	current_lr3.90625e-06
Epoch: 759	TL: 4.301e-02	VL: 7.122e-03	current_lr3.90625e-06
Epoch: 760	TL: 4.329e-02	VL: 7.012e-03	current_lr3.90625e-06
Epoch: 761	TL: 4.337e-02	VL: 7.095e-03	current_lr3.90625e-06
Epoch: 762	TL: 4.332e-02	VL: 7.160e-03	current_lr3.90625e-06
Epoch: 763	TL: 4.325e-02	VL: 7.022e-03	current_lr3.90625e-06
Epoch: 764	TL: 4.367e-02	VL: 7.016e-03	current_lr3.90625e-06
Epoch: 765	TL: 4.358e-02	VL: 7.043e-03	current_lr3.90625e-06
Epoch: 766	TL: 4.297e-02	VL: 7.041e-03	current_lr3.90625e-06
Epoch: 767	TL: 4.350e-02	VL: 7.162e-03	current_lr3.90625e-06
Epoch: 768	TL: 4.365e-02	VL: 7.051e-03	current_lr3.90625e-06
Epoch: 769	TL: 4.343e-02	VL: 7.052e-03	current_lr3.90625e-06
Epoch: 770	TL: 4.322e-02	VL: 7.170e-03	current_lr3.90625e-06
Epoch: 771	TL: 4.357e-02	VL: 6.941e-03	current_lr3.90625e-06
Epoch: 772	TL: 4.315e-02	VL: 7.264e-03	current_lr3.90625e-06
Epoch: 773	TL: 4.380e-02	VL: 7.020e-03	current_lr3.90625e-06
Epoch: 774	TL: 4.351e-02	VL: 6.952e-03	current_lr3.90625e-06
Epoch: 775	TL: 4.367e-02	VL: 7.068e-03	current_lr3.90625e-06
Epoch: 776	TL: 4.312e-02	VL: 7.101e-03	current_lr3.90625e-06
Epoch: 777	TL: 4.369e-02	VL: 7.338e-03	current_lr3.90625e-06
Epoch: 778	TL: 4.336e-02	VL: 6.976e-03	current_lr3.90625e-06
Epoch: 779	TL: 4.365e-02	VL: 6.934e-03	current_lr3.90625e-06
Epoch: 780	TL: 4.337e-02	VL: 7.184e-03	current_lr3.90625e-06
Epoch: 781	TL: 4.359e-02	VL: 7.124e-03	current_lr3.90625e-06
Epoch: 782	TL: 4.344e-02	VL: 7.222e-03	current_lr3.90625e-06
Epoch: 783	TL: 4.347e-02	VL: 7.066e-03	current_lr3.90625e-06
Epoch: 784	TL: 4.352e-02	VL: 7.376e-03	current_lr3.90625e-06
Epoch: 785	TL: 4.352e-02	VL: 7.017e-03	current_lr3.90625e-06
Epoch: 786	TL: 4.370e-02	VL: 7.162e-03	current_lr3.90625e-06
Epoch: 787	TL: 4.395e-02	VL: 7.271e-03	current_lr3.90625e-06
Epoch: 788	TL: 4.327e-02	VL: 7.297e-03	current_lr3.90625e-06
Epoch: 789	TL: 4.373e-02	VL: 7.220e-03	current_lr3.90625e-06
Epoch: 790	TL: 4.315e-02	VL: 7.088e-03	current_lr3.90625e-06
Epoch: 791	TL: 4.344e-02	VL: 7.163e-03	current_lr3.90625e-06
Epoch: 792	TL: 4.335e-02	VL: 7.078e-03	current_lr3.90625e-06
Epoch: 793	TL: 4.331e-02	VL: 7.225e-03	current_lr3.90625e-06
Epoch: 794	TL: 4.365e-02	VL: 7.064e-03	current_lr3.90625e-06
Epoch: 795	TL: 4.374e-02	VL: 7.098e-03	current_lr3.90625e-06
Epoch: 796	TL: 4.328e-02	VL: 7.116e-03	current_lr3.90625e-06
Epoch: 797	TL: 4.361e-02	VL: 7.212e-03	current_lr3.90625e-06
Epoch: 798	TL: 4.305e-02	VL: 6.946e-03	current_lr3.90625e-06
Epoch: 799	TL: 4.363e-02	VL: 7.056e-03	current_lr3.90625e-06
Epoch: 800	TL: 4.347e-02	VL: 7.030e-03	current_lr3.90625e-06
Epoch: 801	TL: 4.359e-02	VL: 7.081e-03	current_lr3.90625e-06
Epoch: 802	TL: 4.325e-02	VL: 7.033e-03	current_lr3.90625e-06
Epoch: 803	TL: 4.374e-02	VL: 7.210e-03	current_lr3.90625e-06
Epoch: 804	TL: 4.323e-02	VL: 7.032e-03	current_lr3.90625e-06
Epoch: 805	TL: 4.339e-02	VL: 6.980e-03	current_lr3.90625e-06
Epoch: 806	TL: 4.342e-02	VL: 7.340e-03	current_lr3.90625e-06
Epoch: 807	TL: 4.345e-02	VL: 7.046e-03	current_lr3.90625e-06
Epoch: 808	TL: 4.317e-02	VL: 7.035e-03	current_lr3.90625e-06
Epoch: 809	TL: 4.294e-02	VL: 6.994e-03	current_lr3.90625e-06
Epoch: 810	TL: 4.359e-02	VL: 7.015e-03	current_lr3.90625e-06
Epoch: 811	TL: 4.368e-02	VL: 7.006e-03	current_lr3.90625e-06
Epoch: 812	TL: 4.361e-02	VL: 7.227e-03	current_lr3.90625e-06
Epoch: 813	TL: 4.389e-02	VL: 6.993e-03	current_lr3.90625e-06
Epoch: 814	TL: 4.389e-02	VL: 6.929e-03	current_lr3.90625e-06
Epoch: 815	TL: 4.321e-02	VL: 7.191e-03	current_lr3.90625e-06
Epoch: 816	TL: 4.354e-02	VL: 7.375e-03	current_lr3.90625e-06
Epoch: 817	TL: 4.356e-02	VL: 7.006e-03	current_lr3.90625e-06
Epoch: 818	TL: 4.351e-02	VL: 6.989e-03	current_lr3.90625e-06
Epoch: 819	TL: 4.367e-02	VL: 6.960e-03	current_lr3.90625e-06
Epoch: 820	TL: 4.361e-02	VL: 7.108e-03	current_lr3.90625e-06
Epoch: 821	TL: 4.361e-02	VL: 7.258e-03	current_lr3.90625e-06
Epoch: 822	TL: 4.354e-02	VL: 7.019e-03	current_lr3.90625e-06
Epoch: 823	TL: 4.328e-02	VL: 6.986e-03	current_lr3.90625e-06
Epoch: 824	TL: 4.331e-02	VL: 7.181e-03	current_lr3.90625e-06
Epoch: 825	TL: 4.347e-02	VL: 6.939e-03	current_lr3.90625e-06
Epoch: 826	TL: 4.305e-02	VL: 7.028e-03	current_lr3.90625e-06
Epoch: 827	TL: 4.311e-02	VL: 7.110e-03	current_lr3.90625e-06
Epoch: 828	TL: 4.356e-02	VL: 6.951e-03	current_lr3.90625e-06
Epoch: 829	TL: 4.319e-02	VL: 7.217e-03	current_lr3.90625e-06
Epoch: 830	TL: 4.389e-02	VL: 7.208e-03	current_lr3.90625e-06
Epoch: 831	TL: 4.340e-02	VL: 6.974e-03	current_lr3.90625e-06
Epoch: 832	TL: 4.344e-02	VL: 7.005e-03	current_lr3.90625e-06
Epoch: 833	TL: 4.321e-02	VL: 6.986e-03	current_lr3.90625e-06
Epoch: 834	TL: 4.369e-02	VL: 7.074e-03	current_lr3.90625e-06
Epoch: 835	TL: 4.365e-02	VL: 6.981e-03	current_lr3.90625e-06
Epoch: 836	TL: 4.324e-02	VL: 6.984e-03	current_lr3.90625e-06
Epoch: 837	TL: 4.355e-02	VL: 7.263e-03	current_lr3.90625e-06
Epoch: 838	TL: 4.381e-02	VL: 7.139e-03	current_lr3.90625e-06
Epoch: 839	TL: 4.386e-02	VL: 7.018e-03	current_lr3.90625e-06
Epoch: 840	TL: 4.350e-02	VL: 7.211e-03	current_lr3.90625e-06
Epoch: 841	TL: 4.337e-02	VL: 6.933e-03	current_lr3.90625e-06
Epoch: 842	TL: 4.325e-02	VL: 7.137e-03	current_lr3.90625e-06
Epoch: 843	TL: 4.310e-02	VL: 7.062e-03	current_lr3.90625e-06
Epoch: 844	TL: 4.312e-02	VL: 7.109e-03	current_lr3.90625e-06
Epoch: 845	TL: 4.349e-02	VL: 6.993e-03	current_lr3.90625e-06
Epoch: 846	TL: 4.352e-02	VL: 7.113e-03	current_lr3.90625e-06
Epoch: 847	TL: 4.317e-02	VL: 7.157e-03	current_lr3.90625e-06
Epoch: 848	TL: 4.322e-02	VL: 7.099e-03	current_lr3.90625e-06
Epoch: 849	TL: 4.343e-02	VL: 6.910e-03	current_lr3.90625e-06
Epoch: 850	TL: 4.323e-02	VL: 7.016e-03	current_lr3.90625e-06
Epoch: 851	TL: 4.344e-02	VL: 7.019e-03	current_lr3.90625e-06
Epoch: 852	TL: 4.368e-02	VL: 6.961e-03	current_lr3.90625e-06
Epoch: 853	TL: 4.333e-02	VL: 6.960e-03	current_lr3.90625e-06
Epoch: 854	TL: 4.331e-02	VL: 7.248e-03	current_lr3.90625e-06
Epoch: 855	TL: 4.339e-02	VL: 7.031e-03	current_lr3.90625e-06
Epoch: 856	TL: 4.347e-02	VL: 7.113e-03	current_lr3.90625e-06
Epoch: 857	TL: 4.320e-02	VL: 7.069e-03	current_lr3.90625e-06
Epoch: 858	TL: 4.341e-02	VL: 7.102e-03	current_lr3.90625e-06
Epoch: 859	TL: 4.301e-02	VL: 6.979e-03	current_lr3.90625e-06
Epoch: 860	TL: 4.316e-02	VL: 7.045e-03	current_lr3.90625e-06
Epoch: 861	TL: 4.331e-02	VL: 7.141e-03	current_lr3.90625e-06
Epoch: 862	TL: 4.383e-02	VL: 7.194e-03	current_lr3.90625e-06
Epoch: 863	TL: 4.384e-02	VL: 7.456e-03	current_lr3.90625e-06
Epoch: 864	TL: 4.349e-02	VL: 7.114e-03	current_lr3.90625e-06
Epoch: 865	TL: 4.314e-02	VL: 6.958e-03	current_lr3.90625e-06
Epoch: 866	TL: 4.309e-02	VL: 6.986e-03	current_lr3.90625e-06
Epoch: 867	TL: 4.315e-02	VL: 6.994e-03	current_lr3.90625e-06
Epoch: 868	TL: 4.324e-02	VL: 7.043e-03	current_lr3.90625e-06
Epoch: 869	TL: 4.346e-02	VL: 7.062e-03	current_lr3.90625e-06
Epoch: 870	TL: 4.358e-02	VL: 6.999e-03	current_lr3.90625e-06
Epoch: 871	TL: 4.315e-02	VL: 6.993e-03	current_lr3.90625e-06
Epoch: 872	TL: 4.333e-02	VL: 7.002e-03	current_lr3.90625e-06
Epoch: 873	TL: 4.349e-02	VL: 7.094e-03	current_lr3.90625e-06
Epoch: 874	TL: 4.356e-02	VL: 7.076e-03	current_lr3.90625e-06
Epoch: 875	TL: 4.346e-02	VL: 6.989e-03	current_lr3.90625e-06
Epoch: 876	TL: 4.355e-02	VL: 7.036e-03	current_lr3.90625e-06
Epoch: 877	TL: 4.341e-02	VL: 7.044e-03	current_lr3.90625e-06
Epoch: 878	TL: 4.337e-02	VL: 7.106e-03	current_lr3.90625e-06
Epoch: 879	TL: 4.348e-02	VL: 7.062e-03	current_lr3.90625e-06
Epoch: 880	TL: 4.330e-02	VL: 6.907e-03	current_lr3.90625e-06
Epoch: 881	TL: 4.357e-02	VL: 7.233e-03	current_lr3.90625e-06
Epoch: 882	TL: 4.360e-02	VL: 7.168e-03	current_lr3.90625e-06
Epoch: 883	TL: 4.362e-02	VL: 7.112e-03	current_lr3.90625e-06
Epoch: 884	TL: 4.341e-02	VL: 7.002e-03	current_lr3.90625e-06
Epoch: 885	TL: 4.354e-02	VL: 6.997e-03	current_lr3.90625e-06
Epoch: 886	TL: 4.386e-02	VL: 7.203e-03	current_lr3.90625e-06
Epoch: 887	TL: 4.310e-02	VL: 7.071e-03	current_lr3.90625e-06
Epoch: 888	TL: 4.322e-02	VL: 7.065e-03	current_lr3.90625e-06
Epoch: 889	TL: 4.345e-02	VL: 7.203e-03	current_lr3.90625e-06
Epoch: 890	TL: 4.381e-02	VL: 7.105e-03	current_lr3.90625e-06
Epoch: 891	TL: 4.320e-02	VL: 7.086e-03	current_lr3.90625e-06
Epoch: 892	TL: 4.355e-02	VL: 7.052e-03	current_lr3.90625e-06
Epoch: 893	TL: 4.331e-02	VL: 7.014e-03	current_lr3.90625e-06
Epoch: 894	TL: 4.387e-02	VL: 7.048e-03	current_lr3.90625e-06
Epoch: 895	TL: 4.327e-02	VL: 7.090e-03	current_lr3.90625e-06
Epoch: 896	TL: 4.359e-02	VL: 7.276e-03	current_lr3.90625e-06
Epoch: 897	TL: 4.372e-02	VL: 7.062e-03	current_lr3.90625e-06
Epoch: 898	TL: 4.333e-02	VL: 7.099e-03	current_lr3.90625e-06
Epoch: 899	TL: 4.329e-02	VL: 7.041e-03	current_lr3.90625e-06
Epoch: 900	TL: 4.371e-02	VL: 7.141e-03	current_lr3.90625e-06
Epoch: 901	TL: 4.329e-02	VL: 7.096e-03	current_lr3.90625e-06
Epoch: 902	TL: 4.306e-02	VL: 7.094e-03	current_lr3.90625e-06
Epoch: 903	TL: 4.350e-02	VL: 7.193e-03	current_lr3.90625e-06
Epoch: 904	TL: 4.363e-02	VL: 7.122e-03	current_lr3.90625e-06
Epoch: 905	TL: 4.379e-02	VL: 6.952e-03	current_lr3.90625e-06
Epoch: 906	TL: 4.355e-02	VL: 7.063e-03	current_lr3.90625e-06
Epoch: 907	TL: 4.296e-02	VL: 7.043e-03	current_lr3.90625e-06
Epoch: 908	TL: 4.370e-02	VL: 6.955e-03	current_lr3.90625e-06
Epoch: 909	TL: 4.367e-02	VL: 7.111e-03	current_lr3.90625e-06
Epoch: 910	TL: 4.308e-02	VL: 6.990e-03	current_lr3.90625e-06
Epoch: 911	TL: 4.324e-02	VL: 7.055e-03	current_lr3.90625e-06
Epoch: 912	TL: 4.328e-02	VL: 7.103e-03	current_lr3.90625e-06
Epoch: 913	TL: 4.307e-02	VL: 7.169e-03	current_lr3.90625e-06
Epoch: 914	TL: 4.372e-02	VL: 7.254e-03	current_lr3.90625e-06
Epoch: 915	TL: 4.333e-02	VL: 7.072e-03	current_lr3.90625e-06
Epoch: 916	TL: 4.305e-02	VL: 7.058e-03	current_lr3.90625e-06
Epoch: 917	TL: 4.391e-02	VL: 6.953e-03	current_lr3.90625e-06
Epoch: 918	TL: 4.325e-02	VL: 7.159e-03	current_lr3.90625e-06
Epoch: 919	TL: 4.351e-02	VL: 7.023e-03	current_lr3.90625e-06
Epoch: 920	TL: 4.342e-02	VL: 7.125e-03	current_lr3.90625e-06
Epoch: 921	TL: 4.335e-02	VL: 7.010e-03	current_lr3.90625e-06
Epoch: 922	TL: 4.298e-02	VL: 7.160e-03	current_lr3.90625e-06
Epoch: 923	TL: 4.363e-02	VL: 7.190e-03	current_lr3.90625e-06
Epoch: 924	TL: 4.347e-02	VL: 7.089e-03	current_lr3.90625e-06
Epoch: 925	TL: 4.320e-02	VL: 7.254e-03	current_lr3.90625e-06
Epoch: 926	TL: 4.379e-02	VL: 7.160e-03	current_lr3.90625e-06
Epoch: 927	TL: 4.346e-02	VL: 7.192e-03	current_lr3.90625e-06
Epoch: 928	TL: 4.333e-02	VL: 6.937e-03	current_lr3.90625e-06
Epoch: 929	TL: 4.386e-02	VL: 7.164e-03	current_lr3.90625e-06
Epoch: 930	TL: 4.335e-02	VL: 7.100e-03	current_lr3.90625e-06
Epoch: 931	TL: 4.354e-02	VL: 7.117e-03	current_lr3.90625e-06
Epoch: 932	TL: 4.313e-02	VL: 6.937e-03	current_lr3.90625e-06
Epoch: 933	TL: 4.357e-02	VL: 7.194e-03	current_lr3.90625e-06
Epoch: 934	TL: 4.326e-02	VL: 7.115e-03	current_lr3.90625e-06
Epoch: 935	TL: 4.336e-02	VL: 6.965e-03	current_lr3.90625e-06
Epoch: 936	TL: 4.348e-02	VL: 6.989e-03	current_lr3.90625e-06
Epoch: 937	TL: 4.329e-02	VL: 6.952e-03	current_lr3.90625e-06
Epoch: 938	TL: 4.341e-02	VL: 7.004e-03	current_lr3.90625e-06
Epoch: 939	TL: 4.340e-02	VL: 7.055e-03	current_lr3.90625e-06
Epoch: 940	TL: 4.362e-02	VL: 7.166e-03	current_lr3.90625e-06
Epoch: 941	TL: 4.336e-02	VL: 6.945e-03	current_lr3.90625e-06
Epoch: 942	TL: 4.354e-02	VL: 7.160e-03	current_lr3.90625e-06
Epoch: 943	TL: 4.317e-02	VL: 7.009e-03	current_lr3.90625e-06
Epoch: 944	TL: 4.339e-02	VL: 7.038e-03	current_lr3.90625e-06
Epoch: 945	TL: 4.356e-02	VL: 6.970e-03	current_lr3.90625e-06
Epoch: 946	TL: 4.347e-02	VL: 6.986e-03	current_lr3.90625e-06
Epoch: 947	TL: 4.364e-02	VL: 6.943e-03	current_lr3.90625e-06
Epoch: 948	TL: 4.326e-02	VL: 6.951e-03	current_lr3.90625e-06
Epoch: 949	TL: 4.349e-02	VL: 6.995e-03	current_lr3.90625e-06
Epoch: 950	TL: 4.327e-02	VL: 7.001e-03	current_lr3.90625e-06
Epoch: 951	TL: 4.375e-02	VL: 7.022e-03	current_lr3.90625e-06
Epoch: 952	TL: 4.331e-02	VL: 7.047e-03	current_lr3.90625e-06
Epoch: 953	TL: 4.355e-02	VL: 6.996e-03	current_lr3.90625e-06
Epoch: 954	TL: 4.366e-02	VL: 7.192e-03	current_lr3.90625e-06
Epoch: 955	TL: 4.364e-02	VL: 7.298e-03	current_lr3.90625e-06
Epoch: 956	TL: 4.355e-02	VL: 7.033e-03	current_lr3.90625e-06
Epoch: 957	TL: 4.328e-02	VL: 7.004e-03	current_lr3.90625e-06
Epoch: 958	TL: 4.352e-02	VL: 7.141e-03	current_lr3.90625e-06
Epoch: 959	TL: 4.351e-02	VL: 7.228e-03	current_lr3.90625e-06
Epoch: 960	TL: 4.368e-02	VL: 6.922e-03	current_lr3.90625e-06
Epoch: 961	TL: 4.351e-02	VL: 6.993e-03	current_lr3.90625e-06
Epoch: 962	TL: 4.323e-02	VL: 7.043e-03	current_lr3.90625e-06
Epoch: 963	TL: 4.366e-02	VL: 6.958e-03	current_lr3.90625e-06
Epoch: 964	TL: 4.335e-02	VL: 7.084e-03	current_lr3.90625e-06
Epoch: 965	TL: 4.355e-02	VL: 7.233e-03	current_lr3.90625e-06
Epoch: 966	TL: 4.324e-02	VL: 7.024e-03	current_lr3.90625e-06
Epoch: 967	TL: 4.347e-02	VL: 6.942e-03	current_lr3.90625e-06
Epoch: 968	TL: 4.363e-02	VL: 7.140e-03	current_lr3.90625e-06
Epoch: 969	TL: 4.344e-02	VL: 6.902e-03	current_lr3.90625e-06
Epoch: 970	TL: 4.347e-02	VL: 6.974e-03	current_lr3.90625e-06
Epoch: 971	TL: 4.318e-02	VL: 7.064e-03	current_lr3.90625e-06
Epoch: 972	TL: 4.320e-02	VL: 6.918e-03	current_lr3.90625e-06
Epoch: 973	TL: 4.364e-02	VL: 7.202e-03	current_lr3.90625e-06
Epoch: 974	TL: 4.347e-02	VL: 7.059e-03	current_lr3.90625e-06
Epoch: 975	TL: 4.313e-02	VL: 7.019e-03	current_lr3.90625e-06
Epoch: 976	TL: 4.338e-02	VL: 6.944e-03	current_lr3.90625e-06
Epoch: 977	TL: 4.313e-02	VL: 7.098e-03	current_lr3.90625e-06
Epoch: 978	TL: 4.356e-02	VL: 6.950e-03	current_lr3.90625e-06
Epoch: 979	TL: 4.328e-02	VL: 7.100e-03	current_lr3.90625e-06
Epoch: 980	TL: 4.343e-02	VL: 7.132e-03	current_lr3.90625e-06
Epoch: 981	TL: 4.389e-02	VL: 7.057e-03	current_lr3.90625e-06
Epoch: 982	TL: 4.390e-02	VL: 7.129e-03	current_lr3.90625e-06
Epoch: 983	TL: 4.320e-02	VL: 7.099e-03	current_lr3.90625e-06
Epoch: 984	TL: 4.314e-02	VL: 7.039e-03	current_lr3.90625e-06
Epoch: 985	TL: 4.335e-02	VL: 7.008e-03	current_lr3.90625e-06
Epoch: 986	TL: 4.332e-02	VL: 7.029e-03	current_lr3.90625e-06
Epoch: 987	TL: 4.390e-02	VL: 7.032e-03	current_lr3.90625e-06
Epoch: 988	TL: 4.338e-02	VL: 7.284e-03	current_lr3.90625e-06
Epoch: 989	TL: 4.369e-02	VL: 7.110e-03	current_lr3.90625e-06
Epoch: 990	TL: 4.345e-02	VL: 6.905e-03	current_lr3.90625e-06
Epoch: 991	TL: 4.359e-02	VL: 7.132e-03	current_lr3.90625e-06
Epoch: 992	TL: 4.309e-02	VL: 7.109e-03	current_lr3.90625e-06
Epoch: 993	TL: 4.344e-02	VL: 7.056e-03	current_lr3.90625e-06
Epoch: 994	TL: 4.365e-02	VL: 7.121e-03	current_lr3.90625e-06
Epoch: 995	TL: 4.340e-02	VL: 7.321e-03	current_lr3.90625e-06
Epoch: 996	TL: 4.385e-02	VL: 6.949e-03	current_lr3.90625e-06
Epoch: 997	TL: 4.355e-02	VL: 7.077e-03	current_lr3.90625e-06
Epoch: 998	TL: 4.359e-02	VL: 7.012e-03	current_lr3.90625e-06
Epoch: 999	TL: 4.365e-02	VL: 6.944e-03	current_lr3.90625e-06
Epoch: 1000	TL: 4.305e-02	VL: 6.972e-03	current_lr3.90625e-06
swa Test MAE: 60.485
