Wed Dec 18 13:29:32 2024       
+-----------------------------------------------------------------------------------------+
| NVIDIA-SMI 565.57.01              Driver Version: 565.57.01      CUDA Version: 12.7     |
|-----------------------------------------+------------------------+----------------------+
| GPU  Name                 Persistence-M | Bus-Id          Disp.A | Volatile Uncorr. ECC |
| Fan  Temp   Perf          Pwr:Usage/Cap |           Memory-Usage | GPU-Util  Compute M. |
|                                         |                        |               MIG M. |
|=========================================+========================+======================|
|   0  Tesla V100-SXM2-32GB           On  |   00000000:16:00.0 Off |                    0 |
| N/A   34C    P0             43W /  300W |       1MiB /  32768MiB |      0%   E. Process |
|                                         |                        |                  N/A |
+-----------------------------------------+------------------------+----------------------+
                                                                                         
+-----------------------------------------------------------------------------------------+
| Processes:                                                                              |
|  GPU   GI   CI        PID   Type   Process name                              GPU Memory |
|        ID   ID                                                               Usage      |
|=========================================================================================|
|  No running processes found                                                             |
+-----------------------------------------------------------------------------------------+
cuda
Tesla V100-SXM2-32GB
PaiNN(
  (zi): Embedding(100, 128)
  (Lm): Message(
    (Ls): Sequential(
      (0): Linear(in_features=128, out_features=128, bias=True)
      (1): BatchNorm1d(128, eps=1e-05, momentum=0.1, affine=True, track_running_stats=True)
      (2): SiLU()
      (3): Dropout(p=0.5, inplace=False)
      (4): Linear(in_features=128, out_features=384, bias=True)
    )
    (Lrbf): Sequential(
      (0): Linear(in_features=20, out_features=384, bias=True)
      (1): BatchNorm1d(384, eps=1e-05, momentum=0.1, affine=True, track_running_stats=True)
    )
  )
  (Lu): Update(
    (Luu): Linear(in_features=3, out_features=3, bias=False)
    (Luv): Linear(in_features=3, out_features=3, bias=False)
    (Ls): Sequential(
      (0): Linear(in_features=256, out_features=128, bias=True)
      (1): BatchNorm1d(128, eps=1e-05, momentum=0.1, affine=True, track_running_stats=True)
      (2): SiLU()
      (3): Dropout(p=0.5, inplace=False)
      (4): Linear(in_features=128, out_features=384, bias=True)
    )
  )
  (Lr): Sequential(
    (0): Linear(in_features=128, out_features=64, bias=True)
    (1): BatchNorm1d(64, eps=1e-05, momentum=0.1, affine=True, track_running_stats=True)
    (2): SiLU()
    (3): Dropout(p=0.5, inplace=False)
    (4): Linear(in_features=64, out_features=1, bias=True)
  )
)
Epoch: 1	TL: 6.571e-01	VL: 2.378e-01	 2.378e-01	 lr:0.0005
Epoch: 2	TL: 2.056e-01	VL: 3.559e-02	 1.367e-01	 lr:0.0005
Epoch: 3	TL: 3.325e-02	VL: 2.333e-02	 8.001e-02	 lr:0.0005
Epoch: 4	TL: 2.187e-02	VL: 1.736e-02	 4.868e-02	 lr:0.0005
Epoch: 5	TL: 1.695e-02	VL: 2.224e-02	 3.546e-02	 lr:0.0005
Epoch: 6	TL: 1.430e-02	VL: 1.024e-02	 2.285e-02	 lr:0.0005
Epoch: 7	TL: 1.311e-02	VL: 1.106e-02	 1.696e-02	 lr:0.0005
Epoch: 8	TL: 1.068e-02	VL: 1.557e-02	 1.626e-02	 lr:0.0005
Epoch: 9	TL: 9.136e-03	VL: 1.237e-02	 1.431e-02	 lr:0.0005
Epoch: 10	TL: 9.154e-03	VL: 8.240e-03	 1.128e-02	 lr:0.0005
Epoch: 11	TL: 7.923e-03	VL: 1.079e-02	 1.104e-02	 lr:0.0005
Epoch: 12	TL: 7.552e-03	VL: 1.383e-02	 1.243e-02	 lr:0.0005
Epoch: 13	TL: 6.832e-03	VL: 6.968e-03	 9.699e-03	 lr:0.0005
Epoch: 14	TL: 6.440e-03	VL: 6.305e-03	 8.002e-03	 lr:0.0005
Epoch: 15	TL: 6.271e-03	VL: 9.915e-03	 8.959e-03	 lr:0.0005
Epoch: 16	TL: 5.858e-03	VL: 9.406e-03	 9.182e-03	 lr:0.0005
Epoch: 17	TL: 5.538e-03	VL: 8.571e-03	 8.877e-03	 lr:0.0005
Epoch: 18	TL: 4.962e-03	VL: 4.766e-03	 6.821e-03	 lr:0.0005
Epoch: 19	TL: 4.687e-03	VL: 3.810e-03	 5.316e-03	 lr:0.0005
Epoch: 20	TL: 4.416e-03	VL: 3.961e-03	 4.638e-03	 lr:0.0005
Epoch: 21	TL: 4.556e-03	VL: 3.681e-03	 4.159e-03	 lr:0.0005
Epoch: 22	TL: 4.058e-03	VL: 4.603e-03	 4.381e-03	 lr:0.0005
Epoch: 23	TL: 4.258e-03	VL: 2.706e-03	 3.544e-03	 lr:0.0005
Epoch: 24	TL: 3.559e-03	VL: 4.025e-03	 3.784e-03	 lr:0.0005
Epoch: 25	TL: 3.913e-03	VL: 3.843e-03	 3.814e-03	 lr:0.0005
Epoch: 26	TL: 3.355e-03	VL: 4.334e-03	 4.074e-03	 lr:0.0005
Epoch: 27	TL: 3.840e-03	VL: 3.627e-03	 3.851e-03	 lr:0.0005
Epoch: 28	TL: 3.148e-03	VL: 2.388e-03	 3.119e-03	 lr:0.0005
Epoch: 29	TL: 3.298e-03	VL: 2.354e-03	 2.737e-03	 lr:0.0005
Epoch: 30	TL: 3.067e-03	VL: 6.524e-03	 4.630e-03	 lr:0.0005
Epoch: 31	TL: 2.995e-03	VL: 2.881e-03	 3.756e-03	 lr:0.0005
Epoch: 32	TL: 2.798e-03	VL: 3.804e-03	 3.780e-03	 lr:0.0005
Epoch: 33	TL: 3.295e-03	VL: 3.000e-03	 3.390e-03	 lr:0.0005
Epoch: 34	TL: 2.638e-03	VL: 2.414e-03	 2.902e-03	 lr:0.0005
Epoch: 35	TL: 2.722e-03	VL: 2.721e-03	 2.811e-03	 lr:0.0005
Epoch: 36	TL: 2.770e-03	VL: 2.577e-03	 2.694e-03	 lr:0.0005
Epoch: 37	TL: 2.766e-03	VL: 2.292e-03	 2.493e-03	 lr:0.0005
Epoch: 38	TL: 2.272e-03	VL: 5.973e-03	 4.233e-03	 lr:0.0005
Epoch: 39	TL: 2.636e-03	VL: 3.308e-03	 3.770e-03	 lr:0.0005
Epoch: 40	TL: 2.401e-03	VL: 2.399e-03	 3.085e-03	 lr:0.0005
Epoch: 41	TL: 2.506e-03	VL: 2.813e-03	 2.949e-03	 lr:0.0005
Epoch: 42	TL: 2.393e-03	VL: 6.359e-03	 4.654e-03	 lr:0.0005
Epoch: 43	TL: 2.161e-03	VL: 2.547e-03	 3.600e-03	 lr:0.0005
Epoch: 44	TL: 2.353e-03	VL: 2.230e-03	 2.915e-03	 lr:0.0005
Epoch: 45	TL: 2.214e-03	VL: 2.373e-03	 2.644e-03	 lr:0.0005
Epoch: 46	TL: 2.029e-03	VL: 2.929e-03	 2.787e-03	 lr:0.0005
Epoch: 47	TL: 2.033e-03	VL: 2.267e-03	 2.527e-03	 lr:0.0005
Epoch: 48	TL: 2.033e-03	VL: 3.047e-03	 2.787e-03	 lr:0.0005
Epoch: 49	TL: 2.058e-03	VL: 2.056e-03	 2.421e-03	 lr:0.0005
Epoch: 50	TL: 2.168e-03	VL: 3.533e-03	 2.977e-03	 lr:0.0005
Epoch: 51	TL: 2.163e-03	VL: 1.986e-03	 2.482e-03	 lr:0.0005
Epoch: 52	TL: 2.006e-03	VL: 2.174e-03	 2.328e-03	 lr:0.0005
Epoch: 53	TL: 1.924e-03	VL: 2.352e-03	 2.340e-03	 lr:0.0005
Epoch: 54	TL: 1.889e-03	VL: 2.115e-03	 2.227e-03	 lr:0.0005
Epoch: 55	TL: 1.823e-03	VL: 1.807e-03	 2.017e-03	 lr:0.0005
Epoch: 56	TL: 1.880e-03	VL: 2.541e-03	 2.279e-03	 lr:0.0005
Epoch: 57	TL: 1.800e-03	VL: 2.077e-03	 2.178e-03	 lr:0.0005
Epoch: 58	TL: 1.726e-03	VL: 2.111e-03	 2.144e-03	 lr:0.0005
Epoch: 59	TL: 1.880e-03	VL: 2.004e-03	 2.074e-03	 lr:0.0005
Epoch: 60	TL: 1.700e-03	VL: 3.734e-03	 2.904e-03	 lr:0.0005
Epoch: 61	TL: 1.710e-03	VL: 2.607e-03	 2.756e-03	 lr:0.0005
Epoch: 62	TL: 1.671e-03	VL: 2.335e-03	 2.545e-03	 lr:0.0005
Epoch: 63	TL: 1.685e-03	VL: 2.364e-03	 2.455e-03	 lr:0.0005
Epoch: 64	TL: 1.608e-03	VL: 2.000e-03	 2.228e-03	 lr:0.0005
Epoch: 65	TL: 1.797e-03	VL: 1.987e-03	 2.107e-03	 lr:0.0005
Epoch: 66	TL: 1.504e-03	VL: 3.619e-03	 2.863e-03	 lr:0.0005
Epoch: 67	TL: 1.661e-03	VL: 1.758e-03	 2.311e-03	 lr:0.0005
Epoch: 68	TL: 1.538e-03	VL: 2.328e-03	 2.319e-03	 lr:0.0005
Epoch: 69	TL: 1.452e-03	VL: 1.539e-03	 1.929e-03	 lr:0.0005
Epoch: 70	TL: 1.437e-03	VL: 1.874e-03	 1.902e-03	 lr:0.0005
Epoch: 71	TL: 1.602e-03	VL: 1.885e-03	 1.893e-03	 lr:0.0005
Epoch: 72	TL: 1.491e-03	VL: 3.570e-03	 2.732e-03	 lr:0.0005
Epoch: 73	TL: 1.515e-03	VL: 1.867e-03	 2.300e-03	 lr:0.0005
Epoch: 74	TL: 1.504e-03	VL: 1.772e-03	 2.036e-03	 lr:0.0005
Epoch: 75	TL: 1.406e-03	VL: 1.604e-03	 1.820e-03	 lr:0.0005
Epoch: 76	TL: 1.437e-03	VL: 2.495e-03	 2.157e-03	 lr:0.0005
Epoch: 77	TL: 1.467e-03	VL: 2.471e-03	 2.314e-03	 lr:0.0005
Epoch: 78	TL: 1.310e-03	VL: 2.297e-03	 2.305e-03	 lr:0.0005
Epoch: 79	TL: 1.370e-03	VL: 1.735e-03	 2.020e-03	 lr:0.0005
Epoch: 80	TL: 1.337e-03	VL: 2.399e-03	 2.210e-03	 lr:0.0005
Epoch: 81	TL: 1.395e-03	VL: 2.914e-03	 2.562e-03	 lr:0.0005
Epoch: 82	TL: 1.394e-03	VL: 1.765e-03	 2.164e-03	 lr:0.0005
Epoch: 83	TL: 1.321e-03	VL: 1.641e-03	 1.902e-03	 lr:0.0005
Epoch: 84	TL: 1.286e-03	VL: 1.672e-03	 1.787e-03	 lr:0.0005
Epoch: 85	TL: 1.224e-03	VL: 2.782e-03	 2.285e-03	 lr:0.0005
Epoch: 86	TL: 1.362e-03	VL: 1.432e-03	 1.858e-03	 lr:0.0005
Epoch: 87	TL: 1.221e-03	VL: 1.823e-03	 1.841e-03	 lr:0.0005
Epoch: 88	TL: 1.284e-03	VL: 1.365e-03	 1.603e-03	 lr:0.0005
Epoch: 89	TL: 1.195e-03	VL: 3.011e-03	 2.307e-03	 lr:0.0005
Epoch: 90	TL: 1.282e-03	VL: 2.493e-03	 2.400e-03	 lr:0.0005
Epoch: 91	TL: 1.139e-03	VL: 1.375e-03	 1.888e-03	 lr:0.0005
Epoch: 92	TL: 1.329e-03	VL: 1.576e-03	 1.732e-03	 lr:0.0005
Epoch: 93	TL: 1.154e-03	VL: 2.449e-03	 2.090e-03	 lr:0.0005
Epoch: 94	TL: 1.201e-03	VL: 1.897e-03	 1.994e-03	 lr:0.0005
Epoch: 95	TL: 1.186e-03	VL: 2.496e-03	 2.245e-03	 lr:0.0005
Epoch: 96	TL: 1.207e-03	VL: 1.787e-03	 2.016e-03	 lr:0.0005
Epoch: 97	TL: 1.087e-03	VL: 2.003e-03	 2.009e-03	 lr:0.0005
Epoch: 98	TL: 1.149e-03	VL: 1.849e-03	 1.929e-03	 lr:0.0005
Epoch: 99	TL: 1.119e-03	VL: 1.573e-03	 1.751e-03	 lr:0.0005
Epoch: 100	TL: 1.123e-03	VL: 1.629e-03	 1.690e-03	 lr:0.0005
Epoch: 101	TL: 9.835e-04	VL: 1.708e-03	 1.699e-03	 lr:0.0005
Epoch: 102	TL: 1.300e-03	VL: 1.340e-03	 1.519e-03	 lr:0.0005
Epoch: 103	TL: 1.049e-03	VL: 1.348e-03	 1.434e-03	 lr:0.0005
Epoch: 104	TL: 1.160e-03	VL: 1.167e-03	 1.300e-03	 lr:0.0005
Epoch: 105	TL: 1.005e-03	VL: 1.816e-03	 1.558e-03	 lr:0.0005
Epoch: 106	TL: 1.058e-03	VL: 1.347e-03	 1.453e-03	 lr:0.0005
Epoch: 107	TL: 1.073e-03	VL: 1.807e-03	 1.630e-03	 lr:0.0005
Epoch: 108	TL: 1.026e-03	VL: 2.670e-03	 2.150e-03	 lr:0.0005
Epoch: 109	TL: 1.129e-03	VL: 2.766e-03	 2.458e-03	 lr:0.0005
Epoch: 110	TL: 1.061e-03	VL: 1.491e-03	 1.975e-03	 lr:0.0005
Epoch: 111	TL: 1.016e-03	VL: 1.739e-03	 1.857e-03	 lr:0.0005
Epoch: 112	TL: 1.008e-03	VL: 3.031e-03	 2.444e-03	 lr:0.0005
Epoch: 113	TL: 1.015e-03	VL: 4.339e-03	 3.391e-03	 lr:0.0005
Epoch: 114	TL: 9.573e-04	VL: 1.266e-03	 2.329e-03	 lr:0.0005
Epoch: 115	TL: 9.514e-04	VL: 2.209e-03	 2.269e-03	 lr:0.0005
Epoch: 116	TL: 1.109e-03	VL: 2.462e-03	 2.365e-03	 lr:0.0005
Epoch: 117	TL: 9.235e-04	VL: 2.502e-03	 2.434e-03	 lr:0.0005
Epoch: 118	TL: 9.445e-04	VL: 2.903e-03	 2.668e-03	 lr:0.0005
Epoch: 119	TL: 1.014e-03	VL: 2.817e-03	 2.743e-03	 lr:0.0005
Epoch: 120	TL: 1.006e-03	VL: 1.296e-03	 2.019e-03	 lr:0.0005
Epoch: 121	TL: 9.205e-04	VL: 1.518e-03	 1.769e-03	 lr:0.0005
Epoch: 122	TL: 1.042e-03	VL: 1.217e-03	 1.493e-03	 lr:0.0005
Epoch: 123	TL: 8.991e-04	VL: 1.462e-03	 1.477e-03	 lr:0.0005
Epoch: 124	TL: 9.313e-04	VL: 1.976e-03	 1.727e-03	 lr:0.0005
Epoch: 125	TL: 9.445e-04	VL: 1.412e-03	 1.569e-03	 lr:0.0005
Epoch: 126	TL: 3.629e-04	VL: 1.178e-03	 1.373e-03	 lr:0.00025
Epoch: 127	TL: 4.265e-04	VL: 1.091e-03	 1.232e-03	 lr:0.00025
Epoch: 128	TL: 4.619e-04	VL: 9.958e-04	 1.114e-03	 lr:0.00025
Epoch: 129	TL: 4.192e-04	VL: 1.035e-03	 1.075e-03	 lr:0.00025
Epoch: 130	TL: 4.202e-04	VL: 1.010e-03	 1.042e-03	 lr:0.00025
Epoch: 131	TL: 4.334e-04	VL: 1.156e-03	 1.099e-03	 lr:0.00025
Epoch: 132	TL: 4.129e-04	VL: 1.753e-03	 1.426e-03	 lr:0.00025
Epoch: 133	TL: 4.282e-04	VL: 1.043e-03	 1.234e-03	 lr:0.00025
Epoch: 134	TL: 4.336e-04	VL: 1.013e-03	 1.124e-03	 lr:0.00025
Epoch: 135	TL: 4.117e-04	VL: 1.050e-03	 1.087e-03	 lr:0.00025
Epoch: 136	TL: 4.290e-04	VL: 1.096e-03	 1.092e-03	 lr:0.00025
Epoch: 137	TL: 3.881e-04	VL: 1.253e-03	 1.172e-03	 lr:0.00025
Epoch: 138	TL: 4.386e-04	VL: 1.178e-03	 1.175e-03	 lr:0.00025
Epoch: 139	TL: 3.955e-04	VL: 9.896e-04	 1.082e-03	 lr:0.00025
Epoch: 140	TL: 3.781e-04	VL: 9.968e-04	 1.040e-03	 lr:0.00025
Epoch: 141	TL: 4.108e-04	VL: 1.061e-03	 1.050e-03	 lr:0.00025
Epoch: 142	TL: 3.955e-04	VL: 9.820e-04	 1.016e-03	 lr:0.00025
Epoch: 143	TL: 3.927e-04	VL: 1.018e-03	 1.017e-03	 lr:0.00025
Epoch: 144	TL: 4.055e-04	VL: 1.028e-03	 1.023e-03	 lr:0.00025
Epoch: 145	TL: 3.705e-04	VL: 1.083e-03	 1.053e-03	 lr:0.00025
Epoch: 146	TL: 3.937e-04	VL: 1.079e-03	 1.066e-03	 lr:0.00025
Epoch: 147	TL: 3.870e-04	VL: 1.182e-03	 1.124e-03	 lr:0.00025
Epoch: 148	TL: 3.925e-04	VL: 1.507e-03	 1.316e-03	 lr:0.00025
Epoch: 149	TL: 3.989e-04	VL: 9.921e-04	 1.154e-03	 lr:0.00025
Epoch: 150	TL: 3.787e-04	VL: 1.136e-03	 1.145e-03	 lr:0.00025
Epoch: 151	TL: 3.851e-04	VL: 1.070e-03	 1.108e-03	 lr:0.00025
Epoch: 152	TL: 3.811e-04	VL: 1.251e-03	 1.179e-03	 lr:0.00025
Epoch: 153	TL: 3.840e-04	VL: 1.085e-03	 1.132e-03	 lr:0.00025
Epoch: 154	TL: 3.975e-04	VL: 1.005e-03	 1.069e-03	 lr:0.00025
Epoch: 155	TL: 4.012e-04	VL: 9.651e-04	 1.017e-03	 lr:0.00025
Epoch: 156	TL: 3.662e-04	VL: 1.125e-03	 1.071e-03	 lr:0.00025
Epoch: 157	TL: 3.738e-04	VL: 1.000e-03	 1.036e-03	 lr:0.00025
Epoch: 158	TL: 3.557e-04	VL: 1.146e-03	 1.091e-03	 lr:0.00025
Epoch: 159	TL: 3.872e-04	VL: 1.033e-03	 1.062e-03	 lr:0.00025
Epoch: 160	TL: 3.502e-04	VL: 1.115e-03	 1.088e-03	 lr:0.00025
Epoch: 161	TL: 3.583e-04	VL: 9.011e-04	 9.948e-04	 lr:0.00025
Epoch: 162	TL: 3.606e-04	VL: 1.000e-03	 9.974e-04	 lr:0.00025
Epoch: 163	TL: 3.651e-04	VL: 1.001e-03	 9.993e-04	 lr:0.00025
Epoch: 164	TL: 3.449e-04	VL: 9.960e-04	 9.976e-04	 lr:0.00025
Epoch: 165	TL: 3.724e-04	VL: 1.127e-03	 1.062e-03	 lr:0.00025
Epoch: 166	TL: 3.615e-04	VL: 9.587e-04	 1.011e-03	 lr:0.00025
Epoch: 167	TL: 3.643e-04	VL: 1.214e-03	 1.112e-03	 lr:0.00025
Epoch: 168	TL: 3.644e-04	VL: 1.234e-03	 1.173e-03	 lr:0.00025
Epoch: 169	TL: 3.813e-04	VL: 1.118e-03	 1.146e-03	 lr:0.00025
Epoch: 170	TL: 3.271e-04	VL: 9.593e-04	 1.053e-03	 lr:0.00025
Epoch: 171	TL: 3.826e-04	VL: 9.170e-04	 9.848e-04	 lr:0.00025
Epoch: 172	TL: 3.457e-04	VL: 9.600e-04	 9.724e-04	 lr:0.00025
Epoch: 173	TL: 3.449e-04	VL: 1.076e-03	 1.024e-03	 lr:0.00025
Epoch: 174	TL: 3.540e-04	VL: 9.041e-04	 9.642e-04	 lr:0.00025
Epoch: 175	TL: 3.721e-04	VL: 1.079e-03	 1.022e-03	 lr:0.00025
Epoch: 176	TL: 3.460e-04	VL: 8.811e-04	 9.515e-04	 lr:0.00025
Epoch: 177	TL: 3.333e-04	VL: 9.486e-04	 9.500e-04	 lr:0.00025
Epoch: 178	TL: 3.801e-04	VL: 9.523e-04	 9.512e-04	 lr:0.00025
Epoch: 179	TL: 3.302e-04	VL: 1.155e-03	 1.053e-03	 lr:0.00025
Epoch: 180	TL: 3.403e-04	VL: 1.075e-03	 1.064e-03	 lr:0.00025
Epoch: 181	TL: 3.549e-04	VL: 1.114e-03	 1.089e-03	 lr:0.00025
Epoch: 182	TL: 3.555e-04	VL: 9.178e-04	 1.003e-03	 lr:0.00025
Epoch: 183	TL: 3.433e-04	VL: 1.438e-03	 1.221e-03	 lr:0.00025
Epoch: 184	TL: 3.419e-04	VL: 1.076e-03	 1.148e-03	 lr:0.00025
Epoch: 185	TL: 3.647e-04	VL: 9.692e-04	 1.059e-03	 lr:0.00025
Epoch: 186	TL: 3.431e-04	VL: 9.436e-04	 1.001e-03	 lr:0.00025
Epoch: 187	TL: 3.329e-04	VL: 1.373e-03	 1.187e-03	 lr:0.00025
Epoch: 188	TL: 3.281e-04	VL: 1.047e-03	 1.117e-03	 lr:0.00025
Epoch: 189	TL: 3.434e-04	VL: 1.020e-03	 1.068e-03	 lr:0.00025
Epoch: 190	TL: 3.471e-04	VL: 1.043e-03	 1.055e-03	 lr:0.00025
Epoch: 191	TL: 3.258e-04	VL: 1.012e-03	 1.034e-03	 lr:0.00025
Epoch: 192	TL: 3.456e-04	VL: 1.106e-03	 1.070e-03	 lr:0.00025
Epoch: 193	TL: 3.302e-04	VL: 1.065e-03	 1.068e-03	 lr:0.00025
Epoch: 194	TL: 3.245e-04	VL: 8.968e-04	 9.823e-04	 lr:0.00025
Epoch: 195	TL: 3.514e-04	VL: 9.236e-04	 9.530e-04	 lr:0.00025
Epoch: 196	TL: 3.157e-04	VL: 9.513e-04	 9.521e-04	 lr:0.00025
Epoch: 197	TL: 3.426e-04	VL: 1.093e-03	 1.023e-03	 lr:0.00025
Epoch: 198	TL: 3.374e-04	VL: 1.052e-03	 1.037e-03	 lr:0.00025
Epoch: 199	TL: 1.700e-04	VL: 8.824e-04	 9.599e-04	 lr:0.000125
Epoch: 200	TL: 1.782e-04	VL: 8.575e-04	 9.087e-04	 lr:0.000125
Epoch: 201	TL: 1.866e-04	VL: 8.550e-04	 8.819e-04	 lr:0.000125
Epoch: 202	TL: 1.830e-04	VL: 8.944e-04	 8.881e-04	 lr:0.000125
Epoch: 203	TL: 1.832e-04	VL: 8.293e-04	 8.587e-04	 lr:0.000125
Epoch: 204	TL: 1.892e-04	VL: 8.067e-04	 8.327e-04	 lr:0.000125
Epoch: 205	TL: 1.791e-04	VL: 9.008e-04	 8.668e-04	 lr:0.000125
Epoch: 206	TL: 1.807e-04	VL: 8.181e-04	 8.424e-04	 lr:0.000125
Epoch: 207	TL: 1.825e-04	VL: 9.118e-04	 8.771e-04	 lr:0.000125
Epoch: 208	TL: 1.802e-04	VL: 8.551e-04	 8.661e-04	 lr:0.000125
Epoch: 209	TL: 1.753e-04	VL: 8.418e-04	 8.539e-04	 lr:0.000125
Epoch: 210	TL: 1.825e-04	VL: 8.665e-04	 8.602e-04	 lr:0.000125
Epoch: 211	TL: 1.721e-04	VL: 8.206e-04	 8.404e-04	 lr:0.000125
Epoch: 212	TL: 1.865e-04	VL: 8.026e-04	 8.215e-04	 lr:0.000125
Epoch: 213	TL: 1.703e-04	VL: 8.557e-04	 8.386e-04	 lr:0.000125
Epoch: 214	TL: 1.771e-04	VL: 8.597e-04	 8.491e-04	 lr:0.000125
Epoch: 215	TL: 1.759e-04	VL: 8.740e-04	 8.616e-04	 lr:0.000125
Epoch: 216	TL: 1.776e-04	VL: 8.635e-04	 8.625e-04	 lr:0.000125
Epoch: 217	TL: 1.731e-04	VL: 8.430e-04	 8.528e-04	 lr:0.000125
Epoch: 218	TL: 1.760e-04	VL: 8.079e-04	 8.303e-04	 lr:0.000125
Epoch: 219	TL: 1.702e-04	VL: 8.842e-04	 8.573e-04	 lr:0.000125
Epoch: 220	TL: 1.727e-04	VL: 8.485e-04	 8.529e-04	 lr:0.000125
Epoch: 221	TL: 1.709e-04	VL: 8.265e-04	 8.397e-04	 lr:0.000125
Epoch: 222	TL: 1.690e-04	VL: 8.533e-04	 8.465e-04	 lr:0.000125
Epoch: 223	TL: 1.828e-04	VL: 8.603e-04	 8.534e-04	 lr:0.000125
Epoch: 224	TL: 1.695e-04	VL: 8.032e-04	 8.283e-04	 lr:0.000125
Epoch: 225	TL: 1.721e-04	VL: 8.496e-04	 8.390e-04	 lr:0.000125
Epoch: 226	TL: 1.614e-04	VL: 8.365e-04	 8.378e-04	 lr:0.000125
Epoch: 227	TL: 1.750e-04	VL: 8.528e-04	 8.453e-04	 lr:0.000125
Epoch: 228	TL: 1.657e-04	VL: 8.145e-04	 8.299e-04	 lr:0.000125
Epoch: 229	TL: 1.628e-04	VL: 8.610e-04	 8.455e-04	 lr:0.000125
Epoch: 230	TL: 1.672e-04	VL: 8.893e-04	 8.674e-04	 lr:0.000125
Epoch: 231	TL: 1.647e-04	VL: 8.235e-04	 8.454e-04	 lr:0.000125
Epoch: 232	TL: 1.724e-04	VL: 8.664e-04	 8.559e-04	 lr:0.000125
Epoch: 233	TL: 1.616e-04	VL: 8.418e-04	 8.489e-04	 lr:0.000125
Epoch: 234	TL: 1.160e-04	VL: 8.216e-04	 8.352e-04	 lr:6.25e-05
Epoch: 235	TL: 1.163e-04	VL: 7.939e-04	 8.146e-04	 lr:6.25e-05
Epoch: 236	TL: 1.199e-04	VL: 8.021e-04	 8.083e-04	 lr:6.25e-05
Epoch: 237	TL: 1.183e-04	VL: 8.005e-04	 8.044e-04	 lr:6.25e-05
Epoch: 238	TL: 1.198e-04	VL: 7.804e-04	 7.924e-04	 lr:6.25e-05
Epoch: 239	TL: 1.152e-04	VL: 8.057e-04	 7.991e-04	 lr:6.25e-05
Epoch: 240	TL: 1.167e-04	VL: 7.939e-04	 7.965e-04	 lr:6.25e-05
Epoch: 241	TL: 1.187e-04	VL: 8.149e-04	 8.057e-04	 lr:6.25e-05
Epoch: 242	TL: 1.183e-04	VL: 8.033e-04	 8.045e-04	 lr:6.25e-05
Epoch: 243	TL: 1.141e-04	VL: 8.201e-04	 8.123e-04	 lr:6.25e-05
Epoch: 244	TL: 1.164e-04	VL: 7.956e-04	 8.040e-04	 lr:6.25e-05
Epoch: 245	TL: 1.167e-04	VL: 8.012e-04	 8.026e-04	 lr:6.25e-05
Epoch: 246	TL: 1.134e-04	VL: 7.862e-04	 7.944e-04	 lr:6.25e-05
Epoch: 247	TL: 1.166e-04	VL: 8.383e-04	 8.164e-04	 lr:6.25e-05
Epoch: 248	TL: 1.141e-04	VL: 7.740e-04	 7.952e-04	 lr:6.25e-05
Epoch: 249	TL: 1.143e-04	VL: 7.956e-04	 7.954e-04	 lr:6.25e-05
Epoch: 250	TL: 1.161e-04	VL: 8.100e-04	 8.027e-04	 lr:6.25e-05
Epoch: 251	TL: 1.141e-04	VL: 7.905e-04	 7.966e-04	 lr:6.25e-05
Epoch: 252	TL: 1.125e-04	VL: 7.874e-04	 7.920e-04	 lr:6.25e-05
Epoch: 253	TL: 1.145e-04	VL: 8.164e-04	 8.042e-04	 lr:6.25e-05
Epoch: 254	TL: 1.126e-04	VL: 7.911e-04	 7.977e-04	 lr:6.25e-05
Epoch: 255	TL: 1.139e-04	VL: 8.306e-04	 8.141e-04	 lr:6.25e-05
Epoch: 256	TL: 1.131e-04	VL: 7.984e-04	 8.062e-04	 lr:6.25e-05
Epoch: 257	TL: 1.115e-04	VL: 7.841e-04	 7.952e-04	 lr:6.25e-05
Epoch: 258	TL: 1.095e-04	VL: 8.005e-04	 7.979e-04	 lr:6.25e-05
Epoch: 259	TL: 1.093e-04	VL: 7.944e-04	 7.961e-04	 lr:6.25e-05
Epoch: 260	TL: 1.138e-04	VL: 8.124e-04	 8.043e-04	 lr:6.25e-05
Epoch: 261	TL: 1.085e-04	VL: 8.167e-04	 8.105e-04	 lr:6.25e-05
Epoch: 262	TL: 1.129e-04	VL: 7.827e-04	 7.966e-04	 lr:6.25e-05
Epoch: 263	TL: 1.117e-04	VL: 7.817e-04	 7.891e-04	 lr:6.25e-05
Epoch: 264	TL: 1.098e-04	VL: 7.917e-04	 7.904e-04	 lr:6.25e-05
Epoch: 265	TL: 1.112e-04	VL: 7.926e-04	 7.915e-04	 lr:6.25e-05
Epoch: 266	TL: 1.098e-04	VL: 7.630e-04	 7.772e-04	 lr:6.25e-05
Epoch: 267	TL: 1.083e-04	VL: 7.825e-04	 7.799e-04	 lr:6.25e-05
Epoch: 268	TL: 1.100e-04	VL: 8.181e-04	 7.990e-04	 lr:6.25e-05
Epoch: 269	TL: 1.089e-04	VL: 8.239e-04	 8.114e-04	 lr:6.25e-05
Epoch: 270	TL: 1.075e-04	VL: 7.754e-04	 7.934e-04	 lr:6.25e-05
Epoch: 271	TL: 1.108e-04	VL: 7.854e-04	 7.894e-04	 lr:6.25e-05
Epoch: 272	TL: 1.058e-04	VL: 7.774e-04	 7.834e-04	 lr:6.25e-05
Epoch: 273	TL: 1.102e-04	VL: 7.798e-04	 7.816e-04	 lr:6.25e-05
Epoch: 274	TL: 1.068e-04	VL: 7.685e-04	 7.751e-04	 lr:6.25e-05
Epoch: 275	TL: 1.070e-04	VL: 7.755e-04	 7.753e-04	 lr:6.25e-05
Epoch: 276	TL: 1.071e-04	VL: 7.781e-04	 7.767e-04	 lr:6.25e-05
Epoch: 277	TL: 1.064e-04	VL: 8.089e-04	 7.928e-04	 lr:6.25e-05
Epoch: 278	TL: 1.072e-04	VL: 7.655e-04	 7.791e-04	 lr:6.25e-05
Epoch: 279	TL: 1.067e-04	VL: 7.848e-04	 7.820e-04	 lr:6.25e-05
Epoch: 280	TL: 1.031e-04	VL: 7.798e-04	 7.809e-04	 lr:6.25e-05
Epoch: 281	TL: 1.083e-04	VL: 7.818e-04	 7.813e-04	 lr:6.25e-05
Epoch: 282	TL: 1.050e-04	VL: 7.864e-04	 7.839e-04	 lr:6.25e-05
Epoch: 283	TL: 1.077e-04	VL: 7.639e-04	 7.739e-04	 lr:6.25e-05
Epoch: 284	TL: 1.044e-04	VL: 7.830e-04	 7.784e-04	 lr:6.25e-05
Epoch: 285	TL: 1.061e-04	VL: 7.743e-04	 7.764e-04	 lr:6.25e-05
Epoch: 286	TL: 1.037e-04	VL: 7.973e-04	 7.868e-04	 lr:6.25e-05
Epoch: 287	TL: 1.047e-04	VL: 7.779e-04	 7.824e-04	 lr:6.25e-05
Epoch: 288	TL: 1.050e-04	VL: 7.871e-04	 7.848e-04	 lr:6.25e-05
Epoch: 289	TL: 1.041e-04	VL: 7.773e-04	 7.810e-04	 lr:6.25e-05
Epoch: 290	TL: 1.024e-04	VL: 7.644e-04	 7.727e-04	 lr:6.25e-05
Epoch: 291	TL: 1.025e-04	VL: 7.733e-04	 7.730e-04	 lr:6.25e-05
Epoch: 292	TL: 1.050e-04	VL: 7.774e-04	 7.752e-04	 lr:6.25e-05
Epoch: 293	TL: 1.008e-04	VL: 7.757e-04	 7.755e-04	 lr:6.25e-05
Epoch: 294	TL: 1.042e-04	VL: 7.900e-04	 7.828e-04	 lr:6.25e-05
Epoch: 295	TL: 1.021e-04	VL: 7.747e-04	 7.787e-04	 lr:6.25e-05
Epoch: 296	TL: 1.017e-04	VL: 7.640e-04	 7.714e-04	 lr:6.25e-05
Epoch: 297	TL: 1.031e-04	VL: 7.929e-04	 7.821e-04	 lr:6.25e-05
Epoch: 298	TL: 1.031e-04	VL: 7.780e-04	 7.801e-04	 lr:6.25e-05
Epoch: 299	TL: 9.979e-05	VL: 7.708e-04	 7.754e-04	 lr:6.25e-05
Epoch: 300	TL: 1.019e-04	VL: 7.755e-04	 7.754e-04	 lr:6.25e-05
Epoch: 301	TL: 1.030e-04	VL: 7.693e-04	 7.724e-04	 lr:6.25e-05
Epoch: 302	TL: 1.011e-04	VL: 8.176e-04	 7.950e-04	 lr:6.25e-05
Epoch: 303	TL: 9.957e-05	VL: 8.242e-04	 8.096e-04	 lr:6.25e-05
Epoch: 304	TL: 1.013e-04	VL: 7.769e-04	 7.933e-04	 lr:6.25e-05
Epoch: 305	TL: 1.015e-04	VL: 8.032e-04	 7.983e-04	 lr:6.25e-05
Epoch: 306	TL: 1.010e-04	VL: 7.789e-04	 7.886e-04	 lr:6.25e-05
Epoch: 307	TL: 1.034e-04	VL: 7.867e-04	 7.876e-04	 lr:6.25e-05
Epoch: 308	TL: 1.010e-04	VL: 8.022e-04	 7.949e-04	 lr:6.25e-05
Epoch: 309	TL: 9.790e-05	VL: 7.677e-04	 7.813e-04	 lr:6.25e-05
Epoch: 310	TL: 1.011e-04	VL: 7.747e-04	 7.780e-04	 lr:6.25e-05
Epoch: 311	TL: 1.002e-04	VL: 7.770e-04	 7.775e-04	 lr:6.25e-05
Epoch: 312	TL: 1.015e-04	VL: 7.757e-04	 7.766e-04	 lr:6.25e-05
Epoch: 313	TL: 9.913e-05	VL: 7.822e-04	 7.794e-04	 lr:6.25e-05
Epoch: 314	TL: 1.015e-04	VL: 7.921e-04	 7.857e-04	 lr:6.25e-05
Epoch: 315	TL: 9.610e-05	VL: 7.907e-04	 7.882e-04	 lr:6.25e-05
Epoch: 316	TL: 1.007e-04	VL: 8.086e-04	 7.984e-04	 lr:6.25e-05
Epoch: 317	TL: 9.863e-05	VL: 8.325e-04	 8.154e-04	 lr:6.25e-05
Epoch: 318	TL: 7.984e-05	VL: 7.609e-04	 7.882e-04	 lr:3.125e-05
Epoch: 319	TL: 7.904e-05	VL: 7.720e-04	 7.801e-04	 lr:3.125e-05
Epoch: 320	TL: 8.082e-05	VL: 7.713e-04	 7.757e-04	 lr:3.125e-05
Epoch: 321	TL: 8.006e-05	VL: 7.660e-04	 7.708e-04	 lr:3.125e-05
Epoch: 322	TL: 8.041e-05	VL: 7.733e-04	 7.721e-04	 lr:3.125e-05
Epoch: 323	TL: 8.081e-05	VL: 7.796e-04	 7.759e-04	 lr:3.125e-05
Epoch: 324	TL: 7.974e-05	VL: 7.749e-04	 7.754e-04	 lr:3.125e-05
Epoch: 325	TL: 8.026e-05	VL: 7.720e-04	 7.737e-04	 lr:3.125e-05
Epoch: 326	TL: 8.044e-05	VL: 7.683e-04	 7.710e-04	 lr:3.125e-05
Epoch: 327	TL: 7.921e-05	VL: 7.680e-04	 7.695e-04	 lr:3.125e-05
Epoch: 328	TL: 7.949e-05	VL: 7.643e-04	 7.669e-04	 lr:3.125e-05
Epoch: 329	TL: 8.012e-05	VL: 7.717e-04	 7.693e-04	 lr:3.125e-05
Epoch: 330	TL: 7.949e-05	VL: 7.613e-04	 7.653e-04	 lr:3.125e-05
Epoch: 331	TL: 7.910e-05	VL: 7.546e-04	 7.600e-04	 lr:3.125e-05
Epoch: 332	TL: 7.889e-05	VL: 7.859e-04	 7.729e-04	 lr:3.125e-05
Epoch: 333	TL: 7.883e-05	VL: 7.552e-04	 7.641e-04	 lr:3.125e-05
Epoch: 334	TL: 7.812e-05	VL: 7.693e-04	 7.667e-04	 lr:3.125e-05
Epoch: 335	TL: 8.038e-05	VL: 7.633e-04	 7.650e-04	 lr:3.125e-05
Epoch: 336	TL: 7.879e-05	VL: 7.883e-04	 7.766e-04	 lr:3.125e-05
Epoch: 337	TL: 7.829e-05	VL: 7.658e-04	 7.712e-04	 lr:3.125e-05
Epoch: 338	TL: 7.812e-05	VL: 7.651e-04	 7.682e-04	 lr:3.125e-05
Epoch: 339	TL: 7.893e-05	VL: 7.728e-04	 7.705e-04	 lr:3.125e-05
Epoch: 340	TL: 7.871e-05	VL: 7.595e-04	 7.650e-04	 lr:3.125e-05
Epoch: 341	TL: 7.824e-05	VL: 7.546e-04	 7.598e-04	 lr:3.125e-05
Epoch: 342	TL: 7.818e-05	VL: 7.740e-04	 7.669e-04	 lr:3.125e-05
Epoch: 343	TL: 7.958e-05	VL: 7.837e-04	 7.753e-04	 lr:3.125e-05
Epoch: 344	TL: 7.770e-05	VL: 7.712e-04	 7.733e-04	 lr:3.125e-05
Epoch: 345	TL: 7.650e-05	VL: 7.810e-04	 7.771e-04	 lr:3.125e-05
Epoch: 346	TL: 7.730e-05	VL: 7.633e-04	 7.702e-04	 lr:3.125e-05
Epoch: 347	TL: 7.819e-05	VL: 7.654e-04	 7.678e-04	 lr:3.125e-05
Epoch: 348	TL: 7.887e-05	VL: 7.606e-04	 7.642e-04	 lr:3.125e-05
Epoch: 349	TL: 7.735e-05	VL: 7.610e-04	 7.626e-04	 lr:3.125e-05
Epoch: 350	TL: 7.705e-05	VL: 7.690e-04	 7.658e-04	 lr:3.125e-05
Epoch: 351	TL: 7.750e-05	VL: 7.531e-04	 7.594e-04	 lr:3.125e-05
Epoch: 352	TL: 7.739e-05	VL: 7.724e-04	 7.659e-04	 lr:3.125e-05
Epoch: 353	TL: 7.723e-05	VL: 7.630e-04	 7.645e-04	 lr:3.125e-05
Epoch: 354	TL: 7.766e-05	VL: 7.615e-04	 7.630e-04	 lr:3.125e-05
Epoch: 355	TL: 7.659e-05	VL: 7.667e-04	 7.649e-04	 lr:3.125e-05
Epoch: 356	TL: 7.709e-05	VL: 7.709e-04	 7.679e-04	 lr:3.125e-05
Epoch: 357	TL: 7.670e-05	VL: 7.628e-04	 7.653e-04	 lr:3.125e-05
Epoch: 358	TL: 7.709e-05	VL: 7.670e-04	 7.662e-04	 lr:3.125e-05
Epoch: 359	TL: 7.633e-05	VL: 7.773e-04	 7.717e-04	 lr:3.125e-05
Epoch: 360	TL: 7.592e-05	VL: 7.731e-04	 7.724e-04	 lr:3.125e-05
Epoch: 361	TL: 7.737e-05	VL: 7.580e-04	 7.652e-04	 lr:3.125e-05
Epoch: 362	TL: 7.497e-05	VL: 7.674e-04	 7.663e-04	 lr:3.125e-05
Epoch: 363	TL: 7.626e-05	VL: 7.768e-04	 7.715e-04	 lr:3.125e-05
Epoch: 364	TL: 7.721e-05	VL: 7.608e-04	 7.662e-04	 lr:3.125e-05
Epoch: 365	TL: 7.448e-05	VL: 7.693e-04	 7.677e-04	 lr:3.125e-05
Epoch: 366	TL: 7.740e-05	VL: 7.676e-04	 7.677e-04	 lr:3.125e-05
Epoch: 367	TL: 7.623e-05	VL: 7.682e-04	 7.679e-04	 lr:3.125e-05
Epoch: 368	TL: 7.591e-05	VL: 7.576e-04	 7.628e-04	 lr:3.125e-05
Epoch: 369	TL: 7.442e-05	VL: 7.638e-04	 7.633e-04	 lr:3.125e-05
Epoch: 370	TL: 7.613e-05	VL: 7.726e-04	 7.679e-04	 lr:3.125e-05
Epoch: 371	TL: 7.551e-05	VL: 7.790e-04	 7.734e-04	 lr:3.125e-05
Epoch: 372	TL: 7.652e-05	VL: 7.757e-04	 7.746e-04	 lr:3.125e-05
Epoch: 373	TL: 6.595e-05	VL: 7.577e-04	 7.661e-04	 lr:1.5625e-05
Epoch: 374	TL: 6.690e-05	VL: 7.566e-04	 7.614e-04	 lr:1.5625e-05
Epoch: 375	TL: 6.738e-05	VL: 7.554e-04	 7.584e-04	 lr:1.5625e-05
Epoch: 376	TL: 6.726e-05	VL: 7.528e-04	 7.556e-04	 lr:1.5625e-05
Epoch: 377	TL: 6.673e-05	VL: 7.580e-04	 7.568e-04	 lr:1.5625e-05
Epoch: 378	TL: 6.689e-05	VL: 7.561e-04	 7.564e-04	 lr:1.5625e-05
Epoch: 379	TL: 6.740e-05	VL: 7.590e-04	 7.577e-04	 lr:1.5625e-05
Epoch: 380	TL: 6.636e-05	VL: 7.587e-04	 7.582e-04	 lr:1.5625e-05
Epoch: 381	TL: 6.695e-05	VL: 7.570e-04	 7.576e-04	 lr:1.5625e-05
Epoch: 382	TL: 6.707e-05	VL: 7.580e-04	 7.578e-04	 lr:1.5625e-05
Epoch: 383	TL: 6.676e-05	VL: 7.553e-04	 7.566e-04	 lr:1.5625e-05
Epoch: 384	TL: 6.638e-05	VL: 7.570e-04	 7.568e-04	 lr:1.5625e-05
Epoch: 385	TL: 6.637e-05	VL: 7.627e-04	 7.597e-04	 lr:1.5625e-05
Epoch: 386	TL: 6.644e-05	VL: 7.520e-04	 7.559e-04	 lr:1.5625e-05
Epoch: 387	TL: 6.676e-05	VL: 7.577e-04	 7.568e-04	 lr:1.5625e-05
Epoch: 388	TL: 6.675e-05	VL: 7.527e-04	 7.547e-04	 lr:1.5625e-05
Epoch: 389	TL: 6.647e-05	VL: 7.560e-04	 7.554e-04	 lr:1.5625e-05
Epoch: 390	TL: 6.623e-05	VL: 7.598e-04	 7.576e-04	 lr:1.5625e-05
Epoch: 391	TL: 6.669e-05	VL: 7.674e-04	 7.625e-04	 lr:1.5625e-05
Epoch: 392	TL: 6.608e-05	VL: 7.709e-04	 7.667e-04	 lr:1.5625e-05
Epoch: 393	TL: 6.661e-05	VL: 7.540e-04	 7.603e-04	 lr:1.5625e-05
Epoch: 394	TL: 6.572e-05	VL: 7.704e-04	 7.654e-04	 lr:1.5625e-05
Epoch: 395	TL: 6.617e-05	VL: 7.500e-04	 7.577e-04	 lr:1.5625e-05
Epoch: 396	TL: 6.662e-05	VL: 7.582e-04	 7.580e-04	 lr:1.5625e-05
Epoch: 397	TL: 6.565e-05	VL: 7.675e-04	 7.627e-04	 lr:1.5625e-05
Epoch: 398	TL: 6.642e-05	VL: 7.625e-04	 7.626e-04	 lr:1.5625e-05
Epoch: 399	TL: 6.558e-05	VL: 7.633e-04	 7.630e-04	 lr:1.5625e-05
Epoch: 400	TL: 6.607e-05	VL: 7.528e-04	 7.579e-04	 lr:1.5625e-05
Epoch: 401	TL: 6.623e-05	VL: 7.554e-04	 7.566e-04	 lr:1.5625e-05
Epoch: 402	TL: 6.586e-05	VL: 7.688e-04	 7.627e-04	 lr:1.5625e-05
Epoch: 403	TL: 6.537e-05	VL: 7.604e-04	 7.615e-04	 lr:1.5625e-05
Epoch: 404	TL: 6.572e-05	VL: 7.543e-04	 7.579e-04	 lr:1.5625e-05
Epoch: 405	TL: 6.524e-05	VL: 7.540e-04	 7.560e-04	 lr:1.5625e-05
Epoch: 406	TL: 6.681e-05	VL: 7.530e-04	 7.545e-04	 lr:1.5625e-05
Epoch: 407	TL: 6.534e-05	VL: 7.544e-04	 7.544e-04	 lr:1.5625e-05
Epoch: 408	TL: 6.551e-05	VL: 7.498e-04	 7.521e-04	 lr:1.5625e-05
Epoch: 409	TL: 6.491e-05	VL: 7.531e-04	 7.526e-04	 lr:1.5625e-05
Epoch: 410	TL: 6.531e-05	VL: 7.567e-04	 7.547e-04	 lr:1.5625e-05
Epoch: 411	TL: 6.601e-05	VL: 7.526e-04	 7.536e-04	 lr:1.5625e-05
Epoch: 412	TL: 6.459e-05	VL: 7.569e-04	 7.553e-04	 lr:1.5625e-05
Epoch: 413	TL: 6.529e-05	VL: 7.562e-04	 7.557e-04	 lr:1.5625e-05
Epoch: 414	TL: 6.491e-05	VL: 7.524e-04	 7.541e-04	 lr:1.5625e-05
Epoch: 415	TL: 6.461e-05	VL: 7.531e-04	 7.536e-04	 lr:1.5625e-05
Epoch: 416	TL: 6.485e-05	VL: 7.554e-04	 7.545e-04	 lr:1.5625e-05
Epoch: 417	TL: 6.532e-05	VL: 7.521e-04	 7.533e-04	 lr:1.5625e-05
Epoch: 418	TL: 6.505e-05	VL: 7.597e-04	 7.565e-04	 lr:1.5625e-05
Epoch: 419	TL: 6.460e-05	VL: 7.542e-04	 7.553e-04	 lr:1.5625e-05
Epoch: 420	TL: 6.460e-05	VL: 7.558e-04	 7.556e-04	 lr:1.5625e-05
Epoch: 421	TL: 6.516e-05	VL: 7.623e-04	 7.589e-04	 lr:1.5625e-05
Epoch: 422	TL: 6.501e-05	VL: 7.568e-04	 7.579e-04	 lr:1.5625e-05
Epoch: 423	TL: 6.426e-05	VL: 7.562e-04	 7.571e-04	 lr:1.5625e-05
Epoch: 424	TL: 6.500e-05	VL: 7.521e-04	 7.546e-04	 lr:1.5625e-05
Epoch: 425	TL: 6.413e-05	VL: 7.541e-04	 7.543e-04	 lr:1.5625e-05
Epoch: 426	TL: 6.469e-05	VL: 7.551e-04	 7.547e-04	 lr:1.5625e-05
Epoch: 427	TL: 6.462e-05	VL: 7.538e-04	 7.542e-04	 lr:1.5625e-05
Epoch: 428	TL: 6.417e-05	VL: 7.532e-04	 7.537e-04	 lr:1.5625e-05
Epoch: 429	TL: 6.406e-05	VL: 7.709e-04	 7.623e-04	 lr:1.5625e-05
Epoch: 430	TL: 6.037e-05	VL: 7.518e-04	 7.571e-04	 lr:7.8125e-06
Epoch: 431	TL: 6.035e-05	VL: 7.491e-04	 7.531e-04	 lr:7.8125e-06
Epoch: 432	TL: 6.029e-05	VL: 7.670e-04	 7.600e-04	 lr:7.8125e-06
Epoch: 433	TL: 5.995e-05	VL: 7.471e-04	 7.536e-04	 lr:7.8125e-06
Epoch: 434	TL: 6.009e-05	VL: 7.523e-04	 7.530e-04	 lr:7.8125e-06
Epoch: 435	TL: 5.988e-05	VL: 7.528e-04	 7.529e-04	 lr:7.8125e-06
Epoch: 436	TL: 6.028e-05	VL: 7.541e-04	 7.535e-04	 lr:7.8125e-06
Epoch: 437	TL: 6.019e-05	VL: 7.519e-04	 7.527e-04	 lr:7.8125e-06
Epoch: 438	TL: 6.038e-05	VL: 7.487e-04	 7.507e-04	 lr:7.8125e-06
Epoch: 439	TL: 5.994e-05	VL: 7.505e-04	 7.506e-04	 lr:7.8125e-06
Epoch: 440	TL: 5.996e-05	VL: 7.575e-04	 7.541e-04	 lr:7.8125e-06
Epoch: 441	TL: 6.021e-05	VL: 7.530e-04	 7.535e-04	 lr:7.8125e-06
Epoch: 442	TL: 6.018e-05	VL: 7.508e-04	 7.522e-04	 lr:7.8125e-06
Epoch: 443	TL: 5.997e-05	VL: 7.537e-04	 7.530e-04	 lr:7.8125e-06
Epoch: 444	TL: 5.991e-05	VL: 7.529e-04	 7.529e-04	 lr:7.8125e-06
Epoch: 445	TL: 6.000e-05	VL: 7.507e-04	 7.518e-04	 lr:7.8125e-06
Epoch: 446	TL: 6.005e-05	VL: 7.580e-04	 7.549e-04	 lr:7.8125e-06
Epoch: 447	TL: 5.983e-05	VL: 7.548e-04	 7.549e-04	 lr:7.8125e-06
Epoch: 448	TL: 5.982e-05	VL: 7.477e-04	 7.513e-04	 lr:7.8125e-06
Epoch: 449	TL: 5.972e-05	VL: 7.510e-04	 7.511e-04	 lr:7.8125e-06
Epoch: 450	TL: 6.009e-05	VL: 7.541e-04	 7.526e-04	 lr:7.8125e-06
Epoch: 451	TL: 5.951e-05	VL: 7.525e-04	 7.525e-04	 lr:7.8125e-06
Epoch: 452	TL: 6.011e-05	VL: 7.510e-04	 7.518e-04	 lr:7.8125e-06
Epoch: 453	TL: 6.001e-05	VL: 7.496e-04	 7.507e-04	 lr:7.8125e-06
Epoch: 454	TL: 5.980e-05	VL: 7.518e-04	 7.513e-04	 lr:7.8125e-06
Epoch: 455	TL: 5.951e-05	VL: 7.500e-04	 7.506e-04	 lr:7.8125e-06
Epoch: 456	TL: 5.946e-05	VL: 7.535e-04	 7.520e-04	 lr:7.8125e-06
Epoch: 457	TL: 5.966e-05	VL: 7.521e-04	 7.521e-04	 lr:7.8125e-06
Epoch: 458	TL: 6.022e-05	VL: 7.519e-04	 7.520e-04	 lr:7.8125e-06
Epoch: 459	TL: 5.962e-05	VL: 7.555e-04	 7.537e-04	 lr:7.8125e-06
Epoch: 460	TL: 5.939e-05	VL: 7.660e-04	 7.599e-04	 lr:7.8125e-06
Epoch: 461	TL: 5.753e-05	VL: 7.486e-04	 7.543e-04	 lr:3.90625e-06
Epoch: 462	TL: 5.711e-05	VL: 7.502e-04	 7.522e-04	 lr:3.90625e-06
Epoch: 463	TL: 5.719e-05	VL: 7.516e-04	 7.519e-04	 lr:3.90625e-06
Epoch: 464	TL: 5.726e-05	VL: 7.487e-04	 7.503e-04	 lr:3.90625e-06
Epoch: 465	TL: 5.725e-05	VL: 7.507e-04	 7.505e-04	 lr:3.90625e-06
Epoch: 466	TL: 5.725e-05	VL: 7.515e-04	 7.510e-04	 lr:3.90625e-06
Epoch: 467	TL: 5.736e-05	VL: 7.516e-04	 7.513e-04	 lr:3.90625e-06
Epoch: 468	TL: 5.734e-05	VL: 7.493e-04	 7.503e-04	 lr:3.90625e-06
Epoch: 469	TL: 5.724e-05	VL: 7.495e-04	 7.499e-04	 lr:3.90625e-06
Epoch: 470	TL: 5.728e-05	VL: 7.513e-04	 7.506e-04	 lr:3.90625e-06
Epoch: 471	TL: 5.707e-05	VL: 7.500e-04	 7.503e-04	 lr:3.90625e-06
Epoch: 472	TL: 5.715e-05	VL: 7.488e-04	 7.495e-04	 lr:3.90625e-06
Epoch: 473	TL: 5.710e-05	VL: 7.492e-04	 7.494e-04	 lr:3.90625e-06
Epoch: 474	TL: 5.741e-05	VL: 7.522e-04	 7.508e-04	 lr:3.90625e-06
Epoch: 475	TL: 5.725e-05	VL: 7.510e-04	 7.509e-04	 lr:3.90625e-06
Epoch: 476	TL: 5.708e-05	VL: 7.489e-04	 7.499e-04	 lr:3.90625e-06
Epoch: 477	TL: 5.708e-05	VL: 7.519e-04	 7.509e-04	 lr:3.90625e-06
Epoch: 478	TL: 5.710e-05	VL: 7.541e-04	 7.525e-04	 lr:3.90625e-06
Epoch: 479	TL: 5.691e-05	VL: 7.477e-04	 7.501e-04	 lr:3.90625e-06
Epoch: 480	TL: 5.713e-05	VL: 7.556e-04	 7.529e-04	 lr:3.90625e-06
Epoch: 481	TL: 5.710e-05	VL: 7.531e-04	 7.530e-04	 lr:3.90625e-06
Epoch: 482	TL: 5.721e-05	VL: 7.507e-04	 7.519e-04	 lr:3.90625e-06
Epoch: 483	TL: 5.703e-05	VL: 7.512e-04	 7.515e-04	 lr:3.90625e-06
Epoch: 484	TL: 5.716e-05	VL: 7.481e-04	 7.498e-04	 lr:3.90625e-06
Epoch: 485	TL: 5.705e-05	VL: 7.507e-04	 7.503e-04	 lr:3.90625e-06
Epoch: 486	TL: 5.708e-05	VL: 7.531e-04	 7.517e-04	 lr:3.90625e-06
Epoch: 487	TL: 5.727e-05	VL: 7.545e-04	 7.531e-04	 lr:3.90625e-06
Epoch: 488	TL: 5.685e-05	VL: 7.506e-04	 7.519e-04	 lr:3.90625e-06
Epoch: 489	TL: 5.698e-05	VL: 7.520e-04	 7.519e-04	 lr:3.90625e-06
Epoch: 490	TL: 5.705e-05	VL: 7.519e-04	 7.519e-04	 lr:3.90625e-06
Epoch: 491	TL: 5.685e-05	VL: 7.503e-04	 7.511e-04	 lr:3.90625e-06
Epoch: 492	TL: 5.712e-05	VL: 7.531e-04	 7.521e-04	 lr:3.90625e-06
Epoch: 493	TL: 5.711e-05	VL: 7.517e-04	 7.519e-04	 lr:3.90625e-06
Epoch: 494	TL: 5.673e-05	VL: 7.493e-04	 7.506e-04	 lr:3.90625e-06
Epoch: 495	TL: 5.592e-05	VL: 7.502e-04	 7.504e-04	 lr:1.953125e-06
Epoch: 496	TL: 5.577e-05	VL: 7.501e-04	 7.502e-04	 lr:1.953125e-06
Epoch: 497	TL: 5.575e-05	VL: 7.506e-04	 7.504e-04	 lr:1.953125e-06
Epoch: 498	TL: 5.571e-05	VL: 7.506e-04	 7.505e-04	 lr:1.953125e-06
Epoch: 499	TL: 5.567e-05	VL: 7.517e-04	 7.511e-04	 lr:1.953125e-06
Epoch: 500	TL: 5.571e-05	VL: 7.498e-04	 7.505e-04	 lr:1.953125e-06
Epoch: 501	TL: 5.565e-05	VL: 7.504e-04	 7.504e-04	 lr:1.953125e-06
Epoch: 502	TL: 5.587e-05	VL: 7.520e-04	 7.512e-04	 lr:1.953125e-06
Epoch: 503	TL: 5.564e-05	VL: 7.491e-04	 7.501e-04	 lr:1.953125e-06
Epoch: 504	TL: 5.569e-05	VL: 7.485e-04	 7.493e-04	 lr:1.953125e-06
Epoch: 505	TL: 5.578e-05	VL: 7.494e-04	 7.494e-04	 lr:1.953125e-06
Epoch: 506	TL: 5.571e-05	VL: 7.523e-04	 7.508e-04	 lr:1.953125e-06
Epoch: 507	TL: 5.566e-05	VL: 7.503e-04	 7.506e-04	 lr:1.953125e-06
Epoch: 508	TL: 5.576e-05	VL: 7.489e-04	 7.497e-04	 lr:1.953125e-06
Epoch: 509	TL: 5.560e-05	VL: 7.557e-04	 7.527e-04	 lr:1.953125e-06
Epoch: 510	TL: 5.565e-05	VL: 7.533e-04	 7.530e-04	 lr:1.953125e-06
Epoch: 511	TL: 5.563e-05	VL: 7.495e-04	 7.513e-04	 lr:1.953125e-06
Epoch: 512	TL: 5.554e-05	VL: 7.500e-04	 7.506e-04	 lr:1.953125e-06
Epoch: 513	TL: 5.559e-05	VL: 7.500e-04	 7.503e-04	 lr:1.953125e-06
Epoch: 514	TL: 5.564e-05	VL: 7.500e-04	 7.502e-04	 lr:1.953125e-06
Epoch: 515	TL: 5.566e-05	VL: 7.515e-04	 7.508e-04	 lr:1.953125e-06
Epoch: 516	TL: 5.560e-05	VL: 7.497e-04	 7.503e-04	 lr:1.953125e-06
Epoch: 517	TL: 5.563e-05	VL: 7.505e-04	 7.504e-04	 lr:1.953125e-06
Epoch: 518	TL: 5.565e-05	VL: 7.491e-04	 7.497e-04	 lr:1.953125e-06
Epoch: 519	TL: 5.555e-05	VL: 7.490e-04	 7.494e-04	 lr:1.953125e-06
Epoch: 520	TL: 5.558e-05	VL: 7.494e-04	 7.494e-04	 lr:1.953125e-06
Epoch: 521	TL: 5.561e-05	VL: 7.502e-04	 7.498e-04	 lr:1.953125e-06
Epoch: 522	TL: 5.542e-05	VL: 7.498e-04	 7.498e-04	 lr:1.953125e-06
Epoch: 523	TL: 5.559e-05	VL: 7.475e-04	 7.486e-04	 lr:1.953125e-06
Epoch: 524	TL: 5.556e-05	VL: 7.520e-04	 7.503e-04	 lr:1.953125e-06
Epoch: 525	TL: 5.551e-05	VL: 7.500e-04	 7.502e-04	 lr:1.953125e-06
Epoch: 526	TL: 5.557e-05	VL: 7.501e-04	 7.501e-04	 lr:1.953125e-06
Epoch: 527	TL: 5.552e-05	VL: 7.529e-04	 7.515e-04	 lr:1.953125e-06
Epoch: 528	TL: 5.551e-05	VL: 7.489e-04	 7.502e-04	 lr:1.953125e-06
Epoch: 529	TL: 5.541e-05	VL: 7.503e-04	 7.503e-04	 lr:1.953125e-06
Epoch: 530	TL: 5.542e-05	VL: 7.504e-04	 7.503e-04	 lr:1.953125e-06
Epoch: 531	TL: 5.567e-05	VL: 7.506e-04	 7.505e-04	 lr:1.953125e-06
Epoch: 532	TL: 5.548e-05	VL: 7.488e-04	 7.496e-04	 lr:1.953125e-06
Epoch: 533	TL: 5.542e-05	VL: 7.515e-04	 7.505e-04	 lr:1.953125e-06
Epoch: 534	TL: 5.543e-05	VL: 7.508e-04	 7.507e-04	 lr:1.953125e-06
Epoch: 535	TL: 5.545e-05	VL: 7.495e-04	 7.501e-04	 lr:1.953125e-06
Epoch: 536	TL: 5.551e-05	VL: 7.490e-04	 7.496e-04	 lr:1.953125e-06
Epoch: 537	TL: 5.551e-05	VL: 7.509e-04	 7.502e-04	 lr:1.953125e-06
Epoch: 538	TL: 5.538e-05	VL: 7.499e-04	 7.501e-04	 lr:1.953125e-06
Epoch: 539	TL: 5.551e-05	VL: 7.496e-04	 7.498e-04	 lr:1.953125e-06
Epoch: 540	TL: 5.533e-05	VL: 7.482e-04	 7.490e-04	 lr:1.953125e-06
Epoch: 541	TL: 5.546e-05	VL: 7.495e-04	 7.492e-04	 lr:1.953125e-06
Epoch: 542	TL: 5.544e-05	VL: 7.495e-04	 7.494e-04	 lr:1.953125e-06
Epoch: 543	TL: 5.540e-05	VL: 7.484e-04	 7.489e-04	 lr:1.953125e-06
Epoch: 544	TL: 5.542e-05	VL: 7.487e-04	 7.488e-04	 lr:1.953125e-06
Epoch: 545	TL: 5.475e-05	VL: 7.512e-04	 7.500e-04	 lr:9.765625e-07
Epoch: 546	TL: 5.480e-05	VL: 7.481e-04	 7.491e-04	 lr:9.765625e-07
Epoch: 547	TL: 5.480e-05	VL: 7.492e-04	 7.491e-04	 lr:9.765625e-07
Epoch: 548	TL: 5.470e-05	VL: 7.493e-04	 7.492e-04	 lr:9.765625e-07
Epoch: 549	TL: 5.474e-05	VL: 7.486e-04	 7.489e-04	 lr:9.765625e-07
Epoch: 550	TL: 5.475e-05	VL: 7.489e-04	 7.489e-04	 lr:9.765625e-07
Epoch: 551	TL: 5.478e-05	VL: 7.493e-04	 7.491e-04	 lr:9.765625e-07
Epoch: 552	TL: 5.481e-05	VL: 7.479e-04	 7.485e-04	 lr:9.765625e-07
Epoch: 553	TL: 5.475e-05	VL: 7.482e-04	 7.484e-04	 lr:9.765625e-07
Epoch: 554	TL: 5.472e-05	VL: 7.488e-04	 7.486e-04	 lr:9.765625e-07
Epoch: 555	TL: 5.473e-05	VL: 7.496e-04	 7.491e-04	 lr:9.765625e-07
Epoch: 556	TL: 5.476e-05	VL: 7.497e-04	 7.494e-04	 lr:9.765625e-07
Epoch: 557	TL: 5.470e-05	VL: 7.487e-04	 7.491e-04	 lr:9.765625e-07
Epoch: 558	TL: 5.476e-05	VL: 7.495e-04	 7.493e-04	 lr:9.765625e-07
Epoch: 559	TL: 5.465e-05	VL: 7.483e-04	 7.488e-04	 lr:9.765625e-07
Epoch: 560	TL: 5.466e-05	VL: 7.490e-04	 7.489e-04	 lr:9.765625e-07
Epoch: 561	TL: 5.465e-05	VL: 7.513e-04	 7.501e-04	 lr:9.765625e-07
Epoch: 562	TL: 5.462e-05	VL: 7.497e-04	 7.499e-04	 lr:9.765625e-07
Epoch: 563	TL: 5.462e-05	VL: 7.488e-04	 7.494e-04	 lr:9.765625e-07
Epoch: 564	TL: 5.461e-05	VL: 7.494e-04	 7.494e-04	 lr:9.765625e-07
Epoch: 565	TL: 5.469e-05	VL: 7.493e-04	 7.493e-04	 lr:9.765625e-07
Epoch: 566	TL: 5.469e-05	VL: 7.485e-04	 7.489e-04	 lr:9.765625e-07
Epoch: 567	TL: 5.467e-05	VL: 7.500e-04	 7.494e-04	 lr:9.765625e-07
Epoch: 568	TL: 5.474e-05	VL: 7.486e-04	 7.490e-04	 lr:9.765625e-07
Epoch: 569	TL: 5.477e-05	VL: 7.480e-04	 7.485e-04	 lr:9.765625e-07
Epoch: 570	TL: 5.469e-05	VL: 7.501e-04	 7.493e-04	 lr:9.765625e-07
Epoch: 571	TL: 5.468e-05	VL: 7.500e-04	 7.496e-04	 lr:9.765625e-07
Epoch: 572	TL: 5.466e-05	VL: 7.505e-04	 7.501e-04	 lr:9.765625e-07
Epoch: 573	TL: 5.466e-05	VL: 7.503e-04	 7.502e-04	 lr:9.765625e-07
Epoch: 574	TL: 5.469e-05	VL: 7.503e-04	 7.502e-04	 lr:9.765625e-07
Epoch: 575	TL: 5.431e-05	VL: 7.487e-04	 7.495e-04	 lr:4.8828125e-07
Epoch: 576	TL: 5.429e-05	VL: 7.490e-04	 7.492e-04	 lr:4.8828125e-07
Epoch: 577	TL: 5.429e-05	VL: 7.485e-04	 7.489e-04	 lr:4.8828125e-07
Epoch: 578	TL: 5.426e-05	VL: 7.489e-04	 7.489e-04	 lr:4.8828125e-07
Epoch: 579	TL: 5.431e-05	VL: 7.482e-04	 7.486e-04	 lr:4.8828125e-07
Epoch: 580	TL: 5.430e-05	VL: 7.489e-04	 7.487e-04	 lr:4.8828125e-07
Epoch: 581	TL: 5.435e-05	VL: 7.481e-04	 7.484e-04	 lr:4.8828125e-07
Epoch: 582	TL: 5.430e-05	VL: 7.487e-04	 7.485e-04	 lr:4.8828125e-07
Epoch: 583	TL: 5.433e-05	VL: 7.490e-04	 7.488e-04	 lr:4.8828125e-07
Epoch: 584	TL: 5.420e-05	VL: 7.488e-04	 7.488e-04	 lr:4.8828125e-07
Epoch: 585	TL: 5.432e-05	VL: 7.477e-04	 7.482e-04	 lr:4.8828125e-07
Epoch: 586	TL: 5.423e-05	VL: 7.491e-04	 7.487e-04	 lr:4.8828125e-07
Epoch: 587	TL: 5.423e-05	VL: 7.488e-04	 7.487e-04	 lr:4.8828125e-07
Epoch: 588	TL: 5.433e-05	VL: 7.486e-04	 7.487e-04	 lr:4.8828125e-07
Epoch: 589	TL: 5.429e-05	VL: 7.488e-04	 7.488e-04	 lr:4.8828125e-07
Epoch: 590	TL: 5.424e-05	VL: 7.486e-04	 7.487e-04	 lr:4.8828125e-07
Epoch: 591	TL: 5.421e-05	VL: 7.490e-04	 7.488e-04	 lr:4.8828125e-07
Epoch: 592	TL: 5.426e-05	VL: 7.490e-04	 7.489e-04	 lr:4.8828125e-07
Epoch: 593	TL: 5.425e-05	VL: 7.483e-04	 7.486e-04	 lr:4.8828125e-07
Epoch: 594	TL: 5.424e-05	VL: 7.484e-04	 7.485e-04	 lr:4.8828125e-07
Epoch: 595	TL: 5.430e-05	VL: 7.481e-04	 7.483e-04	 lr:4.8828125e-07
Epoch: 596	TL: 5.428e-05	VL: 7.488e-04	 7.486e-04	 lr:4.8828125e-07
Epoch: 597	TL: 5.426e-05	VL: 7.492e-04	 7.489e-04	 lr:4.8828125e-07
Epoch: 598	TL: 5.431e-05	VL: 7.484e-04	 7.486e-04	 lr:4.8828125e-07
Epoch: 599	TL: 5.428e-05	VL: 7.486e-04	 7.486e-04	 lr:4.8828125e-07
Epoch: 600	TL: 5.424e-05	VL: 7.495e-04	 7.490e-04	 lr:4.8828125e-07
Epoch: 601	TL: 5.430e-05	VL: 7.483e-04	 7.487e-04	 lr:4.8828125e-07
Epoch: 602	TL: 5.421e-05	VL: 7.498e-04	 7.493e-04	 lr:4.8828125e-07
Epoch: 603	TL: 5.428e-05	VL: 7.483e-04	 7.488e-04	 lr:4.8828125e-07
Epoch: 604	TL: 5.431e-05	VL: 7.483e-04	 7.485e-04	 lr:4.8828125e-07
Epoch: 605	TL: 5.422e-05	VL: 7.491e-04	 7.488e-04	 lr:4.8828125e-07
Epoch: 606	TL: 5.426e-05	VL: 7.485e-04	 7.487e-04	 lr:4.8828125e-07
Epoch: 607	TL: 5.408e-05	VL: 7.491e-04	 7.489e-04	 lr:2.44140625e-07
Epoch: 608	TL: 5.406e-05	VL: 7.482e-04	 7.486e-04	 lr:2.44140625e-07
Epoch: 609	TL: 5.406e-05	VL: 7.484e-04	 7.485e-04	 lr:2.44140625e-07
Epoch: 610	TL: 5.407e-05	VL: 7.484e-04	 7.484e-04	 lr:2.44140625e-07
Epoch: 611	TL: 5.408e-05	VL: 7.487e-04	 7.485e-04	 lr:2.44140625e-07
Epoch: 612	TL: 5.410e-05	VL: 7.494e-04	 7.490e-04	 lr:2.44140625e-07
Epoch: 613	TL: 5.409e-05	VL: 7.486e-04	 7.488e-04	 lr:2.44140625e-07
Epoch: 614	TL: 5.403e-05	VL: 7.482e-04	 7.485e-04	 lr:2.44140625e-07
Epoch: 615	TL: 5.398e-05	VL: 7.489e-04	 7.487e-04	 lr:2.44140625e-07
Epoch: 616	TL: 5.406e-05	VL: 7.486e-04	 7.486e-04	 lr:2.44140625e-07
Epoch: 617	TL: 5.404e-05	VL: 7.494e-04	 7.490e-04	 lr:2.44140625e-07
Epoch: 618	TL: 5.405e-05	VL: 7.496e-04	 7.493e-04	 lr:2.44140625e-07
Epoch: 619	TL: 5.398e-05	VL: 7.485e-04	 7.489e-04	 lr:2.44140625e-07
Epoch: 620	TL: 5.404e-05	VL: 7.485e-04	 7.487e-04	 lr:2.44140625e-07
Epoch: 621	TL: 5.402e-05	VL: 7.487e-04	 7.487e-04	 lr:2.44140625e-07
Epoch: 622	TL: 5.406e-05	VL: 7.492e-04	 7.490e-04	 lr:2.44140625e-07
Epoch: 623	TL: 5.407e-05	VL: 7.490e-04	 7.490e-04	 lr:2.44140625e-07
Epoch: 624	TL: 5.404e-05	VL: 7.482e-04	 7.486e-04	 lr:2.44140625e-07
Epoch: 625	TL: 5.406e-05	VL: 7.484e-04	 7.485e-04	 lr:2.44140625e-07
Epoch: 626	TL: 5.407e-05	VL: 7.492e-04	 7.488e-04	 lr:2.44140625e-07
Epoch: 627	TL: 5.402e-05	VL: 7.484e-04	 7.486e-04	 lr:2.44140625e-07
Epoch: 628	TL: 5.396e-05	VL: 7.491e-04	 7.488e-04	 lr:1.220703125e-07
Epoch: 629	TL: 5.391e-05	VL: 7.485e-04	 7.486e-04	 lr:1.220703125e-07
Epoch: 630	TL: 5.394e-05	VL: 7.480e-04	 7.483e-04	 lr:1.220703125e-07
Epoch: 631	TL: 5.393e-05	VL: 7.487e-04	 7.485e-04	 lr:1.220703125e-07
Epoch: 632	TL: 5.398e-05	VL: 7.491e-04	 7.488e-04	 lr:1.220703125e-07
Epoch: 633	TL: 5.394e-05	VL: 7.487e-04	 7.488e-04	 lr:1.220703125e-07
Epoch: 634	TL: 5.396e-05	VL: 7.491e-04	 7.489e-04	 lr:1.220703125e-07
Epoch: 635	TL: 5.397e-05	VL: 7.490e-04	 7.490e-04	 lr:1.220703125e-07
Epoch: 636	TL: 5.396e-05	VL: 7.491e-04	 7.490e-04	 lr:1.220703125e-07
Epoch: 637	TL: 5.389e-05	VL: 7.488e-04	 7.489e-04	 lr:1.220703125e-07
Epoch: 638	TL: 5.400e-05	VL: 7.488e-04	 7.489e-04	 lr:1.220703125e-07
Epoch: 639	TL: 5.397e-05	VL: 7.484e-04	 7.486e-04	 lr:1.220703125e-07
Epoch: 640	TL: 5.397e-05	VL: 7.483e-04	 7.485e-04	 lr:1.220703125e-07
Epoch: 641	TL: 5.399e-05	VL: 7.489e-04	 7.487e-04	 lr:1.220703125e-07
Epoch: 642	TL: 5.393e-05	VL: 7.486e-04	 7.486e-04	 lr:1.220703125e-07
Epoch: 643	TL: 5.396e-05	VL: 7.495e-04	 7.490e-04	 lr:1.220703125e-07
Epoch: 644	TL: 5.400e-05	VL: 7.488e-04	 7.489e-04	 lr:1.220703125e-07
Epoch: 645	TL: 5.395e-05	VL: 7.484e-04	 7.486e-04	 lr:1.220703125e-07
Epoch: 646	TL: 5.390e-05	VL: 7.489e-04	 7.488e-04	 lr:1.220703125e-07
Epoch: 647	TL: 5.392e-05	VL: 7.485e-04	 7.486e-04	 lr:1.220703125e-07
Epoch: 648	TL: 5.399e-05	VL: 7.482e-04	 7.484e-04	 lr:1.220703125e-07
Epoch: 649	TL: 5.392e-05	VL: 7.491e-04	 7.488e-04	 lr:6.103515625e-08
Epoch: 650	TL: 5.390e-05	VL: 7.485e-04	 7.486e-04	 lr:6.103515625e-08
Epoch: 651	TL: 5.392e-05	VL: 7.486e-04	 7.486e-04	 lr:6.103515625e-08
Epoch: 652	TL: 5.390e-05	VL: 7.488e-04	 7.487e-04	 lr:6.103515625e-08
Epoch: 653	TL: 5.385e-05	VL: 7.492e-04	 7.490e-04	 lr:6.103515625e-08
Epoch: 654	TL: 5.390e-05	VL: 7.488e-04	 7.489e-04	 lr:6.103515625e-08
Epoch: 655	TL: 5.389e-05	VL: 7.488e-04	 7.488e-04	 lr:6.103515625e-08
Epoch: 656	TL: 5.390e-05	VL: 7.487e-04	 7.488e-04	 lr:6.103515625e-08
Epoch: 657	TL: 5.394e-05	VL: 7.492e-04	 7.490e-04	 lr:6.103515625e-08
Epoch: 658	TL: 5.393e-05	VL: 7.490e-04	 7.490e-04	 lr:6.103515625e-08
Epoch: 659	TL: 5.390e-05	VL: 7.489e-04	 7.490e-04	 lr:6.103515625e-08
Epoch: 660	TL: 5.389e-05	VL: 7.494e-04	 7.492e-04	 lr:6.103515625e-08
Epoch: 661	TL: 5.391e-05	VL: 7.494e-04	 7.493e-04	 lr:6.103515625e-08
Epoch: 662	TL: 5.387e-05	VL: 7.499e-04	 7.496e-04	 lr:6.103515625e-08
Epoch: 663	TL: 5.388e-05	VL: 7.487e-04	 7.491e-04	 lr:6.103515625e-08
Epoch: 664	TL: 5.392e-05	VL: 7.489e-04	 7.490e-04	 lr:6.103515625e-08
Epoch: 665	TL: 5.391e-05	VL: 7.490e-04	 7.490e-04	 lr:6.103515625e-08
Epoch: 666	TL: 5.389e-05	VL: 7.494e-04	 7.492e-04	 lr:6.103515625e-08
Epoch: 667	TL: 5.391e-05	VL: 7.491e-04	 7.492e-04	 lr:6.103515625e-08
Epoch: 668	TL: 5.391e-05	VL: 7.483e-04	 7.487e-04	 lr:6.103515625e-08
Epoch: 669	TL: 5.388e-05	VL: 7.491e-04	 7.489e-04	 lr:6.103515625e-08
Epoch: 670	TL: 5.387e-05	VL: 7.488e-04	 7.489e-04	 lr:3.0517578125e-08
Epoch: 671	TL: 5.387e-05	VL: 7.486e-04	 7.488e-04	 lr:3.0517578125e-08
Epoch: 672	TL: 5.388e-05	VL: 7.491e-04	 7.489e-04	 lr:3.0517578125e-08
Epoch: 673	TL: 5.389e-05	VL: 7.484e-04	 7.487e-04	 lr:3.0517578125e-08
Epoch: 674	TL: 5.390e-05	VL: 7.487e-04	 7.487e-04	 lr:3.0517578125e-08
Epoch: 675	TL: 5.387e-05	VL: 7.491e-04	 7.489e-04	 lr:3.0517578125e-08
Epoch: 676	TL: 5.387e-05	VL: 7.494e-04	 7.491e-04	 lr:3.0517578125e-08
Epoch: 677	TL: 5.383e-05	VL: 7.488e-04	 7.490e-04	 lr:3.0517578125e-08
Epoch: 678	TL: 5.387e-05	VL: 7.489e-04	 7.489e-04	 lr:3.0517578125e-08
Epoch: 679	TL: 5.387e-05	VL: 7.490e-04	 7.489e-04	 lr:3.0517578125e-08
Epoch: 680	TL: 5.384e-05	VL: 7.483e-04	 7.486e-04	 lr:3.0517578125e-08
Epoch: 681	TL: 5.387e-05	VL: 7.487e-04	 7.487e-04	 lr:3.0517578125e-08
Epoch: 682	TL: 5.388e-05	VL: 7.487e-04	 7.487e-04	 lr:3.0517578125e-08
Epoch: 683	TL: 5.386e-05	VL: 7.487e-04	 7.487e-04	 lr:3.0517578125e-08
Epoch: 684	TL: 5.390e-05	VL: 7.485e-04	 7.486e-04	 lr:3.0517578125e-08
Epoch: 685	TL: 5.384e-05	VL: 7.486e-04	 7.486e-04	 lr:3.0517578125e-08
Epoch: 686	TL: 5.389e-05	VL: 7.488e-04	 7.487e-04	 lr:3.0517578125e-08
Epoch: 687	TL: 5.389e-05	VL: 7.488e-04	 7.488e-04	 lr:3.0517578125e-08
Epoch: 688	TL: 5.386e-05	VL: 7.491e-04	 7.489e-04	 lr:3.0517578125e-08
Epoch: 689	TL: 5.391e-05	VL: 7.489e-04	 7.489e-04	 lr:3.0517578125e-08
Epoch: 690	TL: 5.392e-05	VL: 7.490e-04	 7.489e-04	 lr:3.0517578125e-08
Epoch: 691	TL: 5.384e-05	VL: 7.488e-04	 7.489e-04	 lr:1.52587890625e-08
Epoch: 692	TL: 5.386e-05	VL: 7.490e-04	 7.489e-04	 lr:1.52587890625e-08
Epoch: 693	TL: 5.387e-05	VL: 7.488e-04	 7.489e-04	 lr:1.52587890625e-08
Epoch: 694	TL: 5.385e-05	VL: 7.489e-04	 7.489e-04	 lr:1.52587890625e-08
Epoch: 695	TL: 5.384e-05	VL: 7.489e-04	 7.489e-04	 lr:1.52587890625e-08
Epoch: 696	TL: 5.386e-05	VL: 7.488e-04	 7.489e-04	 lr:1.52587890625e-08
Epoch: 697	TL: 5.388e-05	VL: 7.490e-04	 7.489e-04	 lr:1.52587890625e-08
Epoch: 698	TL: 5.385e-05	VL: 7.491e-04	 7.490e-04	 lr:1.52587890625e-08
Epoch: 699	TL: 5.387e-05	VL: 7.489e-04	 7.490e-04	 lr:1.52587890625e-08
Epoch: 700	TL: 5.387e-05	VL: 7.489e-04	 7.489e-04	 lr:1.52587890625e-08
Epoch: 701	TL: 5.381e-05	VL: 7.489e-04	 7.489e-04	 lr:1.52587890625e-08
Epoch: 702	TL: 5.387e-05	VL: 7.487e-04	 7.488e-04	 lr:1.52587890625e-08
Epoch: 703	TL: 5.386e-05	VL: 7.491e-04	 7.490e-04	 lr:1.52587890625e-08
Epoch: 704	TL: 5.384e-05	VL: 7.490e-04	 7.490e-04	 lr:1.52587890625e-08
Epoch: 705	TL: 5.386e-05	VL: 7.486e-04	 7.488e-04	 lr:1.52587890625e-08
Epoch: 706	TL: 5.388e-05	VL: 7.490e-04	 7.489e-04	 lr:1.52587890625e-08
Epoch: 707	TL: 5.388e-05	VL: 7.491e-04	 7.490e-04	 lr:1.52587890625e-08
Epoch: 708	TL: 5.385e-05	VL: 7.485e-04	 7.487e-04	 lr:1.52587890625e-08
Epoch: 709	TL: 5.386e-05	VL: 7.488e-04	 7.487e-04	 lr:1.52587890625e-08
Epoch: 710	TL: 5.386e-05	VL: 7.487e-04	 7.487e-04	 lr:1.52587890625e-08
Epoch: 711	TL: 5.385e-05	VL: 7.490e-04	 7.489e-04	 lr:1.52587890625e-08
Epoch: 712	TL: 5.386e-05	VL: 7.488e-04	 7.489e-04	 lr:1.52587890625e-08
Epoch: 713	TL: 5.386e-05	VL: 7.492e-04	 7.490e-04	 lr:1.52587890625e-08
Epoch: 714	TL: 5.386e-05	VL: 7.488e-04	 7.489e-04	 lr:1.52587890625e-08
Epoch: 715	TL: 5.385e-05	VL: 7.489e-04	 7.489e-04	 lr:1.52587890625e-08
Epoch: 716	TL: 5.388e-05	VL: 7.488e-04	 7.489e-04	 lr:1.52587890625e-08
Epoch: 717	TL: 5.386e-05	VL: 7.487e-04	 7.488e-04	 lr:1.52587890625e-08
Epoch: 718	TL: 5.386e-05	VL: 7.489e-04	 7.488e-04	 lr:1.52587890625e-08
Epoch: 719	TL: 5.388e-05	VL: 7.492e-04	 7.490e-04	 lr:1.52587890625e-08
Epoch: 720	TL: 5.390e-05	VL: 7.491e-04	 7.490e-04	 lr:1.52587890625e-08
Epoch: 721	TL: 5.383e-05	VL: 7.485e-04	 7.488e-04	 lr:1.52587890625e-08
Epoch: 722	TL: 5.387e-05	VL: 7.489e-04	 7.488e-04	 lr:1.52587890625e-08
Epoch: 723	TL: 5.384e-05	VL: 7.487e-04	 7.487e-04	 lr:1.52587890625e-08
Epoch: 724	TL: 5.383e-05	VL: 7.488e-04	 7.487e-04	 lr:1.52587890625e-08
Epoch: 725	TL: 5.387e-05	VL: 7.488e-04	 7.488e-04	 lr:1.52587890625e-08
Epoch: 726	TL: 5.385e-05	VL: 7.490e-04	 7.489e-04	 lr:1.52587890625e-08
Epoch: 727	TL: 5.388e-05	VL: 7.488e-04	 7.488e-04	 lr:1.52587890625e-08
Epoch: 728	TL: 5.387e-05	VL: 7.491e-04	 7.490e-04	 lr:1.52587890625e-08
Epoch: 729	TL: 5.383e-05	VL: 7.490e-04	 7.490e-04	 lr:1.52587890625e-08
Epoch: 730	TL: 5.385e-05	VL: 7.487e-04	 7.488e-04	 lr:1.52587890625e-08
Epoch: 731	TL: 5.386e-05	VL: 7.490e-04	 7.489e-04	 lr:1.52587890625e-08
Epoch: 732	TL: 5.388e-05	VL: 7.487e-04	 7.488e-04	 lr:1.52587890625e-08
Epoch: 733	TL: 5.384e-05	VL: 7.490e-04	 7.489e-04	 lr:1.52587890625e-08
Epoch: 734	TL: 5.383e-05	VL: 7.490e-04	 7.490e-04	 lr:1.52587890625e-08
Epoch: 735	TL: 5.384e-05	VL: 7.484e-04	 7.487e-04	 lr:1.52587890625e-08
Epoch: 736	TL: 5.389e-05	VL: 7.488e-04	 7.487e-04	 lr:1.52587890625e-08
Epoch: 737	TL: 5.387e-05	VL: 7.489e-04	 7.488e-04	 lr:1.52587890625e-08
Epoch: 738	TL: 5.383e-05	VL: 7.483e-04	 7.486e-04	 lr:1.52587890625e-08
Epoch: 739	TL: 5.385e-05	VL: 7.489e-04	 7.487e-04	 lr:1.52587890625e-08
Epoch: 740	TL: 5.386e-05	VL: 7.485e-04	 7.486e-04	 lr:1.52587890625e-08
Epoch: 741	TL: 5.384e-05	VL: 7.487e-04	 7.487e-04	 lr:1.52587890625e-08
Epoch: 742	TL: 5.388e-05	VL: 7.485e-04	 7.486e-04	 lr:1.52587890625e-08
Epoch: 743	TL: 5.387e-05	VL: 7.490e-04	 7.488e-04	 lr:1.52587890625e-08
Epoch: 744	TL: 5.388e-05	VL: 7.489e-04	 7.489e-04	 lr:1.52587890625e-08
Epoch: 745	TL: 5.387e-05	VL: 7.486e-04	 7.487e-04	 lr:1.52587890625e-08
Epoch: 746	TL: 5.386e-05	VL: 7.486e-04	 7.487e-04	 lr:1.52587890625e-08
Epoch: 747	TL: 5.382e-05	VL: 7.484e-04	 7.485e-04	 lr:1.52587890625e-08
Epoch: 748	TL: 5.384e-05	VL: 7.485e-04	 7.485e-04	 lr:1.52587890625e-08
Epoch: 749	TL: 5.384e-05	VL: 7.487e-04	 7.486e-04	 lr:1.52587890625e-08
Epoch: 750	TL: 5.389e-05	VL: 7.486e-04	 7.486e-04	 lr:1.52587890625e-08
Epoch: 751	TL: 5.387e-05	VL: 7.486e-04	 7.486e-04	 lr:1.52587890625e-08
Epoch: 752	TL: 5.388e-05	VL: 7.483e-04	 7.484e-04	 lr:1.52587890625e-08
Epoch: 753	TL: 5.384e-05	VL: 7.492e-04	 7.488e-04	 lr:1.52587890625e-08
Epoch: 754	TL: 5.388e-05	VL: 7.485e-04	 7.487e-04	 lr:1.52587890625e-08
Epoch: 755	TL: 5.386e-05	VL: 7.488e-04	 7.487e-04	 lr:1.52587890625e-08
Epoch: 756	TL: 5.388e-05	VL: 7.486e-04	 7.487e-04	 lr:1.52587890625e-08
Epoch: 757	TL: 5.386e-05	VL: 7.487e-04	 7.487e-04	 lr:1.52587890625e-08
Epoch: 758	TL: 5.382e-05	VL: 7.489e-04	 7.488e-04	 lr:1.52587890625e-08
Epoch: 759	TL: 5.385e-05	VL: 7.486e-04	 7.487e-04	 lr:1.52587890625e-08
Epoch: 760	TL: 5.387e-05	VL: 7.489e-04	 7.488e-04	 lr:1.52587890625e-08
Epoch: 761	TL: 5.384e-05	VL: 7.493e-04	 7.491e-04	 lr:1.52587890625e-08
Epoch: 762	TL: 5.388e-05	VL: 7.486e-04	 7.488e-04	 lr:1.52587890625e-08
Epoch: 763	TL: 5.384e-05	VL: 7.484e-04	 7.486e-04	 lr:1.52587890625e-08
Epoch: 764	TL: 5.388e-05	VL: 7.489e-04	 7.487e-04	 lr:1.52587890625e-08
Epoch: 765	TL: 5.381e-05	VL: 7.487e-04	 7.487e-04	 lr:1.52587890625e-08
Epoch: 766	TL: 5.386e-05	VL: 7.489e-04	 7.488e-04	 lr:1.52587890625e-08
Epoch: 767	TL: 5.386e-05	VL: 7.483e-04	 7.486e-04	 lr:1.52587890625e-08
Epoch: 768	TL: 5.385e-05	VL: 7.487e-04	 7.487e-04	 lr:1.52587890625e-08
Epoch: 769	TL: 5.384e-05	VL: 7.487e-04	 7.487e-04	 lr:1.52587890625e-08
Epoch: 770	TL: 5.387e-05	VL: 7.492e-04	 7.489e-04	 lr:1.52587890625e-08
Epoch: 771	TL: 5.382e-05	VL: 7.486e-04	 7.488e-04	 lr:1.52587890625e-08
Epoch: 772	TL: 5.385e-05	VL: 7.486e-04	 7.487e-04	 lr:1.52587890625e-08
Epoch: 773	TL: 5.388e-05	VL: 7.485e-04	 7.486e-04	 lr:1.52587890625e-08
Epoch: 774	TL: 5.384e-05	VL: 7.486e-04	 7.486e-04	 lr:1.52587890625e-08
Epoch: 775	TL: 5.390e-05	VL: 7.489e-04	 7.488e-04	 lr:1.52587890625e-08
Epoch: 776	TL: 5.386e-05	VL: 7.489e-04	 7.488e-04	 lr:1.52587890625e-08
Epoch: 777	TL: 5.386e-05	VL: 7.489e-04	 7.489e-04	 lr:1.52587890625e-08
Epoch: 778	TL: 5.389e-05	VL: 7.489e-04	 7.489e-04	 lr:1.52587890625e-08
Epoch: 779	TL: 5.386e-05	VL: 7.485e-04	 7.487e-04	 lr:1.52587890625e-08
Epoch: 780	TL: 5.386e-05	VL: 7.487e-04	 7.487e-04	 lr:1.52587890625e-08
Epoch: 781	TL: 5.388e-05	VL: 7.491e-04	 7.489e-04	 lr:1.52587890625e-08
Epoch: 782	TL: 5.383e-05	VL: 7.484e-04	 7.487e-04	 lr:1.52587890625e-08
Epoch: 783	TL: 5.386e-05	VL: 7.491e-04	 7.489e-04	 lr:1.52587890625e-08
Epoch: 784	TL: 5.386e-05	VL: 7.490e-04	 7.489e-04	 lr:1.52587890625e-08
Epoch: 785	TL: 5.386e-05	VL: 7.487e-04	 7.488e-04	 lr:1.52587890625e-08
Epoch: 786	TL: 5.386e-05	VL: 7.484e-04	 7.486e-04	 lr:1.52587890625e-08
Epoch: 787	TL: 5.386e-05	VL: 7.489e-04	 7.488e-04	 lr:1.52587890625e-08
Epoch: 788	TL: 5.384e-05	VL: 7.486e-04	 7.487e-04	 lr:1.52587890625e-08
Epoch: 789	TL: 5.386e-05	VL: 7.488e-04	 7.487e-04	 lr:1.52587890625e-08
Epoch: 790	TL: 5.385e-05	VL: 7.485e-04	 7.486e-04	 lr:1.52587890625e-08
Epoch: 791	TL: 5.383e-05	VL: 7.492e-04	 7.489e-04	 lr:1.52587890625e-08
Epoch: 792	TL: 5.386e-05	VL: 7.490e-04	 7.490e-04	 lr:1.52587890625e-08
Epoch: 793	TL: 5.386e-05	VL: 7.490e-04	 7.490e-04	 lr:1.52587890625e-08
Epoch: 794	TL: 5.385e-05	VL: 7.490e-04	 7.490e-04	 lr:1.52587890625e-08
Epoch: 795	TL: 5.386e-05	VL: 7.486e-04	 7.488e-04	 lr:1.52587890625e-08
Epoch: 796	TL: 5.384e-05	VL: 7.487e-04	 7.487e-04	 lr:1.52587890625e-08
Epoch: 797	TL: 5.384e-05	VL: 7.487e-04	 7.487e-04	 lr:1.52587890625e-08
Epoch: 798	TL: 5.385e-05	VL: 7.488e-04	 7.488e-04	 lr:1.52587890625e-08
Epoch: 799	TL: 5.387e-05	VL: 7.490e-04	 7.489e-04	 lr:1.52587890625e-08
Epoch: 800	TL: 5.386e-05	VL: 7.488e-04	 7.489e-04	 lr:1.52587890625e-08
Epoch: 801	TL: 5.384e-05	VL: 7.489e-04	 7.489e-04	 lr:1.52587890625e-08
Epoch: 802	TL: 5.385e-05	VL: 7.488e-04	 7.489e-04	 lr:1.52587890625e-08
Epoch: 803	TL: 5.386e-05	VL: 7.487e-04	 7.488e-04	 lr:1.52587890625e-08
Epoch: 804	TL: 5.383e-05	VL: 7.490e-04	 7.489e-04	 lr:1.52587890625e-08
Epoch: 805	TL: 5.387e-05	VL: 7.488e-04	 7.488e-04	 lr:1.52587890625e-08
Epoch: 806	TL: 5.385e-05	VL: 7.485e-04	 7.486e-04	 lr:1.52587890625e-08
Epoch: 807	TL: 5.386e-05	VL: 7.487e-04	 7.487e-04	 lr:1.52587890625e-08
Epoch: 808	TL: 5.386e-05	VL: 7.488e-04	 7.488e-04	 lr:1.52587890625e-08
Epoch: 809	TL: 5.386e-05	VL: 7.489e-04	 7.488e-04	 lr:1.52587890625e-08
Epoch: 810	TL: 5.387e-05	VL: 7.489e-04	 7.488e-04	 lr:1.52587890625e-08
Epoch: 811	TL: 5.384e-05	VL: 7.488e-04	 7.488e-04	 lr:1.52587890625e-08
Epoch: 812	TL: 5.388e-05	VL: 7.491e-04	 7.489e-04	 lr:1.52587890625e-08
Epoch: 813	TL: 5.387e-05	VL: 7.491e-04	 7.490e-04	 lr:1.52587890625e-08
Epoch: 814	TL: 5.385e-05	VL: 7.491e-04	 7.490e-04	 lr:1.52587890625e-08
Epoch: 815	TL: 5.385e-05	VL: 7.487e-04	 7.489e-04	 lr:1.52587890625e-08
Epoch: 816	TL: 5.386e-05	VL: 7.488e-04	 7.489e-04	 lr:1.52587890625e-08
Epoch: 817	TL: 5.386e-05	VL: 7.485e-04	 7.487e-04	 lr:1.52587890625e-08
Epoch: 818	TL: 5.383e-05	VL: 7.489e-04	 7.488e-04	 lr:1.52587890625e-08
Epoch: 819	TL: 5.382e-05	VL: 7.487e-04	 7.487e-04	 lr:1.52587890625e-08
Epoch: 820	TL: 5.383e-05	VL: 7.493e-04	 7.490e-04	 lr:1.52587890625e-08
Epoch: 821	TL: 5.384e-05	VL: 7.489e-04	 7.490e-04	 lr:1.52587890625e-08
Epoch: 822	TL: 5.383e-05	VL: 7.489e-04	 7.490e-04	 lr:1.52587890625e-08
Epoch: 823	TL: 5.384e-05	VL: 7.489e-04	 7.489e-04	 lr:1.52587890625e-08
Epoch: 824	TL: 5.384e-05	VL: 7.490e-04	 7.490e-04	 lr:1.52587890625e-08
Epoch: 825	TL: 5.383e-05	VL: 7.491e-04	 7.490e-04	 lr:1.52587890625e-08
Epoch: 826	TL: 5.386e-05	VL: 7.492e-04	 7.491e-04	 lr:1.52587890625e-08
Epoch: 827	TL: 5.387e-05	VL: 7.487e-04	 7.489e-04	 lr:1.52587890625e-08
Epoch: 828	TL: 5.385e-05	VL: 7.489e-04	 7.489e-04	 lr:1.52587890625e-08
Epoch: 829	TL: 5.385e-05	VL: 7.488e-04	 7.489e-04	 lr:1.52587890625e-08
Epoch: 830	TL: 5.380e-05	VL: 7.493e-04	 7.491e-04	 lr:1.52587890625e-08
Epoch: 831	TL: 5.382e-05	VL: 7.488e-04	 7.489e-04	 lr:1.52587890625e-08
Epoch: 832	TL: 5.385e-05	VL: 7.488e-04	 7.489e-04	 lr:1.52587890625e-08
Epoch: 833	TL: 5.382e-05	VL: 7.486e-04	 7.487e-04	 lr:1.52587890625e-08
Epoch: 834	TL: 5.380e-05	VL: 7.495e-04	 7.491e-04	 lr:1.52587890625e-08
Epoch: 835	TL: 5.382e-05	VL: 7.488e-04	 7.490e-04	 lr:1.52587890625e-08
Epoch: 836	TL: 5.385e-05	VL: 7.489e-04	 7.490e-04	 lr:1.52587890625e-08
Epoch: 837	TL: 5.384e-05	VL: 7.487e-04	 7.488e-04	 lr:1.52587890625e-08
Epoch: 838	TL: 5.385e-05	VL: 7.487e-04	 7.488e-04	 lr:1.52587890625e-08
Epoch: 839	TL: 5.383e-05	VL: 7.487e-04	 7.488e-04	 lr:1.52587890625e-08
Epoch: 840	TL: 5.382e-05	VL: 7.486e-04	 7.487e-04	 lr:1.52587890625e-08
Epoch: 841	TL: 5.387e-05	VL: 7.486e-04	 7.486e-04	 lr:1.52587890625e-08
Epoch: 842	TL: 5.384e-05	VL: 7.487e-04	 7.487e-04	 lr:1.52587890625e-08
Epoch: 843	TL: 5.385e-05	VL: 7.489e-04	 7.488e-04	 lr:1.52587890625e-08
Epoch: 844	TL: 5.386e-05	VL: 7.489e-04	 7.488e-04	 lr:1.52587890625e-08
Epoch: 845	TL: 5.382e-05	VL: 7.491e-04	 7.490e-04	 lr:1.52587890625e-08
Epoch: 846	TL: 5.383e-05	VL: 7.493e-04	 7.491e-04	 lr:1.52587890625e-08
Epoch: 847	TL: 5.386e-05	VL: 7.493e-04	 7.492e-04	 lr:1.52587890625e-08
Epoch: 848	TL: 5.385e-05	VL: 7.488e-04	 7.490e-04	 lr:1.52587890625e-08
Epoch: 849	TL: 5.380e-05	VL: 7.488e-04	 7.489e-04	 lr:1.52587890625e-08
Epoch: 850	TL: 5.382e-05	VL: 7.489e-04	 7.489e-04	 lr:1.52587890625e-08
Epoch: 851	TL: 5.385e-05	VL: 7.492e-04	 7.491e-04	 lr:1.52587890625e-08
Epoch: 852	TL: 5.386e-05	VL: 7.491e-04	 7.491e-04	 lr:1.52587890625e-08
Epoch: 853	TL: 5.385e-05	VL: 7.488e-04	 7.489e-04	 lr:1.52587890625e-08
Epoch: 854	TL: 5.385e-05	VL: 7.489e-04	 7.489e-04	 lr:1.52587890625e-08
Epoch: 855	TL: 5.382e-05	VL: 7.490e-04	 7.489e-04	 lr:1.52587890625e-08
Epoch: 856	TL: 5.384e-05	VL: 7.491e-04	 7.490e-04	 lr:1.52587890625e-08
Epoch: 857	TL: 5.383e-05	VL: 7.488e-04	 7.489e-04	 lr:1.52587890625e-08
Epoch: 858	TL: 5.387e-05	VL: 7.487e-04	 7.488e-04	 lr:1.52587890625e-08
Epoch: 859	TL: 5.384e-05	VL: 7.489e-04	 7.488e-04	 lr:1.52587890625e-08
Epoch: 860	TL: 5.385e-05	VL: 7.494e-04	 7.491e-04	 lr:1.52587890625e-08
Epoch: 861	TL: 5.386e-05	VL: 7.490e-04	 7.490e-04	 lr:1.52587890625e-08
Epoch: 862	TL: 5.382e-05	VL: 7.488e-04	 7.489e-04	 lr:1.52587890625e-08
Epoch: 863	TL: 5.385e-05	VL: 7.487e-04	 7.488e-04	 lr:1.52587890625e-08
Epoch: 864	TL: 5.381e-05	VL: 7.494e-04	 7.491e-04	 lr:1.52587890625e-08
Epoch: 865	TL: 5.387e-05	VL: 7.485e-04	 7.488e-04	 lr:1.52587890625e-08
Epoch: 866	TL: 5.385e-05	VL: 7.492e-04	 7.490e-04	 lr:1.52587890625e-08
Epoch: 867	TL: 5.384e-05	VL: 7.488e-04	 7.489e-04	 lr:1.52587890625e-08
Epoch: 868	TL: 5.382e-05	VL: 7.487e-04	 7.488e-04	 lr:1.52587890625e-08
Epoch: 869	TL: 5.383e-05	VL: 7.486e-04	 7.487e-04	 lr:1.52587890625e-08
Epoch: 870	TL: 5.384e-05	VL: 7.488e-04	 7.488e-04	 lr:1.52587890625e-08
Epoch: 871	TL: 5.383e-05	VL: 7.491e-04	 7.489e-04	 lr:1.52587890625e-08
Epoch: 872	TL: 5.385e-05	VL: 7.492e-04	 7.491e-04	 lr:1.52587890625e-08
Epoch: 873	TL: 5.385e-05	VL: 7.491e-04	 7.491e-04	 lr:1.52587890625e-08
Epoch: 874	TL: 5.384e-05	VL: 7.486e-04	 7.489e-04	 lr:1.52587890625e-08
Epoch: 875	TL: 5.384e-05	VL: 7.493e-04	 7.491e-04	 lr:1.52587890625e-08
Epoch: 876	TL: 5.383e-05	VL: 7.490e-04	 7.490e-04	 lr:1.52587890625e-08
Epoch: 877	TL: 5.388e-05	VL: 7.492e-04	 7.491e-04	 lr:1.52587890625e-08
Epoch: 878	TL: 5.384e-05	VL: 7.491e-04	 7.491e-04	 lr:1.52587890625e-08
Epoch: 879	TL: 5.385e-05	VL: 7.490e-04	 7.490e-04	 lr:1.52587890625e-08
Epoch: 880	TL: 5.385e-05	VL: 7.491e-04	 7.491e-04	 lr:1.52587890625e-08
Epoch: 881	TL: 5.383e-05	VL: 7.494e-04	 7.493e-04	 lr:1.52587890625e-08
Epoch: 882	TL: 5.385e-05	VL: 7.488e-04	 7.490e-04	 lr:1.52587890625e-08
Epoch: 883	TL: 5.385e-05	VL: 7.491e-04	 7.491e-04	 lr:1.52587890625e-08
Epoch: 884	TL: 5.386e-05	VL: 7.489e-04	 7.490e-04	 lr:1.52587890625e-08
Epoch: 885	TL: 5.383e-05	VL: 7.491e-04	 7.490e-04	 lr:1.52587890625e-08
Epoch: 886	TL: 5.384e-05	VL: 7.488e-04	 7.489e-04	 lr:1.52587890625e-08
Epoch: 887	TL: 5.385e-05	VL: 7.491e-04	 7.490e-04	 lr:1.52587890625e-08
Epoch: 888	TL: 5.384e-05	VL: 7.489e-04	 7.490e-04	 lr:1.52587890625e-08
Epoch: 889	TL: 5.386e-05	VL: 7.488e-04	 7.489e-04	 lr:1.52587890625e-08
Epoch: 890	TL: 5.385e-05	VL: 7.491e-04	 7.490e-04	 lr:1.52587890625e-08
Epoch: 891	TL: 5.385e-05	VL: 7.493e-04	 7.492e-04	 lr:1.52587890625e-08
Epoch: 892	TL: 5.382e-05	VL: 7.492e-04	 7.492e-04	 lr:1.52587890625e-08
Epoch: 893	TL: 5.383e-05	VL: 7.494e-04	 7.493e-04	 lr:1.52587890625e-08
Epoch: 894	TL: 5.384e-05	VL: 7.490e-04	 7.491e-04	 lr:1.52587890625e-08
Epoch: 895	TL: 5.382e-05	VL: 7.484e-04	 7.488e-04	 lr:1.52587890625e-08
Epoch: 896	TL: 5.383e-05	VL: 7.492e-04	 7.490e-04	 lr:1.52587890625e-08
Epoch: 897	TL: 5.385e-05	VL: 7.485e-04	 7.488e-04	 lr:1.52587890625e-08
Epoch: 898	TL: 5.384e-05	VL: 7.490e-04	 7.489e-04	 lr:1.52587890625e-08
Epoch: 899	TL: 5.383e-05	VL: 7.488e-04	 7.489e-04	 lr:1.52587890625e-08
Epoch: 900	TL: 5.386e-05	VL: 7.485e-04	 7.487e-04	 lr:1.52587890625e-08
Epoch: 901	TL: 5.384e-05	VL: 7.487e-04	 7.487e-04	 lr:1.52587890625e-08
Epoch: 902	TL: 5.383e-05	VL: 7.491e-04	 7.489e-04	 lr:1.52587890625e-08
Epoch: 903	TL: 5.387e-05	VL: 7.493e-04	 7.491e-04	 lr:1.52587890625e-08
Epoch: 904	TL: 5.382e-05	VL: 7.489e-04	 7.490e-04	 lr:1.52587890625e-08
Epoch: 905	TL: 5.386e-05	VL: 7.487e-04	 7.488e-04	 lr:1.52587890625e-08
Epoch: 906	TL: 5.388e-05	VL: 7.489e-04	 7.489e-04	 lr:1.52587890625e-08
Epoch: 907	TL: 5.388e-05	VL: 7.492e-04	 7.491e-04	 lr:1.52587890625e-08
Epoch: 908	TL: 5.385e-05	VL: 7.492e-04	 7.491e-04	 lr:1.52587890625e-08
Epoch: 909	TL: 5.386e-05	VL: 7.491e-04	 7.491e-04	 lr:1.52587890625e-08
Epoch: 910	TL: 5.387e-05	VL: 7.492e-04	 7.492e-04	 lr:1.52587890625e-08
Epoch: 911	TL: 5.383e-05	VL: 7.493e-04	 7.493e-04	 lr:1.52587890625e-08
Epoch: 912	TL: 5.384e-05	VL: 7.490e-04	 7.491e-04	 lr:1.52587890625e-08
Epoch: 913	TL: 5.385e-05	VL: 7.490e-04	 7.491e-04	 lr:1.52587890625e-08
Epoch: 914	TL: 5.385e-05	VL: 7.491e-04	 7.491e-04	 lr:1.52587890625e-08
Epoch: 915	TL: 5.382e-05	VL: 7.487e-04	 7.489e-04	 lr:1.52587890625e-08
Epoch: 916	TL: 5.386e-05	VL: 7.491e-04	 7.490e-04	 lr:1.52587890625e-08
Epoch: 917	TL: 5.384e-05	VL: 7.492e-04	 7.491e-04	 lr:1.52587890625e-08
Epoch: 918	TL: 5.383e-05	VL: 7.487e-04	 7.489e-04	 lr:1.52587890625e-08
Epoch: 919	TL: 5.387e-05	VL: 7.492e-04	 7.491e-04	 lr:1.52587890625e-08
Epoch: 920	TL: 5.383e-05	VL: 7.488e-04	 7.489e-04	 lr:1.52587890625e-08
Epoch: 921	TL: 5.383e-05	VL: 7.492e-04	 7.490e-04	 lr:1.52587890625e-08
Epoch: 922	TL: 5.382e-05	VL: 7.487e-04	 7.489e-04	 lr:1.52587890625e-08
Epoch: 923	TL: 5.381e-05	VL: 7.493e-04	 7.491e-04	 lr:1.52587890625e-08
Epoch: 924	TL: 5.385e-05	VL: 7.489e-04	 7.490e-04	 lr:1.52587890625e-08
Epoch: 925	TL: 5.384e-05	VL: 7.492e-04	 7.491e-04	 lr:1.52587890625e-08
Epoch: 926	TL: 5.386e-05	VL: 7.491e-04	 7.491e-04	 lr:1.52587890625e-08
Epoch: 927	TL: 5.383e-05	VL: 7.484e-04	 7.488e-04	 lr:1.52587890625e-08
Epoch: 928	TL: 5.381e-05	VL: 7.491e-04	 7.489e-04	 lr:1.52587890625e-08
Epoch: 929	TL: 5.387e-05	VL: 7.494e-04	 7.491e-04	 lr:1.52587890625e-08
Epoch: 930	TL: 5.382e-05	VL: 7.489e-04	 7.490e-04	 lr:1.52587890625e-08
Epoch: 931	TL: 5.386e-05	VL: 7.492e-04	 7.491e-04	 lr:1.52587890625e-08
Epoch: 932	TL: 5.383e-05	VL: 7.489e-04	 7.490e-04	 lr:1.52587890625e-08
Epoch: 933	TL: 5.385e-05	VL: 7.494e-04	 7.492e-04	 lr:1.52587890625e-08
Epoch: 934	TL: 5.383e-05	VL: 7.487e-04	 7.490e-04	 lr:1.52587890625e-08
Epoch: 935	TL: 5.384e-05	VL: 7.493e-04	 7.491e-04	 lr:1.52587890625e-08
Epoch: 936	TL: 5.384e-05	VL: 7.491e-04	 7.491e-04	 lr:1.52587890625e-08
Epoch: 937	TL: 5.385e-05	VL: 7.494e-04	 7.493e-04	 lr:1.52587890625e-08
Epoch: 938	TL: 5.387e-05	VL: 7.492e-04	 7.492e-04	 lr:1.52587890625e-08
Epoch: 939	TL: 5.386e-05	VL: 7.492e-04	 7.492e-04	 lr:1.52587890625e-08
Epoch: 940	TL: 5.381e-05	VL: 7.492e-04	 7.492e-04	 lr:1.52587890625e-08
Epoch: 941	TL: 5.384e-05	VL: 7.491e-04	 7.491e-04	 lr:1.52587890625e-08
Epoch: 942	TL: 5.384e-05	VL: 7.488e-04	 7.490e-04	 lr:1.52587890625e-08
Epoch: 943	TL: 5.384e-05	VL: 7.492e-04	 7.491e-04	 lr:1.52587890625e-08
Epoch: 944	TL: 5.384e-05	VL: 7.490e-04	 7.490e-04	 lr:1.52587890625e-08
Epoch: 945	TL: 5.384e-05	VL: 7.490e-04	 7.490e-04	 lr:1.52587890625e-08
Epoch: 946	TL: 5.383e-05	VL: 7.491e-04	 7.490e-04	 lr:1.52587890625e-08
Epoch: 947	TL: 5.383e-05	VL: 7.493e-04	 7.492e-04	 lr:1.52587890625e-08
Epoch: 948	TL: 5.384e-05	VL: 7.489e-04	 7.490e-04	 lr:1.52587890625e-08
Epoch: 949	TL: 5.382e-05	VL: 7.490e-04	 7.490e-04	 lr:1.52587890625e-08
Epoch: 950	TL: 5.385e-05	VL: 7.493e-04	 7.492e-04	 lr:1.52587890625e-08
Epoch: 951	TL: 5.381e-05	VL: 7.489e-04	 7.490e-04	 lr:1.52587890625e-08
Epoch: 952	TL: 5.384e-05	VL: 7.489e-04	 7.490e-04	 lr:1.52587890625e-08
Epoch: 953	TL: 5.383e-05	VL: 7.488e-04	 7.489e-04	 lr:1.52587890625e-08
Epoch: 954	TL: 5.386e-05	VL: 7.490e-04	 7.490e-04	 lr:1.52587890625e-08
Epoch: 955	TL: 5.383e-05	VL: 7.493e-04	 7.491e-04	 lr:1.52587890625e-08
Epoch: 956	TL: 5.386e-05	VL: 7.491e-04	 7.491e-04	 lr:1.52587890625e-08
Epoch: 957	TL: 5.383e-05	VL: 7.493e-04	 7.492e-04	 lr:1.52587890625e-08
Epoch: 958	TL: 5.381e-05	VL: 7.488e-04	 7.490e-04	 lr:1.52587890625e-08
Epoch: 959	TL: 5.386e-05	VL: 7.489e-04	 7.490e-04	 lr:1.52587890625e-08
Epoch: 960	TL: 5.387e-05	VL: 7.491e-04	 7.490e-04	 lr:1.52587890625e-08
Epoch: 961	TL: 5.382e-05	VL: 7.490e-04	 7.490e-04	 lr:1.52587890625e-08
Epoch: 962	TL: 5.385e-05	VL: 7.491e-04	 7.490e-04	 lr:1.52587890625e-08
Epoch: 963	TL: 5.382e-05	VL: 7.491e-04	 7.491e-04	 lr:1.52587890625e-08
Epoch: 964	TL: 5.384e-05	VL: 7.494e-04	 7.492e-04	 lr:1.52587890625e-08
Epoch: 965	TL: 5.383e-05	VL: 7.488e-04	 7.490e-04	 lr:1.52587890625e-08
Epoch: 966	TL: 5.382e-05	VL: 7.488e-04	 7.489e-04	 lr:1.52587890625e-08
Epoch: 967	TL: 5.383e-05	VL: 7.491e-04	 7.490e-04	 lr:1.52587890625e-08
Epoch: 968	TL: 5.381e-05	VL: 7.490e-04	 7.490e-04	 lr:1.52587890625e-08
Epoch: 969	TL: 5.385e-05	VL: 7.491e-04	 7.491e-04	 lr:1.52587890625e-08
Epoch: 970	TL: 5.381e-05	VL: 7.495e-04	 7.493e-04	 lr:1.52587890625e-08
Epoch: 971	TL: 5.384e-05	VL: 7.489e-04	 7.491e-04	 lr:1.52587890625e-08
Epoch: 972	TL: 5.384e-05	VL: 7.490e-04	 7.490e-04	 lr:1.52587890625e-08
Epoch: 973	TL: 5.383e-05	VL: 7.491e-04	 7.491e-04	 lr:1.52587890625e-08
Epoch: 974	TL: 5.385e-05	VL: 7.489e-04	 7.490e-04	 lr:1.52587890625e-08
Epoch: 975	TL: 5.386e-05	VL: 7.491e-04	 7.491e-04	 lr:1.52587890625e-08
Epoch: 976	TL: 5.386e-05	VL: 7.495e-04	 7.493e-04	 lr:1.52587890625e-08
Epoch: 977	TL: 5.384e-05	VL: 7.493e-04	 7.493e-04	 lr:1.52587890625e-08
Epoch: 978	TL: 5.378e-05	VL: 7.488e-04	 7.491e-04	 lr:1.52587890625e-08
Epoch: 979	TL: 5.382e-05	VL: 7.489e-04	 7.490e-04	 lr:1.52587890625e-08
Epoch: 980	TL: 5.381e-05	VL: 7.491e-04	 7.491e-04	 lr:1.52587890625e-08
Epoch: 981	TL: 5.385e-05	VL: 7.492e-04	 7.491e-04	 lr:1.52587890625e-08
Epoch: 982	TL: 5.383e-05	VL: 7.493e-04	 7.492e-04	 lr:1.52587890625e-08
Epoch: 983	TL: 5.384e-05	VL: 7.493e-04	 7.493e-04	 lr:1.52587890625e-08
Epoch: 984	TL: 5.384e-05	VL: 7.493e-04	 7.493e-04	 lr:1.52587890625e-08
Epoch: 985	TL: 5.389e-05	VL: 7.490e-04	 7.491e-04	 lr:1.52587890625e-08
Epoch: 986	TL: 5.382e-05	VL: 7.493e-04	 7.492e-04	 lr:1.52587890625e-08
Epoch: 987	TL: 5.384e-05	VL: 7.488e-04	 7.490e-04	 lr:1.52587890625e-08
Epoch: 988	TL: 5.387e-05	VL: 7.487e-04	 7.489e-04	 lr:1.52587890625e-08
Epoch: 989	TL: 5.382e-05	VL: 7.490e-04	 7.489e-04	 lr:1.52587890625e-08
Epoch: 990	TL: 5.384e-05	VL: 7.489e-04	 7.489e-04	 lr:1.52587890625e-08
Epoch: 991	TL: 5.382e-05	VL: 7.490e-04	 7.489e-04	 lr:1.52587890625e-08
Epoch: 992	TL: 5.385e-05	VL: 7.491e-04	 7.490e-04	 lr:1.52587890625e-08
Epoch: 993	TL: 5.384e-05	VL: 7.491e-04	 7.490e-04	 lr:1.52587890625e-08
Epoch: 994	TL: 5.385e-05	VL: 7.492e-04	 7.491e-04	 lr:1.52587890625e-08
Epoch: 995	TL: 5.385e-05	VL: 7.491e-04	 7.491e-04	 lr:1.52587890625e-08
Epoch: 996	TL: 5.384e-05	VL: 7.495e-04	 7.493e-04	 lr:1.52587890625e-08
Epoch: 997	TL: 5.385e-05	VL: 7.493e-04	 7.493e-04	 lr:1.52587890625e-08
Epoch: 998	TL: 5.385e-05	VL: 7.492e-04	 7.493e-04	 lr:1.52587890625e-08
Epoch: 999	TL: 5.382e-05	VL: 7.492e-04	 7.492e-04	 lr:1.52587890625e-08
Epoch: 1000	TL: 5.384e-05	VL: 7.494e-04	 7.493e-04	 lr:1.52587890625e-08
Test MAE: 11.453
